--- com.google.javascript.jscomp.InlineVariablesConstantsTest::testNoInlineArraysOrRegexps
java.lang.RuntimeException: INTERNAL COMPILER ERROR.
Please report this problem.
The name aa is not annotated as constant.
  Node(NAME aa): testcode:1:18
[source unknown]
  Parent(VAR): testcode:1:14
[source unknown]

	at com.google.common.base.Preconditions.checkState(Preconditions.java:146)
	at com.google.javascript.jscomp.Normalize$VerifyConstants.visit(Normalize.java:212)
	at com.google.javascript.jscomp.NodeTraversal.traverseBranch(NodeTraversal.java:477)
	at com.google.javascript.jscomp.NodeTraversal.traverseBranch(NodeTraversal.java:470)
	at com.google.javascript.jscomp.NodeTraversal.traverseBranch(NodeTraversal.java:470)
	at com.google.javascript.jscomp.NodeTraversal.traverseBranch(NodeTraversal.java:470)
	at com.google.javascript.jscomp.NodeTraversal.traverseRoots(NodeTraversal.java:279)
	at com.google.javascript.jscomp.NodeTraversal.traverseRoots(NodeTraversal.java:435)
	at com.google.javascript.jscomp.Normalize$VerifyConstants.process(Normalize.java:175)
	at com.google.javascript.jscomp.CompilerTestCase.test(CompilerTestCase.java:681)
	at com.google.javascript.jscomp.CompilerTestCase.test(CompilerTestCase.java:348)
	at com.google.javascript.jscomp.CompilerTestCase.test(CompilerTestCase.java:278)
	at com.google.javascript.jscomp.CompilerTestCase.test(CompilerTestCase.java:247)
	at com.google.javascript.jscomp.CompilerTestCase.test(CompilerTestCase.java:235)
	at com.google.javascript.jscomp.CompilerTestCase.testSame(CompilerTestCase.java:462)
	at com.google.javascript.jscomp.InlineVariablesConstantsTest.testNoInlineArraysOrRegexps(InlineVariablesConstantsTest.java:69)
	at sun.reflect.NativeMethodAccessorImpl.invoke0(Native Method)
	at sun.reflect.NativeMethodAccessorImpl.invoke(NativeMethodAccessorImpl.java:57)
	at sun.reflect.DelegatingMethodAccessorImpl.invoke(DelegatingMethodAccessorImpl.java:43)
	at java.lang.reflect.Method.invoke(Method.java:606)
	at junit.framework.TestCase.runTest(TestCase.java:176)
	at junit.framework.TestCase.runBare(TestCase.java:141)
	at junit.framework.TestResult$1.protect(TestResult.java:122)
	at junit.framework.TestResult.runProtected(TestResult.java:142)
	at junit.framework.TestResult.run(TestResult.java:125)
	at junit.framework.TestCase.run(TestCase.java:129)
	at junit.framework.TestSuite.runTest(TestSuite.java:255)
	at junit.framework.TestSuite.run(TestSuite.java:250)
	at org.apache.tools.ant.taskdefs.optional.junit.JUnitTestRunner.run(JUnitTestRunner.java:520)
	at org.apache.tools.ant.taskdefs.optional.junit.JUnitTask.executeInVM(JUnitTask.java:1478)
	at org.apache.tools.ant.taskdefs.optional.junit.JUnitTask.execute(JUnitTask.java:860)
	at org.apache.tools.ant.taskdefs.optional.junit.JUnitTask.executeOrQueue(JUnitTask.java:1968)
	at org.apache.tools.ant.taskdefs.optional.junit.JUnitTask.execute1(JUnitTask.java:812)
	at org.apache.tools.ant.taskdefs.optional.junit.JUnitTask.execute(JUnitTask.java:2271)
	at org.apache.tools.ant.UnknownElement.execute(UnknownElement.java:291)
	at sun.reflect.GeneratedMethodAccessor4.invoke(Unknown Source)
	at sun.reflect.DelegatingMethodAccessorImpl.invoke(DelegatingMethodAccessorImpl.java:43)
	at java.lang.reflect.Method.invoke(Method.java:606)
	at org.apache.tools.ant.dispatch.DispatchUtils.execute(DispatchUtils.java:106)
	at org.apache.tools.ant.Task.perform(Task.java:348)
	at org.apache.tools.ant.Target.execute(Target.java:392)
	at org.apache.tools.ant.Target.performTasks(Target.java:413)
	at org.apache.tools.ant.Project.executeSortedTargets(Project.java:1399)
	at org.apache.tools.ant.Project.executeTarget(Project.java:1368)
	at org.apache.tools.ant.helper.DefaultExecutor.executeTargets(DefaultExecutor.java:41)
	at org.apache.tools.ant.Project.executeTargets(Project.java:1251)
	at org.apache.tools.ant.Main.runBuild(Main.java:811)
	at org.apache.tools.ant.Main.startAnt(Main.java:217)
	at org.apache.tools.ant.launch.Launcher.run(Launcher.java:280)
	at org.apache.tools.ant.launch.Launcher.main(Launcher.java:109)
Caused by: java.lang.IllegalStateException: The name aa is not annotated as constant.
	... 50 more
--- com.google.javascript.jscomp.InlineVariablesConstantsTest::testInlineVariablesConstantsJsDocStyle
java.lang.RuntimeException: INTERNAL COMPILER ERROR.
Please report this problem.
The name abc is not annotated as constant.
  Node(NAME abc): testcode:1:17
[source unknown]
  Parent(VAR): testcode:1:13
[source unknown]

	at com.google.common.base.Preconditions.checkState(Preconditions.java:146)
	at com.google.javascript.jscomp.Normalize$VerifyConstants.visit(Normalize.java:212)
	at com.google.javascript.jscomp.NodeTraversal.traverseBranch(NodeTraversal.java:477)
	at com.google.javascript.jscomp.NodeTraversal.traverseBranch(NodeTraversal.java:470)
	at com.google.javascript.jscomp.NodeTraversal.traverseBranch(NodeTraversal.java:470)
	at com.google.javascript.jscomp.NodeTraversal.traverseBranch(NodeTraversal.java:470)
	at com.google.javascript.jscomp.NodeTraversal.traverseRoots(NodeTraversal.java:279)
	at com.google.javascript.jscomp.NodeTraversal.traverseRoots(NodeTraversal.java:435)
	at com.google.javascript.jscomp.Normalize$VerifyConstants.process(Normalize.java:175)
	at com.google.javascript.jscomp.CompilerTestCase.test(CompilerTestCase.java:681)
	at com.google.javascript.jscomp.CompilerTestCase.test(CompilerTestCase.java:348)
	at com.google.javascript.jscomp.CompilerTestCase.test(CompilerTestCase.java:278)
	at com.google.javascript.jscomp.CompilerTestCase.test(CompilerTestCase.java:247)
	at com.google.javascript.jscomp.CompilerTestCase.test(CompilerTestCase.java:235)
	at com.google.javascript.jscomp.InlineVariablesConstantsTest.testInlineVariablesConstantsJsDocStyle(InlineVariablesConstantsTest.java:73)
	at sun.reflect.NativeMethodAccessorImpl.invoke0(Native Method)
	at sun.reflect.NativeMethodAccessorImpl.invoke(NativeMethodAccessorImpl.java:57)
	at sun.reflect.DelegatingMethodAccessorImpl.invoke(DelegatingMethodAccessorImpl.java:43)
	at java.lang.reflect.Method.invoke(Method.java:606)
	at junit.framework.TestCase.runTest(TestCase.java:176)
	at junit.framework.TestCase.runBare(TestCase.java:141)
	at junit.framework.TestResult$1.protect(TestResult.java:122)
	at junit.framework.TestResult.runProtected(TestResult.java:142)
	at junit.framework.TestResult.run(TestResult.java:125)
	at junit.framework.TestCase.run(TestCase.java:129)
	at junit.framework.TestSuite.runTest(TestSuite.java:255)
	at junit.framework.TestSuite.run(TestSuite.java:250)
	at org.apache.tools.ant.taskdefs.optional.junit.JUnitTestRunner.run(JUnitTestRunner.java:520)
	at org.apache.tools.ant.taskdefs.optional.junit.JUnitTask.executeInVM(JUnitTask.java:1478)
	at org.apache.tools.ant.taskdefs.optional.junit.JUnitTask.execute(JUnitTask.java:860)
	at org.apache.tools.ant.taskdefs.optional.junit.JUnitTask.executeOrQueue(JUnitTask.java:1968)
	at org.apache.tools.ant.taskdefs.optional.junit.JUnitTask.execute1(JUnitTask.java:812)
	at org.apache.tools.ant.taskdefs.optional.junit.JUnitTask.execute(JUnitTask.java:2271)
	at org.apache.tools.ant.UnknownElement.execute(UnknownElement.java:291)
	at sun.reflect.GeneratedMethodAccessor4.invoke(Unknown Source)
	at sun.reflect.DelegatingMethodAccessorImpl.invoke(DelegatingMethodAccessorImpl.java:43)
	at java.lang.reflect.Method.invoke(Method.java:606)
	at org.apache.tools.ant.dispatch.DispatchUtils.execute(DispatchUtils.java:106)
	at org.apache.tools.ant.Task.perform(Task.java:348)
	at org.apache.tools.ant.Target.execute(Target.java:392)
	at org.apache.tools.ant.Target.performTasks(Target.java:413)
	at org.apache.tools.ant.Project.executeSortedTargets(Project.java:1399)
	at org.apache.tools.ant.Project.executeTarget(Project.java:1368)
	at org.apache.tools.ant.helper.DefaultExecutor.executeTargets(DefaultExecutor.java:41)
	at org.apache.tools.ant.Project.executeTargets(Project.java:1251)
	at org.apache.tools.ant.Main.runBuild(Main.java:811)
	at org.apache.tools.ant.Main.startAnt(Main.java:217)
	at org.apache.tools.ant.launch.Launcher.run(Launcher.java:280)
	at org.apache.tools.ant.launch.Launcher.main(Launcher.java:109)
Caused by: java.lang.IllegalStateException: The name abc is not annotated as constant.
	... 49 more
--- com.google.javascript.jscomp.InlineVariablesConstantsTest::testInlineDefinedConstant
java.lang.RuntimeException: INTERNAL COMPILER ERROR.
Please report this problem.
The name aa is not annotated as constant.
  Node(NAME aa): testcode:4:4
var aa = '1234567890';
  Parent(VAR): testcode:4:0
var aa = '1234567890';

	at com.google.common.base.Preconditions.checkState(Preconditions.java:146)
	at com.google.javascript.jscomp.Normalize$VerifyConstants.visit(Normalize.java:212)
	at com.google.javascript.jscomp.NodeTraversal.traverseBranch(NodeTraversal.java:477)
	at com.google.javascript.jscomp.NodeTraversal.traverseBranch(NodeTraversal.java:470)
	at com.google.javascript.jscomp.NodeTraversal.traverseBranch(NodeTraversal.java:470)
	at com.google.javascript.jscomp.NodeTraversal.traverseBranch(NodeTraversal.java:470)
	at com.google.javascript.jscomp.NodeTraversal.traverseRoots(NodeTraversal.java:279)
	at com.google.javascript.jscomp.NodeTraversal.traverseRoots(NodeTraversal.java:435)
	at com.google.javascript.jscomp.Normalize$VerifyConstants.process(Normalize.java:175)
	at com.google.javascript.jscomp.CompilerTestCase.test(CompilerTestCase.java:681)
	at com.google.javascript.jscomp.CompilerTestCase.test(CompilerTestCase.java:348)
	at com.google.javascript.jscomp.CompilerTestCase.test(CompilerTestCase.java:278)
	at com.google.javascript.jscomp.CompilerTestCase.test(CompilerTestCase.java:247)
	at com.google.javascript.jscomp.CompilerTestCase.test(CompilerTestCase.java:235)
	at com.google.javascript.jscomp.InlineVariablesConstantsTest.testInlineDefinedConstant(InlineVariablesConstantsTest.java:110)
	at sun.reflect.NativeMethodAccessorImpl.invoke0(Native Method)
	at sun.reflect.NativeMethodAccessorImpl.invoke(NativeMethodAccessorImpl.java:57)
	at sun.reflect.DelegatingMethodAccessorImpl.invoke(DelegatingMethodAccessorImpl.java:43)
	at java.lang.reflect.Method.invoke(Method.java:606)
	at junit.framework.TestCase.runTest(TestCase.java:176)
	at junit.framework.TestCase.runBare(TestCase.java:141)
	at junit.framework.TestResult$1.protect(TestResult.java:122)
	at junit.framework.TestResult.runProtected(TestResult.java:142)
	at junit.framework.TestResult.run(TestResult.java:125)
	at junit.framework.TestCase.run(TestCase.java:129)
	at junit.framework.TestSuite.runTest(TestSuite.java:255)
	at junit.framework.TestSuite.run(TestSuite.java:250)
	at org.apache.tools.ant.taskdefs.optional.junit.JUnitTestRunner.run(JUnitTestRunner.java:520)
	at org.apache.tools.ant.taskdefs.optional.junit.JUnitTask.executeInVM(JUnitTask.java:1478)
	at org.apache.tools.ant.taskdefs.optional.junit.JUnitTask.execute(JUnitTask.java:860)
	at org.apache.tools.ant.taskdefs.optional.junit.JUnitTask.executeOrQueue(JUnitTask.java:1968)
	at org.apache.tools.ant.taskdefs.optional.junit.JUnitTask.execute1(JUnitTask.java:812)
	at org.apache.tools.ant.taskdefs.optional.junit.JUnitTask.execute(JUnitTask.java:2271)
	at org.apache.tools.ant.UnknownElement.execute(UnknownElement.java:291)
	at sun.reflect.GeneratedMethodAccessor4.invoke(Unknown Source)
	at sun.reflect.DelegatingMethodAccessorImpl.invoke(DelegatingMethodAccessorImpl.java:43)
	at java.lang.reflect.Method.invoke(Method.java:606)
	at org.apache.tools.ant.dispatch.DispatchUtils.execute(DispatchUtils.java:106)
	at org.apache.tools.ant.Task.perform(Task.java:348)
	at org.apache.tools.ant.Target.execute(Target.java:392)
	at org.apache.tools.ant.Target.performTasks(Target.java:413)
	at org.apache.tools.ant.Project.executeSortedTargets(Project.java:1399)
	at org.apache.tools.ant.Project.executeTarget(Project.java:1368)
	at org.apache.tools.ant.helper.DefaultExecutor.executeTargets(DefaultExecutor.java:41)
	at org.apache.tools.ant.Project.executeTargets(Project.java:1251)
	at org.apache.tools.ant.Main.runBuild(Main.java:811)
	at org.apache.tools.ant.Main.startAnt(Main.java:217)
	at org.apache.tools.ant.launch.Launcher.run(Launcher.java:280)
	at org.apache.tools.ant.launch.Launcher.main(Launcher.java:109)
Caused by: java.lang.IllegalStateException: The name aa is not annotated as constant.
	... 49 more
--- com.google.javascript.jscomp.InlineVariablesTest::testLocalsOnly2
java.lang.RuntimeException: INTERNAL COMPILER ERROR.
Please report this problem.
The name X is not annotated as constant.
  Node(NAME X): testcode:2:4
var X=1; X;
  Parent(VAR): testcode:2:0
var X=1; X;

	at com.google.common.base.Preconditions.checkState(Preconditions.java:146)
	at com.google.javascript.jscomp.Normalize$VerifyConstants.visit(Normalize.java:212)
	at com.google.javascript.jscomp.NodeTraversal.traverseBranch(NodeTraversal.java:477)
	at com.google.javascript.jscomp.NodeTraversal.traverseBranch(NodeTraversal.java:470)
	at com.google.javascript.jscomp.NodeTraversal.traverseBranch(NodeTraversal.java:470)
	at com.google.javascript.jscomp.NodeTraversal.traverseBranch(NodeTraversal.java:470)
	at com.google.javascript.jscomp.NodeTraversal.traverseRoots(NodeTraversal.java:279)
	at com.google.javascript.jscomp.NodeTraversal.traverseRoots(NodeTraversal.java:435)
	at com.google.javascript.jscomp.Normalize$VerifyConstants.process(Normalize.java:175)
	at com.google.javascript.jscomp.CompilerTestCase.test(CompilerTestCase.java:681)
	at com.google.javascript.jscomp.CompilerTestCase.test(CompilerTestCase.java:348)
	at com.google.javascript.jscomp.CompilerTestCase.test(CompilerTestCase.java:278)
	at com.google.javascript.jscomp.CompilerTestCase.test(CompilerTestCase.java:247)
	at com.google.javascript.jscomp.CompilerTestCase.test(CompilerTestCase.java:235)
	at com.google.javascript.jscomp.InlineVariablesTest.testLocalsOnly2(InlineVariablesTest.java:782)
	at sun.reflect.NativeMethodAccessorImpl.invoke0(Native Method)
	at sun.reflect.NativeMethodAccessorImpl.invoke(NativeMethodAccessorImpl.java:57)
	at sun.reflect.DelegatingMethodAccessorImpl.invoke(DelegatingMethodAccessorImpl.java:43)
	at java.lang.reflect.Method.invoke(Method.java:606)
	at junit.framework.TestCase.runTest(TestCase.java:176)
	at junit.framework.TestCase.runBare(TestCase.java:141)
	at junit.framework.TestResult$1.protect(TestResult.java:122)
	at junit.framework.TestResult.runProtected(TestResult.java:142)
	at junit.framework.TestResult.run(TestResult.java:125)
	at junit.framework.TestCase.run(TestCase.java:129)
	at junit.framework.TestSuite.runTest(TestSuite.java:255)
	at junit.framework.TestSuite.run(TestSuite.java:250)
	at org.apache.tools.ant.taskdefs.optional.junit.JUnitTestRunner.run(JUnitTestRunner.java:520)
	at org.apache.tools.ant.taskdefs.optional.junit.JUnitTask.executeInVM(JUnitTask.java:1478)
	at org.apache.tools.ant.taskdefs.optional.junit.JUnitTask.execute(JUnitTask.java:860)
	at org.apache.tools.ant.taskdefs.optional.junit.JUnitTask.executeOrQueue(JUnitTask.java:1968)
	at org.apache.tools.ant.taskdefs.optional.junit.JUnitTask.execute1(JUnitTask.java:812)
	at org.apache.tools.ant.taskdefs.optional.junit.JUnitTask.execute(JUnitTask.java:2271)
	at org.apache.tools.ant.UnknownElement.execute(UnknownElement.java:291)
	at sun.reflect.GeneratedMethodAccessor4.invoke(Unknown Source)
	at sun.reflect.DelegatingMethodAccessorImpl.invoke(DelegatingMethodAccessorImpl.java:43)
	at java.lang.reflect.Method.invoke(Method.java:606)
	at org.apache.tools.ant.dispatch.DispatchUtils.execute(DispatchUtils.java:106)
	at org.apache.tools.ant.Task.perform(Task.java:348)
	at org.apache.tools.ant.Target.execute(Target.java:392)
	at org.apache.tools.ant.Target.performTasks(Target.java:413)
	at org.apache.tools.ant.Project.executeSortedTargets(Project.java:1399)
	at org.apache.tools.ant.Project.executeTarget(Project.java:1368)
	at org.apache.tools.ant.helper.DefaultExecutor.executeTargets(DefaultExecutor.java:41)
	at org.apache.tools.ant.Project.executeTargets(Project.java:1251)
	at org.apache.tools.ant.Main.runBuild(Main.java:811)
	at org.apache.tools.ant.Main.startAnt(Main.java:217)
	at org.apache.tools.ant.launch.Launcher.run(Launcher.java:280)
	at org.apache.tools.ant.launch.Launcher.main(Launcher.java:109)
Caused by: java.lang.IllegalStateException: The name X is not annotated as constant.
	... 49 more
--- com.google.javascript.jscomp.InlineVariablesTest::testInlineConstantAliasWithAnnotation
java.lang.RuntimeException: INTERNAL COMPILER ERROR.
Please report this problem.
The name xxx is not annotated as constant.
  Node(NAME xxx): testcode:1:18
[source unknown]
  Parent(VAR): testcode:1:14
[source unknown]

	at com.google.common.base.Preconditions.checkState(Preconditions.java:146)
	at com.google.javascript.jscomp.Normalize$VerifyConstants.visit(Normalize.java:212)
	at com.google.javascript.jscomp.NodeTraversal.traverseBranch(NodeTraversal.java:477)
	at com.google.javascript.jscomp.NodeTraversal.traverseBranch(NodeTraversal.java:470)
	at com.google.javascript.jscomp.NodeTraversal.traverseBranch(NodeTraversal.java:470)
	at com.google.javascript.jscomp.NodeTraversal.traverseBranch(NodeTraversal.java:470)
	at com.google.javascript.jscomp.NodeTraversal.traverseRoots(NodeTraversal.java:279)
	at com.google.javascript.jscomp.NodeTraversal.traverseRoots(NodeTraversal.java:435)
	at com.google.javascript.jscomp.Normalize$VerifyConstants.process(Normalize.java:175)
	at com.google.javascript.jscomp.CompilerTestCase.test(CompilerTestCase.java:681)
	at com.google.javascript.jscomp.CompilerTestCase.test(CompilerTestCase.java:348)
	at com.google.javascript.jscomp.CompilerTestCase.test(CompilerTestCase.java:278)
	at com.google.javascript.jscomp.CompilerTestCase.test(CompilerTestCase.java:247)
	at com.google.javascript.jscomp.CompilerTestCase.test(CompilerTestCase.java:235)
	at com.google.javascript.jscomp.InlineVariablesTest.testInlineConstantAliasWithAnnotation(InlineVariablesTest.java:484)
	at sun.reflect.NativeMethodAccessorImpl.invoke0(Native Method)
	at sun.reflect.NativeMethodAccessorImpl.invoke(NativeMethodAccessorImpl.java:57)
	at sun.reflect.DelegatingMethodAccessorImpl.invoke(DelegatingMethodAccessorImpl.java:43)
	at java.lang.reflect.Method.invoke(Method.java:606)
	at junit.framework.TestCase.runTest(TestCase.java:176)
	at junit.framework.TestCase.runBare(TestCase.java:141)
	at junit.framework.TestResult$1.protect(TestResult.java:122)
	at junit.framework.TestResult.runProtected(TestResult.java:142)
	at junit.framework.TestResult.run(TestResult.java:125)
	at junit.framework.TestCase.run(TestCase.java:129)
	at junit.framework.TestSuite.runTest(TestSuite.java:255)
	at junit.framework.TestSuite.run(TestSuite.java:250)
	at org.apache.tools.ant.taskdefs.optional.junit.JUnitTestRunner.run(JUnitTestRunner.java:520)
	at org.apache.tools.ant.taskdefs.optional.junit.JUnitTask.executeInVM(JUnitTask.java:1478)
	at org.apache.tools.ant.taskdefs.optional.junit.JUnitTask.execute(JUnitTask.java:860)
	at org.apache.tools.ant.taskdefs.optional.junit.JUnitTask.executeOrQueue(JUnitTask.java:1968)
	at org.apache.tools.ant.taskdefs.optional.junit.JUnitTask.execute1(JUnitTask.java:812)
	at org.apache.tools.ant.taskdefs.optional.junit.JUnitTask.execute(JUnitTask.java:2271)
	at org.apache.tools.ant.UnknownElement.execute(UnknownElement.java:291)
	at sun.reflect.GeneratedMethodAccessor4.invoke(Unknown Source)
	at sun.reflect.DelegatingMethodAccessorImpl.invoke(DelegatingMethodAccessorImpl.java:43)
	at java.lang.reflect.Method.invoke(Method.java:606)
	at org.apache.tools.ant.dispatch.DispatchUtils.execute(DispatchUtils.java:106)
	at org.apache.tools.ant.Task.perform(Task.java:348)
	at org.apache.tools.ant.Target.execute(Target.java:392)
	at org.apache.tools.ant.Target.performTasks(Target.java:413)
	at org.apache.tools.ant.Project.executeSortedTargets(Project.java:1399)
	at org.apache.tools.ant.Project.executeTarget(Project.java:1368)
	at org.apache.tools.ant.helper.DefaultExecutor.executeTargets(DefaultExecutor.java:41)
	at org.apache.tools.ant.Project.executeTargets(Project.java:1251)
	at org.apache.tools.ant.Main.runBuild(Main.java:811)
	at org.apache.tools.ant.Main.startAnt(Main.java:217)
	at org.apache.tools.ant.launch.Launcher.run(Launcher.java:280)
	at org.apache.tools.ant.launch.Launcher.main(Launcher.java:109)
Caused by: java.lang.IllegalStateException: The name xxx is not annotated as constant.
	... 49 more
