--- com.google.javascript.jscomp.FoldConstantsTest::testStringJoinAdd_b1992789
java.lang.RuntimeException: INTERNAL COMPILER ERROR.
Please report this problem.
null
  Node(CALL): testcode:1:16
[source unknown]
  Parent(ASSIGN): testcode:1:2
[source unknown]

	at com.google.javascript.jscomp.FoldConstants.tryFoldStringJoin(FoldConstants.java:1492)
	at com.google.javascript.jscomp.FoldConstants.visit(FoldConstants.java:330)
	at com.google.javascript.jscomp.NodeTraversal.traverseBranch(NodeTraversal.java:477)
	at com.google.javascript.jscomp.NodeTraversal.traverseBranch(NodeTraversal.java:470)
	at com.google.javascript.jscomp.NodeTraversal.traverseBranch(NodeTraversal.java:470)
	at com.google.javascript.jscomp.NodeTraversal.traverseBranch(NodeTraversal.java:470)
	at com.google.javascript.jscomp.NodeTraversal.traverseBranch(NodeTraversal.java:470)
	at com.google.javascript.jscomp.NodeTraversal.traverse(NodeTraversal.java:253)
	at com.google.javascript.jscomp.NodeTraversal.traverse(NodeTraversal.java:426)
	at com.google.javascript.jscomp.FoldConstantsTest$1.process(FoldConstantsTest.java:36)
	at com.google.javascript.jscomp.CompilerTestCase.test(CompilerTestCase.java:670)
	at com.google.javascript.jscomp.CompilerTestCase.test(CompilerTestCase.java:348)
	at com.google.javascript.jscomp.CompilerTestCase.test(CompilerTestCase.java:278)
	at com.google.javascript.jscomp.CompilerTestCase.test(CompilerTestCase.java:247)
	at com.google.javascript.jscomp.CompilerTestCase.test(CompilerTestCase.java:235)
	at com.google.javascript.jscomp.FoldConstantsTest.fold(FoldConstantsTest.java:52)
	at com.google.javascript.jscomp.FoldConstantsTest.testStringJoinAdd_b1992789(FoldConstantsTest.java:662)
	at sun.reflect.NativeMethodAccessorImpl.invoke0(Native Method)
	at sun.reflect.NativeMethodAccessorImpl.invoke(NativeMethodAccessorImpl.java:57)
	at sun.reflect.DelegatingMethodAccessorImpl.invoke(DelegatingMethodAccessorImpl.java:43)
	at java.lang.reflect.Method.invoke(Method.java:606)
	at junit.framework.TestCase.runTest(TestCase.java:176)
	at junit.framework.TestCase.runBare(TestCase.java:141)
	at junit.framework.TestResult$1.protect(TestResult.java:122)
	at junit.framework.TestResult.runProtected(TestResult.java:142)
	at junit.framework.TestResult.run(TestResult.java:125)
	at junit.framework.TestCase.run(TestCase.java:129)
	at junit.framework.TestSuite.runTest(TestSuite.java:255)
	at junit.framework.TestSuite.run(TestSuite.java:250)
	at org.apache.tools.ant.taskdefs.optional.junit.JUnitTestRunner.run(JUnitTestRunner.java:520)
	at org.apache.tools.ant.taskdefs.optional.junit.JUnitTask.executeInVM(JUnitTask.java:1478)
	at org.apache.tools.ant.taskdefs.optional.junit.JUnitTask.execute(JUnitTask.java:860)
	at org.apache.tools.ant.taskdefs.optional.junit.JUnitTask.executeOrQueue(JUnitTask.java:1968)
	at org.apache.tools.ant.taskdefs.optional.junit.JUnitTask.execute1(JUnitTask.java:812)
	at org.apache.tools.ant.taskdefs.optional.junit.JUnitTask.execute(JUnitTask.java:2271)
	at org.apache.tools.ant.UnknownElement.execute(UnknownElement.java:291)
	at sun.reflect.GeneratedMethodAccessor4.invoke(Unknown Source)
	at sun.reflect.DelegatingMethodAccessorImpl.invoke(DelegatingMethodAccessorImpl.java:43)
	at java.lang.reflect.Method.invoke(Method.java:606)
	at org.apache.tools.ant.dispatch.DispatchUtils.execute(DispatchUtils.java:106)
	at org.apache.tools.ant.Task.perform(Task.java:348)
	at org.apache.tools.ant.Target.execute(Target.java:392)
	at org.apache.tools.ant.Target.performTasks(Target.java:413)
	at org.apache.tools.ant.Project.executeSortedTargets(Project.java:1399)
	at org.apache.tools.ant.Project.executeTarget(Project.java:1368)
	at org.apache.tools.ant.helper.DefaultExecutor.executeTargets(DefaultExecutor.java:41)
	at org.apache.tools.ant.Project.executeTargets(Project.java:1251)
	at org.apache.tools.ant.Main.runBuild(Main.java:811)
	at org.apache.tools.ant.Main.startAnt(Main.java:217)
	at org.apache.tools.ant.launch.Launcher.run(Launcher.java:280)
	at org.apache.tools.ant.launch.Launcher.main(Launcher.java:109)
Caused by: java.lang.NullPointerException
	... 51 more
--- com.google.javascript.jscomp.FoldConstantsTest::testStringJoinAdd
java.lang.RuntimeException: INTERNAL COMPILER ERROR.
Please report this problem.
null
  Node(CALL): testcode:1:29
[source unknown]
  Parent(ASSIGN): testcode:1:2
[source unknown]

	at com.google.javascript.jscomp.FoldConstants.tryFoldStringJoin(FoldConstants.java:1492)
	at com.google.javascript.jscomp.FoldConstants.visit(FoldConstants.java:330)
	at com.google.javascript.jscomp.NodeTraversal.traverseBranch(NodeTraversal.java:477)
	at com.google.javascript.jscomp.NodeTraversal.traverseBranch(NodeTraversal.java:470)
	at com.google.javascript.jscomp.NodeTraversal.traverseBranch(NodeTraversal.java:470)
	at com.google.javascript.jscomp.NodeTraversal.traverseBranch(NodeTraversal.java:470)
	at com.google.javascript.jscomp.NodeTraversal.traverseBranch(NodeTraversal.java:470)
	at com.google.javascript.jscomp.NodeTraversal.traverse(NodeTraversal.java:253)
	at com.google.javascript.jscomp.NodeTraversal.traverse(NodeTraversal.java:426)
	at com.google.javascript.jscomp.FoldConstantsTest$1.process(FoldConstantsTest.java:36)
	at com.google.javascript.jscomp.CompilerTestCase.test(CompilerTestCase.java:670)
	at com.google.javascript.jscomp.CompilerTestCase.test(CompilerTestCase.java:348)
	at com.google.javascript.jscomp.CompilerTestCase.test(CompilerTestCase.java:278)
	at com.google.javascript.jscomp.CompilerTestCase.test(CompilerTestCase.java:247)
	at com.google.javascript.jscomp.CompilerTestCase.test(CompilerTestCase.java:235)
	at com.google.javascript.jscomp.FoldConstantsTest.fold(FoldConstantsTest.java:52)
	at com.google.javascript.jscomp.FoldConstantsTest.testStringJoinAdd(FoldConstantsTest.java:629)
	at sun.reflect.NativeMethodAccessorImpl.invoke0(Native Method)
	at sun.reflect.NativeMethodAccessorImpl.invoke(NativeMethodAccessorImpl.java:57)
	at sun.reflect.DelegatingMethodAccessorImpl.invoke(DelegatingMethodAccessorImpl.java:43)
	at java.lang.reflect.Method.invoke(Method.java:606)
	at junit.framework.TestCase.runTest(TestCase.java:176)
	at junit.framework.TestCase.runBare(TestCase.java:141)
	at junit.framework.TestResult$1.protect(TestResult.java:122)
	at junit.framework.TestResult.runProtected(TestResult.java:142)
	at junit.framework.TestResult.run(TestResult.java:125)
	at junit.framework.TestCase.run(TestCase.java:129)
	at junit.framework.TestSuite.runTest(TestSuite.java:255)
	at junit.framework.TestSuite.run(TestSuite.java:250)
	at org.apache.tools.ant.taskdefs.optional.junit.JUnitTestRunner.run(JUnitTestRunner.java:520)
	at org.apache.tools.ant.taskdefs.optional.junit.JUnitTask.executeInVM(JUnitTask.java:1478)
	at org.apache.tools.ant.taskdefs.optional.junit.JUnitTask.execute(JUnitTask.java:860)
	at org.apache.tools.ant.taskdefs.optional.junit.JUnitTask.executeOrQueue(JUnitTask.java:1968)
	at org.apache.tools.ant.taskdefs.optional.junit.JUnitTask.execute1(JUnitTask.java:812)
	at org.apache.tools.ant.taskdefs.optional.junit.JUnitTask.execute(JUnitTask.java:2271)
	at org.apache.tools.ant.UnknownElement.execute(UnknownElement.java:291)
	at sun.reflect.GeneratedMethodAccessor4.invoke(Unknown Source)
	at sun.reflect.DelegatingMethodAccessorImpl.invoke(DelegatingMethodAccessorImpl.java:43)
	at java.lang.reflect.Method.invoke(Method.java:606)
	at org.apache.tools.ant.dispatch.DispatchUtils.execute(DispatchUtils.java:106)
	at org.apache.tools.ant.Task.perform(Task.java:348)
	at org.apache.tools.ant.Target.execute(Target.java:392)
	at org.apache.tools.ant.Target.performTasks(Target.java:413)
	at org.apache.tools.ant.Project.executeSortedTargets(Project.java:1399)
	at org.apache.tools.ant.Project.executeTarget(Project.java:1368)
	at org.apache.tools.ant.helper.DefaultExecutor.executeTargets(DefaultExecutor.java:41)
	at org.apache.tools.ant.Project.executeTargets(Project.java:1251)
	at org.apache.tools.ant.Main.runBuild(Main.java:811)
	at org.apache.tools.ant.Main.startAnt(Main.java:217)
	at org.apache.tools.ant.launch.Launcher.run(Launcher.java:280)
	at org.apache.tools.ant.launch.Launcher.main(Launcher.java:109)
Caused by: java.lang.NullPointerException
	... 51 more
