--- com.google.javascript.jscomp.ScopedAliasesTest::testHoistedFunctionDeclaration
java.lang.RuntimeException: INTERNAL COMPILER ERROR.
Please report this problem.
null
  Node(ASSIGN): testcode:1:39
goog.scope(function() { g(f); function f() {} });
  Parent(EXPR_RESULT): testcode:1:39
goog.scope(function() { g(f); function f() {} });

	at com.google.javascript.jscomp.ScopedAliases$Traversal.visit(ScopedAliases.java:585)
	at com.google.javascript.jscomp.NodeTraversal.traverseBranch(NodeTraversal.java:540)
	at com.google.javascript.jscomp.NodeTraversal.traverseBranch(NodeTraversal.java:534)
	at com.google.javascript.jscomp.NodeTraversal.traverseBranch(NodeTraversal.java:534)
	at com.google.javascript.jscomp.NodeTraversal.traverseFunction(NodeTraversal.java:574)
	at com.google.javascript.jscomp.NodeTraversal.traverseBranch(NodeTraversal.java:528)
	at com.google.javascript.jscomp.NodeTraversal.traverseBranch(NodeTraversal.java:534)
	at com.google.javascript.jscomp.NodeTraversal.traverseBranch(NodeTraversal.java:534)
	at com.google.javascript.jscomp.NodeTraversal.traverseBranch(NodeTraversal.java:534)
	at com.google.javascript.jscomp.NodeTraversal.traverseBranch(NodeTraversal.java:534)
	at com.google.javascript.jscomp.NodeTraversal.traverse(NodeTraversal.java:287)
	at com.google.javascript.jscomp.NodeTraversal.traverse(NodeTraversal.java:494)
	at com.google.javascript.jscomp.ScopedAliases.hotSwapScript(ScopedAliases.java:134)
	at com.google.javascript.jscomp.ScopedAliases.process(ScopedAliases.java:128)
	at com.google.javascript.jscomp.CompilerTestCase.test(CompilerTestCase.java:845)
	at com.google.javascript.jscomp.CompilerTestCase.test(CompilerTestCase.java:477)
	at com.google.javascript.jscomp.CompilerTestCase.test(CompilerTestCase.java:403)
	at com.google.javascript.jscomp.CompilerTestCase.test(CompilerTestCase.java:372)
	at com.google.javascript.jscomp.CompilerTestCase.test(CompilerTestCase.java:360)
	at com.google.javascript.jscomp.ScopedAliasesTest.testScoped(ScopedAliasesTest.java:55)
	at com.google.javascript.jscomp.ScopedAliasesTest.testHoistedFunctionDeclaration(ScopedAliasesTest.java:530)
	at sun.reflect.NativeMethodAccessorImpl.invoke0(Native Method)
	at sun.reflect.NativeMethodAccessorImpl.invoke(NativeMethodAccessorImpl.java:57)
	at sun.reflect.DelegatingMethodAccessorImpl.invoke(DelegatingMethodAccessorImpl.java:43)
	at java.lang.reflect.Method.invoke(Method.java:606)
	at junit.framework.TestCase.runTest(TestCase.java:176)
	at junit.framework.TestCase.runBare(TestCase.java:141)
	at junit.framework.TestResult$1.protect(TestResult.java:122)
	at junit.framework.TestResult.runProtected(TestResult.java:142)
	at junit.framework.TestResult.run(TestResult.java:125)
	at junit.framework.TestCase.run(TestCase.java:129)
	at junit.framework.TestSuite.runTest(TestSuite.java:255)
	at junit.framework.TestSuite.run(TestSuite.java:250)
	at org.apache.tools.ant.taskdefs.optional.junit.JUnitTestRunner.run(JUnitTestRunner.java:520)
	at org.apache.tools.ant.taskdefs.optional.junit.JUnitTask.executeInVM(JUnitTask.java:1478)
	at org.apache.tools.ant.taskdefs.optional.junit.JUnitTask.execute(JUnitTask.java:860)
	at org.apache.tools.ant.taskdefs.optional.junit.JUnitTask.executeOrQueue(JUnitTask.java:1968)
	at org.apache.tools.ant.taskdefs.optional.junit.JUnitTask.execute1(JUnitTask.java:812)
	at org.apache.tools.ant.taskdefs.optional.junit.JUnitTask.execute(JUnitTask.java:2271)
	at org.apache.tools.ant.UnknownElement.execute(UnknownElement.java:291)
	at sun.reflect.GeneratedMethodAccessor4.invoke(Unknown Source)
	at sun.reflect.DelegatingMethodAccessorImpl.invoke(DelegatingMethodAccessorImpl.java:43)
	at java.lang.reflect.Method.invoke(Method.java:606)
	at org.apache.tools.ant.dispatch.DispatchUtils.execute(DispatchUtils.java:106)
	at org.apache.tools.ant.Task.perform(Task.java:348)
	at org.apache.tools.ant.Target.execute(Target.java:392)
	at org.apache.tools.ant.Target.performTasks(Target.java:413)
	at org.apache.tools.ant.Project.executeSortedTargets(Project.java:1399)
	at org.apache.tools.ant.Project.executeTarget(Project.java:1368)
	at org.apache.tools.ant.helper.DefaultExecutor.executeTargets(DefaultExecutor.java:41)
	at org.apache.tools.ant.Project.executeTargets(Project.java:1251)
	at org.apache.tools.ant.Main.runBuild(Main.java:811)
	at org.apache.tools.ant.Main.startAnt(Main.java:217)
	at org.apache.tools.ant.launch.Launcher.run(Launcher.java:280)
	at org.apache.tools.ant.launch.Launcher.main(Launcher.java:109)
Caused by: java.lang.NullPointerException
	... 55 more
--- com.google.javascript.jscomp.ScopedAliasesTest::testOkAliasLocal
java.lang.RuntimeException: INTERNAL COMPILER ERROR.
Please report this problem.
null
  Node(ASSIGN): testcode:1:27
goog.scope(function() {var x = 10;});
  Parent(EXPR_RESULT): testcode:1:27
goog.scope(function() {var x = 10;});

	at com.google.javascript.jscomp.ScopedAliases$Traversal.visit(ScopedAliases.java:585)
	at com.google.javascript.jscomp.NodeTraversal.traverseBranch(NodeTraversal.java:540)
	at com.google.javascript.jscomp.NodeTraversal.traverseBranch(NodeTraversal.java:534)
	at com.google.javascript.jscomp.NodeTraversal.traverseBranch(NodeTraversal.java:534)
	at com.google.javascript.jscomp.NodeTraversal.traverseFunction(NodeTraversal.java:574)
	at com.google.javascript.jscomp.NodeTraversal.traverseBranch(NodeTraversal.java:528)
	at com.google.javascript.jscomp.NodeTraversal.traverseBranch(NodeTraversal.java:534)
	at com.google.javascript.jscomp.NodeTraversal.traverseBranch(NodeTraversal.java:534)
	at com.google.javascript.jscomp.NodeTraversal.traverseBranch(NodeTraversal.java:534)
	at com.google.javascript.jscomp.NodeTraversal.traverseBranch(NodeTraversal.java:534)
	at com.google.javascript.jscomp.NodeTraversal.traverse(NodeTraversal.java:287)
	at com.google.javascript.jscomp.NodeTraversal.traverse(NodeTraversal.java:494)
	at com.google.javascript.jscomp.ScopedAliases.hotSwapScript(ScopedAliases.java:134)
	at com.google.javascript.jscomp.ScopedAliases.process(ScopedAliases.java:128)
	at com.google.javascript.jscomp.CompilerTestCase.test(CompilerTestCase.java:845)
	at com.google.javascript.jscomp.CompilerTestCase.test(CompilerTestCase.java:477)
	at com.google.javascript.jscomp.CompilerTestCase.test(CompilerTestCase.java:403)
	at com.google.javascript.jscomp.CompilerTestCase.test(CompilerTestCase.java:372)
	at com.google.javascript.jscomp.CompilerTestCase.test(CompilerTestCase.java:360)
	at com.google.javascript.jscomp.ScopedAliasesTest.testScoped(ScopedAliasesTest.java:55)
	at com.google.javascript.jscomp.ScopedAliasesTest.testOkAliasLocal(ScopedAliasesTest.java:510)
	at sun.reflect.NativeMethodAccessorImpl.invoke0(Native Method)
	at sun.reflect.NativeMethodAccessorImpl.invoke(NativeMethodAccessorImpl.java:57)
	at sun.reflect.DelegatingMethodAccessorImpl.invoke(DelegatingMethodAccessorImpl.java:43)
	at java.lang.reflect.Method.invoke(Method.java:606)
	at junit.framework.TestCase.runTest(TestCase.java:176)
	at junit.framework.TestCase.runBare(TestCase.java:141)
	at junit.framework.TestResult$1.protect(TestResult.java:122)
	at junit.framework.TestResult.runProtected(TestResult.java:142)
	at junit.framework.TestResult.run(TestResult.java:125)
	at junit.framework.TestCase.run(TestCase.java:129)
	at junit.framework.TestSuite.runTest(TestSuite.java:255)
	at junit.framework.TestSuite.run(TestSuite.java:250)
	at org.apache.tools.ant.taskdefs.optional.junit.JUnitTestRunner.run(JUnitTestRunner.java:520)
	at org.apache.tools.ant.taskdefs.optional.junit.JUnitTask.executeInVM(JUnitTask.java:1478)
	at org.apache.tools.ant.taskdefs.optional.junit.JUnitTask.execute(JUnitTask.java:860)
	at org.apache.tools.ant.taskdefs.optional.junit.JUnitTask.executeOrQueue(JUnitTask.java:1968)
	at org.apache.tools.ant.taskdefs.optional.junit.JUnitTask.execute1(JUnitTask.java:812)
	at org.apache.tools.ant.taskdefs.optional.junit.JUnitTask.execute(JUnitTask.java:2271)
	at org.apache.tools.ant.UnknownElement.execute(UnknownElement.java:291)
	at sun.reflect.GeneratedMethodAccessor4.invoke(Unknown Source)
	at sun.reflect.DelegatingMethodAccessorImpl.invoke(DelegatingMethodAccessorImpl.java:43)
	at java.lang.reflect.Method.invoke(Method.java:606)
	at org.apache.tools.ant.dispatch.DispatchUtils.execute(DispatchUtils.java:106)
	at org.apache.tools.ant.Task.perform(Task.java:348)
	at org.apache.tools.ant.Target.execute(Target.java:392)
	at org.apache.tools.ant.Target.performTasks(Target.java:413)
	at org.apache.tools.ant.Project.executeSortedTargets(Project.java:1399)
	at org.apache.tools.ant.Project.executeTarget(Project.java:1368)
	at org.apache.tools.ant.helper.DefaultExecutor.executeTargets(DefaultExecutor.java:41)
	at org.apache.tools.ant.Project.executeTargets(Project.java:1251)
	at org.apache.tools.ant.Main.runBuild(Main.java:811)
	at org.apache.tools.ant.Main.startAnt(Main.java:217)
	at org.apache.tools.ant.launch.Launcher.run(Launcher.java:280)
	at org.apache.tools.ant.launch.Launcher.main(Launcher.java:109)
Caused by: java.lang.NullPointerException
	... 55 more
--- com.google.javascript.jscomp.ScopedAliasesTest::testMultipleLocals
java.lang.RuntimeException: INTERNAL COMPILER ERROR.
Please report this problem.
null
  Node(ASSIGN): testcode:1:29
goog.scope(function () { var x = 3; });goog.scope(function () { var x = 4; });
  Parent(EXPR_RESULT): testcode:1:29
goog.scope(function () { var x = 3; });goog.scope(function () { var x = 4; });

	at com.google.javascript.jscomp.ScopedAliases$Traversal.visit(ScopedAliases.java:585)
	at com.google.javascript.jscomp.NodeTraversal.traverseBranch(NodeTraversal.java:540)
	at com.google.javascript.jscomp.NodeTraversal.traverseBranch(NodeTraversal.java:534)
	at com.google.javascript.jscomp.NodeTraversal.traverseBranch(NodeTraversal.java:534)
	at com.google.javascript.jscomp.NodeTraversal.traverseFunction(NodeTraversal.java:574)
	at com.google.javascript.jscomp.NodeTraversal.traverseBranch(NodeTraversal.java:528)
	at com.google.javascript.jscomp.NodeTraversal.traverseBranch(NodeTraversal.java:534)
	at com.google.javascript.jscomp.NodeTraversal.traverseBranch(NodeTraversal.java:534)
	at com.google.javascript.jscomp.NodeTraversal.traverseBranch(NodeTraversal.java:534)
	at com.google.javascript.jscomp.NodeTraversal.traverseBranch(NodeTraversal.java:534)
	at com.google.javascript.jscomp.NodeTraversal.traverse(NodeTraversal.java:287)
	at com.google.javascript.jscomp.NodeTraversal.traverse(NodeTraversal.java:494)
	at com.google.javascript.jscomp.ScopedAliases.hotSwapScript(ScopedAliases.java:134)
	at com.google.javascript.jscomp.ScopedAliases.process(ScopedAliases.java:128)
	at com.google.javascript.jscomp.CompilerTestCase.test(CompilerTestCase.java:845)
	at com.google.javascript.jscomp.CompilerTestCase.test(CompilerTestCase.java:477)
	at com.google.javascript.jscomp.CompilerTestCase.test(CompilerTestCase.java:403)
	at com.google.javascript.jscomp.CompilerTestCase.test(CompilerTestCase.java:372)
	at com.google.javascript.jscomp.CompilerTestCase.test(CompilerTestCase.java:360)
	at com.google.javascript.jscomp.ScopedAliasesTest.testMultipleLocals(ScopedAliasesTest.java:542)
	at sun.reflect.NativeMethodAccessorImpl.invoke0(Native Method)
	at sun.reflect.NativeMethodAccessorImpl.invoke(NativeMethodAccessorImpl.java:57)
	at sun.reflect.DelegatingMethodAccessorImpl.invoke(DelegatingMethodAccessorImpl.java:43)
	at java.lang.reflect.Method.invoke(Method.java:606)
	at junit.framework.TestCase.runTest(TestCase.java:176)
	at junit.framework.TestCase.runBare(TestCase.java:141)
	at junit.framework.TestResult$1.protect(TestResult.java:122)
	at junit.framework.TestResult.runProtected(TestResult.java:142)
	at junit.framework.TestResult.run(TestResult.java:125)
	at junit.framework.TestCase.run(TestCase.java:129)
	at junit.framework.TestSuite.runTest(TestSuite.java:255)
	at junit.framework.TestSuite.run(TestSuite.java:250)
	at org.apache.tools.ant.taskdefs.optional.junit.JUnitTestRunner.run(JUnitTestRunner.java:520)
	at org.apache.tools.ant.taskdefs.optional.junit.JUnitTask.executeInVM(JUnitTask.java:1478)
	at org.apache.tools.ant.taskdefs.optional.junit.JUnitTask.execute(JUnitTask.java:860)
	at org.apache.tools.ant.taskdefs.optional.junit.JUnitTask.executeOrQueue(JUnitTask.java:1968)
	at org.apache.tools.ant.taskdefs.optional.junit.JUnitTask.execute1(JUnitTask.java:812)
	at org.apache.tools.ant.taskdefs.optional.junit.JUnitTask.execute(JUnitTask.java:2271)
	at org.apache.tools.ant.UnknownElement.execute(UnknownElement.java:291)
	at sun.reflect.GeneratedMethodAccessor4.invoke(Unknown Source)
	at sun.reflect.DelegatingMethodAccessorImpl.invoke(DelegatingMethodAccessorImpl.java:43)
	at java.lang.reflect.Method.invoke(Method.java:606)
	at org.apache.tools.ant.dispatch.DispatchUtils.execute(DispatchUtils.java:106)
	at org.apache.tools.ant.Task.perform(Task.java:348)
	at org.apache.tools.ant.Target.execute(Target.java:392)
	at org.apache.tools.ant.Target.performTasks(Target.java:413)
	at org.apache.tools.ant.Project.executeSortedTargets(Project.java:1399)
	at org.apache.tools.ant.Project.executeTarget(Project.java:1368)
	at org.apache.tools.ant.helper.DefaultExecutor.executeTargets(DefaultExecutor.java:41)
	at org.apache.tools.ant.Project.executeTargets(Project.java:1251)
	at org.apache.tools.ant.Main.runBuild(Main.java:811)
	at org.apache.tools.ant.Main.startAnt(Main.java:217)
	at org.apache.tools.ant.launch.Launcher.run(Launcher.java:280)
	at org.apache.tools.ant.launch.Launcher.main(Launcher.java:109)
Caused by: java.lang.NullPointerException
	... 54 more
--- com.google.javascript.jscomp.ScopedAliasesTest::testAliasReassign
java.lang.RuntimeException: INTERNAL COMPILER ERROR.
Please report this problem.
null
  Node(ASSIGN): testcode:1:27
goog.scope(function() {var x = 3; x = 5;});
  Parent(EXPR_RESULT): testcode:1:27
goog.scope(function() {var x = 3; x = 5;});

	at com.google.javascript.jscomp.ScopedAliases$Traversal.visit(ScopedAliases.java:585)
	at com.google.javascript.jscomp.NodeTraversal.traverseBranch(NodeTraversal.java:540)
	at com.google.javascript.jscomp.NodeTraversal.traverseBranch(NodeTraversal.java:534)
	at com.google.javascript.jscomp.NodeTraversal.traverseBranch(NodeTraversal.java:534)
	at com.google.javascript.jscomp.NodeTraversal.traverseFunction(NodeTraversal.java:574)
	at com.google.javascript.jscomp.NodeTraversal.traverseBranch(NodeTraversal.java:528)
	at com.google.javascript.jscomp.NodeTraversal.traverseBranch(NodeTraversal.java:534)
	at com.google.javascript.jscomp.NodeTraversal.traverseBranch(NodeTraversal.java:534)
	at com.google.javascript.jscomp.NodeTraversal.traverseBranch(NodeTraversal.java:534)
	at com.google.javascript.jscomp.NodeTraversal.traverseBranch(NodeTraversal.java:534)
	at com.google.javascript.jscomp.NodeTraversal.traverse(NodeTraversal.java:287)
	at com.google.javascript.jscomp.NodeTraversal.traverse(NodeTraversal.java:494)
	at com.google.javascript.jscomp.ScopedAliases.hotSwapScript(ScopedAliases.java:134)
	at com.google.javascript.jscomp.ScopedAliases.process(ScopedAliases.java:128)
	at com.google.javascript.jscomp.CompilerTestCase.test(CompilerTestCase.java:845)
	at com.google.javascript.jscomp.CompilerTestCase.test(CompilerTestCase.java:477)
	at com.google.javascript.jscomp.CompilerTestCase.test(CompilerTestCase.java:403)
	at com.google.javascript.jscomp.CompilerTestCase.test(CompilerTestCase.java:372)
	at com.google.javascript.jscomp.ScopedAliasesTest.testScopedFailure(ScopedAliasesTest.java:434)
	at com.google.javascript.jscomp.ScopedAliasesTest.testAliasReassign(ScopedAliasesTest.java:537)
	at sun.reflect.NativeMethodAccessorImpl.invoke0(Native Method)
	at sun.reflect.NativeMethodAccessorImpl.invoke(NativeMethodAccessorImpl.java:57)
	at sun.reflect.DelegatingMethodAccessorImpl.invoke(DelegatingMethodAccessorImpl.java:43)
	at java.lang.reflect.Method.invoke(Method.java:606)
	at junit.framework.TestCase.runTest(TestCase.java:176)
	at junit.framework.TestCase.runBare(TestCase.java:141)
	at junit.framework.TestResult$1.protect(TestResult.java:122)
	at junit.framework.TestResult.runProtected(TestResult.java:142)
	at junit.framework.TestResult.run(TestResult.java:125)
	at junit.framework.TestCase.run(TestCase.java:129)
	at junit.framework.TestSuite.runTest(TestSuite.java:255)
	at junit.framework.TestSuite.run(TestSuite.java:250)
	at org.apache.tools.ant.taskdefs.optional.junit.JUnitTestRunner.run(JUnitTestRunner.java:520)
	at org.apache.tools.ant.taskdefs.optional.junit.JUnitTask.executeInVM(JUnitTask.java:1478)
	at org.apache.tools.ant.taskdefs.optional.junit.JUnitTask.execute(JUnitTask.java:860)
	at org.apache.tools.ant.taskdefs.optional.junit.JUnitTask.executeOrQueue(JUnitTask.java:1968)
	at org.apache.tools.ant.taskdefs.optional.junit.JUnitTask.execute1(JUnitTask.java:812)
	at org.apache.tools.ant.taskdefs.optional.junit.JUnitTask.execute(JUnitTask.java:2271)
	at org.apache.tools.ant.UnknownElement.execute(UnknownElement.java:291)
	at sun.reflect.GeneratedMethodAccessor4.invoke(Unknown Source)
	at sun.reflect.DelegatingMethodAccessorImpl.invoke(DelegatingMethodAccessorImpl.java:43)
	at java.lang.reflect.Method.invoke(Method.java:606)
	at org.apache.tools.ant.dispatch.DispatchUtils.execute(DispatchUtils.java:106)
	at org.apache.tools.ant.Task.perform(Task.java:348)
	at org.apache.tools.ant.Target.execute(Target.java:392)
	at org.apache.tools.ant.Target.performTasks(Target.java:413)
	at org.apache.tools.ant.Project.executeSortedTargets(Project.java:1399)
	at org.apache.tools.ant.Project.executeTarget(Project.java:1368)
	at org.apache.tools.ant.helper.DefaultExecutor.executeTargets(DefaultExecutor.java:41)
	at org.apache.tools.ant.Project.executeTargets(Project.java:1251)
	at org.apache.tools.ant.Main.runBuild(Main.java:811)
	at org.apache.tools.ant.Main.startAnt(Main.java:217)
	at org.apache.tools.ant.launch.Launcher.run(Launcher.java:280)
	at org.apache.tools.ant.launch.Launcher.main(Launcher.java:109)
Caused by: java.lang.NullPointerException
	... 54 more
--- com.google.javascript.jscomp.ScopedAliasesTest::testIssue1103b
java.lang.RuntimeException: INTERNAL COMPILER ERROR.
Please report this problem.
null
  Node(ASSIGN): testcode:1:42
goog.scope(function () {  var a = foo, b, c = 1;});
  Parent(EXPR_RESULT): testcode:1:42
goog.scope(function () {  var a = foo, b, c = 1;});

	at com.google.javascript.jscomp.ScopedAliases$Traversal.visit(ScopedAliases.java:585)
	at com.google.javascript.jscomp.NodeTraversal.traverseBranch(NodeTraversal.java:540)
	at com.google.javascript.jscomp.NodeTraversal.traverseBranch(NodeTraversal.java:534)
	at com.google.javascript.jscomp.NodeTraversal.traverseBranch(NodeTraversal.java:534)
	at com.google.javascript.jscomp.NodeTraversal.traverseFunction(NodeTraversal.java:574)
	at com.google.javascript.jscomp.NodeTraversal.traverseBranch(NodeTraversal.java:528)
	at com.google.javascript.jscomp.NodeTraversal.traverseBranch(NodeTraversal.java:534)
	at com.google.javascript.jscomp.NodeTraversal.traverseBranch(NodeTraversal.java:534)
	at com.google.javascript.jscomp.NodeTraversal.traverseBranch(NodeTraversal.java:534)
	at com.google.javascript.jscomp.NodeTraversal.traverseBranch(NodeTraversal.java:534)
	at com.google.javascript.jscomp.NodeTraversal.traverse(NodeTraversal.java:287)
	at com.google.javascript.jscomp.NodeTraversal.traverse(NodeTraversal.java:494)
	at com.google.javascript.jscomp.ScopedAliases.hotSwapScript(ScopedAliases.java:134)
	at com.google.javascript.jscomp.ScopedAliases.process(ScopedAliases.java:128)
	at com.google.javascript.jscomp.CompilerTestCase.test(CompilerTestCase.java:845)
	at com.google.javascript.jscomp.CompilerTestCase.test(CompilerTestCase.java:477)
	at com.google.javascript.jscomp.CompilerTestCase.test(CompilerTestCase.java:403)
	at com.google.javascript.jscomp.CompilerTestCase.test(CompilerTestCase.java:372)
	at com.google.javascript.jscomp.CompilerTestCase.test(CompilerTestCase.java:360)
	at com.google.javascript.jscomp.ScopedAliasesTest.testIssue1103b(ScopedAliasesTest.java:556)
	at sun.reflect.NativeMethodAccessorImpl.invoke0(Native Method)
	at sun.reflect.NativeMethodAccessorImpl.invoke(NativeMethodAccessorImpl.java:57)
	at sun.reflect.DelegatingMethodAccessorImpl.invoke(DelegatingMethodAccessorImpl.java:43)
	at java.lang.reflect.Method.invoke(Method.java:606)
	at junit.framework.TestCase.runTest(TestCase.java:176)
	at junit.framework.TestCase.runBare(TestCase.java:141)
	at junit.framework.TestResult$1.protect(TestResult.java:122)
	at junit.framework.TestResult.runProtected(TestResult.java:142)
	at junit.framework.TestResult.run(TestResult.java:125)
	at junit.framework.TestCase.run(TestCase.java:129)
	at junit.framework.TestSuite.runTest(TestSuite.java:255)
	at junit.framework.TestSuite.run(TestSuite.java:250)
	at org.apache.tools.ant.taskdefs.optional.junit.JUnitTestRunner.run(JUnitTestRunner.java:520)
	at org.apache.tools.ant.taskdefs.optional.junit.JUnitTask.executeInVM(JUnitTask.java:1478)
	at org.apache.tools.ant.taskdefs.optional.junit.JUnitTask.execute(JUnitTask.java:860)
	at org.apache.tools.ant.taskdefs.optional.junit.JUnitTask.executeOrQueue(JUnitTask.java:1968)
	at org.apache.tools.ant.taskdefs.optional.junit.JUnitTask.execute1(JUnitTask.java:812)
	at org.apache.tools.ant.taskdefs.optional.junit.JUnitTask.execute(JUnitTask.java:2271)
	at org.apache.tools.ant.UnknownElement.execute(UnknownElement.java:291)
	at sun.reflect.GeneratedMethodAccessor4.invoke(Unknown Source)
	at sun.reflect.DelegatingMethodAccessorImpl.invoke(DelegatingMethodAccessorImpl.java:43)
	at java.lang.reflect.Method.invoke(Method.java:606)
	at org.apache.tools.ant.dispatch.DispatchUtils.execute(DispatchUtils.java:106)
	at org.apache.tools.ant.Task.perform(Task.java:348)
	at org.apache.tools.ant.Target.execute(Target.java:392)
	at org.apache.tools.ant.Target.performTasks(Target.java:413)
	at org.apache.tools.ant.Project.executeSortedTargets(Project.java:1399)
	at org.apache.tools.ant.Project.executeTarget(Project.java:1368)
	at org.apache.tools.ant.helper.DefaultExecutor.executeTargets(DefaultExecutor.java:41)
	at org.apache.tools.ant.Project.executeTargets(Project.java:1251)
	at org.apache.tools.ant.Main.runBuild(Main.java:811)
	at org.apache.tools.ant.Main.startAnt(Main.java:217)
	at org.apache.tools.ant.launch.Launcher.run(Launcher.java:280)
	at org.apache.tools.ant.launch.Launcher.main(Launcher.java:109)
Caused by: java.lang.NullPointerException
	... 54 more
--- com.google.javascript.jscomp.ScopedAliasesTest::testFunctionDeclaration
java.lang.RuntimeException: INTERNAL COMPILER ERROR.
Please report this problem.
null
  Node(ASSIGN): testcode:1:41
goog.scope(function() {if (x) { function f() {} } g(f)});
  Parent(EXPR_RESULT): testcode:1:41
goog.scope(function() {if (x) { function f() {} } g(f)});

	at com.google.javascript.jscomp.ScopedAliases$Traversal.visit(ScopedAliases.java:585)
	at com.google.javascript.jscomp.NodeTraversal.traverseBranch(NodeTraversal.java:540)
	at com.google.javascript.jscomp.NodeTraversal.traverseBranch(NodeTraversal.java:534)
	at com.google.javascript.jscomp.NodeTraversal.traverseBranch(NodeTraversal.java:534)
	at com.google.javascript.jscomp.NodeTraversal.traverseBranch(NodeTraversal.java:534)
	at com.google.javascript.jscomp.NodeTraversal.traverseBranch(NodeTraversal.java:534)
	at com.google.javascript.jscomp.NodeTraversal.traverseFunction(NodeTraversal.java:574)
	at com.google.javascript.jscomp.NodeTraversal.traverseBranch(NodeTraversal.java:528)
	at com.google.javascript.jscomp.NodeTraversal.traverseBranch(NodeTraversal.java:534)
	at com.google.javascript.jscomp.NodeTraversal.traverseBranch(NodeTraversal.java:534)
	at com.google.javascript.jscomp.NodeTraversal.traverseBranch(NodeTraversal.java:534)
	at com.google.javascript.jscomp.NodeTraversal.traverseBranch(NodeTraversal.java:534)
	at com.google.javascript.jscomp.NodeTraversal.traverse(NodeTraversal.java:287)
	at com.google.javascript.jscomp.NodeTraversal.traverse(NodeTraversal.java:494)
	at com.google.javascript.jscomp.ScopedAliases.hotSwapScript(ScopedAliases.java:134)
	at com.google.javascript.jscomp.ScopedAliases.process(ScopedAliases.java:128)
	at com.google.javascript.jscomp.CompilerTestCase.test(CompilerTestCase.java:845)
	at com.google.javascript.jscomp.CompilerTestCase.test(CompilerTestCase.java:477)
	at com.google.javascript.jscomp.CompilerTestCase.test(CompilerTestCase.java:403)
	at com.google.javascript.jscomp.CompilerTestCase.test(CompilerTestCase.java:372)
	at com.google.javascript.jscomp.CompilerTestCase.test(CompilerTestCase.java:360)
	at com.google.javascript.jscomp.ScopedAliasesTest.testScoped(ScopedAliasesTest.java:55)
	at com.google.javascript.jscomp.ScopedAliasesTest.testFunctionDeclaration(ScopedAliasesTest.java:523)
	at sun.reflect.NativeMethodAccessorImpl.invoke0(Native Method)
	at sun.reflect.NativeMethodAccessorImpl.invoke(NativeMethodAccessorImpl.java:57)
	at sun.reflect.DelegatingMethodAccessorImpl.invoke(DelegatingMethodAccessorImpl.java:43)
	at java.lang.reflect.Method.invoke(Method.java:606)
	at junit.framework.TestCase.runTest(TestCase.java:176)
	at junit.framework.TestCase.runBare(TestCase.java:141)
	at junit.framework.TestResult$1.protect(TestResult.java:122)
	at junit.framework.TestResult.runProtected(TestResult.java:142)
	at junit.framework.TestResult.run(TestResult.java:125)
	at junit.framework.TestCase.run(TestCase.java:129)
	at junit.framework.TestSuite.runTest(TestSuite.java:255)
	at junit.framework.TestSuite.run(TestSuite.java:250)
	at org.apache.tools.ant.taskdefs.optional.junit.JUnitTestRunner.run(JUnitTestRunner.java:520)
	at org.apache.tools.ant.taskdefs.optional.junit.JUnitTask.executeInVM(JUnitTask.java:1478)
	at org.apache.tools.ant.taskdefs.optional.junit.JUnitTask.execute(JUnitTask.java:860)
	at org.apache.tools.ant.taskdefs.optional.junit.JUnitTask.executeOrQueue(JUnitTask.java:1968)
	at org.apache.tools.ant.taskdefs.optional.junit.JUnitTask.execute1(JUnitTask.java:812)
	at org.apache.tools.ant.taskdefs.optional.junit.JUnitTask.execute(JUnitTask.java:2271)
	at org.apache.tools.ant.UnknownElement.execute(UnknownElement.java:291)
	at sun.reflect.GeneratedMethodAccessor4.invoke(Unknown Source)
	at sun.reflect.DelegatingMethodAccessorImpl.invoke(DelegatingMethodAccessorImpl.java:43)
	at java.lang.reflect.Method.invoke(Method.java:606)
	at org.apache.tools.ant.dispatch.DispatchUtils.execute(DispatchUtils.java:106)
	at org.apache.tools.ant.Task.perform(Task.java:348)
	at org.apache.tools.ant.Target.execute(Target.java:392)
	at org.apache.tools.ant.Target.performTasks(Target.java:413)
	at org.apache.tools.ant.Project.executeSortedTargets(Project.java:1399)
	at org.apache.tools.ant.Project.executeTarget(Project.java:1368)
	at org.apache.tools.ant.helper.DefaultExecutor.executeTargets(DefaultExecutor.java:41)
	at org.apache.tools.ant.Project.executeTargets(Project.java:1251)
	at org.apache.tools.ant.Main.runBuild(Main.java:811)
	at org.apache.tools.ant.Main.startAnt(Main.java:217)
	at org.apache.tools.ant.launch.Launcher.run(Launcher.java:280)
	at org.apache.tools.ant.launch.Launcher.main(Launcher.java:109)
Caused by: java.lang.NullPointerException
	... 57 more
