--- com.google.javascript.jscomp.InlineVariablesTest::testArgumentsModifiedInInnerFunction
java.lang.RuntimeException: INTERNAL COMPILER ERROR.
Please report this problem.
null
  Node(BLOCK): testcode:1:21
function g(callback) {
  Parent(FUNCTION g): testcode:1:0
function g(callback) {

	at com.google.javascript.jscomp.ReferenceCollectingCallback$Reference.isDeclaration(ReferenceCollectingCallback.java:581)
	at com.google.javascript.jscomp.ReferenceCollectingCallback$Reference.isInitializingDeclaration(ReferenceCollectingCallback.java:601)
	at com.google.javascript.jscomp.ReferenceCollectingCallback$ReferenceCollection.isInitializingDeclarationAt(ReferenceCollectingCallback.java:359)
	at com.google.javascript.jscomp.ReferenceCollectingCallback$ReferenceCollection.getInitializingReference(ReferenceCollectingCallback.java:396)
	at com.google.javascript.jscomp.ReferenceCollectingCallback$ReferenceCollection.isWellDefined(ReferenceCollectingCallback.java:318)
	at com.google.javascript.jscomp.InlineVariables$InliningBehavior.inlineNonConstants(InlineVariables.java:301)
	at com.google.javascript.jscomp.InlineVariables$InliningBehavior.doInlinesForScope(InlineVariables.java:219)
	at com.google.javascript.jscomp.InlineVariables$InliningBehavior.afterExitScope(InlineVariables.java:160)
	at com.google.javascript.jscomp.ReferenceCollectingCallback.exitScope(ReferenceCollectingCallback.java:187)
	at com.google.javascript.jscomp.NodeTraversal.popScope(NodeTraversal.java:618)
	at com.google.javascript.jscomp.NodeTraversal.traverseFunction(NodeTraversal.java:576)
	at com.google.javascript.jscomp.NodeTraversal.traverseBranch(NodeTraversal.java:528)
	at com.google.javascript.jscomp.NodeTraversal.traverseBranch(NodeTraversal.java:534)
	at com.google.javascript.jscomp.NodeTraversal.traverseBranch(NodeTraversal.java:534)
	at com.google.javascript.jscomp.NodeTraversal.traverseRoots(NodeTraversal.java:314)
	at com.google.javascript.jscomp.NodeTraversal.traverseRoots(NodeTraversal.java:503)
	at com.google.javascript.jscomp.ReferenceCollectingCallback.process(ReferenceCollectingCallback.java:110)
	at com.google.javascript.jscomp.InlineVariables.process(InlineVariables.java:86)
	at com.google.javascript.jscomp.CompilerTestCase.test(CompilerTestCase.java:845)
	at com.google.javascript.jscomp.CompilerTestCase.test(CompilerTestCase.java:477)
	at com.google.javascript.jscomp.CompilerTestCase.test(CompilerTestCase.java:403)
	at com.google.javascript.jscomp.CompilerTestCase.test(CompilerTestCase.java:372)
	at com.google.javascript.jscomp.CompilerTestCase.test(CompilerTestCase.java:360)
	at com.google.javascript.jscomp.InlineVariablesTest.testArgumentsModifiedInInnerFunction(InlineVariablesTest.java:1035)
	at sun.reflect.NativeMethodAccessorImpl.invoke0(Native Method)
	at sun.reflect.NativeMethodAccessorImpl.invoke(NativeMethodAccessorImpl.java:57)
	at sun.reflect.DelegatingMethodAccessorImpl.invoke(DelegatingMethodAccessorImpl.java:43)
	at java.lang.reflect.Method.invoke(Method.java:606)
	at junit.framework.TestCase.runTest(TestCase.java:176)
	at junit.framework.TestCase.runBare(TestCase.java:141)
	at junit.framework.TestResult$1.protect(TestResult.java:122)
	at junit.framework.TestResult.runProtected(TestResult.java:142)
	at junit.framework.TestResult.run(TestResult.java:125)
	at junit.framework.TestCase.run(TestCase.java:129)
	at junit.framework.TestSuite.runTest(TestSuite.java:255)
	at junit.framework.TestSuite.run(TestSuite.java:250)
	at org.apache.tools.ant.taskdefs.optional.junit.JUnitTestRunner.run(JUnitTestRunner.java:520)
	at org.apache.tools.ant.taskdefs.optional.junit.JUnitTask.executeInVM(JUnitTask.java:1478)
	at org.apache.tools.ant.taskdefs.optional.junit.JUnitTask.execute(JUnitTask.java:860)
	at org.apache.tools.ant.taskdefs.optional.junit.JUnitTask.executeOrQueue(JUnitTask.java:1968)
	at org.apache.tools.ant.taskdefs.optional.junit.JUnitTask.execute1(JUnitTask.java:812)
	at org.apache.tools.ant.taskdefs.optional.junit.JUnitTask.execute(JUnitTask.java:2271)
	at org.apache.tools.ant.UnknownElement.execute(UnknownElement.java:291)
	at sun.reflect.GeneratedMethodAccessor4.invoke(Unknown Source)
	at sun.reflect.DelegatingMethodAccessorImpl.invoke(DelegatingMethodAccessorImpl.java:43)
	at java.lang.reflect.Method.invoke(Method.java:606)
	at org.apache.tools.ant.dispatch.DispatchUtils.execute(DispatchUtils.java:106)
	at org.apache.tools.ant.Task.perform(Task.java:348)
	at org.apache.tools.ant.Target.execute(Target.java:392)
	at org.apache.tools.ant.Target.performTasks(Target.java:413)
	at org.apache.tools.ant.Project.executeSortedTargets(Project.java:1399)
	at org.apache.tools.ant.Project.executeTarget(Project.java:1368)
	at org.apache.tools.ant.helper.DefaultExecutor.executeTargets(DefaultExecutor.java:41)
	at org.apache.tools.ant.Project.executeTargets(Project.java:1251)
	at org.apache.tools.ant.Main.runBuild(Main.java:811)
	at org.apache.tools.ant.Main.startAnt(Main.java:217)
	at org.apache.tools.ant.launch.Launcher.run(Launcher.java:280)
	at org.apache.tools.ant.launch.Launcher.main(Launcher.java:109)
Caused by: java.lang.NullPointerException
	... 58 more
--- com.google.javascript.jscomp.InlineVariablesTest::testIssue378EscapedArguments3
java.lang.RuntimeException: INTERNAL COMPILER ERROR.
Please report this problem.
null
  Node(BLOCK): testcode:1:21
function g(callback) {
  Parent(FUNCTION g): testcode:1:0
function g(callback) {

	at com.google.javascript.jscomp.ReferenceCollectingCallback$Reference.isDeclaration(ReferenceCollectingCallback.java:581)
	at com.google.javascript.jscomp.ReferenceCollectingCallback$Reference.isInitializingDeclaration(ReferenceCollectingCallback.java:601)
	at com.google.javascript.jscomp.ReferenceCollectingCallback$ReferenceCollection.isInitializingDeclarationAt(ReferenceCollectingCallback.java:359)
	at com.google.javascript.jscomp.ReferenceCollectingCallback$ReferenceCollection.getInitializingReference(ReferenceCollectingCallback.java:396)
	at com.google.javascript.jscomp.ReferenceCollectingCallback$ReferenceCollection.isWellDefined(ReferenceCollectingCallback.java:318)
	at com.google.javascript.jscomp.InlineVariables$InliningBehavior.inlineNonConstants(InlineVariables.java:301)
	at com.google.javascript.jscomp.InlineVariables$InliningBehavior.doInlinesForScope(InlineVariables.java:219)
	at com.google.javascript.jscomp.InlineVariables$InliningBehavior.afterExitScope(InlineVariables.java:160)
	at com.google.javascript.jscomp.ReferenceCollectingCallback.exitScope(ReferenceCollectingCallback.java:187)
	at com.google.javascript.jscomp.NodeTraversal.popScope(NodeTraversal.java:618)
	at com.google.javascript.jscomp.NodeTraversal.traverseFunction(NodeTraversal.java:576)
	at com.google.javascript.jscomp.NodeTraversal.traverseBranch(NodeTraversal.java:528)
	at com.google.javascript.jscomp.NodeTraversal.traverseBranch(NodeTraversal.java:534)
	at com.google.javascript.jscomp.NodeTraversal.traverseBranch(NodeTraversal.java:534)
	at com.google.javascript.jscomp.NodeTraversal.traverseRoots(NodeTraversal.java:314)
	at com.google.javascript.jscomp.NodeTraversal.traverseRoots(NodeTraversal.java:503)
	at com.google.javascript.jscomp.ReferenceCollectingCallback.process(ReferenceCollectingCallback.java:110)
	at com.google.javascript.jscomp.InlineVariables.process(InlineVariables.java:86)
	at com.google.javascript.jscomp.CompilerTestCase.test(CompilerTestCase.java:845)
	at com.google.javascript.jscomp.CompilerTestCase.test(CompilerTestCase.java:477)
	at com.google.javascript.jscomp.CompilerTestCase.test(CompilerTestCase.java:403)
	at com.google.javascript.jscomp.CompilerTestCase.test(CompilerTestCase.java:372)
	at com.google.javascript.jscomp.CompilerTestCase.test(CompilerTestCase.java:360)
	at com.google.javascript.jscomp.InlineVariablesTest.testIssue378EscapedArguments3(InlineVariablesTest.java:959)
	at sun.reflect.NativeMethodAccessorImpl.invoke0(Native Method)
	at sun.reflect.NativeMethodAccessorImpl.invoke(NativeMethodAccessorImpl.java:57)
	at sun.reflect.DelegatingMethodAccessorImpl.invoke(DelegatingMethodAccessorImpl.java:43)
	at java.lang.reflect.Method.invoke(Method.java:606)
	at junit.framework.TestCase.runTest(TestCase.java:176)
	at junit.framework.TestCase.runBare(TestCase.java:141)
	at junit.framework.TestResult$1.protect(TestResult.java:122)
	at junit.framework.TestResult.runProtected(TestResult.java:142)
	at junit.framework.TestResult.run(TestResult.java:125)
	at junit.framework.TestCase.run(TestCase.java:129)
	at junit.framework.TestSuite.runTest(TestSuite.java:255)
	at junit.framework.TestSuite.run(TestSuite.java:250)
	at org.apache.tools.ant.taskdefs.optional.junit.JUnitTestRunner.run(JUnitTestRunner.java:520)
	at org.apache.tools.ant.taskdefs.optional.junit.JUnitTask.executeInVM(JUnitTask.java:1478)
	at org.apache.tools.ant.taskdefs.optional.junit.JUnitTask.execute(JUnitTask.java:860)
	at org.apache.tools.ant.taskdefs.optional.junit.JUnitTask.executeOrQueue(JUnitTask.java:1968)
	at org.apache.tools.ant.taskdefs.optional.junit.JUnitTask.execute1(JUnitTask.java:812)
	at org.apache.tools.ant.taskdefs.optional.junit.JUnitTask.execute(JUnitTask.java:2271)
	at org.apache.tools.ant.UnknownElement.execute(UnknownElement.java:291)
	at sun.reflect.GeneratedMethodAccessor4.invoke(Unknown Source)
	at sun.reflect.DelegatingMethodAccessorImpl.invoke(DelegatingMethodAccessorImpl.java:43)
	at java.lang.reflect.Method.invoke(Method.java:606)
	at org.apache.tools.ant.dispatch.DispatchUtils.execute(DispatchUtils.java:106)
	at org.apache.tools.ant.Task.perform(Task.java:348)
	at org.apache.tools.ant.Target.execute(Target.java:392)
	at org.apache.tools.ant.Target.performTasks(Target.java:413)
	at org.apache.tools.ant.Project.executeSortedTargets(Project.java:1399)
	at org.apache.tools.ant.Project.executeTarget(Project.java:1368)
	at org.apache.tools.ant.helper.DefaultExecutor.executeTargets(DefaultExecutor.java:41)
	at org.apache.tools.ant.Project.executeTargets(Project.java:1251)
	at org.apache.tools.ant.Main.runBuild(Main.java:811)
	at org.apache.tools.ant.Main.startAnt(Main.java:217)
	at org.apache.tools.ant.launch.Launcher.run(Launcher.java:280)
	at org.apache.tools.ant.launch.Launcher.main(Launcher.java:109)
Caused by: java.lang.NullPointerException
	... 58 more
--- com.google.javascript.jscomp.InlineVariablesTest::testIssue378ArgumentsRead1
java.lang.RuntimeException: INTERNAL COMPILER ERROR.
Please report this problem.
null
  Node(BLOCK): testcode:1:21
function g(callback) {
  Parent(FUNCTION g): testcode:1:0
function g(callback) {

	at com.google.javascript.jscomp.ReferenceCollectingCallback$Reference.isDeclaration(ReferenceCollectingCallback.java:581)
	at com.google.javascript.jscomp.ReferenceCollectingCallback$Reference.isInitializingDeclaration(ReferenceCollectingCallback.java:601)
	at com.google.javascript.jscomp.ReferenceCollectingCallback$ReferenceCollection.isInitializingDeclarationAt(ReferenceCollectingCallback.java:359)
	at com.google.javascript.jscomp.ReferenceCollectingCallback$ReferenceCollection.getInitializingReference(ReferenceCollectingCallback.java:396)
	at com.google.javascript.jscomp.ReferenceCollectingCallback$ReferenceCollection.isWellDefined(ReferenceCollectingCallback.java:318)
	at com.google.javascript.jscomp.InlineVariables$InliningBehavior.inlineNonConstants(InlineVariables.java:301)
	at com.google.javascript.jscomp.InlineVariables$InliningBehavior.doInlinesForScope(InlineVariables.java:219)
	at com.google.javascript.jscomp.InlineVariables$InliningBehavior.afterExitScope(InlineVariables.java:160)
	at com.google.javascript.jscomp.ReferenceCollectingCallback.exitScope(ReferenceCollectingCallback.java:187)
	at com.google.javascript.jscomp.NodeTraversal.popScope(NodeTraversal.java:618)
	at com.google.javascript.jscomp.NodeTraversal.traverseFunction(NodeTraversal.java:576)
	at com.google.javascript.jscomp.NodeTraversal.traverseBranch(NodeTraversal.java:528)
	at com.google.javascript.jscomp.NodeTraversal.traverseBranch(NodeTraversal.java:534)
	at com.google.javascript.jscomp.NodeTraversal.traverseBranch(NodeTraversal.java:534)
	at com.google.javascript.jscomp.NodeTraversal.traverseRoots(NodeTraversal.java:314)
	at com.google.javascript.jscomp.NodeTraversal.traverseRoots(NodeTraversal.java:503)
	at com.google.javascript.jscomp.ReferenceCollectingCallback.process(ReferenceCollectingCallback.java:110)
	at com.google.javascript.jscomp.InlineVariables.process(InlineVariables.java:86)
	at com.google.javascript.jscomp.CompilerTestCase.test(CompilerTestCase.java:845)
	at com.google.javascript.jscomp.CompilerTestCase.test(CompilerTestCase.java:477)
	at com.google.javascript.jscomp.CompilerTestCase.test(CompilerTestCase.java:403)
	at com.google.javascript.jscomp.CompilerTestCase.test(CompilerTestCase.java:372)
	at com.google.javascript.jscomp.CompilerTestCase.test(CompilerTestCase.java:360)
	at com.google.javascript.jscomp.InlineVariablesTest.testIssue378ArgumentsRead1(InlineVariablesTest.java:982)
	at sun.reflect.NativeMethodAccessorImpl.invoke0(Native Method)
	at sun.reflect.NativeMethodAccessorImpl.invoke(NativeMethodAccessorImpl.java:57)
	at sun.reflect.DelegatingMethodAccessorImpl.invoke(DelegatingMethodAccessorImpl.java:43)
	at java.lang.reflect.Method.invoke(Method.java:606)
	at junit.framework.TestCase.runTest(TestCase.java:176)
	at junit.framework.TestCase.runBare(TestCase.java:141)
	at junit.framework.TestResult$1.protect(TestResult.java:122)
	at junit.framework.TestResult.runProtected(TestResult.java:142)
	at junit.framework.TestResult.run(TestResult.java:125)
	at junit.framework.TestCase.run(TestCase.java:129)
	at junit.framework.TestSuite.runTest(TestSuite.java:255)
	at junit.framework.TestSuite.run(TestSuite.java:250)
	at org.apache.tools.ant.taskdefs.optional.junit.JUnitTestRunner.run(JUnitTestRunner.java:520)
	at org.apache.tools.ant.taskdefs.optional.junit.JUnitTask.executeInVM(JUnitTask.java:1478)
	at org.apache.tools.ant.taskdefs.optional.junit.JUnitTask.execute(JUnitTask.java:860)
	at org.apache.tools.ant.taskdefs.optional.junit.JUnitTask.executeOrQueue(JUnitTask.java:1968)
	at org.apache.tools.ant.taskdefs.optional.junit.JUnitTask.execute1(JUnitTask.java:812)
	at org.apache.tools.ant.taskdefs.optional.junit.JUnitTask.execute(JUnitTask.java:2271)
	at org.apache.tools.ant.UnknownElement.execute(UnknownElement.java:291)
	at sun.reflect.GeneratedMethodAccessor4.invoke(Unknown Source)
	at sun.reflect.DelegatingMethodAccessorImpl.invoke(DelegatingMethodAccessorImpl.java:43)
	at java.lang.reflect.Method.invoke(Method.java:606)
	at org.apache.tools.ant.dispatch.DispatchUtils.execute(DispatchUtils.java:106)
	at org.apache.tools.ant.Task.perform(Task.java:348)
	at org.apache.tools.ant.Target.execute(Target.java:392)
	at org.apache.tools.ant.Target.performTasks(Target.java:413)
	at org.apache.tools.ant.Project.executeSortedTargets(Project.java:1399)
	at org.apache.tools.ant.Project.executeTarget(Project.java:1368)
	at org.apache.tools.ant.helper.DefaultExecutor.executeTargets(DefaultExecutor.java:41)
	at org.apache.tools.ant.Project.executeTargets(Project.java:1251)
	at org.apache.tools.ant.Main.runBuild(Main.java:811)
	at org.apache.tools.ant.Main.startAnt(Main.java:217)
	at org.apache.tools.ant.launch.Launcher.run(Launcher.java:280)
	at org.apache.tools.ant.launch.Launcher.main(Launcher.java:109)
Caused by: java.lang.NullPointerException
	... 58 more
