--- com.google.javascript.jscomp.CommandLineRunnerTest::testIssue297
junit.framework.AssertionFailedError: 
Expected: function f(b){var a;return(a=b.id)&&(a=parseInt(a.substr(1)))&&0<a}
Result: function f(p){var x$$1;return(x$$1=p.id)&&(x$$1=parseInt(x$$1.substr(1)))&&x$$1>0}
Node tree inequality:
Tree1:
BLOCK [synthetic: 1]
    SCRIPT 1 [synthetic: 1] [source_file: input0] [input_id: InputId: input0]
        FUNCTION f 1 [source_file: input0]
            NAME f 1 [source_file: input0]
            PARAM_LIST 1 [source_file: input0]
                NAME b 1 [source_file: input0]
            BLOCK 1 [source_file: input0]
                VAR 1 [source_file: input0]
                    NAME a 1 [source_file: input0]
                RETURN 1 [source_file: input0]
                    AND 1 [source_file: input0]
                        ASSIGN 1 [source_file: input0]
                            NAME a 1 [source_file: input0]
                            GETPROP 1 [source_file: input0]
                                NAME b 1 [source_file: input0]
                                STRING id 1 [source_file: input0]
                        AND 1 [source_file: input0]
                            ASSIGN 1 [source_file: input0]
                                NAME a 1 [source_file: input0]
                                CALL 1 [free_call: 1] [source_file: input0]
                                    NAME parseInt 1 [source_file: input0]
                                    CALL 1 [source_file: input0]
                                        GETPROP 1 [source_file: input0]
                                            NAME a 1 [source_file: input0]
                                            STRING substr 1 [source_file: input0]
                                        NUMBER 1.0 1 [source_file: input0]
                            LT 1 [source_file: input0]
                                NUMBER 0.0 1 [source_file: input0]
                                NAME a 1 [source_file: input0]


Tree2:
BLOCK [synthetic: 1]
    SCRIPT 1 [synthetic: 1] [source_file: input0] [input_id: InputId: input0]
        FUNCTION f 1 [source_file: input0]
            NAME f 1 [source_file: input0]
            PARAM_LIST 1 [source_file: input0]
                NAME p 1 [source_file: input0]
            BLOCK 1 [source_file: input0]
                VAR 1 [source_file: input0]
                    NAME x$$1 1 [source_file: input0]
                RETURN 1 [source_file: input0]
                    AND 1 [source_file: input0]
                        ASSIGN 1 [source_file: input0]
                            NAME x$$1 1 [source_file: input0]
                            GETPROP 1 [source_file: input0]
                                NAME p 1 [source_file: input0]
                                STRING id 1 [source_file: input0]
                        AND 1 [source_file: input0]
                            ASSIGN 1 [source_file: input0]
                                NAME x$$1 1 [source_file: input0]
                                CALL 1 [free_call: 1] [source_file: input0]
                                    NAME parseInt 1 [source_file: input0]
                                    CALL 1 [source_file: input0]
                                        GETPROP 1 [source_file: input0]
                                            NAME x$$1 1 [source_file: input0]
                                            STRING substr 1 [source_file: input0]
                                        NUMBER 1.0 1 [source_file: input0]
                            GT 1 [source_file: input0]
                                NAME x$$1 1 [source_file: input0]
                                NUMBER 0.0 1 [source_file: input0]


Subtree1: NAME b 1 [source_file: input0]


Subtree2: NAME p 1 [source_file: input0]

	at junit.framework.Assert.fail(Assert.java:57)
	at junit.framework.Assert.assertTrue(Assert.java:22)
	at junit.framework.Assert.assertNull(Assert.java:277)
	at junit.framework.TestCase.assertNull(TestCase.java:447)
	at com.google.javascript.jscomp.CommandLineRunnerTest.test(CommandLineRunnerTest.java:1266)
	at com.google.javascript.jscomp.CommandLineRunnerTest.test(CommandLineRunnerTest.java:1237)
	at com.google.javascript.jscomp.CommandLineRunnerTest.test(CommandLineRunnerTest.java:1229)
	at com.google.javascript.jscomp.CommandLineRunnerTest.testIssue297(CommandLineRunnerTest.java:444)
	at sun.reflect.NativeMethodAccessorImpl.invoke0(Native Method)
	at sun.reflect.NativeMethodAccessorImpl.invoke(NativeMethodAccessorImpl.java:57)
	at sun.reflect.DelegatingMethodAccessorImpl.invoke(DelegatingMethodAccessorImpl.java:43)
	at java.lang.reflect.Method.invoke(Method.java:606)
	at junit.framework.TestCase.runTest(TestCase.java:176)
	at junit.framework.TestCase.runBare(TestCase.java:141)
	at junit.framework.TestResult$1.protect(TestResult.java:122)
	at junit.framework.TestResult.runProtected(TestResult.java:142)
	at junit.framework.TestResult.run(TestResult.java:125)
	at junit.framework.TestCase.run(TestCase.java:129)
	at junit.framework.TestSuite.runTest(TestSuite.java:255)
	at junit.framework.TestSuite.run(TestSuite.java:250)
	at org.apache.tools.ant.taskdefs.optional.junit.JUnitTestRunner.run(JUnitTestRunner.java:520)
	at org.apache.tools.ant.taskdefs.optional.junit.JUnitTask.executeInVM(JUnitTask.java:1478)
	at org.apache.tools.ant.taskdefs.optional.junit.JUnitTask.execute(JUnitTask.java:860)
	at org.apache.tools.ant.taskdefs.optional.junit.JUnitTask.executeOrQueue(JUnitTask.java:1968)
	at org.apache.tools.ant.taskdefs.optional.junit.JUnitTask.execute1(JUnitTask.java:812)
	at org.apache.tools.ant.taskdefs.optional.junit.JUnitTask.execute(JUnitTask.java:2271)
	at org.apache.tools.ant.UnknownElement.execute(UnknownElement.java:291)
	at sun.reflect.GeneratedMethodAccessor4.invoke(Unknown Source)
	at sun.reflect.DelegatingMethodAccessorImpl.invoke(DelegatingMethodAccessorImpl.java:43)
	at java.lang.reflect.Method.invoke(Method.java:606)
	at org.apache.tools.ant.dispatch.DispatchUtils.execute(DispatchUtils.java:106)
	at org.apache.tools.ant.Task.perform(Task.java:348)
	at org.apache.tools.ant.Target.execute(Target.java:392)
	at org.apache.tools.ant.Target.performTasks(Target.java:413)
	at org.apache.tools.ant.Project.executeSortedTargets(Project.java:1399)
	at org.apache.tools.ant.Project.executeTarget(Project.java:1368)
	at org.apache.tools.ant.helper.DefaultExecutor.executeTargets(DefaultExecutor.java:41)
	at org.apache.tools.ant.Project.executeTargets(Project.java:1251)
	at org.apache.tools.ant.Main.runBuild(Main.java:811)
	at org.apache.tools.ant.Main.startAnt(Main.java:217)
	at org.apache.tools.ant.launch.Launcher.run(Launcher.java:280)
	at org.apache.tools.ant.launch.Launcher.main(Launcher.java:109)
--- com.google.javascript.jscomp.InlineVariablesTest::testNoInlineAliasesInLoop
java.lang.RuntimeException: INTERNAL COMPILER ERROR.
Please report this problem.
null
  Node(BLOCK): testcode:1:13
function f() {   for (var i = 0; i < 5; i++) {    var x = extern();    (function() {       var y = x; window.setTimeout(function() { extern(y); }, 0);     })();  }}
  Parent(FUNCTION f): testcode:1:0
function f() {   for (var i = 0; i < 5; i++) {    var x = extern();    (function() {       var y = x; window.setTimeout(function() { extern(y); }, 0);     })();  }}

	at com.google.common.base.Preconditions.checkNotNull(Preconditions.java:191)
	at com.google.javascript.jscomp.ReferenceCollectingCallback$ReferenceCollection.isOnlyAssignmentSameScopeAsDeclaration(ReferenceCollectingCallback.java:446)
	at com.google.javascript.jscomp.InlineVariables$InliningBehavior.inlineNonConstants(InlineVariables.java:301)
	at com.google.javascript.jscomp.InlineVariables$InliningBehavior.doInlinesForScope(InlineVariables.java:219)
	at com.google.javascript.jscomp.InlineVariables$InliningBehavior.afterExitScope(InlineVariables.java:160)
	at com.google.javascript.jscomp.ReferenceCollectingCallback.exitScope(ReferenceCollectingCallback.java:187)
	at com.google.javascript.jscomp.NodeTraversal.popScope(NodeTraversal.java:618)
	at com.google.javascript.jscomp.NodeTraversal.traverseFunction(NodeTraversal.java:576)
	at com.google.javascript.jscomp.NodeTraversal.traverseBranch(NodeTraversal.java:528)
	at com.google.javascript.jscomp.NodeTraversal.traverseBranch(NodeTraversal.java:534)
	at com.google.javascript.jscomp.NodeTraversal.traverseBranch(NodeTraversal.java:534)
	at com.google.javascript.jscomp.NodeTraversal.traverseRoots(NodeTraversal.java:314)
	at com.google.javascript.jscomp.NodeTraversal.traverseRoots(NodeTraversal.java:503)
	at com.google.javascript.jscomp.ReferenceCollectingCallback.process(ReferenceCollectingCallback.java:110)
	at com.google.javascript.jscomp.InlineVariables.process(InlineVariables.java:86)
	at com.google.javascript.jscomp.CompilerTestCase.test(CompilerTestCase.java:845)
	at com.google.javascript.jscomp.CompilerTestCase.test(CompilerTestCase.java:477)
	at com.google.javascript.jscomp.CompilerTestCase.test(CompilerTestCase.java:403)
	at com.google.javascript.jscomp.CompilerTestCase.test(CompilerTestCase.java:372)
	at com.google.javascript.jscomp.CompilerTestCase.test(CompilerTestCase.java:360)
	at com.google.javascript.jscomp.CompilerTestCase.testSame(CompilerTestCase.java:599)
	at com.google.javascript.jscomp.InlineVariablesTest.testNoInlineAliasesInLoop(InlineVariablesTest.java:622)
	at sun.reflect.NativeMethodAccessorImpl.invoke0(Native Method)
	at sun.reflect.NativeMethodAccessorImpl.invoke(NativeMethodAccessorImpl.java:57)
	at sun.reflect.DelegatingMethodAccessorImpl.invoke(DelegatingMethodAccessorImpl.java:43)
	at java.lang.reflect.Method.invoke(Method.java:606)
	at junit.framework.TestCase.runTest(TestCase.java:176)
	at junit.framework.TestCase.runBare(TestCase.java:141)
	at junit.framework.TestResult$1.protect(TestResult.java:122)
	at junit.framework.TestResult.runProtected(TestResult.java:142)
	at junit.framework.TestResult.run(TestResult.java:125)
	at junit.framework.TestCase.run(TestCase.java:129)
	at junit.framework.TestSuite.runTest(TestSuite.java:255)
	at junit.framework.TestSuite.run(TestSuite.java:250)
	at org.apache.tools.ant.taskdefs.optional.junit.JUnitTestRunner.run(JUnitTestRunner.java:520)
	at org.apache.tools.ant.taskdefs.optional.junit.JUnitTask.executeInVM(JUnitTask.java:1478)
	at org.apache.tools.ant.taskdefs.optional.junit.JUnitTask.execute(JUnitTask.java:860)
	at org.apache.tools.ant.taskdefs.optional.junit.JUnitTask.executeOrQueue(JUnitTask.java:1968)
	at org.apache.tools.ant.taskdefs.optional.junit.JUnitTask.execute1(JUnitTask.java:812)
	at org.apache.tools.ant.taskdefs.optional.junit.JUnitTask.execute(JUnitTask.java:2271)
	at org.apache.tools.ant.UnknownElement.execute(UnknownElement.java:291)
	at sun.reflect.GeneratedMethodAccessor4.invoke(Unknown Source)
	at sun.reflect.DelegatingMethodAccessorImpl.invoke(DelegatingMethodAccessorImpl.java:43)
	at java.lang.reflect.Method.invoke(Method.java:606)
	at org.apache.tools.ant.dispatch.DispatchUtils.execute(DispatchUtils.java:106)
	at org.apache.tools.ant.Task.perform(Task.java:348)
	at org.apache.tools.ant.Target.execute(Target.java:392)
	at org.apache.tools.ant.Target.performTasks(Target.java:413)
	at org.apache.tools.ant.Project.executeSortedTargets(Project.java:1399)
	at org.apache.tools.ant.Project.executeTarget(Project.java:1368)
	at org.apache.tools.ant.helper.DefaultExecutor.executeTargets(DefaultExecutor.java:41)
	at org.apache.tools.ant.Project.executeTargets(Project.java:1251)
	at org.apache.tools.ant.Main.runBuild(Main.java:811)
	at org.apache.tools.ant.Main.startAnt(Main.java:217)
	at org.apache.tools.ant.launch.Launcher.run(Launcher.java:280)
	at org.apache.tools.ant.launch.Launcher.main(Launcher.java:109)
Caused by: java.lang.NullPointerException
	... 56 more
--- com.google.javascript.jscomp.InlineVariablesTest::testNoInlineAliases1b
java.lang.RuntimeException: INTERNAL COMPILER ERROR.
Please report this problem.
null
  Node(BLOCK): [source unknown]
  Parent(BLOCK): [source unknown]

	at com.google.common.base.Preconditions.checkNotNull(Preconditions.java:191)
	at com.google.javascript.jscomp.ReferenceCollectingCallback$ReferenceCollection.isOnlyAssignmentSameScopeAsDeclaration(ReferenceCollectingCallback.java:446)
	at com.google.javascript.jscomp.InlineVariables$InliningBehavior.inlineNonConstants(InlineVariables.java:301)
	at com.google.javascript.jscomp.InlineVariables$InliningBehavior.doInlinesForScope(InlineVariables.java:219)
	at com.google.javascript.jscomp.InlineVariables$InliningBehavior.afterExitScope(InlineVariables.java:160)
	at com.google.javascript.jscomp.ReferenceCollectingCallback.exitScope(ReferenceCollectingCallback.java:185)
	at com.google.javascript.jscomp.NodeTraversal.popScope(NodeTraversal.java:618)
	at com.google.javascript.jscomp.NodeTraversal.traverseRoots(NodeTraversal.java:317)
	at com.google.javascript.jscomp.NodeTraversal.traverseRoots(NodeTraversal.java:503)
	at com.google.javascript.jscomp.ReferenceCollectingCallback.process(ReferenceCollectingCallback.java:110)
	at com.google.javascript.jscomp.InlineVariables.process(InlineVariables.java:86)
	at com.google.javascript.jscomp.CompilerTestCase.test(CompilerTestCase.java:845)
	at com.google.javascript.jscomp.CompilerTestCase.test(CompilerTestCase.java:477)
	at com.google.javascript.jscomp.CompilerTestCase.test(CompilerTestCase.java:403)
	at com.google.javascript.jscomp.CompilerTestCase.test(CompilerTestCase.java:372)
	at com.google.javascript.jscomp.CompilerTestCase.test(CompilerTestCase.java:360)
	at com.google.javascript.jscomp.CompilerTestCase.testSame(CompilerTestCase.java:599)
	at com.google.javascript.jscomp.InlineVariablesTest.testNoInlineAliases1b(InlineVariablesTest.java:639)
	at sun.reflect.NativeMethodAccessorImpl.invoke0(Native Method)
	at sun.reflect.NativeMethodAccessorImpl.invoke(NativeMethodAccessorImpl.java:57)
	at sun.reflect.DelegatingMethodAccessorImpl.invoke(DelegatingMethodAccessorImpl.java:43)
	at java.lang.reflect.Method.invoke(Method.java:606)
	at junit.framework.TestCase.runTest(TestCase.java:176)
	at junit.framework.TestCase.runBare(TestCase.java:141)
	at junit.framework.TestResult$1.protect(TestResult.java:122)
	at junit.framework.TestResult.runProtected(TestResult.java:142)
	at junit.framework.TestResult.run(TestResult.java:125)
	at junit.framework.TestCase.run(TestCase.java:129)
	at junit.framework.TestSuite.runTest(TestSuite.java:255)
	at junit.framework.TestSuite.run(TestSuite.java:250)
	at org.apache.tools.ant.taskdefs.optional.junit.JUnitTestRunner.run(JUnitTestRunner.java:520)
	at org.apache.tools.ant.taskdefs.optional.junit.JUnitTask.executeInVM(JUnitTask.java:1478)
	at org.apache.tools.ant.taskdefs.optional.junit.JUnitTask.execute(JUnitTask.java:860)
	at org.apache.tools.ant.taskdefs.optional.junit.JUnitTask.executeOrQueue(JUnitTask.java:1968)
	at org.apache.tools.ant.taskdefs.optional.junit.JUnitTask.execute1(JUnitTask.java:812)
	at org.apache.tools.ant.taskdefs.optional.junit.JUnitTask.execute(JUnitTask.java:2271)
	at org.apache.tools.ant.UnknownElement.execute(UnknownElement.java:291)
	at sun.reflect.GeneratedMethodAccessor4.invoke(Unknown Source)
	at sun.reflect.DelegatingMethodAccessorImpl.invoke(DelegatingMethodAccessorImpl.java:43)
	at java.lang.reflect.Method.invoke(Method.java:606)
	at org.apache.tools.ant.dispatch.DispatchUtils.execute(DispatchUtils.java:106)
	at org.apache.tools.ant.Task.perform(Task.java:348)
	at org.apache.tools.ant.Target.execute(Target.java:392)
	at org.apache.tools.ant.Target.performTasks(Target.java:413)
	at org.apache.tools.ant.Project.executeSortedTargets(Project.java:1399)
	at org.apache.tools.ant.Project.executeTarget(Project.java:1368)
	at org.apache.tools.ant.helper.DefaultExecutor.executeTargets(DefaultExecutor.java:41)
	at org.apache.tools.ant.Project.executeTargets(Project.java:1251)
	at org.apache.tools.ant.Main.runBuild(Main.java:811)
	at org.apache.tools.ant.Main.startAnt(Main.java:217)
	at org.apache.tools.ant.launch.Launcher.run(Launcher.java:280)
	at org.apache.tools.ant.launch.Launcher.main(Launcher.java:109)
Caused by: java.lang.NullPointerException
	... 52 more
--- com.google.javascript.jscomp.InlineVariablesTest::testNoInlineAliases2b
java.lang.RuntimeException: INTERNAL COMPILER ERROR.
Please report this problem.
null
  Node(BLOCK): [source unknown]
  Parent(BLOCK): [source unknown]

	at com.google.common.base.Preconditions.checkNotNull(Preconditions.java:191)
	at com.google.javascript.jscomp.ReferenceCollectingCallback$ReferenceCollection.isOnlyAssignmentSameScopeAsDeclaration(ReferenceCollectingCallback.java:446)
	at com.google.javascript.jscomp.InlineVariables$InliningBehavior.inlineNonConstants(InlineVariables.java:301)
	at com.google.javascript.jscomp.InlineVariables$InliningBehavior.doInlinesForScope(InlineVariables.java:219)
	at com.google.javascript.jscomp.InlineVariables$InliningBehavior.afterExitScope(InlineVariables.java:160)
	at com.google.javascript.jscomp.ReferenceCollectingCallback.exitScope(ReferenceCollectingCallback.java:185)
	at com.google.javascript.jscomp.NodeTraversal.popScope(NodeTraversal.java:618)
	at com.google.javascript.jscomp.NodeTraversal.traverseRoots(NodeTraversal.java:317)
	at com.google.javascript.jscomp.NodeTraversal.traverseRoots(NodeTraversal.java:503)
	at com.google.javascript.jscomp.ReferenceCollectingCallback.process(ReferenceCollectingCallback.java:110)
	at com.google.javascript.jscomp.InlineVariables.process(InlineVariables.java:86)
	at com.google.javascript.jscomp.CompilerTestCase.test(CompilerTestCase.java:845)
	at com.google.javascript.jscomp.CompilerTestCase.test(CompilerTestCase.java:477)
	at com.google.javascript.jscomp.CompilerTestCase.test(CompilerTestCase.java:403)
	at com.google.javascript.jscomp.CompilerTestCase.test(CompilerTestCase.java:372)
	at com.google.javascript.jscomp.CompilerTestCase.test(CompilerTestCase.java:360)
	at com.google.javascript.jscomp.CompilerTestCase.testSame(CompilerTestCase.java:599)
	at com.google.javascript.jscomp.InlineVariablesTest.testNoInlineAliases2b(InlineVariablesTest.java:649)
	at sun.reflect.NativeMethodAccessorImpl.invoke0(Native Method)
	at sun.reflect.NativeMethodAccessorImpl.invoke(NativeMethodAccessorImpl.java:57)
	at sun.reflect.DelegatingMethodAccessorImpl.invoke(DelegatingMethodAccessorImpl.java:43)
	at java.lang.reflect.Method.invoke(Method.java:606)
	at junit.framework.TestCase.runTest(TestCase.java:176)
	at junit.framework.TestCase.runBare(TestCase.java:141)
	at junit.framework.TestResult$1.protect(TestResult.java:122)
	at junit.framework.TestResult.runProtected(TestResult.java:142)
	at junit.framework.TestResult.run(TestResult.java:125)
	at junit.framework.TestCase.run(TestCase.java:129)
	at junit.framework.TestSuite.runTest(TestSuite.java:255)
	at junit.framework.TestSuite.run(TestSuite.java:250)
	at org.apache.tools.ant.taskdefs.optional.junit.JUnitTestRunner.run(JUnitTestRunner.java:520)
	at org.apache.tools.ant.taskdefs.optional.junit.JUnitTask.executeInVM(JUnitTask.java:1478)
	at org.apache.tools.ant.taskdefs.optional.junit.JUnitTask.execute(JUnitTask.java:860)
	at org.apache.tools.ant.taskdefs.optional.junit.JUnitTask.executeOrQueue(JUnitTask.java:1968)
	at org.apache.tools.ant.taskdefs.optional.junit.JUnitTask.execute1(JUnitTask.java:812)
	at org.apache.tools.ant.taskdefs.optional.junit.JUnitTask.execute(JUnitTask.java:2271)
	at org.apache.tools.ant.UnknownElement.execute(UnknownElement.java:291)
	at sun.reflect.GeneratedMethodAccessor4.invoke(Unknown Source)
	at sun.reflect.DelegatingMethodAccessorImpl.invoke(DelegatingMethodAccessorImpl.java:43)
	at java.lang.reflect.Method.invoke(Method.java:606)
	at org.apache.tools.ant.dispatch.DispatchUtils.execute(DispatchUtils.java:106)
	at org.apache.tools.ant.Task.perform(Task.java:348)
	at org.apache.tools.ant.Target.execute(Target.java:392)
	at org.apache.tools.ant.Target.performTasks(Target.java:413)
	at org.apache.tools.ant.Project.executeSortedTargets(Project.java:1399)
	at org.apache.tools.ant.Project.executeTarget(Project.java:1368)
	at org.apache.tools.ant.helper.DefaultExecutor.executeTargets(DefaultExecutor.java:41)
	at org.apache.tools.ant.Project.executeTargets(Project.java:1251)
	at org.apache.tools.ant.Main.runBuild(Main.java:811)
	at org.apache.tools.ant.Main.startAnt(Main.java:217)
	at org.apache.tools.ant.launch.Launcher.run(Launcher.java:280)
	at org.apache.tools.ant.launch.Launcher.main(Launcher.java:109)
Caused by: java.lang.NullPointerException
	... 52 more
--- com.google.javascript.jscomp.InlineVariablesTest::testNoInlineAliases4b
java.lang.RuntimeException: INTERNAL COMPILER ERROR.
Please report this problem.
null
  Node(BLOCK): testcode:1:45
var x = this.foo(); this.bar(); function f() { var y; y = x; y = 3; this.baz(y); }
  Parent(FUNCTION f): testcode:1:32
var x = this.foo(); this.bar(); function f() { var y; y = x; y = 3; this.baz(y); }

	at com.google.common.base.Preconditions.checkNotNull(Preconditions.java:191)
	at com.google.javascript.jscomp.ReferenceCollectingCallback$ReferenceCollection.isOnlyAssignmentSameScopeAsDeclaration(ReferenceCollectingCallback.java:446)
	at com.google.javascript.jscomp.InlineVariables$InliningBehavior.inlineNonConstants(InlineVariables.java:301)
	at com.google.javascript.jscomp.InlineVariables$InliningBehavior.doInlinesForScope(InlineVariables.java:219)
	at com.google.javascript.jscomp.InlineVariables$InliningBehavior.afterExitScope(InlineVariables.java:160)
	at com.google.javascript.jscomp.ReferenceCollectingCallback.exitScope(ReferenceCollectingCallback.java:187)
	at com.google.javascript.jscomp.NodeTraversal.popScope(NodeTraversal.java:618)
	at com.google.javascript.jscomp.NodeTraversal.traverseFunction(NodeTraversal.java:576)
	at com.google.javascript.jscomp.NodeTraversal.traverseBranch(NodeTraversal.java:528)
	at com.google.javascript.jscomp.NodeTraversal.traverseBranch(NodeTraversal.java:534)
	at com.google.javascript.jscomp.NodeTraversal.traverseBranch(NodeTraversal.java:534)
	at com.google.javascript.jscomp.NodeTraversal.traverseRoots(NodeTraversal.java:314)
	at com.google.javascript.jscomp.NodeTraversal.traverseRoots(NodeTraversal.java:503)
	at com.google.javascript.jscomp.ReferenceCollectingCallback.process(ReferenceCollectingCallback.java:110)
	at com.google.javascript.jscomp.InlineVariables.process(InlineVariables.java:86)
	at com.google.javascript.jscomp.CompilerTestCase.test(CompilerTestCase.java:845)
	at com.google.javascript.jscomp.CompilerTestCase.test(CompilerTestCase.java:477)
	at com.google.javascript.jscomp.CompilerTestCase.test(CompilerTestCase.java:403)
	at com.google.javascript.jscomp.CompilerTestCase.test(CompilerTestCase.java:372)
	at com.google.javascript.jscomp.CompilerTestCase.test(CompilerTestCase.java:360)
	at com.google.javascript.jscomp.CompilerTestCase.testSame(CompilerTestCase.java:599)
	at com.google.javascript.jscomp.InlineVariablesTest.testNoInlineAliases4b(InlineVariablesTest.java:674)
	at sun.reflect.NativeMethodAccessorImpl.invoke0(Native Method)
	at sun.reflect.NativeMethodAccessorImpl.invoke(NativeMethodAccessorImpl.java:57)
	at sun.reflect.DelegatingMethodAccessorImpl.invoke(DelegatingMethodAccessorImpl.java:43)
	at java.lang.reflect.Method.invoke(Method.java:606)
	at junit.framework.TestCase.runTest(TestCase.java:176)
	at junit.framework.TestCase.runBare(TestCase.java:141)
	at junit.framework.TestResult$1.protect(TestResult.java:122)
	at junit.framework.TestResult.runProtected(TestResult.java:142)
	at junit.framework.TestResult.run(TestResult.java:125)
	at junit.framework.TestCase.run(TestCase.java:129)
	at junit.framework.TestSuite.runTest(TestSuite.java:255)
	at junit.framework.TestSuite.run(TestSuite.java:250)
	at org.apache.tools.ant.taskdefs.optional.junit.JUnitTestRunner.run(JUnitTestRunner.java:520)
	at org.apache.tools.ant.taskdefs.optional.junit.JUnitTask.executeInVM(JUnitTask.java:1478)
	at org.apache.tools.ant.taskdefs.optional.junit.JUnitTask.execute(JUnitTask.java:860)
	at org.apache.tools.ant.taskdefs.optional.junit.JUnitTask.executeOrQueue(JUnitTask.java:1968)
	at org.apache.tools.ant.taskdefs.optional.junit.JUnitTask.execute1(JUnitTask.java:812)
	at org.apache.tools.ant.taskdefs.optional.junit.JUnitTask.execute(JUnitTask.java:2271)
	at org.apache.tools.ant.UnknownElement.execute(UnknownElement.java:291)
	at sun.reflect.GeneratedMethodAccessor4.invoke(Unknown Source)
	at sun.reflect.DelegatingMethodAccessorImpl.invoke(DelegatingMethodAccessorImpl.java:43)
	at java.lang.reflect.Method.invoke(Method.java:606)
	at org.apache.tools.ant.dispatch.DispatchUtils.execute(DispatchUtils.java:106)
	at org.apache.tools.ant.Task.perform(Task.java:348)
	at org.apache.tools.ant.Target.execute(Target.java:392)
	at org.apache.tools.ant.Target.performTasks(Target.java:413)
	at org.apache.tools.ant.Project.executeSortedTargets(Project.java:1399)
	at org.apache.tools.ant.Project.executeTarget(Project.java:1368)
	at org.apache.tools.ant.helper.DefaultExecutor.executeTargets(DefaultExecutor.java:41)
	at org.apache.tools.ant.Project.executeTargets(Project.java:1251)
	at org.apache.tools.ant.Main.runBuild(Main.java:811)
	at org.apache.tools.ant.Main.startAnt(Main.java:217)
	at org.apache.tools.ant.launch.Launcher.run(Launcher.java:280)
	at org.apache.tools.ant.launch.Launcher.main(Launcher.java:109)
Caused by: java.lang.NullPointerException
	... 56 more
--- com.google.javascript.jscomp.InlineVariablesTest::testNoInlineAliases5b
java.lang.RuntimeException: INTERNAL COMPILER ERROR.
Please report this problem.
null
  Node(BLOCK): [source unknown]
  Parent(BLOCK): [source unknown]

	at com.google.common.base.Preconditions.checkNotNull(Preconditions.java:191)
	at com.google.javascript.jscomp.ReferenceCollectingCallback$ReferenceCollection.isOnlyAssignmentSameScopeAsDeclaration(ReferenceCollectingCallback.java:446)
	at com.google.javascript.jscomp.InlineVariables$InliningBehavior.inlineNonConstants(InlineVariables.java:301)
	at com.google.javascript.jscomp.InlineVariables$InliningBehavior.doInlinesForScope(InlineVariables.java:219)
	at com.google.javascript.jscomp.InlineVariables$InliningBehavior.afterExitScope(InlineVariables.java:160)
	at com.google.javascript.jscomp.ReferenceCollectingCallback.exitScope(ReferenceCollectingCallback.java:185)
	at com.google.javascript.jscomp.NodeTraversal.popScope(NodeTraversal.java:618)
	at com.google.javascript.jscomp.NodeTraversal.traverseRoots(NodeTraversal.java:317)
	at com.google.javascript.jscomp.NodeTraversal.traverseRoots(NodeTraversal.java:503)
	at com.google.javascript.jscomp.ReferenceCollectingCallback.process(ReferenceCollectingCallback.java:110)
	at com.google.javascript.jscomp.InlineVariables.process(InlineVariables.java:86)
	at com.google.javascript.jscomp.CompilerTestCase.test(CompilerTestCase.java:845)
	at com.google.javascript.jscomp.CompilerTestCase.test(CompilerTestCase.java:477)
	at com.google.javascript.jscomp.CompilerTestCase.test(CompilerTestCase.java:403)
	at com.google.javascript.jscomp.CompilerTestCase.test(CompilerTestCase.java:372)
	at com.google.javascript.jscomp.CompilerTestCase.test(CompilerTestCase.java:360)
	at com.google.javascript.jscomp.CompilerTestCase.testSame(CompilerTestCase.java:599)
	at com.google.javascript.jscomp.InlineVariablesTest.testNoInlineAliases5b(InlineVariablesTest.java:686)
	at sun.reflect.NativeMethodAccessorImpl.invoke0(Native Method)
	at sun.reflect.NativeMethodAccessorImpl.invoke(NativeMethodAccessorImpl.java:57)
	at sun.reflect.DelegatingMethodAccessorImpl.invoke(DelegatingMethodAccessorImpl.java:43)
	at java.lang.reflect.Method.invoke(Method.java:606)
	at junit.framework.TestCase.runTest(TestCase.java:176)
	at junit.framework.TestCase.runBare(TestCase.java:141)
	at junit.framework.TestResult$1.protect(TestResult.java:122)
	at junit.framework.TestResult.runProtected(TestResult.java:142)
	at junit.framework.TestResult.run(TestResult.java:125)
	at junit.framework.TestCase.run(TestCase.java:129)
	at junit.framework.TestSuite.runTest(TestSuite.java:255)
	at junit.framework.TestSuite.run(TestSuite.java:250)
	at org.apache.tools.ant.taskdefs.optional.junit.JUnitTestRunner.run(JUnitTestRunner.java:520)
	at org.apache.tools.ant.taskdefs.optional.junit.JUnitTask.executeInVM(JUnitTask.java:1478)
	at org.apache.tools.ant.taskdefs.optional.junit.JUnitTask.execute(JUnitTask.java:860)
	at org.apache.tools.ant.taskdefs.optional.junit.JUnitTask.executeOrQueue(JUnitTask.java:1968)
	at org.apache.tools.ant.taskdefs.optional.junit.JUnitTask.execute1(JUnitTask.java:812)
	at org.apache.tools.ant.taskdefs.optional.junit.JUnitTask.execute(JUnitTask.java:2271)
	at org.apache.tools.ant.UnknownElement.execute(UnknownElement.java:291)
	at sun.reflect.GeneratedMethodAccessor4.invoke(Unknown Source)
	at sun.reflect.DelegatingMethodAccessorImpl.invoke(DelegatingMethodAccessorImpl.java:43)
	at java.lang.reflect.Method.invoke(Method.java:606)
	at org.apache.tools.ant.dispatch.DispatchUtils.execute(DispatchUtils.java:106)
	at org.apache.tools.ant.Task.perform(Task.java:348)
	at org.apache.tools.ant.Target.execute(Target.java:392)
	at org.apache.tools.ant.Target.performTasks(Target.java:413)
	at org.apache.tools.ant.Project.executeSortedTargets(Project.java:1399)
	at org.apache.tools.ant.Project.executeTarget(Project.java:1368)
	at org.apache.tools.ant.helper.DefaultExecutor.executeTargets(DefaultExecutor.java:41)
	at org.apache.tools.ant.Project.executeTargets(Project.java:1251)
	at org.apache.tools.ant.Main.runBuild(Main.java:811)
	at org.apache.tools.ant.Main.startAnt(Main.java:217)
	at org.apache.tools.ant.launch.Launcher.run(Launcher.java:280)
	at org.apache.tools.ant.launch.Launcher.main(Launcher.java:109)
Caused by: java.lang.NullPointerException
	... 52 more
--- com.google.javascript.jscomp.InlineVariablesTest::testNoInlineAliases6b
java.lang.RuntimeException: INTERNAL COMPILER ERROR.
Please report this problem.
null
  Node(BLOCK): [source unknown]
  Parent(BLOCK): [source unknown]

	at com.google.common.base.Preconditions.checkNotNull(Preconditions.java:191)
	at com.google.javascript.jscomp.ReferenceCollectingCallback$ReferenceCollection.isOnlyAssignmentSameScopeAsDeclaration(ReferenceCollectingCallback.java:446)
	at com.google.javascript.jscomp.InlineVariables$InliningBehavior.inlineNonConstants(InlineVariables.java:301)
	at com.google.javascript.jscomp.InlineVariables$InliningBehavior.doInlinesForScope(InlineVariables.java:219)
	at com.google.javascript.jscomp.InlineVariables$InliningBehavior.afterExitScope(InlineVariables.java:160)
	at com.google.javascript.jscomp.ReferenceCollectingCallback.exitScope(ReferenceCollectingCallback.java:185)
	at com.google.javascript.jscomp.NodeTraversal.popScope(NodeTraversal.java:618)
	at com.google.javascript.jscomp.NodeTraversal.traverseRoots(NodeTraversal.java:317)
	at com.google.javascript.jscomp.NodeTraversal.traverseRoots(NodeTraversal.java:503)
	at com.google.javascript.jscomp.ReferenceCollectingCallback.process(ReferenceCollectingCallback.java:110)
	at com.google.javascript.jscomp.InlineVariables.process(InlineVariables.java:86)
	at com.google.javascript.jscomp.CompilerTestCase.test(CompilerTestCase.java:845)
	at com.google.javascript.jscomp.CompilerTestCase.test(CompilerTestCase.java:477)
	at com.google.javascript.jscomp.CompilerTestCase.test(CompilerTestCase.java:403)
	at com.google.javascript.jscomp.CompilerTestCase.test(CompilerTestCase.java:372)
	at com.google.javascript.jscomp.CompilerTestCase.test(CompilerTestCase.java:360)
	at com.google.javascript.jscomp.CompilerTestCase.testSame(CompilerTestCase.java:599)
	at com.google.javascript.jscomp.InlineVariablesTest.testNoInlineAliases6b(InlineVariablesTest.java:698)
	at sun.reflect.NativeMethodAccessorImpl.invoke0(Native Method)
	at sun.reflect.NativeMethodAccessorImpl.invoke(NativeMethodAccessorImpl.java:57)
	at sun.reflect.DelegatingMethodAccessorImpl.invoke(DelegatingMethodAccessorImpl.java:43)
	at java.lang.reflect.Method.invoke(Method.java:606)
	at junit.framework.TestCase.runTest(TestCase.java:176)
	at junit.framework.TestCase.runBare(TestCase.java:141)
	at junit.framework.TestResult$1.protect(TestResult.java:122)
	at junit.framework.TestResult.runProtected(TestResult.java:142)
	at junit.framework.TestResult.run(TestResult.java:125)
	at junit.framework.TestCase.run(TestCase.java:129)
	at junit.framework.TestSuite.runTest(TestSuite.java:255)
	at junit.framework.TestSuite.run(TestSuite.java:250)
	at org.apache.tools.ant.taskdefs.optional.junit.JUnitTestRunner.run(JUnitTestRunner.java:520)
	at org.apache.tools.ant.taskdefs.optional.junit.JUnitTask.executeInVM(JUnitTask.java:1478)
	at org.apache.tools.ant.taskdefs.optional.junit.JUnitTask.execute(JUnitTask.java:860)
	at org.apache.tools.ant.taskdefs.optional.junit.JUnitTask.executeOrQueue(JUnitTask.java:1968)
	at org.apache.tools.ant.taskdefs.optional.junit.JUnitTask.execute1(JUnitTask.java:812)
	at org.apache.tools.ant.taskdefs.optional.junit.JUnitTask.execute(JUnitTask.java:2271)
	at org.apache.tools.ant.UnknownElement.execute(UnknownElement.java:291)
	at sun.reflect.GeneratedMethodAccessor4.invoke(Unknown Source)
	at sun.reflect.DelegatingMethodAccessorImpl.invoke(DelegatingMethodAccessorImpl.java:43)
	at java.lang.reflect.Method.invoke(Method.java:606)
	at org.apache.tools.ant.dispatch.DispatchUtils.execute(DispatchUtils.java:106)
	at org.apache.tools.ant.Task.perform(Task.java:348)
	at org.apache.tools.ant.Target.execute(Target.java:392)
	at org.apache.tools.ant.Target.performTasks(Target.java:413)
	at org.apache.tools.ant.Project.executeSortedTargets(Project.java:1399)
	at org.apache.tools.ant.Project.executeTarget(Project.java:1368)
	at org.apache.tools.ant.helper.DefaultExecutor.executeTargets(DefaultExecutor.java:41)
	at org.apache.tools.ant.Project.executeTargets(Project.java:1251)
	at org.apache.tools.ant.Main.runBuild(Main.java:811)
	at org.apache.tools.ant.Main.startAnt(Main.java:217)
	at org.apache.tools.ant.launch.Launcher.run(Launcher.java:280)
	at org.apache.tools.ant.launch.Launcher.main(Launcher.java:109)
Caused by: java.lang.NullPointerException
	... 52 more
--- com.google.javascript.jscomp.InlineVariablesTest::testNoInlineAliases8b
java.lang.RuntimeException: INTERNAL COMPILER ERROR.
Please report this problem.
null
  Node(BLOCK): testcode:1:45
var x = this.foo(); this.bar(); function f() { var y; y = x; this.baz(y); y = 3; }
  Parent(FUNCTION f): testcode:1:32
var x = this.foo(); this.bar(); function f() { var y; y = x; this.baz(y); y = 3; }

	at com.google.common.base.Preconditions.checkNotNull(Preconditions.java:191)
	at com.google.javascript.jscomp.ReferenceCollectingCallback$ReferenceCollection.isOnlyAssignmentSameScopeAsDeclaration(ReferenceCollectingCallback.java:446)
	at com.google.javascript.jscomp.InlineVariables$InliningBehavior.inlineNonConstants(InlineVariables.java:301)
	at com.google.javascript.jscomp.InlineVariables$InliningBehavior.doInlinesForScope(InlineVariables.java:219)
	at com.google.javascript.jscomp.InlineVariables$InliningBehavior.afterExitScope(InlineVariables.java:160)
	at com.google.javascript.jscomp.ReferenceCollectingCallback.exitScope(ReferenceCollectingCallback.java:187)
	at com.google.javascript.jscomp.NodeTraversal.popScope(NodeTraversal.java:618)
	at com.google.javascript.jscomp.NodeTraversal.traverseFunction(NodeTraversal.java:576)
	at com.google.javascript.jscomp.NodeTraversal.traverseBranch(NodeTraversal.java:528)
	at com.google.javascript.jscomp.NodeTraversal.traverseBranch(NodeTraversal.java:534)
	at com.google.javascript.jscomp.NodeTraversal.traverseBranch(NodeTraversal.java:534)
	at com.google.javascript.jscomp.NodeTraversal.traverseRoots(NodeTraversal.java:314)
	at com.google.javascript.jscomp.NodeTraversal.traverseRoots(NodeTraversal.java:503)
	at com.google.javascript.jscomp.ReferenceCollectingCallback.process(ReferenceCollectingCallback.java:110)
	at com.google.javascript.jscomp.InlineVariables.process(InlineVariables.java:86)
	at com.google.javascript.jscomp.CompilerTestCase.test(CompilerTestCase.java:845)
	at com.google.javascript.jscomp.CompilerTestCase.test(CompilerTestCase.java:477)
	at com.google.javascript.jscomp.CompilerTestCase.test(CompilerTestCase.java:403)
	at com.google.javascript.jscomp.CompilerTestCase.test(CompilerTestCase.java:372)
	at com.google.javascript.jscomp.CompilerTestCase.test(CompilerTestCase.java:360)
	at com.google.javascript.jscomp.CompilerTestCase.testSame(CompilerTestCase.java:599)
	at com.google.javascript.jscomp.InlineVariablesTest.testNoInlineAliases8b(InlineVariablesTest.java:722)
	at sun.reflect.NativeMethodAccessorImpl.invoke0(Native Method)
	at sun.reflect.NativeMethodAccessorImpl.invoke(NativeMethodAccessorImpl.java:57)
	at sun.reflect.DelegatingMethodAccessorImpl.invoke(DelegatingMethodAccessorImpl.java:43)
	at java.lang.reflect.Method.invoke(Method.java:606)
	at junit.framework.TestCase.runTest(TestCase.java:176)
	at junit.framework.TestCase.runBare(TestCase.java:141)
	at junit.framework.TestResult$1.protect(TestResult.java:122)
	at junit.framework.TestResult.runProtected(TestResult.java:142)
	at junit.framework.TestResult.run(TestResult.java:125)
	at junit.framework.TestCase.run(TestCase.java:129)
	at junit.framework.TestSuite.runTest(TestSuite.java:255)
	at junit.framework.TestSuite.run(TestSuite.java:250)
	at org.apache.tools.ant.taskdefs.optional.junit.JUnitTestRunner.run(JUnitTestRunner.java:520)
	at org.apache.tools.ant.taskdefs.optional.junit.JUnitTask.executeInVM(JUnitTask.java:1478)
	at org.apache.tools.ant.taskdefs.optional.junit.JUnitTask.execute(JUnitTask.java:860)
	at org.apache.tools.ant.taskdefs.optional.junit.JUnitTask.executeOrQueue(JUnitTask.java:1968)
	at org.apache.tools.ant.taskdefs.optional.junit.JUnitTask.execute1(JUnitTask.java:812)
	at org.apache.tools.ant.taskdefs.optional.junit.JUnitTask.execute(JUnitTask.java:2271)
	at org.apache.tools.ant.UnknownElement.execute(UnknownElement.java:291)
	at sun.reflect.GeneratedMethodAccessor4.invoke(Unknown Source)
	at sun.reflect.DelegatingMethodAccessorImpl.invoke(DelegatingMethodAccessorImpl.java:43)
	at java.lang.reflect.Method.invoke(Method.java:606)
	at org.apache.tools.ant.dispatch.DispatchUtils.execute(DispatchUtils.java:106)
	at org.apache.tools.ant.Task.perform(Task.java:348)
	at org.apache.tools.ant.Target.execute(Target.java:392)
	at org.apache.tools.ant.Target.performTasks(Target.java:413)
	at org.apache.tools.ant.Project.executeSortedTargets(Project.java:1399)
	at org.apache.tools.ant.Project.executeTarget(Project.java:1368)
	at org.apache.tools.ant.helper.DefaultExecutor.executeTargets(DefaultExecutor.java:41)
	at org.apache.tools.ant.Project.executeTargets(Project.java:1251)
	at org.apache.tools.ant.Main.runBuild(Main.java:811)
	at org.apache.tools.ant.Main.startAnt(Main.java:217)
	at org.apache.tools.ant.launch.Launcher.run(Launcher.java:280)
	at org.apache.tools.ant.launch.Launcher.main(Launcher.java:109)
Caused by: java.lang.NullPointerException
	... 56 more
--- com.google.javascript.jscomp.InlineVariablesTest::testForIn
java.lang.RuntimeException: INTERNAL COMPILER ERROR.
Please report this problem.
null
  Node(BLOCK): [source unknown]
  Parent(BLOCK): [source unknown]

	at com.google.common.base.Preconditions.checkNotNull(Preconditions.java:191)
	at com.google.javascript.jscomp.ReferenceCollectingCallback$ReferenceCollection.isOnlyAssignmentSameScopeAsDeclaration(ReferenceCollectingCallback.java:446)
	at com.google.javascript.jscomp.InlineVariables$InliningBehavior.inlineNonConstants(InlineVariables.java:301)
	at com.google.javascript.jscomp.InlineVariables$InliningBehavior.doInlinesForScope(InlineVariables.java:219)
	at com.google.javascript.jscomp.InlineVariables$InliningBehavior.afterExitScope(InlineVariables.java:160)
	at com.google.javascript.jscomp.ReferenceCollectingCallback.exitScope(ReferenceCollectingCallback.java:185)
	at com.google.javascript.jscomp.NodeTraversal.popScope(NodeTraversal.java:618)
	at com.google.javascript.jscomp.NodeTraversal.traverseRoots(NodeTraversal.java:317)
	at com.google.javascript.jscomp.NodeTraversal.traverseRoots(NodeTraversal.java:503)
	at com.google.javascript.jscomp.ReferenceCollectingCallback.process(ReferenceCollectingCallback.java:110)
	at com.google.javascript.jscomp.InlineVariables.process(InlineVariables.java:86)
	at com.google.javascript.jscomp.CompilerTestCase.test(CompilerTestCase.java:845)
	at com.google.javascript.jscomp.CompilerTestCase.test(CompilerTestCase.java:477)
	at com.google.javascript.jscomp.CompilerTestCase.test(CompilerTestCase.java:403)
	at com.google.javascript.jscomp.CompilerTestCase.test(CompilerTestCase.java:372)
	at com.google.javascript.jscomp.CompilerTestCase.test(CompilerTestCase.java:360)
	at com.google.javascript.jscomp.CompilerTestCase.testSame(CompilerTestCase.java:599)
	at com.google.javascript.jscomp.InlineVariablesTest.testForIn(InlineVariablesTest.java:328)
	at sun.reflect.NativeMethodAccessorImpl.invoke0(Native Method)
	at sun.reflect.NativeMethodAccessorImpl.invoke(NativeMethodAccessorImpl.java:57)
	at sun.reflect.DelegatingMethodAccessorImpl.invoke(DelegatingMethodAccessorImpl.java:43)
	at java.lang.reflect.Method.invoke(Method.java:606)
	at junit.framework.TestCase.runTest(TestCase.java:176)
	at junit.framework.TestCase.runBare(TestCase.java:141)
	at junit.framework.TestResult$1.protect(TestResult.java:122)
	at junit.framework.TestResult.runProtected(TestResult.java:142)
	at junit.framework.TestResult.run(TestResult.java:125)
	at junit.framework.TestCase.run(TestCase.java:129)
	at junit.framework.TestSuite.runTest(TestSuite.java:255)
	at junit.framework.TestSuite.run(TestSuite.java:250)
	at org.apache.tools.ant.taskdefs.optional.junit.JUnitTestRunner.run(JUnitTestRunner.java:520)
	at org.apache.tools.ant.taskdefs.optional.junit.JUnitTask.executeInVM(JUnitTask.java:1478)
	at org.apache.tools.ant.taskdefs.optional.junit.JUnitTask.execute(JUnitTask.java:860)
	at org.apache.tools.ant.taskdefs.optional.junit.JUnitTask.executeOrQueue(JUnitTask.java:1968)
	at org.apache.tools.ant.taskdefs.optional.junit.JUnitTask.execute1(JUnitTask.java:812)
	at org.apache.tools.ant.taskdefs.optional.junit.JUnitTask.execute(JUnitTask.java:2271)
	at org.apache.tools.ant.UnknownElement.execute(UnknownElement.java:291)
	at sun.reflect.GeneratedMethodAccessor4.invoke(Unknown Source)
	at sun.reflect.DelegatingMethodAccessorImpl.invoke(DelegatingMethodAccessorImpl.java:43)
	at java.lang.reflect.Method.invoke(Method.java:606)
	at org.apache.tools.ant.dispatch.DispatchUtils.execute(DispatchUtils.java:106)
	at org.apache.tools.ant.Task.perform(Task.java:348)
	at org.apache.tools.ant.Target.execute(Target.java:392)
	at org.apache.tools.ant.Target.performTasks(Target.java:413)
	at org.apache.tools.ant.Project.executeSortedTargets(Project.java:1399)
	at org.apache.tools.ant.Project.executeTarget(Project.java:1368)
	at org.apache.tools.ant.helper.DefaultExecutor.executeTargets(DefaultExecutor.java:41)
	at org.apache.tools.ant.Project.executeTargets(Project.java:1251)
	at org.apache.tools.ant.Main.runBuild(Main.java:811)
	at org.apache.tools.ant.Main.startAnt(Main.java:217)
	at org.apache.tools.ant.launch.Launcher.run(Launcher.java:280)
	at org.apache.tools.ant.launch.Launcher.main(Launcher.java:109)
Caused by: java.lang.NullPointerException
	... 52 more
--- com.google.javascript.jscomp.InlineVariablesTest::testNoInlineAliases1
java.lang.RuntimeException: INTERNAL COMPILER ERROR.
Please report this problem.
null
  Node(BLOCK): [source unknown]
  Parent(BLOCK): [source unknown]

	at com.google.common.base.Preconditions.checkNotNull(Preconditions.java:191)
	at com.google.javascript.jscomp.ReferenceCollectingCallback$ReferenceCollection.isOnlyAssignmentSameScopeAsDeclaration(ReferenceCollectingCallback.java:446)
	at com.google.javascript.jscomp.InlineVariables$InliningBehavior.inlineNonConstants(InlineVariables.java:301)
	at com.google.javascript.jscomp.InlineVariables$InliningBehavior.doInlinesForScope(InlineVariables.java:219)
	at com.google.javascript.jscomp.InlineVariables$InliningBehavior.afterExitScope(InlineVariables.java:160)
	at com.google.javascript.jscomp.ReferenceCollectingCallback.exitScope(ReferenceCollectingCallback.java:185)
	at com.google.javascript.jscomp.NodeTraversal.popScope(NodeTraversal.java:618)
	at com.google.javascript.jscomp.NodeTraversal.traverseRoots(NodeTraversal.java:317)
	at com.google.javascript.jscomp.NodeTraversal.traverseRoots(NodeTraversal.java:503)
	at com.google.javascript.jscomp.ReferenceCollectingCallback.process(ReferenceCollectingCallback.java:110)
	at com.google.javascript.jscomp.InlineVariables.process(InlineVariables.java:86)
	at com.google.javascript.jscomp.CompilerTestCase.test(CompilerTestCase.java:845)
	at com.google.javascript.jscomp.CompilerTestCase.test(CompilerTestCase.java:477)
	at com.google.javascript.jscomp.CompilerTestCase.test(CompilerTestCase.java:403)
	at com.google.javascript.jscomp.CompilerTestCase.test(CompilerTestCase.java:372)
	at com.google.javascript.jscomp.CompilerTestCase.test(CompilerTestCase.java:360)
	at com.google.javascript.jscomp.CompilerTestCase.testSame(CompilerTestCase.java:599)
	at com.google.javascript.jscomp.InlineVariablesTest.testNoInlineAliases1(InlineVariablesTest.java:634)
	at sun.reflect.NativeMethodAccessorImpl.invoke0(Native Method)
	at sun.reflect.NativeMethodAccessorImpl.invoke(NativeMethodAccessorImpl.java:57)
	at sun.reflect.DelegatingMethodAccessorImpl.invoke(DelegatingMethodAccessorImpl.java:43)
	at java.lang.reflect.Method.invoke(Method.java:606)
	at junit.framework.TestCase.runTest(TestCase.java:176)
	at junit.framework.TestCase.runBare(TestCase.java:141)
	at junit.framework.TestResult$1.protect(TestResult.java:122)
	at junit.framework.TestResult.runProtected(TestResult.java:142)
	at junit.framework.TestResult.run(TestResult.java:125)
	at junit.framework.TestCase.run(TestCase.java:129)
	at junit.framework.TestSuite.runTest(TestSuite.java:255)
	at junit.framework.TestSuite.run(TestSuite.java:250)
	at org.apache.tools.ant.taskdefs.optional.junit.JUnitTestRunner.run(JUnitTestRunner.java:520)
	at org.apache.tools.ant.taskdefs.optional.junit.JUnitTask.executeInVM(JUnitTask.java:1478)
	at org.apache.tools.ant.taskdefs.optional.junit.JUnitTask.execute(JUnitTask.java:860)
	at org.apache.tools.ant.taskdefs.optional.junit.JUnitTask.executeOrQueue(JUnitTask.java:1968)
	at org.apache.tools.ant.taskdefs.optional.junit.JUnitTask.execute1(JUnitTask.java:812)
	at org.apache.tools.ant.taskdefs.optional.junit.JUnitTask.execute(JUnitTask.java:2271)
	at org.apache.tools.ant.UnknownElement.execute(UnknownElement.java:291)
	at sun.reflect.GeneratedMethodAccessor4.invoke(Unknown Source)
	at sun.reflect.DelegatingMethodAccessorImpl.invoke(DelegatingMethodAccessorImpl.java:43)
	at java.lang.reflect.Method.invoke(Method.java:606)
	at org.apache.tools.ant.dispatch.DispatchUtils.execute(DispatchUtils.java:106)
	at org.apache.tools.ant.Task.perform(Task.java:348)
	at org.apache.tools.ant.Target.execute(Target.java:392)
	at org.apache.tools.ant.Target.performTasks(Target.java:413)
	at org.apache.tools.ant.Project.executeSortedTargets(Project.java:1399)
	at org.apache.tools.ant.Project.executeTarget(Project.java:1368)
	at org.apache.tools.ant.helper.DefaultExecutor.executeTargets(DefaultExecutor.java:41)
	at org.apache.tools.ant.Project.executeTargets(Project.java:1251)
	at org.apache.tools.ant.Main.runBuild(Main.java:811)
	at org.apache.tools.ant.Main.startAnt(Main.java:217)
	at org.apache.tools.ant.launch.Launcher.run(Launcher.java:280)
	at org.apache.tools.ant.launch.Launcher.main(Launcher.java:109)
Caused by: java.lang.NullPointerException
	... 52 more
--- com.google.javascript.jscomp.InlineVariablesTest::testNoInlineAliases2
java.lang.RuntimeException: INTERNAL COMPILER ERROR.
Please report this problem.
null
  Node(BLOCK): [source unknown]
  Parent(BLOCK): [source unknown]

	at com.google.common.base.Preconditions.checkNotNull(Preconditions.java:191)
	at com.google.javascript.jscomp.ReferenceCollectingCallback$ReferenceCollection.isOnlyAssignmentSameScopeAsDeclaration(ReferenceCollectingCallback.java:446)
	at com.google.javascript.jscomp.InlineVariables$InliningBehavior.inlineNonConstants(InlineVariables.java:301)
	at com.google.javascript.jscomp.InlineVariables$InliningBehavior.doInlinesForScope(InlineVariables.java:219)
	at com.google.javascript.jscomp.InlineVariables$InliningBehavior.afterExitScope(InlineVariables.java:160)
	at com.google.javascript.jscomp.ReferenceCollectingCallback.exitScope(ReferenceCollectingCallback.java:185)
	at com.google.javascript.jscomp.NodeTraversal.popScope(NodeTraversal.java:618)
	at com.google.javascript.jscomp.NodeTraversal.traverseRoots(NodeTraversal.java:317)
	at com.google.javascript.jscomp.NodeTraversal.traverseRoots(NodeTraversal.java:503)
	at com.google.javascript.jscomp.ReferenceCollectingCallback.process(ReferenceCollectingCallback.java:110)
	at com.google.javascript.jscomp.InlineVariables.process(InlineVariables.java:86)
	at com.google.javascript.jscomp.CompilerTestCase.test(CompilerTestCase.java:845)
	at com.google.javascript.jscomp.CompilerTestCase.test(CompilerTestCase.java:477)
	at com.google.javascript.jscomp.CompilerTestCase.test(CompilerTestCase.java:403)
	at com.google.javascript.jscomp.CompilerTestCase.test(CompilerTestCase.java:372)
	at com.google.javascript.jscomp.CompilerTestCase.test(CompilerTestCase.java:360)
	at com.google.javascript.jscomp.CompilerTestCase.testSame(CompilerTestCase.java:599)
	at com.google.javascript.jscomp.InlineVariablesTest.testNoInlineAliases2(InlineVariablesTest.java:644)
	at sun.reflect.NativeMethodAccessorImpl.invoke0(Native Method)
	at sun.reflect.NativeMethodAccessorImpl.invoke(NativeMethodAccessorImpl.java:57)
	at sun.reflect.DelegatingMethodAccessorImpl.invoke(DelegatingMethodAccessorImpl.java:43)
	at java.lang.reflect.Method.invoke(Method.java:606)
	at junit.framework.TestCase.runTest(TestCase.java:176)
	at junit.framework.TestCase.runBare(TestCase.java:141)
	at junit.framework.TestResult$1.protect(TestResult.java:122)
	at junit.framework.TestResult.runProtected(TestResult.java:142)
	at junit.framework.TestResult.run(TestResult.java:125)
	at junit.framework.TestCase.run(TestCase.java:129)
	at junit.framework.TestSuite.runTest(TestSuite.java:255)
	at junit.framework.TestSuite.run(TestSuite.java:250)
	at org.apache.tools.ant.taskdefs.optional.junit.JUnitTestRunner.run(JUnitTestRunner.java:520)
	at org.apache.tools.ant.taskdefs.optional.junit.JUnitTask.executeInVM(JUnitTask.java:1478)
	at org.apache.tools.ant.taskdefs.optional.junit.JUnitTask.execute(JUnitTask.java:860)
	at org.apache.tools.ant.taskdefs.optional.junit.JUnitTask.executeOrQueue(JUnitTask.java:1968)
	at org.apache.tools.ant.taskdefs.optional.junit.JUnitTask.execute1(JUnitTask.java:812)
	at org.apache.tools.ant.taskdefs.optional.junit.JUnitTask.execute(JUnitTask.java:2271)
	at org.apache.tools.ant.UnknownElement.execute(UnknownElement.java:291)
	at sun.reflect.GeneratedMethodAccessor4.invoke(Unknown Source)
	at sun.reflect.DelegatingMethodAccessorImpl.invoke(DelegatingMethodAccessorImpl.java:43)
	at java.lang.reflect.Method.invoke(Method.java:606)
	at org.apache.tools.ant.dispatch.DispatchUtils.execute(DispatchUtils.java:106)
	at org.apache.tools.ant.Task.perform(Task.java:348)
	at org.apache.tools.ant.Target.execute(Target.java:392)
	at org.apache.tools.ant.Target.performTasks(Target.java:413)
	at org.apache.tools.ant.Project.executeSortedTargets(Project.java:1399)
	at org.apache.tools.ant.Project.executeTarget(Project.java:1368)
	at org.apache.tools.ant.helper.DefaultExecutor.executeTargets(DefaultExecutor.java:41)
	at org.apache.tools.ant.Project.executeTargets(Project.java:1251)
	at org.apache.tools.ant.Main.runBuild(Main.java:811)
	at org.apache.tools.ant.Main.startAnt(Main.java:217)
	at org.apache.tools.ant.launch.Launcher.run(Launcher.java:280)
	at org.apache.tools.ant.launch.Launcher.main(Launcher.java:109)
Caused by: java.lang.NullPointerException
	... 52 more
--- com.google.javascript.jscomp.InlineVariablesTest::testNoInlineAliases4
java.lang.RuntimeException: INTERNAL COMPILER ERROR.
Please report this problem.
null
  Node(BLOCK): testcode:1:45
var x = this.foo(); this.bar(); function f() { var y = x; y = 3; this.baz(y); }
  Parent(FUNCTION f): testcode:1:32
var x = this.foo(); this.bar(); function f() { var y = x; y = 3; this.baz(y); }

	at com.google.common.base.Preconditions.checkNotNull(Preconditions.java:191)
	at com.google.javascript.jscomp.ReferenceCollectingCallback$ReferenceCollection.isOnlyAssignmentSameScopeAsDeclaration(ReferenceCollectingCallback.java:446)
	at com.google.javascript.jscomp.InlineVariables$InliningBehavior.inlineNonConstants(InlineVariables.java:301)
	at com.google.javascript.jscomp.InlineVariables$InliningBehavior.doInlinesForScope(InlineVariables.java:219)
	at com.google.javascript.jscomp.InlineVariables$InliningBehavior.afterExitScope(InlineVariables.java:160)
	at com.google.javascript.jscomp.ReferenceCollectingCallback.exitScope(ReferenceCollectingCallback.java:187)
	at com.google.javascript.jscomp.NodeTraversal.popScope(NodeTraversal.java:618)
	at com.google.javascript.jscomp.NodeTraversal.traverseFunction(NodeTraversal.java:576)
	at com.google.javascript.jscomp.NodeTraversal.traverseBranch(NodeTraversal.java:528)
	at com.google.javascript.jscomp.NodeTraversal.traverseBranch(NodeTraversal.java:534)
	at com.google.javascript.jscomp.NodeTraversal.traverseBranch(NodeTraversal.java:534)
	at com.google.javascript.jscomp.NodeTraversal.traverseRoots(NodeTraversal.java:314)
	at com.google.javascript.jscomp.NodeTraversal.traverseRoots(NodeTraversal.java:503)
	at com.google.javascript.jscomp.ReferenceCollectingCallback.process(ReferenceCollectingCallback.java:110)
	at com.google.javascript.jscomp.InlineVariables.process(InlineVariables.java:86)
	at com.google.javascript.jscomp.CompilerTestCase.test(CompilerTestCase.java:845)
	at com.google.javascript.jscomp.CompilerTestCase.test(CompilerTestCase.java:477)
	at com.google.javascript.jscomp.CompilerTestCase.test(CompilerTestCase.java:403)
	at com.google.javascript.jscomp.CompilerTestCase.test(CompilerTestCase.java:372)
	at com.google.javascript.jscomp.CompilerTestCase.test(CompilerTestCase.java:360)
	at com.google.javascript.jscomp.CompilerTestCase.testSame(CompilerTestCase.java:599)
	at com.google.javascript.jscomp.InlineVariablesTest.testNoInlineAliases4(InlineVariablesTest.java:668)
	at sun.reflect.NativeMethodAccessorImpl.invoke0(Native Method)
	at sun.reflect.NativeMethodAccessorImpl.invoke(NativeMethodAccessorImpl.java:57)
	at sun.reflect.DelegatingMethodAccessorImpl.invoke(DelegatingMethodAccessorImpl.java:43)
	at java.lang.reflect.Method.invoke(Method.java:606)
	at junit.framework.TestCase.runTest(TestCase.java:176)
	at junit.framework.TestCase.runBare(TestCase.java:141)
	at junit.framework.TestResult$1.protect(TestResult.java:122)
	at junit.framework.TestResult.runProtected(TestResult.java:142)
	at junit.framework.TestResult.run(TestResult.java:125)
	at junit.framework.TestCase.run(TestCase.java:129)
	at junit.framework.TestSuite.runTest(TestSuite.java:255)
	at junit.framework.TestSuite.run(TestSuite.java:250)
	at org.apache.tools.ant.taskdefs.optional.junit.JUnitTestRunner.run(JUnitTestRunner.java:520)
	at org.apache.tools.ant.taskdefs.optional.junit.JUnitTask.executeInVM(JUnitTask.java:1478)
	at org.apache.tools.ant.taskdefs.optional.junit.JUnitTask.execute(JUnitTask.java:860)
	at org.apache.tools.ant.taskdefs.optional.junit.JUnitTask.executeOrQueue(JUnitTask.java:1968)
	at org.apache.tools.ant.taskdefs.optional.junit.JUnitTask.execute1(JUnitTask.java:812)
	at org.apache.tools.ant.taskdefs.optional.junit.JUnitTask.execute(JUnitTask.java:2271)
	at org.apache.tools.ant.UnknownElement.execute(UnknownElement.java:291)
	at sun.reflect.GeneratedMethodAccessor4.invoke(Unknown Source)
	at sun.reflect.DelegatingMethodAccessorImpl.invoke(DelegatingMethodAccessorImpl.java:43)
	at java.lang.reflect.Method.invoke(Method.java:606)
	at org.apache.tools.ant.dispatch.DispatchUtils.execute(DispatchUtils.java:106)
	at org.apache.tools.ant.Task.perform(Task.java:348)
	at org.apache.tools.ant.Target.execute(Target.java:392)
	at org.apache.tools.ant.Target.performTasks(Target.java:413)
	at org.apache.tools.ant.Project.executeSortedTargets(Project.java:1399)
	at org.apache.tools.ant.Project.executeTarget(Project.java:1368)
	at org.apache.tools.ant.helper.DefaultExecutor.executeTargets(DefaultExecutor.java:41)
	at org.apache.tools.ant.Project.executeTargets(Project.java:1251)
	at org.apache.tools.ant.Main.runBuild(Main.java:811)
	at org.apache.tools.ant.Main.startAnt(Main.java:217)
	at org.apache.tools.ant.launch.Launcher.run(Launcher.java:280)
	at org.apache.tools.ant.launch.Launcher.main(Launcher.java:109)
Caused by: java.lang.NullPointerException
	... 56 more
--- com.google.javascript.jscomp.InlineVariablesTest::testNoInlineAliases5
java.lang.RuntimeException: INTERNAL COMPILER ERROR.
Please report this problem.
null
  Node(BLOCK): [source unknown]
  Parent(BLOCK): [source unknown]

	at com.google.common.base.Preconditions.checkNotNull(Preconditions.java:191)
	at com.google.javascript.jscomp.ReferenceCollectingCallback$ReferenceCollection.isOnlyAssignmentSameScopeAsDeclaration(ReferenceCollectingCallback.java:446)
	at com.google.javascript.jscomp.InlineVariables$InliningBehavior.inlineNonConstants(InlineVariables.java:301)
	at com.google.javascript.jscomp.InlineVariables$InliningBehavior.doInlinesForScope(InlineVariables.java:219)
	at com.google.javascript.jscomp.InlineVariables$InliningBehavior.afterExitScope(InlineVariables.java:160)
	at com.google.javascript.jscomp.ReferenceCollectingCallback.exitScope(ReferenceCollectingCallback.java:185)
	at com.google.javascript.jscomp.NodeTraversal.popScope(NodeTraversal.java:618)
	at com.google.javascript.jscomp.NodeTraversal.traverseRoots(NodeTraversal.java:317)
	at com.google.javascript.jscomp.NodeTraversal.traverseRoots(NodeTraversal.java:503)
	at com.google.javascript.jscomp.ReferenceCollectingCallback.process(ReferenceCollectingCallback.java:110)
	at com.google.javascript.jscomp.InlineVariables.process(InlineVariables.java:86)
	at com.google.javascript.jscomp.CompilerTestCase.test(CompilerTestCase.java:845)
	at com.google.javascript.jscomp.CompilerTestCase.test(CompilerTestCase.java:477)
	at com.google.javascript.jscomp.CompilerTestCase.test(CompilerTestCase.java:403)
	at com.google.javascript.jscomp.CompilerTestCase.test(CompilerTestCase.java:372)
	at com.google.javascript.jscomp.CompilerTestCase.test(CompilerTestCase.java:360)
	at com.google.javascript.jscomp.CompilerTestCase.testSame(CompilerTestCase.java:599)
	at com.google.javascript.jscomp.InlineVariablesTest.testNoInlineAliases5(InlineVariablesTest.java:680)
	at sun.reflect.NativeMethodAccessorImpl.invoke0(Native Method)
	at sun.reflect.NativeMethodAccessorImpl.invoke(NativeMethodAccessorImpl.java:57)
	at sun.reflect.DelegatingMethodAccessorImpl.invoke(DelegatingMethodAccessorImpl.java:43)
	at java.lang.reflect.Method.invoke(Method.java:606)
	at junit.framework.TestCase.runTest(TestCase.java:176)
	at junit.framework.TestCase.runBare(TestCase.java:141)
	at junit.framework.TestResult$1.protect(TestResult.java:122)
	at junit.framework.TestResult.runProtected(TestResult.java:142)
	at junit.framework.TestResult.run(TestResult.java:125)
	at junit.framework.TestCase.run(TestCase.java:129)
	at junit.framework.TestSuite.runTest(TestSuite.java:255)
	at junit.framework.TestSuite.run(TestSuite.java:250)
	at org.apache.tools.ant.taskdefs.optional.junit.JUnitTestRunner.run(JUnitTestRunner.java:520)
	at org.apache.tools.ant.taskdefs.optional.junit.JUnitTask.executeInVM(JUnitTask.java:1478)
	at org.apache.tools.ant.taskdefs.optional.junit.JUnitTask.execute(JUnitTask.java:860)
	at org.apache.tools.ant.taskdefs.optional.junit.JUnitTask.executeOrQueue(JUnitTask.java:1968)
	at org.apache.tools.ant.taskdefs.optional.junit.JUnitTask.execute1(JUnitTask.java:812)
	at org.apache.tools.ant.taskdefs.optional.junit.JUnitTask.execute(JUnitTask.java:2271)
	at org.apache.tools.ant.UnknownElement.execute(UnknownElement.java:291)
	at sun.reflect.GeneratedMethodAccessor4.invoke(Unknown Source)
	at sun.reflect.DelegatingMethodAccessorImpl.invoke(DelegatingMethodAccessorImpl.java:43)
	at java.lang.reflect.Method.invoke(Method.java:606)
	at org.apache.tools.ant.dispatch.DispatchUtils.execute(DispatchUtils.java:106)
	at org.apache.tools.ant.Task.perform(Task.java:348)
	at org.apache.tools.ant.Target.execute(Target.java:392)
	at org.apache.tools.ant.Target.performTasks(Target.java:413)
	at org.apache.tools.ant.Project.executeSortedTargets(Project.java:1399)
	at org.apache.tools.ant.Project.executeTarget(Project.java:1368)
	at org.apache.tools.ant.helper.DefaultExecutor.executeTargets(DefaultExecutor.java:41)
	at org.apache.tools.ant.Project.executeTargets(Project.java:1251)
	at org.apache.tools.ant.Main.runBuild(Main.java:811)
	at org.apache.tools.ant.Main.startAnt(Main.java:217)
	at org.apache.tools.ant.launch.Launcher.run(Launcher.java:280)
	at org.apache.tools.ant.launch.Launcher.main(Launcher.java:109)
Caused by: java.lang.NullPointerException
	... 52 more
--- com.google.javascript.jscomp.InlineVariablesTest::testNoInlineAliases6
java.lang.RuntimeException: INTERNAL COMPILER ERROR.
Please report this problem.
null
  Node(BLOCK): [source unknown]
  Parent(BLOCK): [source unknown]

	at com.google.common.base.Preconditions.checkNotNull(Preconditions.java:191)
	at com.google.javascript.jscomp.ReferenceCollectingCallback$ReferenceCollection.isOnlyAssignmentSameScopeAsDeclaration(ReferenceCollectingCallback.java:446)
	at com.google.javascript.jscomp.InlineVariables$InliningBehavior.inlineNonConstants(InlineVariables.java:301)
	at com.google.javascript.jscomp.InlineVariables$InliningBehavior.doInlinesForScope(InlineVariables.java:219)
	at com.google.javascript.jscomp.InlineVariables$InliningBehavior.afterExitScope(InlineVariables.java:160)
	at com.google.javascript.jscomp.ReferenceCollectingCallback.exitScope(ReferenceCollectingCallback.java:185)
	at com.google.javascript.jscomp.NodeTraversal.popScope(NodeTraversal.java:618)
	at com.google.javascript.jscomp.NodeTraversal.traverseRoots(NodeTraversal.java:317)
	at com.google.javascript.jscomp.NodeTraversal.traverseRoots(NodeTraversal.java:503)
	at com.google.javascript.jscomp.ReferenceCollectingCallback.process(ReferenceCollectingCallback.java:110)
	at com.google.javascript.jscomp.InlineVariables.process(InlineVariables.java:86)
	at com.google.javascript.jscomp.CompilerTestCase.test(CompilerTestCase.java:845)
	at com.google.javascript.jscomp.CompilerTestCase.test(CompilerTestCase.java:477)
	at com.google.javascript.jscomp.CompilerTestCase.test(CompilerTestCase.java:403)
	at com.google.javascript.jscomp.CompilerTestCase.test(CompilerTestCase.java:372)
	at com.google.javascript.jscomp.CompilerTestCase.test(CompilerTestCase.java:360)
	at com.google.javascript.jscomp.CompilerTestCase.testSame(CompilerTestCase.java:599)
	at com.google.javascript.jscomp.InlineVariablesTest.testNoInlineAliases6(InlineVariablesTest.java:692)
	at sun.reflect.NativeMethodAccessorImpl.invoke0(Native Method)
	at sun.reflect.NativeMethodAccessorImpl.invoke(NativeMethodAccessorImpl.java:57)
	at sun.reflect.DelegatingMethodAccessorImpl.invoke(DelegatingMethodAccessorImpl.java:43)
	at java.lang.reflect.Method.invoke(Method.java:606)
	at junit.framework.TestCase.runTest(TestCase.java:176)
	at junit.framework.TestCase.runBare(TestCase.java:141)
	at junit.framework.TestResult$1.protect(TestResult.java:122)
	at junit.framework.TestResult.runProtected(TestResult.java:142)
	at junit.framework.TestResult.run(TestResult.java:125)
	at junit.framework.TestCase.run(TestCase.java:129)
	at junit.framework.TestSuite.runTest(TestSuite.java:255)
	at junit.framework.TestSuite.run(TestSuite.java:250)
	at org.apache.tools.ant.taskdefs.optional.junit.JUnitTestRunner.run(JUnitTestRunner.java:520)
	at org.apache.tools.ant.taskdefs.optional.junit.JUnitTask.executeInVM(JUnitTask.java:1478)
	at org.apache.tools.ant.taskdefs.optional.junit.JUnitTask.execute(JUnitTask.java:860)
	at org.apache.tools.ant.taskdefs.optional.junit.JUnitTask.executeOrQueue(JUnitTask.java:1968)
	at org.apache.tools.ant.taskdefs.optional.junit.JUnitTask.execute1(JUnitTask.java:812)
	at org.apache.tools.ant.taskdefs.optional.junit.JUnitTask.execute(JUnitTask.java:2271)
	at org.apache.tools.ant.UnknownElement.execute(UnknownElement.java:291)
	at sun.reflect.GeneratedMethodAccessor4.invoke(Unknown Source)
	at sun.reflect.DelegatingMethodAccessorImpl.invoke(DelegatingMethodAccessorImpl.java:43)
	at java.lang.reflect.Method.invoke(Method.java:606)
	at org.apache.tools.ant.dispatch.DispatchUtils.execute(DispatchUtils.java:106)
	at org.apache.tools.ant.Task.perform(Task.java:348)
	at org.apache.tools.ant.Target.execute(Target.java:392)
	at org.apache.tools.ant.Target.performTasks(Target.java:413)
	at org.apache.tools.ant.Project.executeSortedTargets(Project.java:1399)
	at org.apache.tools.ant.Project.executeTarget(Project.java:1368)
	at org.apache.tools.ant.helper.DefaultExecutor.executeTargets(DefaultExecutor.java:41)
	at org.apache.tools.ant.Project.executeTargets(Project.java:1251)
	at org.apache.tools.ant.Main.runBuild(Main.java:811)
	at org.apache.tools.ant.Main.startAnt(Main.java:217)
	at org.apache.tools.ant.launch.Launcher.run(Launcher.java:280)
	at org.apache.tools.ant.launch.Launcher.main(Launcher.java:109)
Caused by: java.lang.NullPointerException
	... 52 more
--- com.google.javascript.jscomp.InlineVariablesTest::testNoInlineAliases8
java.lang.RuntimeException: INTERNAL COMPILER ERROR.
Please report this problem.
null
  Node(BLOCK): testcode:1:45
var x = this.foo(); this.bar(); function f() { var y = x; this.baz(y); y = 3; }
  Parent(FUNCTION f): testcode:1:32
var x = this.foo(); this.bar(); function f() { var y = x; this.baz(y); y = 3; }

	at com.google.common.base.Preconditions.checkNotNull(Preconditions.java:191)
	at com.google.javascript.jscomp.ReferenceCollectingCallback$ReferenceCollection.isOnlyAssignmentSameScopeAsDeclaration(ReferenceCollectingCallback.java:446)
	at com.google.javascript.jscomp.InlineVariables$InliningBehavior.inlineNonConstants(InlineVariables.java:301)
	at com.google.javascript.jscomp.InlineVariables$InliningBehavior.doInlinesForScope(InlineVariables.java:219)
	at com.google.javascript.jscomp.InlineVariables$InliningBehavior.afterExitScope(InlineVariables.java:160)
	at com.google.javascript.jscomp.ReferenceCollectingCallback.exitScope(ReferenceCollectingCallback.java:187)
	at com.google.javascript.jscomp.NodeTraversal.popScope(NodeTraversal.java:618)
	at com.google.javascript.jscomp.NodeTraversal.traverseFunction(NodeTraversal.java:576)
	at com.google.javascript.jscomp.NodeTraversal.traverseBranch(NodeTraversal.java:528)
	at com.google.javascript.jscomp.NodeTraversal.traverseBranch(NodeTraversal.java:534)
	at com.google.javascript.jscomp.NodeTraversal.traverseBranch(NodeTraversal.java:534)
	at com.google.javascript.jscomp.NodeTraversal.traverseRoots(NodeTraversal.java:314)
	at com.google.javascript.jscomp.NodeTraversal.traverseRoots(NodeTraversal.java:503)
	at com.google.javascript.jscomp.ReferenceCollectingCallback.process(ReferenceCollectingCallback.java:110)
	at com.google.javascript.jscomp.InlineVariables.process(InlineVariables.java:86)
	at com.google.javascript.jscomp.CompilerTestCase.test(CompilerTestCase.java:845)
	at com.google.javascript.jscomp.CompilerTestCase.test(CompilerTestCase.java:477)
	at com.google.javascript.jscomp.CompilerTestCase.test(CompilerTestCase.java:403)
	at com.google.javascript.jscomp.CompilerTestCase.test(CompilerTestCase.java:372)
	at com.google.javascript.jscomp.CompilerTestCase.test(CompilerTestCase.java:360)
	at com.google.javascript.jscomp.CompilerTestCase.testSame(CompilerTestCase.java:599)
	at com.google.javascript.jscomp.InlineVariablesTest.testNoInlineAliases8(InlineVariablesTest.java:716)
	at sun.reflect.NativeMethodAccessorImpl.invoke0(Native Method)
	at sun.reflect.NativeMethodAccessorImpl.invoke(NativeMethodAccessorImpl.java:57)
	at sun.reflect.DelegatingMethodAccessorImpl.invoke(DelegatingMethodAccessorImpl.java:43)
	at java.lang.reflect.Method.invoke(Method.java:606)
	at junit.framework.TestCase.runTest(TestCase.java:176)
	at junit.framework.TestCase.runBare(TestCase.java:141)
	at junit.framework.TestResult$1.protect(TestResult.java:122)
	at junit.framework.TestResult.runProtected(TestResult.java:142)
	at junit.framework.TestResult.run(TestResult.java:125)
	at junit.framework.TestCase.run(TestCase.java:129)
	at junit.framework.TestSuite.runTest(TestSuite.java:255)
	at junit.framework.TestSuite.run(TestSuite.java:250)
	at org.apache.tools.ant.taskdefs.optional.junit.JUnitTestRunner.run(JUnitTestRunner.java:520)
	at org.apache.tools.ant.taskdefs.optional.junit.JUnitTask.executeInVM(JUnitTask.java:1478)
	at org.apache.tools.ant.taskdefs.optional.junit.JUnitTask.execute(JUnitTask.java:860)
	at org.apache.tools.ant.taskdefs.optional.junit.JUnitTask.executeOrQueue(JUnitTask.java:1968)
	at org.apache.tools.ant.taskdefs.optional.junit.JUnitTask.execute1(JUnitTask.java:812)
	at org.apache.tools.ant.taskdefs.optional.junit.JUnitTask.execute(JUnitTask.java:2271)
	at org.apache.tools.ant.UnknownElement.execute(UnknownElement.java:291)
	at sun.reflect.GeneratedMethodAccessor4.invoke(Unknown Source)
	at sun.reflect.DelegatingMethodAccessorImpl.invoke(DelegatingMethodAccessorImpl.java:43)
	at java.lang.reflect.Method.invoke(Method.java:606)
	at org.apache.tools.ant.dispatch.DispatchUtils.execute(DispatchUtils.java:106)
	at org.apache.tools.ant.Task.perform(Task.java:348)
	at org.apache.tools.ant.Target.execute(Target.java:392)
	at org.apache.tools.ant.Target.performTasks(Target.java:413)
	at org.apache.tools.ant.Project.executeSortedTargets(Project.java:1399)
	at org.apache.tools.ant.Project.executeTarget(Project.java:1368)
	at org.apache.tools.ant.helper.DefaultExecutor.executeTargets(DefaultExecutor.java:41)
	at org.apache.tools.ant.Project.executeTargets(Project.java:1251)
	at org.apache.tools.ant.Main.runBuild(Main.java:811)
	at org.apache.tools.ant.Main.startAnt(Main.java:217)
	at org.apache.tools.ant.launch.Launcher.run(Launcher.java:280)
	at org.apache.tools.ant.launch.Launcher.main(Launcher.java:109)
Caused by: java.lang.NullPointerException
	... 56 more
--- com.google.javascript.jscomp.InlineVariablesTest::testOverlappingInlines
java.lang.RuntimeException: INTERNAL COMPILER ERROR.
Please report this problem.
null
  Node(BLOCK): testcode:1:27
a = function(el, x, opt_y) {   var cur = bar(el);   opt_y = x.y;   x = x.x;   var dx = x - cur.x;   var dy = opt_y - cur.y;  foo(el, el.offsetLeft + dx, el.offsetTop + dy); };
  Parent(FUNCTION ): testcode:1:4
a = function(el, x, opt_y) {   var cur = bar(el);   opt_y = x.y;   x = x.x;   var dx = x - cur.x;   var dy = opt_y - cur.y;  foo(el, el.offsetLeft + dx, el.offsetTop + dy); };

	at com.google.common.base.Preconditions.checkNotNull(Preconditions.java:191)
	at com.google.javascript.jscomp.ReferenceCollectingCallback$ReferenceCollection.isOnlyAssignmentSameScopeAsDeclaration(ReferenceCollectingCallback.java:446)
	at com.google.javascript.jscomp.InlineVariables$InliningBehavior.inlineNonConstants(InlineVariables.java:301)
	at com.google.javascript.jscomp.InlineVariables$InliningBehavior.doInlinesForScope(InlineVariables.java:219)
	at com.google.javascript.jscomp.InlineVariables$InliningBehavior.afterExitScope(InlineVariables.java:160)
	at com.google.javascript.jscomp.ReferenceCollectingCallback.exitScope(ReferenceCollectingCallback.java:187)
	at com.google.javascript.jscomp.NodeTraversal.popScope(NodeTraversal.java:618)
	at com.google.javascript.jscomp.NodeTraversal.traverseFunction(NodeTraversal.java:576)
	at com.google.javascript.jscomp.NodeTraversal.traverseBranch(NodeTraversal.java:528)
	at com.google.javascript.jscomp.NodeTraversal.traverseBranch(NodeTraversal.java:534)
	at com.google.javascript.jscomp.NodeTraversal.traverseBranch(NodeTraversal.java:534)
	at com.google.javascript.jscomp.NodeTraversal.traverseBranch(NodeTraversal.java:534)
	at com.google.javascript.jscomp.NodeTraversal.traverseBranch(NodeTraversal.java:534)
	at com.google.javascript.jscomp.NodeTraversal.traverseRoots(NodeTraversal.java:314)
	at com.google.javascript.jscomp.NodeTraversal.traverseRoots(NodeTraversal.java:503)
	at com.google.javascript.jscomp.ReferenceCollectingCallback.process(ReferenceCollectingCallback.java:110)
	at com.google.javascript.jscomp.InlineVariables.process(InlineVariables.java:86)
	at com.google.javascript.jscomp.CompilerTestCase.test(CompilerTestCase.java:845)
	at com.google.javascript.jscomp.CompilerTestCase.test(CompilerTestCase.java:477)
	at com.google.javascript.jscomp.CompilerTestCase.test(CompilerTestCase.java:403)
	at com.google.javascript.jscomp.CompilerTestCase.test(CompilerTestCase.java:372)
	at com.google.javascript.jscomp.CompilerTestCase.test(CompilerTestCase.java:360)
	at com.google.javascript.jscomp.InlineVariablesTest.testOverlappingInlines(InlineVariablesTest.java:392)
	at sun.reflect.NativeMethodAccessorImpl.invoke0(Native Method)
	at sun.reflect.NativeMethodAccessorImpl.invoke(NativeMethodAccessorImpl.java:57)
	at sun.reflect.DelegatingMethodAccessorImpl.invoke(DelegatingMethodAccessorImpl.java:43)
	at java.lang.reflect.Method.invoke(Method.java:606)
	at junit.framework.TestCase.runTest(TestCase.java:176)
	at junit.framework.TestCase.runBare(TestCase.java:141)
	at junit.framework.TestResult$1.protect(TestResult.java:122)
	at junit.framework.TestResult.runProtected(TestResult.java:142)
	at junit.framework.TestResult.run(TestResult.java:125)
	at junit.framework.TestCase.run(TestCase.java:129)
	at junit.framework.TestSuite.runTest(TestSuite.java:255)
	at junit.framework.TestSuite.run(TestSuite.java:250)
	at org.apache.tools.ant.taskdefs.optional.junit.JUnitTestRunner.run(JUnitTestRunner.java:520)
	at org.apache.tools.ant.taskdefs.optional.junit.JUnitTask.executeInVM(JUnitTask.java:1478)
	at org.apache.tools.ant.taskdefs.optional.junit.JUnitTask.execute(JUnitTask.java:860)
	at org.apache.tools.ant.taskdefs.optional.junit.JUnitTask.executeOrQueue(JUnitTask.java:1968)
	at org.apache.tools.ant.taskdefs.optional.junit.JUnitTask.execute1(JUnitTask.java:812)
	at org.apache.tools.ant.taskdefs.optional.junit.JUnitTask.execute(JUnitTask.java:2271)
	at org.apache.tools.ant.UnknownElement.execute(UnknownElement.java:291)
	at sun.reflect.GeneratedMethodAccessor4.invoke(Unknown Source)
	at sun.reflect.DelegatingMethodAccessorImpl.invoke(DelegatingMethodAccessorImpl.java:43)
	at java.lang.reflect.Method.invoke(Method.java:606)
	at org.apache.tools.ant.dispatch.DispatchUtils.execute(DispatchUtils.java:106)
	at org.apache.tools.ant.Task.perform(Task.java:348)
	at org.apache.tools.ant.Target.execute(Target.java:392)
	at org.apache.tools.ant.Target.performTasks(Target.java:413)
	at org.apache.tools.ant.Project.executeSortedTargets(Project.java:1399)
	at org.apache.tools.ant.Project.executeTarget(Project.java:1368)
	at org.apache.tools.ant.helper.DefaultExecutor.executeTargets(DefaultExecutor.java:41)
	at org.apache.tools.ant.Project.executeTargets(Project.java:1251)
	at org.apache.tools.ant.Main.runBuild(Main.java:811)
	at org.apache.tools.ant.Main.startAnt(Main.java:217)
	at org.apache.tools.ant.launch.Launcher.run(Launcher.java:280)
	at org.apache.tools.ant.launch.Launcher.main(Launcher.java:109)
Caused by: java.lang.NullPointerException
	... 57 more
--- com.google.javascript.jscomp.InlineVariablesTest::testDoNotInlineDecrement
java.lang.RuntimeException: INTERNAL COMPILER ERROR.
Please report this problem.
null
  Node(BLOCK): [source unknown]
  Parent(BLOCK): [source unknown]

	at com.google.common.base.Preconditions.checkNotNull(Preconditions.java:191)
	at com.google.javascript.jscomp.ReferenceCollectingCallback$ReferenceCollection.isOnlyAssignmentSameScopeAsDeclaration(ReferenceCollectingCallback.java:446)
	at com.google.javascript.jscomp.InlineVariables$InliningBehavior.inlineNonConstants(InlineVariables.java:301)
	at com.google.javascript.jscomp.InlineVariables$InliningBehavior.doInlinesForScope(InlineVariables.java:219)
	at com.google.javascript.jscomp.InlineVariables$InliningBehavior.afterExitScope(InlineVariables.java:160)
	at com.google.javascript.jscomp.ReferenceCollectingCallback.exitScope(ReferenceCollectingCallback.java:185)
	at com.google.javascript.jscomp.NodeTraversal.popScope(NodeTraversal.java:618)
	at com.google.javascript.jscomp.NodeTraversal.traverseRoots(NodeTraversal.java:317)
	at com.google.javascript.jscomp.NodeTraversal.traverseRoots(NodeTraversal.java:503)
	at com.google.javascript.jscomp.ReferenceCollectingCallback.process(ReferenceCollectingCallback.java:110)
	at com.google.javascript.jscomp.InlineVariables.process(InlineVariables.java:86)
	at com.google.javascript.jscomp.CompilerTestCase.test(CompilerTestCase.java:845)
	at com.google.javascript.jscomp.CompilerTestCase.test(CompilerTestCase.java:477)
	at com.google.javascript.jscomp.CompilerTestCase.test(CompilerTestCase.java:403)
	at com.google.javascript.jscomp.CompilerTestCase.test(CompilerTestCase.java:372)
	at com.google.javascript.jscomp.CompilerTestCase.test(CompilerTestCase.java:360)
	at com.google.javascript.jscomp.CompilerTestCase.testSame(CompilerTestCase.java:599)
	at com.google.javascript.jscomp.InlineVariablesTest.testDoNotInlineDecrement(InlineVariablesTest.java:76)
	at sun.reflect.NativeMethodAccessorImpl.invoke0(Native Method)
	at sun.reflect.NativeMethodAccessorImpl.invoke(NativeMethodAccessorImpl.java:57)
	at sun.reflect.DelegatingMethodAccessorImpl.invoke(DelegatingMethodAccessorImpl.java:43)
	at java.lang.reflect.Method.invoke(Method.java:606)
	at junit.framework.TestCase.runTest(TestCase.java:176)
	at junit.framework.TestCase.runBare(TestCase.java:141)
	at junit.framework.TestResult$1.protect(TestResult.java:122)
	at junit.framework.TestResult.runProtected(TestResult.java:142)
	at junit.framework.TestResult.run(TestResult.java:125)
	at junit.framework.TestCase.run(TestCase.java:129)
	at junit.framework.TestSuite.runTest(TestSuite.java:255)
	at junit.framework.TestSuite.run(TestSuite.java:250)
	at org.apache.tools.ant.taskdefs.optional.junit.JUnitTestRunner.run(JUnitTestRunner.java:520)
	at org.apache.tools.ant.taskdefs.optional.junit.JUnitTask.executeInVM(JUnitTask.java:1478)
	at org.apache.tools.ant.taskdefs.optional.junit.JUnitTask.execute(JUnitTask.java:860)
	at org.apache.tools.ant.taskdefs.optional.junit.JUnitTask.executeOrQueue(JUnitTask.java:1968)
	at org.apache.tools.ant.taskdefs.optional.junit.JUnitTask.execute1(JUnitTask.java:812)
	at org.apache.tools.ant.taskdefs.optional.junit.JUnitTask.execute(JUnitTask.java:2271)
	at org.apache.tools.ant.UnknownElement.execute(UnknownElement.java:291)
	at sun.reflect.GeneratedMethodAccessor4.invoke(Unknown Source)
	at sun.reflect.DelegatingMethodAccessorImpl.invoke(DelegatingMethodAccessorImpl.java:43)
	at java.lang.reflect.Method.invoke(Method.java:606)
	at org.apache.tools.ant.dispatch.DispatchUtils.execute(DispatchUtils.java:106)
	at org.apache.tools.ant.Task.perform(Task.java:348)
	at org.apache.tools.ant.Target.execute(Target.java:392)
	at org.apache.tools.ant.Target.performTasks(Target.java:413)
	at org.apache.tools.ant.Project.executeSortedTargets(Project.java:1399)
	at org.apache.tools.ant.Project.executeTarget(Project.java:1368)
	at org.apache.tools.ant.helper.DefaultExecutor.executeTargets(DefaultExecutor.java:41)
	at org.apache.tools.ant.Project.executeTargets(Project.java:1251)
	at org.apache.tools.ant.Main.runBuild(Main.java:811)
	at org.apache.tools.ant.Main.startAnt(Main.java:217)
	at org.apache.tools.ant.launch.Launcher.run(Launcher.java:280)
	at org.apache.tools.ant.launch.Launcher.main(Launcher.java:109)
Caused by: java.lang.NullPointerException
	... 52 more
--- com.google.javascript.jscomp.InlineVariablesTest::testInlineAliasesInLoop
java.lang.RuntimeException: INTERNAL COMPILER ERROR.
Please report this problem.
null
  Node(BLOCK): testcode:1:13
function f() {   var x = extern();  for (var i = 0; i < 5; i++) {    (function() {       var y = x; window.setTimeout(function() { extern(y); }, 0);     })();  }}
  Parent(FUNCTION f): testcode:1:0
function f() {   var x = extern();  for (var i = 0; i < 5; i++) {    (function() {       var y = x; window.setTimeout(function() { extern(y); }, 0);     })();  }}

	at com.google.common.base.Preconditions.checkNotNull(Preconditions.java:191)
	at com.google.javascript.jscomp.ReferenceCollectingCallback$ReferenceCollection.isOnlyAssignmentSameScopeAsDeclaration(ReferenceCollectingCallback.java:446)
	at com.google.javascript.jscomp.InlineVariables$InliningBehavior.inlineNonConstants(InlineVariables.java:301)
	at com.google.javascript.jscomp.InlineVariables$InliningBehavior.doInlinesForScope(InlineVariables.java:219)
	at com.google.javascript.jscomp.InlineVariables$InliningBehavior.afterExitScope(InlineVariables.java:160)
	at com.google.javascript.jscomp.ReferenceCollectingCallback.exitScope(ReferenceCollectingCallback.java:187)
	at com.google.javascript.jscomp.NodeTraversal.popScope(NodeTraversal.java:618)
	at com.google.javascript.jscomp.NodeTraversal.traverseFunction(NodeTraversal.java:576)
	at com.google.javascript.jscomp.NodeTraversal.traverseBranch(NodeTraversal.java:528)
	at com.google.javascript.jscomp.NodeTraversal.traverseBranch(NodeTraversal.java:534)
	at com.google.javascript.jscomp.NodeTraversal.traverseBranch(NodeTraversal.java:534)
	at com.google.javascript.jscomp.NodeTraversal.traverseRoots(NodeTraversal.java:314)
	at com.google.javascript.jscomp.NodeTraversal.traverseRoots(NodeTraversal.java:503)
	at com.google.javascript.jscomp.ReferenceCollectingCallback.process(ReferenceCollectingCallback.java:110)
	at com.google.javascript.jscomp.InlineVariables.process(InlineVariables.java:86)
	at com.google.javascript.jscomp.CompilerTestCase.test(CompilerTestCase.java:845)
	at com.google.javascript.jscomp.CompilerTestCase.test(CompilerTestCase.java:477)
	at com.google.javascript.jscomp.CompilerTestCase.test(CompilerTestCase.java:403)
	at com.google.javascript.jscomp.CompilerTestCase.test(CompilerTestCase.java:372)
	at com.google.javascript.jscomp.CompilerTestCase.test(CompilerTestCase.java:360)
	at com.google.javascript.jscomp.InlineVariablesTest.testInlineAliasesInLoop(InlineVariablesTest.java:602)
	at sun.reflect.NativeMethodAccessorImpl.invoke0(Native Method)
	at sun.reflect.NativeMethodAccessorImpl.invoke(NativeMethodAccessorImpl.java:57)
	at sun.reflect.DelegatingMethodAccessorImpl.invoke(DelegatingMethodAccessorImpl.java:43)
	at java.lang.reflect.Method.invoke(Method.java:606)
	at junit.framework.TestCase.runTest(TestCase.java:176)
	at junit.framework.TestCase.runBare(TestCase.java:141)
	at junit.framework.TestResult$1.protect(TestResult.java:122)
	at junit.framework.TestResult.runProtected(TestResult.java:142)
	at junit.framework.TestResult.run(TestResult.java:125)
	at junit.framework.TestCase.run(TestCase.java:129)
	at junit.framework.TestSuite.runTest(TestSuite.java:255)
	at junit.framework.TestSuite.run(TestSuite.java:250)
	at org.apache.tools.ant.taskdefs.optional.junit.JUnitTestRunner.run(JUnitTestRunner.java:520)
	at org.apache.tools.ant.taskdefs.optional.junit.JUnitTask.executeInVM(JUnitTask.java:1478)
	at org.apache.tools.ant.taskdefs.optional.junit.JUnitTask.execute(JUnitTask.java:860)
	at org.apache.tools.ant.taskdefs.optional.junit.JUnitTask.executeOrQueue(JUnitTask.java:1968)
	at org.apache.tools.ant.taskdefs.optional.junit.JUnitTask.execute1(JUnitTask.java:812)
	at org.apache.tools.ant.taskdefs.optional.junit.JUnitTask.execute(JUnitTask.java:2271)
	at org.apache.tools.ant.UnknownElement.execute(UnknownElement.java:291)
	at sun.reflect.GeneratedMethodAccessor4.invoke(Unknown Source)
	at sun.reflect.DelegatingMethodAccessorImpl.invoke(DelegatingMethodAccessorImpl.java:43)
	at java.lang.reflect.Method.invoke(Method.java:606)
	at org.apache.tools.ant.dispatch.DispatchUtils.execute(DispatchUtils.java:106)
	at org.apache.tools.ant.Task.perform(Task.java:348)
	at org.apache.tools.ant.Target.execute(Target.java:392)
	at org.apache.tools.ant.Target.performTasks(Target.java:413)
	at org.apache.tools.ant.Project.executeSortedTargets(Project.java:1399)
	at org.apache.tools.ant.Project.executeTarget(Project.java:1368)
	at org.apache.tools.ant.helper.DefaultExecutor.executeTargets(DefaultExecutor.java:41)
	at org.apache.tools.ant.Project.executeTargets(Project.java:1251)
	at org.apache.tools.ant.Main.runBuild(Main.java:811)
	at org.apache.tools.ant.Main.startAnt(Main.java:217)
	at org.apache.tools.ant.launch.Launcher.run(Launcher.java:280)
	at org.apache.tools.ant.launch.Launcher.main(Launcher.java:109)
Caused by: java.lang.NullPointerException
	... 55 more
--- com.google.javascript.jscomp.InlineVariablesTest::testNoInlineMutatedVariable
java.lang.RuntimeException: INTERNAL COMPILER ERROR.
Please report this problem.
null
  Node(BLOCK): [source unknown]
  Parent(BLOCK): [source unknown]

	at com.google.common.base.Preconditions.checkNotNull(Preconditions.java:191)
	at com.google.javascript.jscomp.ReferenceCollectingCallback$ReferenceCollection.isOnlyAssignmentSameScopeAsDeclaration(ReferenceCollectingCallback.java:446)
	at com.google.javascript.jscomp.InlineVariables$InliningBehavior.inlineNonConstants(InlineVariables.java:301)
	at com.google.javascript.jscomp.InlineVariables$InliningBehavior.doInlinesForScope(InlineVariables.java:219)
	at com.google.javascript.jscomp.InlineVariables$InliningBehavior.afterExitScope(InlineVariables.java:160)
	at com.google.javascript.jscomp.ReferenceCollectingCallback.exitScope(ReferenceCollectingCallback.java:185)
	at com.google.javascript.jscomp.NodeTraversal.popScope(NodeTraversal.java:618)
	at com.google.javascript.jscomp.NodeTraversal.traverseRoots(NodeTraversal.java:317)
	at com.google.javascript.jscomp.NodeTraversal.traverseRoots(NodeTraversal.java:503)
	at com.google.javascript.jscomp.ReferenceCollectingCallback.process(ReferenceCollectingCallback.java:110)
	at com.google.javascript.jscomp.InlineVariables.process(InlineVariables.java:86)
	at com.google.javascript.jscomp.CompilerTestCase.test(CompilerTestCase.java:845)
	at com.google.javascript.jscomp.CompilerTestCase.test(CompilerTestCase.java:477)
	at com.google.javascript.jscomp.CompilerTestCase.test(CompilerTestCase.java:403)
	at com.google.javascript.jscomp.CompilerTestCase.test(CompilerTestCase.java:372)
	at com.google.javascript.jscomp.CompilerTestCase.test(CompilerTestCase.java:360)
	at com.google.javascript.jscomp.CompilerTestCase.testSame(CompilerTestCase.java:599)
	at com.google.javascript.jscomp.InlineVariablesTest.testNoInlineMutatedVariable(InlineVariablesTest.java:438)
	at sun.reflect.NativeMethodAccessorImpl.invoke0(Native Method)
	at sun.reflect.NativeMethodAccessorImpl.invoke(NativeMethodAccessorImpl.java:57)
	at sun.reflect.DelegatingMethodAccessorImpl.invoke(DelegatingMethodAccessorImpl.java:43)
	at java.lang.reflect.Method.invoke(Method.java:606)
	at junit.framework.TestCase.runTest(TestCase.java:176)
	at junit.framework.TestCase.runBare(TestCase.java:141)
	at junit.framework.TestResult$1.protect(TestResult.java:122)
	at junit.framework.TestResult.runProtected(TestResult.java:142)
	at junit.framework.TestResult.run(TestResult.java:125)
	at junit.framework.TestCase.run(TestCase.java:129)
	at junit.framework.TestSuite.runTest(TestSuite.java:255)
	at junit.framework.TestSuite.run(TestSuite.java:250)
	at org.apache.tools.ant.taskdefs.optional.junit.JUnitTestRunner.run(JUnitTestRunner.java:520)
	at org.apache.tools.ant.taskdefs.optional.junit.JUnitTask.executeInVM(JUnitTask.java:1478)
	at org.apache.tools.ant.taskdefs.optional.junit.JUnitTask.execute(JUnitTask.java:860)
	at org.apache.tools.ant.taskdefs.optional.junit.JUnitTask.executeOrQueue(JUnitTask.java:1968)
	at org.apache.tools.ant.taskdefs.optional.junit.JUnitTask.execute1(JUnitTask.java:812)
	at org.apache.tools.ant.taskdefs.optional.junit.JUnitTask.execute(JUnitTask.java:2271)
	at org.apache.tools.ant.UnknownElement.execute(UnknownElement.java:291)
	at sun.reflect.GeneratedMethodAccessor4.invoke(Unknown Source)
	at sun.reflect.DelegatingMethodAccessorImpl.invoke(DelegatingMethodAccessorImpl.java:43)
	at java.lang.reflect.Method.invoke(Method.java:606)
	at org.apache.tools.ant.dispatch.DispatchUtils.execute(DispatchUtils.java:106)
	at org.apache.tools.ant.Task.perform(Task.java:348)
	at org.apache.tools.ant.Target.execute(Target.java:392)
	at org.apache.tools.ant.Target.performTasks(Target.java:413)
	at org.apache.tools.ant.Project.executeSortedTargets(Project.java:1399)
	at org.apache.tools.ant.Project.executeTarget(Project.java:1368)
	at org.apache.tools.ant.helper.DefaultExecutor.executeTargets(DefaultExecutor.java:41)
	at org.apache.tools.ant.Project.executeTargets(Project.java:1251)
	at org.apache.tools.ant.Main.runBuild(Main.java:811)
	at org.apache.tools.ant.Main.startAnt(Main.java:217)
	at org.apache.tools.ant.launch.Launcher.run(Launcher.java:280)
	at org.apache.tools.ant.launch.Launcher.main(Launcher.java:109)
Caused by: java.lang.NullPointerException
	... 52 more
--- com.google.javascript.jscomp.InlineVariablesTest::testDoNotInlineIncrement
java.lang.RuntimeException: INTERNAL COMPILER ERROR.
Please report this problem.
null
  Node(BLOCK): [source unknown]
  Parent(BLOCK): [source unknown]

	at com.google.common.base.Preconditions.checkNotNull(Preconditions.java:191)
	at com.google.javascript.jscomp.ReferenceCollectingCallback$ReferenceCollection.isOnlyAssignmentSameScopeAsDeclaration(ReferenceCollectingCallback.java:446)
	at com.google.javascript.jscomp.InlineVariables$InliningBehavior.inlineNonConstants(InlineVariables.java:301)
	at com.google.javascript.jscomp.InlineVariables$InliningBehavior.doInlinesForScope(InlineVariables.java:219)
	at com.google.javascript.jscomp.InlineVariables$InliningBehavior.afterExitScope(InlineVariables.java:160)
	at com.google.javascript.jscomp.ReferenceCollectingCallback.exitScope(ReferenceCollectingCallback.java:185)
	at com.google.javascript.jscomp.NodeTraversal.popScope(NodeTraversal.java:618)
	at com.google.javascript.jscomp.NodeTraversal.traverseRoots(NodeTraversal.java:317)
	at com.google.javascript.jscomp.NodeTraversal.traverseRoots(NodeTraversal.java:503)
	at com.google.javascript.jscomp.ReferenceCollectingCallback.process(ReferenceCollectingCallback.java:110)
	at com.google.javascript.jscomp.InlineVariables.process(InlineVariables.java:86)
	at com.google.javascript.jscomp.CompilerTestCase.test(CompilerTestCase.java:845)
	at com.google.javascript.jscomp.CompilerTestCase.test(CompilerTestCase.java:477)
	at com.google.javascript.jscomp.CompilerTestCase.test(CompilerTestCase.java:403)
	at com.google.javascript.jscomp.CompilerTestCase.test(CompilerTestCase.java:372)
	at com.google.javascript.jscomp.CompilerTestCase.test(CompilerTestCase.java:360)
	at com.google.javascript.jscomp.CompilerTestCase.testSame(CompilerTestCase.java:599)
	at com.google.javascript.jscomp.InlineVariablesTest.testDoNotInlineIncrement(InlineVariablesTest.java:72)
	at sun.reflect.NativeMethodAccessorImpl.invoke0(Native Method)
	at sun.reflect.NativeMethodAccessorImpl.invoke(NativeMethodAccessorImpl.java:57)
	at sun.reflect.DelegatingMethodAccessorImpl.invoke(DelegatingMethodAccessorImpl.java:43)
	at java.lang.reflect.Method.invoke(Method.java:606)
	at junit.framework.TestCase.runTest(TestCase.java:176)
	at junit.framework.TestCase.runBare(TestCase.java:141)
	at junit.framework.TestResult$1.protect(TestResult.java:122)
	at junit.framework.TestResult.runProtected(TestResult.java:142)
	at junit.framework.TestResult.run(TestResult.java:125)
	at junit.framework.TestCase.run(TestCase.java:129)
	at junit.framework.TestSuite.runTest(TestSuite.java:255)
	at junit.framework.TestSuite.run(TestSuite.java:250)
	at org.apache.tools.ant.taskdefs.optional.junit.JUnitTestRunner.run(JUnitTestRunner.java:520)
	at org.apache.tools.ant.taskdefs.optional.junit.JUnitTask.executeInVM(JUnitTask.java:1478)
	at org.apache.tools.ant.taskdefs.optional.junit.JUnitTask.execute(JUnitTask.java:860)
	at org.apache.tools.ant.taskdefs.optional.junit.JUnitTask.executeOrQueue(JUnitTask.java:1968)
	at org.apache.tools.ant.taskdefs.optional.junit.JUnitTask.execute1(JUnitTask.java:812)
	at org.apache.tools.ant.taskdefs.optional.junit.JUnitTask.execute(JUnitTask.java:2271)
	at org.apache.tools.ant.UnknownElement.execute(UnknownElement.java:291)
	at sun.reflect.GeneratedMethodAccessor4.invoke(Unknown Source)
	at sun.reflect.DelegatingMethodAccessorImpl.invoke(DelegatingMethodAccessorImpl.java:43)
	at java.lang.reflect.Method.invoke(Method.java:606)
	at org.apache.tools.ant.dispatch.DispatchUtils.execute(DispatchUtils.java:106)
	at org.apache.tools.ant.Task.perform(Task.java:348)
	at org.apache.tools.ant.Target.execute(Target.java:392)
	at org.apache.tools.ant.Target.performTasks(Target.java:413)
	at org.apache.tools.ant.Project.executeSortedTargets(Project.java:1399)
	at org.apache.tools.ant.Project.executeTarget(Project.java:1368)
	at org.apache.tools.ant.helper.DefaultExecutor.executeTargets(DefaultExecutor.java:41)
	at org.apache.tools.ant.Project.executeTargets(Project.java:1251)
	at org.apache.tools.ant.Main.runBuild(Main.java:811)
	at org.apache.tools.ant.Main.startAnt(Main.java:217)
	at org.apache.tools.ant.launch.Launcher.run(Launcher.java:280)
	at org.apache.tools.ant.launch.Launcher.main(Launcher.java:109)
Caused by: java.lang.NullPointerException
	... 52 more
--- com.google.javascript.jscomp.InlineVariablesTest::testDoNotInlineIntoLhsOfAssign
java.lang.RuntimeException: INTERNAL COMPILER ERROR.
Please report this problem.
null
  Node(BLOCK): [source unknown]
  Parent(BLOCK): [source unknown]

	at com.google.common.base.Preconditions.checkNotNull(Preconditions.java:191)
	at com.google.javascript.jscomp.ReferenceCollectingCallback$ReferenceCollection.isOnlyAssignmentSameScopeAsDeclaration(ReferenceCollectingCallback.java:446)
	at com.google.javascript.jscomp.InlineVariables$InliningBehavior.inlineNonConstants(InlineVariables.java:301)
	at com.google.javascript.jscomp.InlineVariables$InliningBehavior.doInlinesForScope(InlineVariables.java:219)
	at com.google.javascript.jscomp.InlineVariables$InliningBehavior.afterExitScope(InlineVariables.java:160)
	at com.google.javascript.jscomp.ReferenceCollectingCallback.exitScope(ReferenceCollectingCallback.java:185)
	at com.google.javascript.jscomp.NodeTraversal.popScope(NodeTraversal.java:618)
	at com.google.javascript.jscomp.NodeTraversal.traverseRoots(NodeTraversal.java:317)
	at com.google.javascript.jscomp.NodeTraversal.traverseRoots(NodeTraversal.java:503)
	at com.google.javascript.jscomp.ReferenceCollectingCallback.process(ReferenceCollectingCallback.java:110)
	at com.google.javascript.jscomp.InlineVariables.process(InlineVariables.java:86)
	at com.google.javascript.jscomp.CompilerTestCase.test(CompilerTestCase.java:845)
	at com.google.javascript.jscomp.CompilerTestCase.test(CompilerTestCase.java:477)
	at com.google.javascript.jscomp.CompilerTestCase.test(CompilerTestCase.java:403)
	at com.google.javascript.jscomp.CompilerTestCase.test(CompilerTestCase.java:372)
	at com.google.javascript.jscomp.CompilerTestCase.test(CompilerTestCase.java:360)
	at com.google.javascript.jscomp.CompilerTestCase.testSame(CompilerTestCase.java:599)
	at com.google.javascript.jscomp.InlineVariablesTest.testDoNotInlineIntoLhsOfAssign(InlineVariablesTest.java:80)
	at sun.reflect.NativeMethodAccessorImpl.invoke0(Native Method)
	at sun.reflect.NativeMethodAccessorImpl.invoke(NativeMethodAccessorImpl.java:57)
	at sun.reflect.DelegatingMethodAccessorImpl.invoke(DelegatingMethodAccessorImpl.java:43)
	at java.lang.reflect.Method.invoke(Method.java:606)
	at junit.framework.TestCase.runTest(TestCase.java:176)
	at junit.framework.TestCase.runBare(TestCase.java:141)
	at junit.framework.TestResult$1.protect(TestResult.java:122)
	at junit.framework.TestResult.runProtected(TestResult.java:142)
	at junit.framework.TestResult.run(TestResult.java:125)
	at junit.framework.TestCase.run(TestCase.java:129)
	at junit.framework.TestSuite.runTest(TestSuite.java:255)
	at junit.framework.TestSuite.run(TestSuite.java:250)
	at org.apache.tools.ant.taskdefs.optional.junit.JUnitTestRunner.run(JUnitTestRunner.java:520)
	at org.apache.tools.ant.taskdefs.optional.junit.JUnitTask.executeInVM(JUnitTask.java:1478)
	at org.apache.tools.ant.taskdefs.optional.junit.JUnitTask.execute(JUnitTask.java:860)
	at org.apache.tools.ant.taskdefs.optional.junit.JUnitTask.executeOrQueue(JUnitTask.java:1968)
	at org.apache.tools.ant.taskdefs.optional.junit.JUnitTask.execute1(JUnitTask.java:812)
	at org.apache.tools.ant.taskdefs.optional.junit.JUnitTask.execute(JUnitTask.java:2271)
	at org.apache.tools.ant.UnknownElement.execute(UnknownElement.java:291)
	at sun.reflect.GeneratedMethodAccessor4.invoke(Unknown Source)
	at sun.reflect.DelegatingMethodAccessorImpl.invoke(DelegatingMethodAccessorImpl.java:43)
	at java.lang.reflect.Method.invoke(Method.java:606)
	at org.apache.tools.ant.dispatch.DispatchUtils.execute(DispatchUtils.java:106)
	at org.apache.tools.ant.Task.perform(Task.java:348)
	at org.apache.tools.ant.Target.execute(Target.java:392)
	at org.apache.tools.ant.Target.performTasks(Target.java:413)
	at org.apache.tools.ant.Project.executeSortedTargets(Project.java:1399)
	at org.apache.tools.ant.Project.executeTarget(Project.java:1368)
	at org.apache.tools.ant.helper.DefaultExecutor.executeTargets(DefaultExecutor.java:41)
	at org.apache.tools.ant.Project.executeTargets(Project.java:1251)
	at org.apache.tools.ant.Main.runBuild(Main.java:811)
	at org.apache.tools.ant.Main.startAnt(Main.java:217)
	at org.apache.tools.ant.launch.Launcher.run(Launcher.java:280)
	at org.apache.tools.ant.launch.Launcher.main(Launcher.java:109)
Caused by: java.lang.NullPointerException
	... 52 more
--- com.google.javascript.jscomp.IntegrationTest::testFlowSensitiveInlineVariables2
java.lang.RuntimeException: java.lang.RuntimeException: INTERNAL COMPILER ERROR.
Please report this problem.
null
  Node(BLOCK): i0:1:14
function f () {
  Parent(FUNCTION f): i0:1:0
function f () {

	at com.google.javascript.jscomp.Compiler.runInCompilerThread(Compiler.java:715)
	at com.google.javascript.jscomp.Compiler.compile(Compiler.java:647)
	at com.google.javascript.jscomp.Compiler.compileModules(Compiler.java:638)
	at com.google.javascript.jscomp.IntegrationTestCase.compile(IntegrationTestCase.java:193)
	at com.google.javascript.jscomp.IntegrationTestCase.test(IntegrationTestCase.java:88)
	at com.google.javascript.jscomp.IntegrationTestCase.test(IntegrationTestCase.java:79)
	at com.google.javascript.jscomp.IntegrationTest.testFlowSensitiveInlineVariables2(IntegrationTest.java:1236)
	at sun.reflect.NativeMethodAccessorImpl.invoke0(Native Method)
	at sun.reflect.NativeMethodAccessorImpl.invoke(NativeMethodAccessorImpl.java:57)
	at sun.reflect.DelegatingMethodAccessorImpl.invoke(DelegatingMethodAccessorImpl.java:43)
	at java.lang.reflect.Method.invoke(Method.java:606)
	at junit.framework.TestCase.runTest(TestCase.java:176)
	at junit.framework.TestCase.runBare(TestCase.java:141)
	at junit.framework.TestResult$1.protect(TestResult.java:122)
	at junit.framework.TestResult.runProtected(TestResult.java:142)
	at junit.framework.TestResult.run(TestResult.java:125)
	at junit.framework.TestCase.run(TestCase.java:129)
	at junit.framework.TestSuite.runTest(TestSuite.java:255)
	at junit.framework.TestSuite.run(TestSuite.java:250)
	at org.apache.tools.ant.taskdefs.optional.junit.JUnitTestRunner.run(JUnitTestRunner.java:520)
	at org.apache.tools.ant.taskdefs.optional.junit.JUnitTask.executeInVM(JUnitTask.java:1478)
	at org.apache.tools.ant.taskdefs.optional.junit.JUnitTask.execute(JUnitTask.java:860)
	at org.apache.tools.ant.taskdefs.optional.junit.JUnitTask.executeOrQueue(JUnitTask.java:1968)
	at org.apache.tools.ant.taskdefs.optional.junit.JUnitTask.execute1(JUnitTask.java:812)
	at org.apache.tools.ant.taskdefs.optional.junit.JUnitTask.execute(JUnitTask.java:2271)
	at org.apache.tools.ant.UnknownElement.execute(UnknownElement.java:291)
	at sun.reflect.GeneratedMethodAccessor4.invoke(Unknown Source)
	at sun.reflect.DelegatingMethodAccessorImpl.invoke(DelegatingMethodAccessorImpl.java:43)
	at java.lang.reflect.Method.invoke(Method.java:606)
	at org.apache.tools.ant.dispatch.DispatchUtils.execute(DispatchUtils.java:106)
	at org.apache.tools.ant.Task.perform(Task.java:348)
	at org.apache.tools.ant.Target.execute(Target.java:392)
	at org.apache.tools.ant.Target.performTasks(Target.java:413)
	at org.apache.tools.ant.Project.executeSortedTargets(Project.java:1399)
	at org.apache.tools.ant.Project.executeTarget(Project.java:1368)
	at org.apache.tools.ant.helper.DefaultExecutor.executeTargets(DefaultExecutor.java:41)
	at org.apache.tools.ant.Project.executeTargets(Project.java:1251)
	at org.apache.tools.ant.Main.runBuild(Main.java:811)
	at org.apache.tools.ant.Main.startAnt(Main.java:217)
	at org.apache.tools.ant.launch.Launcher.run(Launcher.java:280)
	at org.apache.tools.ant.launch.Launcher.main(Launcher.java:109)
Caused by: java.lang.RuntimeException: INTERNAL COMPILER ERROR.
Please report this problem.
null
  Node(BLOCK): i0:1:14
function f () {
  Parent(FUNCTION f): i0:1:0
function f () {

	at com.google.common.base.Preconditions.checkNotNull(Preconditions.java:191)
	at com.google.javascript.jscomp.ReferenceCollectingCallback$ReferenceCollection.isOnlyAssignmentSameScopeAsDeclaration(ReferenceCollectingCallback.java:446)
	at com.google.javascript.jscomp.InlineVariables$InliningBehavior.inlineNonConstants(InlineVariables.java:301)
	at com.google.javascript.jscomp.InlineVariables$InliningBehavior.doInlinesForScope(InlineVariables.java:219)
	at com.google.javascript.jscomp.InlineVariables$InliningBehavior.afterExitScope(InlineVariables.java:160)
	at com.google.javascript.jscomp.ReferenceCollectingCallback.exitScope(ReferenceCollectingCallback.java:187)
	at com.google.javascript.jscomp.NodeTraversal.popScope(NodeTraversal.java:618)
	at com.google.javascript.jscomp.NodeTraversal.traverseFunction(NodeTraversal.java:576)
	at com.google.javascript.jscomp.NodeTraversal.traverseBranch(NodeTraversal.java:528)
	at com.google.javascript.jscomp.NodeTraversal.traverseBranch(NodeTraversal.java:534)
	at com.google.javascript.jscomp.NodeTraversal.traverseBranch(NodeTraversal.java:534)
	at com.google.javascript.jscomp.NodeTraversal.traverseRoots(NodeTraversal.java:314)
	at com.google.javascript.jscomp.NodeTraversal.traverseRoots(NodeTraversal.java:503)
	at com.google.javascript.jscomp.ReferenceCollectingCallback.process(ReferenceCollectingCallback.java:110)
	at com.google.javascript.jscomp.InlineVariables.process(InlineVariables.java:86)
	at com.google.javascript.jscomp.PhaseOptimizer$NamedPass.process(PhaseOptimizer.java:271)
	at com.google.javascript.jscomp.PhaseOptimizer$Loop.process(PhaseOptimizer.java:432)
	at com.google.javascript.jscomp.PhaseOptimizer.process(PhaseOptimizer.java:215)
	at com.google.javascript.jscomp.Compiler.optimize(Compiler.java:1916)
	at com.google.javascript.jscomp.Compiler.compileInternal(Compiler.java:749)
	at com.google.javascript.jscomp.Compiler.access$000(Compiler.java:83)
	at com.google.javascript.jscomp.Compiler$2.call(Compiler.java:650)
	at com.google.javascript.jscomp.Compiler$2.call(Compiler.java:647)
	at com.google.javascript.jscomp.Compiler$3.call(Compiler.java:677)
	at java.util.concurrent.FutureTask.run(FutureTask.java:262)
	at java.util.concurrent.ThreadPoolExecutor.runWorker(ThreadPoolExecutor.java:1145)
	at java.util.concurrent.ThreadPoolExecutor$Worker.run(ThreadPoolExecutor.java:615)
	at java.lang.Thread.run(Thread.java:745)
Caused by: java.lang.NullPointerException
	... 28 more
--- com.google.javascript.jscomp.IntegrationTest::testIssue550
java.lang.RuntimeException: java.lang.RuntimeException: INTERNAL COMPILER ERROR.
Please report this problem.
null
  Node(BLOCK): i0:1:14
function f(h) {
  Parent(FUNCTION f): i0:1:0
function f(h) {

	at com.google.javascript.jscomp.Compiler.runInCompilerThread(Compiler.java:715)
	at com.google.javascript.jscomp.Compiler.compile(Compiler.java:647)
	at com.google.javascript.jscomp.Compiler.compileModules(Compiler.java:638)
	at com.google.javascript.jscomp.IntegrationTestCase.compile(IntegrationTestCase.java:193)
	at com.google.javascript.jscomp.IntegrationTestCase.test(IntegrationTestCase.java:88)
	at com.google.javascript.jscomp.IntegrationTestCase.test(IntegrationTestCase.java:79)
	at com.google.javascript.jscomp.IntegrationTest.testIssue550(IntegrationTest.java:2120)
	at sun.reflect.NativeMethodAccessorImpl.invoke0(Native Method)
	at sun.reflect.NativeMethodAccessorImpl.invoke(NativeMethodAccessorImpl.java:57)
	at sun.reflect.DelegatingMethodAccessorImpl.invoke(DelegatingMethodAccessorImpl.java:43)
	at java.lang.reflect.Method.invoke(Method.java:606)
	at junit.framework.TestCase.runTest(TestCase.java:176)
	at junit.framework.TestCase.runBare(TestCase.java:141)
	at junit.framework.TestResult$1.protect(TestResult.java:122)
	at junit.framework.TestResult.runProtected(TestResult.java:142)
	at junit.framework.TestResult.run(TestResult.java:125)
	at junit.framework.TestCase.run(TestCase.java:129)
	at junit.framework.TestSuite.runTest(TestSuite.java:255)
	at junit.framework.TestSuite.run(TestSuite.java:250)
	at org.apache.tools.ant.taskdefs.optional.junit.JUnitTestRunner.run(JUnitTestRunner.java:520)
	at org.apache.tools.ant.taskdefs.optional.junit.JUnitTask.executeInVM(JUnitTask.java:1478)
	at org.apache.tools.ant.taskdefs.optional.junit.JUnitTask.execute(JUnitTask.java:860)
	at org.apache.tools.ant.taskdefs.optional.junit.JUnitTask.executeOrQueue(JUnitTask.java:1968)
	at org.apache.tools.ant.taskdefs.optional.junit.JUnitTask.execute1(JUnitTask.java:812)
	at org.apache.tools.ant.taskdefs.optional.junit.JUnitTask.execute(JUnitTask.java:2271)
	at org.apache.tools.ant.UnknownElement.execute(UnknownElement.java:291)
	at sun.reflect.GeneratedMethodAccessor4.invoke(Unknown Source)
	at sun.reflect.DelegatingMethodAccessorImpl.invoke(DelegatingMethodAccessorImpl.java:43)
	at java.lang.reflect.Method.invoke(Method.java:606)
	at org.apache.tools.ant.dispatch.DispatchUtils.execute(DispatchUtils.java:106)
	at org.apache.tools.ant.Task.perform(Task.java:348)
	at org.apache.tools.ant.Target.execute(Target.java:392)
	at org.apache.tools.ant.Target.performTasks(Target.java:413)
	at org.apache.tools.ant.Project.executeSortedTargets(Project.java:1399)
	at org.apache.tools.ant.Project.executeTarget(Project.java:1368)
	at org.apache.tools.ant.helper.DefaultExecutor.executeTargets(DefaultExecutor.java:41)
	at org.apache.tools.ant.Project.executeTargets(Project.java:1251)
	at org.apache.tools.ant.Main.runBuild(Main.java:811)
	at org.apache.tools.ant.Main.startAnt(Main.java:217)
	at org.apache.tools.ant.launch.Launcher.run(Launcher.java:280)
	at org.apache.tools.ant.launch.Launcher.main(Launcher.java:109)
Caused by: java.lang.RuntimeException: INTERNAL COMPILER ERROR.
Please report this problem.
null
  Node(BLOCK): i0:1:14
function f(h) {
  Parent(FUNCTION f): i0:1:0
function f(h) {

	at com.google.common.base.Preconditions.checkNotNull(Preconditions.java:191)
	at com.google.javascript.jscomp.ReferenceCollectingCallback$ReferenceCollection.isOnlyAssignmentSameScopeAsDeclaration(ReferenceCollectingCallback.java:446)
	at com.google.javascript.jscomp.InlineVariables$InliningBehavior.inlineNonConstants(InlineVariables.java:301)
	at com.google.javascript.jscomp.InlineVariables$InliningBehavior.doInlinesForScope(InlineVariables.java:219)
	at com.google.javascript.jscomp.InlineVariables$InliningBehavior.afterExitScope(InlineVariables.java:160)
	at com.google.javascript.jscomp.ReferenceCollectingCallback.exitScope(ReferenceCollectingCallback.java:187)
	at com.google.javascript.jscomp.NodeTraversal.popScope(NodeTraversal.java:618)
	at com.google.javascript.jscomp.NodeTraversal.traverseFunction(NodeTraversal.java:576)
	at com.google.javascript.jscomp.NodeTraversal.traverseBranch(NodeTraversal.java:528)
	at com.google.javascript.jscomp.NodeTraversal.traverseBranch(NodeTraversal.java:534)
	at com.google.javascript.jscomp.NodeTraversal.traverseBranch(NodeTraversal.java:534)
	at com.google.javascript.jscomp.NodeTraversal.traverseRoots(NodeTraversal.java:314)
	at com.google.javascript.jscomp.NodeTraversal.traverseRoots(NodeTraversal.java:503)
	at com.google.javascript.jscomp.ReferenceCollectingCallback.process(ReferenceCollectingCallback.java:110)
	at com.google.javascript.jscomp.InlineVariables.process(InlineVariables.java:86)
	at com.google.javascript.jscomp.PhaseOptimizer$NamedPass.process(PhaseOptimizer.java:271)
	at com.google.javascript.jscomp.PhaseOptimizer$Loop.process(PhaseOptimizer.java:432)
	at com.google.javascript.jscomp.PhaseOptimizer.process(PhaseOptimizer.java:215)
	at com.google.javascript.jscomp.Compiler.optimize(Compiler.java:1916)
	at com.google.javascript.jscomp.Compiler.compileInternal(Compiler.java:749)
	at com.google.javascript.jscomp.Compiler.access$000(Compiler.java:83)
	at com.google.javascript.jscomp.Compiler$2.call(Compiler.java:650)
	at com.google.javascript.jscomp.Compiler$2.call(Compiler.java:647)
	at com.google.javascript.jscomp.Compiler$3.call(Compiler.java:677)
	at java.util.concurrent.FutureTask.run(FutureTask.java:262)
	at java.util.concurrent.ThreadPoolExecutor.runWorker(ThreadPoolExecutor.java:1145)
	at java.util.concurrent.ThreadPoolExecutor$Worker.run(ThreadPoolExecutor.java:615)
	at java.lang.Thread.run(Thread.java:745)
Caused by: java.lang.NullPointerException
	... 28 more
