--- com.google.javascript.jscomp.UnreachableCodeEliminationTest::testIteratedRemoval
java.lang.RuntimeException: INTERNAL COMPILER ERROR.
Please report this problem.
null
  Node(BREAK): testcode:1:57
switch (a) { case 'a': break; case 'b': break; case 'c': break }
  Parent(BLOCK): testcode:1:47
switch (a) { case 'a': break; case 'b': break; case 'c': break }

	at com.google.javascript.jscomp.UnreachableCodeElimination$EliminationPass.inFinally(UnreachableCodeElimination.java:178)
	at com.google.javascript.jscomp.UnreachableCodeElimination$EliminationPass.inFinally(UnreachableCodeElimination.java:183)
	at com.google.javascript.jscomp.UnreachableCodeElimination$EliminationPass.inFinally(UnreachableCodeElimination.java:183)
	at com.google.javascript.jscomp.UnreachableCodeElimination$EliminationPass.inFinally(UnreachableCodeElimination.java:183)
	at com.google.javascript.jscomp.UnreachableCodeElimination$EliminationPass.inFinally(UnreachableCodeElimination.java:183)
	at com.google.javascript.jscomp.UnreachableCodeElimination$EliminationPass.inFinally(UnreachableCodeElimination.java:183)
	at com.google.javascript.jscomp.UnreachableCodeElimination$EliminationPass.inFinally(UnreachableCodeElimination.java:183)
	at com.google.javascript.jscomp.UnreachableCodeElimination$EliminationPass.tryRemoveUnconditionalBranching(UnreachableCodeElimination.java:170)
	at com.google.javascript.jscomp.UnreachableCodeElimination$EliminationPass.visit(UnreachableCodeElimination.java:107)
	at com.google.javascript.jscomp.NodeTraversal.traverseBranch(NodeTraversal.java:535)
	at com.google.javascript.jscomp.NodeTraversal.traverseBranch(NodeTraversal.java:529)
	at com.google.javascript.jscomp.NodeTraversal.traverseBranch(NodeTraversal.java:529)
	at com.google.javascript.jscomp.NodeTraversal.traverseBranch(NodeTraversal.java:529)
	at com.google.javascript.jscomp.NodeTraversal.traverseBranch(NodeTraversal.java:529)
	at com.google.javascript.jscomp.NodeTraversal.traverseBranch(NodeTraversal.java:529)
	at com.google.javascript.jscomp.NodeTraversal.traverse(NodeTraversal.java:288)
	at com.google.javascript.jscomp.NodeTraversal.traverse(NodeTraversal.java:489)
	at com.google.javascript.jscomp.UnreachableCodeElimination$1.visit(UnreachableCodeElimination.java:81)
	at com.google.javascript.jscomp.NodeTraversal.traverseChangedFunctions(NodeTraversal.java:469)
	at com.google.javascript.jscomp.UnreachableCodeElimination.process(UnreachableCodeElimination.java:66)
	at com.google.javascript.jscomp.CompilerTestCase.test(CompilerTestCase.java:822)
	at com.google.javascript.jscomp.CompilerTestCase.test(CompilerTestCase.java:460)
	at com.google.javascript.jscomp.CompilerTestCase.test(CompilerTestCase.java:386)
	at com.google.javascript.jscomp.CompilerTestCase.test(CompilerTestCase.java:355)
	at com.google.javascript.jscomp.CompilerTestCase.test(CompilerTestCase.java:343)
	at com.google.javascript.jscomp.UnreachableCodeEliminationTest.testIteratedRemoval(UnreachableCodeEliminationTest.java:237)
	at sun.reflect.NativeMethodAccessorImpl.invoke0(Native Method)
	at sun.reflect.NativeMethodAccessorImpl.invoke(NativeMethodAccessorImpl.java:57)
	at sun.reflect.DelegatingMethodAccessorImpl.invoke(DelegatingMethodAccessorImpl.java:43)
	at java.lang.reflect.Method.invoke(Method.java:606)
	at junit.framework.TestCase.runTest(TestCase.java:176)
	at junit.framework.TestCase.runBare(TestCase.java:141)
	at junit.framework.TestResult$1.protect(TestResult.java:122)
	at junit.framework.TestResult.runProtected(TestResult.java:142)
	at junit.framework.TestResult.run(TestResult.java:125)
	at junit.framework.TestCase.run(TestCase.java:129)
	at junit.framework.TestSuite.runTest(TestSuite.java:255)
	at junit.framework.TestSuite.run(TestSuite.java:250)
	at org.apache.tools.ant.taskdefs.optional.junit.JUnitTestRunner.run(JUnitTestRunner.java:520)
	at org.apache.tools.ant.taskdefs.optional.junit.JUnitTask.executeInVM(JUnitTask.java:1478)
	at org.apache.tools.ant.taskdefs.optional.junit.JUnitTask.execute(JUnitTask.java:860)
	at org.apache.tools.ant.taskdefs.optional.junit.JUnitTask.executeOrQueue(JUnitTask.java:1968)
	at org.apache.tools.ant.taskdefs.optional.junit.JUnitTask.execute1(JUnitTask.java:812)
	at org.apache.tools.ant.taskdefs.optional.junit.JUnitTask.execute(JUnitTask.java:2271)
	at org.apache.tools.ant.UnknownElement.execute(UnknownElement.java:291)
	at sun.reflect.GeneratedMethodAccessor4.invoke(Unknown Source)
	at sun.reflect.DelegatingMethodAccessorImpl.invoke(DelegatingMethodAccessorImpl.java:43)
	at java.lang.reflect.Method.invoke(Method.java:606)
	at org.apache.tools.ant.dispatch.DispatchUtils.execute(DispatchUtils.java:106)
	at org.apache.tools.ant.Task.perform(Task.java:348)
	at org.apache.tools.ant.Target.execute(Target.java:392)
	at org.apache.tools.ant.Target.performTasks(Target.java:413)
	at org.apache.tools.ant.Project.executeSortedTargets(Project.java:1399)
	at org.apache.tools.ant.Project.executeTarget(Project.java:1368)
	at org.apache.tools.ant.helper.DefaultExecutor.executeTargets(DefaultExecutor.java:41)
	at org.apache.tools.ant.Project.executeTargets(Project.java:1251)
	at org.apache.tools.ant.Main.runBuild(Main.java:811)
	at org.apache.tools.ant.Main.startAnt(Main.java:217)
	at org.apache.tools.ant.launch.Launcher.run(Launcher.java:280)
	at org.apache.tools.ant.launch.Launcher.main(Launcher.java:109)
Caused by: java.lang.NullPointerException
	... 60 more
--- com.google.javascript.jscomp.UnreachableCodeEliminationTest::testUselessUnconditionalContinue
java.lang.RuntimeException: INTERNAL COMPILER ERROR.
Please report this problem.
null
  Node(CONTINUE): testcode:1:10
for(;1;) {continue}
  Parent(BLOCK): testcode:1:9
for(;1;) {continue}

	at com.google.javascript.jscomp.UnreachableCodeElimination$EliminationPass.inFinally(UnreachableCodeElimination.java:178)
	at com.google.javascript.jscomp.UnreachableCodeElimination$EliminationPass.inFinally(UnreachableCodeElimination.java:183)
	at com.google.javascript.jscomp.UnreachableCodeElimination$EliminationPass.inFinally(UnreachableCodeElimination.java:183)
	at com.google.javascript.jscomp.UnreachableCodeElimination$EliminationPass.inFinally(UnreachableCodeElimination.java:183)
	at com.google.javascript.jscomp.UnreachableCodeElimination$EliminationPass.inFinally(UnreachableCodeElimination.java:183)
	at com.google.javascript.jscomp.UnreachableCodeElimination$EliminationPass.inFinally(UnreachableCodeElimination.java:183)
	at com.google.javascript.jscomp.UnreachableCodeElimination$EliminationPass.tryRemoveUnconditionalBranching(UnreachableCodeElimination.java:170)
	at com.google.javascript.jscomp.UnreachableCodeElimination$EliminationPass.visit(UnreachableCodeElimination.java:107)
	at com.google.javascript.jscomp.NodeTraversal.traverseBranch(NodeTraversal.java:535)
	at com.google.javascript.jscomp.NodeTraversal.traverseBranch(NodeTraversal.java:529)
	at com.google.javascript.jscomp.NodeTraversal.traverseBranch(NodeTraversal.java:529)
	at com.google.javascript.jscomp.NodeTraversal.traverseBranch(NodeTraversal.java:529)
	at com.google.javascript.jscomp.NodeTraversal.traverseBranch(NodeTraversal.java:529)
	at com.google.javascript.jscomp.NodeTraversal.traverse(NodeTraversal.java:288)
	at com.google.javascript.jscomp.NodeTraversal.traverse(NodeTraversal.java:489)
	at com.google.javascript.jscomp.UnreachableCodeElimination$1.visit(UnreachableCodeElimination.java:81)
	at com.google.javascript.jscomp.NodeTraversal.traverseChangedFunctions(NodeTraversal.java:469)
	at com.google.javascript.jscomp.UnreachableCodeElimination.process(UnreachableCodeElimination.java:66)
	at com.google.javascript.jscomp.CompilerTestCase.test(CompilerTestCase.java:822)
	at com.google.javascript.jscomp.CompilerTestCase.test(CompilerTestCase.java:460)
	at com.google.javascript.jscomp.CompilerTestCase.test(CompilerTestCase.java:386)
	at com.google.javascript.jscomp.CompilerTestCase.test(CompilerTestCase.java:355)
	at com.google.javascript.jscomp.CompilerTestCase.test(CompilerTestCase.java:343)
	at com.google.javascript.jscomp.UnreachableCodeEliminationTest.testUselessUnconditionalContinue(UnreachableCodeEliminationTest.java:199)
	at sun.reflect.NativeMethodAccessorImpl.invoke0(Native Method)
	at sun.reflect.NativeMethodAccessorImpl.invoke(NativeMethodAccessorImpl.java:57)
	at sun.reflect.DelegatingMethodAccessorImpl.invoke(DelegatingMethodAccessorImpl.java:43)
	at java.lang.reflect.Method.invoke(Method.java:606)
	at junit.framework.TestCase.runTest(TestCase.java:176)
	at junit.framework.TestCase.runBare(TestCase.java:141)
	at junit.framework.TestResult$1.protect(TestResult.java:122)
	at junit.framework.TestResult.runProtected(TestResult.java:142)
	at junit.framework.TestResult.run(TestResult.java:125)
	at junit.framework.TestCase.run(TestCase.java:129)
	at junit.framework.TestSuite.runTest(TestSuite.java:255)
	at junit.framework.TestSuite.run(TestSuite.java:250)
	at org.apache.tools.ant.taskdefs.optional.junit.JUnitTestRunner.run(JUnitTestRunner.java:520)
	at org.apache.tools.ant.taskdefs.optional.junit.JUnitTask.executeInVM(JUnitTask.java:1478)
	at org.apache.tools.ant.taskdefs.optional.junit.JUnitTask.execute(JUnitTask.java:860)
	at org.apache.tools.ant.taskdefs.optional.junit.JUnitTask.executeOrQueue(JUnitTask.java:1968)
	at org.apache.tools.ant.taskdefs.optional.junit.JUnitTask.execute1(JUnitTask.java:812)
	at org.apache.tools.ant.taskdefs.optional.junit.JUnitTask.execute(JUnitTask.java:2271)
	at org.apache.tools.ant.UnknownElement.execute(UnknownElement.java:291)
	at sun.reflect.GeneratedMethodAccessor4.invoke(Unknown Source)
	at sun.reflect.DelegatingMethodAccessorImpl.invoke(DelegatingMethodAccessorImpl.java:43)
	at java.lang.reflect.Method.invoke(Method.java:606)
	at org.apache.tools.ant.dispatch.DispatchUtils.execute(DispatchUtils.java:106)
	at org.apache.tools.ant.Task.perform(Task.java:348)
	at org.apache.tools.ant.Target.execute(Target.java:392)
	at org.apache.tools.ant.Target.performTasks(Target.java:413)
	at org.apache.tools.ant.Project.executeSortedTargets(Project.java:1399)
	at org.apache.tools.ant.Project.executeTarget(Project.java:1368)
	at org.apache.tools.ant.helper.DefaultExecutor.executeTargets(DefaultExecutor.java:41)
	at org.apache.tools.ant.Project.executeTargets(Project.java:1251)
	at org.apache.tools.ant.Main.runBuild(Main.java:811)
	at org.apache.tools.ant.Main.startAnt(Main.java:217)
	at org.apache.tools.ant.launch.Launcher.run(Launcher.java:280)
	at org.apache.tools.ant.launch.Launcher.main(Launcher.java:109)
Caused by: java.lang.NullPointerException
	... 58 more
--- com.google.javascript.jscomp.UnreachableCodeEliminationTest::testUselessUnconditonalBreak
java.lang.RuntimeException: INTERNAL COMPILER ERROR.
Please report this problem.
null
  Node(BREAK): testcode:1:23
switch (a) { case 'a': break }
  Parent(BLOCK): testcode:1:13
switch (a) { case 'a': break }

	at com.google.javascript.jscomp.UnreachableCodeElimination$EliminationPass.inFinally(UnreachableCodeElimination.java:178)
	at com.google.javascript.jscomp.UnreachableCodeElimination$EliminationPass.inFinally(UnreachableCodeElimination.java:183)
	at com.google.javascript.jscomp.UnreachableCodeElimination$EliminationPass.inFinally(UnreachableCodeElimination.java:183)
	at com.google.javascript.jscomp.UnreachableCodeElimination$EliminationPass.inFinally(UnreachableCodeElimination.java:183)
	at com.google.javascript.jscomp.UnreachableCodeElimination$EliminationPass.inFinally(UnreachableCodeElimination.java:183)
	at com.google.javascript.jscomp.UnreachableCodeElimination$EliminationPass.inFinally(UnreachableCodeElimination.java:183)
	at com.google.javascript.jscomp.UnreachableCodeElimination$EliminationPass.inFinally(UnreachableCodeElimination.java:183)
	at com.google.javascript.jscomp.UnreachableCodeElimination$EliminationPass.tryRemoveUnconditionalBranching(UnreachableCodeElimination.java:170)
	at com.google.javascript.jscomp.UnreachableCodeElimination$EliminationPass.visit(UnreachableCodeElimination.java:107)
	at com.google.javascript.jscomp.NodeTraversal.traverseBranch(NodeTraversal.java:535)
	at com.google.javascript.jscomp.NodeTraversal.traverseBranch(NodeTraversal.java:529)
	at com.google.javascript.jscomp.NodeTraversal.traverseBranch(NodeTraversal.java:529)
	at com.google.javascript.jscomp.NodeTraversal.traverseBranch(NodeTraversal.java:529)
	at com.google.javascript.jscomp.NodeTraversal.traverseBranch(NodeTraversal.java:529)
	at com.google.javascript.jscomp.NodeTraversal.traverseBranch(NodeTraversal.java:529)
	at com.google.javascript.jscomp.NodeTraversal.traverse(NodeTraversal.java:288)
	at com.google.javascript.jscomp.NodeTraversal.traverse(NodeTraversal.java:489)
	at com.google.javascript.jscomp.UnreachableCodeElimination$1.visit(UnreachableCodeElimination.java:81)
	at com.google.javascript.jscomp.NodeTraversal.traverseChangedFunctions(NodeTraversal.java:469)
	at com.google.javascript.jscomp.UnreachableCodeElimination.process(UnreachableCodeElimination.java:66)
	at com.google.javascript.jscomp.CompilerTestCase.test(CompilerTestCase.java:822)
	at com.google.javascript.jscomp.CompilerTestCase.test(CompilerTestCase.java:460)
	at com.google.javascript.jscomp.CompilerTestCase.test(CompilerTestCase.java:386)
	at com.google.javascript.jscomp.CompilerTestCase.test(CompilerTestCase.java:355)
	at com.google.javascript.jscomp.CompilerTestCase.test(CompilerTestCase.java:343)
	at com.google.javascript.jscomp.UnreachableCodeEliminationTest.testUselessUnconditonalBreak(UnreachableCodeEliminationTest.java:210)
	at sun.reflect.NativeMethodAccessorImpl.invoke0(Native Method)
	at sun.reflect.NativeMethodAccessorImpl.invoke(NativeMethodAccessorImpl.java:57)
	at sun.reflect.DelegatingMethodAccessorImpl.invoke(DelegatingMethodAccessorImpl.java:43)
	at java.lang.reflect.Method.invoke(Method.java:606)
	at junit.framework.TestCase.runTest(TestCase.java:176)
	at junit.framework.TestCase.runBare(TestCase.java:141)
	at junit.framework.TestResult$1.protect(TestResult.java:122)
	at junit.framework.TestResult.runProtected(TestResult.java:142)
	at junit.framework.TestResult.run(TestResult.java:125)
	at junit.framework.TestCase.run(TestCase.java:129)
	at junit.framework.TestSuite.runTest(TestSuite.java:255)
	at junit.framework.TestSuite.run(TestSuite.java:250)
	at org.apache.tools.ant.taskdefs.optional.junit.JUnitTestRunner.run(JUnitTestRunner.java:520)
	at org.apache.tools.ant.taskdefs.optional.junit.JUnitTask.executeInVM(JUnitTask.java:1478)
	at org.apache.tools.ant.taskdefs.optional.junit.JUnitTask.execute(JUnitTask.java:860)
	at org.apache.tools.ant.taskdefs.optional.junit.JUnitTask.executeOrQueue(JUnitTask.java:1968)
	at org.apache.tools.ant.taskdefs.optional.junit.JUnitTask.execute1(JUnitTask.java:812)
	at org.apache.tools.ant.taskdefs.optional.junit.JUnitTask.execute(JUnitTask.java:2271)
	at org.apache.tools.ant.UnknownElement.execute(UnknownElement.java:291)
	at sun.reflect.GeneratedMethodAccessor4.invoke(Unknown Source)
	at sun.reflect.DelegatingMethodAccessorImpl.invoke(DelegatingMethodAccessorImpl.java:43)
	at java.lang.reflect.Method.invoke(Method.java:606)
	at org.apache.tools.ant.dispatch.DispatchUtils.execute(DispatchUtils.java:106)
	at org.apache.tools.ant.Task.perform(Task.java:348)
	at org.apache.tools.ant.Target.execute(Target.java:392)
	at org.apache.tools.ant.Target.performTasks(Target.java:413)
	at org.apache.tools.ant.Project.executeSortedTargets(Project.java:1399)
	at org.apache.tools.ant.Project.executeTarget(Project.java:1368)
	at org.apache.tools.ant.helper.DefaultExecutor.executeTargets(DefaultExecutor.java:41)
	at org.apache.tools.ant.Project.executeTargets(Project.java:1251)
	at org.apache.tools.ant.Main.runBuild(Main.java:811)
	at org.apache.tools.ant.Main.startAnt(Main.java:217)
	at org.apache.tools.ant.launch.Launcher.run(Launcher.java:280)
	at org.apache.tools.ant.launch.Launcher.main(Launcher.java:109)
Caused by: java.lang.NullPointerException
	... 60 more
