--- com.google.javascript.jscomp.ConvertToDottedPropertiesTest::testQuotedProps
java.lang.RuntimeException: INTERNAL COMPILER ERROR.
Please report this problem.
String index out of range: 0
  Node(STRING_KEY ): testcode:1:2
({'':0})
  Parent(OBJECTLIT): testcode:1:1
({'':0})

	at java.lang.String.charAt(String.java:658)
	at com.google.javascript.rhino.TokenStream.isJSIdentifier(TokenStream.java:193)
	at com.google.javascript.jscomp.NodeUtil.isValidSimpleName(NodeUtil.java:2444)
	at com.google.javascript.jscomp.NodeUtil.isValidPropertyName(NodeUtil.java:2478)
	at com.google.javascript.jscomp.ConvertToDottedProperties.visit(ConvertToDottedProperties.java:50)
	at com.google.javascript.jscomp.NodeTraversal.traverseBranch(NodeTraversal.java:505)
	at com.google.javascript.jscomp.NodeTraversal.traverseBranch(NodeTraversal.java:498)
	at com.google.javascript.jscomp.NodeTraversal.traverseBranch(NodeTraversal.java:498)
	at com.google.javascript.jscomp.NodeTraversal.traverseBranch(NodeTraversal.java:498)
	at com.google.javascript.jscomp.NodeTraversal.traverseBranch(NodeTraversal.java:498)
	at com.google.javascript.jscomp.NodeTraversal.traverse(NodeTraversal.java:277)
	at com.google.javascript.jscomp.NodeTraversal.traverse(NodeTraversal.java:456)
	at com.google.javascript.jscomp.ConvertToDottedProperties.process(ConvertToDottedProperties.java:41)
	at com.google.javascript.jscomp.CompilerTestCase.test(CompilerTestCase.java:821)
	at com.google.javascript.jscomp.CompilerTestCase.test(CompilerTestCase.java:459)
	at com.google.javascript.jscomp.CompilerTestCase.test(CompilerTestCase.java:385)
	at com.google.javascript.jscomp.CompilerTestCase.test(CompilerTestCase.java:354)
	at com.google.javascript.jscomp.CompilerTestCase.test(CompilerTestCase.java:342)
	at com.google.javascript.jscomp.CompilerTestCase.testSame(CompilerTestCase.java:581)
	at com.google.javascript.jscomp.ConvertToDottedPropertiesTest.testQuotedProps(ConvertToDottedPropertiesTest.java:69)
	at sun.reflect.NativeMethodAccessorImpl.invoke0(Native Method)
	at sun.reflect.NativeMethodAccessorImpl.invoke(NativeMethodAccessorImpl.java:57)
	at sun.reflect.DelegatingMethodAccessorImpl.invoke(DelegatingMethodAccessorImpl.java:43)
	at java.lang.reflect.Method.invoke(Method.java:606)
	at junit.framework.TestCase.runTest(TestCase.java:176)
	at junit.framework.TestCase.runBare(TestCase.java:141)
	at junit.framework.TestResult$1.protect(TestResult.java:122)
	at junit.framework.TestResult.runProtected(TestResult.java:142)
	at junit.framework.TestResult.run(TestResult.java:125)
	at junit.framework.TestCase.run(TestCase.java:129)
	at junit.framework.TestSuite.runTest(TestSuite.java:255)
	at junit.framework.TestSuite.run(TestSuite.java:250)
	at org.apache.tools.ant.taskdefs.optional.junit.JUnitTestRunner.run(JUnitTestRunner.java:520)
	at org.apache.tools.ant.taskdefs.optional.junit.JUnitTask.executeInVM(JUnitTask.java:1478)
	at org.apache.tools.ant.taskdefs.optional.junit.JUnitTask.execute(JUnitTask.java:860)
	at org.apache.tools.ant.taskdefs.optional.junit.JUnitTask.executeOrQueue(JUnitTask.java:1968)
	at org.apache.tools.ant.taskdefs.optional.junit.JUnitTask.execute1(JUnitTask.java:812)
	at org.apache.tools.ant.taskdefs.optional.junit.JUnitTask.execute(JUnitTask.java:2271)
	at org.apache.tools.ant.UnknownElement.execute(UnknownElement.java:291)
	at sun.reflect.GeneratedMethodAccessor4.invoke(Unknown Source)
	at sun.reflect.DelegatingMethodAccessorImpl.invoke(DelegatingMethodAccessorImpl.java:43)
	at java.lang.reflect.Method.invoke(Method.java:606)
	at org.apache.tools.ant.dispatch.DispatchUtils.execute(DispatchUtils.java:106)
	at org.apache.tools.ant.Task.perform(Task.java:348)
	at org.apache.tools.ant.Target.execute(Target.java:392)
	at org.apache.tools.ant.Target.performTasks(Target.java:413)
	at org.apache.tools.ant.Project.executeSortedTargets(Project.java:1399)
	at org.apache.tools.ant.Project.executeTarget(Project.java:1368)
	at org.apache.tools.ant.helper.DefaultExecutor.executeTargets(DefaultExecutor.java:41)
	at org.apache.tools.ant.Project.executeTargets(Project.java:1251)
	at org.apache.tools.ant.Main.runBuild(Main.java:811)
	at org.apache.tools.ant.Main.startAnt(Main.java:217)
	at org.apache.tools.ant.launch.Launcher.run(Launcher.java:280)
	at org.apache.tools.ant.launch.Launcher.main(Launcher.java:109)
Caused by: java.lang.StringIndexOutOfBoundsException: String index out of range: 0
	... 54 more
--- com.google.javascript.jscomp.ConvertToDottedPropertiesTest::testDoNotConvert
java.lang.RuntimeException: INTERNAL COMPILER ERROR.
Please report this problem.
String index out of range: 0
  Node(GETELEM): testcode:1:0
a['']
  Parent(EXPR_RESULT): testcode:1:0
a['']

	at java.lang.String.charAt(String.java:658)
	at com.google.javascript.rhino.TokenStream.isJSIdentifier(TokenStream.java:193)
	at com.google.javascript.jscomp.NodeUtil.isValidSimpleName(NodeUtil.java:2444)
	at com.google.javascript.jscomp.NodeUtil.isValidPropertyName(NodeUtil.java:2478)
	at com.google.javascript.jscomp.ConvertToDottedProperties.visit(ConvertToDottedProperties.java:59)
	at com.google.javascript.jscomp.NodeTraversal.traverseBranch(NodeTraversal.java:505)
	at com.google.javascript.jscomp.NodeTraversal.traverseBranch(NodeTraversal.java:498)
	at com.google.javascript.jscomp.NodeTraversal.traverseBranch(NodeTraversal.java:498)
	at com.google.javascript.jscomp.NodeTraversal.traverseBranch(NodeTraversal.java:498)
	at com.google.javascript.jscomp.NodeTraversal.traverse(NodeTraversal.java:277)
	at com.google.javascript.jscomp.NodeTraversal.traverse(NodeTraversal.java:456)
	at com.google.javascript.jscomp.ConvertToDottedProperties.process(ConvertToDottedProperties.java:41)
	at com.google.javascript.jscomp.CompilerTestCase.test(CompilerTestCase.java:821)
	at com.google.javascript.jscomp.CompilerTestCase.test(CompilerTestCase.java:459)
	at com.google.javascript.jscomp.CompilerTestCase.test(CompilerTestCase.java:385)
	at com.google.javascript.jscomp.CompilerTestCase.test(CompilerTestCase.java:354)
	at com.google.javascript.jscomp.CompilerTestCase.test(CompilerTestCase.java:342)
	at com.google.javascript.jscomp.CompilerTestCase.testSame(CompilerTestCase.java:581)
	at com.google.javascript.jscomp.ConvertToDottedPropertiesTest.testDoNotConvert(ConvertToDottedPropertiesTest.java:43)
	at sun.reflect.NativeMethodAccessorImpl.invoke0(Native Method)
	at sun.reflect.NativeMethodAccessorImpl.invoke(NativeMethodAccessorImpl.java:57)
	at sun.reflect.DelegatingMethodAccessorImpl.invoke(DelegatingMethodAccessorImpl.java:43)
	at java.lang.reflect.Method.invoke(Method.java:606)
	at junit.framework.TestCase.runTest(TestCase.java:176)
	at junit.framework.TestCase.runBare(TestCase.java:141)
	at junit.framework.TestResult$1.protect(TestResult.java:122)
	at junit.framework.TestResult.runProtected(TestResult.java:142)
	at junit.framework.TestResult.run(TestResult.java:125)
	at junit.framework.TestCase.run(TestCase.java:129)
	at junit.framework.TestSuite.runTest(TestSuite.java:255)
	at junit.framework.TestSuite.run(TestSuite.java:250)
	at org.apache.tools.ant.taskdefs.optional.junit.JUnitTestRunner.run(JUnitTestRunner.java:520)
	at org.apache.tools.ant.taskdefs.optional.junit.JUnitTask.executeInVM(JUnitTask.java:1478)
	at org.apache.tools.ant.taskdefs.optional.junit.JUnitTask.execute(JUnitTask.java:860)
	at org.apache.tools.ant.taskdefs.optional.junit.JUnitTask.executeOrQueue(JUnitTask.java:1968)
	at org.apache.tools.ant.taskdefs.optional.junit.JUnitTask.execute1(JUnitTask.java:812)
	at org.apache.tools.ant.taskdefs.optional.junit.JUnitTask.execute(JUnitTask.java:2271)
	at org.apache.tools.ant.UnknownElement.execute(UnknownElement.java:291)
	at sun.reflect.GeneratedMethodAccessor4.invoke(Unknown Source)
	at sun.reflect.DelegatingMethodAccessorImpl.invoke(DelegatingMethodAccessorImpl.java:43)
	at java.lang.reflect.Method.invoke(Method.java:606)
	at org.apache.tools.ant.dispatch.DispatchUtils.execute(DispatchUtils.java:106)
	at org.apache.tools.ant.Task.perform(Task.java:348)
	at org.apache.tools.ant.Target.execute(Target.java:392)
	at org.apache.tools.ant.Target.performTasks(Target.java:413)
	at org.apache.tools.ant.Project.executeSortedTargets(Project.java:1399)
	at org.apache.tools.ant.Project.executeTarget(Project.java:1368)
	at org.apache.tools.ant.helper.DefaultExecutor.executeTargets(DefaultExecutor.java:41)
	at org.apache.tools.ant.Project.executeTargets(Project.java:1251)
	at org.apache.tools.ant.Main.runBuild(Main.java:811)
	at org.apache.tools.ant.Main.startAnt(Main.java:217)
	at org.apache.tools.ant.launch.Launcher.run(Launcher.java:280)
	at org.apache.tools.ant.launch.Launcher.main(Launcher.java:109)
Caused by: java.lang.StringIndexOutOfBoundsException: String index out of range: 0
	... 53 more
--- com.google.javascript.jscomp.NodeUtilTest::testValidNames
java.lang.StringIndexOutOfBoundsException: String index out of range: 0
	at java.lang.String.charAt(String.java:658)
	at com.google.javascript.rhino.TokenStream.isJSIdentifier(TokenStream.java:193)
	at com.google.javascript.jscomp.NodeUtil.isValidSimpleName(NodeUtil.java:2444)
	at com.google.javascript.jscomp.NodeUtil.isValidQualifiedName(NodeUtil.java:2466)
	at com.google.javascript.jscomp.NodeUtilTest.testValidNames(NodeUtilTest.java:1549)
	at sun.reflect.NativeMethodAccessorImpl.invoke0(Native Method)
	at sun.reflect.NativeMethodAccessorImpl.invoke(NativeMethodAccessorImpl.java:57)
	at sun.reflect.DelegatingMethodAccessorImpl.invoke(DelegatingMethodAccessorImpl.java:43)
	at java.lang.reflect.Method.invoke(Method.java:606)
	at junit.framework.TestCase.runTest(TestCase.java:176)
	at junit.framework.TestCase.runBare(TestCase.java:141)
	at junit.framework.TestResult$1.protect(TestResult.java:122)
	at junit.framework.TestResult.runProtected(TestResult.java:142)
	at junit.framework.TestResult.run(TestResult.java:125)
	at junit.framework.TestCase.run(TestCase.java:129)
	at junit.framework.TestSuite.runTest(TestSuite.java:255)
	at junit.framework.TestSuite.run(TestSuite.java:250)
	at org.apache.tools.ant.taskdefs.optional.junit.JUnitTestRunner.run(JUnitTestRunner.java:520)
	at org.apache.tools.ant.taskdefs.optional.junit.JUnitTask.executeInVM(JUnitTask.java:1478)
	at org.apache.tools.ant.taskdefs.optional.junit.JUnitTask.execute(JUnitTask.java:860)
	at org.apache.tools.ant.taskdefs.optional.junit.JUnitTask.executeOrQueue(JUnitTask.java:1968)
	at org.apache.tools.ant.taskdefs.optional.junit.JUnitTask.execute1(JUnitTask.java:812)
	at org.apache.tools.ant.taskdefs.optional.junit.JUnitTask.execute(JUnitTask.java:2271)
	at org.apache.tools.ant.UnknownElement.execute(UnknownElement.java:291)
	at sun.reflect.GeneratedMethodAccessor4.invoke(Unknown Source)
	at sun.reflect.DelegatingMethodAccessorImpl.invoke(DelegatingMethodAccessorImpl.java:43)
	at java.lang.reflect.Method.invoke(Method.java:606)
	at org.apache.tools.ant.dispatch.DispatchUtils.execute(DispatchUtils.java:106)
	at org.apache.tools.ant.Task.perform(Task.java:348)
	at org.apache.tools.ant.Target.execute(Target.java:392)
	at org.apache.tools.ant.Target.performTasks(Target.java:413)
	at org.apache.tools.ant.Project.executeSortedTargets(Project.java:1399)
	at org.apache.tools.ant.Project.executeTarget(Project.java:1368)
	at org.apache.tools.ant.helper.DefaultExecutor.executeTargets(DefaultExecutor.java:41)
	at org.apache.tools.ant.Project.executeTargets(Project.java:1251)
	at org.apache.tools.ant.Main.runBuild(Main.java:811)
	at org.apache.tools.ant.Main.startAnt(Main.java:217)
	at org.apache.tools.ant.launch.Launcher.run(Launcher.java:280)
	at org.apache.tools.ant.launch.Launcher.main(Launcher.java:109)
