--- com.google.debugging.sourcemap.SourceMapGeneratorV1Test::testFunctionNameOutput1
java.lang.RuntimeException: java.lang.RuntimeException: java.lang.ArithmeticException: / by zero
	at com.google.javascript.jscomp.Compiler.runCallable(Compiler.java:628)
	at com.google.javascript.jscomp.Compiler.runInCompilerThread(Compiler.java:573)
	at com.google.javascript.jscomp.Compiler.toSource(Compiler.java:1348)
	at com.google.debugging.sourcemap.SourceMapTestCase.compile(SourceMapTestCase.java:301)
	at com.google.debugging.sourcemap.SourceMapTestCase.compile(SourceMapTestCase.java:271)
	at com.google.debugging.sourcemap.SourceMapTestCase.checkSourceMap(SourceMapTestCase.java:95)
	at com.google.debugging.sourcemap.SourceMapTestCase.checkSourceMap(SourceMapTestCase.java:84)
	at com.google.debugging.sourcemap.SourceMapGeneratorV1Test.testFunctionNameOutput1(SourceMapGeneratorV1Test.java:91)
	at sun.reflect.NativeMethodAccessorImpl.invoke0(Native Method)
	at sun.reflect.NativeMethodAccessorImpl.invoke(NativeMethodAccessorImpl.java:57)
	at sun.reflect.DelegatingMethodAccessorImpl.invoke(DelegatingMethodAccessorImpl.java:43)
	at java.lang.reflect.Method.invoke(Method.java:606)
	at junit.framework.TestCase.runTest(TestCase.java:176)
	at junit.framework.TestCase.runBare(TestCase.java:141)
	at junit.framework.TestResult$1.protect(TestResult.java:122)
	at junit.framework.TestResult.runProtected(TestResult.java:142)
	at junit.framework.TestResult.run(TestResult.java:125)
	at junit.framework.TestCase.run(TestCase.java:129)
	at junit.framework.TestSuite.runTest(TestSuite.java:255)
	at junit.framework.TestSuite.run(TestSuite.java:250)
	at org.apache.tools.ant.taskdefs.optional.junit.JUnitTestRunner.run(JUnitTestRunner.java:520)
	at org.apache.tools.ant.taskdefs.optional.junit.JUnitTask.executeInVM(JUnitTask.java:1478)
	at org.apache.tools.ant.taskdefs.optional.junit.JUnitTask.execute(JUnitTask.java:860)
	at org.apache.tools.ant.taskdefs.optional.junit.JUnitTask.executeOrQueue(JUnitTask.java:1968)
	at org.apache.tools.ant.taskdefs.optional.junit.JUnitTask.execute1(JUnitTask.java:812)
	at org.apache.tools.ant.taskdefs.optional.junit.JUnitTask.execute(JUnitTask.java:2271)
	at org.apache.tools.ant.UnknownElement.execute(UnknownElement.java:291)
	at sun.reflect.GeneratedMethodAccessor4.invoke(Unknown Source)
	at sun.reflect.DelegatingMethodAccessorImpl.invoke(DelegatingMethodAccessorImpl.java:43)
	at java.lang.reflect.Method.invoke(Method.java:606)
	at org.apache.tools.ant.dispatch.DispatchUtils.execute(DispatchUtils.java:106)
	at org.apache.tools.ant.Task.perform(Task.java:348)
	at org.apache.tools.ant.Target.execute(Target.java:392)
	at org.apache.tools.ant.Target.performTasks(Target.java:413)
	at org.apache.tools.ant.Project.executeSortedTargets(Project.java:1399)
	at org.apache.tools.ant.Project.executeTarget(Project.java:1368)
	at org.apache.tools.ant.helper.DefaultExecutor.executeTargets(DefaultExecutor.java:41)
	at org.apache.tools.ant.Project.executeTargets(Project.java:1251)
	at org.apache.tools.ant.Main.runBuild(Main.java:811)
	at org.apache.tools.ant.Main.startAnt(Main.java:217)
	at org.apache.tools.ant.launch.Launcher.run(Launcher.java:280)
	at org.apache.tools.ant.launch.Launcher.main(Launcher.java:109)
Caused by: java.lang.RuntimeException: java.lang.ArithmeticException: / by zero
	at com.google.javascript.jscomp.Compiler.runCallable(Compiler.java:628)
	at com.google.javascript.jscomp.Compiler.runInCompilerThread(Compiler.java:573)
	at com.google.javascript.jscomp.Compiler.toSource(Compiler.java:1464)
	at com.google.javascript.jscomp.Compiler$5.call(Compiler.java:1359)
	at com.google.javascript.jscomp.Compiler$5.call(Compiler.java:1348)
	at com.google.javascript.jscomp.Compiler$2.run(Compiler.java:600)
	at java.lang.Thread.run(Thread.java:745)
Caused by: java.lang.ArithmeticException: / by zero
	at com.google.javascript.jscomp.SourceMap.addMapping(SourceMap.java:144)
	at com.google.javascript.jscomp.CodePrinter$MappedCodePrinter.generateSourceMap(CodePrinter.java:131)
	at com.google.javascript.jscomp.CodePrinter.toSource(CodePrinter.java:640)
	at com.google.javascript.jscomp.CodePrinter.access$100(CodePrinter.java:35)
	at com.google.javascript.jscomp.CodePrinter$Builder.build(CodePrinter.java:595)
	at com.google.javascript.jscomp.Compiler.toSource(Compiler.java:1552)
	at com.google.javascript.jscomp.Compiler.access$400(Compiler.java:69)
	at com.google.javascript.jscomp.Compiler$9.call(Compiler.java:1503)
	at com.google.javascript.jscomp.Compiler$9.call(Compiler.java:1464)
	... 2 more
--- com.google.debugging.sourcemap.SourceMapGeneratorV1Test::testFunctionNameOutput2
java.lang.RuntimeException: java.lang.RuntimeException: java.lang.ArithmeticException: / by zero
	at com.google.javascript.jscomp.Compiler.runCallable(Compiler.java:628)
	at com.google.javascript.jscomp.Compiler.runInCompilerThread(Compiler.java:573)
	at com.google.javascript.jscomp.Compiler.toSource(Compiler.java:1348)
	at com.google.debugging.sourcemap.SourceMapTestCase.compile(SourceMapTestCase.java:301)
	at com.google.debugging.sourcemap.SourceMapTestCase.compile(SourceMapTestCase.java:271)
	at com.google.debugging.sourcemap.SourceMapTestCase.checkSourceMap(SourceMapTestCase.java:95)
	at com.google.debugging.sourcemap.SourceMapTestCase.checkSourceMap(SourceMapTestCase.java:84)
	at com.google.debugging.sourcemap.SourceMapGeneratorV1Test.testFunctionNameOutput2(SourceMapGeneratorV1Test.java:108)
	at sun.reflect.NativeMethodAccessorImpl.invoke0(Native Method)
	at sun.reflect.NativeMethodAccessorImpl.invoke(NativeMethodAccessorImpl.java:57)
	at sun.reflect.DelegatingMethodAccessorImpl.invoke(DelegatingMethodAccessorImpl.java:43)
	at java.lang.reflect.Method.invoke(Method.java:606)
	at junit.framework.TestCase.runTest(TestCase.java:176)
	at junit.framework.TestCase.runBare(TestCase.java:141)
	at junit.framework.TestResult$1.protect(TestResult.java:122)
	at junit.framework.TestResult.runProtected(TestResult.java:142)
	at junit.framework.TestResult.run(TestResult.java:125)
	at junit.framework.TestCase.run(TestCase.java:129)
	at junit.framework.TestSuite.runTest(TestSuite.java:255)
	at junit.framework.TestSuite.run(TestSuite.java:250)
	at org.apache.tools.ant.taskdefs.optional.junit.JUnitTestRunner.run(JUnitTestRunner.java:520)
	at org.apache.tools.ant.taskdefs.optional.junit.JUnitTask.executeInVM(JUnitTask.java:1478)
	at org.apache.tools.ant.taskdefs.optional.junit.JUnitTask.execute(JUnitTask.java:860)
	at org.apache.tools.ant.taskdefs.optional.junit.JUnitTask.executeOrQueue(JUnitTask.java:1968)
	at org.apache.tools.ant.taskdefs.optional.junit.JUnitTask.execute1(JUnitTask.java:812)
	at org.apache.tools.ant.taskdefs.optional.junit.JUnitTask.execute(JUnitTask.java:2271)
	at org.apache.tools.ant.UnknownElement.execute(UnknownElement.java:291)
	at sun.reflect.GeneratedMethodAccessor4.invoke(Unknown Source)
	at sun.reflect.DelegatingMethodAccessorImpl.invoke(DelegatingMethodAccessorImpl.java:43)
	at java.lang.reflect.Method.invoke(Method.java:606)
	at org.apache.tools.ant.dispatch.DispatchUtils.execute(DispatchUtils.java:106)
	at org.apache.tools.ant.Task.perform(Task.java:348)
	at org.apache.tools.ant.Target.execute(Target.java:392)
	at org.apache.tools.ant.Target.performTasks(Target.java:413)
	at org.apache.tools.ant.Project.executeSortedTargets(Project.java:1399)
	at org.apache.tools.ant.Project.executeTarget(Project.java:1368)
	at org.apache.tools.ant.helper.DefaultExecutor.executeTargets(DefaultExecutor.java:41)
	at org.apache.tools.ant.Project.executeTargets(Project.java:1251)
	at org.apache.tools.ant.Main.runBuild(Main.java:811)
	at org.apache.tools.ant.Main.startAnt(Main.java:217)
	at org.apache.tools.ant.launch.Launcher.run(Launcher.java:280)
	at org.apache.tools.ant.launch.Launcher.main(Launcher.java:109)
Caused by: java.lang.RuntimeException: java.lang.ArithmeticException: / by zero
	at com.google.javascript.jscomp.Compiler.runCallable(Compiler.java:628)
	at com.google.javascript.jscomp.Compiler.runInCompilerThread(Compiler.java:573)
	at com.google.javascript.jscomp.Compiler.toSource(Compiler.java:1464)
	at com.google.javascript.jscomp.Compiler$5.call(Compiler.java:1359)
	at com.google.javascript.jscomp.Compiler$5.call(Compiler.java:1348)
	at com.google.javascript.jscomp.Compiler$2.run(Compiler.java:600)
	at java.lang.Thread.run(Thread.java:745)
Caused by: java.lang.ArithmeticException: / by zero
	at com.google.javascript.jscomp.SourceMap.addMapping(SourceMap.java:144)
	at com.google.javascript.jscomp.CodePrinter$MappedCodePrinter.generateSourceMap(CodePrinter.java:131)
	at com.google.javascript.jscomp.CodePrinter.toSource(CodePrinter.java:640)
	at com.google.javascript.jscomp.CodePrinter.access$100(CodePrinter.java:35)
	at com.google.javascript.jscomp.CodePrinter$Builder.build(CodePrinter.java:595)
	at com.google.javascript.jscomp.Compiler.toSource(Compiler.java:1552)
	at com.google.javascript.jscomp.Compiler.access$400(Compiler.java:69)
	at com.google.javascript.jscomp.Compiler$9.call(Compiler.java:1503)
	at com.google.javascript.jscomp.Compiler$9.call(Compiler.java:1464)
	... 2 more
--- com.google.debugging.sourcemap.SourceMapGeneratorV1Test::testFunctionNameOutput3
java.lang.RuntimeException: java.lang.RuntimeException: java.lang.ArithmeticException: / by zero
	at com.google.javascript.jscomp.Compiler.runCallable(Compiler.java:628)
	at com.google.javascript.jscomp.Compiler.runInCompilerThread(Compiler.java:573)
	at com.google.javascript.jscomp.Compiler.toSource(Compiler.java:1348)
	at com.google.debugging.sourcemap.SourceMapTestCase.compile(SourceMapTestCase.java:301)
	at com.google.debugging.sourcemap.SourceMapTestCase.compile(SourceMapTestCase.java:271)
	at com.google.debugging.sourcemap.SourceMapTestCase.checkSourceMap(SourceMapTestCase.java:95)
	at com.google.debugging.sourcemap.SourceMapTestCase.checkSourceMap(SourceMapTestCase.java:84)
	at com.google.debugging.sourcemap.SourceMapGeneratorV1Test.testFunctionNameOutput3(SourceMapGeneratorV1Test.java:129)
	at sun.reflect.NativeMethodAccessorImpl.invoke0(Native Method)
	at sun.reflect.NativeMethodAccessorImpl.invoke(NativeMethodAccessorImpl.java:57)
	at sun.reflect.DelegatingMethodAccessorImpl.invoke(DelegatingMethodAccessorImpl.java:43)
	at java.lang.reflect.Method.invoke(Method.java:606)
	at junit.framework.TestCase.runTest(TestCase.java:176)
	at junit.framework.TestCase.runBare(TestCase.java:141)
	at junit.framework.TestResult$1.protect(TestResult.java:122)
	at junit.framework.TestResult.runProtected(TestResult.java:142)
	at junit.framework.TestResult.run(TestResult.java:125)
	at junit.framework.TestCase.run(TestCase.java:129)
	at junit.framework.TestSuite.runTest(TestSuite.java:255)
	at junit.framework.TestSuite.run(TestSuite.java:250)
	at org.apache.tools.ant.taskdefs.optional.junit.JUnitTestRunner.run(JUnitTestRunner.java:520)
	at org.apache.tools.ant.taskdefs.optional.junit.JUnitTask.executeInVM(JUnitTask.java:1478)
	at org.apache.tools.ant.taskdefs.optional.junit.JUnitTask.execute(JUnitTask.java:860)
	at org.apache.tools.ant.taskdefs.optional.junit.JUnitTask.executeOrQueue(JUnitTask.java:1968)
	at org.apache.tools.ant.taskdefs.optional.junit.JUnitTask.execute1(JUnitTask.java:812)
	at org.apache.tools.ant.taskdefs.optional.junit.JUnitTask.execute(JUnitTask.java:2271)
	at org.apache.tools.ant.UnknownElement.execute(UnknownElement.java:291)
	at sun.reflect.GeneratedMethodAccessor4.invoke(Unknown Source)
	at sun.reflect.DelegatingMethodAccessorImpl.invoke(DelegatingMethodAccessorImpl.java:43)
	at java.lang.reflect.Method.invoke(Method.java:606)
	at org.apache.tools.ant.dispatch.DispatchUtils.execute(DispatchUtils.java:106)
	at org.apache.tools.ant.Task.perform(Task.java:348)
	at org.apache.tools.ant.Target.execute(Target.java:392)
	at org.apache.tools.ant.Target.performTasks(Target.java:413)
	at org.apache.tools.ant.Project.executeSortedTargets(Project.java:1399)
	at org.apache.tools.ant.Project.executeTarget(Project.java:1368)
	at org.apache.tools.ant.helper.DefaultExecutor.executeTargets(DefaultExecutor.java:41)
	at org.apache.tools.ant.Project.executeTargets(Project.java:1251)
	at org.apache.tools.ant.Main.runBuild(Main.java:811)
	at org.apache.tools.ant.Main.startAnt(Main.java:217)
	at org.apache.tools.ant.launch.Launcher.run(Launcher.java:280)
	at org.apache.tools.ant.launch.Launcher.main(Launcher.java:109)
Caused by: java.lang.RuntimeException: java.lang.ArithmeticException: / by zero
	at com.google.javascript.jscomp.Compiler.runCallable(Compiler.java:628)
	at com.google.javascript.jscomp.Compiler.runInCompilerThread(Compiler.java:573)
	at com.google.javascript.jscomp.Compiler.toSource(Compiler.java:1464)
	at com.google.javascript.jscomp.Compiler$5.call(Compiler.java:1359)
	at com.google.javascript.jscomp.Compiler$5.call(Compiler.java:1348)
	at com.google.javascript.jscomp.Compiler$2.run(Compiler.java:600)
	at java.lang.Thread.run(Thread.java:745)
Caused by: java.lang.ArithmeticException: / by zero
	at com.google.javascript.jscomp.SourceMap.addMapping(SourceMap.java:144)
	at com.google.javascript.jscomp.CodePrinter$MappedCodePrinter.generateSourceMap(CodePrinter.java:131)
	at com.google.javascript.jscomp.CodePrinter.toSource(CodePrinter.java:640)
	at com.google.javascript.jscomp.CodePrinter.access$100(CodePrinter.java:35)
	at com.google.javascript.jscomp.CodePrinter$Builder.build(CodePrinter.java:595)
	at com.google.javascript.jscomp.Compiler.toSource(Compiler.java:1552)
	at com.google.javascript.jscomp.Compiler.access$400(Compiler.java:69)
	at com.google.javascript.jscomp.Compiler$9.call(Compiler.java:1503)
	at com.google.javascript.jscomp.Compiler$9.call(Compiler.java:1464)
	... 2 more
--- com.google.debugging.sourcemap.SourceMapGeneratorV1Test::testFunctionNameOutput4
java.lang.RuntimeException: java.lang.RuntimeException: java.lang.ArithmeticException: / by zero
	at com.google.javascript.jscomp.Compiler.runCallable(Compiler.java:628)
	at com.google.javascript.jscomp.Compiler.runInCompilerThread(Compiler.java:573)
	at com.google.javascript.jscomp.Compiler.toSource(Compiler.java:1348)
	at com.google.debugging.sourcemap.SourceMapTestCase.compile(SourceMapTestCase.java:301)
	at com.google.debugging.sourcemap.SourceMapTestCase.compile(SourceMapTestCase.java:271)
	at com.google.debugging.sourcemap.SourceMapTestCase.checkSourceMap(SourceMapTestCase.java:95)
	at com.google.debugging.sourcemap.SourceMapTestCase.checkSourceMap(SourceMapTestCase.java:84)
	at com.google.debugging.sourcemap.SourceMapGeneratorV1Test.testFunctionNameOutput4(SourceMapGeneratorV1Test.java:148)
	at sun.reflect.NativeMethodAccessorImpl.invoke0(Native Method)
	at sun.reflect.NativeMethodAccessorImpl.invoke(NativeMethodAccessorImpl.java:57)
	at sun.reflect.DelegatingMethodAccessorImpl.invoke(DelegatingMethodAccessorImpl.java:43)
	at java.lang.reflect.Method.invoke(Method.java:606)
	at junit.framework.TestCase.runTest(TestCase.java:176)
	at junit.framework.TestCase.runBare(TestCase.java:141)
	at junit.framework.TestResult$1.protect(TestResult.java:122)
	at junit.framework.TestResult.runProtected(TestResult.java:142)
	at junit.framework.TestResult.run(TestResult.java:125)
	at junit.framework.TestCase.run(TestCase.java:129)
	at junit.framework.TestSuite.runTest(TestSuite.java:255)
	at junit.framework.TestSuite.run(TestSuite.java:250)
	at org.apache.tools.ant.taskdefs.optional.junit.JUnitTestRunner.run(JUnitTestRunner.java:520)
	at org.apache.tools.ant.taskdefs.optional.junit.JUnitTask.executeInVM(JUnitTask.java:1478)
	at org.apache.tools.ant.taskdefs.optional.junit.JUnitTask.execute(JUnitTask.java:860)
	at org.apache.tools.ant.taskdefs.optional.junit.JUnitTask.executeOrQueue(JUnitTask.java:1968)
	at org.apache.tools.ant.taskdefs.optional.junit.JUnitTask.execute1(JUnitTask.java:812)
	at org.apache.tools.ant.taskdefs.optional.junit.JUnitTask.execute(JUnitTask.java:2271)
	at org.apache.tools.ant.UnknownElement.execute(UnknownElement.java:291)
	at sun.reflect.GeneratedMethodAccessor4.invoke(Unknown Source)
	at sun.reflect.DelegatingMethodAccessorImpl.invoke(DelegatingMethodAccessorImpl.java:43)
	at java.lang.reflect.Method.invoke(Method.java:606)
	at org.apache.tools.ant.dispatch.DispatchUtils.execute(DispatchUtils.java:106)
	at org.apache.tools.ant.Task.perform(Task.java:348)
	at org.apache.tools.ant.Target.execute(Target.java:392)
	at org.apache.tools.ant.Target.performTasks(Target.java:413)
	at org.apache.tools.ant.Project.executeSortedTargets(Project.java:1399)
	at org.apache.tools.ant.Project.executeTarget(Project.java:1368)
	at org.apache.tools.ant.helper.DefaultExecutor.executeTargets(DefaultExecutor.java:41)
	at org.apache.tools.ant.Project.executeTargets(Project.java:1251)
	at org.apache.tools.ant.Main.runBuild(Main.java:811)
	at org.apache.tools.ant.Main.startAnt(Main.java:217)
	at org.apache.tools.ant.launch.Launcher.run(Launcher.java:280)
	at org.apache.tools.ant.launch.Launcher.main(Launcher.java:109)
Caused by: java.lang.RuntimeException: java.lang.ArithmeticException: / by zero
	at com.google.javascript.jscomp.Compiler.runCallable(Compiler.java:628)
	at com.google.javascript.jscomp.Compiler.runInCompilerThread(Compiler.java:573)
	at com.google.javascript.jscomp.Compiler.toSource(Compiler.java:1464)
	at com.google.javascript.jscomp.Compiler$5.call(Compiler.java:1359)
	at com.google.javascript.jscomp.Compiler$5.call(Compiler.java:1348)
	at com.google.javascript.jscomp.Compiler$2.run(Compiler.java:600)
	at java.lang.Thread.run(Thread.java:745)
Caused by: java.lang.ArithmeticException: / by zero
	at com.google.javascript.jscomp.SourceMap.addMapping(SourceMap.java:144)
	at com.google.javascript.jscomp.CodePrinter$MappedCodePrinter.generateSourceMap(CodePrinter.java:131)
	at com.google.javascript.jscomp.CodePrinter.toSource(CodePrinter.java:640)
	at com.google.javascript.jscomp.CodePrinter.access$100(CodePrinter.java:35)
	at com.google.javascript.jscomp.CodePrinter$Builder.build(CodePrinter.java:595)
	at com.google.javascript.jscomp.Compiler.toSource(Compiler.java:1552)
	at com.google.javascript.jscomp.Compiler.access$400(Compiler.java:69)
	at com.google.javascript.jscomp.Compiler$9.call(Compiler.java:1503)
	at com.google.javascript.jscomp.Compiler$9.call(Compiler.java:1464)
	... 2 more
--- com.google.debugging.sourcemap.SourceMapGeneratorV1Test::testMultilineMapping
java.lang.RuntimeException: java.lang.RuntimeException: java.lang.ArithmeticException: / by zero
	at com.google.javascript.jscomp.Compiler.runCallable(Compiler.java:628)
	at com.google.javascript.jscomp.Compiler.runInCompilerThread(Compiler.java:573)
	at com.google.javascript.jscomp.Compiler.toSource(Compiler.java:1348)
	at com.google.debugging.sourcemap.SourceMapTestCase.compile(SourceMapTestCase.java:301)
	at com.google.debugging.sourcemap.SourceMapTestCase.compile(SourceMapTestCase.java:271)
	at com.google.debugging.sourcemap.SourceMapTestCase.compileAndCheck(SourceMapTestCase.java:184)
	at com.google.debugging.sourcemap.SourceMapGeneratorV1Test.testMultilineMapping(SourceMapGeneratorV1Test.java:57)
	at sun.reflect.NativeMethodAccessorImpl.invoke0(Native Method)
	at sun.reflect.NativeMethodAccessorImpl.invoke(NativeMethodAccessorImpl.java:57)
	at sun.reflect.DelegatingMethodAccessorImpl.invoke(DelegatingMethodAccessorImpl.java:43)
	at java.lang.reflect.Method.invoke(Method.java:606)
	at junit.framework.TestCase.runTest(TestCase.java:176)
	at junit.framework.TestCase.runBare(TestCase.java:141)
	at junit.framework.TestResult$1.protect(TestResult.java:122)
	at junit.framework.TestResult.runProtected(TestResult.java:142)
	at junit.framework.TestResult.run(TestResult.java:125)
	at junit.framework.TestCase.run(TestCase.java:129)
	at junit.framework.TestSuite.runTest(TestSuite.java:255)
	at junit.framework.TestSuite.run(TestSuite.java:250)
	at org.apache.tools.ant.taskdefs.optional.junit.JUnitTestRunner.run(JUnitTestRunner.java:520)
	at org.apache.tools.ant.taskdefs.optional.junit.JUnitTask.executeInVM(JUnitTask.java:1478)
	at org.apache.tools.ant.taskdefs.optional.junit.JUnitTask.execute(JUnitTask.java:860)
	at org.apache.tools.ant.taskdefs.optional.junit.JUnitTask.executeOrQueue(JUnitTask.java:1968)
	at org.apache.tools.ant.taskdefs.optional.junit.JUnitTask.execute1(JUnitTask.java:812)
	at org.apache.tools.ant.taskdefs.optional.junit.JUnitTask.execute(JUnitTask.java:2271)
	at org.apache.tools.ant.UnknownElement.execute(UnknownElement.java:291)
	at sun.reflect.GeneratedMethodAccessor4.invoke(Unknown Source)
	at sun.reflect.DelegatingMethodAccessorImpl.invoke(DelegatingMethodAccessorImpl.java:43)
	at java.lang.reflect.Method.invoke(Method.java:606)
	at org.apache.tools.ant.dispatch.DispatchUtils.execute(DispatchUtils.java:106)
	at org.apache.tools.ant.Task.perform(Task.java:348)
	at org.apache.tools.ant.Target.execute(Target.java:392)
	at org.apache.tools.ant.Target.performTasks(Target.java:413)
	at org.apache.tools.ant.Project.executeSortedTargets(Project.java:1399)
	at org.apache.tools.ant.Project.executeTarget(Project.java:1368)
	at org.apache.tools.ant.helper.DefaultExecutor.executeTargets(DefaultExecutor.java:41)
	at org.apache.tools.ant.Project.executeTargets(Project.java:1251)
	at org.apache.tools.ant.Main.runBuild(Main.java:811)
	at org.apache.tools.ant.Main.startAnt(Main.java:217)
	at org.apache.tools.ant.launch.Launcher.run(Launcher.java:280)
	at org.apache.tools.ant.launch.Launcher.main(Launcher.java:109)
Caused by: java.lang.RuntimeException: java.lang.ArithmeticException: / by zero
	at com.google.javascript.jscomp.Compiler.runCallable(Compiler.java:628)
	at com.google.javascript.jscomp.Compiler.runInCompilerThread(Compiler.java:573)
	at com.google.javascript.jscomp.Compiler.toSource(Compiler.java:1464)
	at com.google.javascript.jscomp.Compiler$5.call(Compiler.java:1359)
	at com.google.javascript.jscomp.Compiler$5.call(Compiler.java:1348)
	at com.google.javascript.jscomp.Compiler$2.run(Compiler.java:600)
	at java.lang.Thread.run(Thread.java:745)
Caused by: java.lang.ArithmeticException: / by zero
	at com.google.javascript.jscomp.SourceMap.addMapping(SourceMap.java:144)
	at com.google.javascript.jscomp.CodePrinter$MappedCodePrinter.generateSourceMap(CodePrinter.java:131)
	at com.google.javascript.jscomp.CodePrinter.toSource(CodePrinter.java:640)
	at com.google.javascript.jscomp.CodePrinter.access$100(CodePrinter.java:35)
	at com.google.javascript.jscomp.CodePrinter$Builder.build(CodePrinter.java:595)
	at com.google.javascript.jscomp.Compiler.toSource(Compiler.java:1552)
	at com.google.javascript.jscomp.Compiler.access$400(Compiler.java:69)
	at com.google.javascript.jscomp.Compiler$9.call(Compiler.java:1503)
	at com.google.javascript.jscomp.Compiler$9.call(Compiler.java:1464)
	... 2 more
--- com.google.debugging.sourcemap.SourceMapGeneratorV1Test::testMultiFunctionMapping
java.lang.RuntimeException: java.lang.RuntimeException: java.lang.ArithmeticException: / by zero
	at com.google.javascript.jscomp.Compiler.runCallable(Compiler.java:628)
	at com.google.javascript.jscomp.Compiler.runInCompilerThread(Compiler.java:573)
	at com.google.javascript.jscomp.Compiler.toSource(Compiler.java:1348)
	at com.google.debugging.sourcemap.SourceMapTestCase.compile(SourceMapTestCase.java:301)
	at com.google.debugging.sourcemap.SourceMapTestCase.compile(SourceMapTestCase.java:271)
	at com.google.debugging.sourcemap.SourceMapTestCase.compileAndCheck(SourceMapTestCase.java:184)
	at com.google.debugging.sourcemap.SourceMapGeneratorV1Test.testMultiFunctionMapping(SourceMapGeneratorV1Test.java:64)
	at sun.reflect.NativeMethodAccessorImpl.invoke0(Native Method)
	at sun.reflect.NativeMethodAccessorImpl.invoke(NativeMethodAccessorImpl.java:57)
	at sun.reflect.DelegatingMethodAccessorImpl.invoke(DelegatingMethodAccessorImpl.java:43)
	at java.lang.reflect.Method.invoke(Method.java:606)
	at junit.framework.TestCase.runTest(TestCase.java:176)
	at junit.framework.TestCase.runBare(TestCase.java:141)
	at junit.framework.TestResult$1.protect(TestResult.java:122)
	at junit.framework.TestResult.runProtected(TestResult.java:142)
	at junit.framework.TestResult.run(TestResult.java:125)
	at junit.framework.TestCase.run(TestCase.java:129)
	at junit.framework.TestSuite.runTest(TestSuite.java:255)
	at junit.framework.TestSuite.run(TestSuite.java:250)
	at org.apache.tools.ant.taskdefs.optional.junit.JUnitTestRunner.run(JUnitTestRunner.java:520)
	at org.apache.tools.ant.taskdefs.optional.junit.JUnitTask.executeInVM(JUnitTask.java:1478)
	at org.apache.tools.ant.taskdefs.optional.junit.JUnitTask.execute(JUnitTask.java:860)
	at org.apache.tools.ant.taskdefs.optional.junit.JUnitTask.executeOrQueue(JUnitTask.java:1968)
	at org.apache.tools.ant.taskdefs.optional.junit.JUnitTask.execute1(JUnitTask.java:812)
	at org.apache.tools.ant.taskdefs.optional.junit.JUnitTask.execute(JUnitTask.java:2271)
	at org.apache.tools.ant.UnknownElement.execute(UnknownElement.java:291)
	at sun.reflect.GeneratedMethodAccessor4.invoke(Unknown Source)
	at sun.reflect.DelegatingMethodAccessorImpl.invoke(DelegatingMethodAccessorImpl.java:43)
	at java.lang.reflect.Method.invoke(Method.java:606)
	at org.apache.tools.ant.dispatch.DispatchUtils.execute(DispatchUtils.java:106)
	at org.apache.tools.ant.Task.perform(Task.java:348)
	at org.apache.tools.ant.Target.execute(Target.java:392)
	at org.apache.tools.ant.Target.performTasks(Target.java:413)
	at org.apache.tools.ant.Project.executeSortedTargets(Project.java:1399)
	at org.apache.tools.ant.Project.executeTarget(Project.java:1368)
	at org.apache.tools.ant.helper.DefaultExecutor.executeTargets(DefaultExecutor.java:41)
	at org.apache.tools.ant.Project.executeTargets(Project.java:1251)
	at org.apache.tools.ant.Main.runBuild(Main.java:811)
	at org.apache.tools.ant.Main.startAnt(Main.java:217)
	at org.apache.tools.ant.launch.Launcher.run(Launcher.java:280)
	at org.apache.tools.ant.launch.Launcher.main(Launcher.java:109)
Caused by: java.lang.RuntimeException: java.lang.ArithmeticException: / by zero
	at com.google.javascript.jscomp.Compiler.runCallable(Compiler.java:628)
	at com.google.javascript.jscomp.Compiler.runInCompilerThread(Compiler.java:573)
	at com.google.javascript.jscomp.Compiler.toSource(Compiler.java:1464)
	at com.google.javascript.jscomp.Compiler$5.call(Compiler.java:1359)
	at com.google.javascript.jscomp.Compiler$5.call(Compiler.java:1348)
	at com.google.javascript.jscomp.Compiler$2.run(Compiler.java:600)
	at java.lang.Thread.run(Thread.java:745)
Caused by: java.lang.ArithmeticException: / by zero
	at com.google.javascript.jscomp.SourceMap.addMapping(SourceMap.java:144)
	at com.google.javascript.jscomp.CodePrinter$MappedCodePrinter.generateSourceMap(CodePrinter.java:131)
	at com.google.javascript.jscomp.CodePrinter.toSource(CodePrinter.java:640)
	at com.google.javascript.jscomp.CodePrinter.access$100(CodePrinter.java:35)
	at com.google.javascript.jscomp.CodePrinter$Builder.build(CodePrinter.java:595)
	at com.google.javascript.jscomp.Compiler.toSource(Compiler.java:1552)
	at com.google.javascript.jscomp.Compiler.access$400(Compiler.java:69)
	at com.google.javascript.jscomp.Compiler$9.call(Compiler.java:1503)
	at com.google.javascript.jscomp.Compiler$9.call(Compiler.java:1464)
	... 2 more
--- com.google.debugging.sourcemap.SourceMapGeneratorV1Test::testBasicDeterminism
java.lang.RuntimeException: java.lang.RuntimeException: java.lang.ArithmeticException: / by zero
	at com.google.javascript.jscomp.Compiler.runCallable(Compiler.java:628)
	at com.google.javascript.jscomp.Compiler.runInCompilerThread(Compiler.java:573)
	at com.google.javascript.jscomp.Compiler.toSource(Compiler.java:1348)
	at com.google.debugging.sourcemap.SourceMapTestCase.compile(SourceMapTestCase.java:301)
	at com.google.debugging.sourcemap.SourceMapGeneratorV1Test.testBasicDeterminism(SourceMapGeneratorV1Test.java:443)
	at sun.reflect.NativeMethodAccessorImpl.invoke0(Native Method)
	at sun.reflect.NativeMethodAccessorImpl.invoke(NativeMethodAccessorImpl.java:57)
	at sun.reflect.DelegatingMethodAccessorImpl.invoke(DelegatingMethodAccessorImpl.java:43)
	at java.lang.reflect.Method.invoke(Method.java:606)
	at junit.framework.TestCase.runTest(TestCase.java:176)
	at junit.framework.TestCase.runBare(TestCase.java:141)
	at junit.framework.TestResult$1.protect(TestResult.java:122)
	at junit.framework.TestResult.runProtected(TestResult.java:142)
	at junit.framework.TestResult.run(TestResult.java:125)
	at junit.framework.TestCase.run(TestCase.java:129)
	at junit.framework.TestSuite.runTest(TestSuite.java:255)
	at junit.framework.TestSuite.run(TestSuite.java:250)
	at org.apache.tools.ant.taskdefs.optional.junit.JUnitTestRunner.run(JUnitTestRunner.java:520)
	at org.apache.tools.ant.taskdefs.optional.junit.JUnitTask.executeInVM(JUnitTask.java:1478)
	at org.apache.tools.ant.taskdefs.optional.junit.JUnitTask.execute(JUnitTask.java:860)
	at org.apache.tools.ant.taskdefs.optional.junit.JUnitTask.executeOrQueue(JUnitTask.java:1968)
	at org.apache.tools.ant.taskdefs.optional.junit.JUnitTask.execute1(JUnitTask.java:812)
	at org.apache.tools.ant.taskdefs.optional.junit.JUnitTask.execute(JUnitTask.java:2271)
	at org.apache.tools.ant.UnknownElement.execute(UnknownElement.java:291)
	at sun.reflect.GeneratedMethodAccessor4.invoke(Unknown Source)
	at sun.reflect.DelegatingMethodAccessorImpl.invoke(DelegatingMethodAccessorImpl.java:43)
	at java.lang.reflect.Method.invoke(Method.java:606)
	at org.apache.tools.ant.dispatch.DispatchUtils.execute(DispatchUtils.java:106)
	at org.apache.tools.ant.Task.perform(Task.java:348)
	at org.apache.tools.ant.Target.execute(Target.java:392)
	at org.apache.tools.ant.Target.performTasks(Target.java:413)
	at org.apache.tools.ant.Project.executeSortedTargets(Project.java:1399)
	at org.apache.tools.ant.Project.executeTarget(Project.java:1368)
	at org.apache.tools.ant.helper.DefaultExecutor.executeTargets(DefaultExecutor.java:41)
	at org.apache.tools.ant.Project.executeTargets(Project.java:1251)
	at org.apache.tools.ant.Main.runBuild(Main.java:811)
	at org.apache.tools.ant.Main.startAnt(Main.java:217)
	at org.apache.tools.ant.launch.Launcher.run(Launcher.java:280)
	at org.apache.tools.ant.launch.Launcher.main(Launcher.java:109)
Caused by: java.lang.RuntimeException: java.lang.ArithmeticException: / by zero
	at com.google.javascript.jscomp.Compiler.runCallable(Compiler.java:628)
	at com.google.javascript.jscomp.Compiler.runInCompilerThread(Compiler.java:573)
	at com.google.javascript.jscomp.Compiler.toSource(Compiler.java:1464)
	at com.google.javascript.jscomp.Compiler$5.call(Compiler.java:1359)
	at com.google.javascript.jscomp.Compiler$5.call(Compiler.java:1348)
	at com.google.javascript.jscomp.Compiler$2.run(Compiler.java:600)
	at java.lang.Thread.run(Thread.java:745)
Caused by: java.lang.ArithmeticException: / by zero
	at com.google.javascript.jscomp.SourceMap.addMapping(SourceMap.java:144)
	at com.google.javascript.jscomp.CodePrinter$MappedCodePrinter.generateSourceMap(CodePrinter.java:131)
	at com.google.javascript.jscomp.CodePrinter.toSource(CodePrinter.java:640)
	at com.google.javascript.jscomp.CodePrinter.access$100(CodePrinter.java:35)
	at com.google.javascript.jscomp.CodePrinter$Builder.build(CodePrinter.java:595)
	at com.google.javascript.jscomp.Compiler.toSource(Compiler.java:1552)
	at com.google.javascript.jscomp.Compiler.access$400(Compiler.java:69)
	at com.google.javascript.jscomp.Compiler$9.call(Compiler.java:1503)
	at com.google.javascript.jscomp.Compiler$9.call(Compiler.java:1464)
	... 2 more
--- com.google.debugging.sourcemap.SourceMapGeneratorV1Test::testBasicMapping
java.lang.RuntimeException: java.lang.RuntimeException: java.lang.ArithmeticException: / by zero
	at com.google.javascript.jscomp.Compiler.runCallable(Compiler.java:628)
	at com.google.javascript.jscomp.Compiler.runInCompilerThread(Compiler.java:573)
	at com.google.javascript.jscomp.Compiler.toSource(Compiler.java:1348)
	at com.google.debugging.sourcemap.SourceMapTestCase.compile(SourceMapTestCase.java:301)
	at com.google.debugging.sourcemap.SourceMapTestCase.compile(SourceMapTestCase.java:271)
	at com.google.debugging.sourcemap.SourceMapTestCase.compileAndCheck(SourceMapTestCase.java:184)
	at com.google.debugging.sourcemap.SourceMapGeneratorV1Test.testBasicMapping(SourceMapGeneratorV1Test.java:48)
	at sun.reflect.NativeMethodAccessorImpl.invoke0(Native Method)
	at sun.reflect.NativeMethodAccessorImpl.invoke(NativeMethodAccessorImpl.java:57)
	at sun.reflect.DelegatingMethodAccessorImpl.invoke(DelegatingMethodAccessorImpl.java:43)
	at java.lang.reflect.Method.invoke(Method.java:606)
	at junit.framework.TestCase.runTest(TestCase.java:176)
	at junit.framework.TestCase.runBare(TestCase.java:141)
	at junit.framework.TestResult$1.protect(TestResult.java:122)
	at junit.framework.TestResult.runProtected(TestResult.java:142)
	at junit.framework.TestResult.run(TestResult.java:125)
	at junit.framework.TestCase.run(TestCase.java:129)
	at junit.framework.TestSuite.runTest(TestSuite.java:255)
	at junit.framework.TestSuite.run(TestSuite.java:250)
	at org.apache.tools.ant.taskdefs.optional.junit.JUnitTestRunner.run(JUnitTestRunner.java:520)
	at org.apache.tools.ant.taskdefs.optional.junit.JUnitTask.executeInVM(JUnitTask.java:1478)
	at org.apache.tools.ant.taskdefs.optional.junit.JUnitTask.execute(JUnitTask.java:860)
	at org.apache.tools.ant.taskdefs.optional.junit.JUnitTask.executeOrQueue(JUnitTask.java:1968)
	at org.apache.tools.ant.taskdefs.optional.junit.JUnitTask.execute1(JUnitTask.java:812)
	at org.apache.tools.ant.taskdefs.optional.junit.JUnitTask.execute(JUnitTask.java:2271)
	at org.apache.tools.ant.UnknownElement.execute(UnknownElement.java:291)
	at sun.reflect.GeneratedMethodAccessor4.invoke(Unknown Source)
	at sun.reflect.DelegatingMethodAccessorImpl.invoke(DelegatingMethodAccessorImpl.java:43)
	at java.lang.reflect.Method.invoke(Method.java:606)
	at org.apache.tools.ant.dispatch.DispatchUtils.execute(DispatchUtils.java:106)
	at org.apache.tools.ant.Task.perform(Task.java:348)
	at org.apache.tools.ant.Target.execute(Target.java:392)
	at org.apache.tools.ant.Target.performTasks(Target.java:413)
	at org.apache.tools.ant.Project.executeSortedTargets(Project.java:1399)
	at org.apache.tools.ant.Project.executeTarget(Project.java:1368)
	at org.apache.tools.ant.helper.DefaultExecutor.executeTargets(DefaultExecutor.java:41)
	at org.apache.tools.ant.Project.executeTargets(Project.java:1251)
	at org.apache.tools.ant.Main.runBuild(Main.java:811)
	at org.apache.tools.ant.Main.startAnt(Main.java:217)
	at org.apache.tools.ant.launch.Launcher.run(Launcher.java:280)
	at org.apache.tools.ant.launch.Launcher.main(Launcher.java:109)
Caused by: java.lang.RuntimeException: java.lang.ArithmeticException: / by zero
	at com.google.javascript.jscomp.Compiler.runCallable(Compiler.java:628)
	at com.google.javascript.jscomp.Compiler.runInCompilerThread(Compiler.java:573)
	at com.google.javascript.jscomp.Compiler.toSource(Compiler.java:1464)
	at com.google.javascript.jscomp.Compiler$5.call(Compiler.java:1359)
	at com.google.javascript.jscomp.Compiler$5.call(Compiler.java:1348)
	at com.google.javascript.jscomp.Compiler$2.run(Compiler.java:600)
	at java.lang.Thread.run(Thread.java:745)
Caused by: java.lang.ArithmeticException: / by zero
	at com.google.javascript.jscomp.SourceMap.addMapping(SourceMap.java:144)
	at com.google.javascript.jscomp.CodePrinter$MappedCodePrinter.generateSourceMap(CodePrinter.java:131)
	at com.google.javascript.jscomp.CodePrinter.toSource(CodePrinter.java:640)
	at com.google.javascript.jscomp.CodePrinter.access$100(CodePrinter.java:35)
	at com.google.javascript.jscomp.CodePrinter$Builder.build(CodePrinter.java:595)
	at com.google.javascript.jscomp.Compiler.toSource(Compiler.java:1552)
	at com.google.javascript.jscomp.Compiler.access$400(Compiler.java:69)
	at com.google.javascript.jscomp.Compiler$9.call(Compiler.java:1503)
	at com.google.javascript.jscomp.Compiler$9.call(Compiler.java:1464)
	... 2 more
--- com.google.debugging.sourcemap.SourceMapGeneratorV1Test::testLiteralMappings
java.lang.RuntimeException: java.lang.RuntimeException: java.lang.ArithmeticException: / by zero
	at com.google.javascript.jscomp.Compiler.runCallable(Compiler.java:628)
	at com.google.javascript.jscomp.Compiler.runInCompilerThread(Compiler.java:573)
	at com.google.javascript.jscomp.Compiler.toSource(Compiler.java:1348)
	at com.google.debugging.sourcemap.SourceMapTestCase.compile(SourceMapTestCase.java:301)
	at com.google.debugging.sourcemap.SourceMapTestCase.compile(SourceMapTestCase.java:271)
	at com.google.debugging.sourcemap.SourceMapTestCase.compileAndCheck(SourceMapTestCase.java:184)
	at com.google.debugging.sourcemap.SourceMapGeneratorV1Test.testLiteralMappings(SourceMapGeneratorV1Test.java:52)
	at sun.reflect.NativeMethodAccessorImpl.invoke0(Native Method)
	at sun.reflect.NativeMethodAccessorImpl.invoke(NativeMethodAccessorImpl.java:57)
	at sun.reflect.DelegatingMethodAccessorImpl.invoke(DelegatingMethodAccessorImpl.java:43)
	at java.lang.reflect.Method.invoke(Method.java:606)
	at junit.framework.TestCase.runTest(TestCase.java:176)
	at junit.framework.TestCase.runBare(TestCase.java:141)
	at junit.framework.TestResult$1.protect(TestResult.java:122)
	at junit.framework.TestResult.runProtected(TestResult.java:142)
	at junit.framework.TestResult.run(TestResult.java:125)
	at junit.framework.TestCase.run(TestCase.java:129)
	at junit.framework.TestSuite.runTest(TestSuite.java:255)
	at junit.framework.TestSuite.run(TestSuite.java:250)
	at org.apache.tools.ant.taskdefs.optional.junit.JUnitTestRunner.run(JUnitTestRunner.java:520)
	at org.apache.tools.ant.taskdefs.optional.junit.JUnitTask.executeInVM(JUnitTask.java:1478)
	at org.apache.tools.ant.taskdefs.optional.junit.JUnitTask.execute(JUnitTask.java:860)
	at org.apache.tools.ant.taskdefs.optional.junit.JUnitTask.executeOrQueue(JUnitTask.java:1968)
	at org.apache.tools.ant.taskdefs.optional.junit.JUnitTask.execute1(JUnitTask.java:812)
	at org.apache.tools.ant.taskdefs.optional.junit.JUnitTask.execute(JUnitTask.java:2271)
	at org.apache.tools.ant.UnknownElement.execute(UnknownElement.java:291)
	at sun.reflect.GeneratedMethodAccessor4.invoke(Unknown Source)
	at sun.reflect.DelegatingMethodAccessorImpl.invoke(DelegatingMethodAccessorImpl.java:43)
	at java.lang.reflect.Method.invoke(Method.java:606)
	at org.apache.tools.ant.dispatch.DispatchUtils.execute(DispatchUtils.java:106)
	at org.apache.tools.ant.Task.perform(Task.java:348)
	at org.apache.tools.ant.Target.execute(Target.java:392)
	at org.apache.tools.ant.Target.performTasks(Target.java:413)
	at org.apache.tools.ant.Project.executeSortedTargets(Project.java:1399)
	at org.apache.tools.ant.Project.executeTarget(Project.java:1368)
	at org.apache.tools.ant.helper.DefaultExecutor.executeTargets(DefaultExecutor.java:41)
	at org.apache.tools.ant.Project.executeTargets(Project.java:1251)
	at org.apache.tools.ant.Main.runBuild(Main.java:811)
	at org.apache.tools.ant.Main.startAnt(Main.java:217)
	at org.apache.tools.ant.launch.Launcher.run(Launcher.java:280)
	at org.apache.tools.ant.launch.Launcher.main(Launcher.java:109)
Caused by: java.lang.RuntimeException: java.lang.ArithmeticException: / by zero
	at com.google.javascript.jscomp.Compiler.runCallable(Compiler.java:628)
	at com.google.javascript.jscomp.Compiler.runInCompilerThread(Compiler.java:573)
	at com.google.javascript.jscomp.Compiler.toSource(Compiler.java:1464)
	at com.google.javascript.jscomp.Compiler$5.call(Compiler.java:1359)
	at com.google.javascript.jscomp.Compiler$5.call(Compiler.java:1348)
	at com.google.javascript.jscomp.Compiler$2.run(Compiler.java:600)
	at java.lang.Thread.run(Thread.java:745)
Caused by: java.lang.ArithmeticException: / by zero
	at com.google.javascript.jscomp.SourceMap.addMapping(SourceMap.java:144)
	at com.google.javascript.jscomp.CodePrinter$MappedCodePrinter.generateSourceMap(CodePrinter.java:131)
	at com.google.javascript.jscomp.CodePrinter.toSource(CodePrinter.java:640)
	at com.google.javascript.jscomp.CodePrinter.access$100(CodePrinter.java:35)
	at com.google.javascript.jscomp.CodePrinter$Builder.build(CodePrinter.java:595)
	at com.google.javascript.jscomp.Compiler.toSource(Compiler.java:1552)
	at com.google.javascript.jscomp.Compiler.access$400(Compiler.java:69)
	at com.google.javascript.jscomp.Compiler$9.call(Compiler.java:1503)
	at com.google.javascript.jscomp.Compiler$9.call(Compiler.java:1464)
	... 2 more
--- com.google.debugging.sourcemap.SourceMapGeneratorV1Test::testGoldenOutput0
java.lang.RuntimeException: java.lang.RuntimeException: java.lang.ArithmeticException: / by zero
	at com.google.javascript.jscomp.Compiler.runCallable(Compiler.java:628)
	at com.google.javascript.jscomp.Compiler.runInCompilerThread(Compiler.java:573)
	at com.google.javascript.jscomp.Compiler.toSource(Compiler.java:1348)
	at com.google.debugging.sourcemap.SourceMapTestCase.compile(SourceMapTestCase.java:301)
	at com.google.debugging.sourcemap.SourceMapTestCase.compile(SourceMapTestCase.java:271)
	at com.google.debugging.sourcemap.SourceMapTestCase.checkSourceMap(SourceMapTestCase.java:95)
	at com.google.debugging.sourcemap.SourceMapTestCase.checkSourceMap(SourceMapTestCase.java:84)
	at com.google.debugging.sourcemap.SourceMapGeneratorV1Test.testGoldenOutput0(SourceMapGeneratorV1Test.java:77)
	at sun.reflect.NativeMethodAccessorImpl.invoke0(Native Method)
	at sun.reflect.NativeMethodAccessorImpl.invoke(NativeMethodAccessorImpl.java:57)
	at sun.reflect.DelegatingMethodAccessorImpl.invoke(DelegatingMethodAccessorImpl.java:43)
	at java.lang.reflect.Method.invoke(Method.java:606)
	at junit.framework.TestCase.runTest(TestCase.java:176)
	at junit.framework.TestCase.runBare(TestCase.java:141)
	at junit.framework.TestResult$1.protect(TestResult.java:122)
	at junit.framework.TestResult.runProtected(TestResult.java:142)
	at junit.framework.TestResult.run(TestResult.java:125)
	at junit.framework.TestCase.run(TestCase.java:129)
	at junit.framework.TestSuite.runTest(TestSuite.java:255)
	at junit.framework.TestSuite.run(TestSuite.java:250)
	at org.apache.tools.ant.taskdefs.optional.junit.JUnitTestRunner.run(JUnitTestRunner.java:520)
	at org.apache.tools.ant.taskdefs.optional.junit.JUnitTask.executeInVM(JUnitTask.java:1478)
	at org.apache.tools.ant.taskdefs.optional.junit.JUnitTask.execute(JUnitTask.java:860)
	at org.apache.tools.ant.taskdefs.optional.junit.JUnitTask.executeOrQueue(JUnitTask.java:1968)
	at org.apache.tools.ant.taskdefs.optional.junit.JUnitTask.execute1(JUnitTask.java:812)
	at org.apache.tools.ant.taskdefs.optional.junit.JUnitTask.execute(JUnitTask.java:2271)
	at org.apache.tools.ant.UnknownElement.execute(UnknownElement.java:291)
	at sun.reflect.GeneratedMethodAccessor4.invoke(Unknown Source)
	at sun.reflect.DelegatingMethodAccessorImpl.invoke(DelegatingMethodAccessorImpl.java:43)
	at java.lang.reflect.Method.invoke(Method.java:606)
	at org.apache.tools.ant.dispatch.DispatchUtils.execute(DispatchUtils.java:106)
	at org.apache.tools.ant.Task.perform(Task.java:348)
	at org.apache.tools.ant.Target.execute(Target.java:392)
	at org.apache.tools.ant.Target.performTasks(Target.java:413)
	at org.apache.tools.ant.Project.executeSortedTargets(Project.java:1399)
	at org.apache.tools.ant.Project.executeTarget(Project.java:1368)
	at org.apache.tools.ant.helper.DefaultExecutor.executeTargets(DefaultExecutor.java:41)
	at org.apache.tools.ant.Project.executeTargets(Project.java:1251)
	at org.apache.tools.ant.Main.runBuild(Main.java:811)
	at org.apache.tools.ant.Main.startAnt(Main.java:217)
	at org.apache.tools.ant.launch.Launcher.run(Launcher.java:280)
	at org.apache.tools.ant.launch.Launcher.main(Launcher.java:109)
Caused by: java.lang.RuntimeException: java.lang.ArithmeticException: / by zero
	at com.google.javascript.jscomp.Compiler.runCallable(Compiler.java:628)
	at com.google.javascript.jscomp.Compiler.runInCompilerThread(Compiler.java:573)
	at com.google.javascript.jscomp.Compiler.toSource(Compiler.java:1464)
	at com.google.javascript.jscomp.Compiler$5.call(Compiler.java:1359)
	at com.google.javascript.jscomp.Compiler$5.call(Compiler.java:1348)
	at com.google.javascript.jscomp.Compiler$2.run(Compiler.java:600)
	at java.lang.Thread.run(Thread.java:745)
Caused by: java.lang.ArithmeticException: / by zero
	at com.google.javascript.jscomp.SourceMap.addMapping(SourceMap.java:144)
	at com.google.javascript.jscomp.CodePrinter$MappedCodePrinter.generateSourceMap(CodePrinter.java:131)
	at com.google.javascript.jscomp.CodePrinter.toSource(CodePrinter.java:640)
	at com.google.javascript.jscomp.CodePrinter.access$100(CodePrinter.java:35)
	at com.google.javascript.jscomp.CodePrinter$Builder.build(CodePrinter.java:595)
	at com.google.javascript.jscomp.Compiler.toSource(Compiler.java:1552)
	at com.google.javascript.jscomp.Compiler.access$400(Compiler.java:69)
	at com.google.javascript.jscomp.Compiler$9.call(Compiler.java:1503)
	at com.google.javascript.jscomp.Compiler$9.call(Compiler.java:1464)
	... 2 more
--- com.google.debugging.sourcemap.SourceMapGeneratorV1Test::testGoldenOutput1
java.lang.RuntimeException: java.lang.RuntimeException: java.lang.ArithmeticException: / by zero
	at com.google.javascript.jscomp.Compiler.runCallable(Compiler.java:628)
	at com.google.javascript.jscomp.Compiler.runInCompilerThread(Compiler.java:573)
	at com.google.javascript.jscomp.Compiler.toSource(Compiler.java:1348)
	at com.google.debugging.sourcemap.SourceMapTestCase.compile(SourceMapTestCase.java:301)
	at com.google.debugging.sourcemap.SourceMapTestCase.compile(SourceMapTestCase.java:271)
	at com.google.debugging.sourcemap.SourceMapTestCase.checkSourceMap(SourceMapTestCase.java:95)
	at com.google.debugging.sourcemap.SourceMapTestCase.checkSourceMap(SourceMapTestCase.java:84)
	at com.google.debugging.sourcemap.SourceMapGeneratorV1Test.testGoldenOutput1(SourceMapGeneratorV1Test.java:169)
	at sun.reflect.NativeMethodAccessorImpl.invoke0(Native Method)
	at sun.reflect.NativeMethodAccessorImpl.invoke(NativeMethodAccessorImpl.java:57)
	at sun.reflect.DelegatingMethodAccessorImpl.invoke(DelegatingMethodAccessorImpl.java:43)
	at java.lang.reflect.Method.invoke(Method.java:606)
	at junit.framework.TestCase.runTest(TestCase.java:176)
	at junit.framework.TestCase.runBare(TestCase.java:141)
	at junit.framework.TestResult$1.protect(TestResult.java:122)
	at junit.framework.TestResult.runProtected(TestResult.java:142)
	at junit.framework.TestResult.run(TestResult.java:125)
	at junit.framework.TestCase.run(TestCase.java:129)
	at junit.framework.TestSuite.runTest(TestSuite.java:255)
	at junit.framework.TestSuite.run(TestSuite.java:250)
	at org.apache.tools.ant.taskdefs.optional.junit.JUnitTestRunner.run(JUnitTestRunner.java:520)
	at org.apache.tools.ant.taskdefs.optional.junit.JUnitTask.executeInVM(JUnitTask.java:1478)
	at org.apache.tools.ant.taskdefs.optional.junit.JUnitTask.execute(JUnitTask.java:860)
	at org.apache.tools.ant.taskdefs.optional.junit.JUnitTask.executeOrQueue(JUnitTask.java:1968)
	at org.apache.tools.ant.taskdefs.optional.junit.JUnitTask.execute1(JUnitTask.java:812)
	at org.apache.tools.ant.taskdefs.optional.junit.JUnitTask.execute(JUnitTask.java:2271)
	at org.apache.tools.ant.UnknownElement.execute(UnknownElement.java:291)
	at sun.reflect.GeneratedMethodAccessor4.invoke(Unknown Source)
	at sun.reflect.DelegatingMethodAccessorImpl.invoke(DelegatingMethodAccessorImpl.java:43)
	at java.lang.reflect.Method.invoke(Method.java:606)
	at org.apache.tools.ant.dispatch.DispatchUtils.execute(DispatchUtils.java:106)
	at org.apache.tools.ant.Task.perform(Task.java:348)
	at org.apache.tools.ant.Target.execute(Target.java:392)
	at org.apache.tools.ant.Target.performTasks(Target.java:413)
	at org.apache.tools.ant.Project.executeSortedTargets(Project.java:1399)
	at org.apache.tools.ant.Project.executeTarget(Project.java:1368)
	at org.apache.tools.ant.helper.DefaultExecutor.executeTargets(DefaultExecutor.java:41)
	at org.apache.tools.ant.Project.executeTargets(Project.java:1251)
	at org.apache.tools.ant.Main.runBuild(Main.java:811)
	at org.apache.tools.ant.Main.startAnt(Main.java:217)
	at org.apache.tools.ant.launch.Launcher.run(Launcher.java:280)
	at org.apache.tools.ant.launch.Launcher.main(Launcher.java:109)
Caused by: java.lang.RuntimeException: java.lang.ArithmeticException: / by zero
	at com.google.javascript.jscomp.Compiler.runCallable(Compiler.java:628)
	at com.google.javascript.jscomp.Compiler.runInCompilerThread(Compiler.java:573)
	at com.google.javascript.jscomp.Compiler.toSource(Compiler.java:1464)
	at com.google.javascript.jscomp.Compiler$5.call(Compiler.java:1359)
	at com.google.javascript.jscomp.Compiler$5.call(Compiler.java:1348)
	at com.google.javascript.jscomp.Compiler$2.run(Compiler.java:600)
	at java.lang.Thread.run(Thread.java:745)
Caused by: java.lang.ArithmeticException: / by zero
	at com.google.javascript.jscomp.SourceMap.addMapping(SourceMap.java:144)
	at com.google.javascript.jscomp.CodePrinter$MappedCodePrinter.generateSourceMap(CodePrinter.java:131)
	at com.google.javascript.jscomp.CodePrinter.toSource(CodePrinter.java:640)
	at com.google.javascript.jscomp.CodePrinter.access$100(CodePrinter.java:35)
	at com.google.javascript.jscomp.CodePrinter$Builder.build(CodePrinter.java:595)
	at com.google.javascript.jscomp.Compiler.toSource(Compiler.java:1552)
	at com.google.javascript.jscomp.Compiler.access$400(Compiler.java:69)
	at com.google.javascript.jscomp.Compiler$9.call(Compiler.java:1503)
	at com.google.javascript.jscomp.Compiler$9.call(Compiler.java:1464)
	... 2 more
--- com.google.debugging.sourcemap.SourceMapGeneratorV1Test::testGoldenOutput2
java.lang.RuntimeException: java.lang.RuntimeException: java.lang.ArithmeticException: / by zero
	at com.google.javascript.jscomp.Compiler.runCallable(Compiler.java:628)
	at com.google.javascript.jscomp.Compiler.runInCompilerThread(Compiler.java:573)
	at com.google.javascript.jscomp.Compiler.toSource(Compiler.java:1348)
	at com.google.debugging.sourcemap.SourceMapTestCase.compile(SourceMapTestCase.java:301)
	at com.google.debugging.sourcemap.SourceMapTestCase.compile(SourceMapTestCase.java:271)
	at com.google.debugging.sourcemap.SourceMapTestCase.checkSourceMap(SourceMapTestCase.java:95)
	at com.google.debugging.sourcemap.SourceMapTestCase.checkSourceMap(SourceMapTestCase.java:84)
	at com.google.debugging.sourcemap.SourceMapGeneratorV1Test.testGoldenOutput2(SourceMapGeneratorV1Test.java:220)
	at sun.reflect.NativeMethodAccessorImpl.invoke0(Native Method)
	at sun.reflect.NativeMethodAccessorImpl.invoke(NativeMethodAccessorImpl.java:57)
	at sun.reflect.DelegatingMethodAccessorImpl.invoke(DelegatingMethodAccessorImpl.java:43)
	at java.lang.reflect.Method.invoke(Method.java:606)
	at junit.framework.TestCase.runTest(TestCase.java:176)
	at junit.framework.TestCase.runBare(TestCase.java:141)
	at junit.framework.TestResult$1.protect(TestResult.java:122)
	at junit.framework.TestResult.runProtected(TestResult.java:142)
	at junit.framework.TestResult.run(TestResult.java:125)
	at junit.framework.TestCase.run(TestCase.java:129)
	at junit.framework.TestSuite.runTest(TestSuite.java:255)
	at junit.framework.TestSuite.run(TestSuite.java:250)
	at org.apache.tools.ant.taskdefs.optional.junit.JUnitTestRunner.run(JUnitTestRunner.java:520)
	at org.apache.tools.ant.taskdefs.optional.junit.JUnitTask.executeInVM(JUnitTask.java:1478)
	at org.apache.tools.ant.taskdefs.optional.junit.JUnitTask.execute(JUnitTask.java:860)
	at org.apache.tools.ant.taskdefs.optional.junit.JUnitTask.executeOrQueue(JUnitTask.java:1968)
	at org.apache.tools.ant.taskdefs.optional.junit.JUnitTask.execute1(JUnitTask.java:812)
	at org.apache.tools.ant.taskdefs.optional.junit.JUnitTask.execute(JUnitTask.java:2271)
	at org.apache.tools.ant.UnknownElement.execute(UnknownElement.java:291)
	at sun.reflect.GeneratedMethodAccessor4.invoke(Unknown Source)
	at sun.reflect.DelegatingMethodAccessorImpl.invoke(DelegatingMethodAccessorImpl.java:43)
	at java.lang.reflect.Method.invoke(Method.java:606)
	at org.apache.tools.ant.dispatch.DispatchUtils.execute(DispatchUtils.java:106)
	at org.apache.tools.ant.Task.perform(Task.java:348)
	at org.apache.tools.ant.Target.execute(Target.java:392)
	at org.apache.tools.ant.Target.performTasks(Target.java:413)
	at org.apache.tools.ant.Project.executeSortedTargets(Project.java:1399)
	at org.apache.tools.ant.Project.executeTarget(Project.java:1368)
	at org.apache.tools.ant.helper.DefaultExecutor.executeTargets(DefaultExecutor.java:41)
	at org.apache.tools.ant.Project.executeTargets(Project.java:1251)
	at org.apache.tools.ant.Main.runBuild(Main.java:811)
	at org.apache.tools.ant.Main.startAnt(Main.java:217)
	at org.apache.tools.ant.launch.Launcher.run(Launcher.java:280)
	at org.apache.tools.ant.launch.Launcher.main(Launcher.java:109)
Caused by: java.lang.RuntimeException: java.lang.ArithmeticException: / by zero
	at com.google.javascript.jscomp.Compiler.runCallable(Compiler.java:628)
	at com.google.javascript.jscomp.Compiler.runInCompilerThread(Compiler.java:573)
	at com.google.javascript.jscomp.Compiler.toSource(Compiler.java:1464)
	at com.google.javascript.jscomp.Compiler$5.call(Compiler.java:1359)
	at com.google.javascript.jscomp.Compiler$5.call(Compiler.java:1348)
	at com.google.javascript.jscomp.Compiler$2.run(Compiler.java:600)
	at java.lang.Thread.run(Thread.java:745)
Caused by: java.lang.ArithmeticException: / by zero
	at com.google.javascript.jscomp.SourceMap.addMapping(SourceMap.java:144)
	at com.google.javascript.jscomp.CodePrinter$MappedCodePrinter.generateSourceMap(CodePrinter.java:131)
	at com.google.javascript.jscomp.CodePrinter.toSource(CodePrinter.java:640)
	at com.google.javascript.jscomp.CodePrinter.access$100(CodePrinter.java:35)
	at com.google.javascript.jscomp.CodePrinter$Builder.build(CodePrinter.java:595)
	at com.google.javascript.jscomp.Compiler.toSource(Compiler.java:1552)
	at com.google.javascript.jscomp.Compiler.access$400(Compiler.java:69)
	at com.google.javascript.jscomp.Compiler$9.call(Compiler.java:1503)
	at com.google.javascript.jscomp.Compiler$9.call(Compiler.java:1464)
	... 2 more
--- com.google.debugging.sourcemap.SourceMapGeneratorV1Test::testGoldenOutput3
java.lang.RuntimeException: java.lang.RuntimeException: java.lang.ArithmeticException: / by zero
	at com.google.javascript.jscomp.Compiler.runCallable(Compiler.java:628)
	at com.google.javascript.jscomp.Compiler.runInCompilerThread(Compiler.java:573)
	at com.google.javascript.jscomp.Compiler.toSource(Compiler.java:1348)
	at com.google.debugging.sourcemap.SourceMapTestCase.compile(SourceMapTestCase.java:301)
	at com.google.debugging.sourcemap.SourceMapTestCase.compile(SourceMapTestCase.java:271)
	at com.google.debugging.sourcemap.SourceMapTestCase.checkSourceMap(SourceMapTestCase.java:95)
	at com.google.debugging.sourcemap.SourceMapGeneratorV1Test.testGoldenOutput3(SourceMapGeneratorV1Test.java:249)
	at sun.reflect.NativeMethodAccessorImpl.invoke0(Native Method)
	at sun.reflect.NativeMethodAccessorImpl.invoke(NativeMethodAccessorImpl.java:57)
	at sun.reflect.DelegatingMethodAccessorImpl.invoke(DelegatingMethodAccessorImpl.java:43)
	at java.lang.reflect.Method.invoke(Method.java:606)
	at junit.framework.TestCase.runTest(TestCase.java:176)
	at junit.framework.TestCase.runBare(TestCase.java:141)
	at junit.framework.TestResult$1.protect(TestResult.java:122)
	at junit.framework.TestResult.runProtected(TestResult.java:142)
	at junit.framework.TestResult.run(TestResult.java:125)
	at junit.framework.TestCase.run(TestCase.java:129)
	at junit.framework.TestSuite.runTest(TestSuite.java:255)
	at junit.framework.TestSuite.run(TestSuite.java:250)
	at org.apache.tools.ant.taskdefs.optional.junit.JUnitTestRunner.run(JUnitTestRunner.java:520)
	at org.apache.tools.ant.taskdefs.optional.junit.JUnitTask.executeInVM(JUnitTask.java:1478)
	at org.apache.tools.ant.taskdefs.optional.junit.JUnitTask.execute(JUnitTask.java:860)
	at org.apache.tools.ant.taskdefs.optional.junit.JUnitTask.executeOrQueue(JUnitTask.java:1968)
	at org.apache.tools.ant.taskdefs.optional.junit.JUnitTask.execute1(JUnitTask.java:812)
	at org.apache.tools.ant.taskdefs.optional.junit.JUnitTask.execute(JUnitTask.java:2271)
	at org.apache.tools.ant.UnknownElement.execute(UnknownElement.java:291)
	at sun.reflect.GeneratedMethodAccessor4.invoke(Unknown Source)
	at sun.reflect.DelegatingMethodAccessorImpl.invoke(DelegatingMethodAccessorImpl.java:43)
	at java.lang.reflect.Method.invoke(Method.java:606)
	at org.apache.tools.ant.dispatch.DispatchUtils.execute(DispatchUtils.java:106)
	at org.apache.tools.ant.Task.perform(Task.java:348)
	at org.apache.tools.ant.Target.execute(Target.java:392)
	at org.apache.tools.ant.Target.performTasks(Target.java:413)
	at org.apache.tools.ant.Project.executeSortedTargets(Project.java:1399)
	at org.apache.tools.ant.Project.executeTarget(Project.java:1368)
	at org.apache.tools.ant.helper.DefaultExecutor.executeTargets(DefaultExecutor.java:41)
	at org.apache.tools.ant.Project.executeTargets(Project.java:1251)
	at org.apache.tools.ant.Main.runBuild(Main.java:811)
	at org.apache.tools.ant.Main.startAnt(Main.java:217)
	at org.apache.tools.ant.launch.Launcher.run(Launcher.java:280)
	at org.apache.tools.ant.launch.Launcher.main(Launcher.java:109)
Caused by: java.lang.RuntimeException: java.lang.ArithmeticException: / by zero
	at com.google.javascript.jscomp.Compiler.runCallable(Compiler.java:628)
	at com.google.javascript.jscomp.Compiler.runInCompilerThread(Compiler.java:573)
	at com.google.javascript.jscomp.Compiler.toSource(Compiler.java:1464)
	at com.google.javascript.jscomp.Compiler$5.call(Compiler.java:1359)
	at com.google.javascript.jscomp.Compiler$5.call(Compiler.java:1348)
	at com.google.javascript.jscomp.Compiler$2.run(Compiler.java:600)
	at java.lang.Thread.run(Thread.java:745)
Caused by: java.lang.ArithmeticException: / by zero
	at com.google.javascript.jscomp.SourceMap.addMapping(SourceMap.java:144)
	at com.google.javascript.jscomp.CodePrinter$MappedCodePrinter.generateSourceMap(CodePrinter.java:131)
	at com.google.javascript.jscomp.CodePrinter.toSource(CodePrinter.java:640)
	at com.google.javascript.jscomp.CodePrinter.access$100(CodePrinter.java:35)
	at com.google.javascript.jscomp.CodePrinter$Builder.build(CodePrinter.java:595)
	at com.google.javascript.jscomp.Compiler.toSource(Compiler.java:1552)
	at com.google.javascript.jscomp.Compiler.access$400(Compiler.java:69)
	at com.google.javascript.jscomp.Compiler$9.call(Compiler.java:1503)
	at com.google.javascript.jscomp.Compiler$9.call(Compiler.java:1464)
	... 2 more
--- com.google.debugging.sourcemap.SourceMapGeneratorV1Test::testGoldenOutput4
java.lang.RuntimeException: java.lang.RuntimeException: java.lang.ArithmeticException: / by zero
	at com.google.javascript.jscomp.Compiler.runCallable(Compiler.java:628)
	at com.google.javascript.jscomp.Compiler.runInCompilerThread(Compiler.java:573)
	at com.google.javascript.jscomp.Compiler.toSource(Compiler.java:1348)
	at com.google.debugging.sourcemap.SourceMapTestCase.compile(SourceMapTestCase.java:301)
	at com.google.debugging.sourcemap.SourceMapTestCase.compile(SourceMapTestCase.java:271)
	at com.google.debugging.sourcemap.SourceMapTestCase.checkSourceMap(SourceMapTestCase.java:95)
	at com.google.debugging.sourcemap.SourceMapGeneratorV1Test.testGoldenOutput4(SourceMapGeneratorV1Test.java:264)
	at sun.reflect.NativeMethodAccessorImpl.invoke0(Native Method)
	at sun.reflect.NativeMethodAccessorImpl.invoke(NativeMethodAccessorImpl.java:57)
	at sun.reflect.DelegatingMethodAccessorImpl.invoke(DelegatingMethodAccessorImpl.java:43)
	at java.lang.reflect.Method.invoke(Method.java:606)
	at junit.framework.TestCase.runTest(TestCase.java:176)
	at junit.framework.TestCase.runBare(TestCase.java:141)
	at junit.framework.TestResult$1.protect(TestResult.java:122)
	at junit.framework.TestResult.runProtected(TestResult.java:142)
	at junit.framework.TestResult.run(TestResult.java:125)
	at junit.framework.TestCase.run(TestCase.java:129)
	at junit.framework.TestSuite.runTest(TestSuite.java:255)
	at junit.framework.TestSuite.run(TestSuite.java:250)
	at org.apache.tools.ant.taskdefs.optional.junit.JUnitTestRunner.run(JUnitTestRunner.java:520)
	at org.apache.tools.ant.taskdefs.optional.junit.JUnitTask.executeInVM(JUnitTask.java:1478)
	at org.apache.tools.ant.taskdefs.optional.junit.JUnitTask.execute(JUnitTask.java:860)
	at org.apache.tools.ant.taskdefs.optional.junit.JUnitTask.executeOrQueue(JUnitTask.java:1968)
	at org.apache.tools.ant.taskdefs.optional.junit.JUnitTask.execute1(JUnitTask.java:812)
	at org.apache.tools.ant.taskdefs.optional.junit.JUnitTask.execute(JUnitTask.java:2271)
	at org.apache.tools.ant.UnknownElement.execute(UnknownElement.java:291)
	at sun.reflect.GeneratedMethodAccessor4.invoke(Unknown Source)
	at sun.reflect.DelegatingMethodAccessorImpl.invoke(DelegatingMethodAccessorImpl.java:43)
	at java.lang.reflect.Method.invoke(Method.java:606)
	at org.apache.tools.ant.dispatch.DispatchUtils.execute(DispatchUtils.java:106)
	at org.apache.tools.ant.Task.perform(Task.java:348)
	at org.apache.tools.ant.Target.execute(Target.java:392)
	at org.apache.tools.ant.Target.performTasks(Target.java:413)
	at org.apache.tools.ant.Project.executeSortedTargets(Project.java:1399)
	at org.apache.tools.ant.Project.executeTarget(Project.java:1368)
	at org.apache.tools.ant.helper.DefaultExecutor.executeTargets(DefaultExecutor.java:41)
	at org.apache.tools.ant.Project.executeTargets(Project.java:1251)
	at org.apache.tools.ant.Main.runBuild(Main.java:811)
	at org.apache.tools.ant.Main.startAnt(Main.java:217)
	at org.apache.tools.ant.launch.Launcher.run(Launcher.java:280)
	at org.apache.tools.ant.launch.Launcher.main(Launcher.java:109)
Caused by: java.lang.RuntimeException: java.lang.ArithmeticException: / by zero
	at com.google.javascript.jscomp.Compiler.runCallable(Compiler.java:628)
	at com.google.javascript.jscomp.Compiler.runInCompilerThread(Compiler.java:573)
	at com.google.javascript.jscomp.Compiler.toSource(Compiler.java:1464)
	at com.google.javascript.jscomp.Compiler$5.call(Compiler.java:1359)
	at com.google.javascript.jscomp.Compiler$5.call(Compiler.java:1348)
	at com.google.javascript.jscomp.Compiler$2.run(Compiler.java:600)
	at java.lang.Thread.run(Thread.java:745)
Caused by: java.lang.ArithmeticException: / by zero
	at com.google.javascript.jscomp.SourceMap.addMapping(SourceMap.java:144)
	at com.google.javascript.jscomp.CodePrinter$MappedCodePrinter.generateSourceMap(CodePrinter.java:131)
	at com.google.javascript.jscomp.CodePrinter.toSource(CodePrinter.java:640)
	at com.google.javascript.jscomp.CodePrinter.access$100(CodePrinter.java:35)
	at com.google.javascript.jscomp.CodePrinter$Builder.build(CodePrinter.java:595)
	at com.google.javascript.jscomp.Compiler.toSource(Compiler.java:1552)
	at com.google.javascript.jscomp.Compiler.access$400(Compiler.java:69)
	at com.google.javascript.jscomp.Compiler$9.call(Compiler.java:1503)
	at com.google.javascript.jscomp.Compiler$9.call(Compiler.java:1464)
	... 2 more
--- com.google.debugging.sourcemap.SourceMapGeneratorV1Test::testGoldenOutput5
java.lang.RuntimeException: java.lang.RuntimeException: java.lang.ArithmeticException: / by zero
	at com.google.javascript.jscomp.Compiler.runCallable(Compiler.java:628)
	at com.google.javascript.jscomp.Compiler.runInCompilerThread(Compiler.java:573)
	at com.google.javascript.jscomp.Compiler.toSource(Compiler.java:1348)
	at com.google.debugging.sourcemap.SourceMapTestCase.compile(SourceMapTestCase.java:301)
	at com.google.debugging.sourcemap.SourceMapTestCase.compile(SourceMapTestCase.java:271)
	at com.google.debugging.sourcemap.SourceMapTestCase.checkSourceMap(SourceMapTestCase.java:95)
	at com.google.debugging.sourcemap.SourceMapGeneratorV1Test.testGoldenOutput5(SourceMapGeneratorV1Test.java:283)
	at sun.reflect.NativeMethodAccessorImpl.invoke0(Native Method)
	at sun.reflect.NativeMethodAccessorImpl.invoke(NativeMethodAccessorImpl.java:57)
	at sun.reflect.DelegatingMethodAccessorImpl.invoke(DelegatingMethodAccessorImpl.java:43)
	at java.lang.reflect.Method.invoke(Method.java:606)
	at junit.framework.TestCase.runTest(TestCase.java:176)
	at junit.framework.TestCase.runBare(TestCase.java:141)
	at junit.framework.TestResult$1.protect(TestResult.java:122)
	at junit.framework.TestResult.runProtected(TestResult.java:142)
	at junit.framework.TestResult.run(TestResult.java:125)
	at junit.framework.TestCase.run(TestCase.java:129)
	at junit.framework.TestSuite.runTest(TestSuite.java:255)
	at junit.framework.TestSuite.run(TestSuite.java:250)
	at org.apache.tools.ant.taskdefs.optional.junit.JUnitTestRunner.run(JUnitTestRunner.java:520)
	at org.apache.tools.ant.taskdefs.optional.junit.JUnitTask.executeInVM(JUnitTask.java:1478)
	at org.apache.tools.ant.taskdefs.optional.junit.JUnitTask.execute(JUnitTask.java:860)
	at org.apache.tools.ant.taskdefs.optional.junit.JUnitTask.executeOrQueue(JUnitTask.java:1968)
	at org.apache.tools.ant.taskdefs.optional.junit.JUnitTask.execute1(JUnitTask.java:812)
	at org.apache.tools.ant.taskdefs.optional.junit.JUnitTask.execute(JUnitTask.java:2271)
	at org.apache.tools.ant.UnknownElement.execute(UnknownElement.java:291)
	at sun.reflect.GeneratedMethodAccessor4.invoke(Unknown Source)
	at sun.reflect.DelegatingMethodAccessorImpl.invoke(DelegatingMethodAccessorImpl.java:43)
	at java.lang.reflect.Method.invoke(Method.java:606)
	at org.apache.tools.ant.dispatch.DispatchUtils.execute(DispatchUtils.java:106)
	at org.apache.tools.ant.Task.perform(Task.java:348)
	at org.apache.tools.ant.Target.execute(Target.java:392)
	at org.apache.tools.ant.Target.performTasks(Target.java:413)
	at org.apache.tools.ant.Project.executeSortedTargets(Project.java:1399)
	at org.apache.tools.ant.Project.executeTarget(Project.java:1368)
	at org.apache.tools.ant.helper.DefaultExecutor.executeTargets(DefaultExecutor.java:41)
	at org.apache.tools.ant.Project.executeTargets(Project.java:1251)
	at org.apache.tools.ant.Main.runBuild(Main.java:811)
	at org.apache.tools.ant.Main.startAnt(Main.java:217)
	at org.apache.tools.ant.launch.Launcher.run(Launcher.java:280)
	at org.apache.tools.ant.launch.Launcher.main(Launcher.java:109)
Caused by: java.lang.RuntimeException: java.lang.ArithmeticException: / by zero
	at com.google.javascript.jscomp.Compiler.runCallable(Compiler.java:628)
	at com.google.javascript.jscomp.Compiler.runInCompilerThread(Compiler.java:573)
	at com.google.javascript.jscomp.Compiler.toSource(Compiler.java:1464)
	at com.google.javascript.jscomp.Compiler$5.call(Compiler.java:1359)
	at com.google.javascript.jscomp.Compiler$5.call(Compiler.java:1348)
	at com.google.javascript.jscomp.Compiler$2.run(Compiler.java:600)
	at java.lang.Thread.run(Thread.java:745)
Caused by: java.lang.ArithmeticException: / by zero
	at com.google.javascript.jscomp.SourceMap.addMapping(SourceMap.java:144)
	at com.google.javascript.jscomp.CodePrinter$MappedCodePrinter.generateSourceMap(CodePrinter.java:131)
	at com.google.javascript.jscomp.CodePrinter.toSource(CodePrinter.java:640)
	at com.google.javascript.jscomp.CodePrinter.access$100(CodePrinter.java:35)
	at com.google.javascript.jscomp.CodePrinter$Builder.build(CodePrinter.java:595)
	at com.google.javascript.jscomp.Compiler.toSource(Compiler.java:1552)
	at com.google.javascript.jscomp.Compiler.access$400(Compiler.java:69)
	at com.google.javascript.jscomp.Compiler$9.call(Compiler.java:1503)
	at com.google.javascript.jscomp.Compiler$9.call(Compiler.java:1464)
	... 2 more
--- com.google.debugging.sourcemap.SourceMapGeneratorV2Test::testMultilineMapping
java.lang.RuntimeException: java.lang.RuntimeException: java.lang.ArithmeticException: / by zero
	at com.google.javascript.jscomp.Compiler.runCallable(Compiler.java:628)
	at com.google.javascript.jscomp.Compiler.runInCompilerThread(Compiler.java:573)
	at com.google.javascript.jscomp.Compiler.toSource(Compiler.java:1348)
	at com.google.debugging.sourcemap.SourceMapTestCase.compile(SourceMapTestCase.java:301)
	at com.google.debugging.sourcemap.SourceMapTestCase.compile(SourceMapTestCase.java:271)
	at com.google.debugging.sourcemap.SourceMapTestCase.compileAndCheck(SourceMapTestCase.java:184)
	at com.google.debugging.sourcemap.SourceMapGeneratorV2Test.testMultilineMapping(SourceMapGeneratorV2Test.java:108)
	at sun.reflect.NativeMethodAccessorImpl.invoke0(Native Method)
	at sun.reflect.NativeMethodAccessorImpl.invoke(NativeMethodAccessorImpl.java:57)
	at sun.reflect.DelegatingMethodAccessorImpl.invoke(DelegatingMethodAccessorImpl.java:43)
	at java.lang.reflect.Method.invoke(Method.java:606)
	at junit.framework.TestCase.runTest(TestCase.java:176)
	at junit.framework.TestCase.runBare(TestCase.java:141)
	at junit.framework.TestResult$1.protect(TestResult.java:122)
	at junit.framework.TestResult.runProtected(TestResult.java:142)
	at junit.framework.TestResult.run(TestResult.java:125)
	at junit.framework.TestCase.run(TestCase.java:129)
	at junit.framework.TestSuite.runTest(TestSuite.java:255)
	at junit.framework.TestSuite.run(TestSuite.java:250)
	at org.apache.tools.ant.taskdefs.optional.junit.JUnitTestRunner.run(JUnitTestRunner.java:520)
	at org.apache.tools.ant.taskdefs.optional.junit.JUnitTask.executeInVM(JUnitTask.java:1478)
	at org.apache.tools.ant.taskdefs.optional.junit.JUnitTask.execute(JUnitTask.java:860)
	at org.apache.tools.ant.taskdefs.optional.junit.JUnitTask.executeOrQueue(JUnitTask.java:1968)
	at org.apache.tools.ant.taskdefs.optional.junit.JUnitTask.execute1(JUnitTask.java:812)
	at org.apache.tools.ant.taskdefs.optional.junit.JUnitTask.execute(JUnitTask.java:2271)
	at org.apache.tools.ant.UnknownElement.execute(UnknownElement.java:291)
	at sun.reflect.GeneratedMethodAccessor4.invoke(Unknown Source)
	at sun.reflect.DelegatingMethodAccessorImpl.invoke(DelegatingMethodAccessorImpl.java:43)
	at java.lang.reflect.Method.invoke(Method.java:606)
	at org.apache.tools.ant.dispatch.DispatchUtils.execute(DispatchUtils.java:106)
	at org.apache.tools.ant.Task.perform(Task.java:348)
	at org.apache.tools.ant.Target.execute(Target.java:392)
	at org.apache.tools.ant.Target.performTasks(Target.java:413)
	at org.apache.tools.ant.Project.executeSortedTargets(Project.java:1399)
	at org.apache.tools.ant.Project.executeTarget(Project.java:1368)
	at org.apache.tools.ant.helper.DefaultExecutor.executeTargets(DefaultExecutor.java:41)
	at org.apache.tools.ant.Project.executeTargets(Project.java:1251)
	at org.apache.tools.ant.Main.runBuild(Main.java:811)
	at org.apache.tools.ant.Main.startAnt(Main.java:217)
	at org.apache.tools.ant.launch.Launcher.run(Launcher.java:280)
	at org.apache.tools.ant.launch.Launcher.main(Launcher.java:109)
Caused by: java.lang.RuntimeException: java.lang.ArithmeticException: / by zero
	at com.google.javascript.jscomp.Compiler.runCallable(Compiler.java:628)
	at com.google.javascript.jscomp.Compiler.runInCompilerThread(Compiler.java:573)
	at com.google.javascript.jscomp.Compiler.toSource(Compiler.java:1464)
	at com.google.javascript.jscomp.Compiler$5.call(Compiler.java:1359)
	at com.google.javascript.jscomp.Compiler$5.call(Compiler.java:1348)
	at com.google.javascript.jscomp.Compiler$2.run(Compiler.java:600)
	at java.lang.Thread.run(Thread.java:745)
Caused by: java.lang.ArithmeticException: / by zero
	at com.google.javascript.jscomp.SourceMap.addMapping(SourceMap.java:144)
	at com.google.javascript.jscomp.CodePrinter$MappedCodePrinter.generateSourceMap(CodePrinter.java:131)
	at com.google.javascript.jscomp.CodePrinter.toSource(CodePrinter.java:640)
	at com.google.javascript.jscomp.CodePrinter.access$100(CodePrinter.java:35)
	at com.google.javascript.jscomp.CodePrinter$Builder.build(CodePrinter.java:595)
	at com.google.javascript.jscomp.Compiler.toSource(Compiler.java:1552)
	at com.google.javascript.jscomp.Compiler.access$400(Compiler.java:69)
	at com.google.javascript.jscomp.Compiler$9.call(Compiler.java:1503)
	at com.google.javascript.jscomp.Compiler$9.call(Compiler.java:1464)
	... 2 more
--- com.google.debugging.sourcemap.SourceMapGeneratorV2Test::testMultiFunctionMapping
java.lang.RuntimeException: java.lang.RuntimeException: java.lang.ArithmeticException: / by zero
	at com.google.javascript.jscomp.Compiler.runCallable(Compiler.java:628)
	at com.google.javascript.jscomp.Compiler.runInCompilerThread(Compiler.java:573)
	at com.google.javascript.jscomp.Compiler.toSource(Compiler.java:1348)
	at com.google.debugging.sourcemap.SourceMapTestCase.compile(SourceMapTestCase.java:301)
	at com.google.debugging.sourcemap.SourceMapTestCase.compile(SourceMapTestCase.java:271)
	at com.google.debugging.sourcemap.SourceMapTestCase.compileAndCheck(SourceMapTestCase.java:184)
	at com.google.debugging.sourcemap.SourceMapGeneratorV2Test.testMultiFunctionMapping(SourceMapGeneratorV2Test.java:115)
	at sun.reflect.NativeMethodAccessorImpl.invoke0(Native Method)
	at sun.reflect.NativeMethodAccessorImpl.invoke(NativeMethodAccessorImpl.java:57)
	at sun.reflect.DelegatingMethodAccessorImpl.invoke(DelegatingMethodAccessorImpl.java:43)
	at java.lang.reflect.Method.invoke(Method.java:606)
	at junit.framework.TestCase.runTest(TestCase.java:176)
	at junit.framework.TestCase.runBare(TestCase.java:141)
	at junit.framework.TestResult$1.protect(TestResult.java:122)
	at junit.framework.TestResult.runProtected(TestResult.java:142)
	at junit.framework.TestResult.run(TestResult.java:125)
	at junit.framework.TestCase.run(TestCase.java:129)
	at junit.framework.TestSuite.runTest(TestSuite.java:255)
	at junit.framework.TestSuite.run(TestSuite.java:250)
	at org.apache.tools.ant.taskdefs.optional.junit.JUnitTestRunner.run(JUnitTestRunner.java:520)
	at org.apache.tools.ant.taskdefs.optional.junit.JUnitTask.executeInVM(JUnitTask.java:1478)
	at org.apache.tools.ant.taskdefs.optional.junit.JUnitTask.execute(JUnitTask.java:860)
	at org.apache.tools.ant.taskdefs.optional.junit.JUnitTask.executeOrQueue(JUnitTask.java:1968)
	at org.apache.tools.ant.taskdefs.optional.junit.JUnitTask.execute1(JUnitTask.java:812)
	at org.apache.tools.ant.taskdefs.optional.junit.JUnitTask.execute(JUnitTask.java:2271)
	at org.apache.tools.ant.UnknownElement.execute(UnknownElement.java:291)
	at sun.reflect.GeneratedMethodAccessor4.invoke(Unknown Source)
	at sun.reflect.DelegatingMethodAccessorImpl.invoke(DelegatingMethodAccessorImpl.java:43)
	at java.lang.reflect.Method.invoke(Method.java:606)
	at org.apache.tools.ant.dispatch.DispatchUtils.execute(DispatchUtils.java:106)
	at org.apache.tools.ant.Task.perform(Task.java:348)
	at org.apache.tools.ant.Target.execute(Target.java:392)
	at org.apache.tools.ant.Target.performTasks(Target.java:413)
	at org.apache.tools.ant.Project.executeSortedTargets(Project.java:1399)
	at org.apache.tools.ant.Project.executeTarget(Project.java:1368)
	at org.apache.tools.ant.helper.DefaultExecutor.executeTargets(DefaultExecutor.java:41)
	at org.apache.tools.ant.Project.executeTargets(Project.java:1251)
	at org.apache.tools.ant.Main.runBuild(Main.java:811)
	at org.apache.tools.ant.Main.startAnt(Main.java:217)
	at org.apache.tools.ant.launch.Launcher.run(Launcher.java:280)
	at org.apache.tools.ant.launch.Launcher.main(Launcher.java:109)
Caused by: java.lang.RuntimeException: java.lang.ArithmeticException: / by zero
	at com.google.javascript.jscomp.Compiler.runCallable(Compiler.java:628)
	at com.google.javascript.jscomp.Compiler.runInCompilerThread(Compiler.java:573)
	at com.google.javascript.jscomp.Compiler.toSource(Compiler.java:1464)
	at com.google.javascript.jscomp.Compiler$5.call(Compiler.java:1359)
	at com.google.javascript.jscomp.Compiler$5.call(Compiler.java:1348)
	at com.google.javascript.jscomp.Compiler$2.run(Compiler.java:600)
	at java.lang.Thread.run(Thread.java:745)
Caused by: java.lang.ArithmeticException: / by zero
	at com.google.javascript.jscomp.SourceMap.addMapping(SourceMap.java:144)
	at com.google.javascript.jscomp.CodePrinter$MappedCodePrinter.generateSourceMap(CodePrinter.java:131)
	at com.google.javascript.jscomp.CodePrinter.toSource(CodePrinter.java:640)
	at com.google.javascript.jscomp.CodePrinter.access$100(CodePrinter.java:35)
	at com.google.javascript.jscomp.CodePrinter$Builder.build(CodePrinter.java:595)
	at com.google.javascript.jscomp.Compiler.toSource(Compiler.java:1552)
	at com.google.javascript.jscomp.Compiler.access$400(Compiler.java:69)
	at com.google.javascript.jscomp.Compiler$9.call(Compiler.java:1503)
	at com.google.javascript.jscomp.Compiler$9.call(Compiler.java:1464)
	... 2 more
--- com.google.debugging.sourcemap.SourceMapGeneratorV2Test::testLiteralMappingsGoldenOutput
java.lang.RuntimeException: java.lang.RuntimeException: java.lang.ArithmeticException: / by zero
	at com.google.javascript.jscomp.Compiler.runCallable(Compiler.java:628)
	at com.google.javascript.jscomp.Compiler.runInCompilerThread(Compiler.java:573)
	at com.google.javascript.jscomp.Compiler.toSource(Compiler.java:1348)
	at com.google.debugging.sourcemap.SourceMapTestCase.compile(SourceMapTestCase.java:301)
	at com.google.debugging.sourcemap.SourceMapTestCase.compile(SourceMapTestCase.java:271)
	at com.google.debugging.sourcemap.SourceMapTestCase.checkSourceMap(SourceMapTestCase.java:95)
	at com.google.debugging.sourcemap.SourceMapTestCase.checkSourceMap(SourceMapTestCase.java:84)
	at com.google.debugging.sourcemap.SourceMapGeneratorV2Test.testLiteralMappingsGoldenOutput(SourceMapGeneratorV2Test.java:81)
	at sun.reflect.NativeMethodAccessorImpl.invoke0(Native Method)
	at sun.reflect.NativeMethodAccessorImpl.invoke(NativeMethodAccessorImpl.java:57)
	at sun.reflect.DelegatingMethodAccessorImpl.invoke(DelegatingMethodAccessorImpl.java:43)
	at java.lang.reflect.Method.invoke(Method.java:606)
	at junit.framework.TestCase.runTest(TestCase.java:176)
	at junit.framework.TestCase.runBare(TestCase.java:141)
	at junit.framework.TestResult$1.protect(TestResult.java:122)
	at junit.framework.TestResult.runProtected(TestResult.java:142)
	at junit.framework.TestResult.run(TestResult.java:125)
	at junit.framework.TestCase.run(TestCase.java:129)
	at junit.framework.TestSuite.runTest(TestSuite.java:255)
	at junit.framework.TestSuite.run(TestSuite.java:250)
	at org.apache.tools.ant.taskdefs.optional.junit.JUnitTestRunner.run(JUnitTestRunner.java:520)
	at org.apache.tools.ant.taskdefs.optional.junit.JUnitTask.executeInVM(JUnitTask.java:1478)
	at org.apache.tools.ant.taskdefs.optional.junit.JUnitTask.execute(JUnitTask.java:860)
	at org.apache.tools.ant.taskdefs.optional.junit.JUnitTask.executeOrQueue(JUnitTask.java:1968)
	at org.apache.tools.ant.taskdefs.optional.junit.JUnitTask.execute1(JUnitTask.java:812)
	at org.apache.tools.ant.taskdefs.optional.junit.JUnitTask.execute(JUnitTask.java:2271)
	at org.apache.tools.ant.UnknownElement.execute(UnknownElement.java:291)
	at sun.reflect.GeneratedMethodAccessor4.invoke(Unknown Source)
	at sun.reflect.DelegatingMethodAccessorImpl.invoke(DelegatingMethodAccessorImpl.java:43)
	at java.lang.reflect.Method.invoke(Method.java:606)
	at org.apache.tools.ant.dispatch.DispatchUtils.execute(DispatchUtils.java:106)
	at org.apache.tools.ant.Task.perform(Task.java:348)
	at org.apache.tools.ant.Target.execute(Target.java:392)
	at org.apache.tools.ant.Target.performTasks(Target.java:413)
	at org.apache.tools.ant.Project.executeSortedTargets(Project.java:1399)
	at org.apache.tools.ant.Project.executeTarget(Project.java:1368)
	at org.apache.tools.ant.helper.DefaultExecutor.executeTargets(DefaultExecutor.java:41)
	at org.apache.tools.ant.Project.executeTargets(Project.java:1251)
	at org.apache.tools.ant.Main.runBuild(Main.java:811)
	at org.apache.tools.ant.Main.startAnt(Main.java:217)
	at org.apache.tools.ant.launch.Launcher.run(Launcher.java:280)
	at org.apache.tools.ant.launch.Launcher.main(Launcher.java:109)
Caused by: java.lang.RuntimeException: java.lang.ArithmeticException: / by zero
	at com.google.javascript.jscomp.Compiler.runCallable(Compiler.java:628)
	at com.google.javascript.jscomp.Compiler.runInCompilerThread(Compiler.java:573)
	at com.google.javascript.jscomp.Compiler.toSource(Compiler.java:1464)
	at com.google.javascript.jscomp.Compiler$5.call(Compiler.java:1359)
	at com.google.javascript.jscomp.Compiler$5.call(Compiler.java:1348)
	at com.google.javascript.jscomp.Compiler$2.run(Compiler.java:600)
	at java.lang.Thread.run(Thread.java:745)
Caused by: java.lang.ArithmeticException: / by zero
	at com.google.javascript.jscomp.SourceMap.addMapping(SourceMap.java:144)
	at com.google.javascript.jscomp.CodePrinter$MappedCodePrinter.generateSourceMap(CodePrinter.java:131)
	at com.google.javascript.jscomp.CodePrinter.toSource(CodePrinter.java:640)
	at com.google.javascript.jscomp.CodePrinter.access$100(CodePrinter.java:35)
	at com.google.javascript.jscomp.CodePrinter$Builder.build(CodePrinter.java:595)
	at com.google.javascript.jscomp.Compiler.toSource(Compiler.java:1552)
	at com.google.javascript.jscomp.Compiler.access$400(Compiler.java:69)
	at com.google.javascript.jscomp.Compiler$9.call(Compiler.java:1503)
	at com.google.javascript.jscomp.Compiler$9.call(Compiler.java:1464)
	... 2 more
--- com.google.debugging.sourcemap.SourceMapGeneratorV2Test::testBasicDeterminism
java.lang.RuntimeException: java.lang.RuntimeException: java.lang.ArithmeticException: / by zero
	at com.google.javascript.jscomp.Compiler.runCallable(Compiler.java:628)
	at com.google.javascript.jscomp.Compiler.runInCompilerThread(Compiler.java:573)
	at com.google.javascript.jscomp.Compiler.toSource(Compiler.java:1348)
	at com.google.debugging.sourcemap.SourceMapTestCase.compile(SourceMapTestCase.java:301)
	at com.google.debugging.sourcemap.SourceMapGeneratorV2Test.testBasicDeterminism(SourceMapGeneratorV2Test.java:369)
	at sun.reflect.NativeMethodAccessorImpl.invoke0(Native Method)
	at sun.reflect.NativeMethodAccessorImpl.invoke(NativeMethodAccessorImpl.java:57)
	at sun.reflect.DelegatingMethodAccessorImpl.invoke(DelegatingMethodAccessorImpl.java:43)
	at java.lang.reflect.Method.invoke(Method.java:606)
	at junit.framework.TestCase.runTest(TestCase.java:176)
	at junit.framework.TestCase.runBare(TestCase.java:141)
	at junit.framework.TestResult$1.protect(TestResult.java:122)
	at junit.framework.TestResult.runProtected(TestResult.java:142)
	at junit.framework.TestResult.run(TestResult.java:125)
	at junit.framework.TestCase.run(TestCase.java:129)
	at junit.framework.TestSuite.runTest(TestSuite.java:255)
	at junit.framework.TestSuite.run(TestSuite.java:250)
	at org.apache.tools.ant.taskdefs.optional.junit.JUnitTestRunner.run(JUnitTestRunner.java:520)
	at org.apache.tools.ant.taskdefs.optional.junit.JUnitTask.executeInVM(JUnitTask.java:1478)
	at org.apache.tools.ant.taskdefs.optional.junit.JUnitTask.execute(JUnitTask.java:860)
	at org.apache.tools.ant.taskdefs.optional.junit.JUnitTask.executeOrQueue(JUnitTask.java:1968)
	at org.apache.tools.ant.taskdefs.optional.junit.JUnitTask.execute1(JUnitTask.java:812)
	at org.apache.tools.ant.taskdefs.optional.junit.JUnitTask.execute(JUnitTask.java:2271)
	at org.apache.tools.ant.UnknownElement.execute(UnknownElement.java:291)
	at sun.reflect.GeneratedMethodAccessor4.invoke(Unknown Source)
	at sun.reflect.DelegatingMethodAccessorImpl.invoke(DelegatingMethodAccessorImpl.java:43)
	at java.lang.reflect.Method.invoke(Method.java:606)
	at org.apache.tools.ant.dispatch.DispatchUtils.execute(DispatchUtils.java:106)
	at org.apache.tools.ant.Task.perform(Task.java:348)
	at org.apache.tools.ant.Target.execute(Target.java:392)
	at org.apache.tools.ant.Target.performTasks(Target.java:413)
	at org.apache.tools.ant.Project.executeSortedTargets(Project.java:1399)
	at org.apache.tools.ant.Project.executeTarget(Project.java:1368)
	at org.apache.tools.ant.helper.DefaultExecutor.executeTargets(DefaultExecutor.java:41)
	at org.apache.tools.ant.Project.executeTargets(Project.java:1251)
	at org.apache.tools.ant.Main.runBuild(Main.java:811)
	at org.apache.tools.ant.Main.startAnt(Main.java:217)
	at org.apache.tools.ant.launch.Launcher.run(Launcher.java:280)
	at org.apache.tools.ant.launch.Launcher.main(Launcher.java:109)
Caused by: java.lang.RuntimeException: java.lang.ArithmeticException: / by zero
	at com.google.javascript.jscomp.Compiler.runCallable(Compiler.java:628)
	at com.google.javascript.jscomp.Compiler.runInCompilerThread(Compiler.java:573)
	at com.google.javascript.jscomp.Compiler.toSource(Compiler.java:1464)
	at com.google.javascript.jscomp.Compiler$5.call(Compiler.java:1359)
	at com.google.javascript.jscomp.Compiler$5.call(Compiler.java:1348)
	at com.google.javascript.jscomp.Compiler$2.run(Compiler.java:600)
	at java.lang.Thread.run(Thread.java:745)
Caused by: java.lang.ArithmeticException: / by zero
	at com.google.javascript.jscomp.SourceMap.addMapping(SourceMap.java:144)
	at com.google.javascript.jscomp.CodePrinter$MappedCodePrinter.generateSourceMap(CodePrinter.java:131)
	at com.google.javascript.jscomp.CodePrinter.toSource(CodePrinter.java:640)
	at com.google.javascript.jscomp.CodePrinter.access$100(CodePrinter.java:35)
	at com.google.javascript.jscomp.CodePrinter$Builder.build(CodePrinter.java:595)
	at com.google.javascript.jscomp.Compiler.toSource(Compiler.java:1552)
	at com.google.javascript.jscomp.Compiler.access$400(Compiler.java:69)
	at com.google.javascript.jscomp.Compiler$9.call(Compiler.java:1503)
	at com.google.javascript.jscomp.Compiler$9.call(Compiler.java:1464)
	... 2 more
--- com.google.debugging.sourcemap.SourceMapGeneratorV2Test::testBasicMappingGoldenOutput
java.lang.RuntimeException: java.lang.RuntimeException: java.lang.ArithmeticException: / by zero
	at com.google.javascript.jscomp.Compiler.runCallable(Compiler.java:628)
	at com.google.javascript.jscomp.Compiler.runInCompilerThread(Compiler.java:573)
	at com.google.javascript.jscomp.Compiler.toSource(Compiler.java:1348)
	at com.google.debugging.sourcemap.SourceMapTestCase.compile(SourceMapTestCase.java:301)
	at com.google.debugging.sourcemap.SourceMapTestCase.compile(SourceMapTestCase.java:271)
	at com.google.debugging.sourcemap.SourceMapTestCase.checkSourceMap(SourceMapTestCase.java:95)
	at com.google.debugging.sourcemap.SourceMapTestCase.checkSourceMap(SourceMapTestCase.java:84)
	at com.google.debugging.sourcemap.SourceMapGeneratorV2Test.testBasicMappingGoldenOutput(SourceMapGeneratorV2Test.java:56)
	at sun.reflect.NativeMethodAccessorImpl.invoke0(Native Method)
	at sun.reflect.NativeMethodAccessorImpl.invoke(NativeMethodAccessorImpl.java:57)
	at sun.reflect.DelegatingMethodAccessorImpl.invoke(DelegatingMethodAccessorImpl.java:43)
	at java.lang.reflect.Method.invoke(Method.java:606)
	at junit.framework.TestCase.runTest(TestCase.java:176)
	at junit.framework.TestCase.runBare(TestCase.java:141)
	at junit.framework.TestResult$1.protect(TestResult.java:122)
	at junit.framework.TestResult.runProtected(TestResult.java:142)
	at junit.framework.TestResult.run(TestResult.java:125)
	at junit.framework.TestCase.run(TestCase.java:129)
	at junit.framework.TestSuite.runTest(TestSuite.java:255)
	at junit.framework.TestSuite.run(TestSuite.java:250)
	at org.apache.tools.ant.taskdefs.optional.junit.JUnitTestRunner.run(JUnitTestRunner.java:520)
	at org.apache.tools.ant.taskdefs.optional.junit.JUnitTask.executeInVM(JUnitTask.java:1478)
	at org.apache.tools.ant.taskdefs.optional.junit.JUnitTask.execute(JUnitTask.java:860)
	at org.apache.tools.ant.taskdefs.optional.junit.JUnitTask.executeOrQueue(JUnitTask.java:1968)
	at org.apache.tools.ant.taskdefs.optional.junit.JUnitTask.execute1(JUnitTask.java:812)
	at org.apache.tools.ant.taskdefs.optional.junit.JUnitTask.execute(JUnitTask.java:2271)
	at org.apache.tools.ant.UnknownElement.execute(UnknownElement.java:291)
	at sun.reflect.GeneratedMethodAccessor4.invoke(Unknown Source)
	at sun.reflect.DelegatingMethodAccessorImpl.invoke(DelegatingMethodAccessorImpl.java:43)
	at java.lang.reflect.Method.invoke(Method.java:606)
	at org.apache.tools.ant.dispatch.DispatchUtils.execute(DispatchUtils.java:106)
	at org.apache.tools.ant.Task.perform(Task.java:348)
	at org.apache.tools.ant.Target.execute(Target.java:392)
	at org.apache.tools.ant.Target.performTasks(Target.java:413)
	at org.apache.tools.ant.Project.executeSortedTargets(Project.java:1399)
	at org.apache.tools.ant.Project.executeTarget(Project.java:1368)
	at org.apache.tools.ant.helper.DefaultExecutor.executeTargets(DefaultExecutor.java:41)
	at org.apache.tools.ant.Project.executeTargets(Project.java:1251)
	at org.apache.tools.ant.Main.runBuild(Main.java:811)
	at org.apache.tools.ant.Main.startAnt(Main.java:217)
	at org.apache.tools.ant.launch.Launcher.run(Launcher.java:280)
	at org.apache.tools.ant.launch.Launcher.main(Launcher.java:109)
Caused by: java.lang.RuntimeException: java.lang.ArithmeticException: / by zero
	at com.google.javascript.jscomp.Compiler.runCallable(Compiler.java:628)
	at com.google.javascript.jscomp.Compiler.runInCompilerThread(Compiler.java:573)
	at com.google.javascript.jscomp.Compiler.toSource(Compiler.java:1464)
	at com.google.javascript.jscomp.Compiler$5.call(Compiler.java:1359)
	at com.google.javascript.jscomp.Compiler$5.call(Compiler.java:1348)
	at com.google.javascript.jscomp.Compiler$2.run(Compiler.java:600)
	at java.lang.Thread.run(Thread.java:745)
Caused by: java.lang.ArithmeticException: / by zero
	at com.google.javascript.jscomp.SourceMap.addMapping(SourceMap.java:144)
	at com.google.javascript.jscomp.CodePrinter$MappedCodePrinter.generateSourceMap(CodePrinter.java:131)
	at com.google.javascript.jscomp.CodePrinter.toSource(CodePrinter.java:640)
	at com.google.javascript.jscomp.CodePrinter.access$100(CodePrinter.java:35)
	at com.google.javascript.jscomp.CodePrinter$Builder.build(CodePrinter.java:595)
	at com.google.javascript.jscomp.Compiler.toSource(Compiler.java:1552)
	at com.google.javascript.jscomp.Compiler.access$400(Compiler.java:69)
	at com.google.javascript.jscomp.Compiler$9.call(Compiler.java:1503)
	at com.google.javascript.jscomp.Compiler$9.call(Compiler.java:1464)
	... 2 more
--- com.google.debugging.sourcemap.SourceMapGeneratorV2Test::testBasicMapping
java.lang.RuntimeException: java.lang.RuntimeException: java.lang.ArithmeticException: / by zero
	at com.google.javascript.jscomp.Compiler.runCallable(Compiler.java:628)
	at com.google.javascript.jscomp.Compiler.runInCompilerThread(Compiler.java:573)
	at com.google.javascript.jscomp.Compiler.toSource(Compiler.java:1348)
	at com.google.debugging.sourcemap.SourceMapTestCase.compile(SourceMapTestCase.java:301)
	at com.google.debugging.sourcemap.SourceMapTestCase.compile(SourceMapTestCase.java:271)
	at com.google.debugging.sourcemap.SourceMapTestCase.compileAndCheck(SourceMapTestCase.java:184)
	at com.google.debugging.sourcemap.SourceMapGeneratorV2Test.testBasicMapping(SourceMapGeneratorV2Test.java:51)
	at sun.reflect.NativeMethodAccessorImpl.invoke0(Native Method)
	at sun.reflect.NativeMethodAccessorImpl.invoke(NativeMethodAccessorImpl.java:57)
	at sun.reflect.DelegatingMethodAccessorImpl.invoke(DelegatingMethodAccessorImpl.java:43)
	at java.lang.reflect.Method.invoke(Method.java:606)
	at junit.framework.TestCase.runTest(TestCase.java:176)
	at junit.framework.TestCase.runBare(TestCase.java:141)
	at junit.framework.TestResult$1.protect(TestResult.java:122)
	at junit.framework.TestResult.runProtected(TestResult.java:142)
	at junit.framework.TestResult.run(TestResult.java:125)
	at junit.framework.TestCase.run(TestCase.java:129)
	at junit.framework.TestSuite.runTest(TestSuite.java:255)
	at junit.framework.TestSuite.run(TestSuite.java:250)
	at org.apache.tools.ant.taskdefs.optional.junit.JUnitTestRunner.run(JUnitTestRunner.java:520)
	at org.apache.tools.ant.taskdefs.optional.junit.JUnitTask.executeInVM(JUnitTask.java:1478)
	at org.apache.tools.ant.taskdefs.optional.junit.JUnitTask.execute(JUnitTask.java:860)
	at org.apache.tools.ant.taskdefs.optional.junit.JUnitTask.executeOrQueue(JUnitTask.java:1968)
	at org.apache.tools.ant.taskdefs.optional.junit.JUnitTask.execute1(JUnitTask.java:812)
	at org.apache.tools.ant.taskdefs.optional.junit.JUnitTask.execute(JUnitTask.java:2271)
	at org.apache.tools.ant.UnknownElement.execute(UnknownElement.java:291)
	at sun.reflect.GeneratedMethodAccessor4.invoke(Unknown Source)
	at sun.reflect.DelegatingMethodAccessorImpl.invoke(DelegatingMethodAccessorImpl.java:43)
	at java.lang.reflect.Method.invoke(Method.java:606)
	at org.apache.tools.ant.dispatch.DispatchUtils.execute(DispatchUtils.java:106)
	at org.apache.tools.ant.Task.perform(Task.java:348)
	at org.apache.tools.ant.Target.execute(Target.java:392)
	at org.apache.tools.ant.Target.performTasks(Target.java:413)
	at org.apache.tools.ant.Project.executeSortedTargets(Project.java:1399)
	at org.apache.tools.ant.Project.executeTarget(Project.java:1368)
	at org.apache.tools.ant.helper.DefaultExecutor.executeTargets(DefaultExecutor.java:41)
	at org.apache.tools.ant.Project.executeTargets(Project.java:1251)
	at org.apache.tools.ant.Main.runBuild(Main.java:811)
	at org.apache.tools.ant.Main.startAnt(Main.java:217)
	at org.apache.tools.ant.launch.Launcher.run(Launcher.java:280)
	at org.apache.tools.ant.launch.Launcher.main(Launcher.java:109)
Caused by: java.lang.RuntimeException: java.lang.ArithmeticException: / by zero
	at com.google.javascript.jscomp.Compiler.runCallable(Compiler.java:628)
	at com.google.javascript.jscomp.Compiler.runInCompilerThread(Compiler.java:573)
	at com.google.javascript.jscomp.Compiler.toSource(Compiler.java:1464)
	at com.google.javascript.jscomp.Compiler$5.call(Compiler.java:1359)
	at com.google.javascript.jscomp.Compiler$5.call(Compiler.java:1348)
	at com.google.javascript.jscomp.Compiler$2.run(Compiler.java:600)
	at java.lang.Thread.run(Thread.java:745)
Caused by: java.lang.ArithmeticException: / by zero
	at com.google.javascript.jscomp.SourceMap.addMapping(SourceMap.java:144)
	at com.google.javascript.jscomp.CodePrinter$MappedCodePrinter.generateSourceMap(CodePrinter.java:131)
	at com.google.javascript.jscomp.CodePrinter.toSource(CodePrinter.java:640)
	at com.google.javascript.jscomp.CodePrinter.access$100(CodePrinter.java:35)
	at com.google.javascript.jscomp.CodePrinter$Builder.build(CodePrinter.java:595)
	at com.google.javascript.jscomp.Compiler.toSource(Compiler.java:1552)
	at com.google.javascript.jscomp.Compiler.access$400(Compiler.java:69)
	at com.google.javascript.jscomp.Compiler$9.call(Compiler.java:1503)
	at com.google.javascript.jscomp.Compiler$9.call(Compiler.java:1464)
	... 2 more
--- com.google.debugging.sourcemap.SourceMapGeneratorV2Test::testLiteralMappings
java.lang.RuntimeException: java.lang.RuntimeException: java.lang.ArithmeticException: / by zero
	at com.google.javascript.jscomp.Compiler.runCallable(Compiler.java:628)
	at com.google.javascript.jscomp.Compiler.runInCompilerThread(Compiler.java:573)
	at com.google.javascript.jscomp.Compiler.toSource(Compiler.java:1348)
	at com.google.debugging.sourcemap.SourceMapTestCase.compile(SourceMapTestCase.java:301)
	at com.google.debugging.sourcemap.SourceMapTestCase.compile(SourceMapTestCase.java:271)
	at com.google.debugging.sourcemap.SourceMapTestCase.compileAndCheck(SourceMapTestCase.java:184)
	at com.google.debugging.sourcemap.SourceMapGeneratorV2Test.testLiteralMappings(SourceMapGeneratorV2Test.java:75)
	at sun.reflect.NativeMethodAccessorImpl.invoke0(Native Method)
	at sun.reflect.NativeMethodAccessorImpl.invoke(NativeMethodAccessorImpl.java:57)
	at sun.reflect.DelegatingMethodAccessorImpl.invoke(DelegatingMethodAccessorImpl.java:43)
	at java.lang.reflect.Method.invoke(Method.java:606)
	at junit.framework.TestCase.runTest(TestCase.java:176)
	at junit.framework.TestCase.runBare(TestCase.java:141)
	at junit.framework.TestResult$1.protect(TestResult.java:122)
	at junit.framework.TestResult.runProtected(TestResult.java:142)
	at junit.framework.TestResult.run(TestResult.java:125)
	at junit.framework.TestCase.run(TestCase.java:129)
	at junit.framework.TestSuite.runTest(TestSuite.java:255)
	at junit.framework.TestSuite.run(TestSuite.java:250)
	at org.apache.tools.ant.taskdefs.optional.junit.JUnitTestRunner.run(JUnitTestRunner.java:520)
	at org.apache.tools.ant.taskdefs.optional.junit.JUnitTask.executeInVM(JUnitTask.java:1478)
	at org.apache.tools.ant.taskdefs.optional.junit.JUnitTask.execute(JUnitTask.java:860)
	at org.apache.tools.ant.taskdefs.optional.junit.JUnitTask.executeOrQueue(JUnitTask.java:1968)
	at org.apache.tools.ant.taskdefs.optional.junit.JUnitTask.execute1(JUnitTask.java:812)
	at org.apache.tools.ant.taskdefs.optional.junit.JUnitTask.execute(JUnitTask.java:2271)
	at org.apache.tools.ant.UnknownElement.execute(UnknownElement.java:291)
	at sun.reflect.GeneratedMethodAccessor4.invoke(Unknown Source)
	at sun.reflect.DelegatingMethodAccessorImpl.invoke(DelegatingMethodAccessorImpl.java:43)
	at java.lang.reflect.Method.invoke(Method.java:606)
	at org.apache.tools.ant.dispatch.DispatchUtils.execute(DispatchUtils.java:106)
	at org.apache.tools.ant.Task.perform(Task.java:348)
	at org.apache.tools.ant.Target.execute(Target.java:392)
	at org.apache.tools.ant.Target.performTasks(Target.java:413)
	at org.apache.tools.ant.Project.executeSortedTargets(Project.java:1399)
	at org.apache.tools.ant.Project.executeTarget(Project.java:1368)
	at org.apache.tools.ant.helper.DefaultExecutor.executeTargets(DefaultExecutor.java:41)
	at org.apache.tools.ant.Project.executeTargets(Project.java:1251)
	at org.apache.tools.ant.Main.runBuild(Main.java:811)
	at org.apache.tools.ant.Main.startAnt(Main.java:217)
	at org.apache.tools.ant.launch.Launcher.run(Launcher.java:280)
	at org.apache.tools.ant.launch.Launcher.main(Launcher.java:109)
Caused by: java.lang.RuntimeException: java.lang.ArithmeticException: / by zero
	at com.google.javascript.jscomp.Compiler.runCallable(Compiler.java:628)
	at com.google.javascript.jscomp.Compiler.runInCompilerThread(Compiler.java:573)
	at com.google.javascript.jscomp.Compiler.toSource(Compiler.java:1464)
	at com.google.javascript.jscomp.Compiler$5.call(Compiler.java:1359)
	at com.google.javascript.jscomp.Compiler$5.call(Compiler.java:1348)
	at com.google.javascript.jscomp.Compiler$2.run(Compiler.java:600)
	at java.lang.Thread.run(Thread.java:745)
Caused by: java.lang.ArithmeticException: / by zero
	at com.google.javascript.jscomp.SourceMap.addMapping(SourceMap.java:144)
	at com.google.javascript.jscomp.CodePrinter$MappedCodePrinter.generateSourceMap(CodePrinter.java:131)
	at com.google.javascript.jscomp.CodePrinter.toSource(CodePrinter.java:640)
	at com.google.javascript.jscomp.CodePrinter.access$100(CodePrinter.java:35)
	at com.google.javascript.jscomp.CodePrinter$Builder.build(CodePrinter.java:595)
	at com.google.javascript.jscomp.Compiler.toSource(Compiler.java:1552)
	at com.google.javascript.jscomp.Compiler.access$400(Compiler.java:69)
	at com.google.javascript.jscomp.Compiler$9.call(Compiler.java:1503)
	at com.google.javascript.jscomp.Compiler$9.call(Compiler.java:1464)
	... 2 more
--- com.google.debugging.sourcemap.SourceMapGeneratorV2Test::testGoldenOutput0
java.lang.RuntimeException: java.lang.RuntimeException: java.lang.ArithmeticException: / by zero
	at com.google.javascript.jscomp.Compiler.runCallable(Compiler.java:628)
	at com.google.javascript.jscomp.Compiler.runInCompilerThread(Compiler.java:573)
	at com.google.javascript.jscomp.Compiler.toSource(Compiler.java:1348)
	at com.google.debugging.sourcemap.SourceMapTestCase.compile(SourceMapTestCase.java:301)
	at com.google.debugging.sourcemap.SourceMapTestCase.compile(SourceMapTestCase.java:271)
	at com.google.debugging.sourcemap.SourceMapTestCase.checkSourceMap(SourceMapTestCase.java:95)
	at com.google.debugging.sourcemap.SourceMapTestCase.checkSourceMap(SourceMapTestCase.java:84)
	at com.google.debugging.sourcemap.SourceMapGeneratorV2Test.testGoldenOutput0(SourceMapGeneratorV2Test.java:128)
	at sun.reflect.NativeMethodAccessorImpl.invoke0(Native Method)
	at sun.reflect.NativeMethodAccessorImpl.invoke(NativeMethodAccessorImpl.java:57)
	at sun.reflect.DelegatingMethodAccessorImpl.invoke(DelegatingMethodAccessorImpl.java:43)
	at java.lang.reflect.Method.invoke(Method.java:606)
	at junit.framework.TestCase.runTest(TestCase.java:176)
	at junit.framework.TestCase.runBare(TestCase.java:141)
	at junit.framework.TestResult$1.protect(TestResult.java:122)
	at junit.framework.TestResult.runProtected(TestResult.java:142)
	at junit.framework.TestResult.run(TestResult.java:125)
	at junit.framework.TestCase.run(TestCase.java:129)
	at junit.framework.TestSuite.runTest(TestSuite.java:255)
	at junit.framework.TestSuite.run(TestSuite.java:250)
	at org.apache.tools.ant.taskdefs.optional.junit.JUnitTestRunner.run(JUnitTestRunner.java:520)
	at org.apache.tools.ant.taskdefs.optional.junit.JUnitTask.executeInVM(JUnitTask.java:1478)
	at org.apache.tools.ant.taskdefs.optional.junit.JUnitTask.execute(JUnitTask.java:860)
	at org.apache.tools.ant.taskdefs.optional.junit.JUnitTask.executeOrQueue(JUnitTask.java:1968)
	at org.apache.tools.ant.taskdefs.optional.junit.JUnitTask.execute1(JUnitTask.java:812)
	at org.apache.tools.ant.taskdefs.optional.junit.JUnitTask.execute(JUnitTask.java:2271)
	at org.apache.tools.ant.UnknownElement.execute(UnknownElement.java:291)
	at sun.reflect.GeneratedMethodAccessor4.invoke(Unknown Source)
	at sun.reflect.DelegatingMethodAccessorImpl.invoke(DelegatingMethodAccessorImpl.java:43)
	at java.lang.reflect.Method.invoke(Method.java:606)
	at org.apache.tools.ant.dispatch.DispatchUtils.execute(DispatchUtils.java:106)
	at org.apache.tools.ant.Task.perform(Task.java:348)
	at org.apache.tools.ant.Target.execute(Target.java:392)
	at org.apache.tools.ant.Target.performTasks(Target.java:413)
	at org.apache.tools.ant.Project.executeSortedTargets(Project.java:1399)
	at org.apache.tools.ant.Project.executeTarget(Project.java:1368)
	at org.apache.tools.ant.helper.DefaultExecutor.executeTargets(DefaultExecutor.java:41)
	at org.apache.tools.ant.Project.executeTargets(Project.java:1251)
	at org.apache.tools.ant.Main.runBuild(Main.java:811)
	at org.apache.tools.ant.Main.startAnt(Main.java:217)
	at org.apache.tools.ant.launch.Launcher.run(Launcher.java:280)
	at org.apache.tools.ant.launch.Launcher.main(Launcher.java:109)
Caused by: java.lang.RuntimeException: java.lang.ArithmeticException: / by zero
	at com.google.javascript.jscomp.Compiler.runCallable(Compiler.java:628)
	at com.google.javascript.jscomp.Compiler.runInCompilerThread(Compiler.java:573)
	at com.google.javascript.jscomp.Compiler.toSource(Compiler.java:1464)
	at com.google.javascript.jscomp.Compiler$5.call(Compiler.java:1359)
	at com.google.javascript.jscomp.Compiler$5.call(Compiler.java:1348)
	at com.google.javascript.jscomp.Compiler$2.run(Compiler.java:600)
	at java.lang.Thread.run(Thread.java:745)
Caused by: java.lang.ArithmeticException: / by zero
	at com.google.javascript.jscomp.SourceMap.addMapping(SourceMap.java:144)
	at com.google.javascript.jscomp.CodePrinter$MappedCodePrinter.generateSourceMap(CodePrinter.java:131)
	at com.google.javascript.jscomp.CodePrinter.toSource(CodePrinter.java:640)
	at com.google.javascript.jscomp.CodePrinter.access$100(CodePrinter.java:35)
	at com.google.javascript.jscomp.CodePrinter$Builder.build(CodePrinter.java:595)
	at com.google.javascript.jscomp.Compiler.toSource(Compiler.java:1552)
	at com.google.javascript.jscomp.Compiler.access$400(Compiler.java:69)
	at com.google.javascript.jscomp.Compiler$9.call(Compiler.java:1503)
	at com.google.javascript.jscomp.Compiler$9.call(Compiler.java:1464)
	... 2 more
--- com.google.debugging.sourcemap.SourceMapGeneratorV2Test::testGoldenOutput1
java.lang.RuntimeException: java.lang.RuntimeException: java.lang.ArithmeticException: / by zero
	at com.google.javascript.jscomp.Compiler.runCallable(Compiler.java:628)
	at com.google.javascript.jscomp.Compiler.runInCompilerThread(Compiler.java:573)
	at com.google.javascript.jscomp.Compiler.toSource(Compiler.java:1348)
	at com.google.debugging.sourcemap.SourceMapTestCase.compile(SourceMapTestCase.java:301)
	at com.google.debugging.sourcemap.SourceMapTestCase.compile(SourceMapTestCase.java:271)
	at com.google.debugging.sourcemap.SourceMapTestCase.checkSourceMap(SourceMapTestCase.java:95)
	at com.google.debugging.sourcemap.SourceMapTestCase.checkSourceMap(SourceMapTestCase.java:84)
	at com.google.debugging.sourcemap.SourceMapGeneratorV2Test.testGoldenOutput1(SourceMapGeneratorV2Test.java:144)
	at sun.reflect.NativeMethodAccessorImpl.invoke0(Native Method)
	at sun.reflect.NativeMethodAccessorImpl.invoke(NativeMethodAccessorImpl.java:57)
	at sun.reflect.DelegatingMethodAccessorImpl.invoke(DelegatingMethodAccessorImpl.java:43)
	at java.lang.reflect.Method.invoke(Method.java:606)
	at junit.framework.TestCase.runTest(TestCase.java:176)
	at junit.framework.TestCase.runBare(TestCase.java:141)
	at junit.framework.TestResult$1.protect(TestResult.java:122)
	at junit.framework.TestResult.runProtected(TestResult.java:142)
	at junit.framework.TestResult.run(TestResult.java:125)
	at junit.framework.TestCase.run(TestCase.java:129)
	at junit.framework.TestSuite.runTest(TestSuite.java:255)
	at junit.framework.TestSuite.run(TestSuite.java:250)
	at org.apache.tools.ant.taskdefs.optional.junit.JUnitTestRunner.run(JUnitTestRunner.java:520)
	at org.apache.tools.ant.taskdefs.optional.junit.JUnitTask.executeInVM(JUnitTask.java:1478)
	at org.apache.tools.ant.taskdefs.optional.junit.JUnitTask.execute(JUnitTask.java:860)
	at org.apache.tools.ant.taskdefs.optional.junit.JUnitTask.executeOrQueue(JUnitTask.java:1968)
	at org.apache.tools.ant.taskdefs.optional.junit.JUnitTask.execute1(JUnitTask.java:812)
	at org.apache.tools.ant.taskdefs.optional.junit.JUnitTask.execute(JUnitTask.java:2271)
	at org.apache.tools.ant.UnknownElement.execute(UnknownElement.java:291)
	at sun.reflect.GeneratedMethodAccessor4.invoke(Unknown Source)
	at sun.reflect.DelegatingMethodAccessorImpl.invoke(DelegatingMethodAccessorImpl.java:43)
	at java.lang.reflect.Method.invoke(Method.java:606)
	at org.apache.tools.ant.dispatch.DispatchUtils.execute(DispatchUtils.java:106)
	at org.apache.tools.ant.Task.perform(Task.java:348)
	at org.apache.tools.ant.Target.execute(Target.java:392)
	at org.apache.tools.ant.Target.performTasks(Target.java:413)
	at org.apache.tools.ant.Project.executeSortedTargets(Project.java:1399)
	at org.apache.tools.ant.Project.executeTarget(Project.java:1368)
	at org.apache.tools.ant.helper.DefaultExecutor.executeTargets(DefaultExecutor.java:41)
	at org.apache.tools.ant.Project.executeTargets(Project.java:1251)
	at org.apache.tools.ant.Main.runBuild(Main.java:811)
	at org.apache.tools.ant.Main.startAnt(Main.java:217)
	at org.apache.tools.ant.launch.Launcher.run(Launcher.java:280)
	at org.apache.tools.ant.launch.Launcher.main(Launcher.java:109)
Caused by: java.lang.RuntimeException: java.lang.ArithmeticException: / by zero
	at com.google.javascript.jscomp.Compiler.runCallable(Compiler.java:628)
	at com.google.javascript.jscomp.Compiler.runInCompilerThread(Compiler.java:573)
	at com.google.javascript.jscomp.Compiler.toSource(Compiler.java:1464)
	at com.google.javascript.jscomp.Compiler$5.call(Compiler.java:1359)
	at com.google.javascript.jscomp.Compiler$5.call(Compiler.java:1348)
	at com.google.javascript.jscomp.Compiler$2.run(Compiler.java:600)
	at java.lang.Thread.run(Thread.java:745)
Caused by: java.lang.ArithmeticException: / by zero
	at com.google.javascript.jscomp.SourceMap.addMapping(SourceMap.java:144)
	at com.google.javascript.jscomp.CodePrinter$MappedCodePrinter.generateSourceMap(CodePrinter.java:131)
	at com.google.javascript.jscomp.CodePrinter.toSource(CodePrinter.java:640)
	at com.google.javascript.jscomp.CodePrinter.access$100(CodePrinter.java:35)
	at com.google.javascript.jscomp.CodePrinter$Builder.build(CodePrinter.java:595)
	at com.google.javascript.jscomp.Compiler.toSource(Compiler.java:1552)
	at com.google.javascript.jscomp.Compiler.access$400(Compiler.java:69)
	at com.google.javascript.jscomp.Compiler$9.call(Compiler.java:1503)
	at com.google.javascript.jscomp.Compiler$9.call(Compiler.java:1464)
	... 2 more
--- com.google.debugging.sourcemap.SourceMapGeneratorV2Test::testGoldenOutput2
java.lang.RuntimeException: java.lang.RuntimeException: java.lang.ArithmeticException: / by zero
	at com.google.javascript.jscomp.Compiler.runCallable(Compiler.java:628)
	at com.google.javascript.jscomp.Compiler.runInCompilerThread(Compiler.java:573)
	at com.google.javascript.jscomp.Compiler.toSource(Compiler.java:1348)
	at com.google.debugging.sourcemap.SourceMapTestCase.compile(SourceMapTestCase.java:301)
	at com.google.debugging.sourcemap.SourceMapTestCase.compile(SourceMapTestCase.java:271)
	at com.google.debugging.sourcemap.SourceMapTestCase.checkSourceMap(SourceMapTestCase.java:95)
	at com.google.debugging.sourcemap.SourceMapTestCase.checkSourceMap(SourceMapTestCase.java:84)
	at com.google.debugging.sourcemap.SourceMapGeneratorV2Test.testGoldenOutput2(SourceMapGeneratorV2Test.java:194)
	at sun.reflect.NativeMethodAccessorImpl.invoke0(Native Method)
	at sun.reflect.NativeMethodAccessorImpl.invoke(NativeMethodAccessorImpl.java:57)
	at sun.reflect.DelegatingMethodAccessorImpl.invoke(DelegatingMethodAccessorImpl.java:43)
	at java.lang.reflect.Method.invoke(Method.java:606)
	at junit.framework.TestCase.runTest(TestCase.java:176)
	at junit.framework.TestCase.runBare(TestCase.java:141)
	at junit.framework.TestResult$1.protect(TestResult.java:122)
	at junit.framework.TestResult.runProtected(TestResult.java:142)
	at junit.framework.TestResult.run(TestResult.java:125)
	at junit.framework.TestCase.run(TestCase.java:129)
	at junit.framework.TestSuite.runTest(TestSuite.java:255)
	at junit.framework.TestSuite.run(TestSuite.java:250)
	at org.apache.tools.ant.taskdefs.optional.junit.JUnitTestRunner.run(JUnitTestRunner.java:520)
	at org.apache.tools.ant.taskdefs.optional.junit.JUnitTask.executeInVM(JUnitTask.java:1478)
	at org.apache.tools.ant.taskdefs.optional.junit.JUnitTask.execute(JUnitTask.java:860)
	at org.apache.tools.ant.taskdefs.optional.junit.JUnitTask.executeOrQueue(JUnitTask.java:1968)
	at org.apache.tools.ant.taskdefs.optional.junit.JUnitTask.execute1(JUnitTask.java:812)
	at org.apache.tools.ant.taskdefs.optional.junit.JUnitTask.execute(JUnitTask.java:2271)
	at org.apache.tools.ant.UnknownElement.execute(UnknownElement.java:291)
	at sun.reflect.GeneratedMethodAccessor4.invoke(Unknown Source)
	at sun.reflect.DelegatingMethodAccessorImpl.invoke(DelegatingMethodAccessorImpl.java:43)
	at java.lang.reflect.Method.invoke(Method.java:606)
	at org.apache.tools.ant.dispatch.DispatchUtils.execute(DispatchUtils.java:106)
	at org.apache.tools.ant.Task.perform(Task.java:348)
	at org.apache.tools.ant.Target.execute(Target.java:392)
	at org.apache.tools.ant.Target.performTasks(Target.java:413)
	at org.apache.tools.ant.Project.executeSortedTargets(Project.java:1399)
	at org.apache.tools.ant.Project.executeTarget(Project.java:1368)
	at org.apache.tools.ant.helper.DefaultExecutor.executeTargets(DefaultExecutor.java:41)
	at org.apache.tools.ant.Project.executeTargets(Project.java:1251)
	at org.apache.tools.ant.Main.runBuild(Main.java:811)
	at org.apache.tools.ant.Main.startAnt(Main.java:217)
	at org.apache.tools.ant.launch.Launcher.run(Launcher.java:280)
	at org.apache.tools.ant.launch.Launcher.main(Launcher.java:109)
Caused by: java.lang.RuntimeException: java.lang.ArithmeticException: / by zero
	at com.google.javascript.jscomp.Compiler.runCallable(Compiler.java:628)
	at com.google.javascript.jscomp.Compiler.runInCompilerThread(Compiler.java:573)
	at com.google.javascript.jscomp.Compiler.toSource(Compiler.java:1464)
	at com.google.javascript.jscomp.Compiler$5.call(Compiler.java:1359)
	at com.google.javascript.jscomp.Compiler$5.call(Compiler.java:1348)
	at com.google.javascript.jscomp.Compiler$2.run(Compiler.java:600)
	at java.lang.Thread.run(Thread.java:745)
Caused by: java.lang.ArithmeticException: / by zero
	at com.google.javascript.jscomp.SourceMap.addMapping(SourceMap.java:144)
	at com.google.javascript.jscomp.CodePrinter$MappedCodePrinter.generateSourceMap(CodePrinter.java:131)
	at com.google.javascript.jscomp.CodePrinter.toSource(CodePrinter.java:640)
	at com.google.javascript.jscomp.CodePrinter.access$100(CodePrinter.java:35)
	at com.google.javascript.jscomp.CodePrinter$Builder.build(CodePrinter.java:595)
	at com.google.javascript.jscomp.Compiler.toSource(Compiler.java:1552)
	at com.google.javascript.jscomp.Compiler.access$400(Compiler.java:69)
	at com.google.javascript.jscomp.Compiler$9.call(Compiler.java:1503)
	at com.google.javascript.jscomp.Compiler$9.call(Compiler.java:1464)
	... 2 more
--- com.google.debugging.sourcemap.SourceMapGeneratorV2Test::testGoldenOutput3
java.lang.RuntimeException: java.lang.RuntimeException: java.lang.ArithmeticException: / by zero
	at com.google.javascript.jscomp.Compiler.runCallable(Compiler.java:628)
	at com.google.javascript.jscomp.Compiler.runInCompilerThread(Compiler.java:573)
	at com.google.javascript.jscomp.Compiler.toSource(Compiler.java:1348)
	at com.google.debugging.sourcemap.SourceMapTestCase.compile(SourceMapTestCase.java:301)
	at com.google.debugging.sourcemap.SourceMapTestCase.compile(SourceMapTestCase.java:271)
	at com.google.debugging.sourcemap.SourceMapTestCase.checkSourceMap(SourceMapTestCase.java:95)
	at com.google.debugging.sourcemap.SourceMapGeneratorV2Test.testGoldenOutput3(SourceMapGeneratorV2Test.java:223)
	at sun.reflect.NativeMethodAccessorImpl.invoke0(Native Method)
	at sun.reflect.NativeMethodAccessorImpl.invoke(NativeMethodAccessorImpl.java:57)
	at sun.reflect.DelegatingMethodAccessorImpl.invoke(DelegatingMethodAccessorImpl.java:43)
	at java.lang.reflect.Method.invoke(Method.java:606)
	at junit.framework.TestCase.runTest(TestCase.java:176)
	at junit.framework.TestCase.runBare(TestCase.java:141)
	at junit.framework.TestResult$1.protect(TestResult.java:122)
	at junit.framework.TestResult.runProtected(TestResult.java:142)
	at junit.framework.TestResult.run(TestResult.java:125)
	at junit.framework.TestCase.run(TestCase.java:129)
	at junit.framework.TestSuite.runTest(TestSuite.java:255)
	at junit.framework.TestSuite.run(TestSuite.java:250)
	at org.apache.tools.ant.taskdefs.optional.junit.JUnitTestRunner.run(JUnitTestRunner.java:520)
	at org.apache.tools.ant.taskdefs.optional.junit.JUnitTask.executeInVM(JUnitTask.java:1478)
	at org.apache.tools.ant.taskdefs.optional.junit.JUnitTask.execute(JUnitTask.java:860)
	at org.apache.tools.ant.taskdefs.optional.junit.JUnitTask.executeOrQueue(JUnitTask.java:1968)
	at org.apache.tools.ant.taskdefs.optional.junit.JUnitTask.execute1(JUnitTask.java:812)
	at org.apache.tools.ant.taskdefs.optional.junit.JUnitTask.execute(JUnitTask.java:2271)
	at org.apache.tools.ant.UnknownElement.execute(UnknownElement.java:291)
	at sun.reflect.GeneratedMethodAccessor4.invoke(Unknown Source)
	at sun.reflect.DelegatingMethodAccessorImpl.invoke(DelegatingMethodAccessorImpl.java:43)
	at java.lang.reflect.Method.invoke(Method.java:606)
	at org.apache.tools.ant.dispatch.DispatchUtils.execute(DispatchUtils.java:106)
	at org.apache.tools.ant.Task.perform(Task.java:348)
	at org.apache.tools.ant.Target.execute(Target.java:392)
	at org.apache.tools.ant.Target.performTasks(Target.java:413)
	at org.apache.tools.ant.Project.executeSortedTargets(Project.java:1399)
	at org.apache.tools.ant.Project.executeTarget(Project.java:1368)
	at org.apache.tools.ant.helper.DefaultExecutor.executeTargets(DefaultExecutor.java:41)
	at org.apache.tools.ant.Project.executeTargets(Project.java:1251)
	at org.apache.tools.ant.Main.runBuild(Main.java:811)
	at org.apache.tools.ant.Main.startAnt(Main.java:217)
	at org.apache.tools.ant.launch.Launcher.run(Launcher.java:280)
	at org.apache.tools.ant.launch.Launcher.main(Launcher.java:109)
Caused by: java.lang.RuntimeException: java.lang.ArithmeticException: / by zero
	at com.google.javascript.jscomp.Compiler.runCallable(Compiler.java:628)
	at com.google.javascript.jscomp.Compiler.runInCompilerThread(Compiler.java:573)
	at com.google.javascript.jscomp.Compiler.toSource(Compiler.java:1464)
	at com.google.javascript.jscomp.Compiler$5.call(Compiler.java:1359)
	at com.google.javascript.jscomp.Compiler$5.call(Compiler.java:1348)
	at com.google.javascript.jscomp.Compiler$2.run(Compiler.java:600)
	at java.lang.Thread.run(Thread.java:745)
Caused by: java.lang.ArithmeticException: / by zero
	at com.google.javascript.jscomp.SourceMap.addMapping(SourceMap.java:144)
	at com.google.javascript.jscomp.CodePrinter$MappedCodePrinter.generateSourceMap(CodePrinter.java:131)
	at com.google.javascript.jscomp.CodePrinter.toSource(CodePrinter.java:640)
	at com.google.javascript.jscomp.CodePrinter.access$100(CodePrinter.java:35)
	at com.google.javascript.jscomp.CodePrinter$Builder.build(CodePrinter.java:595)
	at com.google.javascript.jscomp.Compiler.toSource(Compiler.java:1552)
	at com.google.javascript.jscomp.Compiler.access$400(Compiler.java:69)
	at com.google.javascript.jscomp.Compiler$9.call(Compiler.java:1503)
	at com.google.javascript.jscomp.Compiler$9.call(Compiler.java:1464)
	... 2 more
--- com.google.debugging.sourcemap.SourceMapGeneratorV2Test::testGoldenOutput4
java.lang.RuntimeException: java.lang.RuntimeException: java.lang.ArithmeticException: / by zero
	at com.google.javascript.jscomp.Compiler.runCallable(Compiler.java:628)
	at com.google.javascript.jscomp.Compiler.runInCompilerThread(Compiler.java:573)
	at com.google.javascript.jscomp.Compiler.toSource(Compiler.java:1348)
	at com.google.debugging.sourcemap.SourceMapTestCase.compile(SourceMapTestCase.java:301)
	at com.google.debugging.sourcemap.SourceMapTestCase.compile(SourceMapTestCase.java:271)
	at com.google.debugging.sourcemap.SourceMapTestCase.checkSourceMap(SourceMapTestCase.java:95)
	at com.google.debugging.sourcemap.SourceMapGeneratorV2Test.testGoldenOutput4(SourceMapGeneratorV2Test.java:239)
	at sun.reflect.NativeMethodAccessorImpl.invoke0(Native Method)
	at sun.reflect.NativeMethodAccessorImpl.invoke(NativeMethodAccessorImpl.java:57)
	at sun.reflect.DelegatingMethodAccessorImpl.invoke(DelegatingMethodAccessorImpl.java:43)
	at java.lang.reflect.Method.invoke(Method.java:606)
	at junit.framework.TestCase.runTest(TestCase.java:176)
	at junit.framework.TestCase.runBare(TestCase.java:141)
	at junit.framework.TestResult$1.protect(TestResult.java:122)
	at junit.framework.TestResult.runProtected(TestResult.java:142)
	at junit.framework.TestResult.run(TestResult.java:125)
	at junit.framework.TestCase.run(TestCase.java:129)
	at junit.framework.TestSuite.runTest(TestSuite.java:255)
	at junit.framework.TestSuite.run(TestSuite.java:250)
	at org.apache.tools.ant.taskdefs.optional.junit.JUnitTestRunner.run(JUnitTestRunner.java:520)
	at org.apache.tools.ant.taskdefs.optional.junit.JUnitTask.executeInVM(JUnitTask.java:1478)
	at org.apache.tools.ant.taskdefs.optional.junit.JUnitTask.execute(JUnitTask.java:860)
	at org.apache.tools.ant.taskdefs.optional.junit.JUnitTask.executeOrQueue(JUnitTask.java:1968)
	at org.apache.tools.ant.taskdefs.optional.junit.JUnitTask.execute1(JUnitTask.java:812)
	at org.apache.tools.ant.taskdefs.optional.junit.JUnitTask.execute(JUnitTask.java:2271)
	at org.apache.tools.ant.UnknownElement.execute(UnknownElement.java:291)
	at sun.reflect.GeneratedMethodAccessor4.invoke(Unknown Source)
	at sun.reflect.DelegatingMethodAccessorImpl.invoke(DelegatingMethodAccessorImpl.java:43)
	at java.lang.reflect.Method.invoke(Method.java:606)
	at org.apache.tools.ant.dispatch.DispatchUtils.execute(DispatchUtils.java:106)
	at org.apache.tools.ant.Task.perform(Task.java:348)
	at org.apache.tools.ant.Target.execute(Target.java:392)
	at org.apache.tools.ant.Target.performTasks(Target.java:413)
	at org.apache.tools.ant.Project.executeSortedTargets(Project.java:1399)
	at org.apache.tools.ant.Project.executeTarget(Project.java:1368)
	at org.apache.tools.ant.helper.DefaultExecutor.executeTargets(DefaultExecutor.java:41)
	at org.apache.tools.ant.Project.executeTargets(Project.java:1251)
	at org.apache.tools.ant.Main.runBuild(Main.java:811)
	at org.apache.tools.ant.Main.startAnt(Main.java:217)
	at org.apache.tools.ant.launch.Launcher.run(Launcher.java:280)
	at org.apache.tools.ant.launch.Launcher.main(Launcher.java:109)
Caused by: java.lang.RuntimeException: java.lang.ArithmeticException: / by zero
	at com.google.javascript.jscomp.Compiler.runCallable(Compiler.java:628)
	at com.google.javascript.jscomp.Compiler.runInCompilerThread(Compiler.java:573)
	at com.google.javascript.jscomp.Compiler.toSource(Compiler.java:1464)
	at com.google.javascript.jscomp.Compiler$5.call(Compiler.java:1359)
	at com.google.javascript.jscomp.Compiler$5.call(Compiler.java:1348)
	at com.google.javascript.jscomp.Compiler$2.run(Compiler.java:600)
	at java.lang.Thread.run(Thread.java:745)
Caused by: java.lang.ArithmeticException: / by zero
	at com.google.javascript.jscomp.SourceMap.addMapping(SourceMap.java:144)
	at com.google.javascript.jscomp.CodePrinter$MappedCodePrinter.generateSourceMap(CodePrinter.java:131)
	at com.google.javascript.jscomp.CodePrinter.toSource(CodePrinter.java:640)
	at com.google.javascript.jscomp.CodePrinter.access$100(CodePrinter.java:35)
	at com.google.javascript.jscomp.CodePrinter$Builder.build(CodePrinter.java:595)
	at com.google.javascript.jscomp.Compiler.toSource(Compiler.java:1552)
	at com.google.javascript.jscomp.Compiler.access$400(Compiler.java:69)
	at com.google.javascript.jscomp.Compiler$9.call(Compiler.java:1503)
	at com.google.javascript.jscomp.Compiler$9.call(Compiler.java:1464)
	... 2 more
--- com.google.debugging.sourcemap.SourceMapGeneratorV2Test::testGoldenOutput5
java.lang.RuntimeException: java.lang.RuntimeException: java.lang.ArithmeticException: / by zero
	at com.google.javascript.jscomp.Compiler.runCallable(Compiler.java:628)
	at com.google.javascript.jscomp.Compiler.runInCompilerThread(Compiler.java:573)
	at com.google.javascript.jscomp.Compiler.toSource(Compiler.java:1348)
	at com.google.debugging.sourcemap.SourceMapTestCase.compile(SourceMapTestCase.java:301)
	at com.google.debugging.sourcemap.SourceMapTestCase.compile(SourceMapTestCase.java:271)
	at com.google.debugging.sourcemap.SourceMapTestCase.checkSourceMap(SourceMapTestCase.java:95)
	at com.google.debugging.sourcemap.SourceMapGeneratorV2Test.testGoldenOutput5(SourceMapGeneratorV2Test.java:259)
	at sun.reflect.NativeMethodAccessorImpl.invoke0(Native Method)
	at sun.reflect.NativeMethodAccessorImpl.invoke(NativeMethodAccessorImpl.java:57)
	at sun.reflect.DelegatingMethodAccessorImpl.invoke(DelegatingMethodAccessorImpl.java:43)
	at java.lang.reflect.Method.invoke(Method.java:606)
	at junit.framework.TestCase.runTest(TestCase.java:176)
	at junit.framework.TestCase.runBare(TestCase.java:141)
	at junit.framework.TestResult$1.protect(TestResult.java:122)
	at junit.framework.TestResult.runProtected(TestResult.java:142)
	at junit.framework.TestResult.run(TestResult.java:125)
	at junit.framework.TestCase.run(TestCase.java:129)
	at junit.framework.TestSuite.runTest(TestSuite.java:255)
	at junit.framework.TestSuite.run(TestSuite.java:250)
	at org.apache.tools.ant.taskdefs.optional.junit.JUnitTestRunner.run(JUnitTestRunner.java:520)
	at org.apache.tools.ant.taskdefs.optional.junit.JUnitTask.executeInVM(JUnitTask.java:1478)
	at org.apache.tools.ant.taskdefs.optional.junit.JUnitTask.execute(JUnitTask.java:860)
	at org.apache.tools.ant.taskdefs.optional.junit.JUnitTask.executeOrQueue(JUnitTask.java:1968)
	at org.apache.tools.ant.taskdefs.optional.junit.JUnitTask.execute1(JUnitTask.java:812)
	at org.apache.tools.ant.taskdefs.optional.junit.JUnitTask.execute(JUnitTask.java:2271)
	at org.apache.tools.ant.UnknownElement.execute(UnknownElement.java:291)
	at sun.reflect.GeneratedMethodAccessor4.invoke(Unknown Source)
	at sun.reflect.DelegatingMethodAccessorImpl.invoke(DelegatingMethodAccessorImpl.java:43)
	at java.lang.reflect.Method.invoke(Method.java:606)
	at org.apache.tools.ant.dispatch.DispatchUtils.execute(DispatchUtils.java:106)
	at org.apache.tools.ant.Task.perform(Task.java:348)
	at org.apache.tools.ant.Target.execute(Target.java:392)
	at org.apache.tools.ant.Target.performTasks(Target.java:413)
	at org.apache.tools.ant.Project.executeSortedTargets(Project.java:1399)
	at org.apache.tools.ant.Project.executeTarget(Project.java:1368)
	at org.apache.tools.ant.helper.DefaultExecutor.executeTargets(DefaultExecutor.java:41)
	at org.apache.tools.ant.Project.executeTargets(Project.java:1251)
	at org.apache.tools.ant.Main.runBuild(Main.java:811)
	at org.apache.tools.ant.Main.startAnt(Main.java:217)
	at org.apache.tools.ant.launch.Launcher.run(Launcher.java:280)
	at org.apache.tools.ant.launch.Launcher.main(Launcher.java:109)
Caused by: java.lang.RuntimeException: java.lang.ArithmeticException: / by zero
	at com.google.javascript.jscomp.Compiler.runCallable(Compiler.java:628)
	at com.google.javascript.jscomp.Compiler.runInCompilerThread(Compiler.java:573)
	at com.google.javascript.jscomp.Compiler.toSource(Compiler.java:1464)
	at com.google.javascript.jscomp.Compiler$5.call(Compiler.java:1359)
	at com.google.javascript.jscomp.Compiler$5.call(Compiler.java:1348)
	at com.google.javascript.jscomp.Compiler$2.run(Compiler.java:600)
	at java.lang.Thread.run(Thread.java:745)
Caused by: java.lang.ArithmeticException: / by zero
	at com.google.javascript.jscomp.SourceMap.addMapping(SourceMap.java:144)
	at com.google.javascript.jscomp.CodePrinter$MappedCodePrinter.generateSourceMap(CodePrinter.java:131)
	at com.google.javascript.jscomp.CodePrinter.toSource(CodePrinter.java:640)
	at com.google.javascript.jscomp.CodePrinter.access$100(CodePrinter.java:35)
	at com.google.javascript.jscomp.CodePrinter$Builder.build(CodePrinter.java:595)
	at com.google.javascript.jscomp.Compiler.toSource(Compiler.java:1552)
	at com.google.javascript.jscomp.Compiler.access$400(Compiler.java:69)
	at com.google.javascript.jscomp.Compiler$9.call(Compiler.java:1503)
	at com.google.javascript.jscomp.Compiler$9.call(Compiler.java:1464)
	... 2 more
--- com.google.debugging.sourcemap.SourceMapGeneratorV3Test::testParseSourceMetaMap
junit.framework.AssertionFailedError: expected:<2> but was:<1>
	at junit.framework.Assert.fail(Assert.java:57)
	at junit.framework.Assert.failNotEquals(Assert.java:329)
	at junit.framework.Assert.assertEquals(Assert.java:78)
	at junit.framework.Assert.assertEquals(Assert.java:234)
	at junit.framework.Assert.assertEquals(Assert.java:241)
	at junit.framework.TestCase.assertEquals(TestCase.java:409)
	at com.google.debugging.sourcemap.SourceMapTestCase.check(SourceMapTestCase.java:242)
	at com.google.debugging.sourcemap.SourceMapGeneratorV3Test.testParseSourceMetaMap(SourceMapGeneratorV3Test.java:450)
	at sun.reflect.NativeMethodAccessorImpl.invoke0(Native Method)
	at sun.reflect.NativeMethodAccessorImpl.invoke(NativeMethodAccessorImpl.java:57)
	at sun.reflect.DelegatingMethodAccessorImpl.invoke(DelegatingMethodAccessorImpl.java:43)
	at java.lang.reflect.Method.invoke(Method.java:606)
	at junit.framework.TestCase.runTest(TestCase.java:176)
	at junit.framework.TestCase.runBare(TestCase.java:141)
	at junit.framework.TestResult$1.protect(TestResult.java:122)
	at junit.framework.TestResult.runProtected(TestResult.java:142)
	at junit.framework.TestResult.run(TestResult.java:125)
	at junit.framework.TestCase.run(TestCase.java:129)
	at junit.framework.TestSuite.runTest(TestSuite.java:255)
	at junit.framework.TestSuite.run(TestSuite.java:250)
	at org.apache.tools.ant.taskdefs.optional.junit.JUnitTestRunner.run(JUnitTestRunner.java:520)
	at org.apache.tools.ant.taskdefs.optional.junit.JUnitTask.executeInVM(JUnitTask.java:1478)
	at org.apache.tools.ant.taskdefs.optional.junit.JUnitTask.execute(JUnitTask.java:860)
	at org.apache.tools.ant.taskdefs.optional.junit.JUnitTask.executeOrQueue(JUnitTask.java:1968)
	at org.apache.tools.ant.taskdefs.optional.junit.JUnitTask.execute1(JUnitTask.java:812)
	at org.apache.tools.ant.taskdefs.optional.junit.JUnitTask.execute(JUnitTask.java:2271)
	at org.apache.tools.ant.UnknownElement.execute(UnknownElement.java:291)
	at sun.reflect.GeneratedMethodAccessor4.invoke(Unknown Source)
	at sun.reflect.DelegatingMethodAccessorImpl.invoke(DelegatingMethodAccessorImpl.java:43)
	at java.lang.reflect.Method.invoke(Method.java:606)
	at org.apache.tools.ant.dispatch.DispatchUtils.execute(DispatchUtils.java:106)
	at org.apache.tools.ant.Task.perform(Task.java:348)
	at org.apache.tools.ant.Target.execute(Target.java:392)
	at org.apache.tools.ant.Target.performTasks(Target.java:413)
	at org.apache.tools.ant.Project.executeSortedTargets(Project.java:1399)
	at org.apache.tools.ant.Project.executeTarget(Project.java:1368)
	at org.apache.tools.ant.helper.DefaultExecutor.executeTargets(DefaultExecutor.java:41)
	at org.apache.tools.ant.Project.executeTargets(Project.java:1251)
	at org.apache.tools.ant.Main.runBuild(Main.java:811)
	at org.apache.tools.ant.Main.startAnt(Main.java:217)
	at org.apache.tools.ant.launch.Launcher.run(Launcher.java:280)
	at org.apache.tools.ant.launch.Launcher.main(Launcher.java:109)
--- com.google.debugging.sourcemap.SourceMapGeneratorV3Test::testGoldenOutput0a
junit.framework.ComparisonFailure: expected:<...t":1,
"mappings":"AA[A]AA;",
"sources":["te...> but was:<...t":1,
"mappings":"AA[C]AA;",
"sources":["te...>
	at junit.framework.Assert.assertEquals(Assert.java:100)
	at junit.framework.Assert.assertEquals(Assert.java:107)
	at junit.framework.TestCase.assertEquals(TestCase.java:269)
	at com.google.debugging.sourcemap.SourceMapTestCase.checkSourceMap(SourceMapTestCase.java:96)
	at com.google.debugging.sourcemap.SourceMapTestCase.checkSourceMap(SourceMapTestCase.java:84)
	at com.google.debugging.sourcemap.SourceMapGeneratorV3Test.testGoldenOutput0a(SourceMapGeneratorV3Test.java:134)
	at sun.reflect.NativeMethodAccessorImpl.invoke0(Native Method)
	at sun.reflect.NativeMethodAccessorImpl.invoke(NativeMethodAccessorImpl.java:57)
	at sun.reflect.DelegatingMethodAccessorImpl.invoke(DelegatingMethodAccessorImpl.java:43)
	at java.lang.reflect.Method.invoke(Method.java:606)
	at junit.framework.TestCase.runTest(TestCase.java:176)
	at junit.framework.TestCase.runBare(TestCase.java:141)
	at junit.framework.TestResult$1.protect(TestResult.java:122)
	at junit.framework.TestResult.runProtected(TestResult.java:142)
	at junit.framework.TestResult.run(TestResult.java:125)
	at junit.framework.TestCase.run(TestCase.java:129)
	at junit.framework.TestSuite.runTest(TestSuite.java:255)
	at junit.framework.TestSuite.run(TestSuite.java:250)
	at org.apache.tools.ant.taskdefs.optional.junit.JUnitTestRunner.run(JUnitTestRunner.java:520)
	at org.apache.tools.ant.taskdefs.optional.junit.JUnitTask.executeInVM(JUnitTask.java:1478)
	at org.apache.tools.ant.taskdefs.optional.junit.JUnitTask.execute(JUnitTask.java:860)
	at org.apache.tools.ant.taskdefs.optional.junit.JUnitTask.executeOrQueue(JUnitTask.java:1968)
	at org.apache.tools.ant.taskdefs.optional.junit.JUnitTask.execute1(JUnitTask.java:812)
	at org.apache.tools.ant.taskdefs.optional.junit.JUnitTask.execute(JUnitTask.java:2271)
	at org.apache.tools.ant.UnknownElement.execute(UnknownElement.java:291)
	at sun.reflect.GeneratedMethodAccessor4.invoke(Unknown Source)
	at sun.reflect.DelegatingMethodAccessorImpl.invoke(DelegatingMethodAccessorImpl.java:43)
	at java.lang.reflect.Method.invoke(Method.java:606)
	at org.apache.tools.ant.dispatch.DispatchUtils.execute(DispatchUtils.java:106)
	at org.apache.tools.ant.Task.perform(Task.java:348)
	at org.apache.tools.ant.Target.execute(Target.java:392)
	at org.apache.tools.ant.Target.performTasks(Target.java:413)
	at org.apache.tools.ant.Project.executeSortedTargets(Project.java:1399)
	at org.apache.tools.ant.Project.executeTarget(Project.java:1368)
	at org.apache.tools.ant.helper.DefaultExecutor.executeTargets(DefaultExecutor.java:41)
	at org.apache.tools.ant.Project.executeTargets(Project.java:1251)
	at org.apache.tools.ant.Main.runBuild(Main.java:811)
	at org.apache.tools.ant.Main.startAnt(Main.java:217)
	at org.apache.tools.ant.launch.Launcher.run(Launcher.java:280)
	at org.apache.tools.ant.launch.Launcher.main(Launcher.java:109)
--- com.google.debugging.sourcemap.SourceMapGeneratorV3Test::testMultilineMapping
junit.framework.AssertionFailedError: expected:<2> but was:<1>
	at junit.framework.Assert.fail(Assert.java:57)
	at junit.framework.Assert.failNotEquals(Assert.java:329)
	at junit.framework.Assert.assertEquals(Assert.java:78)
	at junit.framework.Assert.assertEquals(Assert.java:234)
	at junit.framework.Assert.assertEquals(Assert.java:241)
	at junit.framework.TestCase.assertEquals(TestCase.java:409)
	at com.google.debugging.sourcemap.SourceMapTestCase.check(SourceMapTestCase.java:242)
	at com.google.debugging.sourcemap.SourceMapTestCase.check(SourceMapTestCase.java:199)
	at com.google.debugging.sourcemap.SourceMapTestCase.check(SourceMapTestCase.java:193)
	at com.google.debugging.sourcemap.SourceMapTestCase.compileAndCheck(SourceMapTestCase.java:185)
	at com.google.debugging.sourcemap.SourceMapGeneratorV3Test.testMultilineMapping(SourceMapGeneratorV3Test.java:93)
	at sun.reflect.NativeMethodAccessorImpl.invoke0(Native Method)
	at sun.reflect.NativeMethodAccessorImpl.invoke(NativeMethodAccessorImpl.java:57)
	at sun.reflect.DelegatingMethodAccessorImpl.invoke(DelegatingMethodAccessorImpl.java:43)
	at java.lang.reflect.Method.invoke(Method.java:606)
	at junit.framework.TestCase.runTest(TestCase.java:176)
	at junit.framework.TestCase.runBare(TestCase.java:141)
	at junit.framework.TestResult$1.protect(TestResult.java:122)
	at junit.framework.TestResult.runProtected(TestResult.java:142)
	at junit.framework.TestResult.run(TestResult.java:125)
	at junit.framework.TestCase.run(TestCase.java:129)
	at junit.framework.TestSuite.runTest(TestSuite.java:255)
	at junit.framework.TestSuite.run(TestSuite.java:250)
	at org.apache.tools.ant.taskdefs.optional.junit.JUnitTestRunner.run(JUnitTestRunner.java:520)
	at org.apache.tools.ant.taskdefs.optional.junit.JUnitTask.executeInVM(JUnitTask.java:1478)
	at org.apache.tools.ant.taskdefs.optional.junit.JUnitTask.execute(JUnitTask.java:860)
	at org.apache.tools.ant.taskdefs.optional.junit.JUnitTask.executeOrQueue(JUnitTask.java:1968)
	at org.apache.tools.ant.taskdefs.optional.junit.JUnitTask.execute1(JUnitTask.java:812)
	at org.apache.tools.ant.taskdefs.optional.junit.JUnitTask.execute(JUnitTask.java:2271)
	at org.apache.tools.ant.UnknownElement.execute(UnknownElement.java:291)
	at sun.reflect.GeneratedMethodAccessor4.invoke(Unknown Source)
	at sun.reflect.DelegatingMethodAccessorImpl.invoke(DelegatingMethodAccessorImpl.java:43)
	at java.lang.reflect.Method.invoke(Method.java:606)
	at org.apache.tools.ant.dispatch.DispatchUtils.execute(DispatchUtils.java:106)
	at org.apache.tools.ant.Task.perform(Task.java:348)
	at org.apache.tools.ant.Target.execute(Target.java:392)
	at org.apache.tools.ant.Target.performTasks(Target.java:413)
	at org.apache.tools.ant.Project.executeSortedTargets(Project.java:1399)
	at org.apache.tools.ant.Project.executeTarget(Project.java:1368)
	at org.apache.tools.ant.helper.DefaultExecutor.executeTargets(DefaultExecutor.java:41)
	at org.apache.tools.ant.Project.executeTargets(Project.java:1251)
	at org.apache.tools.ant.Main.runBuild(Main.java:811)
	at org.apache.tools.ant.Main.startAnt(Main.java:217)
	at org.apache.tools.ant.launch.Launcher.run(Launcher.java:280)
	at org.apache.tools.ant.launch.Launcher.main(Launcher.java:109)
--- com.google.debugging.sourcemap.SourceMapGeneratorV3Test::testMultiFunctionMapping
junit.framework.AssertionFailedError: expected:<2> but was:<1>
	at junit.framework.Assert.fail(Assert.java:57)
	at junit.framework.Assert.failNotEquals(Assert.java:329)
	at junit.framework.Assert.assertEquals(Assert.java:78)
	at junit.framework.Assert.assertEquals(Assert.java:234)
	at junit.framework.Assert.assertEquals(Assert.java:241)
	at junit.framework.TestCase.assertEquals(TestCase.java:409)
	at com.google.debugging.sourcemap.SourceMapTestCase.check(SourceMapTestCase.java:242)
	at com.google.debugging.sourcemap.SourceMapTestCase.check(SourceMapTestCase.java:199)
	at com.google.debugging.sourcemap.SourceMapTestCase.check(SourceMapTestCase.java:193)
	at com.google.debugging.sourcemap.SourceMapTestCase.compileAndCheck(SourceMapTestCase.java:185)
	at com.google.debugging.sourcemap.SourceMapGeneratorV3Test.testMultiFunctionMapping(SourceMapGeneratorV3Test.java:107)
	at sun.reflect.NativeMethodAccessorImpl.invoke0(Native Method)
	at sun.reflect.NativeMethodAccessorImpl.invoke(NativeMethodAccessorImpl.java:57)
	at sun.reflect.DelegatingMethodAccessorImpl.invoke(DelegatingMethodAccessorImpl.java:43)
	at java.lang.reflect.Method.invoke(Method.java:606)
	at junit.framework.TestCase.runTest(TestCase.java:176)
	at junit.framework.TestCase.runBare(TestCase.java:141)
	at junit.framework.TestResult$1.protect(TestResult.java:122)
	at junit.framework.TestResult.runProtected(TestResult.java:142)
	at junit.framework.TestResult.run(TestResult.java:125)
	at junit.framework.TestCase.run(TestCase.java:129)
	at junit.framework.TestSuite.runTest(TestSuite.java:255)
	at junit.framework.TestSuite.run(TestSuite.java:250)
	at org.apache.tools.ant.taskdefs.optional.junit.JUnitTestRunner.run(JUnitTestRunner.java:520)
	at org.apache.tools.ant.taskdefs.optional.junit.JUnitTask.executeInVM(JUnitTask.java:1478)
	at org.apache.tools.ant.taskdefs.optional.junit.JUnitTask.execute(JUnitTask.java:860)
	at org.apache.tools.ant.taskdefs.optional.junit.JUnitTask.executeOrQueue(JUnitTask.java:1968)
	at org.apache.tools.ant.taskdefs.optional.junit.JUnitTask.execute1(JUnitTask.java:812)
	at org.apache.tools.ant.taskdefs.optional.junit.JUnitTask.execute(JUnitTask.java:2271)
	at org.apache.tools.ant.UnknownElement.execute(UnknownElement.java:291)
	at sun.reflect.GeneratedMethodAccessor4.invoke(Unknown Source)
	at sun.reflect.DelegatingMethodAccessorImpl.invoke(DelegatingMethodAccessorImpl.java:43)
	at java.lang.reflect.Method.invoke(Method.java:606)
	at org.apache.tools.ant.dispatch.DispatchUtils.execute(DispatchUtils.java:106)
	at org.apache.tools.ant.Task.perform(Task.java:348)
	at org.apache.tools.ant.Target.execute(Target.java:392)
	at org.apache.tools.ant.Target.performTasks(Target.java:413)
	at org.apache.tools.ant.Project.executeSortedTargets(Project.java:1399)
	at org.apache.tools.ant.Project.executeTarget(Project.java:1368)
	at org.apache.tools.ant.helper.DefaultExecutor.executeTargets(DefaultExecutor.java:41)
	at org.apache.tools.ant.Project.executeTargets(Project.java:1251)
	at org.apache.tools.ant.Main.runBuild(Main.java:811)
	at org.apache.tools.ant.Main.startAnt(Main.java:217)
	at org.apache.tools.ant.launch.Launcher.run(Launcher.java:280)
	at org.apache.tools.ant.launch.Launcher.main(Launcher.java:109)
--- com.google.debugging.sourcemap.SourceMapGeneratorV3Test::testLiteralMappingsGoldenOutput
junit.framework.ComparisonFailure: expected:<...t":1,
"mappings":"AA[A]AA,QAASA,UAAS,CAACC,...> but was:<...t":1,
"mappings":"AA[C]AA,QAASA,UAAS,CAACC,...>
	at junit.framework.Assert.assertEquals(Assert.java:100)
	at junit.framework.Assert.assertEquals(Assert.java:107)
	at junit.framework.TestCase.assertEquals(TestCase.java:269)
	at com.google.debugging.sourcemap.SourceMapTestCase.checkSourceMap(SourceMapTestCase.java:96)
	at com.google.debugging.sourcemap.SourceMapTestCase.checkSourceMap(SourceMapTestCase.java:84)
	at com.google.debugging.sourcemap.SourceMapGeneratorV3Test.testLiteralMappingsGoldenOutput(SourceMapGeneratorV3Test.java:77)
	at sun.reflect.NativeMethodAccessorImpl.invoke0(Native Method)
	at sun.reflect.NativeMethodAccessorImpl.invoke(NativeMethodAccessorImpl.java:57)
	at sun.reflect.DelegatingMethodAccessorImpl.invoke(DelegatingMethodAccessorImpl.java:43)
	at java.lang.reflect.Method.invoke(Method.java:606)
	at junit.framework.TestCase.runTest(TestCase.java:176)
	at junit.framework.TestCase.runBare(TestCase.java:141)
	at junit.framework.TestResult$1.protect(TestResult.java:122)
	at junit.framework.TestResult.runProtected(TestResult.java:142)
	at junit.framework.TestResult.run(TestResult.java:125)
	at junit.framework.TestCase.run(TestCase.java:129)
	at junit.framework.TestSuite.runTest(TestSuite.java:255)
	at junit.framework.TestSuite.run(TestSuite.java:250)
	at org.apache.tools.ant.taskdefs.optional.junit.JUnitTestRunner.run(JUnitTestRunner.java:520)
	at org.apache.tools.ant.taskdefs.optional.junit.JUnitTask.executeInVM(JUnitTask.java:1478)
	at org.apache.tools.ant.taskdefs.optional.junit.JUnitTask.execute(JUnitTask.java:860)
	at org.apache.tools.ant.taskdefs.optional.junit.JUnitTask.executeOrQueue(JUnitTask.java:1968)
	at org.apache.tools.ant.taskdefs.optional.junit.JUnitTask.execute1(JUnitTask.java:812)
	at org.apache.tools.ant.taskdefs.optional.junit.JUnitTask.execute(JUnitTask.java:2271)
	at org.apache.tools.ant.UnknownElement.execute(UnknownElement.java:291)
	at sun.reflect.GeneratedMethodAccessor4.invoke(Unknown Source)
	at sun.reflect.DelegatingMethodAccessorImpl.invoke(DelegatingMethodAccessorImpl.java:43)
	at java.lang.reflect.Method.invoke(Method.java:606)
	at org.apache.tools.ant.dispatch.DispatchUtils.execute(DispatchUtils.java:106)
	at org.apache.tools.ant.Task.perform(Task.java:348)
	at org.apache.tools.ant.Target.execute(Target.java:392)
	at org.apache.tools.ant.Target.performTasks(Target.java:413)
	at org.apache.tools.ant.Project.executeSortedTargets(Project.java:1399)
	at org.apache.tools.ant.Project.executeTarget(Project.java:1368)
	at org.apache.tools.ant.helper.DefaultExecutor.executeTargets(DefaultExecutor.java:41)
	at org.apache.tools.ant.Project.executeTargets(Project.java:1251)
	at org.apache.tools.ant.Main.runBuild(Main.java:811)
	at org.apache.tools.ant.Main.startAnt(Main.java:217)
	at org.apache.tools.ant.launch.Launcher.run(Launcher.java:280)
	at org.apache.tools.ant.launch.Launcher.main(Launcher.java:109)
--- com.google.debugging.sourcemap.SourceMapGeneratorV3Test::testMultilineMapping2
junit.framework.AssertionFailedError: expected:<2> but was:<1>
	at junit.framework.Assert.fail(Assert.java:57)
	at junit.framework.Assert.failNotEquals(Assert.java:329)
	at junit.framework.Assert.assertEquals(Assert.java:78)
	at junit.framework.Assert.assertEquals(Assert.java:234)
	at junit.framework.Assert.assertEquals(Assert.java:241)
	at junit.framework.TestCase.assertEquals(TestCase.java:409)
	at com.google.debugging.sourcemap.SourceMapTestCase.check(SourceMapTestCase.java:242)
	at com.google.debugging.sourcemap.SourceMapTestCase.check(SourceMapTestCase.java:199)
	at com.google.debugging.sourcemap.SourceMapTestCase.check(SourceMapTestCase.java:193)
	at com.google.debugging.sourcemap.SourceMapTestCase.compileAndCheck(SourceMapTestCase.java:185)
	at com.google.debugging.sourcemap.SourceMapGeneratorV3Test.testMultilineMapping2(SourceMapGeneratorV3Test.java:100)
	at sun.reflect.NativeMethodAccessorImpl.invoke0(Native Method)
	at sun.reflect.NativeMethodAccessorImpl.invoke(NativeMethodAccessorImpl.java:57)
	at sun.reflect.DelegatingMethodAccessorImpl.invoke(DelegatingMethodAccessorImpl.java:43)
	at java.lang.reflect.Method.invoke(Method.java:606)
	at junit.framework.TestCase.runTest(TestCase.java:176)
	at junit.framework.TestCase.runBare(TestCase.java:141)
	at junit.framework.TestResult$1.protect(TestResult.java:122)
	at junit.framework.TestResult.runProtected(TestResult.java:142)
	at junit.framework.TestResult.run(TestResult.java:125)
	at junit.framework.TestCase.run(TestCase.java:129)
	at junit.framework.TestSuite.runTest(TestSuite.java:255)
	at junit.framework.TestSuite.run(TestSuite.java:250)
	at org.apache.tools.ant.taskdefs.optional.junit.JUnitTestRunner.run(JUnitTestRunner.java:520)
	at org.apache.tools.ant.taskdefs.optional.junit.JUnitTask.executeInVM(JUnitTask.java:1478)
	at org.apache.tools.ant.taskdefs.optional.junit.JUnitTask.execute(JUnitTask.java:860)
	at org.apache.tools.ant.taskdefs.optional.junit.JUnitTask.executeOrQueue(JUnitTask.java:1968)
	at org.apache.tools.ant.taskdefs.optional.junit.JUnitTask.execute1(JUnitTask.java:812)
	at org.apache.tools.ant.taskdefs.optional.junit.JUnitTask.execute(JUnitTask.java:2271)
	at org.apache.tools.ant.UnknownElement.execute(UnknownElement.java:291)
	at sun.reflect.GeneratedMethodAccessor4.invoke(Unknown Source)
	at sun.reflect.DelegatingMethodAccessorImpl.invoke(DelegatingMethodAccessorImpl.java:43)
	at java.lang.reflect.Method.invoke(Method.java:606)
	at org.apache.tools.ant.dispatch.DispatchUtils.execute(DispatchUtils.java:106)
	at org.apache.tools.ant.Task.perform(Task.java:348)
	at org.apache.tools.ant.Target.execute(Target.java:392)
	at org.apache.tools.ant.Target.performTasks(Target.java:413)
	at org.apache.tools.ant.Project.executeSortedTargets(Project.java:1399)
	at org.apache.tools.ant.Project.executeTarget(Project.java:1368)
	at org.apache.tools.ant.helper.DefaultExecutor.executeTargets(DefaultExecutor.java:41)
	at org.apache.tools.ant.Project.executeTargets(Project.java:1251)
	at org.apache.tools.ant.Main.runBuild(Main.java:811)
	at org.apache.tools.ant.Main.startAnt(Main.java:217)
	at org.apache.tools.ant.launch.Launcher.run(Launcher.java:280)
	at org.apache.tools.ant.launch.Launcher.main(Launcher.java:109)
--- com.google.debugging.sourcemap.SourceMapGeneratorV3Test::testBasicMappingGoldenOutput
junit.framework.ComparisonFailure: expected:<...t":1,
"mappings":"AA[A]AA,QAASA,UAAS,EAAG;"...> but was:<...t":1,
"mappings":"AA[C]AA,QAASA,UAAS,EAAG;"...>
	at junit.framework.Assert.assertEquals(Assert.java:100)
	at junit.framework.Assert.assertEquals(Assert.java:107)
	at junit.framework.TestCase.assertEquals(TestCase.java:269)
	at com.google.debugging.sourcemap.SourceMapTestCase.checkSourceMap(SourceMapTestCase.java:96)
	at com.google.debugging.sourcemap.SourceMapTestCase.checkSourceMap(SourceMapTestCase.java:84)
	at com.google.debugging.sourcemap.SourceMapGeneratorV3Test.testBasicMappingGoldenOutput(SourceMapGeneratorV3Test.java:54)
	at sun.reflect.NativeMethodAccessorImpl.invoke0(Native Method)
	at sun.reflect.NativeMethodAccessorImpl.invoke(NativeMethodAccessorImpl.java:57)
	at sun.reflect.DelegatingMethodAccessorImpl.invoke(DelegatingMethodAccessorImpl.java:43)
	at java.lang.reflect.Method.invoke(Method.java:606)
	at junit.framework.TestCase.runTest(TestCase.java:176)
	at junit.framework.TestCase.runBare(TestCase.java:141)
	at junit.framework.TestResult$1.protect(TestResult.java:122)
	at junit.framework.TestResult.runProtected(TestResult.java:142)
	at junit.framework.TestResult.run(TestResult.java:125)
	at junit.framework.TestCase.run(TestCase.java:129)
	at junit.framework.TestSuite.runTest(TestSuite.java:255)
	at junit.framework.TestSuite.run(TestSuite.java:250)
	at org.apache.tools.ant.taskdefs.optional.junit.JUnitTestRunner.run(JUnitTestRunner.java:520)
	at org.apache.tools.ant.taskdefs.optional.junit.JUnitTask.executeInVM(JUnitTask.java:1478)
	at org.apache.tools.ant.taskdefs.optional.junit.JUnitTask.execute(JUnitTask.java:860)
	at org.apache.tools.ant.taskdefs.optional.junit.JUnitTask.executeOrQueue(JUnitTask.java:1968)
	at org.apache.tools.ant.taskdefs.optional.junit.JUnitTask.execute1(JUnitTask.java:812)
	at org.apache.tools.ant.taskdefs.optional.junit.JUnitTask.execute(JUnitTask.java:2271)
	at org.apache.tools.ant.UnknownElement.execute(UnknownElement.java:291)
	at sun.reflect.GeneratedMethodAccessor4.invoke(Unknown Source)
	at sun.reflect.DelegatingMethodAccessorImpl.invoke(DelegatingMethodAccessorImpl.java:43)
	at java.lang.reflect.Method.invoke(Method.java:606)
	at org.apache.tools.ant.dispatch.DispatchUtils.execute(DispatchUtils.java:106)
	at org.apache.tools.ant.Task.perform(Task.java:348)
	at org.apache.tools.ant.Target.execute(Target.java:392)
	at org.apache.tools.ant.Target.performTasks(Target.java:413)
	at org.apache.tools.ant.Project.executeSortedTargets(Project.java:1399)
	at org.apache.tools.ant.Project.executeTarget(Project.java:1368)
	at org.apache.tools.ant.helper.DefaultExecutor.executeTargets(DefaultExecutor.java:41)
	at org.apache.tools.ant.Project.executeTargets(Project.java:1251)
	at org.apache.tools.ant.Main.runBuild(Main.java:811)
	at org.apache.tools.ant.Main.startAnt(Main.java:217)
	at org.apache.tools.ant.launch.Launcher.run(Launcher.java:280)
	at org.apache.tools.ant.launch.Launcher.main(Launcher.java:109)
--- com.google.debugging.sourcemap.SourceMapGeneratorV3Test::testSourceMapMerging
junit.framework.AssertionFailedError: expected:<2> but was:<1>
	at junit.framework.Assert.fail(Assert.java:57)
	at junit.framework.Assert.failNotEquals(Assert.java:329)
	at junit.framework.Assert.assertEquals(Assert.java:78)
	at junit.framework.Assert.assertEquals(Assert.java:234)
	at junit.framework.Assert.assertEquals(Assert.java:241)
	at junit.framework.TestCase.assertEquals(TestCase.java:409)
	at com.google.debugging.sourcemap.SourceMapTestCase.check(SourceMapTestCase.java:242)
	at com.google.debugging.sourcemap.SourceMapTestCase.check(SourceMapTestCase.java:199)
	at com.google.debugging.sourcemap.SourceMapGeneratorV3Test.testSourceMapMerging(SourceMapGeneratorV3Test.java:480)
	at sun.reflect.NativeMethodAccessorImpl.invoke0(Native Method)
	at sun.reflect.NativeMethodAccessorImpl.invoke(NativeMethodAccessorImpl.java:57)
	at sun.reflect.DelegatingMethodAccessorImpl.invoke(DelegatingMethodAccessorImpl.java:43)
	at java.lang.reflect.Method.invoke(Method.java:606)
	at junit.framework.TestCase.runTest(TestCase.java:176)
	at junit.framework.TestCase.runBare(TestCase.java:141)
	at junit.framework.TestResult$1.protect(TestResult.java:122)
	at junit.framework.TestResult.runProtected(TestResult.java:142)
	at junit.framework.TestResult.run(TestResult.java:125)
	at junit.framework.TestCase.run(TestCase.java:129)
	at junit.framework.TestSuite.runTest(TestSuite.java:255)
	at junit.framework.TestSuite.run(TestSuite.java:250)
	at org.apache.tools.ant.taskdefs.optional.junit.JUnitTestRunner.run(JUnitTestRunner.java:520)
	at org.apache.tools.ant.taskdefs.optional.junit.JUnitTask.executeInVM(JUnitTask.java:1478)
	at org.apache.tools.ant.taskdefs.optional.junit.JUnitTask.execute(JUnitTask.java:860)
	at org.apache.tools.ant.taskdefs.optional.junit.JUnitTask.executeOrQueue(JUnitTask.java:1968)
	at org.apache.tools.ant.taskdefs.optional.junit.JUnitTask.execute1(JUnitTask.java:812)
	at org.apache.tools.ant.taskdefs.optional.junit.JUnitTask.execute(JUnitTask.java:2271)
	at org.apache.tools.ant.UnknownElement.execute(UnknownElement.java:291)
	at sun.reflect.GeneratedMethodAccessor4.invoke(Unknown Source)
	at sun.reflect.DelegatingMethodAccessorImpl.invoke(DelegatingMethodAccessorImpl.java:43)
	at java.lang.reflect.Method.invoke(Method.java:606)
	at org.apache.tools.ant.dispatch.DispatchUtils.execute(DispatchUtils.java:106)
	at org.apache.tools.ant.Task.perform(Task.java:348)
	at org.apache.tools.ant.Target.execute(Target.java:392)
	at org.apache.tools.ant.Target.performTasks(Target.java:413)
	at org.apache.tools.ant.Project.executeSortedTargets(Project.java:1399)
	at org.apache.tools.ant.Project.executeTarget(Project.java:1368)
	at org.apache.tools.ant.helper.DefaultExecutor.executeTargets(DefaultExecutor.java:41)
	at org.apache.tools.ant.Project.executeTargets(Project.java:1251)
	at org.apache.tools.ant.Main.runBuild(Main.java:811)
	at org.apache.tools.ant.Main.startAnt(Main.java:217)
	at org.apache.tools.ant.launch.Launcher.run(Launcher.java:280)
	at org.apache.tools.ant.launch.Launcher.main(Launcher.java:109)
--- com.google.debugging.sourcemap.SourceMapGeneratorV3Test::testLiteralMappings
junit.framework.AssertionFailedError: expected:<2> but was:<1>
	at junit.framework.Assert.fail(Assert.java:57)
	at junit.framework.Assert.failNotEquals(Assert.java:329)
	at junit.framework.Assert.assertEquals(Assert.java:78)
	at junit.framework.Assert.assertEquals(Assert.java:234)
	at junit.framework.Assert.assertEquals(Assert.java:241)
	at junit.framework.TestCase.assertEquals(TestCase.java:409)
	at com.google.debugging.sourcemap.SourceMapTestCase.check(SourceMapTestCase.java:242)
	at com.google.debugging.sourcemap.SourceMapTestCase.check(SourceMapTestCase.java:199)
	at com.google.debugging.sourcemap.SourceMapTestCase.check(SourceMapTestCase.java:193)
	at com.google.debugging.sourcemap.SourceMapTestCase.compileAndCheck(SourceMapTestCase.java:185)
	at com.google.debugging.sourcemap.SourceMapGeneratorV3Test.testLiteralMappings(SourceMapGeneratorV3Test.java:71)
	at sun.reflect.NativeMethodAccessorImpl.invoke0(Native Method)
	at sun.reflect.NativeMethodAccessorImpl.invoke(NativeMethodAccessorImpl.java:57)
	at sun.reflect.DelegatingMethodAccessorImpl.invoke(DelegatingMethodAccessorImpl.java:43)
	at java.lang.reflect.Method.invoke(Method.java:606)
	at junit.framework.TestCase.runTest(TestCase.java:176)
	at junit.framework.TestCase.runBare(TestCase.java:141)
	at junit.framework.TestResult$1.protect(TestResult.java:122)
	at junit.framework.TestResult.runProtected(TestResult.java:142)
	at junit.framework.TestResult.run(TestResult.java:125)
	at junit.framework.TestCase.run(TestCase.java:129)
	at junit.framework.TestSuite.runTest(TestSuite.java:255)
	at junit.framework.TestSuite.run(TestSuite.java:250)
	at org.apache.tools.ant.taskdefs.optional.junit.JUnitTestRunner.run(JUnitTestRunner.java:520)
	at org.apache.tools.ant.taskdefs.optional.junit.JUnitTask.executeInVM(JUnitTask.java:1478)
	at org.apache.tools.ant.taskdefs.optional.junit.JUnitTask.execute(JUnitTask.java:860)
	at org.apache.tools.ant.taskdefs.optional.junit.JUnitTask.executeOrQueue(JUnitTask.java:1968)
	at org.apache.tools.ant.taskdefs.optional.junit.JUnitTask.execute1(JUnitTask.java:812)
	at org.apache.tools.ant.taskdefs.optional.junit.JUnitTask.execute(JUnitTask.java:2271)
	at org.apache.tools.ant.UnknownElement.execute(UnknownElement.java:291)
	at sun.reflect.GeneratedMethodAccessor4.invoke(Unknown Source)
	at sun.reflect.DelegatingMethodAccessorImpl.invoke(DelegatingMethodAccessorImpl.java:43)
	at java.lang.reflect.Method.invoke(Method.java:606)
	at org.apache.tools.ant.dispatch.DispatchUtils.execute(DispatchUtils.java:106)
	at org.apache.tools.ant.Task.perform(Task.java:348)
	at org.apache.tools.ant.Target.execute(Target.java:392)
	at org.apache.tools.ant.Target.performTasks(Target.java:413)
	at org.apache.tools.ant.Project.executeSortedTargets(Project.java:1399)
	at org.apache.tools.ant.Project.executeTarget(Project.java:1368)
	at org.apache.tools.ant.helper.DefaultExecutor.executeTargets(DefaultExecutor.java:41)
	at org.apache.tools.ant.Project.executeTargets(Project.java:1251)
	at org.apache.tools.ant.Main.runBuild(Main.java:811)
	at org.apache.tools.ant.Main.startAnt(Main.java:217)
	at org.apache.tools.ant.launch.Launcher.run(Launcher.java:280)
	at org.apache.tools.ant.launch.Launcher.main(Launcher.java:109)
--- com.google.debugging.sourcemap.SourceMapGeneratorV3Test::testBasicMapping1
junit.framework.AssertionFailedError: expected:<2> but was:<1>
	at junit.framework.Assert.fail(Assert.java:57)
	at junit.framework.Assert.failNotEquals(Assert.java:329)
	at junit.framework.Assert.assertEquals(Assert.java:78)
	at junit.framework.Assert.assertEquals(Assert.java:234)
	at junit.framework.Assert.assertEquals(Assert.java:241)
	at junit.framework.TestCase.assertEquals(TestCase.java:409)
	at com.google.debugging.sourcemap.SourceMapTestCase.check(SourceMapTestCase.java:242)
	at com.google.debugging.sourcemap.SourceMapTestCase.check(SourceMapTestCase.java:199)
	at com.google.debugging.sourcemap.SourceMapTestCase.check(SourceMapTestCase.java:193)
	at com.google.debugging.sourcemap.SourceMapTestCase.compileAndCheck(SourceMapTestCase.java:185)
	at com.google.debugging.sourcemap.SourceMapGeneratorV3Test.testBasicMapping1(SourceMapGeneratorV3Test.java:49)
	at sun.reflect.NativeMethodAccessorImpl.invoke0(Native Method)
	at sun.reflect.NativeMethodAccessorImpl.invoke(NativeMethodAccessorImpl.java:57)
	at sun.reflect.DelegatingMethodAccessorImpl.invoke(DelegatingMethodAccessorImpl.java:43)
	at java.lang.reflect.Method.invoke(Method.java:606)
	at junit.framework.TestCase.runTest(TestCase.java:176)
	at junit.framework.TestCase.runBare(TestCase.java:141)
	at junit.framework.TestResult$1.protect(TestResult.java:122)
	at junit.framework.TestResult.runProtected(TestResult.java:142)
	at junit.framework.TestResult.run(TestResult.java:125)
	at junit.framework.TestCase.run(TestCase.java:129)
	at junit.framework.TestSuite.runTest(TestSuite.java:255)
	at junit.framework.TestSuite.run(TestSuite.java:250)
	at org.apache.tools.ant.taskdefs.optional.junit.JUnitTestRunner.run(JUnitTestRunner.java:520)
	at org.apache.tools.ant.taskdefs.optional.junit.JUnitTask.executeInVM(JUnitTask.java:1478)
	at org.apache.tools.ant.taskdefs.optional.junit.JUnitTask.execute(JUnitTask.java:860)
	at org.apache.tools.ant.taskdefs.optional.junit.JUnitTask.executeOrQueue(JUnitTask.java:1968)
	at org.apache.tools.ant.taskdefs.optional.junit.JUnitTask.execute1(JUnitTask.java:812)
	at org.apache.tools.ant.taskdefs.optional.junit.JUnitTask.execute(JUnitTask.java:2271)
	at org.apache.tools.ant.UnknownElement.execute(UnknownElement.java:291)
	at sun.reflect.GeneratedMethodAccessor4.invoke(Unknown Source)
	at sun.reflect.DelegatingMethodAccessorImpl.invoke(DelegatingMethodAccessorImpl.java:43)
	at java.lang.reflect.Method.invoke(Method.java:606)
	at org.apache.tools.ant.dispatch.DispatchUtils.execute(DispatchUtils.java:106)
	at org.apache.tools.ant.Task.perform(Task.java:348)
	at org.apache.tools.ant.Target.execute(Target.java:392)
	at org.apache.tools.ant.Target.performTasks(Target.java:413)
	at org.apache.tools.ant.Project.executeSortedTargets(Project.java:1399)
	at org.apache.tools.ant.Project.executeTarget(Project.java:1368)
	at org.apache.tools.ant.helper.DefaultExecutor.executeTargets(DefaultExecutor.java:41)
	at org.apache.tools.ant.Project.executeTargets(Project.java:1251)
	at org.apache.tools.ant.Main.runBuild(Main.java:811)
	at org.apache.tools.ant.Main.startAnt(Main.java:217)
	at org.apache.tools.ant.launch.Launcher.run(Launcher.java:280)
	at org.apache.tools.ant.launch.Launcher.main(Launcher.java:109)
--- com.google.debugging.sourcemap.SourceMapGeneratorV3Test::testBasicMapping2
junit.framework.AssertionFailedError: expected:<2> but was:<1>
	at junit.framework.Assert.fail(Assert.java:57)
	at junit.framework.Assert.failNotEquals(Assert.java:329)
	at junit.framework.Assert.assertEquals(Assert.java:78)
	at junit.framework.Assert.assertEquals(Assert.java:234)
	at junit.framework.Assert.assertEquals(Assert.java:241)
	at junit.framework.TestCase.assertEquals(TestCase.java:409)
	at com.google.debugging.sourcemap.SourceMapTestCase.check(SourceMapTestCase.java:242)
	at com.google.debugging.sourcemap.SourceMapTestCase.check(SourceMapTestCase.java:199)
	at com.google.debugging.sourcemap.SourceMapTestCase.check(SourceMapTestCase.java:193)
	at com.google.debugging.sourcemap.SourceMapTestCase.compileAndCheck(SourceMapTestCase.java:185)
	at com.google.debugging.sourcemap.SourceMapGeneratorV3Test.testBasicMapping2(SourceMapGeneratorV3Test.java:67)
	at sun.reflect.NativeMethodAccessorImpl.invoke0(Native Method)
	at sun.reflect.NativeMethodAccessorImpl.invoke(NativeMethodAccessorImpl.java:57)
	at sun.reflect.DelegatingMethodAccessorImpl.invoke(DelegatingMethodAccessorImpl.java:43)
	at java.lang.reflect.Method.invoke(Method.java:606)
	at junit.framework.TestCase.runTest(TestCase.java:176)
	at junit.framework.TestCase.runBare(TestCase.java:141)
	at junit.framework.TestResult$1.protect(TestResult.java:122)
	at junit.framework.TestResult.runProtected(TestResult.java:142)
	at junit.framework.TestResult.run(TestResult.java:125)
	at junit.framework.TestCase.run(TestCase.java:129)
	at junit.framework.TestSuite.runTest(TestSuite.java:255)
	at junit.framework.TestSuite.run(TestSuite.java:250)
	at org.apache.tools.ant.taskdefs.optional.junit.JUnitTestRunner.run(JUnitTestRunner.java:520)
	at org.apache.tools.ant.taskdefs.optional.junit.JUnitTask.executeInVM(JUnitTask.java:1478)
	at org.apache.tools.ant.taskdefs.optional.junit.JUnitTask.execute(JUnitTask.java:860)
	at org.apache.tools.ant.taskdefs.optional.junit.JUnitTask.executeOrQueue(JUnitTask.java:1968)
	at org.apache.tools.ant.taskdefs.optional.junit.JUnitTask.execute1(JUnitTask.java:812)
	at org.apache.tools.ant.taskdefs.optional.junit.JUnitTask.execute(JUnitTask.java:2271)
	at org.apache.tools.ant.UnknownElement.execute(UnknownElement.java:291)
	at sun.reflect.GeneratedMethodAccessor4.invoke(Unknown Source)
	at sun.reflect.DelegatingMethodAccessorImpl.invoke(DelegatingMethodAccessorImpl.java:43)
	at java.lang.reflect.Method.invoke(Method.java:606)
	at org.apache.tools.ant.dispatch.DispatchUtils.execute(DispatchUtils.java:106)
	at org.apache.tools.ant.Task.perform(Task.java:348)
	at org.apache.tools.ant.Target.execute(Target.java:392)
	at org.apache.tools.ant.Target.performTasks(Target.java:413)
	at org.apache.tools.ant.Project.executeSortedTargets(Project.java:1399)
	at org.apache.tools.ant.Project.executeTarget(Project.java:1368)
	at org.apache.tools.ant.helper.DefaultExecutor.executeTargets(DefaultExecutor.java:41)
	at org.apache.tools.ant.Project.executeTargets(Project.java:1251)
	at org.apache.tools.ant.Main.runBuild(Main.java:811)
	at org.apache.tools.ant.Main.startAnt(Main.java:217)
	at org.apache.tools.ant.launch.Launcher.run(Launcher.java:280)
	at org.apache.tools.ant.launch.Launcher.main(Launcher.java:109)
--- com.google.debugging.sourcemap.SourceMapGeneratorV3Test::testGoldenOutput1
junit.framework.ComparisonFailure: expected:<...t":1,
"mappings":"AA[A]AA,QAASA,EAAC,CAACC,...> but was:<...t":1,
"mappings":"AA[C]AA,QAASA,EAAC,CAACC,...>
	at junit.framework.Assert.assertEquals(Assert.java:100)
	at junit.framework.Assert.assertEquals(Assert.java:107)
	at junit.framework.TestCase.assertEquals(TestCase.java:269)
	at com.google.debugging.sourcemap.SourceMapTestCase.checkSourceMap(SourceMapTestCase.java:96)
	at com.google.debugging.sourcemap.SourceMapTestCase.checkSourceMap(SourceMapTestCase.java:84)
	at com.google.debugging.sourcemap.SourceMapGeneratorV3Test.testGoldenOutput1(SourceMapGeneratorV3Test.java:149)
	at sun.reflect.NativeMethodAccessorImpl.invoke0(Native Method)
	at sun.reflect.NativeMethodAccessorImpl.invoke(NativeMethodAccessorImpl.java:57)
	at sun.reflect.DelegatingMethodAccessorImpl.invoke(DelegatingMethodAccessorImpl.java:43)
	at java.lang.reflect.Method.invoke(Method.java:606)
	at junit.framework.TestCase.runTest(TestCase.java:176)
	at junit.framework.TestCase.runBare(TestCase.java:141)
	at junit.framework.TestResult$1.protect(TestResult.java:122)
	at junit.framework.TestResult.runProtected(TestResult.java:142)
	at junit.framework.TestResult.run(TestResult.java:125)
	at junit.framework.TestCase.run(TestCase.java:129)
	at junit.framework.TestSuite.runTest(TestSuite.java:255)
	at junit.framework.TestSuite.run(TestSuite.java:250)
	at org.apache.tools.ant.taskdefs.optional.junit.JUnitTestRunner.run(JUnitTestRunner.java:520)
	at org.apache.tools.ant.taskdefs.optional.junit.JUnitTask.executeInVM(JUnitTask.java:1478)
	at org.apache.tools.ant.taskdefs.optional.junit.JUnitTask.execute(JUnitTask.java:860)
	at org.apache.tools.ant.taskdefs.optional.junit.JUnitTask.executeOrQueue(JUnitTask.java:1968)
	at org.apache.tools.ant.taskdefs.optional.junit.JUnitTask.execute1(JUnitTask.java:812)
	at org.apache.tools.ant.taskdefs.optional.junit.JUnitTask.execute(JUnitTask.java:2271)
	at org.apache.tools.ant.UnknownElement.execute(UnknownElement.java:291)
	at sun.reflect.GeneratedMethodAccessor4.invoke(Unknown Source)
	at sun.reflect.DelegatingMethodAccessorImpl.invoke(DelegatingMethodAccessorImpl.java:43)
	at java.lang.reflect.Method.invoke(Method.java:606)
	at org.apache.tools.ant.dispatch.DispatchUtils.execute(DispatchUtils.java:106)
	at org.apache.tools.ant.Task.perform(Task.java:348)
	at org.apache.tools.ant.Target.execute(Target.java:392)
	at org.apache.tools.ant.Target.performTasks(Target.java:413)
	at org.apache.tools.ant.Project.executeSortedTargets(Project.java:1399)
	at org.apache.tools.ant.Project.executeTarget(Project.java:1368)
	at org.apache.tools.ant.helper.DefaultExecutor.executeTargets(DefaultExecutor.java:41)
	at org.apache.tools.ant.Project.executeTargets(Project.java:1251)
	at org.apache.tools.ant.Main.runBuild(Main.java:811)
	at org.apache.tools.ant.Main.startAnt(Main.java:217)
	at org.apache.tools.ant.launch.Launcher.run(Launcher.java:280)
	at org.apache.tools.ant.launch.Launcher.main(Launcher.java:109)
--- com.google.debugging.sourcemap.SourceMapGeneratorV3Test::testGoldenOutput2
junit.framework.ComparisonFailure: expected:<...t":1,
"mappings":"AA[A]AA,QAASA,EAAC,CAACC,...> but was:<...t":1,
"mappings":"AA[C]AA,QAASA,EAAC,CAACC,...>
	at junit.framework.Assert.assertEquals(Assert.java:100)
	at junit.framework.Assert.assertEquals(Assert.java:107)
	at junit.framework.TestCase.assertEquals(TestCase.java:269)
	at com.google.debugging.sourcemap.SourceMapTestCase.checkSourceMap(SourceMapTestCase.java:96)
	at com.google.debugging.sourcemap.SourceMapTestCase.checkSourceMap(SourceMapTestCase.java:84)
	at com.google.debugging.sourcemap.SourceMapGeneratorV3Test.testGoldenOutput2(SourceMapGeneratorV3Test.java:179)
	at sun.reflect.NativeMethodAccessorImpl.invoke0(Native Method)
	at sun.reflect.NativeMethodAccessorImpl.invoke(NativeMethodAccessorImpl.java:57)
	at sun.reflect.DelegatingMethodAccessorImpl.invoke(DelegatingMethodAccessorImpl.java:43)
	at java.lang.reflect.Method.invoke(Method.java:606)
	at junit.framework.TestCase.runTest(TestCase.java:176)
	at junit.framework.TestCase.runBare(TestCase.java:141)
	at junit.framework.TestResult$1.protect(TestResult.java:122)
	at junit.framework.TestResult.runProtected(TestResult.java:142)
	at junit.framework.TestResult.run(TestResult.java:125)
	at junit.framework.TestCase.run(TestCase.java:129)
	at junit.framework.TestSuite.runTest(TestSuite.java:255)
	at junit.framework.TestSuite.run(TestSuite.java:250)
	at org.apache.tools.ant.taskdefs.optional.junit.JUnitTestRunner.run(JUnitTestRunner.java:520)
	at org.apache.tools.ant.taskdefs.optional.junit.JUnitTask.executeInVM(JUnitTask.java:1478)
	at org.apache.tools.ant.taskdefs.optional.junit.JUnitTask.execute(JUnitTask.java:860)
	at org.apache.tools.ant.taskdefs.optional.junit.JUnitTask.executeOrQueue(JUnitTask.java:1968)
	at org.apache.tools.ant.taskdefs.optional.junit.JUnitTask.execute1(JUnitTask.java:812)
	at org.apache.tools.ant.taskdefs.optional.junit.JUnitTask.execute(JUnitTask.java:2271)
	at org.apache.tools.ant.UnknownElement.execute(UnknownElement.java:291)
	at sun.reflect.GeneratedMethodAccessor4.invoke(Unknown Source)
	at sun.reflect.DelegatingMethodAccessorImpl.invoke(DelegatingMethodAccessorImpl.java:43)
	at java.lang.reflect.Method.invoke(Method.java:606)
	at org.apache.tools.ant.dispatch.DispatchUtils.execute(DispatchUtils.java:106)
	at org.apache.tools.ant.Task.perform(Task.java:348)
	at org.apache.tools.ant.Target.execute(Target.java:392)
	at org.apache.tools.ant.Target.performTasks(Target.java:413)
	at org.apache.tools.ant.Project.executeSortedTargets(Project.java:1399)
	at org.apache.tools.ant.Project.executeTarget(Project.java:1368)
	at org.apache.tools.ant.helper.DefaultExecutor.executeTargets(DefaultExecutor.java:41)
	at org.apache.tools.ant.Project.executeTargets(Project.java:1251)
	at org.apache.tools.ant.Main.runBuild(Main.java:811)
	at org.apache.tools.ant.Main.startAnt(Main.java:217)
	at org.apache.tools.ant.launch.Launcher.run(Launcher.java:280)
	at org.apache.tools.ant.launch.Launcher.main(Launcher.java:109)
--- com.google.debugging.sourcemap.SourceMapGeneratorV3Test::testGoldenOutput3
junit.framework.ComparisonFailure: expected:<...t":1,
"mappings":"AA[A]AA;",
"sources":["c:...> but was:<...t":1,
"mappings":"AA[C]AA;",
"sources":["c:...>
	at junit.framework.Assert.assertEquals(Assert.java:100)
	at junit.framework.Assert.assertEquals(Assert.java:107)
	at junit.framework.TestCase.assertEquals(TestCase.java:269)
	at com.google.debugging.sourcemap.SourceMapTestCase.checkSourceMap(SourceMapTestCase.java:96)
	at com.google.debugging.sourcemap.SourceMapGeneratorV3Test.testGoldenOutput3(SourceMapGeneratorV3Test.java:195)
	at sun.reflect.NativeMethodAccessorImpl.invoke0(Native Method)
	at sun.reflect.NativeMethodAccessorImpl.invoke(NativeMethodAccessorImpl.java:57)
	at sun.reflect.DelegatingMethodAccessorImpl.invoke(DelegatingMethodAccessorImpl.java:43)
	at java.lang.reflect.Method.invoke(Method.java:606)
	at junit.framework.TestCase.runTest(TestCase.java:176)
	at junit.framework.TestCase.runBare(TestCase.java:141)
	at junit.framework.TestResult$1.protect(TestResult.java:122)
	at junit.framework.TestResult.runProtected(TestResult.java:142)
	at junit.framework.TestResult.run(TestResult.java:125)
	at junit.framework.TestCase.run(TestCase.java:129)
	at junit.framework.TestSuite.runTest(TestSuite.java:255)
	at junit.framework.TestSuite.run(TestSuite.java:250)
	at org.apache.tools.ant.taskdefs.optional.junit.JUnitTestRunner.run(JUnitTestRunner.java:520)
	at org.apache.tools.ant.taskdefs.optional.junit.JUnitTask.executeInVM(JUnitTask.java:1478)
	at org.apache.tools.ant.taskdefs.optional.junit.JUnitTask.execute(JUnitTask.java:860)
	at org.apache.tools.ant.taskdefs.optional.junit.JUnitTask.executeOrQueue(JUnitTask.java:1968)
	at org.apache.tools.ant.taskdefs.optional.junit.JUnitTask.execute1(JUnitTask.java:812)
	at org.apache.tools.ant.taskdefs.optional.junit.JUnitTask.execute(JUnitTask.java:2271)
	at org.apache.tools.ant.UnknownElement.execute(UnknownElement.java:291)
	at sun.reflect.GeneratedMethodAccessor4.invoke(Unknown Source)
	at sun.reflect.DelegatingMethodAccessorImpl.invoke(DelegatingMethodAccessorImpl.java:43)
	at java.lang.reflect.Method.invoke(Method.java:606)
	at org.apache.tools.ant.dispatch.DispatchUtils.execute(DispatchUtils.java:106)
	at org.apache.tools.ant.Task.perform(Task.java:348)
	at org.apache.tools.ant.Target.execute(Target.java:392)
	at org.apache.tools.ant.Target.performTasks(Target.java:413)
	at org.apache.tools.ant.Project.executeSortedTargets(Project.java:1399)
	at org.apache.tools.ant.Project.executeTarget(Project.java:1368)
	at org.apache.tools.ant.helper.DefaultExecutor.executeTargets(DefaultExecutor.java:41)
	at org.apache.tools.ant.Project.executeTargets(Project.java:1251)
	at org.apache.tools.ant.Main.runBuild(Main.java:811)
	at org.apache.tools.ant.Main.startAnt(Main.java:217)
	at org.apache.tools.ant.launch.Launcher.run(Launcher.java:280)
	at org.apache.tools.ant.launch.Launcher.main(Launcher.java:109)
--- com.google.debugging.sourcemap.SourceMapGeneratorV3Test::testGoldenOutput4
junit.framework.ComparisonFailure: expected:<...t":1,
"mappings":"AA[A]AA,GAAOC,IAAOC;",
"s...> but was:<...t":1,
"mappings":"AA[C]AA,GAAOC,IAAOC;",
"s...>
	at junit.framework.Assert.assertEquals(Assert.java:100)
	at junit.framework.Assert.assertEquals(Assert.java:107)
	at junit.framework.TestCase.assertEquals(TestCase.java:269)
	at com.google.debugging.sourcemap.SourceMapTestCase.checkSourceMap(SourceMapTestCase.java:96)
	at com.google.debugging.sourcemap.SourceMapGeneratorV3Test.testGoldenOutput4(SourceMapGeneratorV3Test.java:209)
	at sun.reflect.NativeMethodAccessorImpl.invoke0(Native Method)
	at sun.reflect.NativeMethodAccessorImpl.invoke(NativeMethodAccessorImpl.java:57)
	at sun.reflect.DelegatingMethodAccessorImpl.invoke(DelegatingMethodAccessorImpl.java:43)
	at java.lang.reflect.Method.invoke(Method.java:606)
	at junit.framework.TestCase.runTest(TestCase.java:176)
	at junit.framework.TestCase.runBare(TestCase.java:141)
	at junit.framework.TestResult$1.protect(TestResult.java:122)
	at junit.framework.TestResult.runProtected(TestResult.java:142)
	at junit.framework.TestResult.run(TestResult.java:125)
	at junit.framework.TestCase.run(TestCase.java:129)
	at junit.framework.TestSuite.runTest(TestSuite.java:255)
	at junit.framework.TestSuite.run(TestSuite.java:250)
	at org.apache.tools.ant.taskdefs.optional.junit.JUnitTestRunner.run(JUnitTestRunner.java:520)
	at org.apache.tools.ant.taskdefs.optional.junit.JUnitTask.executeInVM(JUnitTask.java:1478)
	at org.apache.tools.ant.taskdefs.optional.junit.JUnitTask.execute(JUnitTask.java:860)
	at org.apache.tools.ant.taskdefs.optional.junit.JUnitTask.executeOrQueue(JUnitTask.java:1968)
	at org.apache.tools.ant.taskdefs.optional.junit.JUnitTask.execute1(JUnitTask.java:812)
	at org.apache.tools.ant.taskdefs.optional.junit.JUnitTask.execute(JUnitTask.java:2271)
	at org.apache.tools.ant.UnknownElement.execute(UnknownElement.java:291)
	at sun.reflect.GeneratedMethodAccessor4.invoke(Unknown Source)
	at sun.reflect.DelegatingMethodAccessorImpl.invoke(DelegatingMethodAccessorImpl.java:43)
	at java.lang.reflect.Method.invoke(Method.java:606)
	at org.apache.tools.ant.dispatch.DispatchUtils.execute(DispatchUtils.java:106)
	at org.apache.tools.ant.Task.perform(Task.java:348)
	at org.apache.tools.ant.Target.execute(Target.java:392)
	at org.apache.tools.ant.Target.performTasks(Target.java:413)
	at org.apache.tools.ant.Project.executeSortedTargets(Project.java:1399)
	at org.apache.tools.ant.Project.executeTarget(Project.java:1368)
	at org.apache.tools.ant.helper.DefaultExecutor.executeTargets(DefaultExecutor.java:41)
	at org.apache.tools.ant.Project.executeTargets(Project.java:1251)
	at org.apache.tools.ant.Main.runBuild(Main.java:811)
	at org.apache.tools.ant.Main.startAnt(Main.java:217)
	at org.apache.tools.ant.launch.Launcher.run(Launcher.java:280)
	at org.apache.tools.ant.launch.Launcher.main(Launcher.java:109)
--- com.google.debugging.sourcemap.SourceMapGeneratorV3Test::testGoldenOutput5
junit.framework.ComparisonFailure: expected:<...
"mappings":"A;;;;AA[G]A,IAAIA,IAAIC,CAAJD,...> but was:<...
"mappings":"A;;;;AA[I]A,IAAIA,IAAIC,CAAJD,...>
	at junit.framework.Assert.assertEquals(Assert.java:100)
	at junit.framework.Assert.assertEquals(Assert.java:107)
	at junit.framework.TestCase.assertEquals(TestCase.java:269)
	at com.google.debugging.sourcemap.SourceMapTestCase.checkSourceMap(SourceMapTestCase.java:96)
	at com.google.debugging.sourcemap.SourceMapGeneratorV3Test.testGoldenOutput5(SourceMapGeneratorV3Test.java:225)
	at sun.reflect.NativeMethodAccessorImpl.invoke0(Native Method)
	at sun.reflect.NativeMethodAccessorImpl.invoke(NativeMethodAccessorImpl.java:57)
	at sun.reflect.DelegatingMethodAccessorImpl.invoke(DelegatingMethodAccessorImpl.java:43)
	at java.lang.reflect.Method.invoke(Method.java:606)
	at junit.framework.TestCase.runTest(TestCase.java:176)
	at junit.framework.TestCase.runBare(TestCase.java:141)
	at junit.framework.TestResult$1.protect(TestResult.java:122)
	at junit.framework.TestResult.runProtected(TestResult.java:142)
	at junit.framework.TestResult.run(TestResult.java:125)
	at junit.framework.TestCase.run(TestCase.java:129)
	at junit.framework.TestSuite.runTest(TestSuite.java:255)
	at junit.framework.TestSuite.run(TestSuite.java:250)
	at org.apache.tools.ant.taskdefs.optional.junit.JUnitTestRunner.run(JUnitTestRunner.java:520)
	at org.apache.tools.ant.taskdefs.optional.junit.JUnitTask.executeInVM(JUnitTask.java:1478)
	at org.apache.tools.ant.taskdefs.optional.junit.JUnitTask.execute(JUnitTask.java:860)
	at org.apache.tools.ant.taskdefs.optional.junit.JUnitTask.executeOrQueue(JUnitTask.java:1968)
	at org.apache.tools.ant.taskdefs.optional.junit.JUnitTask.execute1(JUnitTask.java:812)
	at org.apache.tools.ant.taskdefs.optional.junit.JUnitTask.execute(JUnitTask.java:2271)
	at org.apache.tools.ant.UnknownElement.execute(UnknownElement.java:291)
	at sun.reflect.GeneratedMethodAccessor4.invoke(Unknown Source)
	at sun.reflect.DelegatingMethodAccessorImpl.invoke(DelegatingMethodAccessorImpl.java:43)
	at java.lang.reflect.Method.invoke(Method.java:606)
	at org.apache.tools.ant.dispatch.DispatchUtils.execute(DispatchUtils.java:106)
	at org.apache.tools.ant.Task.perform(Task.java:348)
	at org.apache.tools.ant.Target.execute(Target.java:392)
	at org.apache.tools.ant.Target.performTasks(Target.java:413)
	at org.apache.tools.ant.Project.executeSortedTargets(Project.java:1399)
	at org.apache.tools.ant.Project.executeTarget(Project.java:1368)
	at org.apache.tools.ant.helper.DefaultExecutor.executeTargets(DefaultExecutor.java:41)
	at org.apache.tools.ant.Project.executeTargets(Project.java:1251)
	at org.apache.tools.ant.Main.runBuild(Main.java:811)
	at org.apache.tools.ant.Main.startAnt(Main.java:217)
	at org.apache.tools.ant.launch.Launcher.run(Launcher.java:280)
	at org.apache.tools.ant.launch.Launcher.main(Launcher.java:109)
--- com.google.javascript.jscomp.SourceMapTest::testPrefixReplacement1
java.lang.RuntimeException: java.lang.RuntimeException: java.lang.ArithmeticException: / by zero
	at com.google.javascript.jscomp.Compiler.runCallable(Compiler.java:628)
	at com.google.javascript.jscomp.Compiler.runInCompilerThread(Compiler.java:573)
	at com.google.javascript.jscomp.Compiler.toSource(Compiler.java:1348)
	at com.google.debugging.sourcemap.SourceMapTestCase.compile(SourceMapTestCase.java:301)
	at com.google.javascript.jscomp.SourceMapTest.checkSourceMap2(SourceMapTest.java:118)
	at com.google.javascript.jscomp.SourceMapTest.testPrefixReplacement1(SourceMapTest.java:43)
	at sun.reflect.NativeMethodAccessorImpl.invoke0(Native Method)
	at sun.reflect.NativeMethodAccessorImpl.invoke(NativeMethodAccessorImpl.java:57)
	at sun.reflect.DelegatingMethodAccessorImpl.invoke(DelegatingMethodAccessorImpl.java:43)
	at java.lang.reflect.Method.invoke(Method.java:606)
	at junit.framework.TestCase.runTest(TestCase.java:176)
	at junit.framework.TestCase.runBare(TestCase.java:141)
	at junit.framework.TestResult$1.protect(TestResult.java:122)
	at junit.framework.TestResult.runProtected(TestResult.java:142)
	at junit.framework.TestResult.run(TestResult.java:125)
	at junit.framework.TestCase.run(TestCase.java:129)
	at junit.framework.TestSuite.runTest(TestSuite.java:255)
	at junit.framework.TestSuite.run(TestSuite.java:250)
	at org.apache.tools.ant.taskdefs.optional.junit.JUnitTestRunner.run(JUnitTestRunner.java:520)
	at org.apache.tools.ant.taskdefs.optional.junit.JUnitTask.executeInVM(JUnitTask.java:1478)
	at org.apache.tools.ant.taskdefs.optional.junit.JUnitTask.execute(JUnitTask.java:860)
	at org.apache.tools.ant.taskdefs.optional.junit.JUnitTask.executeOrQueue(JUnitTask.java:1968)
	at org.apache.tools.ant.taskdefs.optional.junit.JUnitTask.execute1(JUnitTask.java:812)
	at org.apache.tools.ant.taskdefs.optional.junit.JUnitTask.execute(JUnitTask.java:2271)
	at org.apache.tools.ant.UnknownElement.execute(UnknownElement.java:291)
	at sun.reflect.GeneratedMethodAccessor4.invoke(Unknown Source)
	at sun.reflect.DelegatingMethodAccessorImpl.invoke(DelegatingMethodAccessorImpl.java:43)
	at java.lang.reflect.Method.invoke(Method.java:606)
	at org.apache.tools.ant.dispatch.DispatchUtils.execute(DispatchUtils.java:106)
	at org.apache.tools.ant.Task.perform(Task.java:348)
	at org.apache.tools.ant.Target.execute(Target.java:392)
	at org.apache.tools.ant.Target.performTasks(Target.java:413)
	at org.apache.tools.ant.Project.executeSortedTargets(Project.java:1399)
	at org.apache.tools.ant.Project.executeTarget(Project.java:1368)
	at org.apache.tools.ant.helper.DefaultExecutor.executeTargets(DefaultExecutor.java:41)
	at org.apache.tools.ant.Project.executeTargets(Project.java:1251)
	at org.apache.tools.ant.Main.runBuild(Main.java:811)
	at org.apache.tools.ant.Main.startAnt(Main.java:217)
	at org.apache.tools.ant.launch.Launcher.run(Launcher.java:280)
	at org.apache.tools.ant.launch.Launcher.main(Launcher.java:109)
Caused by: java.lang.RuntimeException: java.lang.ArithmeticException: / by zero
	at com.google.javascript.jscomp.Compiler.runCallable(Compiler.java:628)
	at com.google.javascript.jscomp.Compiler.runInCompilerThread(Compiler.java:573)
	at com.google.javascript.jscomp.Compiler.toSource(Compiler.java:1464)
	at com.google.javascript.jscomp.Compiler$5.call(Compiler.java:1359)
	at com.google.javascript.jscomp.Compiler$5.call(Compiler.java:1348)
	at com.google.javascript.jscomp.Compiler$2.run(Compiler.java:600)
	at java.lang.Thread.run(Thread.java:745)
Caused by: java.lang.ArithmeticException: / by zero
	at com.google.javascript.jscomp.SourceMap.addMapping(SourceMap.java:144)
	at com.google.javascript.jscomp.CodePrinter$MappedCodePrinter.generateSourceMap(CodePrinter.java:131)
	at com.google.javascript.jscomp.CodePrinter.toSource(CodePrinter.java:640)
	at com.google.javascript.jscomp.CodePrinter.access$100(CodePrinter.java:35)
	at com.google.javascript.jscomp.CodePrinter$Builder.build(CodePrinter.java:595)
	at com.google.javascript.jscomp.Compiler.toSource(Compiler.java:1552)
	at com.google.javascript.jscomp.Compiler.access$400(Compiler.java:69)
	at com.google.javascript.jscomp.Compiler$9.call(Compiler.java:1503)
	at com.google.javascript.jscomp.Compiler$9.call(Compiler.java:1464)
	... 2 more
--- com.google.javascript.jscomp.SourceMapTest::testPrefixReplacement2
java.lang.RuntimeException: java.lang.RuntimeException: java.lang.ArithmeticException: / by zero
	at com.google.javascript.jscomp.Compiler.runCallable(Compiler.java:628)
	at com.google.javascript.jscomp.Compiler.runInCompilerThread(Compiler.java:573)
	at com.google.javascript.jscomp.Compiler.toSource(Compiler.java:1348)
	at com.google.debugging.sourcemap.SourceMapTestCase.compile(SourceMapTestCase.java:301)
	at com.google.javascript.jscomp.SourceMapTest.checkSourceMap2(SourceMapTest.java:118)
	at com.google.javascript.jscomp.SourceMapTest.testPrefixReplacement2(SourceMapTest.java:58)
	at sun.reflect.NativeMethodAccessorImpl.invoke0(Native Method)
	at sun.reflect.NativeMethodAccessorImpl.invoke(NativeMethodAccessorImpl.java:57)
	at sun.reflect.DelegatingMethodAccessorImpl.invoke(DelegatingMethodAccessorImpl.java:43)
	at java.lang.reflect.Method.invoke(Method.java:606)
	at junit.framework.TestCase.runTest(TestCase.java:176)
	at junit.framework.TestCase.runBare(TestCase.java:141)
	at junit.framework.TestResult$1.protect(TestResult.java:122)
	at junit.framework.TestResult.runProtected(TestResult.java:142)
	at junit.framework.TestResult.run(TestResult.java:125)
	at junit.framework.TestCase.run(TestCase.java:129)
	at junit.framework.TestSuite.runTest(TestSuite.java:255)
	at junit.framework.TestSuite.run(TestSuite.java:250)
	at org.apache.tools.ant.taskdefs.optional.junit.JUnitTestRunner.run(JUnitTestRunner.java:520)
	at org.apache.tools.ant.taskdefs.optional.junit.JUnitTask.executeInVM(JUnitTask.java:1478)
	at org.apache.tools.ant.taskdefs.optional.junit.JUnitTask.execute(JUnitTask.java:860)
	at org.apache.tools.ant.taskdefs.optional.junit.JUnitTask.executeOrQueue(JUnitTask.java:1968)
	at org.apache.tools.ant.taskdefs.optional.junit.JUnitTask.execute1(JUnitTask.java:812)
	at org.apache.tools.ant.taskdefs.optional.junit.JUnitTask.execute(JUnitTask.java:2271)
	at org.apache.tools.ant.UnknownElement.execute(UnknownElement.java:291)
	at sun.reflect.GeneratedMethodAccessor4.invoke(Unknown Source)
	at sun.reflect.DelegatingMethodAccessorImpl.invoke(DelegatingMethodAccessorImpl.java:43)
	at java.lang.reflect.Method.invoke(Method.java:606)
	at org.apache.tools.ant.dispatch.DispatchUtils.execute(DispatchUtils.java:106)
	at org.apache.tools.ant.Task.perform(Task.java:348)
	at org.apache.tools.ant.Target.execute(Target.java:392)
	at org.apache.tools.ant.Target.performTasks(Target.java:413)
	at org.apache.tools.ant.Project.executeSortedTargets(Project.java:1399)
	at org.apache.tools.ant.Project.executeTarget(Project.java:1368)
	at org.apache.tools.ant.helper.DefaultExecutor.executeTargets(DefaultExecutor.java:41)
	at org.apache.tools.ant.Project.executeTargets(Project.java:1251)
	at org.apache.tools.ant.Main.runBuild(Main.java:811)
	at org.apache.tools.ant.Main.startAnt(Main.java:217)
	at org.apache.tools.ant.launch.Launcher.run(Launcher.java:280)
	at org.apache.tools.ant.launch.Launcher.main(Launcher.java:109)
Caused by: java.lang.RuntimeException: java.lang.ArithmeticException: / by zero
	at com.google.javascript.jscomp.Compiler.runCallable(Compiler.java:628)
	at com.google.javascript.jscomp.Compiler.runInCompilerThread(Compiler.java:573)
	at com.google.javascript.jscomp.Compiler.toSource(Compiler.java:1464)
	at com.google.javascript.jscomp.Compiler$5.call(Compiler.java:1359)
	at com.google.javascript.jscomp.Compiler$5.call(Compiler.java:1348)
	at com.google.javascript.jscomp.Compiler$2.run(Compiler.java:600)
	at java.lang.Thread.run(Thread.java:745)
Caused by: java.lang.ArithmeticException: / by zero
	at com.google.javascript.jscomp.SourceMap.addMapping(SourceMap.java:144)
	at com.google.javascript.jscomp.CodePrinter$MappedCodePrinter.generateSourceMap(CodePrinter.java:131)
	at com.google.javascript.jscomp.CodePrinter.toSource(CodePrinter.java:640)
	at com.google.javascript.jscomp.CodePrinter.access$100(CodePrinter.java:35)
	at com.google.javascript.jscomp.CodePrinter$Builder.build(CodePrinter.java:595)
	at com.google.javascript.jscomp.Compiler.toSource(Compiler.java:1552)
	at com.google.javascript.jscomp.Compiler.access$400(Compiler.java:69)
	at com.google.javascript.jscomp.Compiler$9.call(Compiler.java:1503)
	at com.google.javascript.jscomp.Compiler$9.call(Compiler.java:1464)
	... 2 more
--- com.google.javascript.jscomp.SourceMapTest::testPrefixReplacement3
java.lang.RuntimeException: java.lang.RuntimeException: java.lang.ArithmeticException: / by zero
	at com.google.javascript.jscomp.Compiler.runCallable(Compiler.java:628)
	at com.google.javascript.jscomp.Compiler.runInCompilerThread(Compiler.java:573)
	at com.google.javascript.jscomp.Compiler.toSource(Compiler.java:1348)
	at com.google.debugging.sourcemap.SourceMapTestCase.compile(SourceMapTestCase.java:301)
	at com.google.javascript.jscomp.SourceMapTest.checkSourceMap2(SourceMapTest.java:118)
	at com.google.javascript.jscomp.SourceMapTest.testPrefixReplacement3(SourceMapTest.java:74)
	at sun.reflect.NativeMethodAccessorImpl.invoke0(Native Method)
	at sun.reflect.NativeMethodAccessorImpl.invoke(NativeMethodAccessorImpl.java:57)
	at sun.reflect.DelegatingMethodAccessorImpl.invoke(DelegatingMethodAccessorImpl.java:43)
	at java.lang.reflect.Method.invoke(Method.java:606)
	at junit.framework.TestCase.runTest(TestCase.java:176)
	at junit.framework.TestCase.runBare(TestCase.java:141)
	at junit.framework.TestResult$1.protect(TestResult.java:122)
	at junit.framework.TestResult.runProtected(TestResult.java:142)
	at junit.framework.TestResult.run(TestResult.java:125)
	at junit.framework.TestCase.run(TestCase.java:129)
	at junit.framework.TestSuite.runTest(TestSuite.java:255)
	at junit.framework.TestSuite.run(TestSuite.java:250)
	at org.apache.tools.ant.taskdefs.optional.junit.JUnitTestRunner.run(JUnitTestRunner.java:520)
	at org.apache.tools.ant.taskdefs.optional.junit.JUnitTask.executeInVM(JUnitTask.java:1478)
	at org.apache.tools.ant.taskdefs.optional.junit.JUnitTask.execute(JUnitTask.java:860)
	at org.apache.tools.ant.taskdefs.optional.junit.JUnitTask.executeOrQueue(JUnitTask.java:1968)
	at org.apache.tools.ant.taskdefs.optional.junit.JUnitTask.execute1(JUnitTask.java:812)
	at org.apache.tools.ant.taskdefs.optional.junit.JUnitTask.execute(JUnitTask.java:2271)
	at org.apache.tools.ant.UnknownElement.execute(UnknownElement.java:291)
	at sun.reflect.GeneratedMethodAccessor4.invoke(Unknown Source)
	at sun.reflect.DelegatingMethodAccessorImpl.invoke(DelegatingMethodAccessorImpl.java:43)
	at java.lang.reflect.Method.invoke(Method.java:606)
	at org.apache.tools.ant.dispatch.DispatchUtils.execute(DispatchUtils.java:106)
	at org.apache.tools.ant.Task.perform(Task.java:348)
	at org.apache.tools.ant.Target.execute(Target.java:392)
	at org.apache.tools.ant.Target.performTasks(Target.java:413)
	at org.apache.tools.ant.Project.executeSortedTargets(Project.java:1399)
	at org.apache.tools.ant.Project.executeTarget(Project.java:1368)
	at org.apache.tools.ant.helper.DefaultExecutor.executeTargets(DefaultExecutor.java:41)
	at org.apache.tools.ant.Project.executeTargets(Project.java:1251)
	at org.apache.tools.ant.Main.runBuild(Main.java:811)
	at org.apache.tools.ant.Main.startAnt(Main.java:217)
	at org.apache.tools.ant.launch.Launcher.run(Launcher.java:280)
	at org.apache.tools.ant.launch.Launcher.main(Launcher.java:109)
Caused by: java.lang.RuntimeException: java.lang.ArithmeticException: / by zero
	at com.google.javascript.jscomp.Compiler.runCallable(Compiler.java:628)
	at com.google.javascript.jscomp.Compiler.runInCompilerThread(Compiler.java:573)
	at com.google.javascript.jscomp.Compiler.toSource(Compiler.java:1464)
	at com.google.javascript.jscomp.Compiler$5.call(Compiler.java:1359)
	at com.google.javascript.jscomp.Compiler$5.call(Compiler.java:1348)
	at com.google.javascript.jscomp.Compiler$2.run(Compiler.java:600)
	at java.lang.Thread.run(Thread.java:745)
Caused by: java.lang.ArithmeticException: / by zero
	at com.google.javascript.jscomp.SourceMap.addMapping(SourceMap.java:144)
	at com.google.javascript.jscomp.CodePrinter$MappedCodePrinter.generateSourceMap(CodePrinter.java:131)
	at com.google.javascript.jscomp.CodePrinter.toSource(CodePrinter.java:640)
	at com.google.javascript.jscomp.CodePrinter.access$100(CodePrinter.java:35)
	at com.google.javascript.jscomp.CodePrinter$Builder.build(CodePrinter.java:595)
	at com.google.javascript.jscomp.Compiler.toSource(Compiler.java:1552)
	at com.google.javascript.jscomp.Compiler.access$400(Compiler.java:69)
	at com.google.javascript.jscomp.Compiler$9.call(Compiler.java:1503)
	at com.google.javascript.jscomp.Compiler$9.call(Compiler.java:1464)
	... 2 more
--- com.google.javascript.jscomp.SourceMapTest::testPrefixReplacement4
java.lang.RuntimeException: java.lang.RuntimeException: java.lang.ArithmeticException: / by zero
	at com.google.javascript.jscomp.Compiler.runCallable(Compiler.java:628)
	at com.google.javascript.jscomp.Compiler.runInCompilerThread(Compiler.java:573)
	at com.google.javascript.jscomp.Compiler.toSource(Compiler.java:1348)
	at com.google.debugging.sourcemap.SourceMapTestCase.compile(SourceMapTestCase.java:301)
	at com.google.javascript.jscomp.SourceMapTest.checkSourceMap2(SourceMapTest.java:118)
	at com.google.javascript.jscomp.SourceMapTest.testPrefixReplacement4(SourceMapTest.java:90)
	at sun.reflect.NativeMethodAccessorImpl.invoke0(Native Method)
	at sun.reflect.NativeMethodAccessorImpl.invoke(NativeMethodAccessorImpl.java:57)
	at sun.reflect.DelegatingMethodAccessorImpl.invoke(DelegatingMethodAccessorImpl.java:43)
	at java.lang.reflect.Method.invoke(Method.java:606)
	at junit.framework.TestCase.runTest(TestCase.java:176)
	at junit.framework.TestCase.runBare(TestCase.java:141)
	at junit.framework.TestResult$1.protect(TestResult.java:122)
	at junit.framework.TestResult.runProtected(TestResult.java:142)
	at junit.framework.TestResult.run(TestResult.java:125)
	at junit.framework.TestCase.run(TestCase.java:129)
	at junit.framework.TestSuite.runTest(TestSuite.java:255)
	at junit.framework.TestSuite.run(TestSuite.java:250)
	at org.apache.tools.ant.taskdefs.optional.junit.JUnitTestRunner.run(JUnitTestRunner.java:520)
	at org.apache.tools.ant.taskdefs.optional.junit.JUnitTask.executeInVM(JUnitTask.java:1478)
	at org.apache.tools.ant.taskdefs.optional.junit.JUnitTask.execute(JUnitTask.java:860)
	at org.apache.tools.ant.taskdefs.optional.junit.JUnitTask.executeOrQueue(JUnitTask.java:1968)
	at org.apache.tools.ant.taskdefs.optional.junit.JUnitTask.execute1(JUnitTask.java:812)
	at org.apache.tools.ant.taskdefs.optional.junit.JUnitTask.execute(JUnitTask.java:2271)
	at org.apache.tools.ant.UnknownElement.execute(UnknownElement.java:291)
	at sun.reflect.GeneratedMethodAccessor4.invoke(Unknown Source)
	at sun.reflect.DelegatingMethodAccessorImpl.invoke(DelegatingMethodAccessorImpl.java:43)
	at java.lang.reflect.Method.invoke(Method.java:606)
	at org.apache.tools.ant.dispatch.DispatchUtils.execute(DispatchUtils.java:106)
	at org.apache.tools.ant.Task.perform(Task.java:348)
	at org.apache.tools.ant.Target.execute(Target.java:392)
	at org.apache.tools.ant.Target.performTasks(Target.java:413)
	at org.apache.tools.ant.Project.executeSortedTargets(Project.java:1399)
	at org.apache.tools.ant.Project.executeTarget(Project.java:1368)
	at org.apache.tools.ant.helper.DefaultExecutor.executeTargets(DefaultExecutor.java:41)
	at org.apache.tools.ant.Project.executeTargets(Project.java:1251)
	at org.apache.tools.ant.Main.runBuild(Main.java:811)
	at org.apache.tools.ant.Main.startAnt(Main.java:217)
	at org.apache.tools.ant.launch.Launcher.run(Launcher.java:280)
	at org.apache.tools.ant.launch.Launcher.main(Launcher.java:109)
Caused by: java.lang.RuntimeException: java.lang.ArithmeticException: / by zero
	at com.google.javascript.jscomp.Compiler.runCallable(Compiler.java:628)
	at com.google.javascript.jscomp.Compiler.runInCompilerThread(Compiler.java:573)
	at com.google.javascript.jscomp.Compiler.toSource(Compiler.java:1464)
	at com.google.javascript.jscomp.Compiler$5.call(Compiler.java:1359)
	at com.google.javascript.jscomp.Compiler$5.call(Compiler.java:1348)
	at com.google.javascript.jscomp.Compiler$2.run(Compiler.java:600)
	at java.lang.Thread.run(Thread.java:745)
Caused by: java.lang.ArithmeticException: / by zero
	at com.google.javascript.jscomp.SourceMap.addMapping(SourceMap.java:144)
	at com.google.javascript.jscomp.CodePrinter$MappedCodePrinter.generateSourceMap(CodePrinter.java:131)
	at com.google.javascript.jscomp.CodePrinter.toSource(CodePrinter.java:640)
	at com.google.javascript.jscomp.CodePrinter.access$100(CodePrinter.java:35)
	at com.google.javascript.jscomp.CodePrinter$Builder.build(CodePrinter.java:595)
	at com.google.javascript.jscomp.Compiler.toSource(Compiler.java:1552)
	at com.google.javascript.jscomp.Compiler.access$400(Compiler.java:69)
	at com.google.javascript.jscomp.Compiler$9.call(Compiler.java:1503)
	at com.google.javascript.jscomp.Compiler$9.call(Compiler.java:1464)
	... 2 more
