--- com.google.javascript.jscomp.AliasExternalsTest::testGlobalAlias
java.lang.RuntimeException: INTERNAL COMPILER ERROR.
Please report this problem.
The name window is not consistently annotated as constant.
  Node(NAME window): testcode:1:163
window.setTimeout(function() {}, 0);var doc=window.document;window.alert("foo");window.eval("1");window.location.href="http://www.example.com";function foo() {var window = "bar"; return window}foo();
  Parent(VAR): testcode:1:159
window.setTimeout(function() {}, 0);var doc=window.document;window.alert("foo");window.eval("1");window.location.href="http://www.example.com";function foo() {var window = "bar"; return window}foo();

	at com.google.common.base.Preconditions.checkState(Preconditions.java:172)
	at com.google.javascript.jscomp.Normalize$VerifyConstants.visit(Normalize.java:275)
	at com.google.javascript.jscomp.NodeTraversal.traverseBranch(NodeTraversal.java:498)
	at com.google.javascript.jscomp.NodeTraversal.traverseBranch(NodeTraversal.java:491)
	at com.google.javascript.jscomp.NodeTraversal.traverseBranch(NodeTraversal.java:491)
	at com.google.javascript.jscomp.NodeTraversal.traverseFunction(NodeTraversal.java:536)
	at com.google.javascript.jscomp.NodeTraversal.traverseBranch(NodeTraversal.java:483)
	at com.google.javascript.jscomp.NodeTraversal.traverseBranch(NodeTraversal.java:491)
	at com.google.javascript.jscomp.NodeTraversal.traverseBranch(NodeTraversal.java:491)
	at com.google.javascript.jscomp.NodeTraversal.traverseRoots(NodeTraversal.java:304)
	at com.google.javascript.jscomp.NodeTraversal.traverseRoots(NodeTraversal.java:464)
	at com.google.javascript.jscomp.Normalize$VerifyConstants.process(Normalize.java:225)
	at com.google.javascript.jscomp.CompilerTestCase.test(CompilerTestCase.java:779)
	at com.google.javascript.jscomp.CompilerTestCase.test(CompilerTestCase.java:423)
	at com.google.javascript.jscomp.CompilerTestCase.test(CompilerTestCase.java:348)
	at com.google.javascript.jscomp.CompilerTestCase.test(CompilerTestCase.java:317)
	at com.google.javascript.jscomp.CompilerTestCase.test(CompilerTestCase.java:305)
	at com.google.javascript.jscomp.AliasExternalsTest.testGlobalAlias(AliasExternalsTest.java:67)
	at sun.reflect.NativeMethodAccessorImpl.invoke0(Native Method)
	at sun.reflect.NativeMethodAccessorImpl.invoke(NativeMethodAccessorImpl.java:57)
	at sun.reflect.DelegatingMethodAccessorImpl.invoke(DelegatingMethodAccessorImpl.java:43)
	at java.lang.reflect.Method.invoke(Method.java:606)
	at junit.framework.TestCase.runTest(TestCase.java:176)
	at junit.framework.TestCase.runBare(TestCase.java:141)
	at junit.framework.TestResult$1.protect(TestResult.java:122)
	at junit.framework.TestResult.runProtected(TestResult.java:142)
	at junit.framework.TestResult.run(TestResult.java:125)
	at junit.framework.TestCase.run(TestCase.java:129)
	at junit.framework.TestSuite.runTest(TestSuite.java:255)
	at junit.framework.TestSuite.run(TestSuite.java:250)
	at org.apache.tools.ant.taskdefs.optional.junit.JUnitTestRunner.run(JUnitTestRunner.java:520)
	at org.apache.tools.ant.taskdefs.optional.junit.JUnitTask.executeInVM(JUnitTask.java:1478)
	at org.apache.tools.ant.taskdefs.optional.junit.JUnitTask.execute(JUnitTask.java:860)
	at org.apache.tools.ant.taskdefs.optional.junit.JUnitTask.executeOrQueue(JUnitTask.java:1968)
	at org.apache.tools.ant.taskdefs.optional.junit.JUnitTask.execute1(JUnitTask.java:812)
	at org.apache.tools.ant.taskdefs.optional.junit.JUnitTask.execute(JUnitTask.java:2271)
	at org.apache.tools.ant.UnknownElement.execute(UnknownElement.java:291)
	at sun.reflect.GeneratedMethodAccessor4.invoke(Unknown Source)
	at sun.reflect.DelegatingMethodAccessorImpl.invoke(DelegatingMethodAccessorImpl.java:43)
	at java.lang.reflect.Method.invoke(Method.java:606)
	at org.apache.tools.ant.dispatch.DispatchUtils.execute(DispatchUtils.java:106)
	at org.apache.tools.ant.Task.perform(Task.java:348)
	at org.apache.tools.ant.Target.execute(Target.java:392)
	at org.apache.tools.ant.Target.performTasks(Target.java:413)
	at org.apache.tools.ant.Project.executeSortedTargets(Project.java:1399)
	at org.apache.tools.ant.Project.executeTarget(Project.java:1368)
	at org.apache.tools.ant.helper.DefaultExecutor.executeTargets(DefaultExecutor.java:41)
	at org.apache.tools.ant.Project.executeTargets(Project.java:1251)
	at org.apache.tools.ant.Main.runBuild(Main.java:811)
	at org.apache.tools.ant.Main.startAnt(Main.java:217)
	at org.apache.tools.ant.launch.Launcher.run(Launcher.java:280)
	at org.apache.tools.ant.launch.Launcher.main(Launcher.java:109)
Caused by: java.lang.IllegalStateException: The name window is not consistently annotated as constant.
	... 52 more
--- com.google.javascript.jscomp.CollapsePropertiesTest::testReferenceInAnonymousObject4
junit.framework.AssertionFailedError: 
Expected: function CreateClass(a$$1){}var a$b=CreateClass({c:function(){}});var a$d=CreateClass({c:a$b.c})
Result: function CreateClass(a){}var a$b=CreateClass({c:function(){}});var a$d=CreateClass({c:a$b.c})
Node tree inequality:
Tree1:
BLOCK [synthetic: 1]
    SCRIPT 1 [synthetic: 1] [source_file: expected0] [input_id: InputId: expected0]
        FUNCTION CreateClass 1 [source_file: expected0]
            NAME CreateClass 1 [source_file: expected0]
            LP 1 [source_file: expected0]
                NAME a$$1 1 [source_file: expected0]
            BLOCK 1 [source_file: expected0]
        VAR 1 [source_file: expected0]
            NAME a$b 1 [source_file: expected0]
                CALL 1 [free_call: 1] [source_file: expected0]
                    NAME CreateClass 1 [source_file: expected0]
                    OBJECTLIT 1 [source_file: expected0]
                        STRING c 1 [source_file: expected0]
                            FUNCTION  1 [source_file: expected0]
                                NAME  1 [source_file: expected0]
                                LP 1 [source_file: expected0]
                                BLOCK 1 [source_file: expected0]
        VAR 1 [source_file: expected0]
            NAME a$d 1 [source_file: expected0]
                CALL 1 [free_call: 1] [source_file: expected0]
                    NAME CreateClass 1 [source_file: expected0]
                    OBJECTLIT 1 [source_file: expected0]
                        STRING c 1 [source_file: expected0]
                            GETPROP 1 [source_file: expected0]
                                NAME a$b 1 [source_file: expected0]
                                STRING c 1 [source_file: expected0]


Tree2:
BLOCK [synthetic: 1]
    SCRIPT 1 [synthetic: 1] [source_file: testcode] [input_id: InputId: testcode]
        FUNCTION CreateClass 1 [source_file: testcode]
            NAME CreateClass 1 [source_file: testcode]
            LP 1 [source_file: testcode]
                NAME a 1 [source_file: testcode]
            BLOCK 1 [source_file: testcode]
        VAR 1 [source_file: testcode]
            NAME a$b 1 [originalname: a.b] [source_file: testcode]
                CALL 1 [free_call: 1] [source_file: testcode]
                    NAME CreateClass 1 [source_file: testcode]
                    OBJECTLIT 1 [source_file: testcode]
                        STRING c 1 [source_file: testcode]
                            FUNCTION  1 [source_file: testcode]
                                NAME  1 [source_file: testcode]
                                LP 1 [source_file: testcode]
                                BLOCK 1 [source_file: testcode]
        VAR 1 [source_file: testcode]
            NAME a$d 1 [originalname: a.d] [source_file: testcode]
                CALL 1 [free_call: 1] [source_file: testcode]
                    NAME CreateClass 1 [source_file: testcode]
                    OBJECTLIT 1 [source_file: testcode]
                        STRING c 1 [source_file: testcode]
                            GETPROP 1 [source_file: testcode]
                                NAME a$b 1 [originalname: a.b.c] [source_file: testcode]
                                STRING c 1 [source_file: testcode]


Subtree1: NAME a$$1 1 [source_file: expected0]


Subtree2: NAME a 1 [source_file: testcode]

	at junit.framework.Assert.fail(Assert.java:57)
	at junit.framework.Assert.assertTrue(Assert.java:22)
	at junit.framework.Assert.assertNull(Assert.java:277)
	at junit.framework.TestCase.assertNull(TestCase.java:447)
	at com.google.javascript.jscomp.CompilerTestCase.test(CompilerTestCase.java:862)
	at com.google.javascript.jscomp.CompilerTestCase.test(CompilerTestCase.java:423)
	at com.google.javascript.jscomp.CompilerTestCase.test(CompilerTestCase.java:348)
	at com.google.javascript.jscomp.CompilerTestCase.test(CompilerTestCase.java:317)
	at com.google.javascript.jscomp.CompilerTestCase.test(CompilerTestCase.java:305)
	at com.google.javascript.jscomp.CollapsePropertiesTest.testReferenceInAnonymousObject4(CollapsePropertiesTest.java:1214)
	at sun.reflect.NativeMethodAccessorImpl.invoke0(Native Method)
	at sun.reflect.NativeMethodAccessorImpl.invoke(NativeMethodAccessorImpl.java:57)
	at sun.reflect.DelegatingMethodAccessorImpl.invoke(DelegatingMethodAccessorImpl.java:43)
	at java.lang.reflect.Method.invoke(Method.java:606)
	at junit.framework.TestCase.runTest(TestCase.java:176)
	at junit.framework.TestCase.runBare(TestCase.java:141)
	at junit.framework.TestResult$1.protect(TestResult.java:122)
	at junit.framework.TestResult.runProtected(TestResult.java:142)
	at junit.framework.TestResult.run(TestResult.java:125)
	at junit.framework.TestCase.run(TestCase.java:129)
	at junit.framework.TestSuite.runTest(TestSuite.java:255)
	at junit.framework.TestSuite.run(TestSuite.java:250)
	at org.apache.tools.ant.taskdefs.optional.junit.JUnitTestRunner.run(JUnitTestRunner.java:520)
	at org.apache.tools.ant.taskdefs.optional.junit.JUnitTask.executeInVM(JUnitTask.java:1478)
	at org.apache.tools.ant.taskdefs.optional.junit.JUnitTask.execute(JUnitTask.java:860)
	at org.apache.tools.ant.taskdefs.optional.junit.JUnitTask.executeOrQueue(JUnitTask.java:1968)
	at org.apache.tools.ant.taskdefs.optional.junit.JUnitTask.execute1(JUnitTask.java:812)
	at org.apache.tools.ant.taskdefs.optional.junit.JUnitTask.execute(JUnitTask.java:2271)
	at org.apache.tools.ant.UnknownElement.execute(UnknownElement.java:291)
	at sun.reflect.GeneratedMethodAccessor4.invoke(Unknown Source)
	at sun.reflect.DelegatingMethodAccessorImpl.invoke(DelegatingMethodAccessorImpl.java:43)
	at java.lang.reflect.Method.invoke(Method.java:606)
	at org.apache.tools.ant.dispatch.DispatchUtils.execute(DispatchUtils.java:106)
	at org.apache.tools.ant.Task.perform(Task.java:348)
	at org.apache.tools.ant.Target.execute(Target.java:392)
	at org.apache.tools.ant.Target.performTasks(Target.java:413)
	at org.apache.tools.ant.Project.executeSortedTargets(Project.java:1399)
	at org.apache.tools.ant.Project.executeTarget(Project.java:1368)
	at org.apache.tools.ant.helper.DefaultExecutor.executeTargets(DefaultExecutor.java:41)
	at org.apache.tools.ant.Project.executeTargets(Project.java:1251)
	at org.apache.tools.ant.Main.runBuild(Main.java:811)
	at org.apache.tools.ant.Main.startAnt(Main.java:217)
	at org.apache.tools.ant.launch.Launcher.run(Launcher.java:280)
	at org.apache.tools.ant.launch.Launcher.main(Launcher.java:109)
--- com.google.javascript.jscomp.CollapsePropertiesTest::testReferenceInAnonymousObject5
junit.framework.AssertionFailedError: 
Expected: function CreateClass(a$$1){}var a$b=CreateClass({c:function(){}});var a$d=CreateClass({c:a$b.prototype.c})
Result: function CreateClass(a){}var a$b=CreateClass({c:function(){}});var a$d=CreateClass({c:a$b.prototype.c})
Node tree inequality:
Tree1:
BLOCK [synthetic: 1]
    SCRIPT 1 [synthetic: 1] [source_file: expected0] [input_id: InputId: expected0]
        FUNCTION CreateClass 1 [source_file: expected0]
            NAME CreateClass 1 [source_file: expected0]
            LP 1 [source_file: expected0]
                NAME a$$1 1 [source_file: expected0]
            BLOCK 1 [source_file: expected0]
        VAR 1 [source_file: expected0]
            NAME a$b 1 [source_file: expected0]
                CALL 1 [free_call: 1] [source_file: expected0]
                    NAME CreateClass 1 [source_file: expected0]
                    OBJECTLIT 1 [source_file: expected0]
                        STRING c 1 [source_file: expected0]
                            FUNCTION  1 [source_file: expected0]
                                NAME  1 [source_file: expected0]
                                LP 1 [source_file: expected0]
                                BLOCK 1 [source_file: expected0]
        VAR 1 [source_file: expected0]
            NAME a$d 1 [source_file: expected0]
                CALL 1 [free_call: 1] [source_file: expected0]
                    NAME CreateClass 1 [source_file: expected0]
                    OBJECTLIT 1 [source_file: expected0]
                        STRING c 1 [source_file: expected0]
                            GETPROP 1 [source_file: expected0]
                                GETPROP 1 [source_file: expected0]
                                    NAME a$b 1 [source_file: expected0]
                                    STRING prototype 1 [source_file: expected0]
                                STRING c 1 [source_file: expected0]


Tree2:
BLOCK [synthetic: 1]
    SCRIPT 1 [synthetic: 1] [source_file: testcode] [input_id: InputId: testcode]
        FUNCTION CreateClass 1 [source_file: testcode]
            NAME CreateClass 1 [source_file: testcode]
            LP 1 [source_file: testcode]
                NAME a 1 [source_file: testcode]
            BLOCK 1 [source_file: testcode]
        VAR 1 [source_file: testcode]
            NAME a$b 1 [originalname: a.b] [source_file: testcode]
                CALL 1 [free_call: 1] [source_file: testcode]
                    NAME CreateClass 1 [source_file: testcode]
                    OBJECTLIT 1 [source_file: testcode]
                        STRING c 1 [source_file: testcode]
                            FUNCTION  1 [source_file: testcode]
                                NAME  1 [source_file: testcode]
                                LP 1 [source_file: testcode]
                                BLOCK 1 [source_file: testcode]
        VAR 1 [source_file: testcode]
            NAME a$d 1 [originalname: a.d] [source_file: testcode]
                CALL 1 [free_call: 1] [source_file: testcode]
                    NAME CreateClass 1 [source_file: testcode]
                    OBJECTLIT 1 [source_file: testcode]
                        STRING c 1 [source_file: testcode]
                            GETPROP 1 [source_file: testcode]
                                GETPROP 1 [source_file: testcode]
                                    NAME a$b 1 [originalname: a.b] [source_file: testcode]
                                    STRING prototype 1 [source_file: testcode]
                                STRING c 1 [source_file: testcode]


Subtree1: NAME a$$1 1 [source_file: expected0]


Subtree2: NAME a 1 [source_file: testcode]

	at junit.framework.Assert.fail(Assert.java:57)
	at junit.framework.Assert.assertTrue(Assert.java:22)
	at junit.framework.Assert.assertNull(Assert.java:277)
	at junit.framework.TestCase.assertNull(TestCase.java:447)
	at com.google.javascript.jscomp.CompilerTestCase.test(CompilerTestCase.java:862)
	at com.google.javascript.jscomp.CompilerTestCase.test(CompilerTestCase.java:423)
	at com.google.javascript.jscomp.CompilerTestCase.test(CompilerTestCase.java:348)
	at com.google.javascript.jscomp.CompilerTestCase.test(CompilerTestCase.java:317)
	at com.google.javascript.jscomp.CompilerTestCase.test(CompilerTestCase.java:305)
	at com.google.javascript.jscomp.CollapsePropertiesTest.testReferenceInAnonymousObject5(CollapsePropertiesTest.java:1224)
	at sun.reflect.NativeMethodAccessorImpl.invoke0(Native Method)
	at sun.reflect.NativeMethodAccessorImpl.invoke(NativeMethodAccessorImpl.java:57)
	at sun.reflect.DelegatingMethodAccessorImpl.invoke(DelegatingMethodAccessorImpl.java:43)
	at java.lang.reflect.Method.invoke(Method.java:606)
	at junit.framework.TestCase.runTest(TestCase.java:176)
	at junit.framework.TestCase.runBare(TestCase.java:141)
	at junit.framework.TestResult$1.protect(TestResult.java:122)
	at junit.framework.TestResult.runProtected(TestResult.java:142)
	at junit.framework.TestResult.run(TestResult.java:125)
	at junit.framework.TestCase.run(TestCase.java:129)
	at junit.framework.TestSuite.runTest(TestSuite.java:255)
	at junit.framework.TestSuite.run(TestSuite.java:250)
	at org.apache.tools.ant.taskdefs.optional.junit.JUnitTestRunner.run(JUnitTestRunner.java:520)
	at org.apache.tools.ant.taskdefs.optional.junit.JUnitTask.executeInVM(JUnitTask.java:1478)
	at org.apache.tools.ant.taskdefs.optional.junit.JUnitTask.execute(JUnitTask.java:860)
	at org.apache.tools.ant.taskdefs.optional.junit.JUnitTask.executeOrQueue(JUnitTask.java:1968)
	at org.apache.tools.ant.taskdefs.optional.junit.JUnitTask.execute1(JUnitTask.java:812)
	at org.apache.tools.ant.taskdefs.optional.junit.JUnitTask.execute(JUnitTask.java:2271)
	at org.apache.tools.ant.UnknownElement.execute(UnknownElement.java:291)
	at sun.reflect.GeneratedMethodAccessor4.invoke(Unknown Source)
	at sun.reflect.DelegatingMethodAccessorImpl.invoke(DelegatingMethodAccessorImpl.java:43)
	at java.lang.reflect.Method.invoke(Method.java:606)
	at org.apache.tools.ant.dispatch.DispatchUtils.execute(DispatchUtils.java:106)
	at org.apache.tools.ant.Task.perform(Task.java:348)
	at org.apache.tools.ant.Target.execute(Target.java:392)
	at org.apache.tools.ant.Target.performTasks(Target.java:413)
	at org.apache.tools.ant.Project.executeSortedTargets(Project.java:1399)
	at org.apache.tools.ant.Project.executeTarget(Project.java:1368)
	at org.apache.tools.ant.helper.DefaultExecutor.executeTargets(DefaultExecutor.java:41)
	at org.apache.tools.ant.Project.executeTargets(Project.java:1251)
	at org.apache.tools.ant.Main.runBuild(Main.java:811)
	at org.apache.tools.ant.Main.startAnt(Main.java:217)
	at org.apache.tools.ant.launch.Launcher.run(Launcher.java:280)
	at org.apache.tools.ant.launch.Launcher.main(Launcher.java:109)
--- com.google.javascript.jscomp.GatherRawExportsTest::testExportsFound13
junit.framework.AssertionFailedError
	at junit.framework.Assert.fail(Assert.java:55)
	at junit.framework.Assert.assertTrue(Assert.java:22)
	at junit.framework.Assert.assertTrue(Assert.java:31)
	at junit.framework.TestCase.assertTrue(TestCase.java:201)
	at com.google.javascript.jscomp.GatherRawExportsTest.assertExported(GatherRawExportsTest.java:113)
	at com.google.javascript.jscomp.GatherRawExportsTest.testExportsFound13(GatherRawExportsTest.java:93)
	at sun.reflect.NativeMethodAccessorImpl.invoke0(Native Method)
	at sun.reflect.NativeMethodAccessorImpl.invoke(NativeMethodAccessorImpl.java:57)
	at sun.reflect.DelegatingMethodAccessorImpl.invoke(DelegatingMethodAccessorImpl.java:43)
	at java.lang.reflect.Method.invoke(Method.java:606)
	at junit.framework.TestCase.runTest(TestCase.java:176)
	at junit.framework.TestCase.runBare(TestCase.java:141)
	at junit.framework.TestResult$1.protect(TestResult.java:122)
	at junit.framework.TestResult.runProtected(TestResult.java:142)
	at junit.framework.TestResult.run(TestResult.java:125)
	at junit.framework.TestCase.run(TestCase.java:129)
	at junit.framework.TestSuite.runTest(TestSuite.java:255)
	at junit.framework.TestSuite.run(TestSuite.java:250)
	at org.apache.tools.ant.taskdefs.optional.junit.JUnitTestRunner.run(JUnitTestRunner.java:520)
	at org.apache.tools.ant.taskdefs.optional.junit.JUnitTask.executeInVM(JUnitTask.java:1478)
	at org.apache.tools.ant.taskdefs.optional.junit.JUnitTask.execute(JUnitTask.java:860)
	at org.apache.tools.ant.taskdefs.optional.junit.JUnitTask.executeOrQueue(JUnitTask.java:1968)
	at org.apache.tools.ant.taskdefs.optional.junit.JUnitTask.execute1(JUnitTask.java:812)
	at org.apache.tools.ant.taskdefs.optional.junit.JUnitTask.execute(JUnitTask.java:2271)
	at org.apache.tools.ant.UnknownElement.execute(UnknownElement.java:291)
	at sun.reflect.GeneratedMethodAccessor4.invoke(Unknown Source)
	at sun.reflect.DelegatingMethodAccessorImpl.invoke(DelegatingMethodAccessorImpl.java:43)
	at java.lang.reflect.Method.invoke(Method.java:606)
	at org.apache.tools.ant.dispatch.DispatchUtils.execute(DispatchUtils.java:106)
	at org.apache.tools.ant.Task.perform(Task.java:348)
	at org.apache.tools.ant.Target.execute(Target.java:392)
	at org.apache.tools.ant.Target.performTasks(Target.java:413)
	at org.apache.tools.ant.Project.executeSortedTargets(Project.java:1399)
	at org.apache.tools.ant.Project.executeTarget(Project.java:1368)
	at org.apache.tools.ant.helper.DefaultExecutor.executeTargets(DefaultExecutor.java:41)
	at org.apache.tools.ant.Project.executeTargets(Project.java:1251)
	at org.apache.tools.ant.Main.runBuild(Main.java:811)
	at org.apache.tools.ant.Main.startAnt(Main.java:217)
	at org.apache.tools.ant.launch.Launcher.run(Launcher.java:280)
	at org.apache.tools.ant.launch.Launcher.main(Launcher.java:109)
--- com.google.javascript.jscomp.InlineFunctionsTest::testShadowVariables10
junit.framework.AssertionFailedError: 
Expected: var a;function _bar(){var a$$1=a}
Result: var a;function _bar(){var a=a}
Node tree inequality:
Tree1:
BLOCK [synthetic: 1]
    SCRIPT 1 [synthetic: 1] [source_file: expected0] [input_id: InputId: expected0]
        VAR 1 [source_file: expected0]
            NAME a 1 [source_file: expected0]
        FUNCTION _bar 1 [source_file: expected0]
            NAME _bar 1 [source_file: expected0]
            LP 1 [source_file: expected0]
            BLOCK 1 [source_file: expected0]
                VAR 1 [source_file: expected0]
                    NAME a$$1 1 [source_file: expected0]
                        NAME a 1 [source_file: expected0]


Tree2:
BLOCK [synthetic: 1]
    SCRIPT 1 [synthetic: 1] [source_file: testcode] [input_id: InputId: testcode]
        VAR 1 [source_file: testcode]
            NAME a 1 [source_file: testcode]
        FUNCTION _bar 1 [source_file: testcode]
            NAME _bar 1 [source_file: testcode]
            LP 1 [source_file: testcode]
            BLOCK 1 [source_file: testcode]
                VAR 1 [source_file: testcode]
                    NAME a 1 [source_file: testcode]
                        NAME a 1 [source_file: testcode]


Subtree1: NAME a$$1 1 [source_file: expected0]
    NAME a 1 [source_file: expected0]


Subtree2: NAME a 1 [source_file: testcode]
    NAME a 1 [source_file: testcode]

	at junit.framework.Assert.fail(Assert.java:57)
	at junit.framework.Assert.assertTrue(Assert.java:22)
	at junit.framework.Assert.assertNull(Assert.java:277)
	at junit.framework.TestCase.assertNull(TestCase.java:447)
	at com.google.javascript.jscomp.CompilerTestCase.test(CompilerTestCase.java:862)
	at com.google.javascript.jscomp.CompilerTestCase.test(CompilerTestCase.java:423)
	at com.google.javascript.jscomp.CompilerTestCase.test(CompilerTestCase.java:348)
	at com.google.javascript.jscomp.CompilerTestCase.test(CompilerTestCase.java:317)
	at com.google.javascript.jscomp.CompilerTestCase.test(CompilerTestCase.java:305)
	at com.google.javascript.jscomp.InlineFunctionsTest.testShadowVariables10(InlineFunctionsTest.java:784)
	at sun.reflect.NativeMethodAccessorImpl.invoke0(Native Method)
	at sun.reflect.NativeMethodAccessorImpl.invoke(NativeMethodAccessorImpl.java:57)
	at sun.reflect.DelegatingMethodAccessorImpl.invoke(DelegatingMethodAccessorImpl.java:43)
	at java.lang.reflect.Method.invoke(Method.java:606)
	at junit.framework.TestCase.runTest(TestCase.java:176)
	at junit.framework.TestCase.runBare(TestCase.java:141)
	at junit.framework.TestResult$1.protect(TestResult.java:122)
	at junit.framework.TestResult.runProtected(TestResult.java:142)
	at junit.framework.TestResult.run(TestResult.java:125)
	at junit.framework.TestCase.run(TestCase.java:129)
	at junit.framework.TestSuite.runTest(TestSuite.java:255)
	at junit.framework.TestSuite.run(TestSuite.java:250)
	at org.apache.tools.ant.taskdefs.optional.junit.JUnitTestRunner.run(JUnitTestRunner.java:520)
	at org.apache.tools.ant.taskdefs.optional.junit.JUnitTask.executeInVM(JUnitTask.java:1478)
	at org.apache.tools.ant.taskdefs.optional.junit.JUnitTask.execute(JUnitTask.java:860)
	at org.apache.tools.ant.taskdefs.optional.junit.JUnitTask.executeOrQueue(JUnitTask.java:1968)
	at org.apache.tools.ant.taskdefs.optional.junit.JUnitTask.execute1(JUnitTask.java:812)
	at org.apache.tools.ant.taskdefs.optional.junit.JUnitTask.execute(JUnitTask.java:2271)
	at org.apache.tools.ant.UnknownElement.execute(UnknownElement.java:291)
	at sun.reflect.GeneratedMethodAccessor4.invoke(Unknown Source)
	at sun.reflect.DelegatingMethodAccessorImpl.invoke(DelegatingMethodAccessorImpl.java:43)
	at java.lang.reflect.Method.invoke(Method.java:606)
	at org.apache.tools.ant.dispatch.DispatchUtils.execute(DispatchUtils.java:106)
	at org.apache.tools.ant.Task.perform(Task.java:348)
	at org.apache.tools.ant.Target.execute(Target.java:392)
	at org.apache.tools.ant.Target.performTasks(Target.java:413)
	at org.apache.tools.ant.Project.executeSortedTargets(Project.java:1399)
	at org.apache.tools.ant.Project.executeTarget(Project.java:1368)
	at org.apache.tools.ant.helper.DefaultExecutor.executeTargets(DefaultExecutor.java:41)
	at org.apache.tools.ant.Project.executeTargets(Project.java:1251)
	at org.apache.tools.ant.Main.runBuild(Main.java:811)
	at org.apache.tools.ant.Main.startAnt(Main.java:217)
	at org.apache.tools.ant.launch.Launcher.run(Launcher.java:280)
	at org.apache.tools.ant.launch.Launcher.main(Launcher.java:109)
--- com.google.javascript.jscomp.InlineFunctionsTest::testShadowVariables11
junit.framework.AssertionFailedError: 
Expected: var a=0;var b=1;function _bar(){var a$$1=a+a;alert(a$$1)}
Result: var a=0;var b=1;function _bar(){var a=a+a;alert(a)}
Node tree inequality:
Tree1:
BLOCK [synthetic: 1]
    SCRIPT 1 [synthetic: 1] [source_file: expected0] [input_id: InputId: expected0]
        VAR 1 [source_file: expected0]
            NAME a 1 [source_file: expected0]
                NUMBER 0.0 1 [source_file: expected0]
        VAR 1 [source_file: expected0]
            NAME b 1 [source_file: expected0]
                NUMBER 1.0 1 [source_file: expected0]
        FUNCTION _bar 1 [source_file: expected0]
            NAME _bar 1 [source_file: expected0]
            LP 1 [source_file: expected0]
            BLOCK 1 [source_file: expected0]
                VAR 1 [source_file: expected0]
                    NAME a$$1 1 [source_file: expected0]
                        ADD 1 [source_file: expected0]
                            NAME a 1 [source_file: expected0]
                            NAME a 1 [source_file: expected0]
                EXPR_RESULT 1 [source_file: expected0]
                    CALL 1 [free_call: 1] [source_file: expected0]
                        NAME alert 1 [source_file: expected0]
                        NAME a$$1 1 [source_file: expected0]


Tree2:
BLOCK [synthetic: 1]
    SCRIPT 1 [synthetic: 1] [source_file: testcode] [input_id: InputId: testcode]
        VAR 1 [source_file: testcode]
            NAME a 1 [source_file: testcode]
                NUMBER 0.0 1 [source_file: testcode]
        VAR 1 [source_file: testcode]
            NAME b 1 [source_file: testcode]
                NUMBER 1.0 1 [source_file: testcode]
        FUNCTION _bar 1 [source_file: testcode]
            NAME _bar 1 [source_file: testcode]
            LP 1 [source_file: testcode]
            BLOCK 1 [source_file: testcode]
                VAR 1 [source_file: testcode]
                    NAME a 1 [source_file: testcode]
                        ADD 1 [source_file: testcode]
                            NAME a 1 [source_file: testcode]
                            NAME a 1 [source_file: testcode]
                EXPR_RESULT 1 [source_file: testcode]
                    CALL 1 [free_call: 1] [source_file: testcode]
                        NAME alert 1 [source_file: testcode]
                        NAME a 1 [source_file: testcode]


Subtree1: NAME a$$1 1 [source_file: expected0]
    ADD 1 [source_file: expected0]
        NAME a 1 [source_file: expected0]
        NAME a 1 [source_file: expected0]


Subtree2: NAME a 1 [source_file: testcode]
    ADD 1 [source_file: testcode]
        NAME a 1 [source_file: testcode]
        NAME a 1 [source_file: testcode]

	at junit.framework.Assert.fail(Assert.java:57)
	at junit.framework.Assert.assertTrue(Assert.java:22)
	at junit.framework.Assert.assertNull(Assert.java:277)
	at junit.framework.TestCase.assertNull(TestCase.java:447)
	at com.google.javascript.jscomp.CompilerTestCase.test(CompilerTestCase.java:862)
	at com.google.javascript.jscomp.CompilerTestCase.test(CompilerTestCase.java:423)
	at com.google.javascript.jscomp.CompilerTestCase.test(CompilerTestCase.java:348)
	at com.google.javascript.jscomp.CompilerTestCase.test(CompilerTestCase.java:317)
	at com.google.javascript.jscomp.CompilerTestCase.test(CompilerTestCase.java:305)
	at com.google.javascript.jscomp.InlineFunctionsTest.testShadowVariables11(InlineFunctionsTest.java:792)
	at sun.reflect.NativeMethodAccessorImpl.invoke0(Native Method)
	at sun.reflect.NativeMethodAccessorImpl.invoke(NativeMethodAccessorImpl.java:57)
	at sun.reflect.DelegatingMethodAccessorImpl.invoke(DelegatingMethodAccessorImpl.java:43)
	at java.lang.reflect.Method.invoke(Method.java:606)
	at junit.framework.TestCase.runTest(TestCase.java:176)
	at junit.framework.TestCase.runBare(TestCase.java:141)
	at junit.framework.TestResult$1.protect(TestResult.java:122)
	at junit.framework.TestResult.runProtected(TestResult.java:142)
	at junit.framework.TestResult.run(TestResult.java:125)
	at junit.framework.TestCase.run(TestCase.java:129)
	at junit.framework.TestSuite.runTest(TestSuite.java:255)
	at junit.framework.TestSuite.run(TestSuite.java:250)
	at org.apache.tools.ant.taskdefs.optional.junit.JUnitTestRunner.run(JUnitTestRunner.java:520)
	at org.apache.tools.ant.taskdefs.optional.junit.JUnitTask.executeInVM(JUnitTask.java:1478)
	at org.apache.tools.ant.taskdefs.optional.junit.JUnitTask.execute(JUnitTask.java:860)
	at org.apache.tools.ant.taskdefs.optional.junit.JUnitTask.executeOrQueue(JUnitTask.java:1968)
	at org.apache.tools.ant.taskdefs.optional.junit.JUnitTask.execute1(JUnitTask.java:812)
	at org.apache.tools.ant.taskdefs.optional.junit.JUnitTask.execute(JUnitTask.java:2271)
	at org.apache.tools.ant.UnknownElement.execute(UnknownElement.java:291)
	at sun.reflect.GeneratedMethodAccessor4.invoke(Unknown Source)
	at sun.reflect.DelegatingMethodAccessorImpl.invoke(DelegatingMethodAccessorImpl.java:43)
	at java.lang.reflect.Method.invoke(Method.java:606)
	at org.apache.tools.ant.dispatch.DispatchUtils.execute(DispatchUtils.java:106)
	at org.apache.tools.ant.Task.perform(Task.java:348)
	at org.apache.tools.ant.Target.execute(Target.java:392)
	at org.apache.tools.ant.Target.performTasks(Target.java:413)
	at org.apache.tools.ant.Project.executeSortedTargets(Project.java:1399)
	at org.apache.tools.ant.Project.executeTarget(Project.java:1368)
	at org.apache.tools.ant.helper.DefaultExecutor.executeTargets(DefaultExecutor.java:41)
	at org.apache.tools.ant.Project.executeTargets(Project.java:1251)
	at org.apache.tools.ant.Main.runBuild(Main.java:811)
	at org.apache.tools.ant.Main.startAnt(Main.java:217)
	at org.apache.tools.ant.launch.Launcher.run(Launcher.java:280)
	at org.apache.tools.ant.launch.Launcher.main(Launcher.java:109)
--- com.google.javascript.jscomp.InlineFunctionsTest::testShadowVariables12
junit.framework.AssertionFailedError: 
Expected: var a=0;var b=1;function _bar(){var a$$1=a+b;var b$$1;alert(a$$1)}
Result: var a=0;var b=1;function _bar(){var a=a+b;var b;alert(a)}
Node tree inequality:
Tree1:
BLOCK [synthetic: 1]
    SCRIPT 1 [synthetic: 1] [source_file: expected0] [input_id: InputId: expected0]
        VAR 1 [source_file: expected0]
            NAME a 1 [source_file: expected0]
                NUMBER 0.0 1 [source_file: expected0]
        VAR 1 [source_file: expected0]
            NAME b 1 [source_file: expected0]
                NUMBER 1.0 1 [source_file: expected0]
        FUNCTION _bar 1 [source_file: expected0]
            NAME _bar 1 [source_file: expected0]
            LP 1 [source_file: expected0]
            BLOCK 1 [source_file: expected0]
                VAR 1
                    NAME a$$1 1 [source_file: expected0]
                        ADD 1 [source_file: expected0]
                            NAME a 1 [source_file: expected0]
                            NAME b 1 [source_file: expected0]
                VAR 1 [source_file: expected0]
                    NAME b$$1 1 [source_file: expected0]
                EXPR_RESULT 1 [source_file: expected0]
                    CALL 1 [free_call: 1] [source_file: expected0]
                        NAME alert 1 [source_file: expected0]
                        NAME a$$1 1 [source_file: expected0]


Tree2:
BLOCK [synthetic: 1]
    SCRIPT 1 [synthetic: 1] [source_file: testcode] [input_id: InputId: testcode]
        VAR 1 [source_file: testcode]
            NAME a 1 [source_file: testcode]
                NUMBER 0.0 1 [source_file: testcode]
        VAR 1 [source_file: testcode]
            NAME b 1 [source_file: testcode]
                NUMBER 1.0 1 [source_file: testcode]
        FUNCTION _bar 1 [source_file: testcode]
            NAME _bar 1 [source_file: testcode]
            LP 1 [source_file: testcode]
            BLOCK 1 [source_file: testcode]
                VAR 1
                    NAME a 1 [source_file: testcode]
                        ADD 1 [source_file: testcode]
                            NAME a 1 [source_file: testcode]
                            NAME b 1 [source_file: testcode]
                VAR 1 [source_file: testcode]
                    NAME b 1 [source_file: testcode]
                EXPR_RESULT 1 [source_file: testcode]
                    CALL 1 [free_call: 1] [source_file: testcode]
                        NAME alert 1 [source_file: testcode]
                        NAME a 1 [source_file: testcode]


Subtree1: NAME a$$1 1 [source_file: expected0]
    ADD 1 [source_file: expected0]
        NAME a 1 [source_file: expected0]
        NAME b 1 [source_file: expected0]


Subtree2: NAME a 1 [source_file: testcode]
    ADD 1 [source_file: testcode]
        NAME a 1 [source_file: testcode]
        NAME b 1 [source_file: testcode]

	at junit.framework.Assert.fail(Assert.java:57)
	at junit.framework.Assert.assertTrue(Assert.java:22)
	at junit.framework.Assert.assertNull(Assert.java:277)
	at junit.framework.TestCase.assertNull(TestCase.java:447)
	at com.google.javascript.jscomp.CompilerTestCase.test(CompilerTestCase.java:862)
	at com.google.javascript.jscomp.CompilerTestCase.test(CompilerTestCase.java:423)
	at com.google.javascript.jscomp.CompilerTestCase.test(CompilerTestCase.java:348)
	at com.google.javascript.jscomp.CompilerTestCase.test(CompilerTestCase.java:317)
	at com.google.javascript.jscomp.CompilerTestCase.test(CompilerTestCase.java:305)
	at com.google.javascript.jscomp.InlineFunctionsTest.testShadowVariables12(InlineFunctionsTest.java:803)
	at sun.reflect.NativeMethodAccessorImpl.invoke0(Native Method)
	at sun.reflect.NativeMethodAccessorImpl.invoke(NativeMethodAccessorImpl.java:57)
	at sun.reflect.DelegatingMethodAccessorImpl.invoke(DelegatingMethodAccessorImpl.java:43)
	at java.lang.reflect.Method.invoke(Method.java:606)
	at junit.framework.TestCase.runTest(TestCase.java:176)
	at junit.framework.TestCase.runBare(TestCase.java:141)
	at junit.framework.TestResult$1.protect(TestResult.java:122)
	at junit.framework.TestResult.runProtected(TestResult.java:142)
	at junit.framework.TestResult.run(TestResult.java:125)
	at junit.framework.TestCase.run(TestCase.java:129)
	at junit.framework.TestSuite.runTest(TestSuite.java:255)
	at junit.framework.TestSuite.run(TestSuite.java:250)
	at org.apache.tools.ant.taskdefs.optional.junit.JUnitTestRunner.run(JUnitTestRunner.java:520)
	at org.apache.tools.ant.taskdefs.optional.junit.JUnitTask.executeInVM(JUnitTask.java:1478)
	at org.apache.tools.ant.taskdefs.optional.junit.JUnitTask.execute(JUnitTask.java:860)
	at org.apache.tools.ant.taskdefs.optional.junit.JUnitTask.executeOrQueue(JUnitTask.java:1968)
	at org.apache.tools.ant.taskdefs.optional.junit.JUnitTask.execute1(JUnitTask.java:812)
	at org.apache.tools.ant.taskdefs.optional.junit.JUnitTask.execute(JUnitTask.java:2271)
	at org.apache.tools.ant.UnknownElement.execute(UnknownElement.java:291)
	at sun.reflect.GeneratedMethodAccessor4.invoke(Unknown Source)
	at sun.reflect.DelegatingMethodAccessorImpl.invoke(DelegatingMethodAccessorImpl.java:43)
	at java.lang.reflect.Method.invoke(Method.java:606)
	at org.apache.tools.ant.dispatch.DispatchUtils.execute(DispatchUtils.java:106)
	at org.apache.tools.ant.Task.perform(Task.java:348)
	at org.apache.tools.ant.Target.execute(Target.java:392)
	at org.apache.tools.ant.Target.performTasks(Target.java:413)
	at org.apache.tools.ant.Project.executeSortedTargets(Project.java:1399)
	at org.apache.tools.ant.Project.executeTarget(Project.java:1368)
	at org.apache.tools.ant.helper.DefaultExecutor.executeTargets(DefaultExecutor.java:41)
	at org.apache.tools.ant.Project.executeTargets(Project.java:1251)
	at org.apache.tools.ant.Main.runBuild(Main.java:811)
	at org.apache.tools.ant.Main.startAnt(Main.java:217)
	at org.apache.tools.ant.launch.Launcher.run(Launcher.java:280)
	at org.apache.tools.ant.launch.Launcher.main(Launcher.java:109)
--- com.google.javascript.jscomp.InlineFunctionsTest::testShadowVariables14
junit.framework.AssertionFailedError: 
Expected: var a=0;var b=1;function _bar(){var c=a+b;var b$$1;alert(c)}
Result: var a=0;var b=1;function _bar(){var c=a+b;var b;alert(c)}
Node tree inequality:
Tree1:
BLOCK [synthetic: 1]
    SCRIPT 1 [synthetic: 1] [source_file: expected0] [input_id: InputId: expected0]
        VAR 1 [source_file: expected0]
            NAME a 1 [source_file: expected0]
                NUMBER 0.0 1 [source_file: expected0]
        VAR 1 [source_file: expected0]
            NAME b 1 [source_file: expected0]
                NUMBER 1.0 1 [source_file: expected0]
        FUNCTION _bar 1 [source_file: expected0]
            NAME _bar 1 [source_file: expected0]
            LP 1 [source_file: expected0]
            BLOCK 1 [source_file: expected0]
                VAR 1
                    NAME c 1 [source_file: expected0]
                        ADD 1 [source_file: expected0]
                            NAME a 1 [source_file: expected0]
                            NAME b 1 [source_file: expected0]
                VAR 1 [source_file: expected0]
                    NAME b$$1 1 [source_file: expected0]
                EXPR_RESULT 1 [source_file: expected0]
                    CALL 1 [free_call: 1] [source_file: expected0]
                        NAME alert 1 [source_file: expected0]
                        NAME c 1 [source_file: expected0]


Tree2:
BLOCK [synthetic: 1]
    SCRIPT 1 [synthetic: 1] [source_file: testcode] [input_id: InputId: testcode]
        VAR 1 [source_file: testcode]
            NAME a 1 [source_file: testcode]
                NUMBER 0.0 1 [source_file: testcode]
        VAR 1 [source_file: testcode]
            NAME b 1 [source_file: testcode]
                NUMBER 1.0 1 [source_file: testcode]
        FUNCTION _bar 1 [source_file: testcode]
            NAME _bar 1 [source_file: testcode]
            LP 1 [source_file: testcode]
            BLOCK 1 [source_file: testcode]
                VAR 1
                    NAME c 1 [source_file: testcode]
                        ADD 1 [source_file: testcode]
                            NAME a 1 [source_file: testcode]
                            NAME b 1 [source_file: testcode]
                VAR 1 [source_file: testcode]
                    NAME b 1 [source_file: testcode]
                EXPR_RESULT 1 [source_file: testcode]
                    CALL 1 [free_call: 1] [source_file: testcode]
                        NAME alert 1 [source_file: testcode]
                        NAME c 1 [source_file: testcode]


Subtree1: NAME b$$1 1 [source_file: expected0]


Subtree2: NAME b 1 [source_file: testcode]

	at junit.framework.Assert.fail(Assert.java:57)
	at junit.framework.Assert.assertTrue(Assert.java:22)
	at junit.framework.Assert.assertNull(Assert.java:277)
	at junit.framework.TestCase.assertNull(TestCase.java:447)
	at com.google.javascript.jscomp.CompilerTestCase.test(CompilerTestCase.java:862)
	at com.google.javascript.jscomp.CompilerTestCase.test(CompilerTestCase.java:423)
	at com.google.javascript.jscomp.CompilerTestCase.test(CompilerTestCase.java:348)
	at com.google.javascript.jscomp.CompilerTestCase.test(CompilerTestCase.java:317)
	at com.google.javascript.jscomp.CompilerTestCase.test(CompilerTestCase.java:305)
	at com.google.javascript.jscomp.InlineFunctionsTest.testShadowVariables14(InlineFunctionsTest.java:824)
	at sun.reflect.NativeMethodAccessorImpl.invoke0(Native Method)
	at sun.reflect.NativeMethodAccessorImpl.invoke(NativeMethodAccessorImpl.java:57)
	at sun.reflect.DelegatingMethodAccessorImpl.invoke(DelegatingMethodAccessorImpl.java:43)
	at java.lang.reflect.Method.invoke(Method.java:606)
	at junit.framework.TestCase.runTest(TestCase.java:176)
	at junit.framework.TestCase.runBare(TestCase.java:141)
	at junit.framework.TestResult$1.protect(TestResult.java:122)
	at junit.framework.TestResult.runProtected(TestResult.java:142)
	at junit.framework.TestResult.run(TestResult.java:125)
	at junit.framework.TestCase.run(TestCase.java:129)
	at junit.framework.TestSuite.runTest(TestSuite.java:255)
	at junit.framework.TestSuite.run(TestSuite.java:250)
	at org.apache.tools.ant.taskdefs.optional.junit.JUnitTestRunner.run(JUnitTestRunner.java:520)
	at org.apache.tools.ant.taskdefs.optional.junit.JUnitTask.executeInVM(JUnitTask.java:1478)
	at org.apache.tools.ant.taskdefs.optional.junit.JUnitTask.execute(JUnitTask.java:860)
	at org.apache.tools.ant.taskdefs.optional.junit.JUnitTask.executeOrQueue(JUnitTask.java:1968)
	at org.apache.tools.ant.taskdefs.optional.junit.JUnitTask.execute1(JUnitTask.java:812)
	at org.apache.tools.ant.taskdefs.optional.junit.JUnitTask.execute(JUnitTask.java:2271)
	at org.apache.tools.ant.UnknownElement.execute(UnknownElement.java:291)
	at sun.reflect.GeneratedMethodAccessor4.invoke(Unknown Source)
	at sun.reflect.DelegatingMethodAccessorImpl.invoke(DelegatingMethodAccessorImpl.java:43)
	at java.lang.reflect.Method.invoke(Method.java:606)
	at org.apache.tools.ant.dispatch.DispatchUtils.execute(DispatchUtils.java:106)
	at org.apache.tools.ant.Task.perform(Task.java:348)
	at org.apache.tools.ant.Target.execute(Target.java:392)
	at org.apache.tools.ant.Target.performTasks(Target.java:413)
	at org.apache.tools.ant.Project.executeSortedTargets(Project.java:1399)
	at org.apache.tools.ant.Project.executeTarget(Project.java:1368)
	at org.apache.tools.ant.helper.DefaultExecutor.executeTargets(DefaultExecutor.java:41)
	at org.apache.tools.ant.Project.executeTargets(Project.java:1251)
	at org.apache.tools.ant.Main.runBuild(Main.java:811)
	at org.apache.tools.ant.Main.startAnt(Main.java:217)
	at org.apache.tools.ant.launch.Launcher.run(Launcher.java:280)
	at org.apache.tools.ant.launch.Launcher.main(Launcher.java:109)
--- com.google.javascript.jscomp.InlineFunctionsTest::testShadowVariables17
junit.framework.AssertionFailedError: 
Expected: var a=0;function _goo(){var a$$1=2;var x=a+a}
Result: var a=0;function _goo(){var a=2;var x=a+a}
Node tree inequality:
Tree1:
BLOCK [synthetic: 1]
    SCRIPT 1 [synthetic: 1] [source_file: expected0] [input_id: InputId: expected0]
        VAR 1 [source_file: expected0]
            NAME a 1 [source_file: expected0]
                NUMBER 0.0 1 [source_file: expected0]
        FUNCTION _goo 1 [source_file: expected0]
            NAME _goo 1 [source_file: expected0]
            LP 1 [source_file: expected0]
            BLOCK 1 [source_file: expected0]
                VAR 1 [source_file: expected0]
                    NAME a$$1 1 [source_file: expected0]
                        NUMBER 2.0 1 [source_file: expected0]
                VAR 1 [source_file: expected0]
                    NAME x 1 [source_file: expected0]
                        ADD 1 [source_file: expected0]
                            NAME a 1 [source_file: expected0]
                            NAME a 1 [source_file: expected0]


Tree2:
BLOCK [synthetic: 1]
    SCRIPT 1 [synthetic: 1] [source_file: testcode] [input_id: InputId: testcode]
        VAR 1 [source_file: testcode]
            NAME a 1 [source_file: testcode]
                NUMBER 0.0 1 [source_file: testcode]
        FUNCTION _goo 1 [source_file: testcode]
            NAME _goo 1 [source_file: testcode]
            LP 1 [source_file: testcode]
            BLOCK 1 [source_file: testcode]
                VAR 1 [source_file: testcode]
                    NAME a 1 [source_file: testcode]
                        NUMBER 2.0 1 [source_file: testcode]
                VAR 1 [source_file: testcode]
                    NAME x 1 [source_file: testcode]
                        ADD 1 [source_file: testcode]
                            NAME a 1 [source_file: testcode]
                            NAME a 1 [source_file: testcode]


Subtree1: NAME a$$1 1 [source_file: expected0]
    NUMBER 2.0 1 [source_file: expected0]


Subtree2: NAME a 1 [source_file: testcode]
    NUMBER 2.0 1 [source_file: testcode]

	at junit.framework.Assert.fail(Assert.java:57)
	at junit.framework.Assert.assertTrue(Assert.java:22)
	at junit.framework.Assert.assertNull(Assert.java:277)
	at junit.framework.TestCase.assertNull(TestCase.java:447)
	at com.google.javascript.jscomp.CompilerTestCase.test(CompilerTestCase.java:862)
	at com.google.javascript.jscomp.CompilerTestCase.test(CompilerTestCase.java:423)
	at com.google.javascript.jscomp.CompilerTestCase.test(CompilerTestCase.java:348)
	at com.google.javascript.jscomp.CompilerTestCase.test(CompilerTestCase.java:317)
	at com.google.javascript.jscomp.CompilerTestCase.test(CompilerTestCase.java:305)
	at com.google.javascript.jscomp.InlineFunctionsTest.testShadowVariables17(InlineFunctionsTest.java:864)
	at sun.reflect.NativeMethodAccessorImpl.invoke0(Native Method)
	at sun.reflect.NativeMethodAccessorImpl.invoke(NativeMethodAccessorImpl.java:57)
	at sun.reflect.DelegatingMethodAccessorImpl.invoke(DelegatingMethodAccessorImpl.java:43)
	at java.lang.reflect.Method.invoke(Method.java:606)
	at junit.framework.TestCase.runTest(TestCase.java:176)
	at junit.framework.TestCase.runBare(TestCase.java:141)
	at junit.framework.TestResult$1.protect(TestResult.java:122)
	at junit.framework.TestResult.runProtected(TestResult.java:142)
	at junit.framework.TestResult.run(TestResult.java:125)
	at junit.framework.TestCase.run(TestCase.java:129)
	at junit.framework.TestSuite.runTest(TestSuite.java:255)
	at junit.framework.TestSuite.run(TestSuite.java:250)
	at org.apache.tools.ant.taskdefs.optional.junit.JUnitTestRunner.run(JUnitTestRunner.java:520)
	at org.apache.tools.ant.taskdefs.optional.junit.JUnitTask.executeInVM(JUnitTask.java:1478)
	at org.apache.tools.ant.taskdefs.optional.junit.JUnitTask.execute(JUnitTask.java:860)
	at org.apache.tools.ant.taskdefs.optional.junit.JUnitTask.executeOrQueue(JUnitTask.java:1968)
	at org.apache.tools.ant.taskdefs.optional.junit.JUnitTask.execute1(JUnitTask.java:812)
	at org.apache.tools.ant.taskdefs.optional.junit.JUnitTask.execute(JUnitTask.java:2271)
	at org.apache.tools.ant.UnknownElement.execute(UnknownElement.java:291)
	at sun.reflect.GeneratedMethodAccessor4.invoke(Unknown Source)
	at sun.reflect.DelegatingMethodAccessorImpl.invoke(DelegatingMethodAccessorImpl.java:43)
	at java.lang.reflect.Method.invoke(Method.java:606)
	at org.apache.tools.ant.dispatch.DispatchUtils.execute(DispatchUtils.java:106)
	at org.apache.tools.ant.Task.perform(Task.java:348)
	at org.apache.tools.ant.Target.execute(Target.java:392)
	at org.apache.tools.ant.Target.performTasks(Target.java:413)
	at org.apache.tools.ant.Project.executeSortedTargets(Project.java:1399)
	at org.apache.tools.ant.Project.executeTarget(Project.java:1368)
	at org.apache.tools.ant.helper.DefaultExecutor.executeTargets(DefaultExecutor.java:41)
	at org.apache.tools.ant.Project.executeTargets(Project.java:1251)
	at org.apache.tools.ant.Main.runBuild(Main.java:811)
	at org.apache.tools.ant.Main.startAnt(Main.java:217)
	at org.apache.tools.ant.launch.Launcher.run(Launcher.java:280)
	at org.apache.tools.ant.launch.Launcher.main(Launcher.java:109)
--- com.google.javascript.jscomp.InlineFunctionsTest::testShadowVariables18
junit.framework.AssertionFailedError: 
Expected: var a=0;function _goo(){var a$$2=2;var x;var a$$inline_0=3;x=a+a}
Result: var a=0;function _goo(){var a$$1=2;var x;var a$$inline_0=3;x=a+a}
Node tree inequality:
Tree1:
BLOCK [synthetic: 1]
    SCRIPT 1 [synthetic: 1] [source_file: expected0] [input_id: InputId: expected0]
        VAR 1 [source_file: expected0]
            NAME a 1 [source_file: expected0]
                NUMBER 0.0 1 [source_file: expected0]
        FUNCTION _goo 1 [source_file: expected0]
            NAME _goo 1 [source_file: expected0]
            LP 1 [source_file: expected0]
            BLOCK 1 [source_file: expected0]
                VAR 1 [source_file: expected0]
                    NAME a$$2 1 [source_file: expected0]
                        NUMBER 2.0 1 [source_file: expected0]
                VAR 1 [source_file: expected0]
                    NAME x 1 [source_file: expected0]
                BLOCK 1 [source_file: expected0]
                    VAR 1 [source_file: expected0]
                        NAME a$$inline_0 1 [source_file: expected0]
                            NUMBER 3.0 1 [source_file: expected0]
                    EXPR_RESULT 1 [source_file: expected0]
                        ASSIGN 1 [source_file: expected0]
                            NAME x 1 [source_file: expected0]
                            ADD 1 [source_file: expected0]
                                NAME a 1 [source_file: expected0]
                                NAME a 1 [source_file: expected0]


Tree2:
BLOCK [synthetic: 1]
    SCRIPT 1 [synthetic: 1] [source_file: testcode] [input_id: InputId: testcode]
        VAR 1 [source_file: testcode]
            NAME a 1 [source_file: testcode]
                NUMBER 0.0 1 [source_file: testcode]
        FUNCTION _goo 1 [source_file: testcode]
            NAME _goo 1 [source_file: testcode]
            LP 1 [source_file: testcode]
            BLOCK 1 [source_file: testcode]
                VAR 1 [source_file: testcode]
                    NAME a$$1 1 [source_file: testcode]
                        NUMBER 2.0 1 [source_file: testcode]
                VAR 1 [source_file: testcode]
                    NAME x 1 [source_file: testcode]
                BLOCK 1 [source_file: testcode]
                    VAR 1 [source_file: testcode]
                        NAME a$$inline_0 1 [source_file: testcode]
                            NUMBER 3.0 1 [source_file: testcode]
                    EXPR_RESULT 1 [source_file: testcode]
                        ASSIGN 1 [source_file: testcode]
                            NAME x 1 [source_file: testcode]
                            ADD 1 [source_file: testcode]
                                NAME a 1 [source_file: testcode]
                                NAME a 1 [source_file: testcode]


Subtree1: NAME a$$2 1 [source_file: expected0]
    NUMBER 2.0 1 [source_file: expected0]


Subtree2: NAME a$$1 1 [source_file: testcode]
    NUMBER 2.0 1 [source_file: testcode]

	at junit.framework.Assert.fail(Assert.java:57)
	at junit.framework.Assert.assertTrue(Assert.java:22)
	at junit.framework.Assert.assertNull(Assert.java:277)
	at junit.framework.TestCase.assertNull(TestCase.java:447)
	at com.google.javascript.jscomp.CompilerTestCase.test(CompilerTestCase.java:862)
	at com.google.javascript.jscomp.CompilerTestCase.test(CompilerTestCase.java:423)
	at com.google.javascript.jscomp.CompilerTestCase.test(CompilerTestCase.java:348)
	at com.google.javascript.jscomp.CompilerTestCase.test(CompilerTestCase.java:317)
	at com.google.javascript.jscomp.CompilerTestCase.test(CompilerTestCase.java:305)
	at com.google.javascript.jscomp.InlineFunctionsTest.testShadowVariables18(InlineFunctionsTest.java:874)
	at sun.reflect.NativeMethodAccessorImpl.invoke0(Native Method)
	at sun.reflect.NativeMethodAccessorImpl.invoke(NativeMethodAccessorImpl.java:57)
	at sun.reflect.DelegatingMethodAccessorImpl.invoke(DelegatingMethodAccessorImpl.java:43)
	at java.lang.reflect.Method.invoke(Method.java:606)
	at junit.framework.TestCase.runTest(TestCase.java:176)
	at junit.framework.TestCase.runBare(TestCase.java:141)
	at junit.framework.TestResult$1.protect(TestResult.java:122)
	at junit.framework.TestResult.runProtected(TestResult.java:142)
	at junit.framework.TestResult.run(TestResult.java:125)
	at junit.framework.TestCase.run(TestCase.java:129)
	at junit.framework.TestSuite.runTest(TestSuite.java:255)
	at junit.framework.TestSuite.run(TestSuite.java:250)
	at org.apache.tools.ant.taskdefs.optional.junit.JUnitTestRunner.run(JUnitTestRunner.java:520)
	at org.apache.tools.ant.taskdefs.optional.junit.JUnitTask.executeInVM(JUnitTask.java:1478)
	at org.apache.tools.ant.taskdefs.optional.junit.JUnitTask.execute(JUnitTask.java:860)
	at org.apache.tools.ant.taskdefs.optional.junit.JUnitTask.executeOrQueue(JUnitTask.java:1968)
	at org.apache.tools.ant.taskdefs.optional.junit.JUnitTask.execute1(JUnitTask.java:812)
	at org.apache.tools.ant.taskdefs.optional.junit.JUnitTask.execute(JUnitTask.java:2271)
	at org.apache.tools.ant.UnknownElement.execute(UnknownElement.java:291)
	at sun.reflect.GeneratedMethodAccessor4.invoke(Unknown Source)
	at sun.reflect.DelegatingMethodAccessorImpl.invoke(DelegatingMethodAccessorImpl.java:43)
	at java.lang.reflect.Method.invoke(Method.java:606)
	at org.apache.tools.ant.dispatch.DispatchUtils.execute(DispatchUtils.java:106)
	at org.apache.tools.ant.Task.perform(Task.java:348)
	at org.apache.tools.ant.Target.execute(Target.java:392)
	at org.apache.tools.ant.Target.performTasks(Target.java:413)
	at org.apache.tools.ant.Project.executeSortedTargets(Project.java:1399)
	at org.apache.tools.ant.Project.executeTarget(Project.java:1368)
	at org.apache.tools.ant.helper.DefaultExecutor.executeTargets(DefaultExecutor.java:41)
	at org.apache.tools.ant.Project.executeTargets(Project.java:1251)
	at org.apache.tools.ant.Main.runBuild(Main.java:811)
	at org.apache.tools.ant.Main.startAnt(Main.java:217)
	at org.apache.tools.ant.launch.Launcher.run(Launcher.java:280)
	at org.apache.tools.ant.launch.Launcher.main(Launcher.java:109)
--- com.google.javascript.jscomp.InlineFunctionsTest::testNoInlineMaskedFunction
junit.framework.AssertionFailedError: 
Expected: function _f(g$$1){return g$$1()}
Result: var g=function(){return 0};function _f(g){return 0}
Node tree inequality:
Tree1:
BLOCK [synthetic: 1]
    SCRIPT 1 [synthetic: 1] [source_file: expected0] [input_id: InputId: expected0]
        FUNCTION _f 1 [source_file: expected0]
            NAME _f 1 [source_file: expected0]
            LP 1 [source_file: expected0]
                NAME g$$1 1 [source_file: expected0]
            BLOCK 1 [source_file: expected0]
                RETURN 1 [source_file: expected0]
                    CALL 1 [free_call: 1] [source_file: expected0]
                        NAME g$$1 1 [source_file: expected0]


Tree2:
BLOCK [synthetic: 1]
    SCRIPT 1 [synthetic: 1] [source_file: testcode] [input_id: InputId: testcode]
        VAR 1 [source_file: testcode]
            NAME g 1 [source_file: testcode]
                FUNCTION  1 [source_file: testcode]
                    NAME  1 [source_file: testcode]
                    LP 1 [source_file: testcode]
                    BLOCK 1 [source_file: testcode]
                        RETURN 1 [source_file: testcode]
                            NUMBER 0.0 1 [source_file: testcode]
        FUNCTION _f 1 [source_file: testcode]
            NAME _f 1 [source_file: testcode]
            LP 1 [source_file: testcode]
                NAME g 1 [source_file: testcode]
            BLOCK 1 [source_file: testcode]
                RETURN 1 [source_file: testcode]
                    NUMBER 0.0 1 [source_file: testcode]


Subtree1: SCRIPT 1 [synthetic: 1] [source_file: expected0] [input_id: InputId: expected0]
    FUNCTION _f 1 [source_file: expected0]
        NAME _f 1 [source_file: expected0]
        LP 1 [source_file: expected0]
            NAME g$$1 1 [source_file: expected0]
        BLOCK 1 [source_file: expected0]
            RETURN 1 [source_file: expected0]
                CALL 1 [free_call: 1] [source_file: expected0]
                    NAME g$$1 1 [source_file: expected0]


Subtree2: SCRIPT 1 [synthetic: 1] [source_file: testcode] [input_id: InputId: testcode]
    VAR 1 [source_file: testcode]
        NAME g 1 [source_file: testcode]
            FUNCTION  1 [source_file: testcode]
                NAME  1 [source_file: testcode]
                LP 1 [source_file: testcode]
                BLOCK 1 [source_file: testcode]
                    RETURN 1 [source_file: testcode]
                        NUMBER 0.0 1 [source_file: testcode]
    FUNCTION _f 1 [source_file: testcode]
        NAME _f 1 [source_file: testcode]
        LP 1 [source_file: testcode]
            NAME g 1 [source_file: testcode]
        BLOCK 1 [source_file: testcode]
            RETURN 1 [source_file: testcode]
                NUMBER 0.0 1 [source_file: testcode]

	at junit.framework.Assert.fail(Assert.java:57)
	at junit.framework.Assert.assertTrue(Assert.java:22)
	at junit.framework.Assert.assertNull(Assert.java:277)
	at junit.framework.TestCase.assertNull(TestCase.java:447)
	at com.google.javascript.jscomp.CompilerTestCase.test(CompilerTestCase.java:862)
	at com.google.javascript.jscomp.CompilerTestCase.test(CompilerTestCase.java:423)
	at com.google.javascript.jscomp.CompilerTestCase.test(CompilerTestCase.java:348)
	at com.google.javascript.jscomp.CompilerTestCase.test(CompilerTestCase.java:317)
	at com.google.javascript.jscomp.CompilerTestCase.test(CompilerTestCase.java:305)
	at com.google.javascript.jscomp.InlineFunctionsTest.testNoInlineMaskedFunction(InlineFunctionsTest.java:1144)
	at sun.reflect.NativeMethodAccessorImpl.invoke0(Native Method)
	at sun.reflect.NativeMethodAccessorImpl.invoke(NativeMethodAccessorImpl.java:57)
	at sun.reflect.DelegatingMethodAccessorImpl.invoke(DelegatingMethodAccessorImpl.java:43)
	at java.lang.reflect.Method.invoke(Method.java:606)
	at junit.framework.TestCase.runTest(TestCase.java:176)
	at junit.framework.TestCase.runBare(TestCase.java:141)
	at junit.framework.TestResult$1.protect(TestResult.java:122)
	at junit.framework.TestResult.runProtected(TestResult.java:142)
	at junit.framework.TestResult.run(TestResult.java:125)
	at junit.framework.TestCase.run(TestCase.java:129)
	at junit.framework.TestSuite.runTest(TestSuite.java:255)
	at junit.framework.TestSuite.run(TestSuite.java:250)
	at org.apache.tools.ant.taskdefs.optional.junit.JUnitTestRunner.run(JUnitTestRunner.java:520)
	at org.apache.tools.ant.taskdefs.optional.junit.JUnitTask.executeInVM(JUnitTask.java:1478)
	at org.apache.tools.ant.taskdefs.optional.junit.JUnitTask.execute(JUnitTask.java:860)
	at org.apache.tools.ant.taskdefs.optional.junit.JUnitTask.executeOrQueue(JUnitTask.java:1968)
	at org.apache.tools.ant.taskdefs.optional.junit.JUnitTask.execute1(JUnitTask.java:812)
	at org.apache.tools.ant.taskdefs.optional.junit.JUnitTask.execute(JUnitTask.java:2271)
	at org.apache.tools.ant.UnknownElement.execute(UnknownElement.java:291)
	at sun.reflect.GeneratedMethodAccessor4.invoke(Unknown Source)
	at sun.reflect.DelegatingMethodAccessorImpl.invoke(DelegatingMethodAccessorImpl.java:43)
	at java.lang.reflect.Method.invoke(Method.java:606)
	at org.apache.tools.ant.dispatch.DispatchUtils.execute(DispatchUtils.java:106)
	at org.apache.tools.ant.Task.perform(Task.java:348)
	at org.apache.tools.ant.Target.execute(Target.java:392)
	at org.apache.tools.ant.Target.performTasks(Target.java:413)
	at org.apache.tools.ant.Project.executeSortedTargets(Project.java:1399)
	at org.apache.tools.ant.Project.executeTarget(Project.java:1368)
	at org.apache.tools.ant.helper.DefaultExecutor.executeTargets(DefaultExecutor.java:41)
	at org.apache.tools.ant.Project.executeTargets(Project.java:1251)
	at org.apache.tools.ant.Main.runBuild(Main.java:811)
	at org.apache.tools.ant.Main.startAnt(Main.java:217)
	at org.apache.tools.ant.launch.Launcher.run(Launcher.java:280)
	at org.apache.tools.ant.launch.Launcher.main(Launcher.java:109)
--- com.google.javascript.jscomp.InlineFunctionsTest::testNoInlineOfNonGlobalFunction1
junit.framework.AssertionFailedError: 
Expected: var g;function _f(){}function _h(){return g()}
Result: var g;function _f(){}function _h(){return 0}
Node tree inequality:
Tree1:
BLOCK [synthetic: 1]
    SCRIPT 1 [synthetic: 1] [source_file: expected0] [input_id: InputId: expected0]
        VAR 1 [source_file: expected0]
            NAME g 1 [source_file: expected0]
        FUNCTION _f 1 [source_file: expected0]
            NAME _f 1 [source_file: expected0]
            LP 1 [source_file: expected0]
            BLOCK 1 [source_file: expected0]
        FUNCTION _h 1 [source_file: expected0]
            NAME _h 1 [source_file: expected0]
            LP 1 [source_file: expected0]
            BLOCK 1 [source_file: expected0]
                RETURN 1 [source_file: expected0]
                    CALL 1 [free_call: 1] [source_file: expected0]
                        NAME g 1 [source_file: expected0]


Tree2:
BLOCK [synthetic: 1]
    SCRIPT 1 [synthetic: 1] [source_file: testcode] [input_id: InputId: testcode]
        VAR 1 [source_file: testcode]
            NAME g 1 [source_file: testcode]
        FUNCTION _f 1 [source_file: testcode]
            NAME _f 1 [source_file: testcode]
            LP 1 [source_file: testcode]
            BLOCK 1 [source_file: testcode]
        FUNCTION _h 1 [source_file: testcode]
            NAME _h 1 [source_file: testcode]
            LP 1 [source_file: testcode]
            BLOCK 1 [source_file: testcode]
                RETURN 1 [source_file: testcode]
                    NUMBER 0.0 1 [source_file: testcode]


Subtree1: CALL 1 [free_call: 1] [source_file: expected0]
    NAME g 1 [source_file: expected0]


Subtree2: NUMBER 0.0 1 [source_file: testcode]

	at junit.framework.Assert.fail(Assert.java:57)
	at junit.framework.Assert.assertTrue(Assert.java:22)
	at junit.framework.Assert.assertNull(Assert.java:277)
	at junit.framework.TestCase.assertNull(TestCase.java:447)
	at com.google.javascript.jscomp.CompilerTestCase.test(CompilerTestCase.java:862)
	at com.google.javascript.jscomp.CompilerTestCase.test(CompilerTestCase.java:423)
	at com.google.javascript.jscomp.CompilerTestCase.test(CompilerTestCase.java:348)
	at com.google.javascript.jscomp.CompilerTestCase.test(CompilerTestCase.java:317)
	at com.google.javascript.jscomp.CompilerTestCase.test(CompilerTestCase.java:305)
	at com.google.javascript.jscomp.InlineFunctionsTest.testNoInlineOfNonGlobalFunction1(InlineFunctionsTest.java:1113)
	at sun.reflect.NativeMethodAccessorImpl.invoke0(Native Method)
	at sun.reflect.NativeMethodAccessorImpl.invoke(NativeMethodAccessorImpl.java:57)
	at sun.reflect.DelegatingMethodAccessorImpl.invoke(DelegatingMethodAccessorImpl.java:43)
	at java.lang.reflect.Method.invoke(Method.java:606)
	at junit.framework.TestCase.runTest(TestCase.java:176)
	at junit.framework.TestCase.runBare(TestCase.java:141)
	at junit.framework.TestResult$1.protect(TestResult.java:122)
	at junit.framework.TestResult.runProtected(TestResult.java:142)
	at junit.framework.TestResult.run(TestResult.java:125)
	at junit.framework.TestCase.run(TestCase.java:129)
	at junit.framework.TestSuite.runTest(TestSuite.java:255)
	at junit.framework.TestSuite.run(TestSuite.java:250)
	at org.apache.tools.ant.taskdefs.optional.junit.JUnitTestRunner.run(JUnitTestRunner.java:520)
	at org.apache.tools.ant.taskdefs.optional.junit.JUnitTask.executeInVM(JUnitTask.java:1478)
	at org.apache.tools.ant.taskdefs.optional.junit.JUnitTask.execute(JUnitTask.java:860)
	at org.apache.tools.ant.taskdefs.optional.junit.JUnitTask.executeOrQueue(JUnitTask.java:1968)
	at org.apache.tools.ant.taskdefs.optional.junit.JUnitTask.execute1(JUnitTask.java:812)
	at org.apache.tools.ant.taskdefs.optional.junit.JUnitTask.execute(JUnitTask.java:2271)
	at org.apache.tools.ant.UnknownElement.execute(UnknownElement.java:291)
	at sun.reflect.GeneratedMethodAccessor4.invoke(Unknown Source)
	at sun.reflect.DelegatingMethodAccessorImpl.invoke(DelegatingMethodAccessorImpl.java:43)
	at java.lang.reflect.Method.invoke(Method.java:606)
	at org.apache.tools.ant.dispatch.DispatchUtils.execute(DispatchUtils.java:106)
	at org.apache.tools.ant.Task.perform(Task.java:348)
	at org.apache.tools.ant.Target.execute(Target.java:392)
	at org.apache.tools.ant.Target.performTasks(Target.java:413)
	at org.apache.tools.ant.Project.executeSortedTargets(Project.java:1399)
	at org.apache.tools.ant.Project.executeTarget(Project.java:1368)
	at org.apache.tools.ant.helper.DefaultExecutor.executeTargets(DefaultExecutor.java:41)
	at org.apache.tools.ant.Project.executeTargets(Project.java:1251)
	at org.apache.tools.ant.Main.runBuild(Main.java:811)
	at org.apache.tools.ant.Main.startAnt(Main.java:217)
	at org.apache.tools.ant.launch.Launcher.run(Launcher.java:280)
	at org.apache.tools.ant.launch.Launcher.main(Launcher.java:109)
--- com.google.javascript.jscomp.InlineFunctionsTest::testNoInlineOfNonGlobalFunction2
junit.framework.AssertionFailedError: 
Expected: var g;function _f(){}function _h(){return g()}
Result: var g;function _f(){}function _h(){return 0}
Node tree inequality:
Tree1:
BLOCK [synthetic: 1]
    SCRIPT 1 [synthetic: 1] [source_file: expected0] [input_id: InputId: expected0]
        VAR 1 [source_file: expected0]
            NAME g 1 [source_file: expected0]
        FUNCTION _f 1 [source_file: expected0]
            NAME _f 1 [source_file: expected0]
            LP 1 [source_file: expected0]
            BLOCK 1 [source_file: expected0]
        FUNCTION _h 1 [source_file: expected0]
            NAME _h 1 [source_file: expected0]
            LP 1 [source_file: expected0]
            BLOCK 1 [source_file: expected0]
                RETURN 1 [source_file: expected0]
                    CALL 1 [free_call: 1] [source_file: expected0]
                        NAME g 1 [source_file: expected0]


Tree2:
BLOCK [synthetic: 1]
    SCRIPT 1 [synthetic: 1] [source_file: testcode] [input_id: InputId: testcode]
        VAR 1 [source_file: testcode]
            NAME g 1 [source_file: testcode]
        FUNCTION _f 1 [source_file: testcode]
            NAME _f 1 [source_file: testcode]
            LP 1 [source_file: testcode]
            BLOCK 1 [source_file: testcode]
        FUNCTION _h 1 [source_file: testcode]
            NAME _h 1 [source_file: testcode]
            LP 1 [source_file: testcode]
            BLOCK 1 [source_file: testcode]
                RETURN 1 [source_file: testcode]
                    NUMBER 0.0 1 [source_file: testcode]


Subtree1: CALL 1 [free_call: 1] [source_file: expected0]
    NAME g 1 [source_file: expected0]


Subtree2: NUMBER 0.0 1 [source_file: testcode]

	at junit.framework.Assert.fail(Assert.java:57)
	at junit.framework.Assert.assertTrue(Assert.java:22)
	at junit.framework.Assert.assertNull(Assert.java:277)
	at junit.framework.TestCase.assertNull(TestCase.java:447)
	at com.google.javascript.jscomp.CompilerTestCase.test(CompilerTestCase.java:862)
	at com.google.javascript.jscomp.CompilerTestCase.test(CompilerTestCase.java:423)
	at com.google.javascript.jscomp.CompilerTestCase.test(CompilerTestCase.java:348)
	at com.google.javascript.jscomp.CompilerTestCase.test(CompilerTestCase.java:317)
	at com.google.javascript.jscomp.CompilerTestCase.test(CompilerTestCase.java:305)
	at com.google.javascript.jscomp.InlineFunctionsTest.testNoInlineOfNonGlobalFunction2(InlineFunctionsTest.java:1120)
	at sun.reflect.NativeMethodAccessorImpl.invoke0(Native Method)
	at sun.reflect.NativeMethodAccessorImpl.invoke(NativeMethodAccessorImpl.java:57)
	at sun.reflect.DelegatingMethodAccessorImpl.invoke(DelegatingMethodAccessorImpl.java:43)
	at java.lang.reflect.Method.invoke(Method.java:606)
	at junit.framework.TestCase.runTest(TestCase.java:176)
	at junit.framework.TestCase.runBare(TestCase.java:141)
	at junit.framework.TestResult$1.protect(TestResult.java:122)
	at junit.framework.TestResult.runProtected(TestResult.java:142)
	at junit.framework.TestResult.run(TestResult.java:125)
	at junit.framework.TestCase.run(TestCase.java:129)
	at junit.framework.TestSuite.runTest(TestSuite.java:255)
	at junit.framework.TestSuite.run(TestSuite.java:250)
	at org.apache.tools.ant.taskdefs.optional.junit.JUnitTestRunner.run(JUnitTestRunner.java:520)
	at org.apache.tools.ant.taskdefs.optional.junit.JUnitTask.executeInVM(JUnitTask.java:1478)
	at org.apache.tools.ant.taskdefs.optional.junit.JUnitTask.execute(JUnitTask.java:860)
	at org.apache.tools.ant.taskdefs.optional.junit.JUnitTask.executeOrQueue(JUnitTask.java:1968)
	at org.apache.tools.ant.taskdefs.optional.junit.JUnitTask.execute1(JUnitTask.java:812)
	at org.apache.tools.ant.taskdefs.optional.junit.JUnitTask.execute(JUnitTask.java:2271)
	at org.apache.tools.ant.UnknownElement.execute(UnknownElement.java:291)
	at sun.reflect.GeneratedMethodAccessor4.invoke(Unknown Source)
	at sun.reflect.DelegatingMethodAccessorImpl.invoke(DelegatingMethodAccessorImpl.java:43)
	at java.lang.reflect.Method.invoke(Method.java:606)
	at org.apache.tools.ant.dispatch.DispatchUtils.execute(DispatchUtils.java:106)
	at org.apache.tools.ant.Task.perform(Task.java:348)
	at org.apache.tools.ant.Target.execute(Target.java:392)
	at org.apache.tools.ant.Target.performTasks(Target.java:413)
	at org.apache.tools.ant.Project.executeSortedTargets(Project.java:1399)
	at org.apache.tools.ant.Project.executeTarget(Project.java:1368)
	at org.apache.tools.ant.helper.DefaultExecutor.executeTargets(DefaultExecutor.java:41)
	at org.apache.tools.ant.Project.executeTargets(Project.java:1251)
	at org.apache.tools.ant.Main.runBuild(Main.java:811)
	at org.apache.tools.ant.Main.startAnt(Main.java:217)
	at org.apache.tools.ant.launch.Launcher.run(Launcher.java:280)
	at org.apache.tools.ant.launch.Launcher.main(Launcher.java:109)
--- com.google.javascript.jscomp.InlineFunctionsTest::testNoInlineOfNonGlobalFunction3
junit.framework.AssertionFailedError: 
Expected: var g;function _f(){}function _h(){return g()}
Result: var g;function _f(){}function _h(){return 0}
Node tree inequality:
Tree1:
BLOCK [synthetic: 1]
    SCRIPT 1 [synthetic: 1] [source_file: expected0] [input_id: InputId: expected0]
        VAR 1 [source_file: expected0]
            NAME g 1 [source_file: expected0]
        FUNCTION _f 1 [source_file: expected0]
            NAME _f 1 [source_file: expected0]
            LP 1 [source_file: expected0]
            BLOCK 1 [source_file: expected0]
        FUNCTION _h 1 [source_file: expected0]
            NAME _h 1 [source_file: expected0]
            LP 1 [source_file: expected0]
            BLOCK 1 [source_file: expected0]
                RETURN 1 [source_file: expected0]
                    CALL 1 [free_call: 1] [source_file: expected0]
                        NAME g 1 [source_file: expected0]


Tree2:
BLOCK [synthetic: 1]
    SCRIPT 1 [synthetic: 1] [source_file: testcode] [input_id: InputId: testcode]
        VAR 1 [source_file: testcode]
            NAME g 1 [source_file: testcode]
        FUNCTION _f 1 [source_file: testcode]
            NAME _f 1 [source_file: testcode]
            LP 1 [source_file: testcode]
            BLOCK 1 [source_file: testcode]
        FUNCTION _h 1 [source_file: testcode]
            NAME _h 1 [source_file: testcode]
            LP 1 [source_file: testcode]
            BLOCK 1 [source_file: testcode]
                RETURN 1 [source_file: testcode]
                    NUMBER 0.0 1 [source_file: testcode]


Subtree1: CALL 1 [free_call: 1] [source_file: expected0]
    NAME g 1 [source_file: expected0]


Subtree2: NUMBER 0.0 1 [source_file: testcode]

	at junit.framework.Assert.fail(Assert.java:57)
	at junit.framework.Assert.assertTrue(Assert.java:22)
	at junit.framework.Assert.assertNull(Assert.java:277)
	at junit.framework.TestCase.assertNull(TestCase.java:447)
	at com.google.javascript.jscomp.CompilerTestCase.test(CompilerTestCase.java:862)
	at com.google.javascript.jscomp.CompilerTestCase.test(CompilerTestCase.java:423)
	at com.google.javascript.jscomp.CompilerTestCase.test(CompilerTestCase.java:348)
	at com.google.javascript.jscomp.CompilerTestCase.test(CompilerTestCase.java:317)
	at com.google.javascript.jscomp.CompilerTestCase.test(CompilerTestCase.java:305)
	at com.google.javascript.jscomp.InlineFunctionsTest.testNoInlineOfNonGlobalFunction3(InlineFunctionsTest.java:1127)
	at sun.reflect.NativeMethodAccessorImpl.invoke0(Native Method)
	at sun.reflect.NativeMethodAccessorImpl.invoke(NativeMethodAccessorImpl.java:57)
	at sun.reflect.DelegatingMethodAccessorImpl.invoke(DelegatingMethodAccessorImpl.java:43)
	at java.lang.reflect.Method.invoke(Method.java:606)
	at junit.framework.TestCase.runTest(TestCase.java:176)
	at junit.framework.TestCase.runBare(TestCase.java:141)
	at junit.framework.TestResult$1.protect(TestResult.java:122)
	at junit.framework.TestResult.runProtected(TestResult.java:142)
	at junit.framework.TestResult.run(TestResult.java:125)
	at junit.framework.TestCase.run(TestCase.java:129)
	at junit.framework.TestSuite.runTest(TestSuite.java:255)
	at junit.framework.TestSuite.run(TestSuite.java:250)
	at org.apache.tools.ant.taskdefs.optional.junit.JUnitTestRunner.run(JUnitTestRunner.java:520)
	at org.apache.tools.ant.taskdefs.optional.junit.JUnitTask.executeInVM(JUnitTask.java:1478)
	at org.apache.tools.ant.taskdefs.optional.junit.JUnitTask.execute(JUnitTask.java:860)
	at org.apache.tools.ant.taskdefs.optional.junit.JUnitTask.executeOrQueue(JUnitTask.java:1968)
	at org.apache.tools.ant.taskdefs.optional.junit.JUnitTask.execute1(JUnitTask.java:812)
	at org.apache.tools.ant.taskdefs.optional.junit.JUnitTask.execute(JUnitTask.java:2271)
	at org.apache.tools.ant.UnknownElement.execute(UnknownElement.java:291)
	at sun.reflect.GeneratedMethodAccessor4.invoke(Unknown Source)
	at sun.reflect.DelegatingMethodAccessorImpl.invoke(DelegatingMethodAccessorImpl.java:43)
	at java.lang.reflect.Method.invoke(Method.java:606)
	at org.apache.tools.ant.dispatch.DispatchUtils.execute(DispatchUtils.java:106)
	at org.apache.tools.ant.Task.perform(Task.java:348)
	at org.apache.tools.ant.Target.execute(Target.java:392)
	at org.apache.tools.ant.Target.performTasks(Target.java:413)
	at org.apache.tools.ant.Project.executeSortedTargets(Project.java:1399)
	at org.apache.tools.ant.Project.executeTarget(Project.java:1368)
	at org.apache.tools.ant.helper.DefaultExecutor.executeTargets(DefaultExecutor.java:41)
	at org.apache.tools.ant.Project.executeTargets(Project.java:1251)
	at org.apache.tools.ant.Main.runBuild(Main.java:811)
	at org.apache.tools.ant.Main.startAnt(Main.java:217)
	at org.apache.tools.ant.launch.Launcher.run(Launcher.java:280)
	at org.apache.tools.ant.launch.Launcher.main(Launcher.java:109)
--- com.google.javascript.jscomp.InlineFunctionsTest::testNoInlineOfNonGlobalFunction4
junit.framework.AssertionFailedError: 
Expected: var g;function _f(){}function _h(){return g()}
Result: var g;function _f(){}function _h(){return 0}
Node tree inequality:
Tree1:
BLOCK [synthetic: 1]
    SCRIPT 1 [synthetic: 1] [source_file: expected0] [input_id: InputId: expected0]
        VAR 1 [source_file: expected0]
            NAME g 1 [source_file: expected0]
        FUNCTION _f 1 [source_file: expected0]
            NAME _f 1 [source_file: expected0]
            LP 1 [source_file: expected0]
            BLOCK 1 [source_file: expected0]
        FUNCTION _h 1 [source_file: expected0]
            NAME _h 1 [source_file: expected0]
            LP 1 [source_file: expected0]
            BLOCK 1 [source_file: expected0]
                RETURN 1 [source_file: expected0]
                    CALL 1 [free_call: 1] [source_file: expected0]
                        NAME g 1 [source_file: expected0]


Tree2:
BLOCK [synthetic: 1]
    SCRIPT 1 [synthetic: 1] [source_file: testcode] [input_id: InputId: testcode]
        VAR 1 [source_file: testcode]
            NAME g 1 [source_file: testcode]
        FUNCTION _f 1 [source_file: testcode]
            NAME _f 1 [source_file: testcode]
            LP 1 [source_file: testcode]
            BLOCK 1 [source_file: testcode]
        FUNCTION _h 1 [source_file: testcode]
            NAME _h 1 [source_file: testcode]
            LP 1 [source_file: testcode]
            BLOCK 1 [source_file: testcode]
                RETURN 1 [source_file: testcode]
                    NUMBER 0.0 1 [source_file: testcode]


Subtree1: CALL 1 [free_call: 1] [source_file: expected0]
    NAME g 1 [source_file: expected0]


Subtree2: NUMBER 0.0 1 [source_file: testcode]

	at junit.framework.Assert.fail(Assert.java:57)
	at junit.framework.Assert.assertTrue(Assert.java:22)
	at junit.framework.Assert.assertNull(Assert.java:277)
	at junit.framework.TestCase.assertNull(TestCase.java:447)
	at com.google.javascript.jscomp.CompilerTestCase.test(CompilerTestCase.java:862)
	at com.google.javascript.jscomp.CompilerTestCase.test(CompilerTestCase.java:423)
	at com.google.javascript.jscomp.CompilerTestCase.test(CompilerTestCase.java:348)
	at com.google.javascript.jscomp.CompilerTestCase.test(CompilerTestCase.java:317)
	at com.google.javascript.jscomp.CompilerTestCase.test(CompilerTestCase.java:305)
	at com.google.javascript.jscomp.InlineFunctionsTest.testNoInlineOfNonGlobalFunction4(InlineFunctionsTest.java:1134)
	at sun.reflect.NativeMethodAccessorImpl.invoke0(Native Method)
	at sun.reflect.NativeMethodAccessorImpl.invoke(NativeMethodAccessorImpl.java:57)
	at sun.reflect.DelegatingMethodAccessorImpl.invoke(DelegatingMethodAccessorImpl.java:43)
	at java.lang.reflect.Method.invoke(Method.java:606)
	at junit.framework.TestCase.runTest(TestCase.java:176)
	at junit.framework.TestCase.runBare(TestCase.java:141)
	at junit.framework.TestResult$1.protect(TestResult.java:122)
	at junit.framework.TestResult.runProtected(TestResult.java:142)
	at junit.framework.TestResult.run(TestResult.java:125)
	at junit.framework.TestCase.run(TestCase.java:129)
	at junit.framework.TestSuite.runTest(TestSuite.java:255)
	at junit.framework.TestSuite.run(TestSuite.java:250)
	at org.apache.tools.ant.taskdefs.optional.junit.JUnitTestRunner.run(JUnitTestRunner.java:520)
	at org.apache.tools.ant.taskdefs.optional.junit.JUnitTask.executeInVM(JUnitTask.java:1478)
	at org.apache.tools.ant.taskdefs.optional.junit.JUnitTask.execute(JUnitTask.java:860)
	at org.apache.tools.ant.taskdefs.optional.junit.JUnitTask.executeOrQueue(JUnitTask.java:1968)
	at org.apache.tools.ant.taskdefs.optional.junit.JUnitTask.execute1(JUnitTask.java:812)
	at org.apache.tools.ant.taskdefs.optional.junit.JUnitTask.execute(JUnitTask.java:2271)
	at org.apache.tools.ant.UnknownElement.execute(UnknownElement.java:291)
	at sun.reflect.GeneratedMethodAccessor4.invoke(Unknown Source)
	at sun.reflect.DelegatingMethodAccessorImpl.invoke(DelegatingMethodAccessorImpl.java:43)
	at java.lang.reflect.Method.invoke(Method.java:606)
	at org.apache.tools.ant.dispatch.DispatchUtils.execute(DispatchUtils.java:106)
	at org.apache.tools.ant.Task.perform(Task.java:348)
	at org.apache.tools.ant.Target.execute(Target.java:392)
	at org.apache.tools.ant.Target.performTasks(Target.java:413)
	at org.apache.tools.ant.Project.executeSortedTargets(Project.java:1399)
	at org.apache.tools.ant.Project.executeTarget(Project.java:1368)
	at org.apache.tools.ant.helper.DefaultExecutor.executeTargets(DefaultExecutor.java:41)
	at org.apache.tools.ant.Project.executeTargets(Project.java:1251)
	at org.apache.tools.ant.Main.runBuild(Main.java:811)
	at org.apache.tools.ant.Main.startAnt(Main.java:217)
	at org.apache.tools.ant.launch.Launcher.run(Launcher.java:280)
	at org.apache.tools.ant.launch.Launcher.main(Launcher.java:109)
--- com.google.javascript.jscomp.InlineFunctionsTest::testShadowVariables4
junit.framework.AssertionFailedError: 
Expected: var a=0;function _bar(a$$1){a$$1=3+a+a$$1}
Result: var a=0;function _bar(a){a=3+a+a}
Node tree inequality:
Tree1:
BLOCK [synthetic: 1]
    SCRIPT 1 [synthetic: 1] [source_file: expected0] [input_id: InputId: expected0]
        VAR 1 [source_file: expected0]
            NAME a 1 [source_file: expected0]
                NUMBER 0.0 1 [source_file: expected0]
        FUNCTION _bar 1 [source_file: expected0]
            NAME _bar 1 [source_file: expected0]
            LP 1 [source_file: expected0]
                NAME a$$1 1 [source_file: expected0]
            BLOCK 1 [source_file: expected0]
                EXPR_RESULT 1 [source_file: expected0]
                    ASSIGN 1 [source_file: expected0]
                        NAME a$$1 1 [source_file: expected0]
                        ADD 1 [source_file: expected0]
                            ADD 1 [source_file: expected0]
                                NUMBER 3.0 1 [source_file: expected0]
                                NAME a 1 [source_file: expected0]
                            NAME a$$1 1 [source_file: expected0]


Tree2:
BLOCK [synthetic: 1]
    SCRIPT 1 [synthetic: 1] [source_file: testcode] [input_id: InputId: testcode]
        VAR 1 [source_file: testcode]
            NAME a 1 [source_file: testcode]
                NUMBER 0.0 1 [source_file: testcode]
        FUNCTION _bar 1 [source_file: testcode]
            NAME _bar 1 [source_file: testcode]
            LP 1 [source_file: testcode]
                NAME a 1 [source_file: testcode]
            BLOCK 1 [source_file: testcode]
                EXPR_RESULT 1 [source_file: testcode]
                    ASSIGN 1 [source_file: testcode]
                        NAME a 1 [source_file: testcode]
                        ADD 1 [source_file: testcode]
                            ADD 1 [source_file: testcode]
                                NUMBER 3.0 1 [source_file: testcode]
                                NAME a 1 [source_file: testcode]
                            NAME a 1 [source_file: testcode]


Subtree1: NAME a$$1 1 [source_file: expected0]


Subtree2: NAME a 1 [source_file: testcode]

	at junit.framework.Assert.fail(Assert.java:57)
	at junit.framework.Assert.assertTrue(Assert.java:22)
	at junit.framework.Assert.assertNull(Assert.java:277)
	at junit.framework.TestCase.assertNull(TestCase.java:447)
	at com.google.javascript.jscomp.CompilerTestCase.test(CompilerTestCase.java:862)
	at com.google.javascript.jscomp.CompilerTestCase.test(CompilerTestCase.java:423)
	at com.google.javascript.jscomp.CompilerTestCase.test(CompilerTestCase.java:348)
	at com.google.javascript.jscomp.CompilerTestCase.test(CompilerTestCase.java:317)
	at com.google.javascript.jscomp.CompilerTestCase.test(CompilerTestCase.java:305)
	at com.google.javascript.jscomp.InlineFunctionsTest.testShadowVariables4(InlineFunctionsTest.java:718)
	at sun.reflect.NativeMethodAccessorImpl.invoke0(Native Method)
	at sun.reflect.NativeMethodAccessorImpl.invoke(NativeMethodAccessorImpl.java:57)
	at sun.reflect.DelegatingMethodAccessorImpl.invoke(DelegatingMethodAccessorImpl.java:43)
	at java.lang.reflect.Method.invoke(Method.java:606)
	at junit.framework.TestCase.runTest(TestCase.java:176)
	at junit.framework.TestCase.runBare(TestCase.java:141)
	at junit.framework.TestResult$1.protect(TestResult.java:122)
	at junit.framework.TestResult.runProtected(TestResult.java:142)
	at junit.framework.TestResult.run(TestResult.java:125)
	at junit.framework.TestCase.run(TestCase.java:129)
	at junit.framework.TestSuite.runTest(TestSuite.java:255)
	at junit.framework.TestSuite.run(TestSuite.java:250)
	at org.apache.tools.ant.taskdefs.optional.junit.JUnitTestRunner.run(JUnitTestRunner.java:520)
	at org.apache.tools.ant.taskdefs.optional.junit.JUnitTask.executeInVM(JUnitTask.java:1478)
	at org.apache.tools.ant.taskdefs.optional.junit.JUnitTask.execute(JUnitTask.java:860)
	at org.apache.tools.ant.taskdefs.optional.junit.JUnitTask.executeOrQueue(JUnitTask.java:1968)
	at org.apache.tools.ant.taskdefs.optional.junit.JUnitTask.execute1(JUnitTask.java:812)
	at org.apache.tools.ant.taskdefs.optional.junit.JUnitTask.execute(JUnitTask.java:2271)
	at org.apache.tools.ant.UnknownElement.execute(UnknownElement.java:291)
	at sun.reflect.GeneratedMethodAccessor4.invoke(Unknown Source)
	at sun.reflect.DelegatingMethodAccessorImpl.invoke(DelegatingMethodAccessorImpl.java:43)
	at java.lang.reflect.Method.invoke(Method.java:606)
	at org.apache.tools.ant.dispatch.DispatchUtils.execute(DispatchUtils.java:106)
	at org.apache.tools.ant.Task.perform(Task.java:348)
	at org.apache.tools.ant.Target.execute(Target.java:392)
	at org.apache.tools.ant.Target.performTasks(Target.java:413)
	at org.apache.tools.ant.Project.executeSortedTargets(Project.java:1399)
	at org.apache.tools.ant.Project.executeTarget(Project.java:1368)
	at org.apache.tools.ant.helper.DefaultExecutor.executeTargets(DefaultExecutor.java:41)
	at org.apache.tools.ant.Project.executeTargets(Project.java:1251)
	at org.apache.tools.ant.Main.runBuild(Main.java:811)
	at org.apache.tools.ant.Main.startAnt(Main.java:217)
	at org.apache.tools.ant.launch.Launcher.run(Launcher.java:280)
	at org.apache.tools.ant.launch.Launcher.main(Launcher.java:109)
--- com.google.javascript.jscomp.InlineFunctionsTest::testShadowVariables6
junit.framework.AssertionFailedError: 
Expected: var a=0;function _bar(a$$2){var a$$inline_0=4;a$$2=3+a$$inline_0}
Result: var a=0;function _bar(a$$1){var a$$inline_0=4;a$$1=3+a$$inline_0}
Node tree inequality:
Tree1:
BLOCK [synthetic: 1]
    SCRIPT 1 [synthetic: 1] [source_file: expected0] [input_id: InputId: expected0]
        VAR 1 [source_file: expected0]
            NAME a 1 [source_file: expected0]
                NUMBER 0.0 1 [source_file: expected0]
        FUNCTION _bar 1 [source_file: expected0]
            NAME _bar 1 [source_file: expected0]
            LP 1 [source_file: expected0]
                NAME a$$2 1 [source_file: expected0]
            BLOCK 1 [source_file: expected0]
                BLOCK 1 [source_file: expected0]
                    VAR 1 [source_file: expected0]
                        NAME a$$inline_0 1 [source_file: expected0]
                            NUMBER 4.0 1 [source_file: expected0]
                    EXPR_RESULT 1 [source_file: expected0]
                        ASSIGN 1 [source_file: expected0]
                            NAME a$$2 1 [source_file: expected0]
                            ADD 1 [source_file: expected0]
                                NUMBER 3.0 1 [source_file: expected0]
                                NAME a$$inline_0 1 [source_file: expected0]


Tree2:
BLOCK [synthetic: 1]
    SCRIPT 1 [synthetic: 1] [source_file: testcode] [input_id: InputId: testcode]
        VAR 1 [source_file: testcode]
            NAME a 1 [source_file: testcode]
                NUMBER 0.0 1 [source_file: testcode]
        FUNCTION _bar 1 [source_file: testcode]
            NAME _bar 1 [source_file: testcode]
            LP 1 [source_file: testcode]
                NAME a$$1 1 [source_file: testcode]
            BLOCK 1 [source_file: testcode]
                BLOCK 1 [source_file: testcode]
                    VAR 1 [source_file: testcode]
                        NAME a$$inline_0 1 [source_file: testcode]
                            NUMBER 4.0 1 [source_file: testcode]
                    EXPR_RESULT 1 [source_file: testcode]
                        ASSIGN 1 [source_file: testcode]
                            NAME a$$1 1 [source_file: testcode]
                            ADD 1 [source_file: testcode]
                                NUMBER 3.0 1 [source_file: testcode]
                                NAME a$$inline_0 1 [source_file: testcode]


Subtree1: NAME a$$2 1 [source_file: expected0]


Subtree2: NAME a$$1 1 [source_file: testcode]

	at junit.framework.Assert.fail(Assert.java:57)
	at junit.framework.Assert.assertTrue(Assert.java:22)
	at junit.framework.Assert.assertNull(Assert.java:277)
	at junit.framework.TestCase.assertNull(TestCase.java:447)
	at com.google.javascript.jscomp.CompilerTestCase.test(CompilerTestCase.java:862)
	at com.google.javascript.jscomp.CompilerTestCase.test(CompilerTestCase.java:423)
	at com.google.javascript.jscomp.CompilerTestCase.test(CompilerTestCase.java:348)
	at com.google.javascript.jscomp.CompilerTestCase.test(CompilerTestCase.java:317)
	at com.google.javascript.jscomp.CompilerTestCase.test(CompilerTestCase.java:305)
	at com.google.javascript.jscomp.InlineFunctionsTest.testShadowVariables6(InlineFunctionsTest.java:737)
	at sun.reflect.NativeMethodAccessorImpl.invoke0(Native Method)
	at sun.reflect.NativeMethodAccessorImpl.invoke(NativeMethodAccessorImpl.java:57)
	at sun.reflect.DelegatingMethodAccessorImpl.invoke(DelegatingMethodAccessorImpl.java:43)
	at java.lang.reflect.Method.invoke(Method.java:606)
	at junit.framework.TestCase.runTest(TestCase.java:176)
	at junit.framework.TestCase.runBare(TestCase.java:141)
	at junit.framework.TestResult$1.protect(TestResult.java:122)
	at junit.framework.TestResult.runProtected(TestResult.java:142)
	at junit.framework.TestResult.run(TestResult.java:125)
	at junit.framework.TestCase.run(TestCase.java:129)
	at junit.framework.TestSuite.runTest(TestSuite.java:255)
	at junit.framework.TestSuite.run(TestSuite.java:250)
	at org.apache.tools.ant.taskdefs.optional.junit.JUnitTestRunner.run(JUnitTestRunner.java:520)
	at org.apache.tools.ant.taskdefs.optional.junit.JUnitTask.executeInVM(JUnitTask.java:1478)
	at org.apache.tools.ant.taskdefs.optional.junit.JUnitTask.execute(JUnitTask.java:860)
	at org.apache.tools.ant.taskdefs.optional.junit.JUnitTask.executeOrQueue(JUnitTask.java:1968)
	at org.apache.tools.ant.taskdefs.optional.junit.JUnitTask.execute1(JUnitTask.java:812)
	at org.apache.tools.ant.taskdefs.optional.junit.JUnitTask.execute(JUnitTask.java:2271)
	at org.apache.tools.ant.UnknownElement.execute(UnknownElement.java:291)
	at sun.reflect.GeneratedMethodAccessor4.invoke(Unknown Source)
	at sun.reflect.DelegatingMethodAccessorImpl.invoke(DelegatingMethodAccessorImpl.java:43)
	at java.lang.reflect.Method.invoke(Method.java:606)
	at org.apache.tools.ant.dispatch.DispatchUtils.execute(DispatchUtils.java:106)
	at org.apache.tools.ant.Task.perform(Task.java:348)
	at org.apache.tools.ant.Target.execute(Target.java:392)
	at org.apache.tools.ant.Target.performTasks(Target.java:413)
	at org.apache.tools.ant.Project.executeSortedTargets(Project.java:1399)
	at org.apache.tools.ant.Project.executeTarget(Project.java:1368)
	at org.apache.tools.ant.helper.DefaultExecutor.executeTargets(DefaultExecutor.java:41)
	at org.apache.tools.ant.Project.executeTargets(Project.java:1251)
	at org.apache.tools.ant.Main.runBuild(Main.java:811)
	at org.apache.tools.ant.Main.startAnt(Main.java:217)
	at org.apache.tools.ant.launch.Launcher.run(Launcher.java:280)
	at org.apache.tools.ant.launch.Launcher.main(Launcher.java:109)
--- com.google.javascript.jscomp.MakeDeclaredNamesUniqueTest::testMakeLocalNamesUniqueWithoutContext
junit.framework.AssertionFailedError: 
Expected: var a$$unique_0
Result: var a
Node tree inequality:
Tree1:
BLOCK [synthetic: 1]
    SCRIPT 1 [synthetic: 1] [source_file: expected0] [input_id: InputId: expected0]
        VAR 1 [source_file: expected0]
            NAME a$$unique_0 1 [source_file: expected0]


Tree2:
BLOCK [synthetic: 1]
    SCRIPT 1 [synthetic: 1] [source_file: testcode] [input_id: InputId: testcode]
        VAR 1 [source_file: testcode]
            NAME a 1 [source_file: testcode]


Subtree1: NAME a$$unique_0 1 [source_file: expected0]


Subtree2: NAME a 1 [source_file: testcode]

	at junit.framework.Assert.fail(Assert.java:57)
	at junit.framework.Assert.assertTrue(Assert.java:22)
	at junit.framework.Assert.assertNull(Assert.java:277)
	at junit.framework.TestCase.assertNull(TestCase.java:447)
	at com.google.javascript.jscomp.CompilerTestCase.test(CompilerTestCase.java:862)
	at com.google.javascript.jscomp.CompilerTestCase.test(CompilerTestCase.java:423)
	at com.google.javascript.jscomp.CompilerTestCase.test(CompilerTestCase.java:348)
	at com.google.javascript.jscomp.CompilerTestCase.test(CompilerTestCase.java:317)
	at com.google.javascript.jscomp.CompilerTestCase.test(CompilerTestCase.java:305)
	at com.google.javascript.jscomp.MakeDeclaredNamesUniqueTest.testMakeLocalNamesUniqueWithoutContext(MakeDeclaredNamesUniqueTest.java:253)
	at sun.reflect.NativeMethodAccessorImpl.invoke0(Native Method)
	at sun.reflect.NativeMethodAccessorImpl.invoke(NativeMethodAccessorImpl.java:57)
	at sun.reflect.DelegatingMethodAccessorImpl.invoke(DelegatingMethodAccessorImpl.java:43)
	at java.lang.reflect.Method.invoke(Method.java:606)
	at junit.framework.TestCase.runTest(TestCase.java:176)
	at junit.framework.TestCase.runBare(TestCase.java:141)
	at junit.framework.TestResult$1.protect(TestResult.java:122)
	at junit.framework.TestResult.runProtected(TestResult.java:142)
	at junit.framework.TestResult.run(TestResult.java:125)
	at junit.framework.TestCase.run(TestCase.java:129)
	at junit.framework.TestSuite.runTest(TestSuite.java:255)
	at junit.framework.TestSuite.run(TestSuite.java:250)
	at org.apache.tools.ant.taskdefs.optional.junit.JUnitTestRunner.run(JUnitTestRunner.java:520)
	at org.apache.tools.ant.taskdefs.optional.junit.JUnitTask.executeInVM(JUnitTask.java:1478)
	at org.apache.tools.ant.taskdefs.optional.junit.JUnitTask.execute(JUnitTask.java:860)
	at org.apache.tools.ant.taskdefs.optional.junit.JUnitTask.executeOrQueue(JUnitTask.java:1968)
	at org.apache.tools.ant.taskdefs.optional.junit.JUnitTask.execute1(JUnitTask.java:812)
	at org.apache.tools.ant.taskdefs.optional.junit.JUnitTask.execute(JUnitTask.java:2271)
	at org.apache.tools.ant.UnknownElement.execute(UnknownElement.java:291)
	at sun.reflect.GeneratedMethodAccessor4.invoke(Unknown Source)
	at sun.reflect.DelegatingMethodAccessorImpl.invoke(DelegatingMethodAccessorImpl.java:43)
	at java.lang.reflect.Method.invoke(Method.java:606)
	at org.apache.tools.ant.dispatch.DispatchUtils.execute(DispatchUtils.java:106)
	at org.apache.tools.ant.Task.perform(Task.java:348)
	at org.apache.tools.ant.Target.execute(Target.java:392)
	at org.apache.tools.ant.Target.performTasks(Target.java:413)
	at org.apache.tools.ant.Project.executeSortedTargets(Project.java:1399)
	at org.apache.tools.ant.Project.executeTarget(Project.java:1368)
	at org.apache.tools.ant.helper.DefaultExecutor.executeTargets(DefaultExecutor.java:41)
	at org.apache.tools.ant.Project.executeTargets(Project.java:1251)
	at org.apache.tools.ant.Main.runBuild(Main.java:811)
	at org.apache.tools.ant.Main.startAnt(Main.java:217)
	at org.apache.tools.ant.launch.Launcher.run(Launcher.java:280)
	at org.apache.tools.ant.launch.Launcher.main(Launcher.java:109)
--- com.google.javascript.jscomp.MakeDeclaredNamesUniqueTest::testConstRemovingRename2
junit.framework.AssertionFailedError: 
Expected: var CONST$$unique_0=3;var b$$unique_1=CONST$$unique_0
Result: var CONST=3;var b=CONST
Node tree inequality:
Tree1:
BLOCK [synthetic: 1]
    SCRIPT 1 [synthetic: 1] [source_file: expected0] [input_id: InputId: expected0]
        VAR 1 [source_file: expected0]
            NAME CONST$$unique_0 1 [source_file: expected0]
                NUMBER 3.0 1 [source_file: expected0]
        VAR 1 [source_file: expected0]
            NAME b$$unique_1 1 [source_file: expected0]
                NAME CONST$$unique_0 1 [source_file: expected0]


Tree2:
BLOCK [synthetic: 1]
    SCRIPT 1 [synthetic: 1] [source_file: testcode] [input_id: InputId: testcode]
        VAR 1 [source_file: testcode]
            NAME CONST 1 [source_file: testcode]
                NUMBER 3.0 1 [source_file: testcode]
        VAR 1 [source_file: testcode]
            NAME b 1 [source_file: testcode]
                NAME CONST 1 [source_file: testcode]


Subtree1: NAME CONST$$unique_0 1 [source_file: expected0]
    NUMBER 3.0 1 [source_file: expected0]


Subtree2: NAME CONST 1 [source_file: testcode]
    NUMBER 3.0 1 [source_file: testcode]

	at junit.framework.Assert.fail(Assert.java:57)
	at junit.framework.Assert.assertTrue(Assert.java:22)
	at junit.framework.Assert.assertNull(Assert.java:277)
	at junit.framework.TestCase.assertNull(TestCase.java:447)
	at com.google.javascript.jscomp.CompilerTestCase.test(CompilerTestCase.java:862)
	at com.google.javascript.jscomp.CompilerTestCase.test(CompilerTestCase.java:423)
	at com.google.javascript.jscomp.CompilerTestCase.test(CompilerTestCase.java:348)
	at com.google.javascript.jscomp.CompilerTestCase.test(CompilerTestCase.java:317)
	at com.google.javascript.jscomp.CompilerTestCase.test(CompilerTestCase.java:305)
	at com.google.javascript.jscomp.MakeDeclaredNamesUniqueTest.testConstRemovingRename2(MakeDeclaredNamesUniqueTest.java:360)
	at sun.reflect.NativeMethodAccessorImpl.invoke0(Native Method)
	at sun.reflect.NativeMethodAccessorImpl.invoke(NativeMethodAccessorImpl.java:57)
	at sun.reflect.DelegatingMethodAccessorImpl.invoke(DelegatingMethodAccessorImpl.java:43)
	at java.lang.reflect.Method.invoke(Method.java:606)
	at junit.framework.TestCase.runTest(TestCase.java:176)
	at junit.framework.TestCase.runBare(TestCase.java:141)
	at junit.framework.TestResult$1.protect(TestResult.java:122)
	at junit.framework.TestResult.runProtected(TestResult.java:142)
	at junit.framework.TestResult.run(TestResult.java:125)
	at junit.framework.TestCase.run(TestCase.java:129)
	at junit.framework.TestSuite.runTest(TestSuite.java:255)
	at junit.framework.TestSuite.run(TestSuite.java:250)
	at org.apache.tools.ant.taskdefs.optional.junit.JUnitTestRunner.run(JUnitTestRunner.java:520)
	at org.apache.tools.ant.taskdefs.optional.junit.JUnitTask.executeInVM(JUnitTask.java:1478)
	at org.apache.tools.ant.taskdefs.optional.junit.JUnitTask.execute(JUnitTask.java:860)
	at org.apache.tools.ant.taskdefs.optional.junit.JUnitTask.executeOrQueue(JUnitTask.java:1968)
	at org.apache.tools.ant.taskdefs.optional.junit.JUnitTask.execute1(JUnitTask.java:812)
	at org.apache.tools.ant.taskdefs.optional.junit.JUnitTask.execute(JUnitTask.java:2271)
	at org.apache.tools.ant.UnknownElement.execute(UnknownElement.java:291)
	at sun.reflect.GeneratedMethodAccessor4.invoke(Unknown Source)
	at sun.reflect.DelegatingMethodAccessorImpl.invoke(DelegatingMethodAccessorImpl.java:43)
	at java.lang.reflect.Method.invoke(Method.java:606)
	at org.apache.tools.ant.dispatch.DispatchUtils.execute(DispatchUtils.java:106)
	at org.apache.tools.ant.Task.perform(Task.java:348)
	at org.apache.tools.ant.Target.execute(Target.java:392)
	at org.apache.tools.ant.Target.performTasks(Target.java:413)
	at org.apache.tools.ant.Project.executeSortedTargets(Project.java:1399)
	at org.apache.tools.ant.Project.executeTarget(Project.java:1368)
	at org.apache.tools.ant.helper.DefaultExecutor.executeTargets(DefaultExecutor.java:41)
	at org.apache.tools.ant.Project.executeTargets(Project.java:1251)
	at org.apache.tools.ant.Main.runBuild(Main.java:811)
	at org.apache.tools.ant.Main.startAnt(Main.java:217)
	at org.apache.tools.ant.launch.Launcher.run(Launcher.java:280)
	at org.apache.tools.ant.launch.Launcher.main(Launcher.java:109)
--- com.google.javascript.jscomp.MakeDeclaredNamesUniqueTest::testMakeLocalNamesUniqueWithContext2
junit.framework.AssertionFailedError: 
Expected: var a;function foo(a$$1){var b;a$$1}
Result: var a;function foo(a){var b;a}
Node tree inequality:
Tree1:
BLOCK [synthetic: 1]
    SCRIPT 1 [synthetic: 1] [source_file: expected0] [input_id: InputId: expected0]
        VAR 1 [source_file: expected0]
            NAME a 1 [source_file: expected0]
        FUNCTION foo 1 [source_file: expected0]
            NAME foo 1 [source_file: expected0]
            LP 1 [source_file: expected0]
                NAME a$$1 1 [source_file: expected0]
            BLOCK 1 [source_file: expected0]
                VAR 1 [source_file: expected0]
                    NAME b 1 [source_file: expected0]
                EXPR_RESULT 1 [source_file: expected0]
                    NAME a$$1 1 [source_file: expected0]


Tree2:
BLOCK [synthetic: 1]
    SCRIPT 1 [synthetic: 1] [source_file: testcode] [input_id: InputId: testcode]
        VAR 1 [source_file: testcode]
            NAME a 1 [source_file: testcode]
        FUNCTION foo 1 [source_file: testcode]
            NAME foo 1 [source_file: testcode]
            LP 1 [source_file: testcode]
                NAME a 1 [source_file: testcode]
            BLOCK 1 [source_file: testcode]
                VAR 1 [source_file: testcode]
                    NAME b 1 [source_file: testcode]
                EXPR_RESULT 1 [source_file: testcode]
                    NAME a 1 [source_file: testcode]


Subtree1: NAME a$$1 1 [source_file: expected0]


Subtree2: NAME a 1 [source_file: testcode]

	at junit.framework.Assert.fail(Assert.java:57)
	at junit.framework.Assert.assertTrue(Assert.java:22)
	at junit.framework.Assert.assertNull(Assert.java:277)
	at junit.framework.TestCase.assertNull(TestCase.java:447)
	at com.google.javascript.jscomp.CompilerTestCase.test(CompilerTestCase.java:862)
	at com.google.javascript.jscomp.CompilerTestCase.test(CompilerTestCase.java:423)
	at com.google.javascript.jscomp.CompilerTestCase.test(CompilerTestCase.java:348)
	at com.google.javascript.jscomp.CompilerTestCase.test(CompilerTestCase.java:317)
	at com.google.javascript.jscomp.CompilerTestCase.test(CompilerTestCase.java:305)
	at com.google.javascript.jscomp.MakeDeclaredNamesUniqueTest.testWithInversion(MakeDeclaredNamesUniqueTest.java:74)
	at com.google.javascript.jscomp.MakeDeclaredNamesUniqueTest.testMakeLocalNamesUniqueWithContext2(MakeDeclaredNamesUniqueTest.java:128)
	at sun.reflect.NativeMethodAccessorImpl.invoke0(Native Method)
	at sun.reflect.NativeMethodAccessorImpl.invoke(NativeMethodAccessorImpl.java:57)
	at sun.reflect.DelegatingMethodAccessorImpl.invoke(DelegatingMethodAccessorImpl.java:43)
	at java.lang.reflect.Method.invoke(Method.java:606)
	at junit.framework.TestCase.runTest(TestCase.java:176)
	at junit.framework.TestCase.runBare(TestCase.java:141)
	at junit.framework.TestResult$1.protect(TestResult.java:122)
	at junit.framework.TestResult.runProtected(TestResult.java:142)
	at junit.framework.TestResult.run(TestResult.java:125)
	at junit.framework.TestCase.run(TestCase.java:129)
	at junit.framework.TestSuite.runTest(TestSuite.java:255)
	at junit.framework.TestSuite.run(TestSuite.java:250)
	at org.apache.tools.ant.taskdefs.optional.junit.JUnitTestRunner.run(JUnitTestRunner.java:520)
	at org.apache.tools.ant.taskdefs.optional.junit.JUnitTask.executeInVM(JUnitTask.java:1478)
	at org.apache.tools.ant.taskdefs.optional.junit.JUnitTask.execute(JUnitTask.java:860)
	at org.apache.tools.ant.taskdefs.optional.junit.JUnitTask.executeOrQueue(JUnitTask.java:1968)
	at org.apache.tools.ant.taskdefs.optional.junit.JUnitTask.execute1(JUnitTask.java:812)
	at org.apache.tools.ant.taskdefs.optional.junit.JUnitTask.execute(JUnitTask.java:2271)
	at org.apache.tools.ant.UnknownElement.execute(UnknownElement.java:291)
	at sun.reflect.GeneratedMethodAccessor4.invoke(Unknown Source)
	at sun.reflect.DelegatingMethodAccessorImpl.invoke(DelegatingMethodAccessorImpl.java:43)
	at java.lang.reflect.Method.invoke(Method.java:606)
	at org.apache.tools.ant.dispatch.DispatchUtils.execute(DispatchUtils.java:106)
	at org.apache.tools.ant.Task.perform(Task.java:348)
	at org.apache.tools.ant.Target.execute(Target.java:392)
	at org.apache.tools.ant.Target.performTasks(Target.java:413)
	at org.apache.tools.ant.Project.executeSortedTargets(Project.java:1399)
	at org.apache.tools.ant.Project.executeTarget(Project.java:1368)
	at org.apache.tools.ant.helper.DefaultExecutor.executeTargets(DefaultExecutor.java:41)
	at org.apache.tools.ant.Project.executeTargets(Project.java:1251)
	at org.apache.tools.ant.Main.runBuild(Main.java:811)
	at org.apache.tools.ant.Main.startAnt(Main.java:217)
	at org.apache.tools.ant.launch.Launcher.run(Launcher.java:280)
	at org.apache.tools.ant.launch.Launcher.main(Launcher.java:109)
--- com.google.javascript.jscomp.MakeDeclaredNamesUniqueTest::testMakeLocalNamesUniqueWithContext5
junit.framework.AssertionFailedError: 
Expected: function f(){var f$$1;f$$1=1}
Result: function f(){var f;f=1}
Node tree inequality:
Tree1:
BLOCK [synthetic: 1]
    SCRIPT 1 [synthetic: 1] [source_file: expected0] [input_id: InputId: expected0]
        FUNCTION f 1 [source_file: expected0]
            NAME f 1 [source_file: expected0]
            LP 1 [source_file: expected0]
            BLOCK 1 [source_file: expected0]
                VAR 1 [source_file: expected0]
                    NAME f$$1 1 [source_file: expected0]
                EXPR_RESULT 1 [source_file: expected0]
                    ASSIGN 1 [source_file: expected0]
                        NAME f$$1 1 [source_file: expected0]
                        NUMBER 1.0 1 [source_file: expected0]


Tree2:
BLOCK [synthetic: 1]
    SCRIPT 1 [synthetic: 1] [source_file: testcode] [input_id: InputId: testcode]
        FUNCTION f 1 [source_file: testcode]
            NAME f 1 [source_file: testcode]
            LP 1 [source_file: testcode]
            BLOCK 1 [source_file: testcode]
                VAR 1 [source_file: testcode]
                    NAME f 1 [source_file: testcode]
                EXPR_RESULT 1 [source_file: testcode]
                    ASSIGN 1 [source_file: testcode]
                        NAME f 1 [source_file: testcode]
                        NUMBER 1.0 1 [source_file: testcode]


Subtree1: NAME f$$1 1 [source_file: expected0]


Subtree2: NAME f 1 [source_file: testcode]

	at junit.framework.Assert.fail(Assert.java:57)
	at junit.framework.Assert.assertTrue(Assert.java:22)
	at junit.framework.Assert.assertNull(Assert.java:277)
	at junit.framework.TestCase.assertNull(TestCase.java:447)
	at com.google.javascript.jscomp.CompilerTestCase.test(CompilerTestCase.java:862)
	at com.google.javascript.jscomp.CompilerTestCase.test(CompilerTestCase.java:423)
	at com.google.javascript.jscomp.CompilerTestCase.test(CompilerTestCase.java:348)
	at com.google.javascript.jscomp.CompilerTestCase.test(CompilerTestCase.java:317)
	at com.google.javascript.jscomp.CompilerTestCase.test(CompilerTestCase.java:305)
	at com.google.javascript.jscomp.MakeDeclaredNamesUniqueTest.testWithInversion(MakeDeclaredNamesUniqueTest.java:74)
	at com.google.javascript.jscomp.MakeDeclaredNamesUniqueTest.testMakeLocalNamesUniqueWithContext5(MakeDeclaredNamesUniqueTest.java:212)
	at sun.reflect.NativeMethodAccessorImpl.invoke0(Native Method)
	at sun.reflect.NativeMethodAccessorImpl.invoke(NativeMethodAccessorImpl.java:57)
	at sun.reflect.DelegatingMethodAccessorImpl.invoke(DelegatingMethodAccessorImpl.java:43)
	at java.lang.reflect.Method.invoke(Method.java:606)
	at junit.framework.TestCase.runTest(TestCase.java:176)
	at junit.framework.TestCase.runBare(TestCase.java:141)
	at junit.framework.TestResult$1.protect(TestResult.java:122)
	at junit.framework.TestResult.runProtected(TestResult.java:142)
	at junit.framework.TestResult.run(TestResult.java:125)
	at junit.framework.TestCase.run(TestCase.java:129)
	at junit.framework.TestSuite.runTest(TestSuite.java:255)
	at junit.framework.TestSuite.run(TestSuite.java:250)
	at org.apache.tools.ant.taskdefs.optional.junit.JUnitTestRunner.run(JUnitTestRunner.java:520)
	at org.apache.tools.ant.taskdefs.optional.junit.JUnitTask.executeInVM(JUnitTask.java:1478)
	at org.apache.tools.ant.taskdefs.optional.junit.JUnitTask.execute(JUnitTask.java:860)
	at org.apache.tools.ant.taskdefs.optional.junit.JUnitTask.executeOrQueue(JUnitTask.java:1968)
	at org.apache.tools.ant.taskdefs.optional.junit.JUnitTask.execute1(JUnitTask.java:812)
	at org.apache.tools.ant.taskdefs.optional.junit.JUnitTask.execute(JUnitTask.java:2271)
	at org.apache.tools.ant.UnknownElement.execute(UnknownElement.java:291)
	at sun.reflect.GeneratedMethodAccessor4.invoke(Unknown Source)
	at sun.reflect.DelegatingMethodAccessorImpl.invoke(DelegatingMethodAccessorImpl.java:43)
	at java.lang.reflect.Method.invoke(Method.java:606)
	at org.apache.tools.ant.dispatch.DispatchUtils.execute(DispatchUtils.java:106)
	at org.apache.tools.ant.Task.perform(Task.java:348)
	at org.apache.tools.ant.Target.execute(Target.java:392)
	at org.apache.tools.ant.Target.performTasks(Target.java:413)
	at org.apache.tools.ant.Project.executeSortedTargets(Project.java:1399)
	at org.apache.tools.ant.Project.executeTarget(Project.java:1368)
	at org.apache.tools.ant.helper.DefaultExecutor.executeTargets(DefaultExecutor.java:41)
	at org.apache.tools.ant.Project.executeTargets(Project.java:1251)
	at org.apache.tools.ant.Main.runBuild(Main.java:811)
	at org.apache.tools.ant.Main.startAnt(Main.java:217)
	at org.apache.tools.ant.launch.Launcher.run(Launcher.java:280)
	at org.apache.tools.ant.launch.Launcher.main(Launcher.java:109)
--- com.google.javascript.jscomp.NormalizeTest::testNormalizeFunctionDeclarations
junit.framework.AssertionFailedError: 
Expected: var f=function f$$1(){}
Result: var f=function f(){}
Node tree inequality:
Tree1:
BLOCK [synthetic: 1]
    SCRIPT 1 [synthetic: 1] [source_file: expected0] [input_id: InputId: expected0]
        VAR 1 [source_file: expected0]
            NAME f 1 [source_file: expected0]
                FUNCTION f$$1 1 [source_file: expected0]
                    NAME f$$1 1 [source_file: expected0]
                    LP 1 [source_file: expected0]
                    BLOCK 1 [source_file: expected0]


Tree2:
BLOCK [synthetic: 1]
    SCRIPT 1 [synthetic: 1] [source_file: testcode] [input_id: InputId: testcode]
        VAR 1 [source_file: testcode]
            NAME f 1 [source_file: testcode]
                FUNCTION f 1 [source_file: testcode]
                    NAME f 1 [source_file: testcode]
                    LP 1 [source_file: testcode]
                    BLOCK 1 [source_file: testcode]


Subtree1: NAME f$$1 1 [source_file: expected0]


Subtree2: NAME f 1 [source_file: testcode]

	at junit.framework.Assert.fail(Assert.java:57)
	at junit.framework.Assert.assertTrue(Assert.java:22)
	at junit.framework.Assert.assertNull(Assert.java:277)
	at junit.framework.TestCase.assertNull(TestCase.java:447)
	at com.google.javascript.jscomp.CompilerTestCase.test(CompilerTestCase.java:862)
	at com.google.javascript.jscomp.CompilerTestCase.test(CompilerTestCase.java:423)
	at com.google.javascript.jscomp.CompilerTestCase.test(CompilerTestCase.java:348)
	at com.google.javascript.jscomp.CompilerTestCase.test(CompilerTestCase.java:317)
	at com.google.javascript.jscomp.CompilerTestCase.test(CompilerTestCase.java:305)
	at com.google.javascript.jscomp.NormalizeTest.testNormalizeFunctionDeclarations(NormalizeTest.java:202)
	at sun.reflect.NativeMethodAccessorImpl.invoke0(Native Method)
	at sun.reflect.NativeMethodAccessorImpl.invoke(NativeMethodAccessorImpl.java:57)
	at sun.reflect.DelegatingMethodAccessorImpl.invoke(DelegatingMethodAccessorImpl.java:43)
	at java.lang.reflect.Method.invoke(Method.java:606)
	at junit.framework.TestCase.runTest(TestCase.java:176)
	at junit.framework.TestCase.runBare(TestCase.java:141)
	at junit.framework.TestResult$1.protect(TestResult.java:122)
	at junit.framework.TestResult.runProtected(TestResult.java:142)
	at junit.framework.TestResult.run(TestResult.java:125)
	at junit.framework.TestCase.run(TestCase.java:129)
	at junit.framework.TestSuite.runTest(TestSuite.java:255)
	at junit.framework.TestSuite.run(TestSuite.java:250)
	at org.apache.tools.ant.taskdefs.optional.junit.JUnitTestRunner.run(JUnitTestRunner.java:520)
	at org.apache.tools.ant.taskdefs.optional.junit.JUnitTask.executeInVM(JUnitTask.java:1478)
	at org.apache.tools.ant.taskdefs.optional.junit.JUnitTask.execute(JUnitTask.java:860)
	at org.apache.tools.ant.taskdefs.optional.junit.JUnitTask.executeOrQueue(JUnitTask.java:1968)
	at org.apache.tools.ant.taskdefs.optional.junit.JUnitTask.execute1(JUnitTask.java:812)
	at org.apache.tools.ant.taskdefs.optional.junit.JUnitTask.execute(JUnitTask.java:2271)
	at org.apache.tools.ant.UnknownElement.execute(UnknownElement.java:291)
	at sun.reflect.GeneratedMethodAccessor4.invoke(Unknown Source)
	at sun.reflect.DelegatingMethodAccessorImpl.invoke(DelegatingMethodAccessorImpl.java:43)
	at java.lang.reflect.Method.invoke(Method.java:606)
	at org.apache.tools.ant.dispatch.DispatchUtils.execute(DispatchUtils.java:106)
	at org.apache.tools.ant.Task.perform(Task.java:348)
	at org.apache.tools.ant.Target.execute(Target.java:392)
	at org.apache.tools.ant.Target.performTasks(Target.java:413)
	at org.apache.tools.ant.Project.executeSortedTargets(Project.java:1399)
	at org.apache.tools.ant.Project.executeTarget(Project.java:1368)
	at org.apache.tools.ant.helper.DefaultExecutor.executeTargets(DefaultExecutor.java:41)
	at org.apache.tools.ant.Project.executeTargets(Project.java:1251)
	at org.apache.tools.ant.Main.runBuild(Main.java:811)
	at org.apache.tools.ant.Main.startAnt(Main.java:217)
	at org.apache.tools.ant.launch.Launcher.run(Launcher.java:280)
	at org.apache.tools.ant.launch.Launcher.main(Launcher.java:109)
--- com.google.javascript.jscomp.NormalizeTest::testRemoveDuplicateVarDeclarations1
junit.framework.AssertionFailedError: 
Expected: var a=1;function f(){var a$$1=2}
Result: var a=1;function f(){var a=2}
Node tree inequality:
Tree1:
BLOCK [synthetic: 1]
    SCRIPT 1 [synthetic: 1] [source_file: expected0] [input_id: InputId: expected0]
        VAR 1 [source_file: expected0]
            NAME a 1 [source_file: expected0]
                NUMBER 1.0 1 [source_file: expected0]
        FUNCTION f 1 [source_file: expected0]
            NAME f 1 [source_file: expected0]
            LP 1 [source_file: expected0]
            BLOCK 1 [source_file: expected0]
                VAR 1 [source_file: expected0]
                    NAME a$$1 1 [source_file: expected0]
                        NUMBER 2.0 1 [source_file: expected0]


Tree2:
BLOCK [synthetic: 1]
    SCRIPT 1 [synthetic: 1] [source_file: testcode] [input_id: InputId: testcode]
        VAR 1 [source_file: testcode]
            NAME a 1 [source_file: testcode]
                NUMBER 1.0 1 [source_file: testcode]
        FUNCTION f 1 [source_file: testcode]
            NAME f 1 [source_file: testcode]
            LP 1 [source_file: testcode]
            BLOCK 1 [source_file: testcode]
                VAR 1 [source_file: testcode]
                    NAME a 1 [source_file: testcode]
                        NUMBER 2.0 1 [source_file: testcode]


Subtree1: NAME a$$1 1 [source_file: expected0]
    NUMBER 2.0 1 [source_file: expected0]


Subtree2: NAME a 1 [source_file: testcode]
    NUMBER 2.0 1 [source_file: testcode]

	at junit.framework.Assert.fail(Assert.java:57)
	at junit.framework.Assert.assertTrue(Assert.java:22)
	at junit.framework.Assert.assertNull(Assert.java:277)
	at junit.framework.TestCase.assertNull(TestCase.java:447)
	at com.google.javascript.jscomp.CompilerTestCase.test(CompilerTestCase.java:862)
	at com.google.javascript.jscomp.CompilerTestCase.test(CompilerTestCase.java:423)
	at com.google.javascript.jscomp.CompilerTestCase.test(CompilerTestCase.java:348)
	at com.google.javascript.jscomp.CompilerTestCase.test(CompilerTestCase.java:317)
	at com.google.javascript.jscomp.CompilerTestCase.test(CompilerTestCase.java:305)
	at com.google.javascript.jscomp.NormalizeTest.testRemoveDuplicateVarDeclarations1(NormalizeTest.java:281)
	at sun.reflect.NativeMethodAccessorImpl.invoke0(Native Method)
	at sun.reflect.NativeMethodAccessorImpl.invoke(NativeMethodAccessorImpl.java:57)
	at sun.reflect.DelegatingMethodAccessorImpl.invoke(DelegatingMethodAccessorImpl.java:43)
	at java.lang.reflect.Method.invoke(Method.java:606)
	at junit.framework.TestCase.runTest(TestCase.java:176)
	at junit.framework.TestCase.runBare(TestCase.java:141)
	at junit.framework.TestResult$1.protect(TestResult.java:122)
	at junit.framework.TestResult.runProtected(TestResult.java:142)
	at junit.framework.TestResult.run(TestResult.java:125)
	at junit.framework.TestCase.run(TestCase.java:129)
	at junit.framework.TestSuite.runTest(TestSuite.java:255)
	at junit.framework.TestSuite.run(TestSuite.java:250)
	at org.apache.tools.ant.taskdefs.optional.junit.JUnitTestRunner.run(JUnitTestRunner.java:520)
	at org.apache.tools.ant.taskdefs.optional.junit.JUnitTask.executeInVM(JUnitTask.java:1478)
	at org.apache.tools.ant.taskdefs.optional.junit.JUnitTask.execute(JUnitTask.java:860)
	at org.apache.tools.ant.taskdefs.optional.junit.JUnitTask.executeOrQueue(JUnitTask.java:1968)
	at org.apache.tools.ant.taskdefs.optional.junit.JUnitTask.execute1(JUnitTask.java:812)
	at org.apache.tools.ant.taskdefs.optional.junit.JUnitTask.execute(JUnitTask.java:2271)
	at org.apache.tools.ant.UnknownElement.execute(UnknownElement.java:291)
	at sun.reflect.GeneratedMethodAccessor4.invoke(Unknown Source)
	at sun.reflect.DelegatingMethodAccessorImpl.invoke(DelegatingMethodAccessorImpl.java:43)
	at java.lang.reflect.Method.invoke(Method.java:606)
	at org.apache.tools.ant.dispatch.DispatchUtils.execute(DispatchUtils.java:106)
	at org.apache.tools.ant.Task.perform(Task.java:348)
	at org.apache.tools.ant.Target.execute(Target.java:392)
	at org.apache.tools.ant.Target.performTasks(Target.java:413)
	at org.apache.tools.ant.Project.executeSortedTargets(Project.java:1399)
	at org.apache.tools.ant.Project.executeTarget(Project.java:1368)
	at org.apache.tools.ant.helper.DefaultExecutor.executeTargets(DefaultExecutor.java:41)
	at org.apache.tools.ant.Project.executeTargets(Project.java:1251)
	at org.apache.tools.ant.Main.runBuild(Main.java:811)
	at org.apache.tools.ant.Main.startAnt(Main.java:217)
	at org.apache.tools.ant.launch.Launcher.run(Launcher.java:280)
	at org.apache.tools.ant.launch.Launcher.main(Launcher.java:109)
--- com.google.javascript.jscomp.NormalizeTest::testRemoveDuplicateVarDeclarations2
junit.framework.AssertionFailedError: 
Expected: var e=1;function f(){try{}catch(e$$2){}var e$$1=2}
Result: var e=1;function f(){try{}catch(e$$1){}var e=2}
Node tree inequality:
Tree1:
BLOCK [synthetic: 1]
    SCRIPT 1 [synthetic: 1] [source_file: expected0] [input_id: InputId: expected0]
        VAR 1 [source_file: expected0]
            NAME e 1 [source_file: expected0]
                NUMBER 1.0 1 [source_file: expected0]
        FUNCTION f 1 [source_file: expected0]
            NAME f 1 [source_file: expected0]
            LP 1 [source_file: expected0]
            BLOCK 1 [source_file: expected0]
                TRY 1 [source_file: expected0]
                    BLOCK 1 [source_file: expected0]
                    BLOCK 1 [source_file: expected0]
                        CATCH 1 [source_file: expected0]
                            NAME e$$2 1 [source_file: expected0]
                            BLOCK 1 [source_file: expected0]
                VAR 1 [source_file: expected0]
                    NAME e$$1 1 [source_file: expected0]
                        NUMBER 2.0 1 [source_file: expected0]


Tree2:
BLOCK [synthetic: 1]
    SCRIPT 1 [synthetic: 1] [source_file: testcode] [input_id: InputId: testcode]
        VAR 1 [source_file: testcode]
            NAME e 1 [source_file: testcode]
                NUMBER 1.0 1 [source_file: testcode]
        FUNCTION f 1 [source_file: testcode]
            NAME f 1 [source_file: testcode]
            LP 1 [source_file: testcode]
            BLOCK 1 [source_file: testcode]
                TRY 1 [source_file: testcode]
                    BLOCK 1 [source_file: testcode]
                    BLOCK 1 [source_file: testcode]
                        CATCH 1 [source_file: testcode]
                            NAME e$$1 1 [source_file: testcode]
                            BLOCK 1 [source_file: testcode]
                VAR 1 [source_file: testcode]
                    NAME e 1 [source_file: testcode]
                        NUMBER 2.0 1 [source_file: testcode]


Subtree1: NAME e$$2 1 [source_file: expected0]


Subtree2: NAME e$$1 1 [source_file: testcode]

	at junit.framework.Assert.fail(Assert.java:57)
	at junit.framework.Assert.assertTrue(Assert.java:22)
	at junit.framework.Assert.assertNull(Assert.java:277)
	at junit.framework.TestCase.assertNull(TestCase.java:447)
	at com.google.javascript.jscomp.CompilerTestCase.test(CompilerTestCase.java:862)
	at com.google.javascript.jscomp.CompilerTestCase.test(CompilerTestCase.java:423)
	at com.google.javascript.jscomp.CompilerTestCase.test(CompilerTestCase.java:348)
	at com.google.javascript.jscomp.CompilerTestCase.test(CompilerTestCase.java:317)
	at com.google.javascript.jscomp.CompilerTestCase.test(CompilerTestCase.java:305)
	at com.google.javascript.jscomp.NormalizeTest.testRemoveDuplicateVarDeclarations2(NormalizeTest.java:292)
	at sun.reflect.NativeMethodAccessorImpl.invoke0(Native Method)
	at sun.reflect.NativeMethodAccessorImpl.invoke(NativeMethodAccessorImpl.java:57)
	at sun.reflect.DelegatingMethodAccessorImpl.invoke(DelegatingMethodAccessorImpl.java:43)
	at java.lang.reflect.Method.invoke(Method.java:606)
	at junit.framework.TestCase.runTest(TestCase.java:176)
	at junit.framework.TestCase.runBare(TestCase.java:141)
	at junit.framework.TestResult$1.protect(TestResult.java:122)
	at junit.framework.TestResult.runProtected(TestResult.java:142)
	at junit.framework.TestResult.run(TestResult.java:125)
	at junit.framework.TestCase.run(TestCase.java:129)
	at junit.framework.TestSuite.runTest(TestSuite.java:255)
	at junit.framework.TestSuite.run(TestSuite.java:250)
	at org.apache.tools.ant.taskdefs.optional.junit.JUnitTestRunner.run(JUnitTestRunner.java:520)
	at org.apache.tools.ant.taskdefs.optional.junit.JUnitTask.executeInVM(JUnitTask.java:1478)
	at org.apache.tools.ant.taskdefs.optional.junit.JUnitTask.execute(JUnitTask.java:860)
	at org.apache.tools.ant.taskdefs.optional.junit.JUnitTask.executeOrQueue(JUnitTask.java:1968)
	at org.apache.tools.ant.taskdefs.optional.junit.JUnitTask.execute1(JUnitTask.java:812)
	at org.apache.tools.ant.taskdefs.optional.junit.JUnitTask.execute(JUnitTask.java:2271)
	at org.apache.tools.ant.UnknownElement.execute(UnknownElement.java:291)
	at sun.reflect.GeneratedMethodAccessor4.invoke(Unknown Source)
	at sun.reflect.DelegatingMethodAccessorImpl.invoke(DelegatingMethodAccessorImpl.java:43)
	at java.lang.reflect.Method.invoke(Method.java:606)
	at org.apache.tools.ant.dispatch.DispatchUtils.execute(DispatchUtils.java:106)
	at org.apache.tools.ant.Task.perform(Task.java:348)
	at org.apache.tools.ant.Target.execute(Target.java:392)
	at org.apache.tools.ant.Target.performTasks(Target.java:413)
	at org.apache.tools.ant.Project.executeSortedTargets(Project.java:1399)
	at org.apache.tools.ant.Project.executeTarget(Project.java:1368)
	at org.apache.tools.ant.helper.DefaultExecutor.executeTargets(DefaultExecutor.java:41)
	at org.apache.tools.ant.Project.executeTargets(Project.java:1251)
	at org.apache.tools.ant.Main.runBuild(Main.java:811)
	at org.apache.tools.ant.Main.startAnt(Main.java:217)
	at org.apache.tools.ant.launch.Launcher.run(Launcher.java:280)
	at org.apache.tools.ant.launch.Launcher.main(Launcher.java:109)
--- com.google.javascript.jscomp.NormalizeTest::testIssue166c
junit.framework.AssertionFailedError: Variable e first declared in testcode
 expected:<JSC_CATCH_BLOCK_VAR_ERROR: The use of scope variable {0} is not allowed within a catch block with a catch exception of the same name.> but was:<JSC_VAR_MULTIPLY_DECLARED_ERROR: Variable {0} first declared in {1}>
	at junit.framework.Assert.fail(Assert.java:57)
	at junit.framework.Assert.failNotEquals(Assert.java:329)
	at junit.framework.Assert.assertEquals(Assert.java:78)
	at junit.framework.TestCase.assertEquals(TestCase.java:244)
	at com.google.javascript.jscomp.CompilerTestCase.test(CompilerTestCase.java:904)
	at com.google.javascript.jscomp.CompilerTestCase.test(CompilerTestCase.java:423)
	at com.google.javascript.jscomp.CompilerTestCase.test(CompilerTestCase.java:348)
	at com.google.javascript.jscomp.CompilerTestCase.test(CompilerTestCase.java:317)
	at com.google.javascript.jscomp.NormalizeTest.testIssue166c(NormalizeTest.java:359)
	at sun.reflect.NativeMethodAccessorImpl.invoke0(Native Method)
	at sun.reflect.NativeMethodAccessorImpl.invoke(NativeMethodAccessorImpl.java:57)
	at sun.reflect.DelegatingMethodAccessorImpl.invoke(DelegatingMethodAccessorImpl.java:43)
	at java.lang.reflect.Method.invoke(Method.java:606)
	at junit.framework.TestCase.runTest(TestCase.java:176)
	at junit.framework.TestCase.runBare(TestCase.java:141)
	at junit.framework.TestResult$1.protect(TestResult.java:122)
	at junit.framework.TestResult.runProtected(TestResult.java:142)
	at junit.framework.TestResult.run(TestResult.java:125)
	at junit.framework.TestCase.run(TestCase.java:129)
	at junit.framework.TestSuite.runTest(TestSuite.java:255)
	at junit.framework.TestSuite.run(TestSuite.java:250)
	at org.apache.tools.ant.taskdefs.optional.junit.JUnitTestRunner.run(JUnitTestRunner.java:520)
	at org.apache.tools.ant.taskdefs.optional.junit.JUnitTask.executeInVM(JUnitTask.java:1478)
	at org.apache.tools.ant.taskdefs.optional.junit.JUnitTask.execute(JUnitTask.java:860)
	at org.apache.tools.ant.taskdefs.optional.junit.JUnitTask.executeOrQueue(JUnitTask.java:1968)
	at org.apache.tools.ant.taskdefs.optional.junit.JUnitTask.execute1(JUnitTask.java:812)
	at org.apache.tools.ant.taskdefs.optional.junit.JUnitTask.execute(JUnitTask.java:2271)
	at org.apache.tools.ant.UnknownElement.execute(UnknownElement.java:291)
	at sun.reflect.GeneratedMethodAccessor4.invoke(Unknown Source)
	at sun.reflect.DelegatingMethodAccessorImpl.invoke(DelegatingMethodAccessorImpl.java:43)
	at java.lang.reflect.Method.invoke(Method.java:606)
	at org.apache.tools.ant.dispatch.DispatchUtils.execute(DispatchUtils.java:106)
	at org.apache.tools.ant.Task.perform(Task.java:348)
	at org.apache.tools.ant.Target.execute(Target.java:392)
	at org.apache.tools.ant.Target.performTasks(Target.java:413)
	at org.apache.tools.ant.Project.executeSortedTargets(Project.java:1399)
	at org.apache.tools.ant.Project.executeTarget(Project.java:1368)
	at org.apache.tools.ant.helper.DefaultExecutor.executeTargets(DefaultExecutor.java:41)
	at org.apache.tools.ant.Project.executeTargets(Project.java:1251)
	at org.apache.tools.ant.Main.runBuild(Main.java:811)
	at org.apache.tools.ant.Main.startAnt(Main.java:217)
	at org.apache.tools.ant.launch.Launcher.run(Launcher.java:280)
	at org.apache.tools.ant.launch.Launcher.main(Launcher.java:109)
--- com.google.javascript.jscomp.NormalizeTest::testIssue166e
junit.framework.AssertionFailedError: Unexpected error(s): JSC_VAR_MULTIPLY_DECLARED_ERROR. Variable e first declared in testcode at testcode line 1 : 33 expected:<0> but was:<1>
	at junit.framework.Assert.fail(Assert.java:57)
	at junit.framework.Assert.failNotEquals(Assert.java:329)
	at junit.framework.Assert.assertEquals(Assert.java:78)
	at junit.framework.Assert.assertEquals(Assert.java:234)
	at junit.framework.TestCase.assertEquals(TestCase.java:401)
	at com.google.javascript.jscomp.CompilerTestCase.test(CompilerTestCase.java:786)
	at com.google.javascript.jscomp.CompilerTestCase.test(CompilerTestCase.java:423)
	at com.google.javascript.jscomp.CompilerTestCase.test(CompilerTestCase.java:348)
	at com.google.javascript.jscomp.CompilerTestCase.test(CompilerTestCase.java:317)
	at com.google.javascript.jscomp.CompilerTestCase.test(CompilerTestCase.java:305)
	at com.google.javascript.jscomp.NormalizeTest.testIssue166e(NormalizeTest.java:377)
	at sun.reflect.NativeMethodAccessorImpl.invoke0(Native Method)
	at sun.reflect.NativeMethodAccessorImpl.invoke(NativeMethodAccessorImpl.java:57)
	at sun.reflect.DelegatingMethodAccessorImpl.invoke(DelegatingMethodAccessorImpl.java:43)
	at java.lang.reflect.Method.invoke(Method.java:606)
	at junit.framework.TestCase.runTest(TestCase.java:176)
	at junit.framework.TestCase.runBare(TestCase.java:141)
	at junit.framework.TestResult$1.protect(TestResult.java:122)
	at junit.framework.TestResult.runProtected(TestResult.java:142)
	at junit.framework.TestResult.run(TestResult.java:125)
	at junit.framework.TestCase.run(TestCase.java:129)
	at junit.framework.TestSuite.runTest(TestSuite.java:255)
	at junit.framework.TestSuite.run(TestSuite.java:250)
	at org.apache.tools.ant.taskdefs.optional.junit.JUnitTestRunner.run(JUnitTestRunner.java:520)
	at org.apache.tools.ant.taskdefs.optional.junit.JUnitTask.executeInVM(JUnitTask.java:1478)
	at org.apache.tools.ant.taskdefs.optional.junit.JUnitTask.execute(JUnitTask.java:860)
	at org.apache.tools.ant.taskdefs.optional.junit.JUnitTask.executeOrQueue(JUnitTask.java:1968)
	at org.apache.tools.ant.taskdefs.optional.junit.JUnitTask.execute1(JUnitTask.java:812)
	at org.apache.tools.ant.taskdefs.optional.junit.JUnitTask.execute(JUnitTask.java:2271)
	at org.apache.tools.ant.UnknownElement.execute(UnknownElement.java:291)
	at sun.reflect.GeneratedMethodAccessor4.invoke(Unknown Source)
	at sun.reflect.DelegatingMethodAccessorImpl.invoke(DelegatingMethodAccessorImpl.java:43)
	at java.lang.reflect.Method.invoke(Method.java:606)
	at org.apache.tools.ant.dispatch.DispatchUtils.execute(DispatchUtils.java:106)
	at org.apache.tools.ant.Task.perform(Task.java:348)
	at org.apache.tools.ant.Target.execute(Target.java:392)
	at org.apache.tools.ant.Target.performTasks(Target.java:413)
	at org.apache.tools.ant.Project.executeSortedTargets(Project.java:1399)
	at org.apache.tools.ant.Project.executeTarget(Project.java:1368)
	at org.apache.tools.ant.helper.DefaultExecutor.executeTargets(DefaultExecutor.java:41)
	at org.apache.tools.ant.Project.executeTargets(Project.java:1251)
	at org.apache.tools.ant.Main.runBuild(Main.java:811)
	at org.apache.tools.ant.Main.startAnt(Main.java:217)
	at org.apache.tools.ant.launch.Launcher.run(Launcher.java:280)
	at org.apache.tools.ant.launch.Launcher.main(Launcher.java:109)
--- com.google.javascript.jscomp.NormalizeTest::testMakeLocalNamesUnique
junit.framework.AssertionFailedError: 
Expected: var a;function foo(a$$1){var b;a$$1}
Result: var a;function foo(a){var b;a}
Node tree inequality:
Tree1:
BLOCK [synthetic: 1]
    SCRIPT 1 [synthetic: 1] [source_file: expected0] [input_id: InputId: expected0]
        VAR 1 [source_file: expected0]
            NAME a 1 [source_file: expected0]
        FUNCTION foo 1 [source_file: expected0]
            NAME foo 1 [source_file: expected0]
            LP 1 [source_file: expected0]
                NAME a$$1 1 [source_file: expected0]
            BLOCK 1 [source_file: expected0]
                VAR 1 [source_file: expected0]
                    NAME b 1 [source_file: expected0]
                EXPR_RESULT 1 [source_file: expected0]
                    NAME a$$1 1 [source_file: expected0]


Tree2:
BLOCK [synthetic: 1]
    SCRIPT 1 [synthetic: 1] [source_file: testcode] [input_id: InputId: testcode]
        VAR 1 [source_file: testcode]
            NAME a 1 [source_file: testcode]
        FUNCTION foo 1 [source_file: testcode]
            NAME foo 1 [source_file: testcode]
            LP 1 [source_file: testcode]
                NAME a 1 [source_file: testcode]
            BLOCK 1 [source_file: testcode]
                VAR 1 [source_file: testcode]
                    NAME b 1 [source_file: testcode]
                EXPR_RESULT 1 [source_file: testcode]
                    NAME a 1 [source_file: testcode]


Subtree1: NAME a$$1 1 [source_file: expected0]


Subtree2: NAME a 1 [source_file: testcode]

	at junit.framework.Assert.fail(Assert.java:57)
	at junit.framework.Assert.assertTrue(Assert.java:22)
	at junit.framework.Assert.assertNull(Assert.java:277)
	at junit.framework.TestCase.assertNull(TestCase.java:447)
	at com.google.javascript.jscomp.CompilerTestCase.test(CompilerTestCase.java:862)
	at com.google.javascript.jscomp.CompilerTestCase.test(CompilerTestCase.java:423)
	at com.google.javascript.jscomp.CompilerTestCase.test(CompilerTestCase.java:348)
	at com.google.javascript.jscomp.CompilerTestCase.test(CompilerTestCase.java:317)
	at com.google.javascript.jscomp.CompilerTestCase.test(CompilerTestCase.java:305)
	at com.google.javascript.jscomp.NormalizeTest.testMakeLocalNamesUnique(NormalizeTest.java:243)
	at sun.reflect.NativeMethodAccessorImpl.invoke0(Native Method)
	at sun.reflect.NativeMethodAccessorImpl.invoke(NativeMethodAccessorImpl.java:57)
	at sun.reflect.DelegatingMethodAccessorImpl.invoke(DelegatingMethodAccessorImpl.java:43)
	at java.lang.reflect.Method.invoke(Method.java:606)
	at junit.framework.TestCase.runTest(TestCase.java:176)
	at junit.framework.TestCase.runBare(TestCase.java:141)
	at junit.framework.TestResult$1.protect(TestResult.java:122)
	at junit.framework.TestResult.runProtected(TestResult.java:142)
	at junit.framework.TestResult.run(TestResult.java:125)
	at junit.framework.TestCase.run(TestCase.java:129)
	at junit.framework.TestSuite.runTest(TestSuite.java:255)
	at junit.framework.TestSuite.run(TestSuite.java:250)
	at org.apache.tools.ant.taskdefs.optional.junit.JUnitTestRunner.run(JUnitTestRunner.java:520)
	at org.apache.tools.ant.taskdefs.optional.junit.JUnitTask.executeInVM(JUnitTask.java:1478)
	at org.apache.tools.ant.taskdefs.optional.junit.JUnitTask.execute(JUnitTask.java:860)
	at org.apache.tools.ant.taskdefs.optional.junit.JUnitTask.executeOrQueue(JUnitTask.java:1968)
	at org.apache.tools.ant.taskdefs.optional.junit.JUnitTask.execute1(JUnitTask.java:812)
	at org.apache.tools.ant.taskdefs.optional.junit.JUnitTask.execute(JUnitTask.java:2271)
	at org.apache.tools.ant.UnknownElement.execute(UnknownElement.java:291)
	at sun.reflect.GeneratedMethodAccessor4.invoke(Unknown Source)
	at sun.reflect.DelegatingMethodAccessorImpl.invoke(DelegatingMethodAccessorImpl.java:43)
	at java.lang.reflect.Method.invoke(Method.java:606)
	at org.apache.tools.ant.dispatch.DispatchUtils.execute(DispatchUtils.java:106)
	at org.apache.tools.ant.Task.perform(Task.java:348)
	at org.apache.tools.ant.Target.execute(Target.java:392)
	at org.apache.tools.ant.Target.performTasks(Target.java:413)
	at org.apache.tools.ant.Project.executeSortedTargets(Project.java:1399)
	at org.apache.tools.ant.Project.executeTarget(Project.java:1368)
	at org.apache.tools.ant.helper.DefaultExecutor.executeTargets(DefaultExecutor.java:41)
	at org.apache.tools.ant.Project.executeTargets(Project.java:1251)
	at org.apache.tools.ant.Main.runBuild(Main.java:811)
	at org.apache.tools.ant.Main.startAnt(Main.java:217)
	at org.apache.tools.ant.launch.Launcher.run(Launcher.java:280)
	at org.apache.tools.ant.launch.Launcher.main(Launcher.java:109)
--- com.google.javascript.jscomp.PeepholeSubstituteAlternateSyntaxTest::testFoldLiteralObjectConstructors
junit.framework.AssertionFailedError: 
Expected: x=function f$$3(){function Object(){this.x=4}return new Object}()
Result: x=function f$$3(){function Object(){this.x=4}return{}}()
Node tree inequality:
Tree1:
BLOCK [synthetic: 1]
    SCRIPT 1 [synthetic: 1] [source_file: expected0] [input_id: InputId: expected0]
        EXPR_RESULT 1 [source_file: expected0]
            ASSIGN 1 [source_file: expected0]
                NAME x 1 [source_file: expected0]
                CALL 1 [free_call: 1] [source_file: expected0]
                    FUNCTION f$$3 1 [parenthesized: true] [source_file: expected0]
                        NAME f$$3 1 [source_file: expected0]
                        LP 1 [source_file: expected0]
                        BLOCK 1 [source_file: expected0]
                            FUNCTION Object 1 [source_file: expected0]
                                NAME Object 1 [source_file: expected0]
                                LP 1 [source_file: expected0]
                                BLOCK 1 [source_file: expected0]
                                    EXPR_RESULT 1 [source_file: expected0]
                                        ASSIGN 1 [source_file: expected0]
                                            GETPROP 1 [source_file: expected0]
                                                THIS 1 [source_file: expected0]
                                                STRING x 1 [source_file: expected0]
                                            NUMBER 4.0 1 [source_file: expected0]
                            EMPTY 1 [source_file: expected0]
                            RETURN 1 [source_file: expected0]
                                NEW 1 [source_file: expected0]
                                    NAME Object 1 [source_file: expected0]


Tree2:
BLOCK [synthetic: 1]
    SCRIPT 1 [synthetic: 1] [source_file: testcode] [input_id: InputId: testcode]
        EXPR_RESULT 1 [source_file: testcode]
            ASSIGN 1 [source_file: testcode]
                NAME x 1 [source_file: testcode]
                CALL 1 [free_call: 1] [source_file: testcode]
                    FUNCTION f$$3 1 [parenthesized: true] [source_file: testcode]
                        NAME f$$3 1 [source_file: testcode]
                        LP 1 [source_file: testcode]
                        BLOCK 1 [source_file: testcode]
                            FUNCTION Object 1 [source_file: testcode]
                                NAME Object 1 [source_file: testcode]
                                LP 1 [source_file: testcode]
                                BLOCK 1 [source_file: testcode]
                                    EXPR_RESULT 1 [source_file: testcode]
                                        ASSIGN 1 [source_file: testcode]
                                            GETPROP 1 [source_file: testcode]
                                                THIS 1 [source_file: testcode]
                                                STRING x 1 [source_file: testcode]
                                            NUMBER 4.0 1 [source_file: testcode]
                            EMPTY 1 [source_file: testcode]
                            RETURN 1 [source_file: testcode]
                                OBJECTLIT 1 [source_file: testcode]


Subtree1: NEW 1 [source_file: expected0]
    NAME Object 1 [source_file: expected0]


Subtree2: OBJECTLIT 1 [source_file: testcode]

	at junit.framework.Assert.fail(Assert.java:57)
	at junit.framework.Assert.assertTrue(Assert.java:22)
	at junit.framework.Assert.assertNull(Assert.java:277)
	at junit.framework.TestCase.assertNull(TestCase.java:447)
	at com.google.javascript.jscomp.CompilerTestCase.test(CompilerTestCase.java:862)
	at com.google.javascript.jscomp.CompilerTestCase.test(CompilerTestCase.java:423)
	at com.google.javascript.jscomp.CompilerTestCase.test(CompilerTestCase.java:348)
	at com.google.javascript.jscomp.CompilerTestCase.test(CompilerTestCase.java:317)
	at com.google.javascript.jscomp.CompilerTestCase.test(CompilerTestCase.java:305)
	at com.google.javascript.jscomp.CompilerTestCase.testSame(CompilerTestCase.java:537)
	at com.google.javascript.jscomp.PeepholeSubstituteAlternateSyntaxTest.foldSame(PeepholeSubstituteAlternateSyntaxTest.java:68)
	at com.google.javascript.jscomp.PeepholeSubstituteAlternateSyntaxTest.testFoldLiteralObjectConstructors(PeepholeSubstituteAlternateSyntaxTest.java:385)
	at sun.reflect.NativeMethodAccessorImpl.invoke0(Native Method)
	at sun.reflect.NativeMethodAccessorImpl.invoke(NativeMethodAccessorImpl.java:57)
	at sun.reflect.DelegatingMethodAccessorImpl.invoke(DelegatingMethodAccessorImpl.java:43)
	at java.lang.reflect.Method.invoke(Method.java:606)
	at junit.framework.TestCase.runTest(TestCase.java:176)
	at junit.framework.TestCase.runBare(TestCase.java:141)
	at junit.framework.TestResult$1.protect(TestResult.java:122)
	at junit.framework.TestResult.runProtected(TestResult.java:142)
	at junit.framework.TestResult.run(TestResult.java:125)
	at junit.framework.TestCase.run(TestCase.java:129)
	at junit.framework.TestSuite.runTest(TestSuite.java:255)
	at junit.framework.TestSuite.run(TestSuite.java:250)
	at org.apache.tools.ant.taskdefs.optional.junit.JUnitTestRunner.run(JUnitTestRunner.java:520)
	at org.apache.tools.ant.taskdefs.optional.junit.JUnitTask.executeInVM(JUnitTask.java:1478)
	at org.apache.tools.ant.taskdefs.optional.junit.JUnitTask.execute(JUnitTask.java:860)
	at org.apache.tools.ant.taskdefs.optional.junit.JUnitTask.executeOrQueue(JUnitTask.java:1968)
	at org.apache.tools.ant.taskdefs.optional.junit.JUnitTask.execute1(JUnitTask.java:812)
	at org.apache.tools.ant.taskdefs.optional.junit.JUnitTask.execute(JUnitTask.java:2271)
	at org.apache.tools.ant.UnknownElement.execute(UnknownElement.java:291)
	at sun.reflect.GeneratedMethodAccessor4.invoke(Unknown Source)
	at sun.reflect.DelegatingMethodAccessorImpl.invoke(DelegatingMethodAccessorImpl.java:43)
	at java.lang.reflect.Method.invoke(Method.java:606)
	at org.apache.tools.ant.dispatch.DispatchUtils.execute(DispatchUtils.java:106)
	at org.apache.tools.ant.Task.perform(Task.java:348)
	at org.apache.tools.ant.Target.execute(Target.java:392)
	at org.apache.tools.ant.Target.performTasks(Target.java:413)
	at org.apache.tools.ant.Project.executeSortedTargets(Project.java:1399)
	at org.apache.tools.ant.Project.executeTarget(Project.java:1368)
	at org.apache.tools.ant.helper.DefaultExecutor.executeTargets(DefaultExecutor.java:41)
	at org.apache.tools.ant.Project.executeTargets(Project.java:1251)
	at org.apache.tools.ant.Main.runBuild(Main.java:811)
	at org.apache.tools.ant.Main.startAnt(Main.java:217)
	at org.apache.tools.ant.launch.Launcher.run(Launcher.java:280)
	at org.apache.tools.ant.launch.Launcher.main(Launcher.java:109)
--- com.google.javascript.jscomp.PeepholeSubstituteAlternateSyntaxTest::testUndefined
junit.framework.AssertionFailedError: 
Expected: var undefined=1;function f(){var undefined=2;var x=undefined}
Result: var undefined=1;function f(){var undefined=2;var x=void 0}
Node tree inequality:
Tree1:
BLOCK [synthetic: 1]
    SCRIPT 1 [synthetic: 1] [source_file: expected0] [input_id: InputId: expected0]
        VAR 1 [source_file: expected0]
            NAME undefined 1 [source_file: expected0]
                NUMBER 1.0 1 [source_file: expected0]
        FUNCTION f 1 [source_file: expected0]
            NAME f 1 [source_file: expected0]
            LP 1 [source_file: expected0]
            BLOCK 1 [source_file: expected0]
                VAR 1 [source_file: expected0]
                    NAME undefined 1 [source_file: expected0]
                        NUMBER 2.0 1 [source_file: expected0]
                VAR 1 [source_file: expected0]
                    NAME x 1 [source_file: expected0]
                        NAME undefined 1 [source_file: expected0]


Tree2:
BLOCK [synthetic: 1]
    SCRIPT 1 [synthetic: 1] [source_file: testcode] [input_id: InputId: testcode]
        VAR 1 [source_file: testcode]
            NAME undefined 1 [source_file: testcode]
                NUMBER 1.0 1 [source_file: testcode]
        FUNCTION f 1 [source_file: testcode]
            NAME f 1 [source_file: testcode]
            LP 1 [source_file: testcode]
            BLOCK 1 [source_file: testcode]
                VAR 1 [source_file: testcode]
                    NAME undefined 1 [source_file: testcode]
                        NUMBER 2.0 1 [source_file: testcode]
                VAR 1 [source_file: testcode]
                    NAME x 1 [source_file: testcode]
                        VOID 1 [source_file: testcode]
                            NUMBER 0.0 1 [source_file: testcode]


Subtree1: NAME undefined 1 [source_file: expected0]


Subtree2: VOID 1 [source_file: testcode]
    NUMBER 0.0 1 [source_file: testcode]

	at junit.framework.Assert.fail(Assert.java:57)
	at junit.framework.Assert.assertTrue(Assert.java:22)
	at junit.framework.Assert.assertNull(Assert.java:277)
	at junit.framework.TestCase.assertNull(TestCase.java:447)
	at com.google.javascript.jscomp.CompilerTestCase.test(CompilerTestCase.java:862)
	at com.google.javascript.jscomp.CompilerTestCase.test(CompilerTestCase.java:423)
	at com.google.javascript.jscomp.CompilerTestCase.test(CompilerTestCase.java:348)
	at com.google.javascript.jscomp.CompilerTestCase.test(CompilerTestCase.java:317)
	at com.google.javascript.jscomp.CompilerTestCase.test(CompilerTestCase.java:305)
	at com.google.javascript.jscomp.CompilerTestCase.testSame(CompilerTestCase.java:537)
	at com.google.javascript.jscomp.PeepholeSubstituteAlternateSyntaxTest.foldSame(PeepholeSubstituteAlternateSyntaxTest.java:68)
	at com.google.javascript.jscomp.PeepholeSubstituteAlternateSyntaxTest.testUndefined(PeepholeSubstituteAlternateSyntaxTest.java:775)
	at sun.reflect.NativeMethodAccessorImpl.invoke0(Native Method)
	at sun.reflect.NativeMethodAccessorImpl.invoke(NativeMethodAccessorImpl.java:57)
	at sun.reflect.DelegatingMethodAccessorImpl.invoke(DelegatingMethodAccessorImpl.java:43)
	at java.lang.reflect.Method.invoke(Method.java:606)
	at junit.framework.TestCase.runTest(TestCase.java:176)
	at junit.framework.TestCase.runBare(TestCase.java:141)
	at junit.framework.TestResult$1.protect(TestResult.java:122)
	at junit.framework.TestResult.runProtected(TestResult.java:142)
	at junit.framework.TestResult.run(TestResult.java:125)
	at junit.framework.TestCase.run(TestCase.java:129)
	at junit.framework.TestSuite.runTest(TestSuite.java:255)
	at junit.framework.TestSuite.run(TestSuite.java:250)
	at org.apache.tools.ant.taskdefs.optional.junit.JUnitTestRunner.run(JUnitTestRunner.java:520)
	at org.apache.tools.ant.taskdefs.optional.junit.JUnitTask.executeInVM(JUnitTask.java:1478)
	at org.apache.tools.ant.taskdefs.optional.junit.JUnitTask.execute(JUnitTask.java:860)
	at org.apache.tools.ant.taskdefs.optional.junit.JUnitTask.executeOrQueue(JUnitTask.java:1968)
	at org.apache.tools.ant.taskdefs.optional.junit.JUnitTask.execute1(JUnitTask.java:812)
	at org.apache.tools.ant.taskdefs.optional.junit.JUnitTask.execute(JUnitTask.java:2271)
	at org.apache.tools.ant.UnknownElement.execute(UnknownElement.java:291)
	at sun.reflect.GeneratedMethodAccessor4.invoke(Unknown Source)
	at sun.reflect.DelegatingMethodAccessorImpl.invoke(DelegatingMethodAccessorImpl.java:43)
	at java.lang.reflect.Method.invoke(Method.java:606)
	at org.apache.tools.ant.dispatch.DispatchUtils.execute(DispatchUtils.java:106)
	at org.apache.tools.ant.Task.perform(Task.java:348)
	at org.apache.tools.ant.Target.execute(Target.java:392)
	at org.apache.tools.ant.Target.performTasks(Target.java:413)
	at org.apache.tools.ant.Project.executeSortedTargets(Project.java:1399)
	at org.apache.tools.ant.Project.executeTarget(Project.java:1368)
	at org.apache.tools.ant.helper.DefaultExecutor.executeTargets(DefaultExecutor.java:41)
	at org.apache.tools.ant.Project.executeTargets(Project.java:1251)
	at org.apache.tools.ant.Main.runBuild(Main.java:811)
	at org.apache.tools.ant.Main.startAnt(Main.java:217)
	at org.apache.tools.ant.launch.Launcher.run(Launcher.java:280)
	at org.apache.tools.ant.launch.Launcher.main(Launcher.java:109)
--- com.google.javascript.jscomp.RemoveUnusedVarsTest::testRecursiveFunction2
junit.framework.AssertionFailedError: 
Expected: (function x$$1(){return x$$1()})()
Result: (function x(){return x()})()
Node tree inequality:
Tree1:
BLOCK [synthetic: 1]
    SCRIPT 1 [synthetic: 1] [source_file: expected0] [input_id: InputId: expected0]
        EXPR_RESULT 1 [source_file: expected0]
            CALL 1 [free_call: 1] [source_file: expected0]
                FUNCTION x$$1 1 [parenthesized: true] [source_file: expected0]
                    NAME x$$1 1 [source_file: expected0]
                    LP 1 [source_file: expected0]
                    BLOCK 1 [source_file: expected0]
                        RETURN 1 [source_file: expected0]
                            CALL 1 [free_call: 1] [source_file: expected0]
                                NAME x$$1 1 [source_file: expected0]


Tree2:
BLOCK [synthetic: 1]
    SCRIPT 1 [synthetic: 1] [source_file: testcode] [input_id: InputId: testcode]
        EXPR_RESULT 1 [source_file: testcode]
            CALL 1 [free_call: 1] [source_file: testcode]
                FUNCTION x 1 [parenthesized: true] [source_file: testcode]
                    NAME x 1 [source_file: testcode]
                    LP 1 [source_file: testcode]
                    BLOCK 1 [source_file: testcode]
                        RETURN 1 [source_file: testcode]
                            CALL 1 [free_call: 1] [source_file: testcode]
                                NAME x 1 [source_file: testcode]


Subtree1: NAME x$$1 1 [source_file: expected0]


Subtree2: NAME x 1 [source_file: testcode]

	at junit.framework.Assert.fail(Assert.java:57)
	at junit.framework.Assert.assertTrue(Assert.java:22)
	at junit.framework.Assert.assertNull(Assert.java:277)
	at junit.framework.TestCase.assertNull(TestCase.java:447)
	at com.google.javascript.jscomp.CompilerTestCase.test(CompilerTestCase.java:862)
	at com.google.javascript.jscomp.CompilerTestCase.test(CompilerTestCase.java:423)
	at com.google.javascript.jscomp.CompilerTestCase.test(CompilerTestCase.java:348)
	at com.google.javascript.jscomp.CompilerTestCase.test(CompilerTestCase.java:317)
	at com.google.javascript.jscomp.CompilerTestCase.test(CompilerTestCase.java:305)
	at com.google.javascript.jscomp.RemoveUnusedVarsTest.testRecursiveFunction2(RemoveUnusedVarsTest.java:224)
	at sun.reflect.NativeMethodAccessorImpl.invoke0(Native Method)
	at sun.reflect.NativeMethodAccessorImpl.invoke(NativeMethodAccessorImpl.java:57)
	at sun.reflect.DelegatingMethodAccessorImpl.invoke(DelegatingMethodAccessorImpl.java:43)
	at java.lang.reflect.Method.invoke(Method.java:606)
	at junit.framework.TestCase.runTest(TestCase.java:176)
	at junit.framework.TestCase.runBare(TestCase.java:141)
	at junit.framework.TestResult$1.protect(TestResult.java:122)
	at junit.framework.TestResult.runProtected(TestResult.java:142)
	at junit.framework.TestResult.run(TestResult.java:125)
	at junit.framework.TestCase.run(TestCase.java:129)
	at junit.framework.TestSuite.runTest(TestSuite.java:255)
	at junit.framework.TestSuite.run(TestSuite.java:250)
	at org.apache.tools.ant.taskdefs.optional.junit.JUnitTestRunner.run(JUnitTestRunner.java:520)
	at org.apache.tools.ant.taskdefs.optional.junit.JUnitTask.executeInVM(JUnitTask.java:1478)
	at org.apache.tools.ant.taskdefs.optional.junit.JUnitTask.execute(JUnitTask.java:860)
	at org.apache.tools.ant.taskdefs.optional.junit.JUnitTask.executeOrQueue(JUnitTask.java:1968)
	at org.apache.tools.ant.taskdefs.optional.junit.JUnitTask.execute1(JUnitTask.java:812)
	at org.apache.tools.ant.taskdefs.optional.junit.JUnitTask.execute(JUnitTask.java:2271)
	at org.apache.tools.ant.UnknownElement.execute(UnknownElement.java:291)
	at sun.reflect.GeneratedMethodAccessor4.invoke(Unknown Source)
	at sun.reflect.DelegatingMethodAccessorImpl.invoke(DelegatingMethodAccessorImpl.java:43)
	at java.lang.reflect.Method.invoke(Method.java:606)
	at org.apache.tools.ant.dispatch.DispatchUtils.execute(DispatchUtils.java:106)
	at org.apache.tools.ant.Task.perform(Task.java:348)
	at org.apache.tools.ant.Target.execute(Target.java:392)
	at org.apache.tools.ant.Target.performTasks(Target.java:413)
	at org.apache.tools.ant.Project.executeSortedTargets(Project.java:1399)
	at org.apache.tools.ant.Project.executeTarget(Project.java:1368)
	at org.apache.tools.ant.helper.DefaultExecutor.executeTargets(DefaultExecutor.java:41)
	at org.apache.tools.ant.Project.executeTargets(Project.java:1251)
	at org.apache.tools.ant.Main.runBuild(Main.java:811)
	at org.apache.tools.ant.Main.startAnt(Main.java:217)
	at org.apache.tools.ant.launch.Launcher.run(Launcher.java:280)
	at org.apache.tools.ant.launch.Launcher.main(Launcher.java:109)
