--- com.google.javascript.jscomp.AmbiguatePropertiesTest::testPrototypePropertiesAsObjLitKeys1
java.lang.StringIndexOutOfBoundsException: String index out of range: 1
	at java.lang.String.charAt(String.java:658)
	at com.google.javascript.jscomp.CodeGenerator.isSimpleNumber(CodeGenerator.java:745)
	at com.google.javascript.jscomp.CodeGenerator.getSimpleNumber(CodeGenerator.java:749)
	at com.google.javascript.jscomp.CodeGenerator.add(CodeGenerator.java:674)
	at com.google.javascript.jscomp.CodeGenerator.addExpr(CodeGenerator.java:886)
	at com.google.javascript.jscomp.CodeGenerator.add(CodeGenerator.java:121)
	at com.google.javascript.jscomp.CodeGenerator.add(CodeGenerator.java:606)
	at com.google.javascript.jscomp.CodeGenerator.add(CodeGenerator.java:381)
	at com.google.javascript.jscomp.CodeGenerator.add(CodeGenerator.java:381)
	at com.google.javascript.jscomp.CodeGenerator.add(CodeGenerator.java:83)
	at com.google.javascript.jscomp.CodePrinter.toSource(CodePrinter.java:634)
	at com.google.javascript.jscomp.CodePrinter.access$100(CodePrinter.java:35)
	at com.google.javascript.jscomp.CodePrinter$Builder.build(CodePrinter.java:595)
	at com.google.javascript.jscomp.Compiler.toSource(Compiler.java:1554)
	at com.google.javascript.jscomp.Compiler.toSource(Compiler.java:1534)
	at com.google.javascript.jscomp.CompilerTestCase.test(CompilerTestCase.java:862)
	at com.google.javascript.jscomp.CompilerTestCase.test(CompilerTestCase.java:423)
	at com.google.javascript.jscomp.CompilerTestCase.test(CompilerTestCase.java:348)
	at com.google.javascript.jscomp.CompilerTestCase.test(CompilerTestCase.java:317)
	at com.google.javascript.jscomp.CompilerTestCase.test(CompilerTestCase.java:305)
	at com.google.javascript.jscomp.AmbiguatePropertiesTest.testPrototypePropertiesAsObjLitKeys1(AmbiguatePropertiesTest.java:281)
	at sun.reflect.NativeMethodAccessorImpl.invoke0(Native Method)
	at sun.reflect.NativeMethodAccessorImpl.invoke(NativeMethodAccessorImpl.java:57)
	at sun.reflect.DelegatingMethodAccessorImpl.invoke(DelegatingMethodAccessorImpl.java:43)
	at java.lang.reflect.Method.invoke(Method.java:606)
	at junit.framework.TestCase.runTest(TestCase.java:176)
	at junit.framework.TestCase.runBare(TestCase.java:141)
	at junit.framework.TestResult$1.protect(TestResult.java:122)
	at junit.framework.TestResult.runProtected(TestResult.java:142)
	at junit.framework.TestResult.run(TestResult.java:125)
	at junit.framework.TestCase.run(TestCase.java:129)
	at junit.framework.TestSuite.runTest(TestSuite.java:255)
	at junit.framework.TestSuite.run(TestSuite.java:250)
	at org.apache.tools.ant.taskdefs.optional.junit.JUnitTestRunner.run(JUnitTestRunner.java:520)
	at org.apache.tools.ant.taskdefs.optional.junit.JUnitTask.executeInVM(JUnitTask.java:1478)
	at org.apache.tools.ant.taskdefs.optional.junit.JUnitTask.execute(JUnitTask.java:860)
	at org.apache.tools.ant.taskdefs.optional.junit.JUnitTask.executeOrQueue(JUnitTask.java:1968)
	at org.apache.tools.ant.taskdefs.optional.junit.JUnitTask.execute1(JUnitTask.java:812)
	at org.apache.tools.ant.taskdefs.optional.junit.JUnitTask.execute(JUnitTask.java:2271)
	at org.apache.tools.ant.UnknownElement.execute(UnknownElement.java:291)
	at sun.reflect.GeneratedMethodAccessor4.invoke(Unknown Source)
	at sun.reflect.DelegatingMethodAccessorImpl.invoke(DelegatingMethodAccessorImpl.java:43)
	at java.lang.reflect.Method.invoke(Method.java:606)
	at org.apache.tools.ant.dispatch.DispatchUtils.execute(DispatchUtils.java:106)
	at org.apache.tools.ant.Task.perform(Task.java:348)
	at org.apache.tools.ant.Target.execute(Target.java:392)
	at org.apache.tools.ant.Target.performTasks(Target.java:413)
	at org.apache.tools.ant.Project.executeSortedTargets(Project.java:1399)
	at org.apache.tools.ant.Project.executeTarget(Project.java:1368)
	at org.apache.tools.ant.helper.DefaultExecutor.executeTargets(DefaultExecutor.java:41)
	at org.apache.tools.ant.Project.executeTargets(Project.java:1251)
	at org.apache.tools.ant.Main.runBuild(Main.java:811)
	at org.apache.tools.ant.Main.startAnt(Main.java:217)
	at org.apache.tools.ant.launch.Launcher.run(Launcher.java:280)
	at org.apache.tools.ant.launch.Launcher.main(Launcher.java:109)
--- com.google.javascript.jscomp.AmbiguatePropertiesTest::testPrototypePropertiesAsObjLitKeys2
java.lang.StringIndexOutOfBoundsException: String index out of range: 1
	at java.lang.String.charAt(String.java:658)
	at com.google.javascript.jscomp.CodeGenerator.isSimpleNumber(CodeGenerator.java:745)
	at com.google.javascript.jscomp.CodeGenerator.getSimpleNumber(CodeGenerator.java:749)
	at com.google.javascript.jscomp.CodeGenerator.add(CodeGenerator.java:674)
	at com.google.javascript.jscomp.CodeGenerator.addExpr(CodeGenerator.java:886)
	at com.google.javascript.jscomp.CodeGenerator.add(CodeGenerator.java:121)
	at com.google.javascript.jscomp.CodeGenerator.add(CodeGenerator.java:606)
	at com.google.javascript.jscomp.CodeGenerator.add(CodeGenerator.java:381)
	at com.google.javascript.jscomp.CodeGenerator.add(CodeGenerator.java:381)
	at com.google.javascript.jscomp.CodeGenerator.add(CodeGenerator.java:83)
	at com.google.javascript.jscomp.CodePrinter.toSource(CodePrinter.java:634)
	at com.google.javascript.jscomp.CodePrinter.access$100(CodePrinter.java:35)
	at com.google.javascript.jscomp.CodePrinter$Builder.build(CodePrinter.java:595)
	at com.google.javascript.jscomp.Compiler.toSource(Compiler.java:1554)
	at com.google.javascript.jscomp.Compiler.toSource(Compiler.java:1534)
	at com.google.javascript.jscomp.CompilerTestCase.test(CompilerTestCase.java:862)
	at com.google.javascript.jscomp.CompilerTestCase.test(CompilerTestCase.java:423)
	at com.google.javascript.jscomp.CompilerTestCase.test(CompilerTestCase.java:348)
	at com.google.javascript.jscomp.CompilerTestCase.test(CompilerTestCase.java:317)
	at com.google.javascript.jscomp.CompilerTestCase.test(CompilerTestCase.java:305)
	at com.google.javascript.jscomp.CompilerTestCase.testSame(CompilerTestCase.java:537)
	at com.google.javascript.jscomp.AmbiguatePropertiesTest.testPrototypePropertiesAsObjLitKeys2(AmbiguatePropertiesTest.java:288)
	at sun.reflect.NativeMethodAccessorImpl.invoke0(Native Method)
	at sun.reflect.NativeMethodAccessorImpl.invoke(NativeMethodAccessorImpl.java:57)
	at sun.reflect.DelegatingMethodAccessorImpl.invoke(DelegatingMethodAccessorImpl.java:43)
	at java.lang.reflect.Method.invoke(Method.java:606)
	at junit.framework.TestCase.runTest(TestCase.java:176)
	at junit.framework.TestCase.runBare(TestCase.java:141)
	at junit.framework.TestResult$1.protect(TestResult.java:122)
	at junit.framework.TestResult.runProtected(TestResult.java:142)
	at junit.framework.TestResult.run(TestResult.java:125)
	at junit.framework.TestCase.run(TestCase.java:129)
	at junit.framework.TestSuite.runTest(TestSuite.java:255)
	at junit.framework.TestSuite.run(TestSuite.java:250)
	at org.apache.tools.ant.taskdefs.optional.junit.JUnitTestRunner.run(JUnitTestRunner.java:520)
	at org.apache.tools.ant.taskdefs.optional.junit.JUnitTask.executeInVM(JUnitTask.java:1478)
	at org.apache.tools.ant.taskdefs.optional.junit.JUnitTask.execute(JUnitTask.java:860)
	at org.apache.tools.ant.taskdefs.optional.junit.JUnitTask.executeOrQueue(JUnitTask.java:1968)
	at org.apache.tools.ant.taskdefs.optional.junit.JUnitTask.execute1(JUnitTask.java:812)
	at org.apache.tools.ant.taskdefs.optional.junit.JUnitTask.execute(JUnitTask.java:2271)
	at org.apache.tools.ant.UnknownElement.execute(UnknownElement.java:291)
	at sun.reflect.GeneratedMethodAccessor4.invoke(Unknown Source)
	at sun.reflect.DelegatingMethodAccessorImpl.invoke(DelegatingMethodAccessorImpl.java:43)
	at java.lang.reflect.Method.invoke(Method.java:606)
	at org.apache.tools.ant.dispatch.DispatchUtils.execute(DispatchUtils.java:106)
	at org.apache.tools.ant.Task.perform(Task.java:348)
	at org.apache.tools.ant.Target.execute(Target.java:392)
	at org.apache.tools.ant.Target.performTasks(Target.java:413)
	at org.apache.tools.ant.Project.executeSortedTargets(Project.java:1399)
	at org.apache.tools.ant.Project.executeTarget(Project.java:1368)
	at org.apache.tools.ant.helper.DefaultExecutor.executeTargets(DefaultExecutor.java:41)
	at org.apache.tools.ant.Project.executeTargets(Project.java:1251)
	at org.apache.tools.ant.Main.runBuild(Main.java:811)
	at org.apache.tools.ant.Main.startAnt(Main.java:217)
	at org.apache.tools.ant.launch.Launcher.run(Launcher.java:280)
	at org.apache.tools.ant.launch.Launcher.main(Launcher.java:109)
--- com.google.javascript.jscomp.ClosureOptimizePrimitivesTest::testObjectCreate3
java.lang.StringIndexOutOfBoundsException: String index out of range: 1
	at java.lang.String.charAt(String.java:658)
	at com.google.javascript.jscomp.CodeGenerator.isSimpleNumber(CodeGenerator.java:745)
	at com.google.javascript.jscomp.CodeGenerator.getSimpleNumber(CodeGenerator.java:749)
	at com.google.javascript.jscomp.CodeGenerator.add(CodeGenerator.java:674)
	at com.google.javascript.jscomp.CodeGenerator.addExpr(CodeGenerator.java:886)
	at com.google.javascript.jscomp.CodeGenerator.add(CodeGenerator.java:203)
	at com.google.javascript.jscomp.CodeGenerator.addExpr(CodeGenerator.java:886)
	at com.google.javascript.jscomp.CodeGenerator.addLeftExpr(CodeGenerator.java:871)
	at com.google.javascript.jscomp.CodeGenerator.addList(CodeGenerator.java:903)
	at com.google.javascript.jscomp.CodeGenerator.add(CodeGenerator.java:182)
	at com.google.javascript.jscomp.CodeGenerator.add(CodeGenerator.java:381)
	at com.google.javascript.jscomp.CodeGenerator.add(CodeGenerator.java:381)
	at com.google.javascript.jscomp.CodeGenerator.add(CodeGenerator.java:83)
	at com.google.javascript.jscomp.CodePrinter.toSource(CodePrinter.java:634)
	at com.google.javascript.jscomp.CodePrinter.access$100(CodePrinter.java:35)
	at com.google.javascript.jscomp.CodePrinter$Builder.build(CodePrinter.java:595)
	at com.google.javascript.jscomp.Compiler.toSource(Compiler.java:1554)
	at com.google.javascript.jscomp.Compiler.toSource(Compiler.java:1534)
	at com.google.javascript.jscomp.CompilerTestCase.test(CompilerTestCase.java:862)
	at com.google.javascript.jscomp.CompilerTestCase.test(CompilerTestCase.java:423)
	at com.google.javascript.jscomp.CompilerTestCase.test(CompilerTestCase.java:348)
	at com.google.javascript.jscomp.CompilerTestCase.test(CompilerTestCase.java:317)
	at com.google.javascript.jscomp.CompilerTestCase.test(CompilerTestCase.java:305)
	at com.google.javascript.jscomp.ClosureOptimizePrimitivesTest.testObjectCreate3(ClosureOptimizePrimitivesTest.java:48)
	at sun.reflect.NativeMethodAccessorImpl.invoke0(Native Method)
	at sun.reflect.NativeMethodAccessorImpl.invoke(NativeMethodAccessorImpl.java:57)
	at sun.reflect.DelegatingMethodAccessorImpl.invoke(DelegatingMethodAccessorImpl.java:43)
	at java.lang.reflect.Method.invoke(Method.java:606)
	at junit.framework.TestCase.runTest(TestCase.java:176)
	at junit.framework.TestCase.runBare(TestCase.java:141)
	at junit.framework.TestResult$1.protect(TestResult.java:122)
	at junit.framework.TestResult.runProtected(TestResult.java:142)
	at junit.framework.TestResult.run(TestResult.java:125)
	at junit.framework.TestCase.run(TestCase.java:129)
	at junit.framework.TestSuite.runTest(TestSuite.java:255)
	at junit.framework.TestSuite.run(TestSuite.java:250)
	at org.apache.tools.ant.taskdefs.optional.junit.JUnitTestRunner.run(JUnitTestRunner.java:520)
	at org.apache.tools.ant.taskdefs.optional.junit.JUnitTask.executeInVM(JUnitTask.java:1478)
	at org.apache.tools.ant.taskdefs.optional.junit.JUnitTask.execute(JUnitTask.java:860)
	at org.apache.tools.ant.taskdefs.optional.junit.JUnitTask.executeOrQueue(JUnitTask.java:1968)
	at org.apache.tools.ant.taskdefs.optional.junit.JUnitTask.execute1(JUnitTask.java:812)
	at org.apache.tools.ant.taskdefs.optional.junit.JUnitTask.execute(JUnitTask.java:2271)
	at org.apache.tools.ant.UnknownElement.execute(UnknownElement.java:291)
	at sun.reflect.GeneratedMethodAccessor4.invoke(Unknown Source)
	at sun.reflect.DelegatingMethodAccessorImpl.invoke(DelegatingMethodAccessorImpl.java:43)
	at java.lang.reflect.Method.invoke(Method.java:606)
	at org.apache.tools.ant.dispatch.DispatchUtils.execute(DispatchUtils.java:106)
	at org.apache.tools.ant.Task.perform(Task.java:348)
	at org.apache.tools.ant.Target.execute(Target.java:392)
	at org.apache.tools.ant.Target.performTasks(Target.java:413)
	at org.apache.tools.ant.Project.executeSortedTargets(Project.java:1399)
	at org.apache.tools.ant.Project.executeTarget(Project.java:1368)
	at org.apache.tools.ant.helper.DefaultExecutor.executeTargets(DefaultExecutor.java:41)
	at org.apache.tools.ant.Project.executeTargets(Project.java:1251)
	at org.apache.tools.ant.Main.runBuild(Main.java:811)
	at org.apache.tools.ant.Main.startAnt(Main.java:217)
	at org.apache.tools.ant.launch.Launcher.run(Launcher.java:280)
	at org.apache.tools.ant.launch.Launcher.main(Launcher.java:109)
--- com.google.javascript.jscomp.ClosureOptimizePrimitivesTest::testObjectCreate4
java.lang.StringIndexOutOfBoundsException: String index out of range: 1
	at java.lang.String.charAt(String.java:658)
	at com.google.javascript.jscomp.CodeGenerator.isSimpleNumber(CodeGenerator.java:745)
	at com.google.javascript.jscomp.CodeGenerator.getSimpleNumber(CodeGenerator.java:749)
	at com.google.javascript.jscomp.CodeGenerator.add(CodeGenerator.java:674)
	at com.google.javascript.jscomp.CodeGenerator.addExpr(CodeGenerator.java:886)
	at com.google.javascript.jscomp.CodeGenerator.addLeftExpr(CodeGenerator.java:871)
	at com.google.javascript.jscomp.CodeGenerator.add(CodeGenerator.java:465)
	at com.google.javascript.jscomp.CodeGenerator.addExpr(CodeGenerator.java:886)
	at com.google.javascript.jscomp.CodeGenerator.addLeftExpr(CodeGenerator.java:871)
	at com.google.javascript.jscomp.CodeGenerator.add(CodeGenerator.java:526)
	at com.google.javascript.jscomp.CodeGenerator.addExpr(CodeGenerator.java:886)
	at com.google.javascript.jscomp.CodeGenerator.addLeftExpr(CodeGenerator.java:871)
	at com.google.javascript.jscomp.CodeGenerator.addList(CodeGenerator.java:903)
	at com.google.javascript.jscomp.CodeGenerator.addList(CodeGenerator.java:891)
	at com.google.javascript.jscomp.CodeGenerator.add(CodeGenerator.java:529)
	at com.google.javascript.jscomp.CodeGenerator.add(CodeGenerator.java:606)
	at com.google.javascript.jscomp.CodeGenerator.add(CodeGenerator.java:381)
	at com.google.javascript.jscomp.CodeGenerator.add(CodeGenerator.java:381)
	at com.google.javascript.jscomp.CodeGenerator.add(CodeGenerator.java:83)
	at com.google.javascript.jscomp.CodePrinter.toSource(CodePrinter.java:634)
	at com.google.javascript.jscomp.CodePrinter.access$100(CodePrinter.java:35)
	at com.google.javascript.jscomp.CodePrinter$Builder.build(CodePrinter.java:595)
	at com.google.javascript.jscomp.Compiler.toSource(Compiler.java:1554)
	at com.google.javascript.jscomp.Compiler.toSource(Compiler.java:1534)
	at com.google.javascript.jscomp.CompilerTestCase.test(CompilerTestCase.java:862)
	at com.google.javascript.jscomp.CompilerTestCase.test(CompilerTestCase.java:423)
	at com.google.javascript.jscomp.CompilerTestCase.test(CompilerTestCase.java:348)
	at com.google.javascript.jscomp.CompilerTestCase.test(CompilerTestCase.java:317)
	at com.google.javascript.jscomp.CompilerTestCase.test(CompilerTestCase.java:305)
	at com.google.javascript.jscomp.ClosureOptimizePrimitivesTest.testObjectCreate4(ClosureOptimizePrimitivesTest.java:52)
	at sun.reflect.NativeMethodAccessorImpl.invoke0(Native Method)
	at sun.reflect.NativeMethodAccessorImpl.invoke(NativeMethodAccessorImpl.java:57)
	at sun.reflect.DelegatingMethodAccessorImpl.invoke(DelegatingMethodAccessorImpl.java:43)
	at java.lang.reflect.Method.invoke(Method.java:606)
	at junit.framework.TestCase.runTest(TestCase.java:176)
	at junit.framework.TestCase.runBare(TestCase.java:141)
	at junit.framework.TestResult$1.protect(TestResult.java:122)
	at junit.framework.TestResult.runProtected(TestResult.java:142)
	at junit.framework.TestResult.run(TestResult.java:125)
	at junit.framework.TestCase.run(TestCase.java:129)
	at junit.framework.TestSuite.runTest(TestSuite.java:255)
	at junit.framework.TestSuite.run(TestSuite.java:250)
	at org.apache.tools.ant.taskdefs.optional.junit.JUnitTestRunner.run(JUnitTestRunner.java:520)
	at org.apache.tools.ant.taskdefs.optional.junit.JUnitTask.executeInVM(JUnitTask.java:1478)
	at org.apache.tools.ant.taskdefs.optional.junit.JUnitTask.execute(JUnitTask.java:860)
	at org.apache.tools.ant.taskdefs.optional.junit.JUnitTask.executeOrQueue(JUnitTask.java:1968)
	at org.apache.tools.ant.taskdefs.optional.junit.JUnitTask.execute1(JUnitTask.java:812)
	at org.apache.tools.ant.taskdefs.optional.junit.JUnitTask.execute(JUnitTask.java:2271)
	at org.apache.tools.ant.UnknownElement.execute(UnknownElement.java:291)
	at sun.reflect.GeneratedMethodAccessor4.invoke(Unknown Source)
	at sun.reflect.DelegatingMethodAccessorImpl.invoke(DelegatingMethodAccessorImpl.java:43)
	at java.lang.reflect.Method.invoke(Method.java:606)
	at org.apache.tools.ant.dispatch.DispatchUtils.execute(DispatchUtils.java:106)
	at org.apache.tools.ant.Task.perform(Task.java:348)
	at org.apache.tools.ant.Target.execute(Target.java:392)
	at org.apache.tools.ant.Target.performTasks(Target.java:413)
	at org.apache.tools.ant.Project.executeSortedTargets(Project.java:1399)
	at org.apache.tools.ant.Project.executeTarget(Project.java:1368)
	at org.apache.tools.ant.helper.DefaultExecutor.executeTargets(DefaultExecutor.java:41)
	at org.apache.tools.ant.Project.executeTargets(Project.java:1251)
	at org.apache.tools.ant.Main.runBuild(Main.java:811)
	at org.apache.tools.ant.Main.startAnt(Main.java:217)
	at org.apache.tools.ant.launch.Launcher.run(Launcher.java:280)
	at org.apache.tools.ant.launch.Launcher.main(Launcher.java:109)
--- com.google.javascript.jscomp.CodePrinterTest::testParsePrintParse
java.lang.StringIndexOutOfBoundsException: String index out of range: 1
	at java.lang.String.charAt(String.java:658)
	at com.google.javascript.jscomp.CodeGenerator.isSimpleNumber(CodeGenerator.java:745)
	at com.google.javascript.jscomp.CodeGenerator.getSimpleNumber(CodeGenerator.java:749)
	at com.google.javascript.jscomp.CodeGenerator.add(CodeGenerator.java:674)
	at com.google.javascript.jscomp.CodeGenerator.addExpr(CodeGenerator.java:886)
	at com.google.javascript.jscomp.CodeGenerator.add(CodeGenerator.java:203)
	at com.google.javascript.jscomp.CodeGenerator.addExpr(CodeGenerator.java:886)
	at com.google.javascript.jscomp.CodeGenerator.addLeftExpr(CodeGenerator.java:871)
	at com.google.javascript.jscomp.CodeGenerator.addList(CodeGenerator.java:903)
	at com.google.javascript.jscomp.CodeGenerator.add(CodeGenerator.java:182)
	at com.google.javascript.jscomp.CodeGenerator.add(CodeGenerator.java:381)
	at com.google.javascript.jscomp.CodeGenerator.add(CodeGenerator.java:83)
	at com.google.javascript.jscomp.CodePrinter.toSource(CodePrinter.java:634)
	at com.google.javascript.jscomp.CodePrinter.access$100(CodePrinter.java:35)
	at com.google.javascript.jscomp.CodePrinter$Builder.build(CodePrinter.java:595)
	at com.google.javascript.jscomp.CodePrinterTest.testReparse(CodePrinterTest.java:1010)
	at com.google.javascript.jscomp.CodePrinterTest.testParsePrintParse(CodePrinterTest.java:997)
	at sun.reflect.NativeMethodAccessorImpl.invoke0(Native Method)
	at sun.reflect.NativeMethodAccessorImpl.invoke(NativeMethodAccessorImpl.java:57)
	at sun.reflect.DelegatingMethodAccessorImpl.invoke(DelegatingMethodAccessorImpl.java:43)
	at java.lang.reflect.Method.invoke(Method.java:606)
	at junit.framework.TestCase.runTest(TestCase.java:176)
	at junit.framework.TestCase.runBare(TestCase.java:141)
	at junit.framework.TestResult$1.protect(TestResult.java:122)
	at junit.framework.TestResult.runProtected(TestResult.java:142)
	at junit.framework.TestResult.run(TestResult.java:125)
	at junit.framework.TestCase.run(TestCase.java:129)
	at junit.framework.TestSuite.runTest(TestSuite.java:255)
	at junit.framework.TestSuite.run(TestSuite.java:250)
	at org.apache.tools.ant.taskdefs.optional.junit.JUnitTestRunner.run(JUnitTestRunner.java:520)
	at org.apache.tools.ant.taskdefs.optional.junit.JUnitTask.executeInVM(JUnitTask.java:1478)
	at org.apache.tools.ant.taskdefs.optional.junit.JUnitTask.execute(JUnitTask.java:860)
	at org.apache.tools.ant.taskdefs.optional.junit.JUnitTask.executeOrQueue(JUnitTask.java:1968)
	at org.apache.tools.ant.taskdefs.optional.junit.JUnitTask.execute1(JUnitTask.java:812)
	at org.apache.tools.ant.taskdefs.optional.junit.JUnitTask.execute(JUnitTask.java:2271)
	at org.apache.tools.ant.UnknownElement.execute(UnknownElement.java:291)
	at sun.reflect.GeneratedMethodAccessor4.invoke(Unknown Source)
	at sun.reflect.DelegatingMethodAccessorImpl.invoke(DelegatingMethodAccessorImpl.java:43)
	at java.lang.reflect.Method.invoke(Method.java:606)
	at org.apache.tools.ant.dispatch.DispatchUtils.execute(DispatchUtils.java:106)
	at org.apache.tools.ant.Task.perform(Task.java:348)
	at org.apache.tools.ant.Target.execute(Target.java:392)
	at org.apache.tools.ant.Target.performTasks(Target.java:413)
	at org.apache.tools.ant.Project.executeSortedTargets(Project.java:1399)
	at org.apache.tools.ant.Project.executeTarget(Project.java:1368)
	at org.apache.tools.ant.helper.DefaultExecutor.executeTargets(DefaultExecutor.java:41)
	at org.apache.tools.ant.Project.executeTargets(Project.java:1251)
	at org.apache.tools.ant.Main.runBuild(Main.java:811)
	at org.apache.tools.ant.Main.startAnt(Main.java:217)
	at org.apache.tools.ant.launch.Launcher.run(Launcher.java:280)
	at org.apache.tools.ant.launch.Launcher.main(Launcher.java:109)
--- com.google.javascript.jscomp.CodePrinterTest::testObjectLit
java.lang.StringIndexOutOfBoundsException: String index out of range: 1
	at java.lang.String.charAt(String.java:658)
	at com.google.javascript.jscomp.CodeGenerator.isSimpleNumber(CodeGenerator.java:745)
	at com.google.javascript.jscomp.CodeGenerator.getSimpleNumber(CodeGenerator.java:749)
	at com.google.javascript.jscomp.CodeGenerator.add(CodeGenerator.java:674)
	at com.google.javascript.jscomp.CodeGenerator.addExpr(CodeGenerator.java:886)
	at com.google.javascript.jscomp.CodeGenerator.add(CodeGenerator.java:203)
	at com.google.javascript.jscomp.CodeGenerator.addExpr(CodeGenerator.java:886)
	at com.google.javascript.jscomp.CodeGenerator.addLeftExpr(CodeGenerator.java:871)
	at com.google.javascript.jscomp.CodeGenerator.addList(CodeGenerator.java:903)
	at com.google.javascript.jscomp.CodeGenerator.add(CodeGenerator.java:182)
	at com.google.javascript.jscomp.CodeGenerator.add(CodeGenerator.java:381)
	at com.google.javascript.jscomp.CodeGenerator.add(CodeGenerator.java:83)
	at com.google.javascript.jscomp.CodePrinter.toSource(CodePrinter.java:634)
	at com.google.javascript.jscomp.CodePrinter.access$100(CodePrinter.java:35)
	at com.google.javascript.jscomp.CodePrinter$Builder.build(CodePrinter.java:595)
	at com.google.javascript.jscomp.CodePrinterTest.parsePrint(CodePrinterTest.java:72)
	at com.google.javascript.jscomp.CodePrinterTest.assertPrint(CodePrinterTest.java:389)
	at com.google.javascript.jscomp.CodePrinterTest.testObjectLit(CodePrinterTest.java:1142)
	at sun.reflect.NativeMethodAccessorImpl.invoke0(Native Method)
	at sun.reflect.NativeMethodAccessorImpl.invoke(NativeMethodAccessorImpl.java:57)
	at sun.reflect.DelegatingMethodAccessorImpl.invoke(DelegatingMethodAccessorImpl.java:43)
	at java.lang.reflect.Method.invoke(Method.java:606)
	at junit.framework.TestCase.runTest(TestCase.java:176)
	at junit.framework.TestCase.runBare(TestCase.java:141)
	at junit.framework.TestResult$1.protect(TestResult.java:122)
	at junit.framework.TestResult.runProtected(TestResult.java:142)
	at junit.framework.TestResult.run(TestResult.java:125)
	at junit.framework.TestCase.run(TestCase.java:129)
	at junit.framework.TestSuite.runTest(TestSuite.java:255)
	at junit.framework.TestSuite.run(TestSuite.java:250)
	at org.apache.tools.ant.taskdefs.optional.junit.JUnitTestRunner.run(JUnitTestRunner.java:520)
	at org.apache.tools.ant.taskdefs.optional.junit.JUnitTask.executeInVM(JUnitTask.java:1478)
	at org.apache.tools.ant.taskdefs.optional.junit.JUnitTask.execute(JUnitTask.java:860)
	at org.apache.tools.ant.taskdefs.optional.junit.JUnitTask.executeOrQueue(JUnitTask.java:1968)
	at org.apache.tools.ant.taskdefs.optional.junit.JUnitTask.execute1(JUnitTask.java:812)
	at org.apache.tools.ant.taskdefs.optional.junit.JUnitTask.execute(JUnitTask.java:2271)
	at org.apache.tools.ant.UnknownElement.execute(UnknownElement.java:291)
	at sun.reflect.GeneratedMethodAccessor4.invoke(Unknown Source)
	at sun.reflect.DelegatingMethodAccessorImpl.invoke(DelegatingMethodAccessorImpl.java:43)
	at java.lang.reflect.Method.invoke(Method.java:606)
	at org.apache.tools.ant.dispatch.DispatchUtils.execute(DispatchUtils.java:106)
	at org.apache.tools.ant.Task.perform(Task.java:348)
	at org.apache.tools.ant.Target.execute(Target.java:392)
	at org.apache.tools.ant.Target.performTasks(Target.java:413)
	at org.apache.tools.ant.Project.executeSortedTargets(Project.java:1399)
	at org.apache.tools.ant.Project.executeTarget(Project.java:1368)
	at org.apache.tools.ant.helper.DefaultExecutor.executeTargets(DefaultExecutor.java:41)
	at org.apache.tools.ant.Project.executeTargets(Project.java:1251)
	at org.apache.tools.ant.Main.runBuild(Main.java:811)
	at org.apache.tools.ant.Main.startAnt(Main.java:217)
	at org.apache.tools.ant.launch.Launcher.run(Launcher.java:280)
	at org.apache.tools.ant.launch.Launcher.main(Launcher.java:109)
--- com.google.javascript.jscomp.CodePrinterTest::testNumericKeys
java.lang.StringIndexOutOfBoundsException: String index out of range: 1
	at java.lang.String.charAt(String.java:658)
	at com.google.javascript.jscomp.CodeGenerator.isSimpleNumber(CodeGenerator.java:745)
	at com.google.javascript.jscomp.CodeGenerator.getSimpleNumber(CodeGenerator.java:749)
	at com.google.javascript.jscomp.CodeGenerator.add(CodeGenerator.java:674)
	at com.google.javascript.jscomp.CodeGenerator.addExpr(CodeGenerator.java:886)
	at com.google.javascript.jscomp.CodeGenerator.add(CodeGenerator.java:203)
	at com.google.javascript.jscomp.CodeGenerator.addExpr(CodeGenerator.java:886)
	at com.google.javascript.jscomp.CodeGenerator.addLeftExpr(CodeGenerator.java:871)
	at com.google.javascript.jscomp.CodeGenerator.addList(CodeGenerator.java:903)
	at com.google.javascript.jscomp.CodeGenerator.add(CodeGenerator.java:182)
	at com.google.javascript.jscomp.CodeGenerator.add(CodeGenerator.java:381)
	at com.google.javascript.jscomp.CodeGenerator.add(CodeGenerator.java:83)
	at com.google.javascript.jscomp.CodePrinter.toSource(CodePrinter.java:634)
	at com.google.javascript.jscomp.CodePrinter.access$100(CodePrinter.java:35)
	at com.google.javascript.jscomp.CodePrinter$Builder.build(CodePrinter.java:595)
	at com.google.javascript.jscomp.CodePrinterTest.parsePrint(CodePrinterTest.java:72)
	at com.google.javascript.jscomp.CodePrinterTest.assertPrint(CodePrinterTest.java:389)
	at com.google.javascript.jscomp.CodePrinterTest.testNumericKeys(CodePrinterTest.java:1258)
	at sun.reflect.NativeMethodAccessorImpl.invoke0(Native Method)
	at sun.reflect.NativeMethodAccessorImpl.invoke(NativeMethodAccessorImpl.java:57)
	at sun.reflect.DelegatingMethodAccessorImpl.invoke(DelegatingMethodAccessorImpl.java:43)
	at java.lang.reflect.Method.invoke(Method.java:606)
	at junit.framework.TestCase.runTest(TestCase.java:176)
	at junit.framework.TestCase.runBare(TestCase.java:141)
	at junit.framework.TestResult$1.protect(TestResult.java:122)
	at junit.framework.TestResult.runProtected(TestResult.java:142)
	at junit.framework.TestResult.run(TestResult.java:125)
	at junit.framework.TestCase.run(TestCase.java:129)
	at junit.framework.TestSuite.runTest(TestSuite.java:255)
	at junit.framework.TestSuite.run(TestSuite.java:250)
	at org.apache.tools.ant.taskdefs.optional.junit.JUnitTestRunner.run(JUnitTestRunner.java:520)
	at org.apache.tools.ant.taskdefs.optional.junit.JUnitTask.executeInVM(JUnitTask.java:1478)
	at org.apache.tools.ant.taskdefs.optional.junit.JUnitTask.execute(JUnitTask.java:860)
	at org.apache.tools.ant.taskdefs.optional.junit.JUnitTask.executeOrQueue(JUnitTask.java:1968)
	at org.apache.tools.ant.taskdefs.optional.junit.JUnitTask.execute1(JUnitTask.java:812)
	at org.apache.tools.ant.taskdefs.optional.junit.JUnitTask.execute(JUnitTask.java:2271)
	at org.apache.tools.ant.UnknownElement.execute(UnknownElement.java:291)
	at sun.reflect.GeneratedMethodAccessor4.invoke(Unknown Source)
	at sun.reflect.DelegatingMethodAccessorImpl.invoke(DelegatingMethodAccessorImpl.java:43)
	at java.lang.reflect.Method.invoke(Method.java:606)
	at org.apache.tools.ant.dispatch.DispatchUtils.execute(DispatchUtils.java:106)
	at org.apache.tools.ant.Task.perform(Task.java:348)
	at org.apache.tools.ant.Target.execute(Target.java:392)
	at org.apache.tools.ant.Target.performTasks(Target.java:413)
	at org.apache.tools.ant.Project.executeSortedTargets(Project.java:1399)
	at org.apache.tools.ant.Project.executeTarget(Project.java:1368)
	at org.apache.tools.ant.helper.DefaultExecutor.executeTargets(DefaultExecutor.java:41)
	at org.apache.tools.ant.Project.executeTargets(Project.java:1251)
	at org.apache.tools.ant.Main.runBuild(Main.java:811)
	at org.apache.tools.ant.Main.startAnt(Main.java:217)
	at org.apache.tools.ant.launch.Launcher.run(Launcher.java:280)
	at org.apache.tools.ant.launch.Launcher.main(Launcher.java:109)
--- com.google.javascript.jscomp.CodePrinterTest::testObjectLit2
java.lang.StringIndexOutOfBoundsException: String index out of range: 1
	at java.lang.String.charAt(String.java:658)
	at com.google.javascript.jscomp.CodeGenerator.isSimpleNumber(CodeGenerator.java:745)
	at com.google.javascript.jscomp.CodeGenerator.getSimpleNumber(CodeGenerator.java:749)
	at com.google.javascript.jscomp.CodeGenerator.add(CodeGenerator.java:674)
	at com.google.javascript.jscomp.CodeGenerator.addExpr(CodeGenerator.java:886)
	at com.google.javascript.jscomp.CodeGenerator.add(CodeGenerator.java:203)
	at com.google.javascript.jscomp.CodeGenerator.addExpr(CodeGenerator.java:886)
	at com.google.javascript.jscomp.CodeGenerator.addLeftExpr(CodeGenerator.java:871)
	at com.google.javascript.jscomp.CodeGenerator.addList(CodeGenerator.java:903)
	at com.google.javascript.jscomp.CodeGenerator.add(CodeGenerator.java:182)
	at com.google.javascript.jscomp.CodeGenerator.add(CodeGenerator.java:381)
	at com.google.javascript.jscomp.CodeGenerator.add(CodeGenerator.java:83)
	at com.google.javascript.jscomp.CodePrinter.toSource(CodePrinter.java:634)
	at com.google.javascript.jscomp.CodePrinter.access$100(CodePrinter.java:35)
	at com.google.javascript.jscomp.CodePrinter$Builder.build(CodePrinter.java:595)
	at com.google.javascript.jscomp.CodePrinterTest.parsePrint(CodePrinterTest.java:72)
	at com.google.javascript.jscomp.CodePrinterTest.assertPrint(CodePrinterTest.java:389)
	at com.google.javascript.jscomp.CodePrinterTest.testObjectLit2(CodePrinterTest.java:1146)
	at sun.reflect.NativeMethodAccessorImpl.invoke0(Native Method)
	at sun.reflect.NativeMethodAccessorImpl.invoke(NativeMethodAccessorImpl.java:57)
	at sun.reflect.DelegatingMethodAccessorImpl.invoke(DelegatingMethodAccessorImpl.java:43)
	at java.lang.reflect.Method.invoke(Method.java:606)
	at junit.framework.TestCase.runTest(TestCase.java:176)
	at junit.framework.TestCase.runBare(TestCase.java:141)
	at junit.framework.TestResult$1.protect(TestResult.java:122)
	at junit.framework.TestResult.runProtected(TestResult.java:142)
	at junit.framework.TestResult.run(TestResult.java:125)
	at junit.framework.TestCase.run(TestCase.java:129)
	at junit.framework.TestSuite.runTest(TestSuite.java:255)
	at junit.framework.TestSuite.run(TestSuite.java:250)
	at org.apache.tools.ant.taskdefs.optional.junit.JUnitTestRunner.run(JUnitTestRunner.java:520)
	at org.apache.tools.ant.taskdefs.optional.junit.JUnitTask.executeInVM(JUnitTask.java:1478)
	at org.apache.tools.ant.taskdefs.optional.junit.JUnitTask.execute(JUnitTask.java:860)
	at org.apache.tools.ant.taskdefs.optional.junit.JUnitTask.executeOrQueue(JUnitTask.java:1968)
	at org.apache.tools.ant.taskdefs.optional.junit.JUnitTask.execute1(JUnitTask.java:812)
	at org.apache.tools.ant.taskdefs.optional.junit.JUnitTask.execute(JUnitTask.java:2271)
	at org.apache.tools.ant.UnknownElement.execute(UnknownElement.java:291)
	at sun.reflect.GeneratedMethodAccessor4.invoke(Unknown Source)
	at sun.reflect.DelegatingMethodAccessorImpl.invoke(DelegatingMethodAccessorImpl.java:43)
	at java.lang.reflect.Method.invoke(Method.java:606)
	at org.apache.tools.ant.dispatch.DispatchUtils.execute(DispatchUtils.java:106)
	at org.apache.tools.ant.Task.perform(Task.java:348)
	at org.apache.tools.ant.Target.execute(Target.java:392)
	at org.apache.tools.ant.Target.performTasks(Target.java:413)
	at org.apache.tools.ant.Project.executeSortedTargets(Project.java:1399)
	at org.apache.tools.ant.Project.executeTarget(Project.java:1368)
	at org.apache.tools.ant.helper.DefaultExecutor.executeTargets(DefaultExecutor.java:41)
	at org.apache.tools.ant.Project.executeTargets(Project.java:1251)
	at org.apache.tools.ant.Main.runBuild(Main.java:811)
	at org.apache.tools.ant.Main.startAnt(Main.java:217)
	at org.apache.tools.ant.launch.Launcher.run(Launcher.java:280)
	at org.apache.tools.ant.launch.Launcher.main(Launcher.java:109)
--- com.google.javascript.jscomp.CodePrinterTest::testObjectLit3
junit.framework.ComparisonFailure: expected:<var x={[3E9]:1}> but was:<var x={["3000000000"]:1}>
	at junit.framework.Assert.assertEquals(Assert.java:100)
	at junit.framework.Assert.assertEquals(Assert.java:107)
	at junit.framework.TestCase.assertEquals(TestCase.java:269)
	at com.google.javascript.jscomp.CodePrinterTest.assertPrint(CodePrinterTest.java:389)
	at com.google.javascript.jscomp.CodePrinterTest.testObjectLit3(CodePrinterTest.java:1154)
	at sun.reflect.NativeMethodAccessorImpl.invoke0(Native Method)
	at sun.reflect.NativeMethodAccessorImpl.invoke(NativeMethodAccessorImpl.java:57)
	at sun.reflect.DelegatingMethodAccessorImpl.invoke(DelegatingMethodAccessorImpl.java:43)
	at java.lang.reflect.Method.invoke(Method.java:606)
	at junit.framework.TestCase.runTest(TestCase.java:176)
	at junit.framework.TestCase.runBare(TestCase.java:141)
	at junit.framework.TestResult$1.protect(TestResult.java:122)
	at junit.framework.TestResult.runProtected(TestResult.java:142)
	at junit.framework.TestResult.run(TestResult.java:125)
	at junit.framework.TestCase.run(TestCase.java:129)
	at junit.framework.TestSuite.runTest(TestSuite.java:255)
	at junit.framework.TestSuite.run(TestSuite.java:250)
	at org.apache.tools.ant.taskdefs.optional.junit.JUnitTestRunner.run(JUnitTestRunner.java:520)
	at org.apache.tools.ant.taskdefs.optional.junit.JUnitTask.executeInVM(JUnitTask.java:1478)
	at org.apache.tools.ant.taskdefs.optional.junit.JUnitTask.execute(JUnitTask.java:860)
	at org.apache.tools.ant.taskdefs.optional.junit.JUnitTask.executeOrQueue(JUnitTask.java:1968)
	at org.apache.tools.ant.taskdefs.optional.junit.JUnitTask.execute1(JUnitTask.java:812)
	at org.apache.tools.ant.taskdefs.optional.junit.JUnitTask.execute(JUnitTask.java:2271)
	at org.apache.tools.ant.UnknownElement.execute(UnknownElement.java:291)
	at sun.reflect.GeneratedMethodAccessor4.invoke(Unknown Source)
	at sun.reflect.DelegatingMethodAccessorImpl.invoke(DelegatingMethodAccessorImpl.java:43)
	at java.lang.reflect.Method.invoke(Method.java:606)
	at org.apache.tools.ant.dispatch.DispatchUtils.execute(DispatchUtils.java:106)
	at org.apache.tools.ant.Task.perform(Task.java:348)
	at org.apache.tools.ant.Target.execute(Target.java:392)
	at org.apache.tools.ant.Target.performTasks(Target.java:413)
	at org.apache.tools.ant.Project.executeSortedTargets(Project.java:1399)
	at org.apache.tools.ant.Project.executeTarget(Project.java:1368)
	at org.apache.tools.ant.helper.DefaultExecutor.executeTargets(DefaultExecutor.java:41)
	at org.apache.tools.ant.Project.executeTargets(Project.java:1251)
	at org.apache.tools.ant.Main.runBuild(Main.java:811)
	at org.apache.tools.ant.Main.startAnt(Main.java:217)
	at org.apache.tools.ant.launch.Launcher.run(Launcher.java:280)
	at org.apache.tools.ant.launch.Launcher.main(Launcher.java:109)
--- com.google.javascript.jscomp.CodePrinterTest::testGetter
java.lang.StringIndexOutOfBoundsException: String index out of range: 1
	at java.lang.String.charAt(String.java:658)
	at com.google.javascript.jscomp.CodeGenerator.isSimpleNumber(CodeGenerator.java:745)
	at com.google.javascript.jscomp.CodeGenerator.getSimpleNumber(CodeGenerator.java:749)
	at com.google.javascript.jscomp.CodeGenerator.add(CodeGenerator.java:352)
	at com.google.javascript.jscomp.CodeGenerator.add(CodeGenerator.java:83)
	at com.google.javascript.jscomp.CodeGenerator.add(CodeGenerator.java:659)
	at com.google.javascript.jscomp.CodeGenerator.addExpr(CodeGenerator.java:886)
	at com.google.javascript.jscomp.CodeGenerator.add(CodeGenerator.java:203)
	at com.google.javascript.jscomp.CodeGenerator.addExpr(CodeGenerator.java:886)
	at com.google.javascript.jscomp.CodeGenerator.addLeftExpr(CodeGenerator.java:871)
	at com.google.javascript.jscomp.CodeGenerator.addList(CodeGenerator.java:903)
	at com.google.javascript.jscomp.CodeGenerator.add(CodeGenerator.java:182)
	at com.google.javascript.jscomp.CodeGenerator.add(CodeGenerator.java:381)
	at com.google.javascript.jscomp.CodeGenerator.add(CodeGenerator.java:83)
	at com.google.javascript.jscomp.CodePrinter.toSource(CodePrinter.java:634)
	at com.google.javascript.jscomp.CodePrinter.access$100(CodePrinter.java:35)
	at com.google.javascript.jscomp.CodePrinter$Builder.build(CodePrinter.java:595)
	at com.google.javascript.jscomp.CodePrinterTest.parsePrint(CodePrinterTest.java:72)
	at com.google.javascript.jscomp.CodePrinterTest.assertPrint(CodePrinterTest.java:389)
	at com.google.javascript.jscomp.CodePrinterTest.testGetter(CodePrinterTest.java:1184)
	at sun.reflect.NativeMethodAccessorImpl.invoke0(Native Method)
	at sun.reflect.NativeMethodAccessorImpl.invoke(NativeMethodAccessorImpl.java:57)
	at sun.reflect.DelegatingMethodAccessorImpl.invoke(DelegatingMethodAccessorImpl.java:43)
	at java.lang.reflect.Method.invoke(Method.java:606)
	at junit.framework.TestCase.runTest(TestCase.java:176)
	at junit.framework.TestCase.runBare(TestCase.java:141)
	at junit.framework.TestResult$1.protect(TestResult.java:122)
	at junit.framework.TestResult.runProtected(TestResult.java:142)
	at junit.framework.TestResult.run(TestResult.java:125)
	at junit.framework.TestCase.run(TestCase.java:129)
	at junit.framework.TestSuite.runTest(TestSuite.java:255)
	at junit.framework.TestSuite.run(TestSuite.java:250)
	at org.apache.tools.ant.taskdefs.optional.junit.JUnitTestRunner.run(JUnitTestRunner.java:520)
	at org.apache.tools.ant.taskdefs.optional.junit.JUnitTask.executeInVM(JUnitTask.java:1478)
	at org.apache.tools.ant.taskdefs.optional.junit.JUnitTask.execute(JUnitTask.java:860)
	at org.apache.tools.ant.taskdefs.optional.junit.JUnitTask.executeOrQueue(JUnitTask.java:1968)
	at org.apache.tools.ant.taskdefs.optional.junit.JUnitTask.execute1(JUnitTask.java:812)
	at org.apache.tools.ant.taskdefs.optional.junit.JUnitTask.execute(JUnitTask.java:2271)
	at org.apache.tools.ant.UnknownElement.execute(UnknownElement.java:291)
	at sun.reflect.GeneratedMethodAccessor4.invoke(Unknown Source)
	at sun.reflect.DelegatingMethodAccessorImpl.invoke(DelegatingMethodAccessorImpl.java:43)
	at java.lang.reflect.Method.invoke(Method.java:606)
	at org.apache.tools.ant.dispatch.DispatchUtils.execute(DispatchUtils.java:106)
	at org.apache.tools.ant.Task.perform(Task.java:348)
	at org.apache.tools.ant.Target.execute(Target.java:392)
	at org.apache.tools.ant.Target.performTasks(Target.java:413)
	at org.apache.tools.ant.Project.executeSortedTargets(Project.java:1399)
	at org.apache.tools.ant.Project.executeTarget(Project.java:1368)
	at org.apache.tools.ant.helper.DefaultExecutor.executeTargets(DefaultExecutor.java:41)
	at org.apache.tools.ant.Project.executeTargets(Project.java:1251)
	at org.apache.tools.ant.Main.runBuild(Main.java:811)
	at org.apache.tools.ant.Main.startAnt(Main.java:217)
	at org.apache.tools.ant.launch.Launcher.run(Launcher.java:280)
	at org.apache.tools.ant.launch.Launcher.main(Launcher.java:109)
--- com.google.javascript.jscomp.CodePrinterTest::testSetter
java.lang.StringIndexOutOfBoundsException: String index out of range: 1
	at java.lang.String.charAt(String.java:658)
	at com.google.javascript.jscomp.CodeGenerator.isSimpleNumber(CodeGenerator.java:745)
	at com.google.javascript.jscomp.CodeGenerator.getSimpleNumber(CodeGenerator.java:749)
	at com.google.javascript.jscomp.CodeGenerator.add(CodeGenerator.java:352)
	at com.google.javascript.jscomp.CodeGenerator.add(CodeGenerator.java:83)
	at com.google.javascript.jscomp.CodeGenerator.add(CodeGenerator.java:659)
	at com.google.javascript.jscomp.CodeGenerator.addExpr(CodeGenerator.java:886)
	at com.google.javascript.jscomp.CodeGenerator.add(CodeGenerator.java:203)
	at com.google.javascript.jscomp.CodeGenerator.addExpr(CodeGenerator.java:886)
	at com.google.javascript.jscomp.CodeGenerator.addLeftExpr(CodeGenerator.java:871)
	at com.google.javascript.jscomp.CodeGenerator.addList(CodeGenerator.java:903)
	at com.google.javascript.jscomp.CodeGenerator.add(CodeGenerator.java:182)
	at com.google.javascript.jscomp.CodeGenerator.add(CodeGenerator.java:381)
	at com.google.javascript.jscomp.CodeGenerator.add(CodeGenerator.java:83)
	at com.google.javascript.jscomp.CodePrinter.toSource(CodePrinter.java:634)
	at com.google.javascript.jscomp.CodePrinter.access$100(CodePrinter.java:35)
	at com.google.javascript.jscomp.CodePrinter$Builder.build(CodePrinter.java:595)
	at com.google.javascript.jscomp.CodePrinterTest.parsePrint(CodePrinterTest.java:72)
	at com.google.javascript.jscomp.CodePrinterTest.assertPrint(CodePrinterTest.java:389)
	at com.google.javascript.jscomp.CodePrinterTest.testSetter(CodePrinterTest.java:1203)
	at sun.reflect.NativeMethodAccessorImpl.invoke0(Native Method)
	at sun.reflect.NativeMethodAccessorImpl.invoke(NativeMethodAccessorImpl.java:57)
	at sun.reflect.DelegatingMethodAccessorImpl.invoke(DelegatingMethodAccessorImpl.java:43)
	at java.lang.reflect.Method.invoke(Method.java:606)
	at junit.framework.TestCase.runTest(TestCase.java:176)
	at junit.framework.TestCase.runBare(TestCase.java:141)
	at junit.framework.TestResult$1.protect(TestResult.java:122)
	at junit.framework.TestResult.runProtected(TestResult.java:142)
	at junit.framework.TestResult.run(TestResult.java:125)
	at junit.framework.TestCase.run(TestCase.java:129)
	at junit.framework.TestSuite.runTest(TestSuite.java:255)
	at junit.framework.TestSuite.run(TestSuite.java:250)
	at org.apache.tools.ant.taskdefs.optional.junit.JUnitTestRunner.run(JUnitTestRunner.java:520)
	at org.apache.tools.ant.taskdefs.optional.junit.JUnitTask.executeInVM(JUnitTask.java:1478)
	at org.apache.tools.ant.taskdefs.optional.junit.JUnitTask.execute(JUnitTask.java:860)
	at org.apache.tools.ant.taskdefs.optional.junit.JUnitTask.executeOrQueue(JUnitTask.java:1968)
	at org.apache.tools.ant.taskdefs.optional.junit.JUnitTask.execute1(JUnitTask.java:812)
	at org.apache.tools.ant.taskdefs.optional.junit.JUnitTask.execute(JUnitTask.java:2271)
	at org.apache.tools.ant.UnknownElement.execute(UnknownElement.java:291)
	at sun.reflect.GeneratedMethodAccessor4.invoke(Unknown Source)
	at sun.reflect.DelegatingMethodAccessorImpl.invoke(DelegatingMethodAccessorImpl.java:43)
	at java.lang.reflect.Method.invoke(Method.java:606)
	at org.apache.tools.ant.dispatch.DispatchUtils.execute(DispatchUtils.java:106)
	at org.apache.tools.ant.Task.perform(Task.java:348)
	at org.apache.tools.ant.Target.execute(Target.java:392)
	at org.apache.tools.ant.Target.performTasks(Target.java:413)
	at org.apache.tools.ant.Project.executeSortedTargets(Project.java:1399)
	at org.apache.tools.ant.Project.executeTarget(Project.java:1368)
	at org.apache.tools.ant.helper.DefaultExecutor.executeTargets(DefaultExecutor.java:41)
	at org.apache.tools.ant.Project.executeTargets(Project.java:1251)
	at org.apache.tools.ant.Main.runBuild(Main.java:811)
	at org.apache.tools.ant.Main.startAnt(Main.java:217)
	at org.apache.tools.ant.launch.Launcher.run(Launcher.java:280)
	at org.apache.tools.ant.launch.Launcher.main(Launcher.java:109)
--- com.google.javascript.jscomp.FunctionNamesTest::testFunctionsNamesAndIds
java.lang.StringIndexOutOfBoundsException: String index out of range: 1
	at java.lang.String.charAt(String.java:658)
	at com.google.javascript.jscomp.CodeGenerator.isSimpleNumber(CodeGenerator.java:745)
	at com.google.javascript.jscomp.CodeGenerator.getSimpleNumber(CodeGenerator.java:749)
	at com.google.javascript.jscomp.CodeGenerator.add(CodeGenerator.java:674)
	at com.google.javascript.jscomp.CodeGenerator.addExpr(CodeGenerator.java:886)
	at com.google.javascript.jscomp.CodeGenerator.add(CodeGenerator.java:121)
	at com.google.javascript.jscomp.CodeGenerator.add(CodeGenerator.java:606)
	at com.google.javascript.jscomp.CodeGenerator.add(CodeGenerator.java:381)
	at com.google.javascript.jscomp.CodeGenerator.add(CodeGenerator.java:381)
	at com.google.javascript.jscomp.CodeGenerator.add(CodeGenerator.java:83)
	at com.google.javascript.jscomp.CodePrinter.toSource(CodePrinter.java:634)
	at com.google.javascript.jscomp.CodePrinter.access$100(CodePrinter.java:35)
	at com.google.javascript.jscomp.CodePrinter$Builder.build(CodePrinter.java:595)
	at com.google.javascript.jscomp.Compiler.toSource(Compiler.java:1554)
	at com.google.javascript.jscomp.Compiler.toSource(Compiler.java:1534)
	at com.google.javascript.jscomp.CompilerTestCase.test(CompilerTestCase.java:862)
	at com.google.javascript.jscomp.CompilerTestCase.test(CompilerTestCase.java:423)
	at com.google.javascript.jscomp.CompilerTestCase.test(CompilerTestCase.java:348)
	at com.google.javascript.jscomp.CompilerTestCase.test(CompilerTestCase.java:317)
	at com.google.javascript.jscomp.CompilerTestCase.test(CompilerTestCase.java:305)
	at com.google.javascript.jscomp.CompilerTestCase.testSame(CompilerTestCase.java:537)
	at com.google.javascript.jscomp.FunctionNamesTest.testFunctionsNamesAndIds(FunctionNamesTest.java:60)
	at sun.reflect.NativeMethodAccessorImpl.invoke0(Native Method)
	at sun.reflect.NativeMethodAccessorImpl.invoke(NativeMethodAccessorImpl.java:57)
	at sun.reflect.DelegatingMethodAccessorImpl.invoke(DelegatingMethodAccessorImpl.java:43)
	at java.lang.reflect.Method.invoke(Method.java:606)
	at junit.framework.TestCase.runTest(TestCase.java:176)
	at junit.framework.TestCase.runBare(TestCase.java:141)
	at junit.framework.TestResult$1.protect(TestResult.java:122)
	at junit.framework.TestResult.runProtected(TestResult.java:142)
	at junit.framework.TestResult.run(TestResult.java:125)
	at junit.framework.TestCase.run(TestCase.java:129)
	at junit.framework.TestSuite.runTest(TestSuite.java:255)
	at junit.framework.TestSuite.run(TestSuite.java:250)
	at org.apache.tools.ant.taskdefs.optional.junit.JUnitTestRunner.run(JUnitTestRunner.java:520)
	at org.apache.tools.ant.taskdefs.optional.junit.JUnitTask.executeInVM(JUnitTask.java:1478)
	at org.apache.tools.ant.taskdefs.optional.junit.JUnitTask.execute(JUnitTask.java:860)
	at org.apache.tools.ant.taskdefs.optional.junit.JUnitTask.executeOrQueue(JUnitTask.java:1968)
	at org.apache.tools.ant.taskdefs.optional.junit.JUnitTask.execute1(JUnitTask.java:812)
	at org.apache.tools.ant.taskdefs.optional.junit.JUnitTask.execute(JUnitTask.java:2271)
	at org.apache.tools.ant.UnknownElement.execute(UnknownElement.java:291)
	at sun.reflect.GeneratedMethodAccessor4.invoke(Unknown Source)
	at sun.reflect.DelegatingMethodAccessorImpl.invoke(DelegatingMethodAccessorImpl.java:43)
	at java.lang.reflect.Method.invoke(Method.java:606)
	at org.apache.tools.ant.dispatch.DispatchUtils.execute(DispatchUtils.java:106)
	at org.apache.tools.ant.Task.perform(Task.java:348)
	at org.apache.tools.ant.Target.execute(Target.java:392)
	at org.apache.tools.ant.Target.performTasks(Target.java:413)
	at org.apache.tools.ant.Project.executeSortedTargets(Project.java:1399)
	at org.apache.tools.ant.Project.executeTarget(Project.java:1368)
	at org.apache.tools.ant.helper.DefaultExecutor.executeTargets(DefaultExecutor.java:41)
	at org.apache.tools.ant.Project.executeTargets(Project.java:1251)
	at org.apache.tools.ant.Main.runBuild(Main.java:811)
	at org.apache.tools.ant.Main.startAnt(Main.java:217)
	at org.apache.tools.ant.launch.Launcher.run(Launcher.java:280)
	at org.apache.tools.ant.launch.Launcher.main(Launcher.java:109)
--- com.google.javascript.jscomp.PeepholeCollectPropertyAssignmentsTest::testObjectOptimization1
java.lang.StringIndexOutOfBoundsException: String index out of range: 1
	at java.lang.String.charAt(String.java:658)
	at com.google.javascript.jscomp.CodeGenerator.isSimpleNumber(CodeGenerator.java:745)
	at com.google.javascript.jscomp.CodeGenerator.getSimpleNumber(CodeGenerator.java:749)
	at com.google.javascript.jscomp.CodeGenerator.add(CodeGenerator.java:674)
	at com.google.javascript.jscomp.CodeGenerator.addExpr(CodeGenerator.java:886)
	at com.google.javascript.jscomp.CodeGenerator.add(CodeGenerator.java:203)
	at com.google.javascript.jscomp.CodeGenerator.addExpr(CodeGenerator.java:886)
	at com.google.javascript.jscomp.CodeGenerator.addLeftExpr(CodeGenerator.java:871)
	at com.google.javascript.jscomp.CodeGenerator.addList(CodeGenerator.java:903)
	at com.google.javascript.jscomp.CodeGenerator.add(CodeGenerator.java:182)
	at com.google.javascript.jscomp.CodeGenerator.add(CodeGenerator.java:381)
	at com.google.javascript.jscomp.CodeGenerator.add(CodeGenerator.java:381)
	at com.google.javascript.jscomp.CodeGenerator.add(CodeGenerator.java:83)
	at com.google.javascript.jscomp.CodePrinter.toSource(CodePrinter.java:634)
	at com.google.javascript.jscomp.CodePrinter.access$100(CodePrinter.java:35)
	at com.google.javascript.jscomp.CodePrinter$Builder.build(CodePrinter.java:595)
	at com.google.javascript.jscomp.Compiler.toSource(Compiler.java:1554)
	at com.google.javascript.jscomp.Compiler.toSource(Compiler.java:1534)
	at com.google.javascript.jscomp.CompilerTestCase.test(CompilerTestCase.java:862)
	at com.google.javascript.jscomp.CompilerTestCase.test(CompilerTestCase.java:423)
	at com.google.javascript.jscomp.CompilerTestCase.test(CompilerTestCase.java:348)
	at com.google.javascript.jscomp.CompilerTestCase.test(CompilerTestCase.java:317)
	at com.google.javascript.jscomp.CompilerTestCase.test(CompilerTestCase.java:305)
	at com.google.javascript.jscomp.PeepholeCollectPropertyAssignmentsTest.testObjectOptimization1(PeepholeCollectPropertyAssignmentsTest.java:161)
	at sun.reflect.NativeMethodAccessorImpl.invoke0(Native Method)
	at sun.reflect.NativeMethodAccessorImpl.invoke(NativeMethodAccessorImpl.java:57)
	at sun.reflect.DelegatingMethodAccessorImpl.invoke(DelegatingMethodAccessorImpl.java:43)
	at java.lang.reflect.Method.invoke(Method.java:606)
	at junit.framework.TestCase.runTest(TestCase.java:176)
	at junit.framework.TestCase.runBare(TestCase.java:141)
	at junit.framework.TestResult$1.protect(TestResult.java:122)
	at junit.framework.TestResult.runProtected(TestResult.java:142)
	at junit.framework.TestResult.run(TestResult.java:125)
	at junit.framework.TestCase.run(TestCase.java:129)
	at junit.framework.TestSuite.runTest(TestSuite.java:255)
	at junit.framework.TestSuite.run(TestSuite.java:250)
	at org.apache.tools.ant.taskdefs.optional.junit.JUnitTestRunner.run(JUnitTestRunner.java:520)
	at org.apache.tools.ant.taskdefs.optional.junit.JUnitTask.executeInVM(JUnitTask.java:1478)
	at org.apache.tools.ant.taskdefs.optional.junit.JUnitTask.execute(JUnitTask.java:860)
	at org.apache.tools.ant.taskdefs.optional.junit.JUnitTask.executeOrQueue(JUnitTask.java:1968)
	at org.apache.tools.ant.taskdefs.optional.junit.JUnitTask.execute1(JUnitTask.java:812)
	at org.apache.tools.ant.taskdefs.optional.junit.JUnitTask.execute(JUnitTask.java:2271)
	at org.apache.tools.ant.UnknownElement.execute(UnknownElement.java:291)
	at sun.reflect.GeneratedMethodAccessor4.invoke(Unknown Source)
	at sun.reflect.DelegatingMethodAccessorImpl.invoke(DelegatingMethodAccessorImpl.java:43)
	at java.lang.reflect.Method.invoke(Method.java:606)
	at org.apache.tools.ant.dispatch.DispatchUtils.execute(DispatchUtils.java:106)
	at org.apache.tools.ant.Task.perform(Task.java:348)
	at org.apache.tools.ant.Target.execute(Target.java:392)
	at org.apache.tools.ant.Target.performTasks(Target.java:413)
	at org.apache.tools.ant.Project.executeSortedTargets(Project.java:1399)
	at org.apache.tools.ant.Project.executeTarget(Project.java:1368)
	at org.apache.tools.ant.helper.DefaultExecutor.executeTargets(DefaultExecutor.java:41)
	at org.apache.tools.ant.Project.executeTargets(Project.java:1251)
	at org.apache.tools.ant.Main.runBuild(Main.java:811)
	at org.apache.tools.ant.Main.startAnt(Main.java:217)
	at org.apache.tools.ant.launch.Launcher.run(Launcher.java:280)
	at org.apache.tools.ant.launch.Launcher.main(Launcher.java:109)
--- com.google.javascript.jscomp.PeepholeCollectPropertyAssignmentsTest::testObjectOptimization2
java.lang.StringIndexOutOfBoundsException: String index out of range: 1
	at java.lang.String.charAt(String.java:658)
	at com.google.javascript.jscomp.CodeGenerator.isSimpleNumber(CodeGenerator.java:745)
	at com.google.javascript.jscomp.CodeGenerator.getSimpleNumber(CodeGenerator.java:749)
	at com.google.javascript.jscomp.CodeGenerator.add(CodeGenerator.java:674)
	at com.google.javascript.jscomp.CodeGenerator.addExpr(CodeGenerator.java:886)
	at com.google.javascript.jscomp.CodeGenerator.add(CodeGenerator.java:121)
	at com.google.javascript.jscomp.CodeGenerator.add(CodeGenerator.java:606)
	at com.google.javascript.jscomp.CodeGenerator.add(CodeGenerator.java:381)
	at com.google.javascript.jscomp.CodeGenerator.add(CodeGenerator.java:381)
	at com.google.javascript.jscomp.CodeGenerator.add(CodeGenerator.java:83)
	at com.google.javascript.jscomp.CodePrinter.toSource(CodePrinter.java:634)
	at com.google.javascript.jscomp.CodePrinter.access$100(CodePrinter.java:35)
	at com.google.javascript.jscomp.CodePrinter$Builder.build(CodePrinter.java:595)
	at com.google.javascript.jscomp.Compiler.toSource(Compiler.java:1554)
	at com.google.javascript.jscomp.Compiler.toSource(Compiler.java:1534)
	at com.google.javascript.jscomp.CompilerTestCase.test(CompilerTestCase.java:862)
	at com.google.javascript.jscomp.CompilerTestCase.test(CompilerTestCase.java:423)
	at com.google.javascript.jscomp.CompilerTestCase.test(CompilerTestCase.java:348)
	at com.google.javascript.jscomp.CompilerTestCase.test(CompilerTestCase.java:317)
	at com.google.javascript.jscomp.CompilerTestCase.test(CompilerTestCase.java:305)
	at com.google.javascript.jscomp.PeepholeCollectPropertyAssignmentsTest.testObjectOptimization2(PeepholeCollectPropertyAssignmentsTest.java:166)
	at sun.reflect.NativeMethodAccessorImpl.invoke0(Native Method)
	at sun.reflect.NativeMethodAccessorImpl.invoke(NativeMethodAccessorImpl.java:57)
	at sun.reflect.DelegatingMethodAccessorImpl.invoke(DelegatingMethodAccessorImpl.java:43)
	at java.lang.reflect.Method.invoke(Method.java:606)
	at junit.framework.TestCase.runTest(TestCase.java:176)
	at junit.framework.TestCase.runBare(TestCase.java:141)
	at junit.framework.TestResult$1.protect(TestResult.java:122)
	at junit.framework.TestResult.runProtected(TestResult.java:142)
	at junit.framework.TestResult.run(TestResult.java:125)
	at junit.framework.TestCase.run(TestCase.java:129)
	at junit.framework.TestSuite.runTest(TestSuite.java:255)
	at junit.framework.TestSuite.run(TestSuite.java:250)
	at org.apache.tools.ant.taskdefs.optional.junit.JUnitTestRunner.run(JUnitTestRunner.java:520)
	at org.apache.tools.ant.taskdefs.optional.junit.JUnitTask.executeInVM(JUnitTask.java:1478)
	at org.apache.tools.ant.taskdefs.optional.junit.JUnitTask.execute(JUnitTask.java:860)
	at org.apache.tools.ant.taskdefs.optional.junit.JUnitTask.executeOrQueue(JUnitTask.java:1968)
	at org.apache.tools.ant.taskdefs.optional.junit.JUnitTask.execute1(JUnitTask.java:812)
	at org.apache.tools.ant.taskdefs.optional.junit.JUnitTask.execute(JUnitTask.java:2271)
	at org.apache.tools.ant.UnknownElement.execute(UnknownElement.java:291)
	at sun.reflect.GeneratedMethodAccessor4.invoke(Unknown Source)
	at sun.reflect.DelegatingMethodAccessorImpl.invoke(DelegatingMethodAccessorImpl.java:43)
	at java.lang.reflect.Method.invoke(Method.java:606)
	at org.apache.tools.ant.dispatch.DispatchUtils.execute(DispatchUtils.java:106)
	at org.apache.tools.ant.Task.perform(Task.java:348)
	at org.apache.tools.ant.Target.execute(Target.java:392)
	at org.apache.tools.ant.Target.performTasks(Target.java:413)
	at org.apache.tools.ant.Project.executeSortedTargets(Project.java:1399)
	at org.apache.tools.ant.Project.executeTarget(Project.java:1368)
	at org.apache.tools.ant.helper.DefaultExecutor.executeTargets(DefaultExecutor.java:41)
	at org.apache.tools.ant.Project.executeTargets(Project.java:1251)
	at org.apache.tools.ant.Main.runBuild(Main.java:811)
	at org.apache.tools.ant.Main.startAnt(Main.java:217)
	at org.apache.tools.ant.launch.Launcher.run(Launcher.java:280)
	at org.apache.tools.ant.launch.Launcher.main(Launcher.java:109)
--- com.google.javascript.jscomp.RenamePropertiesTest::testPrototypePropertiesAsObjLitKeysStable
java.lang.StringIndexOutOfBoundsException: String index out of range: 1
	at java.lang.String.charAt(String.java:658)
	at com.google.javascript.jscomp.CodeGenerator.isSimpleNumber(CodeGenerator.java:745)
	at com.google.javascript.jscomp.CodeGenerator.getSimpleNumber(CodeGenerator.java:749)
	at com.google.javascript.jscomp.CodeGenerator.add(CodeGenerator.java:674)
	at com.google.javascript.jscomp.CodeGenerator.addExpr(CodeGenerator.java:886)
	at com.google.javascript.jscomp.CodeGenerator.add(CodeGenerator.java:121)
	at com.google.javascript.jscomp.CodeGenerator.add(CodeGenerator.java:606)
	at com.google.javascript.jscomp.CodeGenerator.add(CodeGenerator.java:381)
	at com.google.javascript.jscomp.CodeGenerator.add(CodeGenerator.java:381)
	at com.google.javascript.jscomp.CodeGenerator.add(CodeGenerator.java:83)
	at com.google.javascript.jscomp.CodePrinter.toSource(CodePrinter.java:634)
	at com.google.javascript.jscomp.CodePrinter.access$100(CodePrinter.java:35)
	at com.google.javascript.jscomp.CodePrinter$Builder.build(CodePrinter.java:595)
	at com.google.javascript.jscomp.Compiler.toSource(Compiler.java:1554)
	at com.google.javascript.jscomp.Compiler.toSource(Compiler.java:1534)
	at com.google.javascript.jscomp.CompilerTestCase.test(CompilerTestCase.java:862)
	at com.google.javascript.jscomp.CompilerTestCase.test(CompilerTestCase.java:423)
	at com.google.javascript.jscomp.CompilerTestCase.test(CompilerTestCase.java:348)
	at com.google.javascript.jscomp.CompilerTestCase.test(CompilerTestCase.java:317)
	at com.google.javascript.jscomp.CompilerTestCase.test(CompilerTestCase.java:305)
	at com.google.javascript.jscomp.RenamePropertiesTest.testStableRenaming(RenamePropertiesTest.java:391)
	at com.google.javascript.jscomp.RenamePropertiesTest.testPrototypePropertiesAsObjLitKeysStable(RenamePropertiesTest.java:313)
	at sun.reflect.NativeMethodAccessorImpl.invoke0(Native Method)
	at sun.reflect.NativeMethodAccessorImpl.invoke(NativeMethodAccessorImpl.java:57)
	at sun.reflect.DelegatingMethodAccessorImpl.invoke(DelegatingMethodAccessorImpl.java:43)
	at java.lang.reflect.Method.invoke(Method.java:606)
	at junit.framework.TestCase.runTest(TestCase.java:176)
	at junit.framework.TestCase.runBare(TestCase.java:141)
	at junit.framework.TestResult$1.protect(TestResult.java:122)
	at junit.framework.TestResult.runProtected(TestResult.java:142)
	at junit.framework.TestResult.run(TestResult.java:125)
	at junit.framework.TestCase.run(TestCase.java:129)
	at junit.framework.TestSuite.runTest(TestSuite.java:255)
	at junit.framework.TestSuite.run(TestSuite.java:250)
	at org.apache.tools.ant.taskdefs.optional.junit.JUnitTestRunner.run(JUnitTestRunner.java:520)
	at org.apache.tools.ant.taskdefs.optional.junit.JUnitTask.executeInVM(JUnitTask.java:1478)
	at org.apache.tools.ant.taskdefs.optional.junit.JUnitTask.execute(JUnitTask.java:860)
	at org.apache.tools.ant.taskdefs.optional.junit.JUnitTask.executeOrQueue(JUnitTask.java:1968)
	at org.apache.tools.ant.taskdefs.optional.junit.JUnitTask.execute1(JUnitTask.java:812)
	at org.apache.tools.ant.taskdefs.optional.junit.JUnitTask.execute(JUnitTask.java:2271)
	at org.apache.tools.ant.UnknownElement.execute(UnknownElement.java:291)
	at sun.reflect.GeneratedMethodAccessor4.invoke(Unknown Source)
	at sun.reflect.DelegatingMethodAccessorImpl.invoke(DelegatingMethodAccessorImpl.java:43)
	at java.lang.reflect.Method.invoke(Method.java:606)
	at org.apache.tools.ant.dispatch.DispatchUtils.execute(DispatchUtils.java:106)
	at org.apache.tools.ant.Task.perform(Task.java:348)
	at org.apache.tools.ant.Target.execute(Target.java:392)
	at org.apache.tools.ant.Target.performTasks(Target.java:413)
	at org.apache.tools.ant.Project.executeSortedTargets(Project.java:1399)
	at org.apache.tools.ant.Project.executeTarget(Project.java:1368)
	at org.apache.tools.ant.helper.DefaultExecutor.executeTargets(DefaultExecutor.java:41)
	at org.apache.tools.ant.Project.executeTargets(Project.java:1251)
	at org.apache.tools.ant.Main.runBuild(Main.java:811)
	at org.apache.tools.ant.Main.startAnt(Main.java:217)
	at org.apache.tools.ant.launch.Launcher.run(Launcher.java:280)
	at org.apache.tools.ant.launch.Launcher.main(Launcher.java:109)
--- com.google.javascript.jscomp.RenamePropertiesTest::testPrototypePropertiesAsObjLitKeys1
java.lang.StringIndexOutOfBoundsException: String index out of range: 1
	at java.lang.String.charAt(String.java:658)
	at com.google.javascript.jscomp.CodeGenerator.isSimpleNumber(CodeGenerator.java:745)
	at com.google.javascript.jscomp.CodeGenerator.getSimpleNumber(CodeGenerator.java:749)
	at com.google.javascript.jscomp.CodeGenerator.add(CodeGenerator.java:674)
	at com.google.javascript.jscomp.CodeGenerator.addExpr(CodeGenerator.java:886)
	at com.google.javascript.jscomp.CodeGenerator.add(CodeGenerator.java:121)
	at com.google.javascript.jscomp.CodeGenerator.add(CodeGenerator.java:606)
	at com.google.javascript.jscomp.CodeGenerator.add(CodeGenerator.java:381)
	at com.google.javascript.jscomp.CodeGenerator.add(CodeGenerator.java:381)
	at com.google.javascript.jscomp.CodeGenerator.add(CodeGenerator.java:83)
	at com.google.javascript.jscomp.CodePrinter.toSource(CodePrinter.java:634)
	at com.google.javascript.jscomp.CodePrinter.access$100(CodePrinter.java:35)
	at com.google.javascript.jscomp.CodePrinter$Builder.build(CodePrinter.java:595)
	at com.google.javascript.jscomp.Compiler.toSource(Compiler.java:1554)
	at com.google.javascript.jscomp.Compiler.toSource(Compiler.java:1534)
	at com.google.javascript.jscomp.CompilerTestCase.test(CompilerTestCase.java:862)
	at com.google.javascript.jscomp.CompilerTestCase.test(CompilerTestCase.java:423)
	at com.google.javascript.jscomp.CompilerTestCase.test(CompilerTestCase.java:348)
	at com.google.javascript.jscomp.CompilerTestCase.test(CompilerTestCase.java:317)
	at com.google.javascript.jscomp.CompilerTestCase.test(CompilerTestCase.java:305)
	at com.google.javascript.jscomp.RenamePropertiesTest.testPrototypePropertiesAsObjLitKeys1(RenamePropertiesTest.java:66)
	at sun.reflect.NativeMethodAccessorImpl.invoke0(Native Method)
	at sun.reflect.NativeMethodAccessorImpl.invoke(NativeMethodAccessorImpl.java:57)
	at sun.reflect.DelegatingMethodAccessorImpl.invoke(DelegatingMethodAccessorImpl.java:43)
	at java.lang.reflect.Method.invoke(Method.java:606)
	at junit.framework.TestCase.runTest(TestCase.java:176)
	at junit.framework.TestCase.runBare(TestCase.java:141)
	at junit.framework.TestResult$1.protect(TestResult.java:122)
	at junit.framework.TestResult.runProtected(TestResult.java:142)
	at junit.framework.TestResult.run(TestResult.java:125)
	at junit.framework.TestCase.run(TestCase.java:129)
	at junit.framework.TestSuite.runTest(TestSuite.java:255)
	at junit.framework.TestSuite.run(TestSuite.java:250)
	at org.apache.tools.ant.taskdefs.optional.junit.JUnitTestRunner.run(JUnitTestRunner.java:520)
	at org.apache.tools.ant.taskdefs.optional.junit.JUnitTask.executeInVM(JUnitTask.java:1478)
	at org.apache.tools.ant.taskdefs.optional.junit.JUnitTask.execute(JUnitTask.java:860)
	at org.apache.tools.ant.taskdefs.optional.junit.JUnitTask.executeOrQueue(JUnitTask.java:1968)
	at org.apache.tools.ant.taskdefs.optional.junit.JUnitTask.execute1(JUnitTask.java:812)
	at org.apache.tools.ant.taskdefs.optional.junit.JUnitTask.execute(JUnitTask.java:2271)
	at org.apache.tools.ant.UnknownElement.execute(UnknownElement.java:291)
	at sun.reflect.GeneratedMethodAccessor4.invoke(Unknown Source)
	at sun.reflect.DelegatingMethodAccessorImpl.invoke(DelegatingMethodAccessorImpl.java:43)
	at java.lang.reflect.Method.invoke(Method.java:606)
	at org.apache.tools.ant.dispatch.DispatchUtils.execute(DispatchUtils.java:106)
	at org.apache.tools.ant.Task.perform(Task.java:348)
	at org.apache.tools.ant.Target.execute(Target.java:392)
	at org.apache.tools.ant.Target.performTasks(Target.java:413)
	at org.apache.tools.ant.Project.executeSortedTargets(Project.java:1399)
	at org.apache.tools.ant.Project.executeTarget(Project.java:1368)
	at org.apache.tools.ant.helper.DefaultExecutor.executeTargets(DefaultExecutor.java:41)
	at org.apache.tools.ant.Project.executeTargets(Project.java:1251)
	at org.apache.tools.ant.Main.runBuild(Main.java:811)
	at org.apache.tools.ant.Main.startAnt(Main.java:217)
	at org.apache.tools.ant.launch.Launcher.run(Launcher.java:280)
	at org.apache.tools.ant.launch.Launcher.main(Launcher.java:109)
--- com.google.javascript.jscomp.RenamePropertiesTest::testPrototypePropertiesAsObjLitKeys2
java.lang.StringIndexOutOfBoundsException: String index out of range: 1
	at java.lang.String.charAt(String.java:658)
	at com.google.javascript.jscomp.CodeGenerator.isSimpleNumber(CodeGenerator.java:745)
	at com.google.javascript.jscomp.CodeGenerator.getSimpleNumber(CodeGenerator.java:749)
	at com.google.javascript.jscomp.CodeGenerator.add(CodeGenerator.java:352)
	at com.google.javascript.jscomp.CodeGenerator.add(CodeGenerator.java:83)
	at com.google.javascript.jscomp.CodeGenerator.add(CodeGenerator.java:659)
	at com.google.javascript.jscomp.CodeGenerator.addExpr(CodeGenerator.java:886)
	at com.google.javascript.jscomp.CodeGenerator.add(CodeGenerator.java:121)
	at com.google.javascript.jscomp.CodeGenerator.add(CodeGenerator.java:606)
	at com.google.javascript.jscomp.CodeGenerator.add(CodeGenerator.java:381)
	at com.google.javascript.jscomp.CodeGenerator.add(CodeGenerator.java:381)
	at com.google.javascript.jscomp.CodeGenerator.add(CodeGenerator.java:83)
	at com.google.javascript.jscomp.CodePrinter.toSource(CodePrinter.java:634)
	at com.google.javascript.jscomp.CodePrinter.access$100(CodePrinter.java:35)
	at com.google.javascript.jscomp.CodePrinter$Builder.build(CodePrinter.java:595)
	at com.google.javascript.jscomp.Compiler.toSource(Compiler.java:1554)
	at com.google.javascript.jscomp.Compiler.toSource(Compiler.java:1534)
	at com.google.javascript.jscomp.CompilerTestCase.test(CompilerTestCase.java:862)
	at com.google.javascript.jscomp.CompilerTestCase.test(CompilerTestCase.java:423)
	at com.google.javascript.jscomp.CompilerTestCase.test(CompilerTestCase.java:348)
	at com.google.javascript.jscomp.CompilerTestCase.test(CompilerTestCase.java:317)
	at com.google.javascript.jscomp.CompilerTestCase.test(CompilerTestCase.java:305)
	at com.google.javascript.jscomp.CompilerTestCase.testSame(CompilerTestCase.java:537)
	at com.google.javascript.jscomp.RenamePropertiesTest.testPrototypePropertiesAsObjLitKeys2(RenamePropertiesTest.java:71)
	at sun.reflect.NativeMethodAccessorImpl.invoke0(Native Method)
	at sun.reflect.NativeMethodAccessorImpl.invoke(NativeMethodAccessorImpl.java:57)
	at sun.reflect.DelegatingMethodAccessorImpl.invoke(DelegatingMethodAccessorImpl.java:43)
	at java.lang.reflect.Method.invoke(Method.java:606)
	at junit.framework.TestCase.runTest(TestCase.java:176)
	at junit.framework.TestCase.runBare(TestCase.java:141)
	at junit.framework.TestResult$1.protect(TestResult.java:122)
	at junit.framework.TestResult.runProtected(TestResult.java:142)
	at junit.framework.TestResult.run(TestResult.java:125)
	at junit.framework.TestCase.run(TestCase.java:129)
	at junit.framework.TestSuite.runTest(TestSuite.java:255)
	at junit.framework.TestSuite.run(TestSuite.java:250)
	at org.apache.tools.ant.taskdefs.optional.junit.JUnitTestRunner.run(JUnitTestRunner.java:520)
	at org.apache.tools.ant.taskdefs.optional.junit.JUnitTask.executeInVM(JUnitTask.java:1478)
	at org.apache.tools.ant.taskdefs.optional.junit.JUnitTask.execute(JUnitTask.java:860)
	at org.apache.tools.ant.taskdefs.optional.junit.JUnitTask.executeOrQueue(JUnitTask.java:1968)
	at org.apache.tools.ant.taskdefs.optional.junit.JUnitTask.execute1(JUnitTask.java:812)
	at org.apache.tools.ant.taskdefs.optional.junit.JUnitTask.execute(JUnitTask.java:2271)
	at org.apache.tools.ant.UnknownElement.execute(UnknownElement.java:291)
	at sun.reflect.GeneratedMethodAccessor4.invoke(Unknown Source)
	at sun.reflect.DelegatingMethodAccessorImpl.invoke(DelegatingMethodAccessorImpl.java:43)
	at java.lang.reflect.Method.invoke(Method.java:606)
	at org.apache.tools.ant.dispatch.DispatchUtils.execute(DispatchUtils.java:106)
	at org.apache.tools.ant.Task.perform(Task.java:348)
	at org.apache.tools.ant.Target.execute(Target.java:392)
	at org.apache.tools.ant.Target.performTasks(Target.java:413)
	at org.apache.tools.ant.Project.executeSortedTargets(Project.java:1399)
	at org.apache.tools.ant.Project.executeTarget(Project.java:1368)
	at org.apache.tools.ant.helper.DefaultExecutor.executeTargets(DefaultExecutor.java:41)
	at org.apache.tools.ant.Project.executeTargets(Project.java:1251)
	at org.apache.tools.ant.Main.runBuild(Main.java:811)
	at org.apache.tools.ant.Main.startAnt(Main.java:217)
	at org.apache.tools.ant.launch.Launcher.run(Launcher.java:280)
	at org.apache.tools.ant.launch.Launcher.main(Launcher.java:109)
--- com.google.javascript.jscomp.RenamePropertiesTest::testPrototypePropertiesAsObjLitKeys3
java.lang.StringIndexOutOfBoundsException: String index out of range: 1
	at java.lang.String.charAt(String.java:658)
	at com.google.javascript.jscomp.CodeGenerator.isSimpleNumber(CodeGenerator.java:745)
	at com.google.javascript.jscomp.CodeGenerator.getSimpleNumber(CodeGenerator.java:749)
	at com.google.javascript.jscomp.CodeGenerator.add(CodeGenerator.java:352)
	at com.google.javascript.jscomp.CodeGenerator.add(CodeGenerator.java:83)
	at com.google.javascript.jscomp.CodeGenerator.add(CodeGenerator.java:659)
	at com.google.javascript.jscomp.CodeGenerator.addExpr(CodeGenerator.java:886)
	at com.google.javascript.jscomp.CodeGenerator.add(CodeGenerator.java:121)
	at com.google.javascript.jscomp.CodeGenerator.add(CodeGenerator.java:606)
	at com.google.javascript.jscomp.CodeGenerator.add(CodeGenerator.java:381)
	at com.google.javascript.jscomp.CodeGenerator.add(CodeGenerator.java:381)
	at com.google.javascript.jscomp.CodeGenerator.add(CodeGenerator.java:83)
	at com.google.javascript.jscomp.CodePrinter.toSource(CodePrinter.java:634)
	at com.google.javascript.jscomp.CodePrinter.access$100(CodePrinter.java:35)
	at com.google.javascript.jscomp.CodePrinter$Builder.build(CodePrinter.java:595)
	at com.google.javascript.jscomp.Compiler.toSource(Compiler.java:1554)
	at com.google.javascript.jscomp.Compiler.toSource(Compiler.java:1534)
	at com.google.javascript.jscomp.CompilerTestCase.test(CompilerTestCase.java:862)
	at com.google.javascript.jscomp.CompilerTestCase.test(CompilerTestCase.java:423)
	at com.google.javascript.jscomp.CompilerTestCase.test(CompilerTestCase.java:348)
	at com.google.javascript.jscomp.CompilerTestCase.test(CompilerTestCase.java:317)
	at com.google.javascript.jscomp.CompilerTestCase.test(CompilerTestCase.java:305)
	at com.google.javascript.jscomp.CompilerTestCase.testSame(CompilerTestCase.java:537)
	at com.google.javascript.jscomp.RenamePropertiesTest.testPrototypePropertiesAsObjLitKeys3(RenamePropertiesTest.java:80)
	at sun.reflect.NativeMethodAccessorImpl.invoke0(Native Method)
	at sun.reflect.NativeMethodAccessorImpl.invoke(NativeMethodAccessorImpl.java:57)
	at sun.reflect.DelegatingMethodAccessorImpl.invoke(DelegatingMethodAccessorImpl.java:43)
	at java.lang.reflect.Method.invoke(Method.java:606)
	at junit.framework.TestCase.runTest(TestCase.java:176)
	at junit.framework.TestCase.runBare(TestCase.java:141)
	at junit.framework.TestResult$1.protect(TestResult.java:122)
	at junit.framework.TestResult.runProtected(TestResult.java:142)
	at junit.framework.TestResult.run(TestResult.java:125)
	at junit.framework.TestCase.run(TestCase.java:129)
	at junit.framework.TestSuite.runTest(TestSuite.java:255)
	at junit.framework.TestSuite.run(TestSuite.java:250)
	at org.apache.tools.ant.taskdefs.optional.junit.JUnitTestRunner.run(JUnitTestRunner.java:520)
	at org.apache.tools.ant.taskdefs.optional.junit.JUnitTask.executeInVM(JUnitTask.java:1478)
	at org.apache.tools.ant.taskdefs.optional.junit.JUnitTask.execute(JUnitTask.java:860)
	at org.apache.tools.ant.taskdefs.optional.junit.JUnitTask.executeOrQueue(JUnitTask.java:1968)
	at org.apache.tools.ant.taskdefs.optional.junit.JUnitTask.execute1(JUnitTask.java:812)
	at org.apache.tools.ant.taskdefs.optional.junit.JUnitTask.execute(JUnitTask.java:2271)
	at org.apache.tools.ant.UnknownElement.execute(UnknownElement.java:291)
	at sun.reflect.GeneratedMethodAccessor4.invoke(Unknown Source)
	at sun.reflect.DelegatingMethodAccessorImpl.invoke(DelegatingMethodAccessorImpl.java:43)
	at java.lang.reflect.Method.invoke(Method.java:606)
	at org.apache.tools.ant.dispatch.DispatchUtils.execute(DispatchUtils.java:106)
	at org.apache.tools.ant.Task.perform(Task.java:348)
	at org.apache.tools.ant.Target.execute(Target.java:392)
	at org.apache.tools.ant.Target.performTasks(Target.java:413)
	at org.apache.tools.ant.Project.executeSortedTargets(Project.java:1399)
	at org.apache.tools.ant.Project.executeTarget(Project.java:1368)
	at org.apache.tools.ant.helper.DefaultExecutor.executeTargets(DefaultExecutor.java:41)
	at org.apache.tools.ant.Project.executeTargets(Project.java:1251)
	at org.apache.tools.ant.Main.runBuild(Main.java:811)
	at org.apache.tools.ant.Main.startAnt(Main.java:217)
	at org.apache.tools.ant.launch.Launcher.run(Launcher.java:280)
	at org.apache.tools.ant.launch.Launcher.main(Launcher.java:109)
--- com.google.javascript.jscomp.RenamePrototypesTest::testRenamePrototypes1
java.lang.StringIndexOutOfBoundsException: String index out of range: 1
	at java.lang.String.charAt(String.java:658)
	at com.google.javascript.jscomp.CodeGenerator.isSimpleNumber(CodeGenerator.java:745)
	at com.google.javascript.jscomp.CodeGenerator.getSimpleNumber(CodeGenerator.java:749)
	at com.google.javascript.jscomp.CodeGenerator.add(CodeGenerator.java:674)
	at com.google.javascript.jscomp.CodeGenerator.addExpr(CodeGenerator.java:886)
	at com.google.javascript.jscomp.CodeGenerator.add(CodeGenerator.java:121)
	at com.google.javascript.jscomp.CodeGenerator.add(CodeGenerator.java:606)
	at com.google.javascript.jscomp.CodeGenerator.add(CodeGenerator.java:381)
	at com.google.javascript.jscomp.CodeGenerator.add(CodeGenerator.java:381)
	at com.google.javascript.jscomp.CodeGenerator.add(CodeGenerator.java:83)
	at com.google.javascript.jscomp.CodePrinter.toSource(CodePrinter.java:634)
	at com.google.javascript.jscomp.CodePrinter.access$100(CodePrinter.java:35)
	at com.google.javascript.jscomp.CodePrinter$Builder.build(CodePrinter.java:595)
	at com.google.javascript.jscomp.Compiler.toSource(Compiler.java:1554)
	at com.google.javascript.jscomp.Compiler.toSource(Compiler.java:1534)
	at com.google.javascript.jscomp.CompilerTestCase.test(CompilerTestCase.java:862)
	at com.google.javascript.jscomp.CompilerTestCase.test(CompilerTestCase.java:423)
	at com.google.javascript.jscomp.CompilerTestCase.test(CompilerTestCase.java:348)
	at com.google.javascript.jscomp.CompilerTestCase.test(CompilerTestCase.java:317)
	at com.google.javascript.jscomp.CompilerTestCase.test(CompilerTestCase.java:305)
	at com.google.javascript.jscomp.RenamePrototypesTest.testRenamePrototypes1(RenamePrototypesTest.java:50)
	at sun.reflect.NativeMethodAccessorImpl.invoke0(Native Method)
	at sun.reflect.NativeMethodAccessorImpl.invoke(NativeMethodAccessorImpl.java:57)
	at sun.reflect.DelegatingMethodAccessorImpl.invoke(DelegatingMethodAccessorImpl.java:43)
	at java.lang.reflect.Method.invoke(Method.java:606)
	at junit.framework.TestCase.runTest(TestCase.java:176)
	at junit.framework.TestCase.runBare(TestCase.java:141)
	at junit.framework.TestResult$1.protect(TestResult.java:122)
	at junit.framework.TestResult.runProtected(TestResult.java:142)
	at junit.framework.TestResult.run(TestResult.java:125)
	at junit.framework.TestCase.run(TestCase.java:129)
	at junit.framework.TestSuite.runTest(TestSuite.java:255)
	at junit.framework.TestSuite.run(TestSuite.java:250)
	at org.apache.tools.ant.taskdefs.optional.junit.JUnitTestRunner.run(JUnitTestRunner.java:520)
	at org.apache.tools.ant.taskdefs.optional.junit.JUnitTask.executeInVM(JUnitTask.java:1478)
	at org.apache.tools.ant.taskdefs.optional.junit.JUnitTask.execute(JUnitTask.java:860)
	at org.apache.tools.ant.taskdefs.optional.junit.JUnitTask.executeOrQueue(JUnitTask.java:1968)
	at org.apache.tools.ant.taskdefs.optional.junit.JUnitTask.execute1(JUnitTask.java:812)
	at org.apache.tools.ant.taskdefs.optional.junit.JUnitTask.execute(JUnitTask.java:2271)
	at org.apache.tools.ant.UnknownElement.execute(UnknownElement.java:291)
	at sun.reflect.GeneratedMethodAccessor4.invoke(Unknown Source)
	at sun.reflect.DelegatingMethodAccessorImpl.invoke(DelegatingMethodAccessorImpl.java:43)
	at java.lang.reflect.Method.invoke(Method.java:606)
	at org.apache.tools.ant.dispatch.DispatchUtils.execute(DispatchUtils.java:106)
	at org.apache.tools.ant.Task.perform(Task.java:348)
	at org.apache.tools.ant.Target.execute(Target.java:392)
	at org.apache.tools.ant.Target.performTasks(Target.java:413)
	at org.apache.tools.ant.Project.executeSortedTargets(Project.java:1399)
	at org.apache.tools.ant.Project.executeTarget(Project.java:1368)
	at org.apache.tools.ant.helper.DefaultExecutor.executeTargets(DefaultExecutor.java:41)
	at org.apache.tools.ant.Project.executeTargets(Project.java:1251)
	at org.apache.tools.ant.Main.runBuild(Main.java:811)
	at org.apache.tools.ant.Main.startAnt(Main.java:217)
	at org.apache.tools.ant.launch.Launcher.run(Launcher.java:280)
	at org.apache.tools.ant.launch.Launcher.main(Launcher.java:109)
--- com.google.javascript.jscomp.RenamePrototypesTest::testRenamePrototypes2
java.lang.StringIndexOutOfBoundsException: String index out of range: 1
	at java.lang.String.charAt(String.java:658)
	at com.google.javascript.jscomp.CodeGenerator.isSimpleNumber(CodeGenerator.java:745)
	at com.google.javascript.jscomp.CodeGenerator.getSimpleNumber(CodeGenerator.java:749)
	at com.google.javascript.jscomp.CodeGenerator.add(CodeGenerator.java:674)
	at com.google.javascript.jscomp.CodeGenerator.addExpr(CodeGenerator.java:886)
	at com.google.javascript.jscomp.CodeGenerator.add(CodeGenerator.java:121)
	at com.google.javascript.jscomp.CodeGenerator.add(CodeGenerator.java:606)
	at com.google.javascript.jscomp.CodeGenerator.add(CodeGenerator.java:381)
	at com.google.javascript.jscomp.CodeGenerator.add(CodeGenerator.java:381)
	at com.google.javascript.jscomp.CodeGenerator.add(CodeGenerator.java:83)
	at com.google.javascript.jscomp.CodePrinter.toSource(CodePrinter.java:634)
	at com.google.javascript.jscomp.CodePrinter.access$100(CodePrinter.java:35)
	at com.google.javascript.jscomp.CodePrinter$Builder.build(CodePrinter.java:595)
	at com.google.javascript.jscomp.Compiler.toSource(Compiler.java:1554)
	at com.google.javascript.jscomp.Compiler.toSource(Compiler.java:1534)
	at com.google.javascript.jscomp.CompilerTestCase.test(CompilerTestCase.java:862)
	at com.google.javascript.jscomp.CompilerTestCase.test(CompilerTestCase.java:423)
	at com.google.javascript.jscomp.CompilerTestCase.test(CompilerTestCase.java:348)
	at com.google.javascript.jscomp.CompilerTestCase.test(CompilerTestCase.java:317)
	at com.google.javascript.jscomp.CompilerTestCase.test(CompilerTestCase.java:305)
	at com.google.javascript.jscomp.RenamePrototypesTest.testRenamePrototypes2(RenamePrototypesTest.java:64)
	at sun.reflect.NativeMethodAccessorImpl.invoke0(Native Method)
	at sun.reflect.NativeMethodAccessorImpl.invoke(NativeMethodAccessorImpl.java:57)
	at sun.reflect.DelegatingMethodAccessorImpl.invoke(DelegatingMethodAccessorImpl.java:43)
	at java.lang.reflect.Method.invoke(Method.java:606)
	at junit.framework.TestCase.runTest(TestCase.java:176)
	at junit.framework.TestCase.runBare(TestCase.java:141)
	at junit.framework.TestResult$1.protect(TestResult.java:122)
	at junit.framework.TestResult.runProtected(TestResult.java:142)
	at junit.framework.TestResult.run(TestResult.java:125)
	at junit.framework.TestCase.run(TestCase.java:129)
	at junit.framework.TestSuite.runTest(TestSuite.java:255)
	at junit.framework.TestSuite.run(TestSuite.java:250)
	at org.apache.tools.ant.taskdefs.optional.junit.JUnitTestRunner.run(JUnitTestRunner.java:520)
	at org.apache.tools.ant.taskdefs.optional.junit.JUnitTask.executeInVM(JUnitTask.java:1478)
	at org.apache.tools.ant.taskdefs.optional.junit.JUnitTask.execute(JUnitTask.java:860)
	at org.apache.tools.ant.taskdefs.optional.junit.JUnitTask.executeOrQueue(JUnitTask.java:1968)
	at org.apache.tools.ant.taskdefs.optional.junit.JUnitTask.execute1(JUnitTask.java:812)
	at org.apache.tools.ant.taskdefs.optional.junit.JUnitTask.execute(JUnitTask.java:2271)
	at org.apache.tools.ant.UnknownElement.execute(UnknownElement.java:291)
	at sun.reflect.GeneratedMethodAccessor4.invoke(Unknown Source)
	at sun.reflect.DelegatingMethodAccessorImpl.invoke(DelegatingMethodAccessorImpl.java:43)
	at java.lang.reflect.Method.invoke(Method.java:606)
	at org.apache.tools.ant.dispatch.DispatchUtils.execute(DispatchUtils.java:106)
	at org.apache.tools.ant.Task.perform(Task.java:348)
	at org.apache.tools.ant.Target.execute(Target.java:392)
	at org.apache.tools.ant.Target.performTasks(Target.java:413)
	at org.apache.tools.ant.Project.executeSortedTargets(Project.java:1399)
	at org.apache.tools.ant.Project.executeTarget(Project.java:1368)
	at org.apache.tools.ant.helper.DefaultExecutor.executeTargets(DefaultExecutor.java:41)
	at org.apache.tools.ant.Project.executeTargets(Project.java:1251)
	at org.apache.tools.ant.Main.runBuild(Main.java:811)
	at org.apache.tools.ant.Main.startAnt(Main.java:217)
	at org.apache.tools.ant.launch.Launcher.run(Launcher.java:280)
	at org.apache.tools.ant.launch.Launcher.main(Launcher.java:109)
--- com.google.javascript.jscomp.SimpleDefinitionFinderTest::testDefineNumber
java.lang.StringIndexOutOfBoundsException: String index out of range: 1
	at java.lang.String.charAt(String.java:658)
	at com.google.javascript.jscomp.CodeGenerator.isSimpleNumber(CodeGenerator.java:745)
	at com.google.javascript.jscomp.CodeGenerator.getSimpleNumber(CodeGenerator.java:749)
	at com.google.javascript.jscomp.CodeGenerator.add(CodeGenerator.java:674)
	at com.google.javascript.jscomp.CodeGenerator.add(CodeGenerator.java:606)
	at com.google.javascript.jscomp.CodeGenerator.add(CodeGenerator.java:381)
	at com.google.javascript.jscomp.CodeGenerator.add(CodeGenerator.java:381)
	at com.google.javascript.jscomp.CodeGenerator.add(CodeGenerator.java:83)
	at com.google.javascript.jscomp.CodePrinter.toSource(CodePrinter.java:634)
	at com.google.javascript.jscomp.CodePrinter.access$100(CodePrinter.java:35)
	at com.google.javascript.jscomp.CodePrinter$Builder.build(CodePrinter.java:595)
	at com.google.javascript.jscomp.Compiler.toSource(Compiler.java:1554)
	at com.google.javascript.jscomp.Compiler.toSource(Compiler.java:1534)
	at com.google.javascript.jscomp.CompilerTestCase.test(CompilerTestCase.java:862)
	at com.google.javascript.jscomp.CompilerTestCase.test(CompilerTestCase.java:423)
	at com.google.javascript.jscomp.CompilerTestCase.testSame(CompilerTestCase.java:613)
	at com.google.javascript.jscomp.CompilerTestCase.testSame(CompilerTestCase.java:576)
	at com.google.javascript.jscomp.SimpleDefinitionFinderTest.checkDefinitions(SimpleDefinitionFinderTest.java:326)
	at com.google.javascript.jscomp.SimpleDefinitionFinderTest.checkDefinitionsInJs(SimpleDefinitionFinderTest.java:322)
	at com.google.javascript.jscomp.SimpleDefinitionFinderTest.testDefineNumber(SimpleDefinitionFinderTest.java:82)
	at sun.reflect.NativeMethodAccessorImpl.invoke0(Native Method)
	at sun.reflect.NativeMethodAccessorImpl.invoke(NativeMethodAccessorImpl.java:57)
	at sun.reflect.DelegatingMethodAccessorImpl.invoke(DelegatingMethodAccessorImpl.java:43)
	at java.lang.reflect.Method.invoke(Method.java:606)
	at junit.framework.TestCase.runTest(TestCase.java:176)
	at junit.framework.TestCase.runBare(TestCase.java:141)
	at junit.framework.TestResult$1.protect(TestResult.java:122)
	at junit.framework.TestResult.runProtected(TestResult.java:142)
	at junit.framework.TestResult.run(TestResult.java:125)
	at junit.framework.TestCase.run(TestCase.java:129)
	at junit.framework.TestSuite.runTest(TestSuite.java:255)
	at junit.framework.TestSuite.run(TestSuite.java:250)
	at org.apache.tools.ant.taskdefs.optional.junit.JUnitTestRunner.run(JUnitTestRunner.java:520)
	at org.apache.tools.ant.taskdefs.optional.junit.JUnitTask.executeInVM(JUnitTask.java:1478)
	at org.apache.tools.ant.taskdefs.optional.junit.JUnitTask.execute(JUnitTask.java:860)
	at org.apache.tools.ant.taskdefs.optional.junit.JUnitTask.executeOrQueue(JUnitTask.java:1968)
	at org.apache.tools.ant.taskdefs.optional.junit.JUnitTask.execute1(JUnitTask.java:812)
	at org.apache.tools.ant.taskdefs.optional.junit.JUnitTask.execute(JUnitTask.java:2271)
	at org.apache.tools.ant.UnknownElement.execute(UnknownElement.java:291)
	at sun.reflect.GeneratedMethodAccessor4.invoke(Unknown Source)
	at sun.reflect.DelegatingMethodAccessorImpl.invoke(DelegatingMethodAccessorImpl.java:43)
	at java.lang.reflect.Method.invoke(Method.java:606)
	at org.apache.tools.ant.dispatch.DispatchUtils.execute(DispatchUtils.java:106)
	at org.apache.tools.ant.Task.perform(Task.java:348)
	at org.apache.tools.ant.Target.execute(Target.java:392)
	at org.apache.tools.ant.Target.performTasks(Target.java:413)
	at org.apache.tools.ant.Project.executeSortedTargets(Project.java:1399)
	at org.apache.tools.ant.Project.executeTarget(Project.java:1368)
	at org.apache.tools.ant.helper.DefaultExecutor.executeTargets(DefaultExecutor.java:41)
	at org.apache.tools.ant.Project.executeTargets(Project.java:1251)
	at org.apache.tools.ant.Main.runBuild(Main.java:811)
	at org.apache.tools.ant.Main.startAnt(Main.java:217)
	at org.apache.tools.ant.launch.Launcher.run(Launcher.java:280)
	at org.apache.tools.ant.launch.Launcher.main(Launcher.java:109)
--- com.google.javascript.jscomp.StrictModeCheckTest::testIllegalName10
java.lang.StringIndexOutOfBoundsException: String index out of range: 1
	at java.lang.String.charAt(String.java:658)
	at com.google.javascript.jscomp.CodeGenerator.isSimpleNumber(CodeGenerator.java:745)
	at com.google.javascript.jscomp.CodeGenerator.getSimpleNumber(CodeGenerator.java:749)
	at com.google.javascript.jscomp.CodeGenerator.add(CodeGenerator.java:674)
	at com.google.javascript.jscomp.CodeGenerator.addExpr(CodeGenerator.java:886)
	at com.google.javascript.jscomp.CodeGenerator.add(CodeGenerator.java:203)
	at com.google.javascript.jscomp.CodeGenerator.addExpr(CodeGenerator.java:886)
	at com.google.javascript.jscomp.CodeGenerator.addLeftExpr(CodeGenerator.java:871)
	at com.google.javascript.jscomp.CodeGenerator.addList(CodeGenerator.java:903)
	at com.google.javascript.jscomp.CodeGenerator.add(CodeGenerator.java:182)
	at com.google.javascript.jscomp.CodeGenerator.add(CodeGenerator.java:381)
	at com.google.javascript.jscomp.CodeGenerator.add(CodeGenerator.java:381)
	at com.google.javascript.jscomp.CodeGenerator.add(CodeGenerator.java:83)
	at com.google.javascript.jscomp.CodePrinter.toSource(CodePrinter.java:634)
	at com.google.javascript.jscomp.CodePrinter.access$100(CodePrinter.java:35)
	at com.google.javascript.jscomp.CodePrinter$Builder.build(CodePrinter.java:595)
	at com.google.javascript.jscomp.Compiler.toSource(Compiler.java:1554)
	at com.google.javascript.jscomp.Compiler.toSource(Compiler.java:1534)
	at com.google.javascript.jscomp.CompilerTestCase.test(CompilerTestCase.java:862)
	at com.google.javascript.jscomp.CompilerTestCase.test(CompilerTestCase.java:423)
	at com.google.javascript.jscomp.CompilerTestCase.test(CompilerTestCase.java:348)
	at com.google.javascript.jscomp.CompilerTestCase.test(CompilerTestCase.java:317)
	at com.google.javascript.jscomp.CompilerTestCase.test(CompilerTestCase.java:305)
	at com.google.javascript.jscomp.CompilerTestCase.testSame(CompilerTestCase.java:537)
	at com.google.javascript.jscomp.StrictModeCheckTest.testIllegalName10(StrictModeCheckTest.java:194)
	at sun.reflect.NativeMethodAccessorImpl.invoke0(Native Method)
	at sun.reflect.NativeMethodAccessorImpl.invoke(NativeMethodAccessorImpl.java:57)
	at sun.reflect.DelegatingMethodAccessorImpl.invoke(DelegatingMethodAccessorImpl.java:43)
	at java.lang.reflect.Method.invoke(Method.java:606)
	at junit.framework.TestCase.runTest(TestCase.java:176)
	at junit.framework.TestCase.runBare(TestCase.java:141)
	at junit.framework.TestResult$1.protect(TestResult.java:122)
	at junit.framework.TestResult.runProtected(TestResult.java:142)
	at junit.framework.TestResult.run(TestResult.java:125)
	at junit.framework.TestCase.run(TestCase.java:129)
	at junit.framework.TestSuite.runTest(TestSuite.java:255)
	at junit.framework.TestSuite.run(TestSuite.java:250)
	at org.apache.tools.ant.taskdefs.optional.junit.JUnitTestRunner.run(JUnitTestRunner.java:520)
	at org.apache.tools.ant.taskdefs.optional.junit.JUnitTask.executeInVM(JUnitTask.java:1478)
	at org.apache.tools.ant.taskdefs.optional.junit.JUnitTask.execute(JUnitTask.java:860)
	at org.apache.tools.ant.taskdefs.optional.junit.JUnitTask.executeOrQueue(JUnitTask.java:1968)
	at org.apache.tools.ant.taskdefs.optional.junit.JUnitTask.execute1(JUnitTask.java:812)
	at org.apache.tools.ant.taskdefs.optional.junit.JUnitTask.execute(JUnitTask.java:2271)
	at org.apache.tools.ant.UnknownElement.execute(UnknownElement.java:291)
	at sun.reflect.GeneratedMethodAccessor4.invoke(Unknown Source)
	at sun.reflect.DelegatingMethodAccessorImpl.invoke(DelegatingMethodAccessorImpl.java:43)
	at java.lang.reflect.Method.invoke(Method.java:606)
	at org.apache.tools.ant.dispatch.DispatchUtils.execute(DispatchUtils.java:106)
	at org.apache.tools.ant.Task.perform(Task.java:348)
	at org.apache.tools.ant.Target.execute(Target.java:392)
	at org.apache.tools.ant.Target.performTasks(Target.java:413)
	at org.apache.tools.ant.Project.executeSortedTargets(Project.java:1399)
	at org.apache.tools.ant.Project.executeTarget(Project.java:1368)
	at org.apache.tools.ant.helper.DefaultExecutor.executeTargets(DefaultExecutor.java:41)
	at org.apache.tools.ant.Project.executeTargets(Project.java:1251)
	at org.apache.tools.ant.Main.runBuild(Main.java:811)
	at org.apache.tools.ant.Main.startAnt(Main.java:217)
	at org.apache.tools.ant.launch.Launcher.run(Launcher.java:280)
	at org.apache.tools.ant.launch.Launcher.main(Launcher.java:109)
