--- com.google.javascript.jscomp.DisambiguatePropertiesTest::testCustomInherits
java.lang.ClassCastException: com.google.javascript.rhino.jstype.UnknownType cannot be cast to com.google.javascript.rhino.jstype.PrototypeObjectType
	at com.google.javascript.rhino.jstype.FunctionType.setPrototypeBasedOn(FunctionType.java:345)
	at com.google.javascript.rhino.jstype.FunctionType.defineProperty(FunctionType.java:558)
	at com.google.javascript.rhino.jstype.ObjectType.defineDeclaredProperty(ObjectType.java:270)
	at com.google.javascript.jscomp.TypeInference.ensurePropertyDefined(TypeInference.java:572)
	at com.google.javascript.jscomp.TypeInference.updateScopeForTypeChange(TypeInference.java:536)
	at com.google.javascript.jscomp.TypeInference.traverseAssign(TypeInference.java:485)
	at com.google.javascript.jscomp.TypeInference.traverse(TypeInference.java:304)
	at com.google.javascript.jscomp.TypeInference.traverseChildren(TypeInference.java:1036)
	at com.google.javascript.jscomp.TypeInference.traverse(TypeInference.java:424)
	at com.google.javascript.jscomp.TypeInference.flowThrough(TypeInference.java:183)
	at com.google.javascript.jscomp.TypeInference.branchedFlowThrough(TypeInference.java:195)
	at com.google.javascript.jscomp.TypeInference.branchedFlowThrough(TypeInference.java:62)
	at com.google.javascript.jscomp.DataFlowAnalysis$BranchedForwardDataFlowAnalysis.flow(DataFlowAnalysis.java:447)
	at com.google.javascript.jscomp.DataFlowAnalysis.analyze(DataFlowAnalysis.java:212)
	at com.google.javascript.jscomp.DataFlowAnalysis.analyze(DataFlowAnalysis.java:180)
	at com.google.javascript.jscomp.TypeInferencePass.inferTypes(TypeInferencePass.java:109)
	at com.google.javascript.jscomp.TypeInferencePass$TypeInferringCallback.exitScope(TypeInferencePass.java:135)
	at com.google.javascript.jscomp.NodeTraversal.popScope(NodeTraversal.java:560)
	at com.google.javascript.jscomp.NodeTraversal.traverseFunction(NodeTraversal.java:520)
	at com.google.javascript.jscomp.NodeTraversal.traverseBranch(NodeTraversal.java:465)
	at com.google.javascript.jscomp.NodeTraversal.traverseBranch(NodeTraversal.java:473)
	at com.google.javascript.jscomp.NodeTraversal.traverseBranch(NodeTraversal.java:473)
	at com.google.javascript.jscomp.NodeTraversal.traverseBranch(NodeTraversal.java:473)
	at com.google.javascript.jscomp.NodeTraversal.traverseBranch(NodeTraversal.java:473)
	at com.google.javascript.jscomp.NodeTraversal.traverseBranch(NodeTraversal.java:473)
	at com.google.javascript.jscomp.NodeTraversal.traverseWithScope(NodeTraversal.java:324)
	at com.google.javascript.jscomp.TypeInferencePass.inferTypes(TypeInferencePass.java:91)
	at com.google.javascript.jscomp.TypeInferencePass.process(TypeInferencePass.java:84)
	at com.google.javascript.jscomp.TypeCheck.processForTesting(TypeCheck.java:375)
	at com.google.javascript.jscomp.DisambiguatePropertiesTest$1.process(DisambiguatePropertiesTest.java:55)
	at com.google.javascript.jscomp.CompilerTestCase.test(CompilerTestCase.java:765)
	at com.google.javascript.jscomp.CompilerTestCase.test(CompilerTestCase.java:423)
	at com.google.javascript.jscomp.CompilerTestCase.test(CompilerTestCase.java:387)
	at com.google.javascript.jscomp.DisambiguatePropertiesTest.testSets(DisambiguatePropertiesTest.java:1255)
	at com.google.javascript.jscomp.DisambiguatePropertiesTest.testSets(DisambiguatePropertiesTest.java:1247)
	at com.google.javascript.jscomp.DisambiguatePropertiesTest.testCustomInherits(DisambiguatePropertiesTest.java:1205)
	at sun.reflect.NativeMethodAccessorImpl.invoke0(Native Method)
	at sun.reflect.NativeMethodAccessorImpl.invoke(NativeMethodAccessorImpl.java:57)
	at sun.reflect.DelegatingMethodAccessorImpl.invoke(DelegatingMethodAccessorImpl.java:43)
	at java.lang.reflect.Method.invoke(Method.java:606)
	at junit.framework.TestCase.runTest(TestCase.java:176)
	at junit.framework.TestCase.runBare(TestCase.java:141)
	at junit.framework.TestResult$1.protect(TestResult.java:122)
	at junit.framework.TestResult.runProtected(TestResult.java:142)
	at junit.framework.TestResult.run(TestResult.java:125)
	at junit.framework.TestCase.run(TestCase.java:129)
	at junit.framework.TestSuite.runTest(TestSuite.java:255)
	at junit.framework.TestSuite.run(TestSuite.java:250)
	at org.apache.tools.ant.taskdefs.optional.junit.JUnitTestRunner.run(JUnitTestRunner.java:520)
	at org.apache.tools.ant.taskdefs.optional.junit.JUnitTask.executeInVM(JUnitTask.java:1478)
	at org.apache.tools.ant.taskdefs.optional.junit.JUnitTask.execute(JUnitTask.java:860)
	at org.apache.tools.ant.taskdefs.optional.junit.JUnitTask.executeOrQueue(JUnitTask.java:1968)
	at org.apache.tools.ant.taskdefs.optional.junit.JUnitTask.execute1(JUnitTask.java:812)
	at org.apache.tools.ant.taskdefs.optional.junit.JUnitTask.execute(JUnitTask.java:2271)
	at org.apache.tools.ant.UnknownElement.execute(UnknownElement.java:291)
	at sun.reflect.GeneratedMethodAccessor4.invoke(Unknown Source)
	at sun.reflect.DelegatingMethodAccessorImpl.invoke(DelegatingMethodAccessorImpl.java:43)
	at java.lang.reflect.Method.invoke(Method.java:606)
	at org.apache.tools.ant.dispatch.DispatchUtils.execute(DispatchUtils.java:106)
	at org.apache.tools.ant.Task.perform(Task.java:348)
	at org.apache.tools.ant.Target.execute(Target.java:392)
	at org.apache.tools.ant.Target.performTasks(Target.java:413)
	at org.apache.tools.ant.Project.executeSortedTargets(Project.java:1399)
	at org.apache.tools.ant.Project.executeTarget(Project.java:1368)
	at org.apache.tools.ant.helper.DefaultExecutor.executeTargets(DefaultExecutor.java:41)
	at org.apache.tools.ant.Project.executeTargets(Project.java:1251)
	at org.apache.tools.ant.Main.runBuild(Main.java:811)
	at org.apache.tools.ant.Main.startAnt(Main.java:217)
	at org.apache.tools.ant.launch.Launcher.run(Launcher.java:280)
	at org.apache.tools.ant.launch.Launcher.main(Launcher.java:109)
--- com.google.javascript.jscomp.DisambiguatePropertiesTest::testClosureInherits
java.lang.ClassCastException: com.google.javascript.rhino.jstype.UnknownType cannot be cast to com.google.javascript.rhino.jstype.PrototypeObjectType
	at com.google.javascript.rhino.jstype.FunctionType.setPrototypeBasedOn(FunctionType.java:345)
	at com.google.javascript.rhino.jstype.FunctionType.defineProperty(FunctionType.java:558)
	at com.google.javascript.rhino.jstype.ObjectType.defineDeclaredProperty(ObjectType.java:270)
	at com.google.javascript.jscomp.TypeInference.ensurePropertyDefined(TypeInference.java:572)
	at com.google.javascript.jscomp.TypeInference.updateScopeForTypeChange(TypeInference.java:536)
	at com.google.javascript.jscomp.TypeInference.traverseAssign(TypeInference.java:485)
	at com.google.javascript.jscomp.TypeInference.traverse(TypeInference.java:304)
	at com.google.javascript.jscomp.TypeInference.traverseChildren(TypeInference.java:1036)
	at com.google.javascript.jscomp.TypeInference.traverse(TypeInference.java:424)
	at com.google.javascript.jscomp.TypeInference.flowThrough(TypeInference.java:183)
	at com.google.javascript.jscomp.TypeInference.branchedFlowThrough(TypeInference.java:195)
	at com.google.javascript.jscomp.TypeInference.branchedFlowThrough(TypeInference.java:62)
	at com.google.javascript.jscomp.DataFlowAnalysis$BranchedForwardDataFlowAnalysis.flow(DataFlowAnalysis.java:447)
	at com.google.javascript.jscomp.DataFlowAnalysis.analyze(DataFlowAnalysis.java:212)
	at com.google.javascript.jscomp.DataFlowAnalysis.analyze(DataFlowAnalysis.java:180)
	at com.google.javascript.jscomp.TypeInferencePass.inferTypes(TypeInferencePass.java:109)
	at com.google.javascript.jscomp.TypeInferencePass$TypeInferringCallback.exitScope(TypeInferencePass.java:135)
	at com.google.javascript.jscomp.NodeTraversal.popScope(NodeTraversal.java:560)
	at com.google.javascript.jscomp.NodeTraversal.traverseFunction(NodeTraversal.java:520)
	at com.google.javascript.jscomp.NodeTraversal.traverseBranch(NodeTraversal.java:465)
	at com.google.javascript.jscomp.NodeTraversal.traverseBranch(NodeTraversal.java:473)
	at com.google.javascript.jscomp.NodeTraversal.traverseBranch(NodeTraversal.java:473)
	at com.google.javascript.jscomp.NodeTraversal.traverseBranch(NodeTraversal.java:473)
	at com.google.javascript.jscomp.NodeTraversal.traverseBranch(NodeTraversal.java:473)
	at com.google.javascript.jscomp.NodeTraversal.traverseBranch(NodeTraversal.java:473)
	at com.google.javascript.jscomp.NodeTraversal.traverseWithScope(NodeTraversal.java:324)
	at com.google.javascript.jscomp.TypeInferencePass.inferTypes(TypeInferencePass.java:91)
	at com.google.javascript.jscomp.TypeInferencePass.process(TypeInferencePass.java:84)
	at com.google.javascript.jscomp.TypeCheck.processForTesting(TypeCheck.java:375)
	at com.google.javascript.jscomp.DisambiguatePropertiesTest$1.process(DisambiguatePropertiesTest.java:55)
	at com.google.javascript.jscomp.DisambiguatePropertiesTest.testSets(DisambiguatePropertiesTest.java:1282)
	at com.google.javascript.jscomp.DisambiguatePropertiesTest.testClosureInherits(DisambiguatePropertiesTest.java:865)
	at sun.reflect.NativeMethodAccessorImpl.invoke0(Native Method)
	at sun.reflect.NativeMethodAccessorImpl.invoke(NativeMethodAccessorImpl.java:57)
	at sun.reflect.DelegatingMethodAccessorImpl.invoke(DelegatingMethodAccessorImpl.java:43)
	at java.lang.reflect.Method.invoke(Method.java:606)
	at junit.framework.TestCase.runTest(TestCase.java:176)
	at junit.framework.TestCase.runBare(TestCase.java:141)
	at junit.framework.TestResult$1.protect(TestResult.java:122)
	at junit.framework.TestResult.runProtected(TestResult.java:142)
	at junit.framework.TestResult.run(TestResult.java:125)
	at junit.framework.TestCase.run(TestCase.java:129)
	at junit.framework.TestSuite.runTest(TestSuite.java:255)
	at junit.framework.TestSuite.run(TestSuite.java:250)
	at org.apache.tools.ant.taskdefs.optional.junit.JUnitTestRunner.run(JUnitTestRunner.java:520)
	at org.apache.tools.ant.taskdefs.optional.junit.JUnitTask.executeInVM(JUnitTask.java:1478)
	at org.apache.tools.ant.taskdefs.optional.junit.JUnitTask.execute(JUnitTask.java:860)
	at org.apache.tools.ant.taskdefs.optional.junit.JUnitTask.executeOrQueue(JUnitTask.java:1968)
	at org.apache.tools.ant.taskdefs.optional.junit.JUnitTask.execute1(JUnitTask.java:812)
	at org.apache.tools.ant.taskdefs.optional.junit.JUnitTask.execute(JUnitTask.java:2271)
	at org.apache.tools.ant.UnknownElement.execute(UnknownElement.java:291)
	at sun.reflect.GeneratedMethodAccessor4.invoke(Unknown Source)
	at sun.reflect.DelegatingMethodAccessorImpl.invoke(DelegatingMethodAccessorImpl.java:43)
	at java.lang.reflect.Method.invoke(Method.java:606)
	at org.apache.tools.ant.dispatch.DispatchUtils.execute(DispatchUtils.java:106)
	at org.apache.tools.ant.Task.perform(Task.java:348)
	at org.apache.tools.ant.Target.execute(Target.java:392)
	at org.apache.tools.ant.Target.performTasks(Target.java:413)
	at org.apache.tools.ant.Project.executeSortedTargets(Project.java:1399)
	at org.apache.tools.ant.Project.executeTarget(Project.java:1368)
	at org.apache.tools.ant.helper.DefaultExecutor.executeTargets(DefaultExecutor.java:41)
	at org.apache.tools.ant.Project.executeTargets(Project.java:1251)
	at org.apache.tools.ant.Main.runBuild(Main.java:811)
	at org.apache.tools.ant.Main.startAnt(Main.java:217)
	at org.apache.tools.ant.launch.Launcher.run(Launcher.java:280)
	at org.apache.tools.ant.launch.Launcher.main(Launcher.java:109)
--- com.google.javascript.jscomp.LooseTypeCheckTest::testUnknownPrototypeChain
java.lang.ClassCastException: com.google.javascript.rhino.jstype.UnknownType cannot be cast to com.google.javascript.rhino.jstype.PrototypeObjectType
	at com.google.javascript.rhino.jstype.FunctionType.setPrototypeBasedOn(FunctionType.java:345)
	at com.google.javascript.rhino.jstype.FunctionType.defineProperty(FunctionType.java:558)
	at com.google.javascript.rhino.jstype.ObjectType.defineDeclaredProperty(ObjectType.java:270)
	at com.google.javascript.jscomp.TypeInference.ensurePropertyDefined(TypeInference.java:572)
	at com.google.javascript.jscomp.TypeInference.updateScopeForTypeChange(TypeInference.java:536)
	at com.google.javascript.jscomp.TypeInference.traverseAssign(TypeInference.java:485)
	at com.google.javascript.jscomp.TypeInference.traverse(TypeInference.java:304)
	at com.google.javascript.jscomp.TypeInference.traverseChildren(TypeInference.java:1036)
	at com.google.javascript.jscomp.TypeInference.traverse(TypeInference.java:424)
	at com.google.javascript.jscomp.TypeInference.flowThrough(TypeInference.java:183)
	at com.google.javascript.jscomp.TypeInference.branchedFlowThrough(TypeInference.java:195)
	at com.google.javascript.jscomp.TypeInference.branchedFlowThrough(TypeInference.java:62)
	at com.google.javascript.jscomp.DataFlowAnalysis$BranchedForwardDataFlowAnalysis.flow(DataFlowAnalysis.java:447)
	at com.google.javascript.jscomp.DataFlowAnalysis.analyze(DataFlowAnalysis.java:212)
	at com.google.javascript.jscomp.DataFlowAnalysis.analyze(DataFlowAnalysis.java:180)
	at com.google.javascript.jscomp.TypeInferencePass.inferTypes(TypeInferencePass.java:109)
	at com.google.javascript.jscomp.TypeInferencePass$TypeInferringCallback.exitScope(TypeInferencePass.java:135)
	at com.google.javascript.jscomp.NodeTraversal.popScope(NodeTraversal.java:560)
	at com.google.javascript.jscomp.NodeTraversal.traverseFunction(NodeTraversal.java:520)
	at com.google.javascript.jscomp.NodeTraversal.traverseBranch(NodeTraversal.java:465)
	at com.google.javascript.jscomp.NodeTraversal.traverseBranch(NodeTraversal.java:473)
	at com.google.javascript.jscomp.NodeTraversal.traverseBranch(NodeTraversal.java:473)
	at com.google.javascript.jscomp.NodeTraversal.traverseWithScope(NodeTraversal.java:324)
	at com.google.javascript.jscomp.TypeInferencePass.inferTypes(TypeInferencePass.java:91)
	at com.google.javascript.jscomp.TypeInferencePass.process(TypeInferencePass.java:84)
	at com.google.javascript.jscomp.TypeCheck.processForTesting(TypeCheck.java:375)
	at com.google.javascript.jscomp.LooseTypeCheckTest.parseAndTypeCheckWithScope(LooseTypeCheckTest.java:7067)
	at com.google.javascript.jscomp.LooseTypeCheckTest.parseAndTypeCheck(LooseTypeCheckTest.java:7039)
	at com.google.javascript.jscomp.LooseTypeCheckTest.testTypes(LooseTypeCheckTest.java:7006)
	at com.google.javascript.jscomp.LooseTypeCheckTest.testTypes(LooseTypeCheckTest.java:7001)
	at com.google.javascript.jscomp.LooseTypeCheckTest.testTypes(LooseTypeCheckTest.java:6945)
	at com.google.javascript.jscomp.LooseTypeCheckTest.testTypes(LooseTypeCheckTest.java:6941)
	at com.google.javascript.jscomp.LooseTypeCheckTest.testUnknownPrototypeChain(LooseTypeCheckTest.java:5254)
	at sun.reflect.NativeMethodAccessorImpl.invoke0(Native Method)
	at sun.reflect.NativeMethodAccessorImpl.invoke(NativeMethodAccessorImpl.java:57)
	at sun.reflect.DelegatingMethodAccessorImpl.invoke(DelegatingMethodAccessorImpl.java:43)
	at java.lang.reflect.Method.invoke(Method.java:606)
	at junit.framework.TestCase.runTest(TestCase.java:176)
	at junit.framework.TestCase.runBare(TestCase.java:141)
	at junit.framework.TestResult$1.protect(TestResult.java:122)
	at junit.framework.TestResult.runProtected(TestResult.java:142)
	at junit.framework.TestResult.run(TestResult.java:125)
	at junit.framework.TestCase.run(TestCase.java:129)
	at junit.framework.TestSuite.runTest(TestSuite.java:255)
	at junit.framework.TestSuite.run(TestSuite.java:250)
	at org.apache.tools.ant.taskdefs.optional.junit.JUnitTestRunner.run(JUnitTestRunner.java:520)
	at org.apache.tools.ant.taskdefs.optional.junit.JUnitTask.executeInVM(JUnitTask.java:1478)
	at org.apache.tools.ant.taskdefs.optional.junit.JUnitTask.execute(JUnitTask.java:860)
	at org.apache.tools.ant.taskdefs.optional.junit.JUnitTask.executeOrQueue(JUnitTask.java:1968)
	at org.apache.tools.ant.taskdefs.optional.junit.JUnitTask.execute1(JUnitTask.java:812)
	at org.apache.tools.ant.taskdefs.optional.junit.JUnitTask.execute(JUnitTask.java:2271)
	at org.apache.tools.ant.UnknownElement.execute(UnknownElement.java:291)
	at sun.reflect.GeneratedMethodAccessor4.invoke(Unknown Source)
	at sun.reflect.DelegatingMethodAccessorImpl.invoke(DelegatingMethodAccessorImpl.java:43)
	at java.lang.reflect.Method.invoke(Method.java:606)
	at org.apache.tools.ant.dispatch.DispatchUtils.execute(DispatchUtils.java:106)
	at org.apache.tools.ant.Task.perform(Task.java:348)
	at org.apache.tools.ant.Target.execute(Target.java:392)
	at org.apache.tools.ant.Target.performTasks(Target.java:413)
	at org.apache.tools.ant.Project.executeSortedTargets(Project.java:1399)
	at org.apache.tools.ant.Project.executeTarget(Project.java:1368)
	at org.apache.tools.ant.helper.DefaultExecutor.executeTargets(DefaultExecutor.java:41)
	at org.apache.tools.ant.Project.executeTargets(Project.java:1251)
	at org.apache.tools.ant.Main.runBuild(Main.java:811)
	at org.apache.tools.ant.Main.startAnt(Main.java:217)
	at org.apache.tools.ant.launch.Launcher.run(Launcher.java:280)
	at org.apache.tools.ant.launch.Launcher.main(Launcher.java:109)
--- com.google.javascript.jscomp.TypeCheckTest::testConstructorType9
java.lang.ClassCastException: com.google.javascript.rhino.jstype.UnknownType cannot be cast to com.google.javascript.rhino.jstype.PrototypeObjectType
	at com.google.javascript.rhino.jstype.FunctionType.setPrototypeBasedOn(FunctionType.java:345)
	at com.google.javascript.rhino.jstype.FunctionType.defineProperty(FunctionType.java:558)
	at com.google.javascript.rhino.jstype.ObjectType.defineDeclaredProperty(ObjectType.java:270)
	at com.google.javascript.jscomp.TypeInference.ensurePropertyDefined(TypeInference.java:572)
	at com.google.javascript.jscomp.TypeInference.updateScopeForTypeChange(TypeInference.java:536)
	at com.google.javascript.jscomp.TypeInference.traverseAssign(TypeInference.java:485)
	at com.google.javascript.jscomp.TypeInference.traverse(TypeInference.java:304)
	at com.google.javascript.jscomp.TypeInference.traverseChildren(TypeInference.java:1036)
	at com.google.javascript.jscomp.TypeInference.traverse(TypeInference.java:424)
	at com.google.javascript.jscomp.TypeInference.flowThrough(TypeInference.java:183)
	at com.google.javascript.jscomp.TypeInference.branchedFlowThrough(TypeInference.java:195)
	at com.google.javascript.jscomp.TypeInference.branchedFlowThrough(TypeInference.java:62)
	at com.google.javascript.jscomp.DataFlowAnalysis$BranchedForwardDataFlowAnalysis.flow(DataFlowAnalysis.java:447)
	at com.google.javascript.jscomp.DataFlowAnalysis.analyze(DataFlowAnalysis.java:212)
	at com.google.javascript.jscomp.DataFlowAnalysis.analyze(DataFlowAnalysis.java:180)
	at com.google.javascript.jscomp.TypeInferencePass.inferTypes(TypeInferencePass.java:109)
	at com.google.javascript.jscomp.TypeInferencePass$TypeInferringCallback.enterScope(TypeInferencePass.java:126)
	at com.google.javascript.jscomp.NodeTraversal.pushScope(NodeTraversal.java:553)
	at com.google.javascript.jscomp.NodeTraversal.traverseWithScope(NodeTraversal.java:323)
	at com.google.javascript.jscomp.TypeInferencePass.inferTypes(TypeInferencePass.java:91)
	at com.google.javascript.jscomp.TypeInferencePass.process(TypeInferencePass.java:84)
	at com.google.javascript.jscomp.TypeCheck.processForTesting(TypeCheck.java:375)
	at com.google.javascript.jscomp.TypeCheckTest.parseAndTypeCheckWithScope(TypeCheckTest.java:9275)
	at com.google.javascript.jscomp.TypeCheckTest.parseAndTypeCheck(TypeCheckTest.java:9247)
	at com.google.javascript.jscomp.TypeCheckTest.testTypes(TypeCheckTest.java:9214)
	at com.google.javascript.jscomp.TypeCheckTest.testTypes(TypeCheckTest.java:9209)
	at com.google.javascript.jscomp.TypeCheckTest.testTypes(TypeCheckTest.java:9150)
	at com.google.javascript.jscomp.TypeCheckTest.testTypes(TypeCheckTest.java:9146)
	at com.google.javascript.jscomp.TypeCheckTest.testConstructorType9(TypeCheckTest.java:6386)
	at sun.reflect.NativeMethodAccessorImpl.invoke0(Native Method)
	at sun.reflect.NativeMethodAccessorImpl.invoke(NativeMethodAccessorImpl.java:57)
	at sun.reflect.DelegatingMethodAccessorImpl.invoke(DelegatingMethodAccessorImpl.java:43)
	at java.lang.reflect.Method.invoke(Method.java:606)
	at junit.framework.TestCase.runTest(TestCase.java:176)
	at junit.framework.TestCase.runBare(TestCase.java:141)
	at junit.framework.TestResult$1.protect(TestResult.java:122)
	at junit.framework.TestResult.runProtected(TestResult.java:142)
	at junit.framework.TestResult.run(TestResult.java:125)
	at junit.framework.TestCase.run(TestCase.java:129)
	at junit.framework.TestSuite.runTest(TestSuite.java:255)
	at junit.framework.TestSuite.run(TestSuite.java:250)
	at org.apache.tools.ant.taskdefs.optional.junit.JUnitTestRunner.run(JUnitTestRunner.java:520)
	at org.apache.tools.ant.taskdefs.optional.junit.JUnitTask.executeInVM(JUnitTask.java:1478)
	at org.apache.tools.ant.taskdefs.optional.junit.JUnitTask.execute(JUnitTask.java:860)
	at org.apache.tools.ant.taskdefs.optional.junit.JUnitTask.executeOrQueue(JUnitTask.java:1968)
	at org.apache.tools.ant.taskdefs.optional.junit.JUnitTask.execute1(JUnitTask.java:812)
	at org.apache.tools.ant.taskdefs.optional.junit.JUnitTask.execute(JUnitTask.java:2271)
	at org.apache.tools.ant.UnknownElement.execute(UnknownElement.java:291)
	at sun.reflect.GeneratedMethodAccessor4.invoke(Unknown Source)
	at sun.reflect.DelegatingMethodAccessorImpl.invoke(DelegatingMethodAccessorImpl.java:43)
	at java.lang.reflect.Method.invoke(Method.java:606)
	at org.apache.tools.ant.dispatch.DispatchUtils.execute(DispatchUtils.java:106)
	at org.apache.tools.ant.Task.perform(Task.java:348)
	at org.apache.tools.ant.Target.execute(Target.java:392)
	at org.apache.tools.ant.Target.performTasks(Target.java:413)
	at org.apache.tools.ant.Project.executeSortedTargets(Project.java:1399)
	at org.apache.tools.ant.Project.executeTarget(Project.java:1368)
	at org.apache.tools.ant.helper.DefaultExecutor.executeTargets(DefaultExecutor.java:41)
	at org.apache.tools.ant.Project.executeTargets(Project.java:1251)
	at org.apache.tools.ant.Main.runBuild(Main.java:811)
	at org.apache.tools.ant.Main.startAnt(Main.java:217)
	at org.apache.tools.ant.launch.Launcher.run(Launcher.java:280)
	at org.apache.tools.ant.launch.Launcher.main(Launcher.java:109)
--- com.google.javascript.jscomp.TypeCheckTest::testUnknownPrototypeChain
java.lang.ClassCastException: com.google.javascript.rhino.jstype.UnknownType cannot be cast to com.google.javascript.rhino.jstype.PrototypeObjectType
	at com.google.javascript.rhino.jstype.FunctionType.setPrototypeBasedOn(FunctionType.java:345)
	at com.google.javascript.rhino.jstype.FunctionType.defineProperty(FunctionType.java:558)
	at com.google.javascript.rhino.jstype.ObjectType.defineDeclaredProperty(ObjectType.java:270)
	at com.google.javascript.jscomp.TypeInference.ensurePropertyDefined(TypeInference.java:572)
	at com.google.javascript.jscomp.TypeInference.updateScopeForTypeChange(TypeInference.java:536)
	at com.google.javascript.jscomp.TypeInference.traverseAssign(TypeInference.java:485)
	at com.google.javascript.jscomp.TypeInference.traverse(TypeInference.java:304)
	at com.google.javascript.jscomp.TypeInference.traverseChildren(TypeInference.java:1036)
	at com.google.javascript.jscomp.TypeInference.traverse(TypeInference.java:424)
	at com.google.javascript.jscomp.TypeInference.flowThrough(TypeInference.java:183)
	at com.google.javascript.jscomp.TypeInference.branchedFlowThrough(TypeInference.java:195)
	at com.google.javascript.jscomp.TypeInference.branchedFlowThrough(TypeInference.java:62)
	at com.google.javascript.jscomp.DataFlowAnalysis$BranchedForwardDataFlowAnalysis.flow(DataFlowAnalysis.java:447)
	at com.google.javascript.jscomp.DataFlowAnalysis.analyze(DataFlowAnalysis.java:212)
	at com.google.javascript.jscomp.DataFlowAnalysis.analyze(DataFlowAnalysis.java:180)
	at com.google.javascript.jscomp.TypeInferencePass.inferTypes(TypeInferencePass.java:109)
	at com.google.javascript.jscomp.TypeInferencePass$TypeInferringCallback.exitScope(TypeInferencePass.java:135)
	at com.google.javascript.jscomp.NodeTraversal.popScope(NodeTraversal.java:560)
	at com.google.javascript.jscomp.NodeTraversal.traverseFunction(NodeTraversal.java:520)
	at com.google.javascript.jscomp.NodeTraversal.traverseBranch(NodeTraversal.java:465)
	at com.google.javascript.jscomp.NodeTraversal.traverseBranch(NodeTraversal.java:473)
	at com.google.javascript.jscomp.NodeTraversal.traverseBranch(NodeTraversal.java:473)
	at com.google.javascript.jscomp.NodeTraversal.traverseWithScope(NodeTraversal.java:324)
	at com.google.javascript.jscomp.TypeInferencePass.inferTypes(TypeInferencePass.java:91)
	at com.google.javascript.jscomp.TypeInferencePass.process(TypeInferencePass.java:84)
	at com.google.javascript.jscomp.TypeCheck.processForTesting(TypeCheck.java:375)
	at com.google.javascript.jscomp.TypeCheckTest.parseAndTypeCheckWithScope(TypeCheckTest.java:9275)
	at com.google.javascript.jscomp.TypeCheckTest.parseAndTypeCheck(TypeCheckTest.java:9247)
	at com.google.javascript.jscomp.TypeCheckTest.testTypes(TypeCheckTest.java:9214)
	at com.google.javascript.jscomp.TypeCheckTest.testTypes(TypeCheckTest.java:9209)
	at com.google.javascript.jscomp.TypeCheckTest.testTypes(TypeCheckTest.java:9150)
	at com.google.javascript.jscomp.TypeCheckTest.testTypes(TypeCheckTest.java:9146)
	at com.google.javascript.jscomp.TypeCheckTest.testUnknownPrototypeChain(TypeCheckTest.java:6517)
	at sun.reflect.NativeMethodAccessorImpl.invoke0(Native Method)
	at sun.reflect.NativeMethodAccessorImpl.invoke(NativeMethodAccessorImpl.java:57)
	at sun.reflect.DelegatingMethodAccessorImpl.invoke(DelegatingMethodAccessorImpl.java:43)
	at java.lang.reflect.Method.invoke(Method.java:606)
	at junit.framework.TestCase.runTest(TestCase.java:176)
	at junit.framework.TestCase.runBare(TestCase.java:141)
	at junit.framework.TestResult$1.protect(TestResult.java:122)
	at junit.framework.TestResult.runProtected(TestResult.java:142)
	at junit.framework.TestResult.run(TestResult.java:125)
	at junit.framework.TestCase.run(TestCase.java:129)
	at junit.framework.TestSuite.runTest(TestSuite.java:255)
	at junit.framework.TestSuite.run(TestSuite.java:250)
	at org.apache.tools.ant.taskdefs.optional.junit.JUnitTestRunner.run(JUnitTestRunner.java:520)
	at org.apache.tools.ant.taskdefs.optional.junit.JUnitTask.executeInVM(JUnitTask.java:1478)
	at org.apache.tools.ant.taskdefs.optional.junit.JUnitTask.execute(JUnitTask.java:860)
	at org.apache.tools.ant.taskdefs.optional.junit.JUnitTask.executeOrQueue(JUnitTask.java:1968)
	at org.apache.tools.ant.taskdefs.optional.junit.JUnitTask.execute1(JUnitTask.java:812)
	at org.apache.tools.ant.taskdefs.optional.junit.JUnitTask.execute(JUnitTask.java:2271)
	at org.apache.tools.ant.UnknownElement.execute(UnknownElement.java:291)
	at sun.reflect.GeneratedMethodAccessor4.invoke(Unknown Source)
	at sun.reflect.DelegatingMethodAccessorImpl.invoke(DelegatingMethodAccessorImpl.java:43)
	at java.lang.reflect.Method.invoke(Method.java:606)
	at org.apache.tools.ant.dispatch.DispatchUtils.execute(DispatchUtils.java:106)
	at org.apache.tools.ant.Task.perform(Task.java:348)
	at org.apache.tools.ant.Target.execute(Target.java:392)
	at org.apache.tools.ant.Target.performTasks(Target.java:413)
	at org.apache.tools.ant.Project.executeSortedTargets(Project.java:1399)
	at org.apache.tools.ant.Project.executeTarget(Project.java:1368)
	at org.apache.tools.ant.helper.DefaultExecutor.executeTargets(DefaultExecutor.java:41)
	at org.apache.tools.ant.Project.executeTargets(Project.java:1251)
	at org.apache.tools.ant.Main.runBuild(Main.java:811)
	at org.apache.tools.ant.Main.startAnt(Main.java:217)
	at org.apache.tools.ant.launch.Launcher.run(Launcher.java:280)
	at org.apache.tools.ant.launch.Launcher.main(Launcher.java:109)
--- com.google.javascript.rhino.jstype.FunctionTypeTest::testCtorWithPrototypeSet
java.lang.ClassCastException: com.google.javascript.rhino.jstype.UnknownType cannot be cast to com.google.javascript.rhino.jstype.PrototypeObjectType
	at com.google.javascript.rhino.jstype.FunctionType.setPrototypeBasedOn(FunctionType.java:345)
	at com.google.javascript.rhino.jstype.FunctionType.defineProperty(FunctionType.java:558)
	at com.google.javascript.rhino.jstype.ObjectType.defineDeclaredProperty(ObjectType.java:270)
	at com.google.javascript.rhino.jstype.FunctionTypeTest.testCtorWithPrototypeSet(FunctionTypeTest.java:180)
	at sun.reflect.NativeMethodAccessorImpl.invoke0(Native Method)
	at sun.reflect.NativeMethodAccessorImpl.invoke(NativeMethodAccessorImpl.java:57)
	at sun.reflect.DelegatingMethodAccessorImpl.invoke(DelegatingMethodAccessorImpl.java:43)
	at java.lang.reflect.Method.invoke(Method.java:606)
	at junit.framework.TestCase.runTest(TestCase.java:176)
	at junit.framework.TestCase.runBare(TestCase.java:141)
	at junit.framework.TestResult$1.protect(TestResult.java:122)
	at junit.framework.TestResult.runProtected(TestResult.java:142)
	at junit.framework.TestResult.run(TestResult.java:125)
	at junit.framework.TestCase.run(TestCase.java:129)
	at junit.framework.TestSuite.runTest(TestSuite.java:255)
	at junit.framework.TestSuite.run(TestSuite.java:250)
	at org.apache.tools.ant.taskdefs.optional.junit.JUnitTestRunner.run(JUnitTestRunner.java:520)
	at org.apache.tools.ant.taskdefs.optional.junit.JUnitTask.executeInVM(JUnitTask.java:1478)
	at org.apache.tools.ant.taskdefs.optional.junit.JUnitTask.execute(JUnitTask.java:860)
	at org.apache.tools.ant.taskdefs.optional.junit.JUnitTask.executeOrQueue(JUnitTask.java:1968)
	at org.apache.tools.ant.taskdefs.optional.junit.JUnitTask.execute1(JUnitTask.java:812)
	at org.apache.tools.ant.taskdefs.optional.junit.JUnitTask.execute(JUnitTask.java:2271)
	at org.apache.tools.ant.UnknownElement.execute(UnknownElement.java:291)
	at sun.reflect.GeneratedMethodAccessor4.invoke(Unknown Source)
	at sun.reflect.DelegatingMethodAccessorImpl.invoke(DelegatingMethodAccessorImpl.java:43)
	at java.lang.reflect.Method.invoke(Method.java:606)
	at org.apache.tools.ant.dispatch.DispatchUtils.execute(DispatchUtils.java:106)
	at org.apache.tools.ant.Task.perform(Task.java:348)
	at org.apache.tools.ant.Target.execute(Target.java:392)
	at org.apache.tools.ant.Target.performTasks(Target.java:413)
	at org.apache.tools.ant.Project.executeSortedTargets(Project.java:1399)
	at org.apache.tools.ant.Project.executeTarget(Project.java:1368)
	at org.apache.tools.ant.helper.DefaultExecutor.executeTargets(DefaultExecutor.java:41)
	at org.apache.tools.ant.Project.executeTargets(Project.java:1251)
	at org.apache.tools.ant.Main.runBuild(Main.java:811)
	at org.apache.tools.ant.Main.startAnt(Main.java:217)
	at org.apache.tools.ant.launch.Launcher.run(Launcher.java:280)
	at org.apache.tools.ant.launch.Launcher.main(Launcher.java:109)
