--- com.google.javascript.jscomp.CommandLineRunnerTest::testReflectedMethods
junit.framework.AssertionFailedError: 
Expected: function a(){}a.prototype.a=function(e,d){alert(d)};var b=goog.c.b(a,{a:1}),c;for(c in b)b[c].call(b);window.Foo=a
Result: function Foo(){}Foo.prototype.a=function(x$$1,y){alert(y)};var x=goog.c.b(Foo,{a:1});var i;for(i in x)x[i].call(x);window.Foo=Foo
Node tree inequality:
Tree1:
BLOCK [synthetic: 1]
    SCRIPT 1 [synthetic: 1] [source_file: input0] [input_id: InputId: input0]
        FUNCTION a 1 [source_file: input0]
            NAME a 1 [source_file: input0]
            LP 1 [source_file: input0]
            BLOCK 1 [source_file: input0]
        EXPR_RESULT 1 [source_file: input0]
            ASSIGN 1 [source_file: input0]
                GETPROP 1 [source_file: input0]
                    GETPROP 1 [source_file: input0]
                        NAME a 1 [source_file: input0]
                        STRING prototype 1 [source_file: input0]
                    STRING a 1 [source_file: input0]
                FUNCTION  1 [source_file: input0]
                    NAME  1 [source_file: input0]
                    LP 1 [source_file: input0]
                        NAME e 1 [source_file: input0]
                        NAME d 1 [source_file: input0]
                    BLOCK 1 [source_file: input0]
                        EXPR_RESULT 1 [source_file: input0]
                            CALL 1 [free_call: 1] [source_file: input0]
                                NAME alert 1 [source_file: input0]
                                NAME d 1 [source_file: input0]
        VAR 1 [source_file: input0]
            NAME b 1 [source_file: input0]
                CALL 1 [source_file: input0]
                    GETPROP 1 [source_file: input0]
                        GETPROP 1 [source_file: input0]
                            NAME goog 1 [source_file: input0]
                            STRING c 1 [source_file: input0]
                        STRING b 1 [source_file: input0]
                    NAME a 1 [source_file: input0]
                    OBJECTLIT 1 [source_file: input0]
                        STRING a 1 [source_file: input0]
                            NUMBER 1.0 1 [source_file: input0]
            NAME c 1 [source_file: input0]
        FOR 1 [source_file: input0]
            NAME c 1 [source_file: input0]
            NAME b 1 [source_file: input0]
            BLOCK 1 [source_file: input0]
                EXPR_RESULT 1 [source_file: input0]
                    CALL 1 [source_file: input0]
                        GETPROP 1 [source_file: input0]
                            GETELEM 1 [source_file: input0]
                                NAME b 1 [source_file: input0]
                                NAME c 1 [source_file: input0]
                            STRING call 1 [source_file: input0]
                        NAME b 1 [source_file: input0]
        EXPR_RESULT 1 [source_file: input0]
            ASSIGN 1 [source_file: input0]
                GETPROP 1 [source_file: input0]
                    NAME window 1 [source_file: input0]
                    STRING Foo 1 [source_file: input0]
                NAME a 1 [source_file: input0]


Tree2:
BLOCK [synthetic: 1]
    SCRIPT 1 [synthetic: 1] [source_file: input0] [input_id: InputId: input0]
        FUNCTION Foo 1 [jsdoc_info: JSDocInfo] [source_file: input0]
            NAME Foo 1 [source_file: input0]
            LP 1 [source_file: input0]
            BLOCK 1 [source_file: input0]
        EXPR_RESULT 1 [source_file: input0]
            ASSIGN 1 [source_file: input0]
                GETPROP 1 [source_file: input0]
                    GETPROP 1 [source_file: input0]
                        NAME Foo 1 [source_file: input0]
                        STRING prototype 1 [source_file: input0]
                    STRING a 1 [source_file: input0]
                FUNCTION  1 [source_file: input0]
                    NAME  1 [source_file: input0]
                    LP 1 [source_file: input0]
                        NAME x$$1 1 [source_file: input0]
                        NAME y 1 [source_file: input0]
                    BLOCK 1 [source_file: input0]
                        EXPR_RESULT 1 [source_file: input0]
                            CALL 1 [free_call: 1] [source_file: input0]
                                NAME alert 1 [source_file: input0]
                                NAME y 1 [source_file: input0]
        VAR 1 [source_file: input0]
            NAME x 1 [source_file: input0]
                CALL 1 [source_file: input0]
                    GETPROP 1 [source_file: input0]
                        GETPROP 1 [source_file: input0]
                            NAME goog 1 [source_file: input0]
                            STRING c 1 [source_file: input0]
                        STRING b 1 [source_file: input0]
                    NAME Foo 1 [source_file: input0]
                    OBJECTLIT 1 [source_file: input0]
                        STRING a 1 [source_file: input0]
                            NUMBER 1.0 1 [source_file: input0]
        VAR 1 [source_file: input0]
            NAME i 1 [source_file: input0]
        FOR 1 [source_file: input0]
            NAME i 1 [source_file: input0]
            NAME x 1 [source_file: input0]
            BLOCK 1 [source_file: input0]
                EXPR_RESULT 1 [source_file: input0]
                    CALL 1 [source_file: input0]
                        GETPROP 1 [source_file: input0]
                            GETELEM 1 [source_file: input0]
                                NAME x 1 [source_file: input0]
                                NAME i 1 [source_file: input0]
                            STRING call 1 [source_file: input0]
                        NAME x 1 [source_file: input0]
        EXPR_RESULT 1 [source_file: input0]
            ASSIGN 1 [source_file: input0]
                GETPROP 1 [source_file: input0]
                    NAME window 1 [source_file: input0]
                    STRING Foo 1 [source_file: input0]
                NAME Foo 1 [source_file: input0]


Subtree1: SCRIPT 1 [synthetic: 1] [source_file: input0] [input_id: InputId: input0]
    FUNCTION a 1 [source_file: input0]
        NAME a 1 [source_file: input0]
        LP 1 [source_file: input0]
        BLOCK 1 [source_file: input0]
    EXPR_RESULT 1 [source_file: input0]
        ASSIGN 1 [source_file: input0]
            GETPROP 1 [source_file: input0]
                GETPROP 1 [source_file: input0]
                    NAME a 1 [source_file: input0]
                    STRING prototype 1 [source_file: input0]
                STRING a 1 [source_file: input0]
            FUNCTION  1 [source_file: input0]
                NAME  1 [source_file: input0]
                LP 1 [source_file: input0]
                    NAME e 1 [source_file: input0]
                    NAME d 1 [source_file: input0]
                BLOCK 1 [source_file: input0]
                    EXPR_RESULT 1 [source_file: input0]
                        CALL 1 [free_call: 1] [source_file: input0]
                            NAME alert 1 [source_file: input0]
                            NAME d 1 [source_file: input0]
    VAR 1 [source_file: input0]
        NAME b 1 [source_file: input0]
            CALL 1 [source_file: input0]
                GETPROP 1 [source_file: input0]
                    GETPROP 1 [source_file: input0]
                        NAME goog 1 [source_file: input0]
                        STRING c 1 [source_file: input0]
                    STRING b 1 [source_file: input0]
                NAME a 1 [source_file: input0]
                OBJECTLIT 1 [source_file: input0]
                    STRING a 1 [source_file: input0]
                        NUMBER 1.0 1 [source_file: input0]
        NAME c 1 [source_file: input0]
    FOR 1 [source_file: input0]
        NAME c 1 [source_file: input0]
        NAME b 1 [source_file: input0]
        BLOCK 1 [source_file: input0]
            EXPR_RESULT 1 [source_file: input0]
                CALL 1 [source_file: input0]
                    GETPROP 1 [source_file: input0]
                        GETELEM 1 [source_file: input0]
                            NAME b 1 [source_file: input0]
                            NAME c 1 [source_file: input0]
                        STRING call 1 [source_file: input0]
                    NAME b 1 [source_file: input0]
    EXPR_RESULT 1 [source_file: input0]
        ASSIGN 1 [source_file: input0]
            GETPROP 1 [source_file: input0]
                NAME window 1 [source_file: input0]
                STRING Foo 1 [source_file: input0]
            NAME a 1 [source_file: input0]


Subtree2: SCRIPT 1 [synthetic: 1] [source_file: input0] [input_id: InputId: input0]
    FUNCTION Foo 1 [jsdoc_info: JSDocInfo] [source_file: input0]
        NAME Foo 1 [source_file: input0]
        LP 1 [source_file: input0]
        BLOCK 1 [source_file: input0]
    EXPR_RESULT 1 [source_file: input0]
        ASSIGN 1 [source_file: input0]
            GETPROP 1 [source_file: input0]
                GETPROP 1 [source_file: input0]
                    NAME Foo 1 [source_file: input0]
                    STRING prototype 1 [source_file: input0]
                STRING a 1 [source_file: input0]
            FUNCTION  1 [source_file: input0]
                NAME  1 [source_file: input0]
                LP 1 [source_file: input0]
                    NAME x$$1 1 [source_file: input0]
                    NAME y 1 [source_file: input0]
                BLOCK 1 [source_file: input0]
                    EXPR_RESULT 1 [source_file: input0]
                        CALL 1 [free_call: 1] [source_file: input0]
                            NAME alert 1 [source_file: input0]
                            NAME y 1 [source_file: input0]
    VAR 1 [source_file: input0]
        NAME x 1 [source_file: input0]
            CALL 1 [source_file: input0]
                GETPROP 1 [source_file: input0]
                    GETPROP 1 [source_file: input0]
                        NAME goog 1 [source_file: input0]
                        STRING c 1 [source_file: input0]
                    STRING b 1 [source_file: input0]
                NAME Foo 1 [source_file: input0]
                OBJECTLIT 1 [source_file: input0]
                    STRING a 1 [source_file: input0]
                        NUMBER 1.0 1 [source_file: input0]
    VAR 1 [source_file: input0]
        NAME i 1 [source_file: input0]
    FOR 1 [source_file: input0]
        NAME i 1 [source_file: input0]
        NAME x 1 [source_file: input0]
        BLOCK 1 [source_file: input0]
            EXPR_RESULT 1 [source_file: input0]
                CALL 1 [source_file: input0]
                    GETPROP 1 [source_file: input0]
                        GETELEM 1 [source_file: input0]
                            NAME x 1 [source_file: input0]
                            NAME i 1 [source_file: input0]
                        STRING call 1 [source_file: input0]
                    NAME x 1 [source_file: input0]
    EXPR_RESULT 1 [source_file: input0]
        ASSIGN 1 [source_file: input0]
            GETPROP 1 [source_file: input0]
                NAME window 1 [source_file: input0]
                STRING Foo 1 [source_file: input0]
            NAME Foo 1 [source_file: input0]

	at junit.framework.Assert.fail(Assert.java:57)
	at junit.framework.Assert.assertTrue(Assert.java:22)
	at junit.framework.Assert.assertNull(Assert.java:277)
	at junit.framework.TestCase.assertNull(TestCase.java:447)
	at com.google.javascript.jscomp.CommandLineRunnerTest.test(CommandLineRunnerTest.java:901)
	at com.google.javascript.jscomp.CommandLineRunnerTest.test(CommandLineRunnerTest.java:872)
	at com.google.javascript.jscomp.CommandLineRunnerTest.test(CommandLineRunnerTest.java:864)
	at com.google.javascript.jscomp.CommandLineRunnerTest.testReflectedMethods(CommandLineRunnerTest.java:172)
	at sun.reflect.NativeMethodAccessorImpl.invoke0(Native Method)
	at sun.reflect.NativeMethodAccessorImpl.invoke(NativeMethodAccessorImpl.java:57)
	at sun.reflect.DelegatingMethodAccessorImpl.invoke(DelegatingMethodAccessorImpl.java:43)
	at java.lang.reflect.Method.invoke(Method.java:606)
	at junit.framework.TestCase.runTest(TestCase.java:176)
	at junit.framework.TestCase.runBare(TestCase.java:141)
	at junit.framework.TestResult$1.protect(TestResult.java:122)
	at junit.framework.TestResult.runProtected(TestResult.java:142)
	at junit.framework.TestResult.run(TestResult.java:125)
	at junit.framework.TestCase.run(TestCase.java:129)
	at junit.framework.TestSuite.runTest(TestSuite.java:255)
	at junit.framework.TestSuite.run(TestSuite.java:250)
	at org.apache.tools.ant.taskdefs.optional.junit.JUnitTestRunner.run(JUnitTestRunner.java:520)
	at org.apache.tools.ant.taskdefs.optional.junit.JUnitTask.executeInVM(JUnitTask.java:1478)
	at org.apache.tools.ant.taskdefs.optional.junit.JUnitTask.execute(JUnitTask.java:860)
	at org.apache.tools.ant.taskdefs.optional.junit.JUnitTask.executeOrQueue(JUnitTask.java:1968)
	at org.apache.tools.ant.taskdefs.optional.junit.JUnitTask.execute1(JUnitTask.java:812)
	at org.apache.tools.ant.taskdefs.optional.junit.JUnitTask.execute(JUnitTask.java:2271)
	at org.apache.tools.ant.UnknownElement.execute(UnknownElement.java:291)
	at sun.reflect.GeneratedMethodAccessor4.invoke(Unknown Source)
	at sun.reflect.DelegatingMethodAccessorImpl.invoke(DelegatingMethodAccessorImpl.java:43)
	at java.lang.reflect.Method.invoke(Method.java:606)
	at org.apache.tools.ant.dispatch.DispatchUtils.execute(DispatchUtils.java:106)
	at org.apache.tools.ant.Task.perform(Task.java:348)
	at org.apache.tools.ant.Target.execute(Target.java:392)
	at org.apache.tools.ant.Target.performTasks(Target.java:413)
	at org.apache.tools.ant.Project.executeSortedTargets(Project.java:1399)
	at org.apache.tools.ant.Project.executeTarget(Project.java:1368)
	at org.apache.tools.ant.helper.DefaultExecutor.executeTargets(DefaultExecutor.java:41)
	at org.apache.tools.ant.Project.executeTargets(Project.java:1251)
	at org.apache.tools.ant.Main.runBuild(Main.java:811)
	at org.apache.tools.ant.Main.startAnt(Main.java:217)
	at org.apache.tools.ant.launch.Launcher.run(Launcher.java:280)
	at org.apache.tools.ant.launch.Launcher.main(Launcher.java:109)
--- com.google.javascript.jscomp.CommandLineRunnerTest::testCheckGlobalThisOnWithAdvancedMode
junit.framework.AssertionFailedError: expected:<0> but was:<-2>
	at junit.framework.Assert.fail(Assert.java:57)
	at junit.framework.Assert.failNotEquals(Assert.java:329)
	at junit.framework.Assert.assertEquals(Assert.java:78)
	at junit.framework.Assert.assertEquals(Assert.java:234)
	at junit.framework.Assert.assertEquals(Assert.java:241)
	at junit.framework.TestCase.assertEquals(TestCase.java:409)
	at com.google.javascript.jscomp.CommandLineRunnerTest.test(CommandLineRunnerTest.java:938)
	at com.google.javascript.jscomp.CommandLineRunnerTest.test(CommandLineRunnerTest.java:911)
	at com.google.javascript.jscomp.CommandLineRunnerTest.testCheckGlobalThisOnWithAdvancedMode(CommandLineRunnerTest.java:151)
	at sun.reflect.NativeMethodAccessorImpl.invoke0(Native Method)
	at sun.reflect.NativeMethodAccessorImpl.invoke(NativeMethodAccessorImpl.java:57)
	at sun.reflect.DelegatingMethodAccessorImpl.invoke(DelegatingMethodAccessorImpl.java:43)
	at java.lang.reflect.Method.invoke(Method.java:606)
	at junit.framework.TestCase.runTest(TestCase.java:176)
	at junit.framework.TestCase.runBare(TestCase.java:141)
	at junit.framework.TestResult$1.protect(TestResult.java:122)
	at junit.framework.TestResult.runProtected(TestResult.java:142)
	at junit.framework.TestResult.run(TestResult.java:125)
	at junit.framework.TestCase.run(TestCase.java:129)
	at junit.framework.TestSuite.runTest(TestSuite.java:255)
	at junit.framework.TestSuite.run(TestSuite.java:250)
	at org.apache.tools.ant.taskdefs.optional.junit.JUnitTestRunner.run(JUnitTestRunner.java:520)
	at org.apache.tools.ant.taskdefs.optional.junit.JUnitTask.executeInVM(JUnitTask.java:1478)
	at org.apache.tools.ant.taskdefs.optional.junit.JUnitTask.execute(JUnitTask.java:860)
	at org.apache.tools.ant.taskdefs.optional.junit.JUnitTask.executeOrQueue(JUnitTask.java:1968)
	at org.apache.tools.ant.taskdefs.optional.junit.JUnitTask.execute1(JUnitTask.java:812)
	at org.apache.tools.ant.taskdefs.optional.junit.JUnitTask.execute(JUnitTask.java:2271)
	at org.apache.tools.ant.UnknownElement.execute(UnknownElement.java:291)
	at sun.reflect.GeneratedMethodAccessor4.invoke(Unknown Source)
	at sun.reflect.DelegatingMethodAccessorImpl.invoke(DelegatingMethodAccessorImpl.java:43)
	at java.lang.reflect.Method.invoke(Method.java:606)
	at org.apache.tools.ant.dispatch.DispatchUtils.execute(DispatchUtils.java:106)
	at org.apache.tools.ant.Task.perform(Task.java:348)
	at org.apache.tools.ant.Target.execute(Target.java:392)
	at org.apache.tools.ant.Target.performTasks(Target.java:413)
	at org.apache.tools.ant.Project.executeSortedTargets(Project.java:1399)
	at org.apache.tools.ant.Project.executeTarget(Project.java:1368)
	at org.apache.tools.ant.helper.DefaultExecutor.executeTargets(DefaultExecutor.java:41)
	at org.apache.tools.ant.Project.executeTargets(Project.java:1251)
	at org.apache.tools.ant.Main.runBuild(Main.java:811)
	at org.apache.tools.ant.Main.startAnt(Main.java:217)
	at org.apache.tools.ant.launch.Launcher.run(Launcher.java:280)
	at org.apache.tools.ant.launch.Launcher.main(Launcher.java:109)
--- com.google.javascript.jscomp.FunctionRewriterTest::testReplaceIdentityFunction1
java.lang.RuntimeException: INTERNAL COMPILER ERROR.
Please report this problem.
null
	at com.google.javascript.jscomp.FunctionRewriter$IdentityReducer.isIdentityFunction(FunctionRewriter.java:327)
	at com.google.javascript.jscomp.FunctionRewriter$IdentityReducer.reduce(FunctionRewriter.java:311)
	at com.google.javascript.jscomp.FunctionRewriter$ReductionGatherer.shouldTraverse(FunctionRewriter.java:176)
	at com.google.javascript.jscomp.NodeTraversal.traverseBranch(NodeTraversal.java:461)
	at com.google.javascript.jscomp.NodeTraversal.traverse(NodeTraversal.java:259)
	at com.google.javascript.jscomp.NodeTraversal.traverse(NodeTraversal.java:437)
	at com.google.javascript.jscomp.FunctionRewriter.process(FunctionRewriter.java:68)
	at com.google.javascript.jscomp.CompilerTestCase.test(CompilerTestCase.java:765)
	at com.google.javascript.jscomp.CompilerTestCase.test(CompilerTestCase.java:423)
	at com.google.javascript.jscomp.CompilerTestCase.test(CompilerTestCase.java:348)
	at com.google.javascript.jscomp.CompilerTestCase.test(CompilerTestCase.java:317)
	at com.google.javascript.jscomp.CompilerTestCase.test(CompilerTestCase.java:305)
	at com.google.javascript.jscomp.FunctionRewriterTest.checkCompilesTo(FunctionRewriterTest.java:199)
	at com.google.javascript.jscomp.FunctionRewriterTest.checkCompilesToSame(FunctionRewriterTest.java:203)
	at com.google.javascript.jscomp.FunctionRewriterTest.testReplaceIdentityFunction1(FunctionRewriterTest.java:154)
	at sun.reflect.NativeMethodAccessorImpl.invoke0(Native Method)
	at sun.reflect.NativeMethodAccessorImpl.invoke(NativeMethodAccessorImpl.java:57)
	at sun.reflect.DelegatingMethodAccessorImpl.invoke(DelegatingMethodAccessorImpl.java:43)
	at java.lang.reflect.Method.invoke(Method.java:606)
	at junit.framework.TestCase.runTest(TestCase.java:176)
	at junit.framework.TestCase.runBare(TestCase.java:141)
	at junit.framework.TestResult$1.protect(TestResult.java:122)
	at junit.framework.TestResult.runProtected(TestResult.java:142)
	at junit.framework.TestResult.run(TestResult.java:125)
	at junit.framework.TestCase.run(TestCase.java:129)
	at junit.framework.TestSuite.runTest(TestSuite.java:255)
	at junit.framework.TestSuite.run(TestSuite.java:250)
	at org.apache.tools.ant.taskdefs.optional.junit.JUnitTestRunner.run(JUnitTestRunner.java:520)
	at org.apache.tools.ant.taskdefs.optional.junit.JUnitTask.executeInVM(JUnitTask.java:1478)
	at org.apache.tools.ant.taskdefs.optional.junit.JUnitTask.execute(JUnitTask.java:860)
	at org.apache.tools.ant.taskdefs.optional.junit.JUnitTask.executeOrQueue(JUnitTask.java:1968)
	at org.apache.tools.ant.taskdefs.optional.junit.JUnitTask.execute1(JUnitTask.java:812)
	at org.apache.tools.ant.taskdefs.optional.junit.JUnitTask.execute(JUnitTask.java:2271)
	at org.apache.tools.ant.UnknownElement.execute(UnknownElement.java:291)
	at sun.reflect.GeneratedMethodAccessor4.invoke(Unknown Source)
	at sun.reflect.DelegatingMethodAccessorImpl.invoke(DelegatingMethodAccessorImpl.java:43)
	at java.lang.reflect.Method.invoke(Method.java:606)
	at org.apache.tools.ant.dispatch.DispatchUtils.execute(DispatchUtils.java:106)
	at org.apache.tools.ant.Task.perform(Task.java:348)
	at org.apache.tools.ant.Target.execute(Target.java:392)
	at org.apache.tools.ant.Target.performTasks(Target.java:413)
	at org.apache.tools.ant.Project.executeSortedTargets(Project.java:1399)
	at org.apache.tools.ant.Project.executeTarget(Project.java:1368)
	at org.apache.tools.ant.helper.DefaultExecutor.executeTargets(DefaultExecutor.java:41)
	at org.apache.tools.ant.Project.executeTargets(Project.java:1251)
	at org.apache.tools.ant.Main.runBuild(Main.java:811)
	at org.apache.tools.ant.Main.startAnt(Main.java:217)
	at org.apache.tools.ant.launch.Launcher.run(Launcher.java:280)
	at org.apache.tools.ant.launch.Launcher.main(Launcher.java:109)
Caused by: java.lang.NullPointerException
	... 49 more
--- com.google.javascript.jscomp.FunctionRewriterTest::testReplaceIdentityFunction2
java.lang.RuntimeException: INTERNAL COMPILER ERROR.
Please report this problem.
null
	at com.google.javascript.jscomp.FunctionRewriter$IdentityReducer.isIdentityFunction(FunctionRewriter.java:327)
	at com.google.javascript.jscomp.FunctionRewriter$IdentityReducer.reduce(FunctionRewriter.java:311)
	at com.google.javascript.jscomp.FunctionRewriter$ReductionGatherer.shouldTraverse(FunctionRewriter.java:176)
	at com.google.javascript.jscomp.NodeTraversal.traverseBranch(NodeTraversal.java:461)
	at com.google.javascript.jscomp.NodeTraversal.traverse(NodeTraversal.java:259)
	at com.google.javascript.jscomp.NodeTraversal.traverse(NodeTraversal.java:437)
	at com.google.javascript.jscomp.FunctionRewriter.process(FunctionRewriter.java:68)
	at com.google.javascript.jscomp.CompilerTestCase.test(CompilerTestCase.java:765)
	at com.google.javascript.jscomp.CompilerTestCase.test(CompilerTestCase.java:423)
	at com.google.javascript.jscomp.CompilerTestCase.test(CompilerTestCase.java:348)
	at com.google.javascript.jscomp.CompilerTestCase.test(CompilerTestCase.java:317)
	at com.google.javascript.jscomp.CompilerTestCase.test(CompilerTestCase.java:305)
	at com.google.javascript.jscomp.FunctionRewriterTest.checkCompilesTo(FunctionRewriterTest.java:199)
	at com.google.javascript.jscomp.FunctionRewriterTest.checkCompilesToSame(FunctionRewriterTest.java:203)
	at com.google.javascript.jscomp.FunctionRewriterTest.testReplaceIdentityFunction2(FunctionRewriterTest.java:162)
	at sun.reflect.NativeMethodAccessorImpl.invoke0(Native Method)
	at sun.reflect.NativeMethodAccessorImpl.invoke(NativeMethodAccessorImpl.java:57)
	at sun.reflect.DelegatingMethodAccessorImpl.invoke(DelegatingMethodAccessorImpl.java:43)
	at java.lang.reflect.Method.invoke(Method.java:606)
	at junit.framework.TestCase.runTest(TestCase.java:176)
	at junit.framework.TestCase.runBare(TestCase.java:141)
	at junit.framework.TestResult$1.protect(TestResult.java:122)
	at junit.framework.TestResult.runProtected(TestResult.java:142)
	at junit.framework.TestResult.run(TestResult.java:125)
	at junit.framework.TestCase.run(TestCase.java:129)
	at junit.framework.TestSuite.runTest(TestSuite.java:255)
	at junit.framework.TestSuite.run(TestSuite.java:250)
	at org.apache.tools.ant.taskdefs.optional.junit.JUnitTestRunner.run(JUnitTestRunner.java:520)
	at org.apache.tools.ant.taskdefs.optional.junit.JUnitTask.executeInVM(JUnitTask.java:1478)
	at org.apache.tools.ant.taskdefs.optional.junit.JUnitTask.execute(JUnitTask.java:860)
	at org.apache.tools.ant.taskdefs.optional.junit.JUnitTask.executeOrQueue(JUnitTask.java:1968)
	at org.apache.tools.ant.taskdefs.optional.junit.JUnitTask.execute1(JUnitTask.java:812)
	at org.apache.tools.ant.taskdefs.optional.junit.JUnitTask.execute(JUnitTask.java:2271)
	at org.apache.tools.ant.UnknownElement.execute(UnknownElement.java:291)
	at sun.reflect.GeneratedMethodAccessor4.invoke(Unknown Source)
	at sun.reflect.DelegatingMethodAccessorImpl.invoke(DelegatingMethodAccessorImpl.java:43)
	at java.lang.reflect.Method.invoke(Method.java:606)
	at org.apache.tools.ant.dispatch.DispatchUtils.execute(DispatchUtils.java:106)
	at org.apache.tools.ant.Task.perform(Task.java:348)
	at org.apache.tools.ant.Target.execute(Target.java:392)
	at org.apache.tools.ant.Target.performTasks(Target.java:413)
	at org.apache.tools.ant.Project.executeSortedTargets(Project.java:1399)
	at org.apache.tools.ant.Project.executeTarget(Project.java:1368)
	at org.apache.tools.ant.helper.DefaultExecutor.executeTargets(DefaultExecutor.java:41)
	at org.apache.tools.ant.Project.executeTargets(Project.java:1251)
	at org.apache.tools.ant.Main.runBuild(Main.java:811)
	at org.apache.tools.ant.Main.startAnt(Main.java:217)
	at org.apache.tools.ant.launch.Launcher.run(Launcher.java:280)
	at org.apache.tools.ant.launch.Launcher.main(Launcher.java:109)
Caused by: java.lang.NullPointerException
	... 49 more
--- com.google.javascript.jscomp.FunctionRewriterTest::testReplaceReturnConst1
java.lang.RuntimeException: INTERNAL COMPILER ERROR.
Please report this problem.
null
	at com.google.javascript.jscomp.FunctionRewriter$IdentityReducer.isIdentityFunction(FunctionRewriter.java:327)
	at com.google.javascript.jscomp.FunctionRewriter$IdentityReducer.reduce(FunctionRewriter.java:311)
	at com.google.javascript.jscomp.FunctionRewriter$ReductionGatherer.shouldTraverse(FunctionRewriter.java:176)
	at com.google.javascript.jscomp.NodeTraversal.traverseBranch(NodeTraversal.java:461)
	at com.google.javascript.jscomp.NodeTraversal.traverse(NodeTraversal.java:259)
	at com.google.javascript.jscomp.NodeTraversal.traverse(NodeTraversal.java:437)
	at com.google.javascript.jscomp.FunctionRewriter.process(FunctionRewriter.java:68)
	at com.google.javascript.jscomp.CompilerTestCase.test(CompilerTestCase.java:765)
	at com.google.javascript.jscomp.CompilerTestCase.test(CompilerTestCase.java:423)
	at com.google.javascript.jscomp.CompilerTestCase.test(CompilerTestCase.java:348)
	at com.google.javascript.jscomp.CompilerTestCase.test(CompilerTestCase.java:317)
	at com.google.javascript.jscomp.CompilerTestCase.test(CompilerTestCase.java:305)
	at com.google.javascript.jscomp.FunctionRewriterTest.checkCompilesTo(FunctionRewriterTest.java:199)
	at com.google.javascript.jscomp.FunctionRewriterTest.checkCompilesToSame(FunctionRewriterTest.java:203)
	at com.google.javascript.jscomp.FunctionRewriterTest.testReplaceReturnConst1(FunctionRewriterTest.java:68)
	at sun.reflect.NativeMethodAccessorImpl.invoke0(Native Method)
	at sun.reflect.NativeMethodAccessorImpl.invoke(NativeMethodAccessorImpl.java:57)
	at sun.reflect.DelegatingMethodAccessorImpl.invoke(DelegatingMethodAccessorImpl.java:43)
	at java.lang.reflect.Method.invoke(Method.java:606)
	at junit.framework.TestCase.runTest(TestCase.java:176)
	at junit.framework.TestCase.runBare(TestCase.java:141)
	at junit.framework.TestResult$1.protect(TestResult.java:122)
	at junit.framework.TestResult.runProtected(TestResult.java:142)
	at junit.framework.TestResult.run(TestResult.java:125)
	at junit.framework.TestCase.run(TestCase.java:129)
	at junit.framework.TestSuite.runTest(TestSuite.java:255)
	at junit.framework.TestSuite.run(TestSuite.java:250)
	at org.apache.tools.ant.taskdefs.optional.junit.JUnitTestRunner.run(JUnitTestRunner.java:520)
	at org.apache.tools.ant.taskdefs.optional.junit.JUnitTask.executeInVM(JUnitTask.java:1478)
	at org.apache.tools.ant.taskdefs.optional.junit.JUnitTask.execute(JUnitTask.java:860)
	at org.apache.tools.ant.taskdefs.optional.junit.JUnitTask.executeOrQueue(JUnitTask.java:1968)
	at org.apache.tools.ant.taskdefs.optional.junit.JUnitTask.execute1(JUnitTask.java:812)
	at org.apache.tools.ant.taskdefs.optional.junit.JUnitTask.execute(JUnitTask.java:2271)
	at org.apache.tools.ant.UnknownElement.execute(UnknownElement.java:291)
	at sun.reflect.GeneratedMethodAccessor4.invoke(Unknown Source)
	at sun.reflect.DelegatingMethodAccessorImpl.invoke(DelegatingMethodAccessorImpl.java:43)
	at java.lang.reflect.Method.invoke(Method.java:606)
	at org.apache.tools.ant.dispatch.DispatchUtils.execute(DispatchUtils.java:106)
	at org.apache.tools.ant.Task.perform(Task.java:348)
	at org.apache.tools.ant.Target.execute(Target.java:392)
	at org.apache.tools.ant.Target.performTasks(Target.java:413)
	at org.apache.tools.ant.Project.executeSortedTargets(Project.java:1399)
	at org.apache.tools.ant.Project.executeTarget(Project.java:1368)
	at org.apache.tools.ant.helper.DefaultExecutor.executeTargets(DefaultExecutor.java:41)
	at org.apache.tools.ant.Project.executeTargets(Project.java:1251)
	at org.apache.tools.ant.Main.runBuild(Main.java:811)
	at org.apache.tools.ant.Main.startAnt(Main.java:217)
	at org.apache.tools.ant.launch.Launcher.run(Launcher.java:280)
	at org.apache.tools.ant.launch.Launcher.main(Launcher.java:109)
Caused by: java.lang.NullPointerException
	... 49 more
--- com.google.javascript.jscomp.FunctionRewriterTest::testReplaceReturnConst2
java.lang.RuntimeException: INTERNAL COMPILER ERROR.
Please report this problem.
null
	at com.google.javascript.jscomp.FunctionRewriter$IdentityReducer.isIdentityFunction(FunctionRewriter.java:327)
	at com.google.javascript.jscomp.FunctionRewriter$IdentityReducer.reduce(FunctionRewriter.java:311)
	at com.google.javascript.jscomp.FunctionRewriter$ReductionGatherer.shouldTraverse(FunctionRewriter.java:176)
	at com.google.javascript.jscomp.NodeTraversal.traverseBranch(NodeTraversal.java:461)
	at com.google.javascript.jscomp.NodeTraversal.traverse(NodeTraversal.java:259)
	at com.google.javascript.jscomp.NodeTraversal.traverse(NodeTraversal.java:437)
	at com.google.javascript.jscomp.FunctionRewriter.process(FunctionRewriter.java:68)
	at com.google.javascript.jscomp.CompilerTestCase.test(CompilerTestCase.java:765)
	at com.google.javascript.jscomp.CompilerTestCase.test(CompilerTestCase.java:423)
	at com.google.javascript.jscomp.CompilerTestCase.test(CompilerTestCase.java:348)
	at com.google.javascript.jscomp.CompilerTestCase.test(CompilerTestCase.java:317)
	at com.google.javascript.jscomp.CompilerTestCase.test(CompilerTestCase.java:305)
	at com.google.javascript.jscomp.FunctionRewriterTest.checkCompilesTo(FunctionRewriterTest.java:199)
	at com.google.javascript.jscomp.FunctionRewriterTest.checkCompilesToSame(FunctionRewriterTest.java:203)
	at com.google.javascript.jscomp.FunctionRewriterTest.testReplaceReturnConst2(FunctionRewriterTest.java:76)
	at sun.reflect.NativeMethodAccessorImpl.invoke0(Native Method)
	at sun.reflect.NativeMethodAccessorImpl.invoke(NativeMethodAccessorImpl.java:57)
	at sun.reflect.DelegatingMethodAccessorImpl.invoke(DelegatingMethodAccessorImpl.java:43)
	at java.lang.reflect.Method.invoke(Method.java:606)
	at junit.framework.TestCase.runTest(TestCase.java:176)
	at junit.framework.TestCase.runBare(TestCase.java:141)
	at junit.framework.TestResult$1.protect(TestResult.java:122)
	at junit.framework.TestResult.runProtected(TestResult.java:142)
	at junit.framework.TestResult.run(TestResult.java:125)
	at junit.framework.TestCase.run(TestCase.java:129)
	at junit.framework.TestSuite.runTest(TestSuite.java:255)
	at junit.framework.TestSuite.run(TestSuite.java:250)
	at org.apache.tools.ant.taskdefs.optional.junit.JUnitTestRunner.run(JUnitTestRunner.java:520)
	at org.apache.tools.ant.taskdefs.optional.junit.JUnitTask.executeInVM(JUnitTask.java:1478)
	at org.apache.tools.ant.taskdefs.optional.junit.JUnitTask.execute(JUnitTask.java:860)
	at org.apache.tools.ant.taskdefs.optional.junit.JUnitTask.executeOrQueue(JUnitTask.java:1968)
	at org.apache.tools.ant.taskdefs.optional.junit.JUnitTask.execute1(JUnitTask.java:812)
	at org.apache.tools.ant.taskdefs.optional.junit.JUnitTask.execute(JUnitTask.java:2271)
	at org.apache.tools.ant.UnknownElement.execute(UnknownElement.java:291)
	at sun.reflect.GeneratedMethodAccessor4.invoke(Unknown Source)
	at sun.reflect.DelegatingMethodAccessorImpl.invoke(DelegatingMethodAccessorImpl.java:43)
	at java.lang.reflect.Method.invoke(Method.java:606)
	at org.apache.tools.ant.dispatch.DispatchUtils.execute(DispatchUtils.java:106)
	at org.apache.tools.ant.Task.perform(Task.java:348)
	at org.apache.tools.ant.Target.execute(Target.java:392)
	at org.apache.tools.ant.Target.performTasks(Target.java:413)
	at org.apache.tools.ant.Project.executeSortedTargets(Project.java:1399)
	at org.apache.tools.ant.Project.executeTarget(Project.java:1368)
	at org.apache.tools.ant.helper.DefaultExecutor.executeTargets(DefaultExecutor.java:41)
	at org.apache.tools.ant.Project.executeTargets(Project.java:1251)
	at org.apache.tools.ant.Main.runBuild(Main.java:811)
	at org.apache.tools.ant.Main.startAnt(Main.java:217)
	at org.apache.tools.ant.launch.Launcher.run(Launcher.java:280)
	at org.apache.tools.ant.launch.Launcher.main(Launcher.java:109)
Caused by: java.lang.NullPointerException
	... 49 more
--- com.google.javascript.jscomp.FunctionRewriterTest::testReplaceReturnConst3
java.lang.RuntimeException: INTERNAL COMPILER ERROR.
Please report this problem.
null
	at com.google.javascript.jscomp.FunctionRewriter$IdentityReducer.isIdentityFunction(FunctionRewriter.java:327)
	at com.google.javascript.jscomp.FunctionRewriter$IdentityReducer.reduce(FunctionRewriter.java:311)
	at com.google.javascript.jscomp.FunctionRewriter$ReductionGatherer.shouldTraverse(FunctionRewriter.java:176)
	at com.google.javascript.jscomp.NodeTraversal.traverseBranch(NodeTraversal.java:461)
	at com.google.javascript.jscomp.NodeTraversal.traverse(NodeTraversal.java:259)
	at com.google.javascript.jscomp.NodeTraversal.traverse(NodeTraversal.java:437)
	at com.google.javascript.jscomp.FunctionRewriter.process(FunctionRewriter.java:68)
	at com.google.javascript.jscomp.CompilerTestCase.test(CompilerTestCase.java:765)
	at com.google.javascript.jscomp.CompilerTestCase.test(CompilerTestCase.java:423)
	at com.google.javascript.jscomp.CompilerTestCase.test(CompilerTestCase.java:348)
	at com.google.javascript.jscomp.CompilerTestCase.test(CompilerTestCase.java:317)
	at com.google.javascript.jscomp.CompilerTestCase.test(CompilerTestCase.java:305)
	at com.google.javascript.jscomp.FunctionRewriterTest.checkCompilesTo(FunctionRewriterTest.java:199)
	at com.google.javascript.jscomp.FunctionRewriterTest.checkCompilesToSame(FunctionRewriterTest.java:203)
	at com.google.javascript.jscomp.FunctionRewriterTest.testReplaceReturnConst3(FunctionRewriterTest.java:81)
	at sun.reflect.NativeMethodAccessorImpl.invoke0(Native Method)
	at sun.reflect.NativeMethodAccessorImpl.invoke(NativeMethodAccessorImpl.java:57)
	at sun.reflect.DelegatingMethodAccessorImpl.invoke(DelegatingMethodAccessorImpl.java:43)
	at java.lang.reflect.Method.invoke(Method.java:606)
	at junit.framework.TestCase.runTest(TestCase.java:176)
	at junit.framework.TestCase.runBare(TestCase.java:141)
	at junit.framework.TestResult$1.protect(TestResult.java:122)
	at junit.framework.TestResult.runProtected(TestResult.java:142)
	at junit.framework.TestResult.run(TestResult.java:125)
	at junit.framework.TestCase.run(TestCase.java:129)
	at junit.framework.TestSuite.runTest(TestSuite.java:255)
	at junit.framework.TestSuite.run(TestSuite.java:250)
	at org.apache.tools.ant.taskdefs.optional.junit.JUnitTestRunner.run(JUnitTestRunner.java:520)
	at org.apache.tools.ant.taskdefs.optional.junit.JUnitTask.executeInVM(JUnitTask.java:1478)
	at org.apache.tools.ant.taskdefs.optional.junit.JUnitTask.execute(JUnitTask.java:860)
	at org.apache.tools.ant.taskdefs.optional.junit.JUnitTask.executeOrQueue(JUnitTask.java:1968)
	at org.apache.tools.ant.taskdefs.optional.junit.JUnitTask.execute1(JUnitTask.java:812)
	at org.apache.tools.ant.taskdefs.optional.junit.JUnitTask.execute(JUnitTask.java:2271)
	at org.apache.tools.ant.UnknownElement.execute(UnknownElement.java:291)
	at sun.reflect.GeneratedMethodAccessor4.invoke(Unknown Source)
	at sun.reflect.DelegatingMethodAccessorImpl.invoke(DelegatingMethodAccessorImpl.java:43)
	at java.lang.reflect.Method.invoke(Method.java:606)
	at org.apache.tools.ant.dispatch.DispatchUtils.execute(DispatchUtils.java:106)
	at org.apache.tools.ant.Task.perform(Task.java:348)
	at org.apache.tools.ant.Target.execute(Target.java:392)
	at org.apache.tools.ant.Target.performTasks(Target.java:413)
	at org.apache.tools.ant.Project.executeSortedTargets(Project.java:1399)
	at org.apache.tools.ant.Project.executeTarget(Project.java:1368)
	at org.apache.tools.ant.helper.DefaultExecutor.executeTargets(DefaultExecutor.java:41)
	at org.apache.tools.ant.Project.executeTargets(Project.java:1251)
	at org.apache.tools.ant.Main.runBuild(Main.java:811)
	at org.apache.tools.ant.Main.startAnt(Main.java:217)
	at org.apache.tools.ant.launch.Launcher.run(Launcher.java:280)
	at org.apache.tools.ant.launch.Launcher.main(Launcher.java:109)
Caused by: java.lang.NullPointerException
	... 49 more
--- com.google.javascript.jscomp.FunctionRewriterTest::testReplaceGetter1
java.lang.RuntimeException: INTERNAL COMPILER ERROR.
Please report this problem.
null
	at com.google.javascript.jscomp.FunctionRewriter$IdentityReducer.isIdentityFunction(FunctionRewriter.java:327)
	at com.google.javascript.jscomp.FunctionRewriter$IdentityReducer.reduce(FunctionRewriter.java:311)
	at com.google.javascript.jscomp.FunctionRewriter$ReductionGatherer.shouldTraverse(FunctionRewriter.java:176)
	at com.google.javascript.jscomp.NodeTraversal.traverseBranch(NodeTraversal.java:461)
	at com.google.javascript.jscomp.NodeTraversal.traverse(NodeTraversal.java:259)
	at com.google.javascript.jscomp.NodeTraversal.traverse(NodeTraversal.java:437)
	at com.google.javascript.jscomp.FunctionRewriter.process(FunctionRewriter.java:68)
	at com.google.javascript.jscomp.CompilerTestCase.test(CompilerTestCase.java:765)
	at com.google.javascript.jscomp.CompilerTestCase.test(CompilerTestCase.java:423)
	at com.google.javascript.jscomp.CompilerTestCase.test(CompilerTestCase.java:348)
	at com.google.javascript.jscomp.CompilerTestCase.test(CompilerTestCase.java:317)
	at com.google.javascript.jscomp.CompilerTestCase.test(CompilerTestCase.java:305)
	at com.google.javascript.jscomp.FunctionRewriterTest.checkCompilesTo(FunctionRewriterTest.java:199)
	at com.google.javascript.jscomp.FunctionRewriterTest.checkCompilesToSame(FunctionRewriterTest.java:203)
	at com.google.javascript.jscomp.FunctionRewriterTest.testReplaceGetter1(FunctionRewriterTest.java:90)
	at sun.reflect.NativeMethodAccessorImpl.invoke0(Native Method)
	at sun.reflect.NativeMethodAccessorImpl.invoke(NativeMethodAccessorImpl.java:57)
	at sun.reflect.DelegatingMethodAccessorImpl.invoke(DelegatingMethodAccessorImpl.java:43)
	at java.lang.reflect.Method.invoke(Method.java:606)
	at junit.framework.TestCase.runTest(TestCase.java:176)
	at junit.framework.TestCase.runBare(TestCase.java:141)
	at junit.framework.TestResult$1.protect(TestResult.java:122)
	at junit.framework.TestResult.runProtected(TestResult.java:142)
	at junit.framework.TestResult.run(TestResult.java:125)
	at junit.framework.TestCase.run(TestCase.java:129)
	at junit.framework.TestSuite.runTest(TestSuite.java:255)
	at junit.framework.TestSuite.run(TestSuite.java:250)
	at org.apache.tools.ant.taskdefs.optional.junit.JUnitTestRunner.run(JUnitTestRunner.java:520)
	at org.apache.tools.ant.taskdefs.optional.junit.JUnitTask.executeInVM(JUnitTask.java:1478)
	at org.apache.tools.ant.taskdefs.optional.junit.JUnitTask.execute(JUnitTask.java:860)
	at org.apache.tools.ant.taskdefs.optional.junit.JUnitTask.executeOrQueue(JUnitTask.java:1968)
	at org.apache.tools.ant.taskdefs.optional.junit.JUnitTask.execute1(JUnitTask.java:812)
	at org.apache.tools.ant.taskdefs.optional.junit.JUnitTask.execute(JUnitTask.java:2271)
	at org.apache.tools.ant.UnknownElement.execute(UnknownElement.java:291)
	at sun.reflect.GeneratedMethodAccessor4.invoke(Unknown Source)
	at sun.reflect.DelegatingMethodAccessorImpl.invoke(DelegatingMethodAccessorImpl.java:43)
	at java.lang.reflect.Method.invoke(Method.java:606)
	at org.apache.tools.ant.dispatch.DispatchUtils.execute(DispatchUtils.java:106)
	at org.apache.tools.ant.Task.perform(Task.java:348)
	at org.apache.tools.ant.Target.execute(Target.java:392)
	at org.apache.tools.ant.Target.performTasks(Target.java:413)
	at org.apache.tools.ant.Project.executeSortedTargets(Project.java:1399)
	at org.apache.tools.ant.Project.executeTarget(Project.java:1368)
	at org.apache.tools.ant.helper.DefaultExecutor.executeTargets(DefaultExecutor.java:41)
	at org.apache.tools.ant.Project.executeTargets(Project.java:1251)
	at org.apache.tools.ant.Main.runBuild(Main.java:811)
	at org.apache.tools.ant.Main.startAnt(Main.java:217)
	at org.apache.tools.ant.launch.Launcher.run(Launcher.java:280)
	at org.apache.tools.ant.launch.Launcher.main(Launcher.java:109)
Caused by: java.lang.NullPointerException
	... 49 more
--- com.google.javascript.jscomp.FunctionRewriterTest::testReplaceGetter2
java.lang.RuntimeException: INTERNAL COMPILER ERROR.
Please report this problem.
null
	at com.google.javascript.jscomp.FunctionRewriter$IdentityReducer.isIdentityFunction(FunctionRewriter.java:327)
	at com.google.javascript.jscomp.FunctionRewriter$IdentityReducer.reduce(FunctionRewriter.java:311)
	at com.google.javascript.jscomp.FunctionRewriter$ReductionGatherer.shouldTraverse(FunctionRewriter.java:176)
	at com.google.javascript.jscomp.NodeTraversal.traverseBranch(NodeTraversal.java:461)
	at com.google.javascript.jscomp.NodeTraversal.traverse(NodeTraversal.java:259)
	at com.google.javascript.jscomp.NodeTraversal.traverse(NodeTraversal.java:437)
	at com.google.javascript.jscomp.FunctionRewriter.process(FunctionRewriter.java:68)
	at com.google.javascript.jscomp.CompilerTestCase.test(CompilerTestCase.java:765)
	at com.google.javascript.jscomp.CompilerTestCase.test(CompilerTestCase.java:423)
	at com.google.javascript.jscomp.CompilerTestCase.test(CompilerTestCase.java:348)
	at com.google.javascript.jscomp.CompilerTestCase.test(CompilerTestCase.java:317)
	at com.google.javascript.jscomp.CompilerTestCase.test(CompilerTestCase.java:305)
	at com.google.javascript.jscomp.FunctionRewriterTest.checkCompilesTo(FunctionRewriterTest.java:199)
	at com.google.javascript.jscomp.FunctionRewriterTest.checkCompilesToSame(FunctionRewriterTest.java:203)
	at com.google.javascript.jscomp.FunctionRewriterTest.testReplaceGetter2(FunctionRewriterTest.java:98)
	at sun.reflect.NativeMethodAccessorImpl.invoke0(Native Method)
	at sun.reflect.NativeMethodAccessorImpl.invoke(NativeMethodAccessorImpl.java:57)
	at sun.reflect.DelegatingMethodAccessorImpl.invoke(DelegatingMethodAccessorImpl.java:43)
	at java.lang.reflect.Method.invoke(Method.java:606)
	at junit.framework.TestCase.runTest(TestCase.java:176)
	at junit.framework.TestCase.runBare(TestCase.java:141)
	at junit.framework.TestResult$1.protect(TestResult.java:122)
	at junit.framework.TestResult.runProtected(TestResult.java:142)
	at junit.framework.TestResult.run(TestResult.java:125)
	at junit.framework.TestCase.run(TestCase.java:129)
	at junit.framework.TestSuite.runTest(TestSuite.java:255)
	at junit.framework.TestSuite.run(TestSuite.java:250)
	at org.apache.tools.ant.taskdefs.optional.junit.JUnitTestRunner.run(JUnitTestRunner.java:520)
	at org.apache.tools.ant.taskdefs.optional.junit.JUnitTask.executeInVM(JUnitTask.java:1478)
	at org.apache.tools.ant.taskdefs.optional.junit.JUnitTask.execute(JUnitTask.java:860)
	at org.apache.tools.ant.taskdefs.optional.junit.JUnitTask.executeOrQueue(JUnitTask.java:1968)
	at org.apache.tools.ant.taskdefs.optional.junit.JUnitTask.execute1(JUnitTask.java:812)
	at org.apache.tools.ant.taskdefs.optional.junit.JUnitTask.execute(JUnitTask.java:2271)
	at org.apache.tools.ant.UnknownElement.execute(UnknownElement.java:291)
	at sun.reflect.GeneratedMethodAccessor4.invoke(Unknown Source)
	at sun.reflect.DelegatingMethodAccessorImpl.invoke(DelegatingMethodAccessorImpl.java:43)
	at java.lang.reflect.Method.invoke(Method.java:606)
	at org.apache.tools.ant.dispatch.DispatchUtils.execute(DispatchUtils.java:106)
	at org.apache.tools.ant.Task.perform(Task.java:348)
	at org.apache.tools.ant.Target.execute(Target.java:392)
	at org.apache.tools.ant.Target.performTasks(Target.java:413)
	at org.apache.tools.ant.Project.executeSortedTargets(Project.java:1399)
	at org.apache.tools.ant.Project.executeTarget(Project.java:1368)
	at org.apache.tools.ant.helper.DefaultExecutor.executeTargets(DefaultExecutor.java:41)
	at org.apache.tools.ant.Project.executeTargets(Project.java:1251)
	at org.apache.tools.ant.Main.runBuild(Main.java:811)
	at org.apache.tools.ant.Main.startAnt(Main.java:217)
	at org.apache.tools.ant.launch.Launcher.run(Launcher.java:280)
	at org.apache.tools.ant.launch.Launcher.main(Launcher.java:109)
Caused by: java.lang.NullPointerException
	... 49 more
--- com.google.javascript.jscomp.FunctionRewriterTest::testReplaceSetter1
java.lang.RuntimeException: INTERNAL COMPILER ERROR.
Please report this problem.
null
	at com.google.javascript.jscomp.FunctionRewriter$IdentityReducer.isIdentityFunction(FunctionRewriter.java:327)
	at com.google.javascript.jscomp.FunctionRewriter$IdentityReducer.reduce(FunctionRewriter.java:311)
	at com.google.javascript.jscomp.FunctionRewriter$ReductionGatherer.shouldTraverse(FunctionRewriter.java:176)
	at com.google.javascript.jscomp.NodeTraversal.traverseBranch(NodeTraversal.java:461)
	at com.google.javascript.jscomp.NodeTraversal.traverse(NodeTraversal.java:259)
	at com.google.javascript.jscomp.NodeTraversal.traverse(NodeTraversal.java:437)
	at com.google.javascript.jscomp.FunctionRewriter.process(FunctionRewriter.java:68)
	at com.google.javascript.jscomp.CompilerTestCase.test(CompilerTestCase.java:765)
	at com.google.javascript.jscomp.CompilerTestCase.test(CompilerTestCase.java:423)
	at com.google.javascript.jscomp.CompilerTestCase.test(CompilerTestCase.java:348)
	at com.google.javascript.jscomp.CompilerTestCase.test(CompilerTestCase.java:317)
	at com.google.javascript.jscomp.CompilerTestCase.test(CompilerTestCase.java:305)
	at com.google.javascript.jscomp.FunctionRewriterTest.checkCompilesTo(FunctionRewriterTest.java:199)
	at com.google.javascript.jscomp.FunctionRewriterTest.checkCompilesToSame(FunctionRewriterTest.java:203)
	at com.google.javascript.jscomp.FunctionRewriterTest.testReplaceSetter1(FunctionRewriterTest.java:103)
	at sun.reflect.NativeMethodAccessorImpl.invoke0(Native Method)
	at sun.reflect.NativeMethodAccessorImpl.invoke(NativeMethodAccessorImpl.java:57)
	at sun.reflect.DelegatingMethodAccessorImpl.invoke(DelegatingMethodAccessorImpl.java:43)
	at java.lang.reflect.Method.invoke(Method.java:606)
	at junit.framework.TestCase.runTest(TestCase.java:176)
	at junit.framework.TestCase.runBare(TestCase.java:141)
	at junit.framework.TestResult$1.protect(TestResult.java:122)
	at junit.framework.TestResult.runProtected(TestResult.java:142)
	at junit.framework.TestResult.run(TestResult.java:125)
	at junit.framework.TestCase.run(TestCase.java:129)
	at junit.framework.TestSuite.runTest(TestSuite.java:255)
	at junit.framework.TestSuite.run(TestSuite.java:250)
	at org.apache.tools.ant.taskdefs.optional.junit.JUnitTestRunner.run(JUnitTestRunner.java:520)
	at org.apache.tools.ant.taskdefs.optional.junit.JUnitTask.executeInVM(JUnitTask.java:1478)
	at org.apache.tools.ant.taskdefs.optional.junit.JUnitTask.execute(JUnitTask.java:860)
	at org.apache.tools.ant.taskdefs.optional.junit.JUnitTask.executeOrQueue(JUnitTask.java:1968)
	at org.apache.tools.ant.taskdefs.optional.junit.JUnitTask.execute1(JUnitTask.java:812)
	at org.apache.tools.ant.taskdefs.optional.junit.JUnitTask.execute(JUnitTask.java:2271)
	at org.apache.tools.ant.UnknownElement.execute(UnknownElement.java:291)
	at sun.reflect.GeneratedMethodAccessor4.invoke(Unknown Source)
	at sun.reflect.DelegatingMethodAccessorImpl.invoke(DelegatingMethodAccessorImpl.java:43)
	at java.lang.reflect.Method.invoke(Method.java:606)
	at org.apache.tools.ant.dispatch.DispatchUtils.execute(DispatchUtils.java:106)
	at org.apache.tools.ant.Task.perform(Task.java:348)
	at org.apache.tools.ant.Target.execute(Target.java:392)
	at org.apache.tools.ant.Target.performTasks(Target.java:413)
	at org.apache.tools.ant.Project.executeSortedTargets(Project.java:1399)
	at org.apache.tools.ant.Project.executeTarget(Project.java:1368)
	at org.apache.tools.ant.helper.DefaultExecutor.executeTargets(DefaultExecutor.java:41)
	at org.apache.tools.ant.Project.executeTargets(Project.java:1251)
	at org.apache.tools.ant.Main.runBuild(Main.java:811)
	at org.apache.tools.ant.Main.startAnt(Main.java:217)
	at org.apache.tools.ant.launch.Launcher.run(Launcher.java:280)
	at org.apache.tools.ant.launch.Launcher.main(Launcher.java:109)
Caused by: java.lang.NullPointerException
	... 49 more
--- com.google.javascript.jscomp.FunctionRewriterTest::testReplaceSetter2
java.lang.RuntimeException: INTERNAL COMPILER ERROR.
Please report this problem.
null
	at com.google.javascript.jscomp.FunctionRewriter$IdentityReducer.isIdentityFunction(FunctionRewriter.java:327)
	at com.google.javascript.jscomp.FunctionRewriter$IdentityReducer.reduce(FunctionRewriter.java:311)
	at com.google.javascript.jscomp.FunctionRewriter$ReductionGatherer.shouldTraverse(FunctionRewriter.java:176)
	at com.google.javascript.jscomp.NodeTraversal.traverseBranch(NodeTraversal.java:461)
	at com.google.javascript.jscomp.NodeTraversal.traverse(NodeTraversal.java:259)
	at com.google.javascript.jscomp.NodeTraversal.traverse(NodeTraversal.java:437)
	at com.google.javascript.jscomp.FunctionRewriter.process(FunctionRewriter.java:68)
	at com.google.javascript.jscomp.CompilerTestCase.test(CompilerTestCase.java:765)
	at com.google.javascript.jscomp.CompilerTestCase.test(CompilerTestCase.java:423)
	at com.google.javascript.jscomp.CompilerTestCase.test(CompilerTestCase.java:348)
	at com.google.javascript.jscomp.CompilerTestCase.test(CompilerTestCase.java:317)
	at com.google.javascript.jscomp.CompilerTestCase.test(CompilerTestCase.java:305)
	at com.google.javascript.jscomp.FunctionRewriterTest.checkCompilesTo(FunctionRewriterTest.java:199)
	at com.google.javascript.jscomp.FunctionRewriterTest.checkCompilesToSame(FunctionRewriterTest.java:203)
	at com.google.javascript.jscomp.FunctionRewriterTest.testReplaceSetter2(FunctionRewriterTest.java:112)
	at sun.reflect.NativeMethodAccessorImpl.invoke0(Native Method)
	at sun.reflect.NativeMethodAccessorImpl.invoke(NativeMethodAccessorImpl.java:57)
	at sun.reflect.DelegatingMethodAccessorImpl.invoke(DelegatingMethodAccessorImpl.java:43)
	at java.lang.reflect.Method.invoke(Method.java:606)
	at junit.framework.TestCase.runTest(TestCase.java:176)
	at junit.framework.TestCase.runBare(TestCase.java:141)
	at junit.framework.TestResult$1.protect(TestResult.java:122)
	at junit.framework.TestResult.runProtected(TestResult.java:142)
	at junit.framework.TestResult.run(TestResult.java:125)
	at junit.framework.TestCase.run(TestCase.java:129)
	at junit.framework.TestSuite.runTest(TestSuite.java:255)
	at junit.framework.TestSuite.run(TestSuite.java:250)
	at org.apache.tools.ant.taskdefs.optional.junit.JUnitTestRunner.run(JUnitTestRunner.java:520)
	at org.apache.tools.ant.taskdefs.optional.junit.JUnitTask.executeInVM(JUnitTask.java:1478)
	at org.apache.tools.ant.taskdefs.optional.junit.JUnitTask.execute(JUnitTask.java:860)
	at org.apache.tools.ant.taskdefs.optional.junit.JUnitTask.executeOrQueue(JUnitTask.java:1968)
	at org.apache.tools.ant.taskdefs.optional.junit.JUnitTask.execute1(JUnitTask.java:812)
	at org.apache.tools.ant.taskdefs.optional.junit.JUnitTask.execute(JUnitTask.java:2271)
	at org.apache.tools.ant.UnknownElement.execute(UnknownElement.java:291)
	at sun.reflect.GeneratedMethodAccessor4.invoke(Unknown Source)
	at sun.reflect.DelegatingMethodAccessorImpl.invoke(DelegatingMethodAccessorImpl.java:43)
	at java.lang.reflect.Method.invoke(Method.java:606)
	at org.apache.tools.ant.dispatch.DispatchUtils.execute(DispatchUtils.java:106)
	at org.apache.tools.ant.Task.perform(Task.java:348)
	at org.apache.tools.ant.Target.execute(Target.java:392)
	at org.apache.tools.ant.Target.performTasks(Target.java:413)
	at org.apache.tools.ant.Project.executeSortedTargets(Project.java:1399)
	at org.apache.tools.ant.Project.executeTarget(Project.java:1368)
	at org.apache.tools.ant.helper.DefaultExecutor.executeTargets(DefaultExecutor.java:41)
	at org.apache.tools.ant.Project.executeTargets(Project.java:1251)
	at org.apache.tools.ant.Main.runBuild(Main.java:811)
	at org.apache.tools.ant.Main.startAnt(Main.java:217)
	at org.apache.tools.ant.launch.Launcher.run(Launcher.java:280)
	at org.apache.tools.ant.launch.Launcher.main(Launcher.java:109)
Caused by: java.lang.NullPointerException
	... 49 more
--- com.google.javascript.jscomp.FunctionRewriterTest::testReplaceSetter3
java.lang.RuntimeException: INTERNAL COMPILER ERROR.
Please report this problem.
null
	at com.google.javascript.jscomp.FunctionRewriter$IdentityReducer.isIdentityFunction(FunctionRewriter.java:327)
	at com.google.javascript.jscomp.FunctionRewriter$IdentityReducer.reduce(FunctionRewriter.java:311)
	at com.google.javascript.jscomp.FunctionRewriter$ReductionGatherer.shouldTraverse(FunctionRewriter.java:176)
	at com.google.javascript.jscomp.NodeTraversal.traverseBranch(NodeTraversal.java:461)
	at com.google.javascript.jscomp.NodeTraversal.traverse(NodeTraversal.java:259)
	at com.google.javascript.jscomp.NodeTraversal.traverse(NodeTraversal.java:437)
	at com.google.javascript.jscomp.FunctionRewriter.process(FunctionRewriter.java:68)
	at com.google.javascript.jscomp.CompilerTestCase.test(CompilerTestCase.java:765)
	at com.google.javascript.jscomp.CompilerTestCase.test(CompilerTestCase.java:423)
	at com.google.javascript.jscomp.CompilerTestCase.test(CompilerTestCase.java:348)
	at com.google.javascript.jscomp.CompilerTestCase.test(CompilerTestCase.java:317)
	at com.google.javascript.jscomp.CompilerTestCase.test(CompilerTestCase.java:305)
	at com.google.javascript.jscomp.FunctionRewriterTest.checkCompilesTo(FunctionRewriterTest.java:199)
	at com.google.javascript.jscomp.FunctionRewriterTest.checkCompilesToSame(FunctionRewriterTest.java:203)
	at com.google.javascript.jscomp.FunctionRewriterTest.testReplaceSetter3(FunctionRewriterTest.java:120)
	at sun.reflect.NativeMethodAccessorImpl.invoke0(Native Method)
	at sun.reflect.NativeMethodAccessorImpl.invoke(NativeMethodAccessorImpl.java:57)
	at sun.reflect.DelegatingMethodAccessorImpl.invoke(DelegatingMethodAccessorImpl.java:43)
	at java.lang.reflect.Method.invoke(Method.java:606)
	at junit.framework.TestCase.runTest(TestCase.java:176)
	at junit.framework.TestCase.runBare(TestCase.java:141)
	at junit.framework.TestResult$1.protect(TestResult.java:122)
	at junit.framework.TestResult.runProtected(TestResult.java:142)
	at junit.framework.TestResult.run(TestResult.java:125)
	at junit.framework.TestCase.run(TestCase.java:129)
	at junit.framework.TestSuite.runTest(TestSuite.java:255)
	at junit.framework.TestSuite.run(TestSuite.java:250)
	at org.apache.tools.ant.taskdefs.optional.junit.JUnitTestRunner.run(JUnitTestRunner.java:520)
	at org.apache.tools.ant.taskdefs.optional.junit.JUnitTask.executeInVM(JUnitTask.java:1478)
	at org.apache.tools.ant.taskdefs.optional.junit.JUnitTask.execute(JUnitTask.java:860)
	at org.apache.tools.ant.taskdefs.optional.junit.JUnitTask.executeOrQueue(JUnitTask.java:1968)
	at org.apache.tools.ant.taskdefs.optional.junit.JUnitTask.execute1(JUnitTask.java:812)
	at org.apache.tools.ant.taskdefs.optional.junit.JUnitTask.execute(JUnitTask.java:2271)
	at org.apache.tools.ant.UnknownElement.execute(UnknownElement.java:291)
	at sun.reflect.GeneratedMethodAccessor4.invoke(Unknown Source)
	at sun.reflect.DelegatingMethodAccessorImpl.invoke(DelegatingMethodAccessorImpl.java:43)
	at java.lang.reflect.Method.invoke(Method.java:606)
	at org.apache.tools.ant.dispatch.DispatchUtils.execute(DispatchUtils.java:106)
	at org.apache.tools.ant.Task.perform(Task.java:348)
	at org.apache.tools.ant.Target.execute(Target.java:392)
	at org.apache.tools.ant.Target.performTasks(Target.java:413)
	at org.apache.tools.ant.Project.executeSortedTargets(Project.java:1399)
	at org.apache.tools.ant.Project.executeTarget(Project.java:1368)
	at org.apache.tools.ant.helper.DefaultExecutor.executeTargets(DefaultExecutor.java:41)
	at org.apache.tools.ant.Project.executeTargets(Project.java:1251)
	at org.apache.tools.ant.Main.runBuild(Main.java:811)
	at org.apache.tools.ant.Main.startAnt(Main.java:217)
	at org.apache.tools.ant.launch.Launcher.run(Launcher.java:280)
	at org.apache.tools.ant.launch.Launcher.main(Launcher.java:109)
Caused by: java.lang.NullPointerException
	... 49 more
--- com.google.javascript.jscomp.FunctionRewriterTest::testReplaceSetter4
java.lang.RuntimeException: INTERNAL COMPILER ERROR.
Please report this problem.
null
	at com.google.javascript.jscomp.FunctionRewriter$IdentityReducer.isIdentityFunction(FunctionRewriter.java:327)
	at com.google.javascript.jscomp.FunctionRewriter$IdentityReducer.reduce(FunctionRewriter.java:311)
	at com.google.javascript.jscomp.FunctionRewriter$ReductionGatherer.shouldTraverse(FunctionRewriter.java:176)
	at com.google.javascript.jscomp.NodeTraversal.traverseBranch(NodeTraversal.java:461)
	at com.google.javascript.jscomp.NodeTraversal.traverse(NodeTraversal.java:259)
	at com.google.javascript.jscomp.NodeTraversal.traverse(NodeTraversal.java:437)
	at com.google.javascript.jscomp.FunctionRewriter.process(FunctionRewriter.java:68)
	at com.google.javascript.jscomp.CompilerTestCase.test(CompilerTestCase.java:765)
	at com.google.javascript.jscomp.CompilerTestCase.test(CompilerTestCase.java:423)
	at com.google.javascript.jscomp.CompilerTestCase.test(CompilerTestCase.java:348)
	at com.google.javascript.jscomp.CompilerTestCase.test(CompilerTestCase.java:317)
	at com.google.javascript.jscomp.CompilerTestCase.test(CompilerTestCase.java:305)
	at com.google.javascript.jscomp.FunctionRewriterTest.checkCompilesTo(FunctionRewriterTest.java:199)
	at com.google.javascript.jscomp.FunctionRewriterTest.checkCompilesToSame(FunctionRewriterTest.java:203)
	at com.google.javascript.jscomp.FunctionRewriterTest.testReplaceSetter4(FunctionRewriterTest.java:124)
	at sun.reflect.NativeMethodAccessorImpl.invoke0(Native Method)
	at sun.reflect.NativeMethodAccessorImpl.invoke(NativeMethodAccessorImpl.java:57)
	at sun.reflect.DelegatingMethodAccessorImpl.invoke(DelegatingMethodAccessorImpl.java:43)
	at java.lang.reflect.Method.invoke(Method.java:606)
	at junit.framework.TestCase.runTest(TestCase.java:176)
	at junit.framework.TestCase.runBare(TestCase.java:141)
	at junit.framework.TestResult$1.protect(TestResult.java:122)
	at junit.framework.TestResult.runProtected(TestResult.java:142)
	at junit.framework.TestResult.run(TestResult.java:125)
	at junit.framework.TestCase.run(TestCase.java:129)
	at junit.framework.TestSuite.runTest(TestSuite.java:255)
	at junit.framework.TestSuite.run(TestSuite.java:250)
	at org.apache.tools.ant.taskdefs.optional.junit.JUnitTestRunner.run(JUnitTestRunner.java:520)
	at org.apache.tools.ant.taskdefs.optional.junit.JUnitTask.executeInVM(JUnitTask.java:1478)
	at org.apache.tools.ant.taskdefs.optional.junit.JUnitTask.execute(JUnitTask.java:860)
	at org.apache.tools.ant.taskdefs.optional.junit.JUnitTask.executeOrQueue(JUnitTask.java:1968)
	at org.apache.tools.ant.taskdefs.optional.junit.JUnitTask.execute1(JUnitTask.java:812)
	at org.apache.tools.ant.taskdefs.optional.junit.JUnitTask.execute(JUnitTask.java:2271)
	at org.apache.tools.ant.UnknownElement.execute(UnknownElement.java:291)
	at sun.reflect.GeneratedMethodAccessor4.invoke(Unknown Source)
	at sun.reflect.DelegatingMethodAccessorImpl.invoke(DelegatingMethodAccessorImpl.java:43)
	at java.lang.reflect.Method.invoke(Method.java:606)
	at org.apache.tools.ant.dispatch.DispatchUtils.execute(DispatchUtils.java:106)
	at org.apache.tools.ant.Task.perform(Task.java:348)
	at org.apache.tools.ant.Target.execute(Target.java:392)
	at org.apache.tools.ant.Target.performTasks(Target.java:413)
	at org.apache.tools.ant.Project.executeSortedTargets(Project.java:1399)
	at org.apache.tools.ant.Project.executeTarget(Project.java:1368)
	at org.apache.tools.ant.helper.DefaultExecutor.executeTargets(DefaultExecutor.java:41)
	at org.apache.tools.ant.Project.executeTargets(Project.java:1251)
	at org.apache.tools.ant.Main.runBuild(Main.java:811)
	at org.apache.tools.ant.Main.startAnt(Main.java:217)
	at org.apache.tools.ant.launch.Launcher.run(Launcher.java:280)
	at org.apache.tools.ant.launch.Launcher.main(Launcher.java:109)
Caused by: java.lang.NullPointerException
	... 49 more
--- com.google.javascript.jscomp.FunctionRewriterTest::testIssue538
java.lang.RuntimeException: INTERNAL COMPILER ERROR.
Please report this problem.
null
	at com.google.javascript.jscomp.FunctionRewriter$IdentityReducer.isIdentityFunction(FunctionRewriter.java:327)
	at com.google.javascript.jscomp.FunctionRewriter$IdentityReducer.reduce(FunctionRewriter.java:311)
	at com.google.javascript.jscomp.FunctionRewriter$ReductionGatherer.shouldTraverse(FunctionRewriter.java:176)
	at com.google.javascript.jscomp.NodeTraversal.traverseBranch(NodeTraversal.java:461)
	at com.google.javascript.jscomp.NodeTraversal.traverse(NodeTraversal.java:259)
	at com.google.javascript.jscomp.NodeTraversal.traverse(NodeTraversal.java:437)
	at com.google.javascript.jscomp.FunctionRewriter.process(FunctionRewriter.java:68)
	at com.google.javascript.jscomp.CompilerTestCase.test(CompilerTestCase.java:765)
	at com.google.javascript.jscomp.CompilerTestCase.test(CompilerTestCase.java:423)
	at com.google.javascript.jscomp.CompilerTestCase.test(CompilerTestCase.java:348)
	at com.google.javascript.jscomp.CompilerTestCase.test(CompilerTestCase.java:317)
	at com.google.javascript.jscomp.CompilerTestCase.test(CompilerTestCase.java:305)
	at com.google.javascript.jscomp.FunctionRewriterTest.checkCompilesTo(FunctionRewriterTest.java:199)
	at com.google.javascript.jscomp.FunctionRewriterTest.checkCompilesToSame(FunctionRewriterTest.java:203)
	at com.google.javascript.jscomp.FunctionRewriterTest.testIssue538(FunctionRewriterTest.java:166)
	at sun.reflect.NativeMethodAccessorImpl.invoke0(Native Method)
	at sun.reflect.NativeMethodAccessorImpl.invoke(NativeMethodAccessorImpl.java:57)
	at sun.reflect.DelegatingMethodAccessorImpl.invoke(DelegatingMethodAccessorImpl.java:43)
	at java.lang.reflect.Method.invoke(Method.java:606)
	at junit.framework.TestCase.runTest(TestCase.java:176)
	at junit.framework.TestCase.runBare(TestCase.java:141)
	at junit.framework.TestResult$1.protect(TestResult.java:122)
	at junit.framework.TestResult.runProtected(TestResult.java:142)
	at junit.framework.TestResult.run(TestResult.java:125)
	at junit.framework.TestCase.run(TestCase.java:129)
	at junit.framework.TestSuite.runTest(TestSuite.java:255)
	at junit.framework.TestSuite.run(TestSuite.java:250)
	at org.apache.tools.ant.taskdefs.optional.junit.JUnitTestRunner.run(JUnitTestRunner.java:520)
	at org.apache.tools.ant.taskdefs.optional.junit.JUnitTask.executeInVM(JUnitTask.java:1478)
	at org.apache.tools.ant.taskdefs.optional.junit.JUnitTask.execute(JUnitTask.java:860)
	at org.apache.tools.ant.taskdefs.optional.junit.JUnitTask.executeOrQueue(JUnitTask.java:1968)
	at org.apache.tools.ant.taskdefs.optional.junit.JUnitTask.execute1(JUnitTask.java:812)
	at org.apache.tools.ant.taskdefs.optional.junit.JUnitTask.execute(JUnitTask.java:2271)
	at org.apache.tools.ant.UnknownElement.execute(UnknownElement.java:291)
	at sun.reflect.GeneratedMethodAccessor4.invoke(Unknown Source)
	at sun.reflect.DelegatingMethodAccessorImpl.invoke(DelegatingMethodAccessorImpl.java:43)
	at java.lang.reflect.Method.invoke(Method.java:606)
	at org.apache.tools.ant.dispatch.DispatchUtils.execute(DispatchUtils.java:106)
	at org.apache.tools.ant.Task.perform(Task.java:348)
	at org.apache.tools.ant.Target.execute(Target.java:392)
	at org.apache.tools.ant.Target.performTasks(Target.java:413)
	at org.apache.tools.ant.Project.executeSortedTargets(Project.java:1399)
	at org.apache.tools.ant.Project.executeTarget(Project.java:1368)
	at org.apache.tools.ant.helper.DefaultExecutor.executeTargets(DefaultExecutor.java:41)
	at org.apache.tools.ant.Project.executeTargets(Project.java:1251)
	at org.apache.tools.ant.Main.runBuild(Main.java:811)
	at org.apache.tools.ant.Main.startAnt(Main.java:217)
	at org.apache.tools.ant.launch.Launcher.run(Launcher.java:280)
	at org.apache.tools.ant.launch.Launcher.main(Launcher.java:109)
Caused by: java.lang.NullPointerException
	... 49 more
--- com.google.javascript.jscomp.FunctionRewriterTest::testReplaceEmptyFunction1
java.lang.RuntimeException: INTERNAL COMPILER ERROR.
Please report this problem.
null
	at com.google.javascript.jscomp.FunctionRewriter$IdentityReducer.isIdentityFunction(FunctionRewriter.java:327)
	at com.google.javascript.jscomp.FunctionRewriter$IdentityReducer.reduce(FunctionRewriter.java:311)
	at com.google.javascript.jscomp.FunctionRewriter$ReductionGatherer.shouldTraverse(FunctionRewriter.java:176)
	at com.google.javascript.jscomp.NodeTraversal.traverseBranch(NodeTraversal.java:461)
	at com.google.javascript.jscomp.NodeTraversal.traverse(NodeTraversal.java:259)
	at com.google.javascript.jscomp.NodeTraversal.traverse(NodeTraversal.java:437)
	at com.google.javascript.jscomp.FunctionRewriter.process(FunctionRewriter.java:68)
	at com.google.javascript.jscomp.CompilerTestCase.test(CompilerTestCase.java:765)
	at com.google.javascript.jscomp.CompilerTestCase.test(CompilerTestCase.java:423)
	at com.google.javascript.jscomp.CompilerTestCase.test(CompilerTestCase.java:348)
	at com.google.javascript.jscomp.CompilerTestCase.test(CompilerTestCase.java:317)
	at com.google.javascript.jscomp.CompilerTestCase.test(CompilerTestCase.java:305)
	at com.google.javascript.jscomp.FunctionRewriterTest.checkCompilesTo(FunctionRewriterTest.java:199)
	at com.google.javascript.jscomp.FunctionRewriterTest.checkCompilesToSame(FunctionRewriterTest.java:203)
	at com.google.javascript.jscomp.FunctionRewriterTest.testReplaceEmptyFunction1(FunctionRewriterTest.java:130)
	at sun.reflect.NativeMethodAccessorImpl.invoke0(Native Method)
	at sun.reflect.NativeMethodAccessorImpl.invoke(NativeMethodAccessorImpl.java:57)
	at sun.reflect.DelegatingMethodAccessorImpl.invoke(DelegatingMethodAccessorImpl.java:43)
	at java.lang.reflect.Method.invoke(Method.java:606)
	at junit.framework.TestCase.runTest(TestCase.java:176)
	at junit.framework.TestCase.runBare(TestCase.java:141)
	at junit.framework.TestResult$1.protect(TestResult.java:122)
	at junit.framework.TestResult.runProtected(TestResult.java:142)
	at junit.framework.TestResult.run(TestResult.java:125)
	at junit.framework.TestCase.run(TestCase.java:129)
	at junit.framework.TestSuite.runTest(TestSuite.java:255)
	at junit.framework.TestSuite.run(TestSuite.java:250)
	at org.apache.tools.ant.taskdefs.optional.junit.JUnitTestRunner.run(JUnitTestRunner.java:520)
	at org.apache.tools.ant.taskdefs.optional.junit.JUnitTask.executeInVM(JUnitTask.java:1478)
	at org.apache.tools.ant.taskdefs.optional.junit.JUnitTask.execute(JUnitTask.java:860)
	at org.apache.tools.ant.taskdefs.optional.junit.JUnitTask.executeOrQueue(JUnitTask.java:1968)
	at org.apache.tools.ant.taskdefs.optional.junit.JUnitTask.execute1(JUnitTask.java:812)
	at org.apache.tools.ant.taskdefs.optional.junit.JUnitTask.execute(JUnitTask.java:2271)
	at org.apache.tools.ant.UnknownElement.execute(UnknownElement.java:291)
	at sun.reflect.GeneratedMethodAccessor4.invoke(Unknown Source)
	at sun.reflect.DelegatingMethodAccessorImpl.invoke(DelegatingMethodAccessorImpl.java:43)
	at java.lang.reflect.Method.invoke(Method.java:606)
	at org.apache.tools.ant.dispatch.DispatchUtils.execute(DispatchUtils.java:106)
	at org.apache.tools.ant.Task.perform(Task.java:348)
	at org.apache.tools.ant.Target.execute(Target.java:392)
	at org.apache.tools.ant.Target.performTasks(Target.java:413)
	at org.apache.tools.ant.Project.executeSortedTargets(Project.java:1399)
	at org.apache.tools.ant.Project.executeTarget(Project.java:1368)
	at org.apache.tools.ant.helper.DefaultExecutor.executeTargets(DefaultExecutor.java:41)
	at org.apache.tools.ant.Project.executeTargets(Project.java:1251)
	at org.apache.tools.ant.Main.runBuild(Main.java:811)
	at org.apache.tools.ant.Main.startAnt(Main.java:217)
	at org.apache.tools.ant.launch.Launcher.run(Launcher.java:280)
	at org.apache.tools.ant.launch.Launcher.main(Launcher.java:109)
Caused by: java.lang.NullPointerException
	... 49 more
--- com.google.javascript.jscomp.FunctionRewriterTest::testReplaceEmptyFunction2
java.lang.RuntimeException: INTERNAL COMPILER ERROR.
Please report this problem.
null
	at com.google.javascript.jscomp.FunctionRewriter$IdentityReducer.isIdentityFunction(FunctionRewriter.java:327)
	at com.google.javascript.jscomp.FunctionRewriter$IdentityReducer.reduce(FunctionRewriter.java:311)
	at com.google.javascript.jscomp.FunctionRewriter$ReductionGatherer.shouldTraverse(FunctionRewriter.java:176)
	at com.google.javascript.jscomp.NodeTraversal.traverseBranch(NodeTraversal.java:461)
	at com.google.javascript.jscomp.NodeTraversal.traverse(NodeTraversal.java:259)
	at com.google.javascript.jscomp.NodeTraversal.traverse(NodeTraversal.java:437)
	at com.google.javascript.jscomp.FunctionRewriter.process(FunctionRewriter.java:68)
	at com.google.javascript.jscomp.CompilerTestCase.test(CompilerTestCase.java:765)
	at com.google.javascript.jscomp.CompilerTestCase.test(CompilerTestCase.java:423)
	at com.google.javascript.jscomp.CompilerTestCase.test(CompilerTestCase.java:348)
	at com.google.javascript.jscomp.CompilerTestCase.test(CompilerTestCase.java:317)
	at com.google.javascript.jscomp.CompilerTestCase.test(CompilerTestCase.java:305)
	at com.google.javascript.jscomp.FunctionRewriterTest.checkCompilesTo(FunctionRewriterTest.java:199)
	at com.google.javascript.jscomp.FunctionRewriterTest.checkCompilesToSame(FunctionRewriterTest.java:203)
	at com.google.javascript.jscomp.FunctionRewriterTest.testReplaceEmptyFunction2(FunctionRewriterTest.java:138)
	at sun.reflect.NativeMethodAccessorImpl.invoke0(Native Method)
	at sun.reflect.NativeMethodAccessorImpl.invoke(NativeMethodAccessorImpl.java:57)
	at sun.reflect.DelegatingMethodAccessorImpl.invoke(DelegatingMethodAccessorImpl.java:43)
	at java.lang.reflect.Method.invoke(Method.java:606)
	at junit.framework.TestCase.runTest(TestCase.java:176)
	at junit.framework.TestCase.runBare(TestCase.java:141)
	at junit.framework.TestResult$1.protect(TestResult.java:122)
	at junit.framework.TestResult.runProtected(TestResult.java:142)
	at junit.framework.TestResult.run(TestResult.java:125)
	at junit.framework.TestCase.run(TestCase.java:129)
	at junit.framework.TestSuite.runTest(TestSuite.java:255)
	at junit.framework.TestSuite.run(TestSuite.java:250)
	at org.apache.tools.ant.taskdefs.optional.junit.JUnitTestRunner.run(JUnitTestRunner.java:520)
	at org.apache.tools.ant.taskdefs.optional.junit.JUnitTask.executeInVM(JUnitTask.java:1478)
	at org.apache.tools.ant.taskdefs.optional.junit.JUnitTask.execute(JUnitTask.java:860)
	at org.apache.tools.ant.taskdefs.optional.junit.JUnitTask.executeOrQueue(JUnitTask.java:1968)
	at org.apache.tools.ant.taskdefs.optional.junit.JUnitTask.execute1(JUnitTask.java:812)
	at org.apache.tools.ant.taskdefs.optional.junit.JUnitTask.execute(JUnitTask.java:2271)
	at org.apache.tools.ant.UnknownElement.execute(UnknownElement.java:291)
	at sun.reflect.GeneratedMethodAccessor4.invoke(Unknown Source)
	at sun.reflect.DelegatingMethodAccessorImpl.invoke(DelegatingMethodAccessorImpl.java:43)
	at java.lang.reflect.Method.invoke(Method.java:606)
	at org.apache.tools.ant.dispatch.DispatchUtils.execute(DispatchUtils.java:106)
	at org.apache.tools.ant.Task.perform(Task.java:348)
	at org.apache.tools.ant.Target.execute(Target.java:392)
	at org.apache.tools.ant.Target.performTasks(Target.java:413)
	at org.apache.tools.ant.Project.executeSortedTargets(Project.java:1399)
	at org.apache.tools.ant.Project.executeTarget(Project.java:1368)
	at org.apache.tools.ant.helper.DefaultExecutor.executeTargets(DefaultExecutor.java:41)
	at org.apache.tools.ant.Project.executeTargets(Project.java:1251)
	at org.apache.tools.ant.Main.runBuild(Main.java:811)
	at org.apache.tools.ant.Main.startAnt(Main.java:217)
	at org.apache.tools.ant.launch.Launcher.run(Launcher.java:280)
	at org.apache.tools.ant.launch.Launcher.main(Launcher.java:109)
Caused by: java.lang.NullPointerException
	... 49 more
--- com.google.javascript.jscomp.FunctionRewriterTest::testReplaceEmptyFunction3
java.lang.RuntimeException: INTERNAL COMPILER ERROR.
Please report this problem.
null
	at com.google.javascript.jscomp.FunctionRewriter$IdentityReducer.isIdentityFunction(FunctionRewriter.java:327)
	at com.google.javascript.jscomp.FunctionRewriter$IdentityReducer.reduce(FunctionRewriter.java:311)
	at com.google.javascript.jscomp.FunctionRewriter$ReductionGatherer.shouldTraverse(FunctionRewriter.java:176)
	at com.google.javascript.jscomp.NodeTraversal.traverseBranch(NodeTraversal.java:461)
	at com.google.javascript.jscomp.NodeTraversal.traverse(NodeTraversal.java:259)
	at com.google.javascript.jscomp.NodeTraversal.traverse(NodeTraversal.java:437)
	at com.google.javascript.jscomp.FunctionRewriter.process(FunctionRewriter.java:68)
	at com.google.javascript.jscomp.CompilerTestCase.test(CompilerTestCase.java:765)
	at com.google.javascript.jscomp.CompilerTestCase.test(CompilerTestCase.java:423)
	at com.google.javascript.jscomp.CompilerTestCase.test(CompilerTestCase.java:348)
	at com.google.javascript.jscomp.CompilerTestCase.test(CompilerTestCase.java:317)
	at com.google.javascript.jscomp.CompilerTestCase.test(CompilerTestCase.java:305)
	at com.google.javascript.jscomp.FunctionRewriterTest.checkCompilesTo(FunctionRewriterTest.java:199)
	at com.google.javascript.jscomp.FunctionRewriterTest.checkCompilesToSame(FunctionRewriterTest.java:203)
	at com.google.javascript.jscomp.FunctionRewriterTest.testReplaceEmptyFunction3(FunctionRewriterTest.java:143)
	at sun.reflect.NativeMethodAccessorImpl.invoke0(Native Method)
	at sun.reflect.NativeMethodAccessorImpl.invoke(NativeMethodAccessorImpl.java:57)
	at sun.reflect.DelegatingMethodAccessorImpl.invoke(DelegatingMethodAccessorImpl.java:43)
	at java.lang.reflect.Method.invoke(Method.java:606)
	at junit.framework.TestCase.runTest(TestCase.java:176)
	at junit.framework.TestCase.runBare(TestCase.java:141)
	at junit.framework.TestResult$1.protect(TestResult.java:122)
	at junit.framework.TestResult.runProtected(TestResult.java:142)
	at junit.framework.TestResult.run(TestResult.java:125)
	at junit.framework.TestCase.run(TestCase.java:129)
	at junit.framework.TestSuite.runTest(TestSuite.java:255)
	at junit.framework.TestSuite.run(TestSuite.java:250)
	at org.apache.tools.ant.taskdefs.optional.junit.JUnitTestRunner.run(JUnitTestRunner.java:520)
	at org.apache.tools.ant.taskdefs.optional.junit.JUnitTask.executeInVM(JUnitTask.java:1478)
	at org.apache.tools.ant.taskdefs.optional.junit.JUnitTask.execute(JUnitTask.java:860)
	at org.apache.tools.ant.taskdefs.optional.junit.JUnitTask.executeOrQueue(JUnitTask.java:1968)
	at org.apache.tools.ant.taskdefs.optional.junit.JUnitTask.execute1(JUnitTask.java:812)
	at org.apache.tools.ant.taskdefs.optional.junit.JUnitTask.execute(JUnitTask.java:2271)
	at org.apache.tools.ant.UnknownElement.execute(UnknownElement.java:291)
	at sun.reflect.GeneratedMethodAccessor4.invoke(Unknown Source)
	at sun.reflect.DelegatingMethodAccessorImpl.invoke(DelegatingMethodAccessorImpl.java:43)
	at java.lang.reflect.Method.invoke(Method.java:606)
	at org.apache.tools.ant.dispatch.DispatchUtils.execute(DispatchUtils.java:106)
	at org.apache.tools.ant.Task.perform(Task.java:348)
	at org.apache.tools.ant.Target.execute(Target.java:392)
	at org.apache.tools.ant.Target.performTasks(Target.java:413)
	at org.apache.tools.ant.Project.executeSortedTargets(Project.java:1399)
	at org.apache.tools.ant.Project.executeTarget(Project.java:1368)
	at org.apache.tools.ant.helper.DefaultExecutor.executeTargets(DefaultExecutor.java:41)
	at org.apache.tools.ant.Project.executeTargets(Project.java:1251)
	at org.apache.tools.ant.Main.runBuild(Main.java:811)
	at org.apache.tools.ant.Main.startAnt(Main.java:217)
	at org.apache.tools.ant.launch.Launcher.run(Launcher.java:280)
	at org.apache.tools.ant.launch.Launcher.main(Launcher.java:109)
Caused by: java.lang.NullPointerException
	... 49 more
