--- com.google.javascript.jscomp.CommandLineRunnerTest::testGoogAssertStripping
junit.framework.AssertionFailedError: 
Expected: 
Result: goog.asserts.assert(false)
Node tree inequality:
Tree1:
BLOCK [synthetic: 1]
    SCRIPT 1 [sourcename: input0] [synthetic: 1]


Tree2:
BLOCK [synthetic: 1]
    SCRIPT 1 [sourcename: input0] [synthetic: 1]
        EXPR_RESULT 1 [sourcename: input0]
            CALL 1 [sourcename: input0]
                GETPROP 1 [sourcename: input0]
                    GETPROP 1 [sourcename: input0]
                        NAME goog 1 [sourcename: input0]
                        STRING asserts 1 [sourcename: input0]
                    STRING assert 1 [sourcename: input0]
                FALSE 1 [sourcename: input0]


Subtree1: SCRIPT 1 [sourcename: input0] [synthetic: 1]


Subtree2: SCRIPT 1 [sourcename: input0] [synthetic: 1]
    EXPR_RESULT 1 [sourcename: input0]
        CALL 1 [sourcename: input0]
            GETPROP 1 [sourcename: input0]
                GETPROP 1 [sourcename: input0]
                    NAME goog 1 [sourcename: input0]
                    STRING asserts 1 [sourcename: input0]
                STRING assert 1 [sourcename: input0]
            FALSE 1 [sourcename: input0]

	at junit.framework.Assert.fail(Assert.java:57)
	at junit.framework.Assert.assertTrue(Assert.java:22)
	at junit.framework.Assert.assertNull(Assert.java:277)
	at junit.framework.TestCase.assertNull(TestCase.java:447)
	at com.google.javascript.jscomp.CommandLineRunnerTest.test(CommandLineRunnerTest.java:854)
	at com.google.javascript.jscomp.CommandLineRunnerTest.test(CommandLineRunnerTest.java:825)
	at com.google.javascript.jscomp.CommandLineRunnerTest.test(CommandLineRunnerTest.java:817)
	at com.google.javascript.jscomp.CommandLineRunnerTest.testGoogAssertStripping(CommandLineRunnerTest.java:739)
	at sun.reflect.NativeMethodAccessorImpl.invoke0(Native Method)
	at sun.reflect.NativeMethodAccessorImpl.invoke(NativeMethodAccessorImpl.java:57)
	at sun.reflect.DelegatingMethodAccessorImpl.invoke(DelegatingMethodAccessorImpl.java:43)
	at java.lang.reflect.Method.invoke(Method.java:606)
	at junit.framework.TestCase.runTest(TestCase.java:176)
	at junit.framework.TestCase.runBare(TestCase.java:141)
	at junit.framework.TestResult$1.protect(TestResult.java:122)
	at junit.framework.TestResult.runProtected(TestResult.java:142)
	at junit.framework.TestResult.run(TestResult.java:125)
	at junit.framework.TestCase.run(TestCase.java:129)
	at junit.framework.TestSuite.runTest(TestSuite.java:255)
	at junit.framework.TestSuite.run(TestSuite.java:250)
	at org.apache.tools.ant.taskdefs.optional.junit.JUnitTestRunner.run(JUnitTestRunner.java:520)
	at org.apache.tools.ant.taskdefs.optional.junit.JUnitTask.executeInVM(JUnitTask.java:1478)
	at org.apache.tools.ant.taskdefs.optional.junit.JUnitTask.execute(JUnitTask.java:860)
	at org.apache.tools.ant.taskdefs.optional.junit.JUnitTask.executeOrQueue(JUnitTask.java:1968)
	at org.apache.tools.ant.taskdefs.optional.junit.JUnitTask.execute1(JUnitTask.java:812)
	at org.apache.tools.ant.taskdefs.optional.junit.JUnitTask.execute(JUnitTask.java:2271)
	at org.apache.tools.ant.UnknownElement.execute(UnknownElement.java:291)
	at sun.reflect.GeneratedMethodAccessor4.invoke(Unknown Source)
	at sun.reflect.DelegatingMethodAccessorImpl.invoke(DelegatingMethodAccessorImpl.java:43)
	at java.lang.reflect.Method.invoke(Method.java:606)
	at org.apache.tools.ant.dispatch.DispatchUtils.execute(DispatchUtils.java:106)
	at org.apache.tools.ant.Task.perform(Task.java:348)
	at org.apache.tools.ant.Target.execute(Target.java:392)
	at org.apache.tools.ant.Target.performTasks(Target.java:413)
	at org.apache.tools.ant.Project.executeSortedTargets(Project.java:1399)
	at org.apache.tools.ant.Project.executeTarget(Project.java:1368)
	at org.apache.tools.ant.helper.DefaultExecutor.executeTargets(DefaultExecutor.java:41)
	at org.apache.tools.ant.Project.executeTargets(Project.java:1251)
	at org.apache.tools.ant.Main.runBuild(Main.java:811)
	at org.apache.tools.ant.Main.startAnt(Main.java:217)
	at org.apache.tools.ant.launch.Launcher.run(Launcher.java:280)
	at org.apache.tools.ant.launch.Launcher.main(Launcher.java:109)
--- com.google.javascript.jscomp.CommandLineRunnerTest::testReflectedMethods
junit.framework.AssertionFailedError: 
Expected: function a(){}a.prototype.a=function(e,d){alert(d)};var b=goog.c.b(a,{a:1}),c;for(c in b)b[c].call(b);window.Foo=a
Result: function Foo(){}Foo.prototype.handle=function(x,y){alert(y)};var x=goog.reflect.object(Foo,{handle:1});for(var i in x)x[i].call(x);window["Foo"]=Foo
Node tree inequality:
Tree1:
BLOCK [synthetic: 1]
    SCRIPT 1 [sourcename: input0] [synthetic: 1]
        FUNCTION a 1 [sourcename: input0]
            NAME a 1 [sourcename: input0]
            LP 1 [sourcename: input0]
            BLOCK 1 [sourcename: input0]
        EXPR_RESULT 1 [sourcename: input0]
            ASSIGN 1 [sourcename: input0]
                GETPROP 1 [sourcename: input0]
                    GETPROP 1 [sourcename: input0]
                        NAME a 1 [sourcename: input0]
                        STRING prototype 1 [sourcename: input0]
                    STRING a 1 [sourcename: input0]
                FUNCTION  1 [sourcename: input0]
                    NAME  1 [sourcename: input0]
                    LP 1 [sourcename: input0]
                        NAME e 1 [sourcename: input0]
                        NAME d 1 [sourcename: input0]
                    BLOCK 1 [sourcename: input0]
                        EXPR_RESULT 1 [sourcename: input0]
                            CALL 1 [sourcename: input0] [free_call: 1]
                                NAME alert 1 [sourcename: input0]
                                NAME d 1 [sourcename: input0]
        VAR 1 [sourcename: input0]
            NAME b 1 [sourcename: input0]
                CALL 1 [sourcename: input0]
                    GETPROP 1 [sourcename: input0]
                        GETPROP 1 [sourcename: input0]
                            NAME goog 1 [sourcename: input0]
                            STRING c 1 [sourcename: input0]
                        STRING b 1 [sourcename: input0]
                    NAME a 1 [sourcename: input0]
                    OBJECTLIT 1 [sourcename: input0]
                        STRING a 1 [sourcename: input0]
                            NUMBER 1.0 1 [sourcename: input0]
            NAME c 1 [sourcename: input0]
        FOR 1 [sourcename: input0]
            NAME c 1 [sourcename: input0]
            NAME b 1 [sourcename: input0]
            BLOCK 1 [sourcename: input0]
                EXPR_RESULT 1 [sourcename: input0]
                    CALL 1 [sourcename: input0]
                        GETPROP 1 [sourcename: input0]
                            GETELEM 1 [sourcename: input0]
                                NAME b 1 [sourcename: input0]
                                NAME c 1 [sourcename: input0]
                            STRING call 1 [sourcename: input0]
                        NAME b 1 [sourcename: input0]
        EXPR_RESULT 1 [sourcename: input0]
            ASSIGN 1 [sourcename: input0]
                GETPROP 1 [sourcename: input0]
                    NAME window 1 [sourcename: input0]
                    STRING Foo 1 [sourcename: input0]
                NAME a 1 [sourcename: input0]


Tree2:
BLOCK [synthetic: 1]
    SCRIPT 1 [sourcename: input0] [synthetic: 1]
        FUNCTION Foo 1 [sourcename: input0] [jsdoc_info: JSDocInfo]
            NAME Foo 1 [sourcename: input0]
            LP 1 [sourcename: input0]
            BLOCK 1 [sourcename: input0]
        EXPR_RESULT 1 [sourcename: input0]
            ASSIGN 1 [sourcename: input0]
                GETPROP 1 [sourcename: input0]
                    GETPROP 1 [sourcename: input0]
                        NAME Foo 1 [sourcename: input0]
                        STRING prototype 1 [sourcename: input0]
                    STRING handle 1 [sourcename: input0]
                FUNCTION  1 [sourcename: input0]
                    NAME  1 [sourcename: input0]
                    LP 1 [sourcename: input0]
                        NAME x 1 [sourcename: input0]
                        NAME y 1 [sourcename: input0]
                    BLOCK 1 [sourcename: input0]
                        EXPR_RESULT 1 [sourcename: input0]
                            CALL 1 [sourcename: input0] [free_call: 1]
                                NAME alert 1 [sourcename: input0]
                                NAME y 1 [sourcename: input0]
        VAR 1 [sourcename: input0]
            NAME x 1 [sourcename: input0]
                CALL 1 [sourcename: input0]
                    GETPROP 1 [sourcename: input0]
                        GETPROP 1 [sourcename: input0]
                            NAME goog 1 [sourcename: input0]
                            STRING reflect 1 [sourcename: input0]
                        STRING object 1 [sourcename: input0]
                    NAME Foo 1 [sourcename: input0]
                    OBJECTLIT 1 [sourcename: input0]
                        STRING handle 1 [sourcename: input0]
                            NUMBER 1.0 1 [sourcename: input0]
        FOR 1 [sourcename: input0]
            VAR 1 [sourcename: input0]
                NAME i 1 [sourcename: input0]
            NAME x 1 [sourcename: input0]
            BLOCK 1 [sourcename: input0]
                EXPR_RESULT 1 [sourcename: input0]
                    CALL 1 [sourcename: input0]
                        GETPROP 1 [sourcename: input0]
                            GETELEM 1 [sourcename: input0]
                                NAME x 1 [sourcename: input0]
                                NAME i 1 [sourcename: input0]
                            STRING call 1 [sourcename: input0]
                        NAME x 1 [sourcename: input0]
        EXPR_RESULT 1 [sourcename: input0]
            ASSIGN 1 [sourcename: input0]
                GETELEM 1 [sourcename: input0]
                    NAME window 1 [sourcename: input0]
                    STRING Foo 1 [sourcename: input0]
                NAME Foo 1 [sourcename: input0]


Subtree1: NAME a 1 [sourcename: input0]


Subtree2: NAME Foo 1 [sourcename: input0]

	at junit.framework.Assert.fail(Assert.java:57)
	at junit.framework.Assert.assertTrue(Assert.java:22)
	at junit.framework.Assert.assertNull(Assert.java:277)
	at junit.framework.TestCase.assertNull(TestCase.java:447)
	at com.google.javascript.jscomp.CommandLineRunnerTest.test(CommandLineRunnerTest.java:854)
	at com.google.javascript.jscomp.CommandLineRunnerTest.test(CommandLineRunnerTest.java:825)
	at com.google.javascript.jscomp.CommandLineRunnerTest.test(CommandLineRunnerTest.java:817)
	at com.google.javascript.jscomp.CommandLineRunnerTest.testReflectedMethods(CommandLineRunnerTest.java:164)
	at sun.reflect.NativeMethodAccessorImpl.invoke0(Native Method)
	at sun.reflect.NativeMethodAccessorImpl.invoke(NativeMethodAccessorImpl.java:57)
	at sun.reflect.DelegatingMethodAccessorImpl.invoke(DelegatingMethodAccessorImpl.java:43)
	at java.lang.reflect.Method.invoke(Method.java:606)
	at junit.framework.TestCase.runTest(TestCase.java:176)
	at junit.framework.TestCase.runBare(TestCase.java:141)
	at junit.framework.TestResult$1.protect(TestResult.java:122)
	at junit.framework.TestResult.runProtected(TestResult.java:142)
	at junit.framework.TestResult.run(TestResult.java:125)
	at junit.framework.TestCase.run(TestCase.java:129)
	at junit.framework.TestSuite.runTest(TestSuite.java:255)
	at junit.framework.TestSuite.run(TestSuite.java:250)
	at org.apache.tools.ant.taskdefs.optional.junit.JUnitTestRunner.run(JUnitTestRunner.java:520)
	at org.apache.tools.ant.taskdefs.optional.junit.JUnitTask.executeInVM(JUnitTask.java:1478)
	at org.apache.tools.ant.taskdefs.optional.junit.JUnitTask.execute(JUnitTask.java:860)
	at org.apache.tools.ant.taskdefs.optional.junit.JUnitTask.executeOrQueue(JUnitTask.java:1968)
	at org.apache.tools.ant.taskdefs.optional.junit.JUnitTask.execute1(JUnitTask.java:812)
	at org.apache.tools.ant.taskdefs.optional.junit.JUnitTask.execute(JUnitTask.java:2271)
	at org.apache.tools.ant.UnknownElement.execute(UnknownElement.java:291)
	at sun.reflect.GeneratedMethodAccessor4.invoke(Unknown Source)
	at sun.reflect.DelegatingMethodAccessorImpl.invoke(DelegatingMethodAccessorImpl.java:43)
	at java.lang.reflect.Method.invoke(Method.java:606)
	at org.apache.tools.ant.dispatch.DispatchUtils.execute(DispatchUtils.java:106)
	at org.apache.tools.ant.Task.perform(Task.java:348)
	at org.apache.tools.ant.Target.execute(Target.java:392)
	at org.apache.tools.ant.Target.performTasks(Target.java:413)
	at org.apache.tools.ant.Project.executeSortedTargets(Project.java:1399)
	at org.apache.tools.ant.Project.executeTarget(Project.java:1368)
	at org.apache.tools.ant.helper.DefaultExecutor.executeTargets(DefaultExecutor.java:41)
	at org.apache.tools.ant.Project.executeTargets(Project.java:1251)
	at org.apache.tools.ant.Main.runBuild(Main.java:811)
	at org.apache.tools.ant.Main.startAnt(Main.java:217)
	at org.apache.tools.ant.launch.Launcher.run(Launcher.java:280)
	at org.apache.tools.ant.launch.Launcher.main(Launcher.java:109)
--- com.google.javascript.jscomp.NameAnalyzerTest::testTopLevelClass6
java.lang.RuntimeException: INTERNAL COMPILER ERROR.
Please report this problem.
INTERNAL COMPILER ERROR.
Please report this problem.
NEW 1 [sourcename: testcode] is not a string node
  Node(CALL): testcode:1:78
[source unknown]
  Parent(EXPR_RESULT): testcode:1:69
[source unknown]

	at com.google.javascript.rhino.Node.getString(Node.java:974)
	at com.google.javascript.jscomp.NodeUtil.functionCallHasSideEffects(NodeUtil.java:959)
	at com.google.javascript.jscomp.NodeUtil.nodeTypeMayHaveSideEffects(NodeUtil.java:1023)
	at com.google.javascript.jscomp.NodeUtil.nodeTypeMayHaveSideEffects(NodeUtil.java:1008)
	at com.google.javascript.jscomp.GatherSideEffectSubexpressionsCallback.shouldTraverse(GatherSideEffectSubexpressionsCallback.java:245)
	at com.google.javascript.jscomp.NodeTraversal.traverseBranch(NodeTraversal.java:445)
	at com.google.javascript.jscomp.NodeTraversal.traverse(NodeTraversal.java:249)
	at com.google.javascript.jscomp.NodeTraversal.traverse(NodeTraversal.java:422)
	at com.google.javascript.jscomp.NameAnalyzer$FindReferences.addSimplifiedChildren(NameAnalyzer.java:731)
	at com.google.javascript.jscomp.NameAnalyzer$FindReferences.addSimplifiedExpression(NameAnalyzer.java:752)
	at com.google.javascript.jscomp.NameAnalyzer$FindReferences.shouldTraverse(NameAnalyzer.java:787)
	at com.google.javascript.jscomp.NodeTraversal.traverseBranch(NodeTraversal.java:445)
	at com.google.javascript.jscomp.NodeTraversal.traverseBranch(NodeTraversal.java:457)
	at com.google.javascript.jscomp.NodeTraversal.traverseBranch(NodeTraversal.java:457)
	at com.google.javascript.jscomp.NodeTraversal.traverseBranch(NodeTraversal.java:457)
	at com.google.javascript.jscomp.NodeTraversal.traverse(NodeTraversal.java:249)
	at com.google.javascript.jscomp.NodeTraversal.traverse(NodeTraversal.java:422)
	at com.google.javascript.jscomp.NameAnalyzer.process(NameAnalyzer.java:1024)
	at com.google.javascript.jscomp.NameAnalyzerTest$MarkNoSideEffectCallsAndNameAnalyzerRunner.process(NameAnalyzerTest.java:1653)
	at com.google.javascript.jscomp.CompilerTestCase.test(CompilerTestCase.java:765)
	at com.google.javascript.jscomp.CompilerTestCase.test(CompilerTestCase.java:423)
	at com.google.javascript.jscomp.CompilerTestCase.test(CompilerTestCase.java:348)
	at com.google.javascript.jscomp.CompilerTestCase.test(CompilerTestCase.java:317)
	at com.google.javascript.jscomp.CompilerTestCase.test(CompilerTestCase.java:305)
	at com.google.javascript.jscomp.CompilerTestCase.testSame(CompilerTestCase.java:537)
	at com.google.javascript.jscomp.NameAnalyzerTest.testTopLevelClass6(NameAnalyzerTest.java:288)
	at sun.reflect.NativeMethodAccessorImpl.invoke0(Native Method)
	at sun.reflect.NativeMethodAccessorImpl.invoke(NativeMethodAccessorImpl.java:57)
	at sun.reflect.DelegatingMethodAccessorImpl.invoke(DelegatingMethodAccessorImpl.java:43)
	at java.lang.reflect.Method.invoke(Method.java:606)
	at junit.framework.TestCase.runTest(TestCase.java:176)
	at junit.framework.TestCase.runBare(TestCase.java:141)
	at junit.framework.TestResult$1.protect(TestResult.java:122)
	at junit.framework.TestResult.runProtected(TestResult.java:142)
	at junit.framework.TestResult.run(TestResult.java:125)
	at junit.framework.TestCase.run(TestCase.java:129)
	at junit.framework.TestSuite.runTest(TestSuite.java:255)
	at junit.framework.TestSuite.run(TestSuite.java:250)
	at org.apache.tools.ant.taskdefs.optional.junit.JUnitTestRunner.run(JUnitTestRunner.java:520)
	at org.apache.tools.ant.taskdefs.optional.junit.JUnitTask.executeInVM(JUnitTask.java:1478)
	at org.apache.tools.ant.taskdefs.optional.junit.JUnitTask.execute(JUnitTask.java:860)
	at org.apache.tools.ant.taskdefs.optional.junit.JUnitTask.executeOrQueue(JUnitTask.java:1968)
	at org.apache.tools.ant.taskdefs.optional.junit.JUnitTask.execute1(JUnitTask.java:812)
	at org.apache.tools.ant.taskdefs.optional.junit.JUnitTask.execute(JUnitTask.java:2271)
	at org.apache.tools.ant.UnknownElement.execute(UnknownElement.java:291)
	at sun.reflect.GeneratedMethodAccessor4.invoke(Unknown Source)
	at sun.reflect.DelegatingMethodAccessorImpl.invoke(DelegatingMethodAccessorImpl.java:43)
	at java.lang.reflect.Method.invoke(Method.java:606)
	at org.apache.tools.ant.dispatch.DispatchUtils.execute(DispatchUtils.java:106)
	at org.apache.tools.ant.Task.perform(Task.java:348)
	at org.apache.tools.ant.Target.execute(Target.java:392)
	at org.apache.tools.ant.Target.performTasks(Target.java:413)
	at org.apache.tools.ant.Project.executeSortedTargets(Project.java:1399)
	at org.apache.tools.ant.Project.executeTarget(Project.java:1368)
	at org.apache.tools.ant.helper.DefaultExecutor.executeTargets(DefaultExecutor.java:41)
	at org.apache.tools.ant.Project.executeTargets(Project.java:1251)
	at org.apache.tools.ant.Main.runBuild(Main.java:811)
	at org.apache.tools.ant.Main.startAnt(Main.java:217)
	at org.apache.tools.ant.launch.Launcher.run(Launcher.java:280)
	at org.apache.tools.ant.launch.Launcher.main(Launcher.java:109)
Caused by: java.lang.RuntimeException: INTERNAL COMPILER ERROR.
Please report this problem.
NEW 1 [sourcename: testcode] is not a string node
	... 60 more
Caused by: java.lang.UnsupportedOperationException: NEW 1 [sourcename: testcode] is not a string node
	... 60 more
--- com.google.javascript.jscomp.NameAnalyzerTest::testNamespacedClass5
java.lang.RuntimeException: INTERNAL COMPILER ERROR.
Please report this problem.
INTERNAL COMPILER ERROR.
Please report this problem.
NEW 1 [sourcename: testcode] is not a string node
  Node(CALL): testcode:1:100
[source unknown]
  Parent(EXPR_RESULT): testcode:1:89
[source unknown]

	at com.google.javascript.rhino.Node.getString(Node.java:974)
	at com.google.javascript.jscomp.NodeUtil.functionCallHasSideEffects(NodeUtil.java:959)
	at com.google.javascript.jscomp.NodeUtil.nodeTypeMayHaveSideEffects(NodeUtil.java:1023)
	at com.google.javascript.jscomp.NodeUtil.nodeTypeMayHaveSideEffects(NodeUtil.java:1008)
	at com.google.javascript.jscomp.GatherSideEffectSubexpressionsCallback.shouldTraverse(GatherSideEffectSubexpressionsCallback.java:245)
	at com.google.javascript.jscomp.NodeTraversal.traverseBranch(NodeTraversal.java:445)
	at com.google.javascript.jscomp.NodeTraversal.traverse(NodeTraversal.java:249)
	at com.google.javascript.jscomp.NodeTraversal.traverse(NodeTraversal.java:422)
	at com.google.javascript.jscomp.NameAnalyzer$FindReferences.addSimplifiedChildren(NameAnalyzer.java:731)
	at com.google.javascript.jscomp.NameAnalyzer$FindReferences.addSimplifiedExpression(NameAnalyzer.java:752)
	at com.google.javascript.jscomp.NameAnalyzer$FindReferences.shouldTraverse(NameAnalyzer.java:787)
	at com.google.javascript.jscomp.NodeTraversal.traverseBranch(NodeTraversal.java:445)
	at com.google.javascript.jscomp.NodeTraversal.traverseBranch(NodeTraversal.java:457)
	at com.google.javascript.jscomp.NodeTraversal.traverseBranch(NodeTraversal.java:457)
	at com.google.javascript.jscomp.NodeTraversal.traverseBranch(NodeTraversal.java:457)
	at com.google.javascript.jscomp.NodeTraversal.traverse(NodeTraversal.java:249)
	at com.google.javascript.jscomp.NodeTraversal.traverse(NodeTraversal.java:422)
	at com.google.javascript.jscomp.NameAnalyzer.process(NameAnalyzer.java:1024)
	at com.google.javascript.jscomp.NameAnalyzerTest$MarkNoSideEffectCallsAndNameAnalyzerRunner.process(NameAnalyzerTest.java:1653)
	at com.google.javascript.jscomp.CompilerTestCase.test(CompilerTestCase.java:765)
	at com.google.javascript.jscomp.CompilerTestCase.test(CompilerTestCase.java:423)
	at com.google.javascript.jscomp.CompilerTestCase.test(CompilerTestCase.java:348)
	at com.google.javascript.jscomp.CompilerTestCase.test(CompilerTestCase.java:317)
	at com.google.javascript.jscomp.CompilerTestCase.test(CompilerTestCase.java:305)
	at com.google.javascript.jscomp.CompilerTestCase.testSame(CompilerTestCase.java:537)
	at com.google.javascript.jscomp.NameAnalyzerTest.testNamespacedClass5(NameAnalyzerTest.java:316)
	at sun.reflect.NativeMethodAccessorImpl.invoke0(Native Method)
	at sun.reflect.NativeMethodAccessorImpl.invoke(NativeMethodAccessorImpl.java:57)
	at sun.reflect.DelegatingMethodAccessorImpl.invoke(DelegatingMethodAccessorImpl.java:43)
	at java.lang.reflect.Method.invoke(Method.java:606)
	at junit.framework.TestCase.runTest(TestCase.java:176)
	at junit.framework.TestCase.runBare(TestCase.java:141)
	at junit.framework.TestResult$1.protect(TestResult.java:122)
	at junit.framework.TestResult.runProtected(TestResult.java:142)
	at junit.framework.TestResult.run(TestResult.java:125)
	at junit.framework.TestCase.run(TestCase.java:129)
	at junit.framework.TestSuite.runTest(TestSuite.java:255)
	at junit.framework.TestSuite.run(TestSuite.java:250)
	at org.apache.tools.ant.taskdefs.optional.junit.JUnitTestRunner.run(JUnitTestRunner.java:520)
	at org.apache.tools.ant.taskdefs.optional.junit.JUnitTask.executeInVM(JUnitTask.java:1478)
	at org.apache.tools.ant.taskdefs.optional.junit.JUnitTask.execute(JUnitTask.java:860)
	at org.apache.tools.ant.taskdefs.optional.junit.JUnitTask.executeOrQueue(JUnitTask.java:1968)
	at org.apache.tools.ant.taskdefs.optional.junit.JUnitTask.execute1(JUnitTask.java:812)
	at org.apache.tools.ant.taskdefs.optional.junit.JUnitTask.execute(JUnitTask.java:2271)
	at org.apache.tools.ant.UnknownElement.execute(UnknownElement.java:291)
	at sun.reflect.GeneratedMethodAccessor4.invoke(Unknown Source)
	at sun.reflect.DelegatingMethodAccessorImpl.invoke(DelegatingMethodAccessorImpl.java:43)
	at java.lang.reflect.Method.invoke(Method.java:606)
	at org.apache.tools.ant.dispatch.DispatchUtils.execute(DispatchUtils.java:106)
	at org.apache.tools.ant.Task.perform(Task.java:348)
	at org.apache.tools.ant.Target.execute(Target.java:392)
	at org.apache.tools.ant.Target.performTasks(Target.java:413)
	at org.apache.tools.ant.Project.executeSortedTargets(Project.java:1399)
	at org.apache.tools.ant.Project.executeTarget(Project.java:1368)
	at org.apache.tools.ant.helper.DefaultExecutor.executeTargets(DefaultExecutor.java:41)
	at org.apache.tools.ant.Project.executeTargets(Project.java:1251)
	at org.apache.tools.ant.Main.runBuild(Main.java:811)
	at org.apache.tools.ant.Main.startAnt(Main.java:217)
	at org.apache.tools.ant.launch.Launcher.run(Launcher.java:280)
	at org.apache.tools.ant.launch.Launcher.main(Launcher.java:109)
Caused by: java.lang.RuntimeException: INTERNAL COMPILER ERROR.
Please report this problem.
NEW 1 [sourcename: testcode] is not a string node
	... 60 more
Caused by: java.lang.UnsupportedOperationException: NEW 1 [sourcename: testcode] is not a string node
	... 60 more
--- com.google.javascript.jscomp.NameAnalyzerTest::testNoSideEffectAnnotation15
java.lang.RuntimeException: INTERNAL COMPILER ERROR.
Please report this problem.
INTERNAL COMPILER ERROR.
Please report this problem.
NEW 1 [sourcename: testcode] [parenthesized: true] is not a string node
  Node(NAME a): testcode:1:50
[source unknown]
  Parent(VAR): testcode:1:46
[source unknown]

	at com.google.javascript.rhino.Node.getString(Node.java:974)
	at com.google.javascript.jscomp.NodeUtil.functionCallHasSideEffects(NodeUtil.java:959)
	at com.google.javascript.jscomp.NodeUtil.nodeTypeMayHaveSideEffects(NodeUtil.java:1023)
	at com.google.javascript.jscomp.NodeUtil.nodeTypeMayHaveSideEffects(NodeUtil.java:1008)
	at com.google.javascript.jscomp.GatherSideEffectSubexpressionsCallback.shouldTraverse(GatherSideEffectSubexpressionsCallback.java:245)
	at com.google.javascript.jscomp.NodeTraversal.traverseBranch(NodeTraversal.java:445)
	at com.google.javascript.jscomp.NodeTraversal.traverse(NodeTraversal.java:249)
	at com.google.javascript.jscomp.NodeTraversal.traverse(NodeTraversal.java:422)
	at com.google.javascript.jscomp.NameAnalyzer$FindReferences.addSimplifiedChildren(NameAnalyzer.java:731)
	at com.google.javascript.jscomp.NameAnalyzer$FindReferences.addSimplifiedExpression(NameAnalyzer.java:741)
	at com.google.javascript.jscomp.NameAnalyzer$FindReferences.shouldTraverse(NameAnalyzer.java:787)
	at com.google.javascript.jscomp.NodeTraversal.traverseBranch(NodeTraversal.java:445)
	at com.google.javascript.jscomp.NodeTraversal.traverseBranch(NodeTraversal.java:457)
	at com.google.javascript.jscomp.NodeTraversal.traverseBranch(NodeTraversal.java:457)
	at com.google.javascript.jscomp.NodeTraversal.traverseBranch(NodeTraversal.java:457)
	at com.google.javascript.jscomp.NodeTraversal.traverse(NodeTraversal.java:249)
	at com.google.javascript.jscomp.NodeTraversal.traverse(NodeTraversal.java:422)
	at com.google.javascript.jscomp.NameAnalyzer.process(NameAnalyzer.java:1024)
	at com.google.javascript.jscomp.NameAnalyzerTest$MarkNoSideEffectCallsAndNameAnalyzerRunner.process(NameAnalyzerTest.java:1653)
	at com.google.javascript.jscomp.CompilerTestCase.test(CompilerTestCase.java:765)
	at com.google.javascript.jscomp.CompilerTestCase.test(CompilerTestCase.java:423)
	at com.google.javascript.jscomp.CompilerTestCase.test(CompilerTestCase.java:348)
	at com.google.javascript.jscomp.CompilerTestCase.test(CompilerTestCase.java:317)
	at com.google.javascript.jscomp.CompilerTestCase.test(CompilerTestCase.java:305)
	at com.google.javascript.jscomp.NameAnalyzerTest.testNoSideEffectAnnotation15(NameAnalyzerTest.java:248)
	at sun.reflect.NativeMethodAccessorImpl.invoke0(Native Method)
	at sun.reflect.NativeMethodAccessorImpl.invoke(NativeMethodAccessorImpl.java:57)
	at sun.reflect.DelegatingMethodAccessorImpl.invoke(DelegatingMethodAccessorImpl.java:43)
	at java.lang.reflect.Method.invoke(Method.java:606)
	at junit.framework.TestCase.runTest(TestCase.java:176)
	at junit.framework.TestCase.runBare(TestCase.java:141)
	at junit.framework.TestResult$1.protect(TestResult.java:122)
	at junit.framework.TestResult.runProtected(TestResult.java:142)
	at junit.framework.TestResult.run(TestResult.java:125)
	at junit.framework.TestCase.run(TestCase.java:129)
	at junit.framework.TestSuite.runTest(TestSuite.java:255)
	at junit.framework.TestSuite.run(TestSuite.java:250)
	at org.apache.tools.ant.taskdefs.optional.junit.JUnitTestRunner.run(JUnitTestRunner.java:520)
	at org.apache.tools.ant.taskdefs.optional.junit.JUnitTask.executeInVM(JUnitTask.java:1478)
	at org.apache.tools.ant.taskdefs.optional.junit.JUnitTask.execute(JUnitTask.java:860)
	at org.apache.tools.ant.taskdefs.optional.junit.JUnitTask.executeOrQueue(JUnitTask.java:1968)
	at org.apache.tools.ant.taskdefs.optional.junit.JUnitTask.execute1(JUnitTask.java:812)
	at org.apache.tools.ant.taskdefs.optional.junit.JUnitTask.execute(JUnitTask.java:2271)
	at org.apache.tools.ant.UnknownElement.execute(UnknownElement.java:291)
	at sun.reflect.GeneratedMethodAccessor4.invoke(Unknown Source)
	at sun.reflect.DelegatingMethodAccessorImpl.invoke(DelegatingMethodAccessorImpl.java:43)
	at java.lang.reflect.Method.invoke(Method.java:606)
	at org.apache.tools.ant.dispatch.DispatchUtils.execute(DispatchUtils.java:106)
	at org.apache.tools.ant.Task.perform(Task.java:348)
	at org.apache.tools.ant.Target.execute(Target.java:392)
	at org.apache.tools.ant.Target.performTasks(Target.java:413)
	at org.apache.tools.ant.Project.executeSortedTargets(Project.java:1399)
	at org.apache.tools.ant.Project.executeTarget(Project.java:1368)
	at org.apache.tools.ant.helper.DefaultExecutor.executeTargets(DefaultExecutor.java:41)
	at org.apache.tools.ant.Project.executeTargets(Project.java:1251)
	at org.apache.tools.ant.Main.runBuild(Main.java:811)
	at org.apache.tools.ant.Main.startAnt(Main.java:217)
	at org.apache.tools.ant.launch.Launcher.run(Launcher.java:280)
	at org.apache.tools.ant.launch.Launcher.main(Launcher.java:109)
Caused by: java.lang.RuntimeException: INTERNAL COMPILER ERROR.
Please report this problem.
NEW 1 [sourcename: testcode] [parenthesized: true] is not a string node
	... 59 more
Caused by: java.lang.UnsupportedOperationException: NEW 1 [sourcename: testcode] [parenthesized: true] is not a string node
	... 59 more
--- com.google.javascript.jscomp.NameAnalyzerTest::testDoNotChangeLocalScopeReferencedLocalScopedInstanceOf
java.lang.RuntimeException: INTERNAL COMPILER ERROR.
Please report this problem.
INTERNAL COMPILER ERROR.
Please report this problem.
NEW 1 [sourcename: testcode] is not a string node
  Node(CALL): testcode:1:187
[source unknown]
  Parent(EXPR_RESULT): testcode:1:173
[source unknown]

	at com.google.javascript.rhino.Node.getString(Node.java:974)
	at com.google.javascript.jscomp.NodeUtil.functionCallHasSideEffects(NodeUtil.java:959)
	at com.google.javascript.jscomp.NodeUtil.nodeTypeMayHaveSideEffects(NodeUtil.java:1023)
	at com.google.javascript.jscomp.NodeUtil.nodeTypeMayHaveSideEffects(NodeUtil.java:1008)
	at com.google.javascript.jscomp.GatherSideEffectSubexpressionsCallback.shouldTraverse(GatherSideEffectSubexpressionsCallback.java:245)
	at com.google.javascript.jscomp.NodeTraversal.traverseBranch(NodeTraversal.java:445)
	at com.google.javascript.jscomp.NodeTraversal.traverse(NodeTraversal.java:249)
	at com.google.javascript.jscomp.NodeTraversal.traverse(NodeTraversal.java:422)
	at com.google.javascript.jscomp.NameAnalyzer$FindReferences.addSimplifiedChildren(NameAnalyzer.java:731)
	at com.google.javascript.jscomp.NameAnalyzer$FindReferences.addSimplifiedExpression(NameAnalyzer.java:752)
	at com.google.javascript.jscomp.NameAnalyzer$FindReferences.shouldTraverse(NameAnalyzer.java:787)
	at com.google.javascript.jscomp.NodeTraversal.traverseBranch(NodeTraversal.java:445)
	at com.google.javascript.jscomp.NodeTraversal.traverseBranch(NodeTraversal.java:457)
	at com.google.javascript.jscomp.NodeTraversal.traverseBranch(NodeTraversal.java:457)
	at com.google.javascript.jscomp.NodeTraversal.traverseBranch(NodeTraversal.java:457)
	at com.google.javascript.jscomp.NodeTraversal.traverse(NodeTraversal.java:249)
	at com.google.javascript.jscomp.NodeTraversal.traverse(NodeTraversal.java:422)
	at com.google.javascript.jscomp.NameAnalyzer.process(NameAnalyzer.java:1024)
	at com.google.javascript.jscomp.NameAnalyzerTest$MarkNoSideEffectCallsAndNameAnalyzerRunner.process(NameAnalyzerTest.java:1653)
	at com.google.javascript.jscomp.CompilerTestCase.test(CompilerTestCase.java:765)
	at com.google.javascript.jscomp.CompilerTestCase.test(CompilerTestCase.java:423)
	at com.google.javascript.jscomp.CompilerTestCase.test(CompilerTestCase.java:348)
	at com.google.javascript.jscomp.CompilerTestCase.test(CompilerTestCase.java:317)
	at com.google.javascript.jscomp.CompilerTestCase.test(CompilerTestCase.java:305)
	at com.google.javascript.jscomp.CompilerTestCase.testSame(CompilerTestCase.java:537)
	at com.google.javascript.jscomp.NameAnalyzerTest.testDoNotChangeLocalScopeReferencedLocalScopedInstanceOf(NameAnalyzerTest.java:917)
	at sun.reflect.NativeMethodAccessorImpl.invoke0(Native Method)
	at sun.reflect.NativeMethodAccessorImpl.invoke(NativeMethodAccessorImpl.java:57)
	at sun.reflect.DelegatingMethodAccessorImpl.invoke(DelegatingMethodAccessorImpl.java:43)
	at java.lang.reflect.Method.invoke(Method.java:606)
	at junit.framework.TestCase.runTest(TestCase.java:176)
	at junit.framework.TestCase.runBare(TestCase.java:141)
	at junit.framework.TestResult$1.protect(TestResult.java:122)
	at junit.framework.TestResult.runProtected(TestResult.java:142)
	at junit.framework.TestResult.run(TestResult.java:125)
	at junit.framework.TestCase.run(TestCase.java:129)
	at junit.framework.TestSuite.runTest(TestSuite.java:255)
	at junit.framework.TestSuite.run(TestSuite.java:250)
	at org.apache.tools.ant.taskdefs.optional.junit.JUnitTestRunner.run(JUnitTestRunner.java:520)
	at org.apache.tools.ant.taskdefs.optional.junit.JUnitTask.executeInVM(JUnitTask.java:1478)
	at org.apache.tools.ant.taskdefs.optional.junit.JUnitTask.execute(JUnitTask.java:860)
	at org.apache.tools.ant.taskdefs.optional.junit.JUnitTask.executeOrQueue(JUnitTask.java:1968)
	at org.apache.tools.ant.taskdefs.optional.junit.JUnitTask.execute1(JUnitTask.java:812)
	at org.apache.tools.ant.taskdefs.optional.junit.JUnitTask.execute(JUnitTask.java:2271)
	at org.apache.tools.ant.UnknownElement.execute(UnknownElement.java:291)
	at sun.reflect.GeneratedMethodAccessor4.invoke(Unknown Source)
	at sun.reflect.DelegatingMethodAccessorImpl.invoke(DelegatingMethodAccessorImpl.java:43)
	at java.lang.reflect.Method.invoke(Method.java:606)
	at org.apache.tools.ant.dispatch.DispatchUtils.execute(DispatchUtils.java:106)
	at org.apache.tools.ant.Task.perform(Task.java:348)
	at org.apache.tools.ant.Target.execute(Target.java:392)
	at org.apache.tools.ant.Target.performTasks(Target.java:413)
	at org.apache.tools.ant.Project.executeSortedTargets(Project.java:1399)
	at org.apache.tools.ant.Project.executeTarget(Project.java:1368)
	at org.apache.tools.ant.helper.DefaultExecutor.executeTargets(DefaultExecutor.java:41)
	at org.apache.tools.ant.Project.executeTargets(Project.java:1251)
	at org.apache.tools.ant.Main.runBuild(Main.java:811)
	at org.apache.tools.ant.Main.startAnt(Main.java:217)
	at org.apache.tools.ant.launch.Launcher.run(Launcher.java:280)
	at org.apache.tools.ant.launch.Launcher.main(Launcher.java:109)
Caused by: java.lang.RuntimeException: INTERNAL COMPILER ERROR.
Please report this problem.
NEW 1 [sourcename: testcode] is not a string node
	... 60 more
Caused by: java.lang.UnsupportedOperationException: NEW 1 [sourcename: testcode] is not a string node
	... 60 more
--- com.google.javascript.jscomp.NodeUtilTest::testCallSideEffects
java.lang.UnsupportedOperationException: NEW 1 [sourcename:  [testcode] ] is not a string node
	at com.google.javascript.rhino.Node.getString(Node.java:974)
	at com.google.javascript.jscomp.NodeUtil.functionCallHasSideEffects(NodeUtil.java:959)
	at com.google.javascript.jscomp.NodeUtil.functionCallHasSideEffects(NodeUtil.java:916)
	at com.google.javascript.jscomp.NodeUtilTest.testCallSideEffects(NodeUtilTest.java:1233)
	at sun.reflect.NativeMethodAccessorImpl.invoke0(Native Method)
	at sun.reflect.NativeMethodAccessorImpl.invoke(NativeMethodAccessorImpl.java:57)
	at sun.reflect.DelegatingMethodAccessorImpl.invoke(DelegatingMethodAccessorImpl.java:43)
	at java.lang.reflect.Method.invoke(Method.java:606)
	at junit.framework.TestCase.runTest(TestCase.java:176)
	at junit.framework.TestCase.runBare(TestCase.java:141)
	at junit.framework.TestResult$1.protect(TestResult.java:122)
	at junit.framework.TestResult.runProtected(TestResult.java:142)
	at junit.framework.TestResult.run(TestResult.java:125)
	at junit.framework.TestCase.run(TestCase.java:129)
	at junit.framework.TestSuite.runTest(TestSuite.java:255)
	at junit.framework.TestSuite.run(TestSuite.java:250)
	at org.apache.tools.ant.taskdefs.optional.junit.JUnitTestRunner.run(JUnitTestRunner.java:520)
	at org.apache.tools.ant.taskdefs.optional.junit.JUnitTask.executeInVM(JUnitTask.java:1478)
	at org.apache.tools.ant.taskdefs.optional.junit.JUnitTask.execute(JUnitTask.java:860)
	at org.apache.tools.ant.taskdefs.optional.junit.JUnitTask.executeOrQueue(JUnitTask.java:1968)
	at org.apache.tools.ant.taskdefs.optional.junit.JUnitTask.execute1(JUnitTask.java:812)
	at org.apache.tools.ant.taskdefs.optional.junit.JUnitTask.execute(JUnitTask.java:2271)
	at org.apache.tools.ant.UnknownElement.execute(UnknownElement.java:291)
	at sun.reflect.GeneratedMethodAccessor4.invoke(Unknown Source)
	at sun.reflect.DelegatingMethodAccessorImpl.invoke(DelegatingMethodAccessorImpl.java:43)
	at java.lang.reflect.Method.invoke(Method.java:606)
	at org.apache.tools.ant.dispatch.DispatchUtils.execute(DispatchUtils.java:106)
	at org.apache.tools.ant.Task.perform(Task.java:348)
	at org.apache.tools.ant.Target.execute(Target.java:392)
	at org.apache.tools.ant.Target.performTasks(Target.java:413)
	at org.apache.tools.ant.Project.executeSortedTargets(Project.java:1399)
	at org.apache.tools.ant.Project.executeTarget(Project.java:1368)
	at org.apache.tools.ant.helper.DefaultExecutor.executeTargets(DefaultExecutor.java:41)
	at org.apache.tools.ant.Project.executeTargets(Project.java:1251)
	at org.apache.tools.ant.Main.runBuild(Main.java:811)
	at org.apache.tools.ant.Main.startAnt(Main.java:217)
	at org.apache.tools.ant.launch.Launcher.run(Launcher.java:280)
	at org.apache.tools.ant.launch.Launcher.main(Launcher.java:109)
--- com.google.javascript.jscomp.PeepholeRemoveDeadCodeTest::testRemoveUselessOps
java.lang.RuntimeException: INTERNAL COMPILER ERROR.
Please report this problem.
CALL 1 [sourcename: testcode] [free_call: 1] is not a string node
  Node(EXPR_RESULT): testcode:1:0
[source unknown]
  Parent(SCRIPT): testcode:1:0
[source unknown]

	at com.google.javascript.rhino.Node.getString(Node.java:974)
	at com.google.javascript.jscomp.NodeUtil.functionCallHasSideEffects(NodeUtil.java:959)
	at com.google.javascript.jscomp.NodeUtil.nodeTypeMayHaveSideEffects(NodeUtil.java:1023)
	at com.google.javascript.jscomp.NodeUtil.nodeTypeMayHaveSideEffects(NodeUtil.java:1008)
	at com.google.javascript.jscomp.PeepholeRemoveDeadCode.trySimpilifyUnusedResult(PeepholeRemoveDeadCode.java:220)
	at com.google.javascript.jscomp.PeepholeRemoveDeadCode.trySimpilifyUnusedResult(PeepholeRemoveDeadCode.java:145)
	at com.google.javascript.jscomp.PeepholeRemoveDeadCode.tryFoldExpr(PeepholeRemoveDeadCode.java:123)
	at com.google.javascript.jscomp.PeepholeRemoveDeadCode.optimizeSubtree(PeepholeRemoveDeadCode.java:50)
	at com.google.javascript.jscomp.PeepholeOptimizationsPass.visit(PeepholeOptimizationsPass.java:69)
	at com.google.javascript.jscomp.NodeTraversal.traverseBranch(NodeTraversal.java:464)
	at com.google.javascript.jscomp.NodeTraversal.traverseBranch(NodeTraversal.java:457)
	at com.google.javascript.jscomp.NodeTraversal.traverseBranch(NodeTraversal.java:457)
	at com.google.javascript.jscomp.NodeTraversal.traverse(NodeTraversal.java:249)
	at com.google.javascript.jscomp.PeepholeOptimizationsPass.process(PeepholeOptimizationsPass.java:57)
	at com.google.javascript.jscomp.CompilerTestCase.test(CompilerTestCase.java:765)
	at com.google.javascript.jscomp.CompilerTestCase.test(CompilerTestCase.java:423)
	at com.google.javascript.jscomp.CompilerTestCase.test(CompilerTestCase.java:348)
	at com.google.javascript.jscomp.CompilerTestCase.test(CompilerTestCase.java:317)
	at com.google.javascript.jscomp.CompilerTestCase.test(CompilerTestCase.java:305)
	at com.google.javascript.jscomp.CompilerTestCase.testSame(CompilerTestCase.java:537)
	at com.google.javascript.jscomp.PeepholeRemoveDeadCodeTest.foldSame(PeepholeRemoveDeadCodeTest.java:50)
	at com.google.javascript.jscomp.PeepholeRemoveDeadCodeTest.testRemoveUselessOps(PeepholeRemoveDeadCodeTest.java:266)
	at sun.reflect.NativeMethodAccessorImpl.invoke0(Native Method)
	at sun.reflect.NativeMethodAccessorImpl.invoke(NativeMethodAccessorImpl.java:57)
	at sun.reflect.DelegatingMethodAccessorImpl.invoke(DelegatingMethodAccessorImpl.java:43)
	at java.lang.reflect.Method.invoke(Method.java:606)
	at junit.framework.TestCase.runTest(TestCase.java:176)
	at junit.framework.TestCase.runBare(TestCase.java:141)
	at junit.framework.TestResult$1.protect(TestResult.java:122)
	at junit.framework.TestResult.runProtected(TestResult.java:142)
	at junit.framework.TestResult.run(TestResult.java:125)
	at junit.framework.TestCase.run(TestCase.java:129)
	at junit.framework.TestSuite.runTest(TestSuite.java:255)
	at junit.framework.TestSuite.run(TestSuite.java:250)
	at org.apache.tools.ant.taskdefs.optional.junit.JUnitTestRunner.run(JUnitTestRunner.java:520)
	at org.apache.tools.ant.taskdefs.optional.junit.JUnitTask.executeInVM(JUnitTask.java:1478)
	at org.apache.tools.ant.taskdefs.optional.junit.JUnitTask.execute(JUnitTask.java:860)
	at org.apache.tools.ant.taskdefs.optional.junit.JUnitTask.executeOrQueue(JUnitTask.java:1968)
	at org.apache.tools.ant.taskdefs.optional.junit.JUnitTask.execute1(JUnitTask.java:812)
	at org.apache.tools.ant.taskdefs.optional.junit.JUnitTask.execute(JUnitTask.java:2271)
	at org.apache.tools.ant.UnknownElement.execute(UnknownElement.java:291)
	at sun.reflect.GeneratedMethodAccessor4.invoke(Unknown Source)
	at sun.reflect.DelegatingMethodAccessorImpl.invoke(DelegatingMethodAccessorImpl.java:43)
	at java.lang.reflect.Method.invoke(Method.java:606)
	at org.apache.tools.ant.dispatch.DispatchUtils.execute(DispatchUtils.java:106)
	at org.apache.tools.ant.Task.perform(Task.java:348)
	at org.apache.tools.ant.Target.execute(Target.java:392)
	at org.apache.tools.ant.Target.performTasks(Target.java:413)
	at org.apache.tools.ant.Project.executeSortedTargets(Project.java:1399)
	at org.apache.tools.ant.Project.executeTarget(Project.java:1368)
	at org.apache.tools.ant.helper.DefaultExecutor.executeTargets(DefaultExecutor.java:41)
	at org.apache.tools.ant.Project.executeTargets(Project.java:1251)
	at org.apache.tools.ant.Main.runBuild(Main.java:811)
	at org.apache.tools.ant.Main.startAnt(Main.java:217)
	at org.apache.tools.ant.launch.Launcher.run(Launcher.java:280)
	at org.apache.tools.ant.launch.Launcher.main(Launcher.java:109)
Caused by: java.lang.UnsupportedOperationException: CALL 1 [sourcename: testcode] [free_call: 1] is not a string node
	... 56 more
--- com.google.javascript.jscomp.PureFunctionIdentifierTest::testAnnotationInExterns_new4
java.lang.RuntimeException: INTERNAL COMPILER ERROR.
Please report this problem.
NEW 1 [sourcename: testcode] : externObjSEThis is not a string node
  Node(CALL): testcode:1:43
[source unknown]
  Parent(EXPR_RESULT): testcode:1:0
[source unknown]

	at com.google.javascript.rhino.Node.getString(Node.java:974)
	at com.google.javascript.jscomp.NodeUtil.functionCallHasSideEffects(NodeUtil.java:959)
	at com.google.javascript.jscomp.NodeUtil.nodeTypeMayHaveSideEffects(NodeUtil.java:1023)
	at com.google.javascript.jscomp.NodeUtil.nodeTypeMayHaveSideEffects(NodeUtil.java:1008)
	at com.google.javascript.jscomp.PureFunctionIdentifier$FunctionAnalyzer.visit(PureFunctionIdentifier.java:403)
	at com.google.javascript.jscomp.NodeTraversal.traverseBranch(NodeTraversal.java:464)
	at com.google.javascript.jscomp.NodeTraversal.traverseBranch(NodeTraversal.java:457)
	at com.google.javascript.jscomp.NodeTraversal.traverseBranch(NodeTraversal.java:457)
	at com.google.javascript.jscomp.NodeTraversal.traverseBranch(NodeTraversal.java:457)
	at com.google.javascript.jscomp.NodeTraversal.traverse(NodeTraversal.java:249)
	at com.google.javascript.jscomp.NodeTraversal.traverse(NodeTraversal.java:422)
	at com.google.javascript.jscomp.PureFunctionIdentifier.process(PureFunctionIdentifier.java:112)
	at com.google.javascript.jscomp.PureFunctionIdentifierTest$NoSideEffectCallEnumerator.process(PureFunctionIdentifierTest.java:1232)
	at com.google.javascript.jscomp.CompilerTestCase.test(CompilerTestCase.java:765)
	at com.google.javascript.jscomp.CompilerTestCase.test(CompilerTestCase.java:423)
	at com.google.javascript.jscomp.CompilerTestCase.test(CompilerTestCase.java:348)
	at com.google.javascript.jscomp.CompilerTestCase.test(CompilerTestCase.java:317)
	at com.google.javascript.jscomp.CompilerTestCase.test(CompilerTestCase.java:305)
	at com.google.javascript.jscomp.CompilerTestCase.testSame(CompilerTestCase.java:537)
	at com.google.javascript.jscomp.PureFunctionIdentifierTest.checkMarkedCalls(PureFunctionIdentifierTest.java:1197)
	at com.google.javascript.jscomp.PureFunctionIdentifierTest.testAnnotationInExterns_new4(PureFunctionIdentifierTest.java:240)
	at sun.reflect.NativeMethodAccessorImpl.invoke0(Native Method)
	at sun.reflect.NativeMethodAccessorImpl.invoke(NativeMethodAccessorImpl.java:57)
	at sun.reflect.DelegatingMethodAccessorImpl.invoke(DelegatingMethodAccessorImpl.java:43)
	at java.lang.reflect.Method.invoke(Method.java:606)
	at junit.framework.TestCase.runTest(TestCase.java:176)
	at junit.framework.TestCase.runBare(TestCase.java:141)
	at junit.framework.TestResult$1.protect(TestResult.java:122)
	at junit.framework.TestResult.runProtected(TestResult.java:142)
	at junit.framework.TestResult.run(TestResult.java:125)
	at junit.framework.TestCase.run(TestCase.java:129)
	at junit.framework.TestSuite.runTest(TestSuite.java:255)
	at junit.framework.TestSuite.run(TestSuite.java:250)
	at org.apache.tools.ant.taskdefs.optional.junit.JUnitTestRunner.run(JUnitTestRunner.java:520)
	at org.apache.tools.ant.taskdefs.optional.junit.JUnitTask.executeInVM(JUnitTask.java:1478)
	at org.apache.tools.ant.taskdefs.optional.junit.JUnitTask.execute(JUnitTask.java:860)
	at org.apache.tools.ant.taskdefs.optional.junit.JUnitTask.executeOrQueue(JUnitTask.java:1968)
	at org.apache.tools.ant.taskdefs.optional.junit.JUnitTask.execute1(JUnitTask.java:812)
	at org.apache.tools.ant.taskdefs.optional.junit.JUnitTask.execute(JUnitTask.java:2271)
	at org.apache.tools.ant.UnknownElement.execute(UnknownElement.java:291)
	at sun.reflect.GeneratedMethodAccessor4.invoke(Unknown Source)
	at sun.reflect.DelegatingMethodAccessorImpl.invoke(DelegatingMethodAccessorImpl.java:43)
	at java.lang.reflect.Method.invoke(Method.java:606)
	at org.apache.tools.ant.dispatch.DispatchUtils.execute(DispatchUtils.java:106)
	at org.apache.tools.ant.Task.perform(Task.java:348)
	at org.apache.tools.ant.Target.execute(Target.java:392)
	at org.apache.tools.ant.Target.performTasks(Target.java:413)
	at org.apache.tools.ant.Project.executeSortedTargets(Project.java:1399)
	at org.apache.tools.ant.Project.executeTarget(Project.java:1368)
	at org.apache.tools.ant.helper.DefaultExecutor.executeTargets(DefaultExecutor.java:41)
	at org.apache.tools.ant.Project.executeTargets(Project.java:1251)
	at org.apache.tools.ant.Main.runBuild(Main.java:811)
	at org.apache.tools.ant.Main.startAnt(Main.java:217)
	at org.apache.tools.ant.launch.Launcher.run(Launcher.java:280)
	at org.apache.tools.ant.launch.Launcher.main(Launcher.java:109)
Caused by: java.lang.UnsupportedOperationException: NEW 1 [sourcename: testcode] : externObjSEThis is not a string node
	... 55 more
--- com.google.javascript.jscomp.PureFunctionIdentifierTest::testAnnotationInExterns_new6
java.lang.RuntimeException: INTERNAL COMPILER ERROR.
Please report this problem.
NEW 1 [sourcename: testcode] : externObjSEThis is not a string node
  Node(CALL): testcode:1:59
[source unknown]
  Parent(EXPR_RESULT): testcode:1:16
[source unknown]

	at com.google.javascript.rhino.Node.getString(Node.java:974)
	at com.google.javascript.jscomp.NodeUtil.functionCallHasSideEffects(NodeUtil.java:959)
	at com.google.javascript.jscomp.NodeUtil.nodeTypeMayHaveSideEffects(NodeUtil.java:1023)
	at com.google.javascript.jscomp.NodeUtil.nodeTypeMayHaveSideEffects(NodeUtil.java:1008)
	at com.google.javascript.jscomp.PureFunctionIdentifier$FunctionAnalyzer.visit(PureFunctionIdentifier.java:403)
	at com.google.javascript.jscomp.NodeTraversal.traverseBranch(NodeTraversal.java:464)
	at com.google.javascript.jscomp.NodeTraversal.traverseBranch(NodeTraversal.java:457)
	at com.google.javascript.jscomp.NodeTraversal.traverseBranch(NodeTraversal.java:457)
	at com.google.javascript.jscomp.NodeTraversal.traverseFunction(NodeTraversal.java:502)
	at com.google.javascript.jscomp.NodeTraversal.traverseBranch(NodeTraversal.java:449)
	at com.google.javascript.jscomp.NodeTraversal.traverseBranch(NodeTraversal.java:457)
	at com.google.javascript.jscomp.NodeTraversal.traverseBranch(NodeTraversal.java:457)
	at com.google.javascript.jscomp.NodeTraversal.traverse(NodeTraversal.java:249)
	at com.google.javascript.jscomp.NodeTraversal.traverse(NodeTraversal.java:422)
	at com.google.javascript.jscomp.PureFunctionIdentifier.process(PureFunctionIdentifier.java:112)
	at com.google.javascript.jscomp.PureFunctionIdentifierTest$NoSideEffectCallEnumerator.process(PureFunctionIdentifierTest.java:1232)
	at com.google.javascript.jscomp.CompilerTestCase.test(CompilerTestCase.java:765)
	at com.google.javascript.jscomp.CompilerTestCase.test(CompilerTestCase.java:423)
	at com.google.javascript.jscomp.CompilerTestCase.test(CompilerTestCase.java:348)
	at com.google.javascript.jscomp.CompilerTestCase.test(CompilerTestCase.java:317)
	at com.google.javascript.jscomp.CompilerTestCase.test(CompilerTestCase.java:305)
	at com.google.javascript.jscomp.CompilerTestCase.testSame(CompilerTestCase.java:537)
	at com.google.javascript.jscomp.PureFunctionIdentifierTest.checkMarkedCalls(PureFunctionIdentifierTest.java:1197)
	at com.google.javascript.jscomp.PureFunctionIdentifierTest.testAnnotationInExterns_new6(PureFunctionIdentifierTest.java:259)
	at sun.reflect.NativeMethodAccessorImpl.invoke0(Native Method)
	at sun.reflect.NativeMethodAccessorImpl.invoke(NativeMethodAccessorImpl.java:57)
	at sun.reflect.DelegatingMethodAccessorImpl.invoke(DelegatingMethodAccessorImpl.java:43)
	at java.lang.reflect.Method.invoke(Method.java:606)
	at junit.framework.TestCase.runTest(TestCase.java:176)
	at junit.framework.TestCase.runBare(TestCase.java:141)
	at junit.framework.TestResult$1.protect(TestResult.java:122)
	at junit.framework.TestResult.runProtected(TestResult.java:142)
	at junit.framework.TestResult.run(TestResult.java:125)
	at junit.framework.TestCase.run(TestCase.java:129)
	at junit.framework.TestSuite.runTest(TestSuite.java:255)
	at junit.framework.TestSuite.run(TestSuite.java:250)
	at org.apache.tools.ant.taskdefs.optional.junit.JUnitTestRunner.run(JUnitTestRunner.java:520)
	at org.apache.tools.ant.taskdefs.optional.junit.JUnitTask.executeInVM(JUnitTask.java:1478)
	at org.apache.tools.ant.taskdefs.optional.junit.JUnitTask.execute(JUnitTask.java:860)
	at org.apache.tools.ant.taskdefs.optional.junit.JUnitTask.executeOrQueue(JUnitTask.java:1968)
	at org.apache.tools.ant.taskdefs.optional.junit.JUnitTask.execute1(JUnitTask.java:812)
	at org.apache.tools.ant.taskdefs.optional.junit.JUnitTask.execute(JUnitTask.java:2271)
	at org.apache.tools.ant.UnknownElement.execute(UnknownElement.java:291)
	at sun.reflect.GeneratedMethodAccessor4.invoke(Unknown Source)
	at sun.reflect.DelegatingMethodAccessorImpl.invoke(DelegatingMethodAccessorImpl.java:43)
	at java.lang.reflect.Method.invoke(Method.java:606)
	at org.apache.tools.ant.dispatch.DispatchUtils.execute(DispatchUtils.java:106)
	at org.apache.tools.ant.Task.perform(Task.java:348)
	at org.apache.tools.ant.Target.execute(Target.java:392)
	at org.apache.tools.ant.Target.performTasks(Target.java:413)
	at org.apache.tools.ant.Project.executeSortedTargets(Project.java:1399)
	at org.apache.tools.ant.Project.executeTarget(Project.java:1368)
	at org.apache.tools.ant.helper.DefaultExecutor.executeTargets(DefaultExecutor.java:41)
	at org.apache.tools.ant.Project.executeTargets(Project.java:1251)
	at org.apache.tools.ant.Main.runBuild(Main.java:811)
	at org.apache.tools.ant.Main.startAnt(Main.java:217)
	at org.apache.tools.ant.launch.Launcher.run(Launcher.java:280)
	at org.apache.tools.ant.launch.Launcher.main(Launcher.java:109)
Caused by: java.lang.UnsupportedOperationException: NEW 1 [sourcename: testcode] : externObjSEThis is not a string node
	... 58 more
--- com.google.javascript.jscomp.PureFunctionIdentifierTest::testAnnotationInExterns_new10
java.lang.RuntimeException: INTERNAL COMPILER ERROR.
Please report this problem.
NEW 1 [sourcename: testcode] : externObjSEThis is not a string node
  Node(CALL): testcode:1:60
[source unknown]
  Parent(EXPR_RESULT): testcode:1:16
[source unknown]

	at com.google.javascript.rhino.Node.getString(Node.java:974)
	at com.google.javascript.jscomp.NodeUtil.functionCallHasSideEffects(NodeUtil.java:959)
	at com.google.javascript.jscomp.NodeUtil.nodeTypeMayHaveSideEffects(NodeUtil.java:1023)
	at com.google.javascript.jscomp.NodeUtil.nodeTypeMayHaveSideEffects(NodeUtil.java:1008)
	at com.google.javascript.jscomp.PureFunctionIdentifier$FunctionAnalyzer.visit(PureFunctionIdentifier.java:403)
	at com.google.javascript.jscomp.NodeTraversal.traverseBranch(NodeTraversal.java:464)
	at com.google.javascript.jscomp.NodeTraversal.traverseBranch(NodeTraversal.java:457)
	at com.google.javascript.jscomp.NodeTraversal.traverseBranch(NodeTraversal.java:457)
	at com.google.javascript.jscomp.NodeTraversal.traverseFunction(NodeTraversal.java:502)
	at com.google.javascript.jscomp.NodeTraversal.traverseBranch(NodeTraversal.java:449)
	at com.google.javascript.jscomp.NodeTraversal.traverseBranch(NodeTraversal.java:457)
	at com.google.javascript.jscomp.NodeTraversal.traverseBranch(NodeTraversal.java:457)
	at com.google.javascript.jscomp.NodeTraversal.traverse(NodeTraversal.java:249)
	at com.google.javascript.jscomp.NodeTraversal.traverse(NodeTraversal.java:422)
	at com.google.javascript.jscomp.PureFunctionIdentifier.process(PureFunctionIdentifier.java:112)
	at com.google.javascript.jscomp.PureFunctionIdentifierTest$NoSideEffectCallEnumerator.process(PureFunctionIdentifierTest.java:1232)
	at com.google.javascript.jscomp.CompilerTestCase.test(CompilerTestCase.java:765)
	at com.google.javascript.jscomp.CompilerTestCase.test(CompilerTestCase.java:423)
	at com.google.javascript.jscomp.CompilerTestCase.test(CompilerTestCase.java:348)
	at com.google.javascript.jscomp.CompilerTestCase.test(CompilerTestCase.java:317)
	at com.google.javascript.jscomp.CompilerTestCase.test(CompilerTestCase.java:305)
	at com.google.javascript.jscomp.CompilerTestCase.testSame(CompilerTestCase.java:537)
	at com.google.javascript.jscomp.PureFunctionIdentifierTest.checkMarkedCalls(PureFunctionIdentifierTest.java:1197)
	at com.google.javascript.jscomp.PureFunctionIdentifierTest.testAnnotationInExterns_new10(PureFunctionIdentifierTest.java:312)
	at sun.reflect.NativeMethodAccessorImpl.invoke0(Native Method)
	at sun.reflect.NativeMethodAccessorImpl.invoke(NativeMethodAccessorImpl.java:57)
	at sun.reflect.DelegatingMethodAccessorImpl.invoke(DelegatingMethodAccessorImpl.java:43)
	at java.lang.reflect.Method.invoke(Method.java:606)
	at junit.framework.TestCase.runTest(TestCase.java:176)
	at junit.framework.TestCase.runBare(TestCase.java:141)
	at junit.framework.TestResult$1.protect(TestResult.java:122)
	at junit.framework.TestResult.runProtected(TestResult.java:142)
	at junit.framework.TestResult.run(TestResult.java:125)
	at junit.framework.TestCase.run(TestCase.java:129)
	at junit.framework.TestSuite.runTest(TestSuite.java:255)
	at junit.framework.TestSuite.run(TestSuite.java:250)
	at org.apache.tools.ant.taskdefs.optional.junit.JUnitTestRunner.run(JUnitTestRunner.java:520)
	at org.apache.tools.ant.taskdefs.optional.junit.JUnitTask.executeInVM(JUnitTask.java:1478)
	at org.apache.tools.ant.taskdefs.optional.junit.JUnitTask.execute(JUnitTask.java:860)
	at org.apache.tools.ant.taskdefs.optional.junit.JUnitTask.executeOrQueue(JUnitTask.java:1968)
	at org.apache.tools.ant.taskdefs.optional.junit.JUnitTask.execute1(JUnitTask.java:812)
	at org.apache.tools.ant.taskdefs.optional.junit.JUnitTask.execute(JUnitTask.java:2271)
	at org.apache.tools.ant.UnknownElement.execute(UnknownElement.java:291)
	at sun.reflect.GeneratedMethodAccessor4.invoke(Unknown Source)
	at sun.reflect.DelegatingMethodAccessorImpl.invoke(DelegatingMethodAccessorImpl.java:43)
	at java.lang.reflect.Method.invoke(Method.java:606)
	at org.apache.tools.ant.dispatch.DispatchUtils.execute(DispatchUtils.java:106)
	at org.apache.tools.ant.Task.perform(Task.java:348)
	at org.apache.tools.ant.Target.execute(Target.java:392)
	at org.apache.tools.ant.Target.performTasks(Target.java:413)
	at org.apache.tools.ant.Project.executeSortedTargets(Project.java:1399)
	at org.apache.tools.ant.Project.executeTarget(Project.java:1368)
	at org.apache.tools.ant.helper.DefaultExecutor.executeTargets(DefaultExecutor.java:41)
	at org.apache.tools.ant.Project.executeTargets(Project.java:1251)
	at org.apache.tools.ant.Main.runBuild(Main.java:811)
	at org.apache.tools.ant.Main.startAnt(Main.java:217)
	at org.apache.tools.ant.launch.Launcher.run(Launcher.java:280)
	at org.apache.tools.ant.launch.Launcher.main(Launcher.java:109)
Caused by: java.lang.UnsupportedOperationException: NEW 1 [sourcename: testcode] : externObjSEThis is not a string node
	... 58 more
--- com.google.javascript.jscomp.PureFunctionIdentifierTest::testIssue303b
java.lang.RuntimeException: INTERNAL COMPILER ERROR.
Please report this problem.
NEW 1 [sourcename: testcode] [parenthesized: true] : F is not a string node
  Node(CALL): testcode:1:227
[source unknown]
  Parent(EXPR_RESULT): testcode:1:207
[source unknown]

	at com.google.javascript.rhino.Node.getString(Node.java:974)
	at com.google.javascript.jscomp.NodeUtil.functionCallHasSideEffects(NodeUtil.java:959)
	at com.google.javascript.jscomp.NodeUtil.nodeTypeMayHaveSideEffects(NodeUtil.java:1023)
	at com.google.javascript.jscomp.NodeUtil.nodeTypeMayHaveSideEffects(NodeUtil.java:1008)
	at com.google.javascript.jscomp.PureFunctionIdentifier$FunctionAnalyzer.visit(PureFunctionIdentifier.java:403)
	at com.google.javascript.jscomp.NodeTraversal.traverseBranch(NodeTraversal.java:464)
	at com.google.javascript.jscomp.NodeTraversal.traverseBranch(NodeTraversal.java:457)
	at com.google.javascript.jscomp.NodeTraversal.traverseBranch(NodeTraversal.java:457)
	at com.google.javascript.jscomp.NodeTraversal.traverseFunction(NodeTraversal.java:502)
	at com.google.javascript.jscomp.NodeTraversal.traverseBranch(NodeTraversal.java:449)
	at com.google.javascript.jscomp.NodeTraversal.traverseBranch(NodeTraversal.java:457)
	at com.google.javascript.jscomp.NodeTraversal.traverseBranch(NodeTraversal.java:457)
	at com.google.javascript.jscomp.NodeTraversal.traverse(NodeTraversal.java:249)
	at com.google.javascript.jscomp.NodeTraversal.traverse(NodeTraversal.java:422)
	at com.google.javascript.jscomp.PureFunctionIdentifier.process(PureFunctionIdentifier.java:112)
	at com.google.javascript.jscomp.PureFunctionIdentifierTest$NoSideEffectCallEnumerator.process(PureFunctionIdentifierTest.java:1232)
	at com.google.javascript.jscomp.CompilerTestCase.test(CompilerTestCase.java:765)
	at com.google.javascript.jscomp.CompilerTestCase.test(CompilerTestCase.java:423)
	at com.google.javascript.jscomp.CompilerTestCase.test(CompilerTestCase.java:348)
	at com.google.javascript.jscomp.CompilerTestCase.test(CompilerTestCase.java:317)
	at com.google.javascript.jscomp.CompilerTestCase.test(CompilerTestCase.java:305)
	at com.google.javascript.jscomp.CompilerTestCase.testSame(CompilerTestCase.java:537)
	at com.google.javascript.jscomp.PureFunctionIdentifierTest.checkMarkedCalls(PureFunctionIdentifierTest.java:1197)
	at com.google.javascript.jscomp.PureFunctionIdentifierTest.testIssue303b(PureFunctionIdentifierTest.java:205)
	at sun.reflect.NativeMethodAccessorImpl.invoke0(Native Method)
	at sun.reflect.NativeMethodAccessorImpl.invoke(NativeMethodAccessorImpl.java:57)
	at sun.reflect.DelegatingMethodAccessorImpl.invoke(DelegatingMethodAccessorImpl.java:43)
	at java.lang.reflect.Method.invoke(Method.java:606)
	at junit.framework.TestCase.runTest(TestCase.java:176)
	at junit.framework.TestCase.runBare(TestCase.java:141)
	at junit.framework.TestResult$1.protect(TestResult.java:122)
	at junit.framework.TestResult.runProtected(TestResult.java:142)
	at junit.framework.TestResult.run(TestResult.java:125)
	at junit.framework.TestCase.run(TestCase.java:129)
	at junit.framework.TestSuite.runTest(TestSuite.java:255)
	at junit.framework.TestSuite.run(TestSuite.java:250)
	at org.apache.tools.ant.taskdefs.optional.junit.JUnitTestRunner.run(JUnitTestRunner.java:520)
	at org.apache.tools.ant.taskdefs.optional.junit.JUnitTask.executeInVM(JUnitTask.java:1478)
	at org.apache.tools.ant.taskdefs.optional.junit.JUnitTask.execute(JUnitTask.java:860)
	at org.apache.tools.ant.taskdefs.optional.junit.JUnitTask.executeOrQueue(JUnitTask.java:1968)
	at org.apache.tools.ant.taskdefs.optional.junit.JUnitTask.execute1(JUnitTask.java:812)
	at org.apache.tools.ant.taskdefs.optional.junit.JUnitTask.execute(JUnitTask.java:2271)
	at org.apache.tools.ant.UnknownElement.execute(UnknownElement.java:291)
	at sun.reflect.GeneratedMethodAccessor4.invoke(Unknown Source)
	at sun.reflect.DelegatingMethodAccessorImpl.invoke(DelegatingMethodAccessorImpl.java:43)
	at java.lang.reflect.Method.invoke(Method.java:606)
	at org.apache.tools.ant.dispatch.DispatchUtils.execute(DispatchUtils.java:106)
	at org.apache.tools.ant.Task.perform(Task.java:348)
	at org.apache.tools.ant.Target.execute(Target.java:392)
	at org.apache.tools.ant.Target.performTasks(Target.java:413)
	at org.apache.tools.ant.Project.executeSortedTargets(Project.java:1399)
	at org.apache.tools.ant.Project.executeTarget(Project.java:1368)
	at org.apache.tools.ant.helper.DefaultExecutor.executeTargets(DefaultExecutor.java:41)
	at org.apache.tools.ant.Project.executeTargets(Project.java:1251)
	at org.apache.tools.ant.Main.runBuild(Main.java:811)
	at org.apache.tools.ant.Main.startAnt(Main.java:217)
	at org.apache.tools.ant.launch.Launcher.run(Launcher.java:280)
	at org.apache.tools.ant.launch.Launcher.main(Launcher.java:109)
Caused by: java.lang.UnsupportedOperationException: NEW 1 [sourcename: testcode] [parenthesized: true] : F is not a string node
	... 58 more
--- com.google.javascript.jscomp.PureFunctionIdentifierTest::testIssue303
java.lang.RuntimeException: INTERNAL COMPILER ERROR.
Please report this problem.
NEW 1 [sourcename: testcode] [parenthesized: true] : F is not a string node
  Node(CALL): testcode:1:211
[source unknown]
  Parent(EXPR_RESULT): testcode:1:191
[source unknown]

	at com.google.javascript.rhino.Node.getString(Node.java:974)
	at com.google.javascript.jscomp.NodeUtil.functionCallHasSideEffects(NodeUtil.java:959)
	at com.google.javascript.jscomp.NodeUtil.nodeTypeMayHaveSideEffects(NodeUtil.java:1023)
	at com.google.javascript.jscomp.NodeUtil.nodeTypeMayHaveSideEffects(NodeUtil.java:1008)
	at com.google.javascript.jscomp.PureFunctionIdentifier$FunctionAnalyzer.visit(PureFunctionIdentifier.java:403)
	at com.google.javascript.jscomp.NodeTraversal.traverseBranch(NodeTraversal.java:464)
	at com.google.javascript.jscomp.NodeTraversal.traverseBranch(NodeTraversal.java:457)
	at com.google.javascript.jscomp.NodeTraversal.traverseBranch(NodeTraversal.java:457)
	at com.google.javascript.jscomp.NodeTraversal.traverseBranch(NodeTraversal.java:457)
	at com.google.javascript.jscomp.NodeTraversal.traverse(NodeTraversal.java:249)
	at com.google.javascript.jscomp.NodeTraversal.traverse(NodeTraversal.java:422)
	at com.google.javascript.jscomp.PureFunctionIdentifier.process(PureFunctionIdentifier.java:112)
	at com.google.javascript.jscomp.PureFunctionIdentifierTest$NoSideEffectCallEnumerator.process(PureFunctionIdentifierTest.java:1232)
	at com.google.javascript.jscomp.CompilerTestCase.test(CompilerTestCase.java:765)
	at com.google.javascript.jscomp.CompilerTestCase.test(CompilerTestCase.java:423)
	at com.google.javascript.jscomp.CompilerTestCase.test(CompilerTestCase.java:348)
	at com.google.javascript.jscomp.CompilerTestCase.test(CompilerTestCase.java:317)
	at com.google.javascript.jscomp.CompilerTestCase.test(CompilerTestCase.java:305)
	at com.google.javascript.jscomp.CompilerTestCase.testSame(CompilerTestCase.java:537)
	at com.google.javascript.jscomp.PureFunctionIdentifierTest.checkMarkedCalls(PureFunctionIdentifierTest.java:1197)
	at com.google.javascript.jscomp.PureFunctionIdentifierTest.testIssue303(PureFunctionIdentifierTest.java:190)
	at sun.reflect.NativeMethodAccessorImpl.invoke0(Native Method)
	at sun.reflect.NativeMethodAccessorImpl.invoke(NativeMethodAccessorImpl.java:57)
	at sun.reflect.DelegatingMethodAccessorImpl.invoke(DelegatingMethodAccessorImpl.java:43)
	at java.lang.reflect.Method.invoke(Method.java:606)
	at junit.framework.TestCase.runTest(TestCase.java:176)
	at junit.framework.TestCase.runBare(TestCase.java:141)
	at junit.framework.TestResult$1.protect(TestResult.java:122)
	at junit.framework.TestResult.runProtected(TestResult.java:142)
	at junit.framework.TestResult.run(TestResult.java:125)
	at junit.framework.TestCase.run(TestCase.java:129)
	at junit.framework.TestSuite.runTest(TestSuite.java:255)
	at junit.framework.TestSuite.run(TestSuite.java:250)
	at org.apache.tools.ant.taskdefs.optional.junit.JUnitTestRunner.run(JUnitTestRunner.java:520)
	at org.apache.tools.ant.taskdefs.optional.junit.JUnitTask.executeInVM(JUnitTask.java:1478)
	at org.apache.tools.ant.taskdefs.optional.junit.JUnitTask.execute(JUnitTask.java:860)
	at org.apache.tools.ant.taskdefs.optional.junit.JUnitTask.executeOrQueue(JUnitTask.java:1968)
	at org.apache.tools.ant.taskdefs.optional.junit.JUnitTask.execute1(JUnitTask.java:812)
	at org.apache.tools.ant.taskdefs.optional.junit.JUnitTask.execute(JUnitTask.java:2271)
	at org.apache.tools.ant.UnknownElement.execute(UnknownElement.java:291)
	at sun.reflect.GeneratedMethodAccessor4.invoke(Unknown Source)
	at sun.reflect.DelegatingMethodAccessorImpl.invoke(DelegatingMethodAccessorImpl.java:43)
	at java.lang.reflect.Method.invoke(Method.java:606)
	at org.apache.tools.ant.dispatch.DispatchUtils.execute(DispatchUtils.java:106)
	at org.apache.tools.ant.Task.perform(Task.java:348)
	at org.apache.tools.ant.Target.execute(Target.java:392)
	at org.apache.tools.ant.Target.performTasks(Target.java:413)
	at org.apache.tools.ant.Project.executeSortedTargets(Project.java:1399)
	at org.apache.tools.ant.Project.executeTarget(Project.java:1368)
	at org.apache.tools.ant.helper.DefaultExecutor.executeTargets(DefaultExecutor.java:41)
	at org.apache.tools.ant.Project.executeTargets(Project.java:1251)
	at org.apache.tools.ant.Main.runBuild(Main.java:811)
	at org.apache.tools.ant.Main.startAnt(Main.java:217)
	at org.apache.tools.ant.launch.Launcher.run(Launcher.java:280)
	at org.apache.tools.ant.launch.Launcher.main(Launcher.java:109)
Caused by: java.lang.UnsupportedOperationException: NEW 1 [sourcename: testcode] [parenthesized: true] : F is not a string node
	... 55 more
--- com.google.javascript.jscomp.RemoveUnusedVarsTest::testReflectedMethods
java.lang.UnsupportedOperationException: GETPROP 1 [sourcename: testcode] is not a string node
	at com.google.javascript.rhino.Node.getString(Node.java:974)
	at com.google.javascript.jscomp.NodeUtil.functionCallHasSideEffects(NodeUtil.java:959)
	at com.google.javascript.jscomp.NodeUtil.checkForStateChangeHelper(NodeUtil.java:799)
	at com.google.javascript.jscomp.NodeUtil.mayHaveSideEffects(NodeUtil.java:714)
	at com.google.javascript.jscomp.NodeUtil.mayHaveSideEffects(NodeUtil.java:710)
	at com.google.javascript.jscomp.RemoveUnusedVars.traverseNode(RemoveUnusedVars.java:254)
	at com.google.javascript.jscomp.RemoveUnusedVars.traverseNode(RemoveUnusedVars.java:292)
	at com.google.javascript.jscomp.RemoveUnusedVars.traverseNode(RemoveUnusedVars.java:292)
	at com.google.javascript.jscomp.RemoveUnusedVars.traverseNode(RemoveUnusedVars.java:292)
	at com.google.javascript.jscomp.RemoveUnusedVars.traverseAndRemoveUnusedReferences(RemoveUnusedVars.java:168)
	at com.google.javascript.jscomp.RemoveUnusedVars.process(RemoveUnusedVars.java:157)
	at com.google.javascript.jscomp.RemoveUnusedVars.process(RemoveUnusedVars.java:147)
	at com.google.javascript.jscomp.CompilerTestCase.test(CompilerTestCase.java:765)
	at com.google.javascript.jscomp.CompilerTestCase.test(CompilerTestCase.java:423)
	at com.google.javascript.jscomp.CompilerTestCase.test(CompilerTestCase.java:348)
	at com.google.javascript.jscomp.CompilerTestCase.test(CompilerTestCase.java:317)
	at com.google.javascript.jscomp.CompilerTestCase.test(CompilerTestCase.java:305)
	at com.google.javascript.jscomp.CompilerTestCase.testSame(CompilerTestCase.java:537)
	at com.google.javascript.jscomp.RemoveUnusedVarsTest.testReflectedMethods(RemoveUnusedVarsTest.java:730)
	at sun.reflect.NativeMethodAccessorImpl.invoke0(Native Method)
	at sun.reflect.NativeMethodAccessorImpl.invoke(NativeMethodAccessorImpl.java:57)
	at sun.reflect.DelegatingMethodAccessorImpl.invoke(DelegatingMethodAccessorImpl.java:43)
	at java.lang.reflect.Method.invoke(Method.java:606)
	at junit.framework.TestCase.runTest(TestCase.java:176)
	at junit.framework.TestCase.runBare(TestCase.java:141)
	at junit.framework.TestResult$1.protect(TestResult.java:122)
	at junit.framework.TestResult.runProtected(TestResult.java:142)
	at junit.framework.TestResult.run(TestResult.java:125)
	at junit.framework.TestCase.run(TestCase.java:129)
	at junit.framework.TestSuite.runTest(TestSuite.java:255)
	at junit.framework.TestSuite.run(TestSuite.java:250)
	at org.apache.tools.ant.taskdefs.optional.junit.JUnitTestRunner.run(JUnitTestRunner.java:520)
	at org.apache.tools.ant.taskdefs.optional.junit.JUnitTask.executeInVM(JUnitTask.java:1478)
	at org.apache.tools.ant.taskdefs.optional.junit.JUnitTask.execute(JUnitTask.java:860)
	at org.apache.tools.ant.taskdefs.optional.junit.JUnitTask.executeOrQueue(JUnitTask.java:1968)
	at org.apache.tools.ant.taskdefs.optional.junit.JUnitTask.execute1(JUnitTask.java:812)
	at org.apache.tools.ant.taskdefs.optional.junit.JUnitTask.execute(JUnitTask.java:2271)
	at org.apache.tools.ant.UnknownElement.execute(UnknownElement.java:291)
	at sun.reflect.GeneratedMethodAccessor4.invoke(Unknown Source)
	at sun.reflect.DelegatingMethodAccessorImpl.invoke(DelegatingMethodAccessorImpl.java:43)
	at java.lang.reflect.Method.invoke(Method.java:606)
	at org.apache.tools.ant.dispatch.DispatchUtils.execute(DispatchUtils.java:106)
	at org.apache.tools.ant.Task.perform(Task.java:348)
	at org.apache.tools.ant.Target.execute(Target.java:392)
	at org.apache.tools.ant.Target.performTasks(Target.java:413)
	at org.apache.tools.ant.Project.executeSortedTargets(Project.java:1399)
	at org.apache.tools.ant.Project.executeTarget(Project.java:1368)
	at org.apache.tools.ant.helper.DefaultExecutor.executeTargets(DefaultExecutor.java:41)
	at org.apache.tools.ant.Project.executeTargets(Project.java:1251)
	at org.apache.tools.ant.Main.runBuild(Main.java:811)
	at org.apache.tools.ant.Main.startAnt(Main.java:217)
	at org.apache.tools.ant.launch.Launcher.run(Launcher.java:280)
	at org.apache.tools.ant.launch.Launcher.main(Launcher.java:109)
