--- com.google.javascript.jscomp.InlineVariablesTest::testNoInlineAliases2b
java.lang.RuntimeException: INTERNAL COMPILER ERROR.
Please report this problem.
THIS 1 [sourcename: testcode] is not a string node
  Node(BLOCK): testcode:-1:-1
[source unknown]
  Parent(BLOCK): testcode:-1:-1
[source unknown]

	at com.google.javascript.rhino.Node.getString(Node.java:974)
	at com.google.javascript.jscomp.NodeUtil.functionCallHasSideEffects(NodeUtil.java:959)
	at com.google.javascript.jscomp.NodeUtil.checkForStateChangeHelper(NodeUtil.java:799)
	at com.google.javascript.jscomp.NodeUtil.mayHaveSideEffects(NodeUtil.java:714)
	at com.google.javascript.jscomp.NodeUtil.mayHaveSideEffects(NodeUtil.java:710)
	at com.google.javascript.jscomp.NodeIterators$LocalVarMotion.<init>(NodeIterators.java:197)
	at com.google.javascript.jscomp.NodeIterators$LocalVarMotion.forVar(NodeIterators.java:171)
	at com.google.javascript.jscomp.InlineVariables$InliningBehavior.canMoveModerately(InlineVariables.java:602)
	at com.google.javascript.jscomp.InlineVariables$InliningBehavior.canInline(InlineVariables.java:576)
	at com.google.javascript.jscomp.InlineVariables$InliningBehavior.inlineNonConstants(InlineVariables.java:284)
	at com.google.javascript.jscomp.InlineVariables$InliningBehavior.doInlinesForScope(InlineVariables.java:221)
	at com.google.javascript.jscomp.InlineVariables$InliningBehavior.afterExitScope(InlineVariables.java:162)
	at com.google.javascript.jscomp.ReferenceCollectingCallback.exitScope(ReferenceCollectingCallback.java:171)
	at com.google.javascript.jscomp.NodeTraversal.popScope(NodeTraversal.java:544)
	at com.google.javascript.jscomp.NodeTraversal.traverseRoots(NodeTraversal.java:278)
	at com.google.javascript.jscomp.NodeTraversal.traverseRoots(NodeTraversal.java:431)
	at com.google.javascript.jscomp.ReferenceCollectingCallback.process(ReferenceCollectingCallback.java:106)
	at com.google.javascript.jscomp.InlineVariables.process(InlineVariables.java:88)
	at com.google.javascript.jscomp.CompilerTestCase.test(CompilerTestCase.java:765)
	at com.google.javascript.jscomp.CompilerTestCase.test(CompilerTestCase.java:423)
	at com.google.javascript.jscomp.CompilerTestCase.test(CompilerTestCase.java:348)
	at com.google.javascript.jscomp.CompilerTestCase.test(CompilerTestCase.java:317)
	at com.google.javascript.jscomp.CompilerTestCase.test(CompilerTestCase.java:305)
	at com.google.javascript.jscomp.CompilerTestCase.testSame(CompilerTestCase.java:537)
	at com.google.javascript.jscomp.InlineVariablesTest.testNoInlineAliases2b(InlineVariablesTest.java:649)
	at sun.reflect.NativeMethodAccessorImpl.invoke0(Native Method)
	at sun.reflect.NativeMethodAccessorImpl.invoke(NativeMethodAccessorImpl.java:57)
	at sun.reflect.DelegatingMethodAccessorImpl.invoke(DelegatingMethodAccessorImpl.java:43)
	at java.lang.reflect.Method.invoke(Method.java:606)
	at junit.framework.TestCase.runTest(TestCase.java:176)
	at junit.framework.TestCase.runBare(TestCase.java:141)
	at junit.framework.TestResult$1.protect(TestResult.java:122)
	at junit.framework.TestResult.runProtected(TestResult.java:142)
	at junit.framework.TestResult.run(TestResult.java:125)
	at junit.framework.TestCase.run(TestCase.java:129)
	at junit.framework.TestSuite.runTest(TestSuite.java:255)
	at junit.framework.TestSuite.run(TestSuite.java:250)
	at org.apache.tools.ant.taskdefs.optional.junit.JUnitTestRunner.run(JUnitTestRunner.java:520)
	at org.apache.tools.ant.taskdefs.optional.junit.JUnitTask.executeInVM(JUnitTask.java:1478)
	at org.apache.tools.ant.taskdefs.optional.junit.JUnitTask.execute(JUnitTask.java:860)
	at org.apache.tools.ant.taskdefs.optional.junit.JUnitTask.executeOrQueue(JUnitTask.java:1968)
	at org.apache.tools.ant.taskdefs.optional.junit.JUnitTask.execute1(JUnitTask.java:812)
	at org.apache.tools.ant.taskdefs.optional.junit.JUnitTask.execute(JUnitTask.java:2271)
	at org.apache.tools.ant.UnknownElement.execute(UnknownElement.java:291)
	at sun.reflect.GeneratedMethodAccessor4.invoke(Unknown Source)
	at sun.reflect.DelegatingMethodAccessorImpl.invoke(DelegatingMethodAccessorImpl.java:43)
	at java.lang.reflect.Method.invoke(Method.java:606)
	at org.apache.tools.ant.dispatch.DispatchUtils.execute(DispatchUtils.java:106)
	at org.apache.tools.ant.Task.perform(Task.java:348)
	at org.apache.tools.ant.Target.execute(Target.java:392)
	at org.apache.tools.ant.Target.performTasks(Target.java:413)
	at org.apache.tools.ant.Project.executeSortedTargets(Project.java:1399)
	at org.apache.tools.ant.Project.executeTarget(Project.java:1368)
	at org.apache.tools.ant.helper.DefaultExecutor.executeTargets(DefaultExecutor.java:41)
	at org.apache.tools.ant.Project.executeTargets(Project.java:1251)
	at org.apache.tools.ant.Main.runBuild(Main.java:811)
	at org.apache.tools.ant.Main.startAnt(Main.java:217)
	at org.apache.tools.ant.launch.Launcher.run(Launcher.java:280)
	at org.apache.tools.ant.launch.Launcher.main(Launcher.java:109)
Caused by: java.lang.UnsupportedOperationException: THIS 1 [sourcename: testcode] is not a string node
	... 59 more
--- com.google.javascript.jscomp.InlineVariablesTest::testNoInlineAliases5b
java.lang.RuntimeException: INTERNAL COMPILER ERROR.
Please report this problem.
THIS 1 [sourcename: testcode] is not a string node
  Node(BLOCK): testcode:-1:-1
[source unknown]
  Parent(BLOCK): testcode:-1:-1
[source unknown]

	at com.google.javascript.rhino.Node.getString(Node.java:974)
	at com.google.javascript.jscomp.NodeUtil.functionCallHasSideEffects(NodeUtil.java:959)
	at com.google.javascript.jscomp.NodeUtil.nodeTypeMayHaveSideEffects(NodeUtil.java:1023)
	at com.google.javascript.jscomp.NodeUtil.nodeTypeMayHaveSideEffects(NodeUtil.java:1008)
	at com.google.javascript.jscomp.NodeIterators$LocalVarMotion.advanceLookAhead(NodeIterators.java:276)
	at com.google.javascript.jscomp.NodeIterators$LocalVarMotion.next(NodeIterators.java:211)
	at com.google.javascript.jscomp.NodeIterators$LocalVarMotion.next(NodeIterators.java:153)
	at com.google.javascript.jscomp.InlineVariables$InliningBehavior.canMoveModerately(InlineVariables.java:620)
	at com.google.javascript.jscomp.InlineVariables$InliningBehavior.canInline(InlineVariables.java:576)
	at com.google.javascript.jscomp.InlineVariables$InliningBehavior.inlineNonConstants(InlineVariables.java:284)
	at com.google.javascript.jscomp.InlineVariables$InliningBehavior.doInlinesForScope(InlineVariables.java:221)
	at com.google.javascript.jscomp.InlineVariables$InliningBehavior.afterExitScope(InlineVariables.java:162)
	at com.google.javascript.jscomp.ReferenceCollectingCallback.exitScope(ReferenceCollectingCallback.java:171)
	at com.google.javascript.jscomp.NodeTraversal.popScope(NodeTraversal.java:544)
	at com.google.javascript.jscomp.NodeTraversal.traverseRoots(NodeTraversal.java:278)
	at com.google.javascript.jscomp.NodeTraversal.traverseRoots(NodeTraversal.java:431)
	at com.google.javascript.jscomp.ReferenceCollectingCallback.process(ReferenceCollectingCallback.java:106)
	at com.google.javascript.jscomp.InlineVariables.process(InlineVariables.java:88)
	at com.google.javascript.jscomp.CompilerTestCase.test(CompilerTestCase.java:765)
	at com.google.javascript.jscomp.CompilerTestCase.test(CompilerTestCase.java:423)
	at com.google.javascript.jscomp.CompilerTestCase.test(CompilerTestCase.java:348)
	at com.google.javascript.jscomp.CompilerTestCase.test(CompilerTestCase.java:317)
	at com.google.javascript.jscomp.CompilerTestCase.test(CompilerTestCase.java:305)
	at com.google.javascript.jscomp.CompilerTestCase.testSame(CompilerTestCase.java:537)
	at com.google.javascript.jscomp.InlineVariablesTest.testNoInlineAliases5b(InlineVariablesTest.java:686)
	at sun.reflect.NativeMethodAccessorImpl.invoke0(Native Method)
	at sun.reflect.NativeMethodAccessorImpl.invoke(NativeMethodAccessorImpl.java:57)
	at sun.reflect.DelegatingMethodAccessorImpl.invoke(DelegatingMethodAccessorImpl.java:43)
	at java.lang.reflect.Method.invoke(Method.java:606)
	at junit.framework.TestCase.runTest(TestCase.java:176)
	at junit.framework.TestCase.runBare(TestCase.java:141)
	at junit.framework.TestResult$1.protect(TestResult.java:122)
	at junit.framework.TestResult.runProtected(TestResult.java:142)
	at junit.framework.TestResult.run(TestResult.java:125)
	at junit.framework.TestCase.run(TestCase.java:129)
	at junit.framework.TestSuite.runTest(TestSuite.java:255)
	at junit.framework.TestSuite.run(TestSuite.java:250)
	at org.apache.tools.ant.taskdefs.optional.junit.JUnitTestRunner.run(JUnitTestRunner.java:520)
	at org.apache.tools.ant.taskdefs.optional.junit.JUnitTask.executeInVM(JUnitTask.java:1478)
	at org.apache.tools.ant.taskdefs.optional.junit.JUnitTask.execute(JUnitTask.java:860)
	at org.apache.tools.ant.taskdefs.optional.junit.JUnitTask.executeOrQueue(JUnitTask.java:1968)
	at org.apache.tools.ant.taskdefs.optional.junit.JUnitTask.execute1(JUnitTask.java:812)
	at org.apache.tools.ant.taskdefs.optional.junit.JUnitTask.execute(JUnitTask.java:2271)
	at org.apache.tools.ant.UnknownElement.execute(UnknownElement.java:291)
	at sun.reflect.GeneratedMethodAccessor4.invoke(Unknown Source)
	at sun.reflect.DelegatingMethodAccessorImpl.invoke(DelegatingMethodAccessorImpl.java:43)
	at java.lang.reflect.Method.invoke(Method.java:606)
	at org.apache.tools.ant.dispatch.DispatchUtils.execute(DispatchUtils.java:106)
	at org.apache.tools.ant.Task.perform(Task.java:348)
	at org.apache.tools.ant.Target.execute(Target.java:392)
	at org.apache.tools.ant.Target.performTasks(Target.java:413)
	at org.apache.tools.ant.Project.executeSortedTargets(Project.java:1399)
	at org.apache.tools.ant.Project.executeTarget(Project.java:1368)
	at org.apache.tools.ant.helper.DefaultExecutor.executeTargets(DefaultExecutor.java:41)
	at org.apache.tools.ant.Project.executeTargets(Project.java:1251)
	at org.apache.tools.ant.Main.runBuild(Main.java:811)
	at org.apache.tools.ant.Main.startAnt(Main.java:217)
	at org.apache.tools.ant.launch.Launcher.run(Launcher.java:280)
	at org.apache.tools.ant.launch.Launcher.main(Launcher.java:109)
Caused by: java.lang.UnsupportedOperationException: THIS 1 [sourcename: testcode] is not a string node
	... 59 more
--- com.google.javascript.jscomp.InlineVariablesTest::testNoInlineAliases6b
java.lang.RuntimeException: INTERNAL COMPILER ERROR.
Please report this problem.
THIS 1 [sourcename: testcode] is not a string node
  Node(BLOCK): testcode:-1:-1
[source unknown]
  Parent(BLOCK): testcode:-1:-1
[source unknown]

	at com.google.javascript.rhino.Node.getString(Node.java:974)
	at com.google.javascript.jscomp.NodeUtil.functionCallHasSideEffects(NodeUtil.java:959)
	at com.google.javascript.jscomp.NodeUtil.checkForStateChangeHelper(NodeUtil.java:799)
	at com.google.javascript.jscomp.NodeUtil.mayHaveSideEffects(NodeUtil.java:714)
	at com.google.javascript.jscomp.NodeUtil.mayHaveSideEffects(NodeUtil.java:710)
	at com.google.javascript.jscomp.NodeIterators$LocalVarMotion.<init>(NodeIterators.java:197)
	at com.google.javascript.jscomp.NodeIterators$LocalVarMotion.forVar(NodeIterators.java:171)
	at com.google.javascript.jscomp.InlineVariables$InliningBehavior.canMoveModerately(InlineVariables.java:602)
	at com.google.javascript.jscomp.InlineVariables$InliningBehavior.canInline(InlineVariables.java:576)
	at com.google.javascript.jscomp.InlineVariables$InliningBehavior.inlineNonConstants(InlineVariables.java:284)
	at com.google.javascript.jscomp.InlineVariables$InliningBehavior.doInlinesForScope(InlineVariables.java:221)
	at com.google.javascript.jscomp.InlineVariables$InliningBehavior.afterExitScope(InlineVariables.java:162)
	at com.google.javascript.jscomp.ReferenceCollectingCallback.exitScope(ReferenceCollectingCallback.java:171)
	at com.google.javascript.jscomp.NodeTraversal.popScope(NodeTraversal.java:544)
	at com.google.javascript.jscomp.NodeTraversal.traverseRoots(NodeTraversal.java:278)
	at com.google.javascript.jscomp.NodeTraversal.traverseRoots(NodeTraversal.java:431)
	at com.google.javascript.jscomp.ReferenceCollectingCallback.process(ReferenceCollectingCallback.java:106)
	at com.google.javascript.jscomp.InlineVariables.process(InlineVariables.java:88)
	at com.google.javascript.jscomp.CompilerTestCase.test(CompilerTestCase.java:765)
	at com.google.javascript.jscomp.CompilerTestCase.test(CompilerTestCase.java:423)
	at com.google.javascript.jscomp.CompilerTestCase.test(CompilerTestCase.java:348)
	at com.google.javascript.jscomp.CompilerTestCase.test(CompilerTestCase.java:317)
	at com.google.javascript.jscomp.CompilerTestCase.test(CompilerTestCase.java:305)
	at com.google.javascript.jscomp.CompilerTestCase.testSame(CompilerTestCase.java:537)
	at com.google.javascript.jscomp.InlineVariablesTest.testNoInlineAliases6b(InlineVariablesTest.java:698)
	at sun.reflect.NativeMethodAccessorImpl.invoke0(Native Method)
	at sun.reflect.NativeMethodAccessorImpl.invoke(NativeMethodAccessorImpl.java:57)
	at sun.reflect.DelegatingMethodAccessorImpl.invoke(DelegatingMethodAccessorImpl.java:43)
	at java.lang.reflect.Method.invoke(Method.java:606)
	at junit.framework.TestCase.runTest(TestCase.java:176)
	at junit.framework.TestCase.runBare(TestCase.java:141)
	at junit.framework.TestResult$1.protect(TestResult.java:122)
	at junit.framework.TestResult.runProtected(TestResult.java:142)
	at junit.framework.TestResult.run(TestResult.java:125)
	at junit.framework.TestCase.run(TestCase.java:129)
	at junit.framework.TestSuite.runTest(TestSuite.java:255)
	at junit.framework.TestSuite.run(TestSuite.java:250)
	at org.apache.tools.ant.taskdefs.optional.junit.JUnitTestRunner.run(JUnitTestRunner.java:520)
	at org.apache.tools.ant.taskdefs.optional.junit.JUnitTask.executeInVM(JUnitTask.java:1478)
	at org.apache.tools.ant.taskdefs.optional.junit.JUnitTask.execute(JUnitTask.java:860)
	at org.apache.tools.ant.taskdefs.optional.junit.JUnitTask.executeOrQueue(JUnitTask.java:1968)
	at org.apache.tools.ant.taskdefs.optional.junit.JUnitTask.execute1(JUnitTask.java:812)
	at org.apache.tools.ant.taskdefs.optional.junit.JUnitTask.execute(JUnitTask.java:2271)
	at org.apache.tools.ant.UnknownElement.execute(UnknownElement.java:291)
	at sun.reflect.GeneratedMethodAccessor4.invoke(Unknown Source)
	at sun.reflect.DelegatingMethodAccessorImpl.invoke(DelegatingMethodAccessorImpl.java:43)
	at java.lang.reflect.Method.invoke(Method.java:606)
	at org.apache.tools.ant.dispatch.DispatchUtils.execute(DispatchUtils.java:106)
	at org.apache.tools.ant.Task.perform(Task.java:348)
	at org.apache.tools.ant.Target.execute(Target.java:392)
	at org.apache.tools.ant.Target.performTasks(Target.java:413)
	at org.apache.tools.ant.Project.executeSortedTargets(Project.java:1399)
	at org.apache.tools.ant.Project.executeTarget(Project.java:1368)
	at org.apache.tools.ant.helper.DefaultExecutor.executeTargets(DefaultExecutor.java:41)
	at org.apache.tools.ant.Project.executeTargets(Project.java:1251)
	at org.apache.tools.ant.Main.runBuild(Main.java:811)
	at org.apache.tools.ant.Main.startAnt(Main.java:217)
	at org.apache.tools.ant.launch.Launcher.run(Launcher.java:280)
	at org.apache.tools.ant.launch.Launcher.main(Launcher.java:109)
Caused by: java.lang.UnsupportedOperationException: THIS 1 [sourcename: testcode] is not a string node
	... 59 more
--- com.google.javascript.jscomp.InlineVariablesTest::testNoInlineAliases7b
java.lang.RuntimeException: INTERNAL COMPILER ERROR.
Please report this problem.
THIS 1 [sourcename: testcode] is not a string node
  Node(BLOCK): testcode:1:45
[source unknown]
  Parent(FUNCTION f): testcode:1:41
[source unknown]

	at com.google.javascript.rhino.Node.getString(Node.java:974)
	at com.google.javascript.jscomp.NodeUtil.functionCallHasSideEffects(NodeUtil.java:959)
	at com.google.javascript.jscomp.NodeUtil.nodeTypeMayHaveSideEffects(NodeUtil.java:1023)
	at com.google.javascript.jscomp.NodeUtil.nodeTypeMayHaveSideEffects(NodeUtil.java:1008)
	at com.google.javascript.jscomp.NodeIterators$LocalVarMotion.advanceLookAhead(NodeIterators.java:276)
	at com.google.javascript.jscomp.NodeIterators$LocalVarMotion.next(NodeIterators.java:211)
	at com.google.javascript.jscomp.NodeIterators$LocalVarMotion.next(NodeIterators.java:153)
	at com.google.javascript.jscomp.InlineVariables$InliningBehavior.canMoveModerately(InlineVariables.java:620)
	at com.google.javascript.jscomp.InlineVariables$InliningBehavior.canInline(InlineVariables.java:576)
	at com.google.javascript.jscomp.InlineVariables$InliningBehavior.inlineNonConstants(InlineVariables.java:284)
	at com.google.javascript.jscomp.InlineVariables$InliningBehavior.doInlinesForScope(InlineVariables.java:221)
	at com.google.javascript.jscomp.InlineVariables$InliningBehavior.afterExitScope(InlineVariables.java:162)
	at com.google.javascript.jscomp.ReferenceCollectingCallback.exitScope(ReferenceCollectingCallback.java:173)
	at com.google.javascript.jscomp.NodeTraversal.popScope(NodeTraversal.java:544)
	at com.google.javascript.jscomp.NodeTraversal.traverseFunction(NodeTraversal.java:504)
	at com.google.javascript.jscomp.NodeTraversal.traverseBranch(NodeTraversal.java:449)
	at com.google.javascript.jscomp.NodeTraversal.traverseBranch(NodeTraversal.java:457)
	at com.google.javascript.jscomp.NodeTraversal.traverseBranch(NodeTraversal.java:457)
	at com.google.javascript.jscomp.NodeTraversal.traverseRoots(NodeTraversal.java:275)
	at com.google.javascript.jscomp.NodeTraversal.traverseRoots(NodeTraversal.java:431)
	at com.google.javascript.jscomp.ReferenceCollectingCallback.process(ReferenceCollectingCallback.java:106)
	at com.google.javascript.jscomp.InlineVariables.process(InlineVariables.java:88)
	at com.google.javascript.jscomp.CompilerTestCase.test(CompilerTestCase.java:765)
	at com.google.javascript.jscomp.CompilerTestCase.test(CompilerTestCase.java:423)
	at com.google.javascript.jscomp.CompilerTestCase.test(CompilerTestCase.java:348)
	at com.google.javascript.jscomp.CompilerTestCase.test(CompilerTestCase.java:317)
	at com.google.javascript.jscomp.CompilerTestCase.test(CompilerTestCase.java:305)
	at com.google.javascript.jscomp.CompilerTestCase.testSame(CompilerTestCase.java:537)
	at com.google.javascript.jscomp.InlineVariablesTest.testNoInlineAliases7b(InlineVariablesTest.java:710)
	at sun.reflect.NativeMethodAccessorImpl.invoke0(Native Method)
	at sun.reflect.NativeMethodAccessorImpl.invoke(NativeMethodAccessorImpl.java:57)
	at sun.reflect.DelegatingMethodAccessorImpl.invoke(DelegatingMethodAccessorImpl.java:43)
	at java.lang.reflect.Method.invoke(Method.java:606)
	at junit.framework.TestCase.runTest(TestCase.java:176)
	at junit.framework.TestCase.runBare(TestCase.java:141)
	at junit.framework.TestResult$1.protect(TestResult.java:122)
	at junit.framework.TestResult.runProtected(TestResult.java:142)
	at junit.framework.TestResult.run(TestResult.java:125)
	at junit.framework.TestCase.run(TestCase.java:129)
	at junit.framework.TestSuite.runTest(TestSuite.java:255)
	at junit.framework.TestSuite.run(TestSuite.java:250)
	at org.apache.tools.ant.taskdefs.optional.junit.JUnitTestRunner.run(JUnitTestRunner.java:520)
	at org.apache.tools.ant.taskdefs.optional.junit.JUnitTask.executeInVM(JUnitTask.java:1478)
	at org.apache.tools.ant.taskdefs.optional.junit.JUnitTask.execute(JUnitTask.java:860)
	at org.apache.tools.ant.taskdefs.optional.junit.JUnitTask.executeOrQueue(JUnitTask.java:1968)
	at org.apache.tools.ant.taskdefs.optional.junit.JUnitTask.execute1(JUnitTask.java:812)
	at org.apache.tools.ant.taskdefs.optional.junit.JUnitTask.execute(JUnitTask.java:2271)
	at org.apache.tools.ant.UnknownElement.execute(UnknownElement.java:291)
	at sun.reflect.GeneratedMethodAccessor4.invoke(Unknown Source)
	at sun.reflect.DelegatingMethodAccessorImpl.invoke(DelegatingMethodAccessorImpl.java:43)
	at java.lang.reflect.Method.invoke(Method.java:606)
	at org.apache.tools.ant.dispatch.DispatchUtils.execute(DispatchUtils.java:106)
	at org.apache.tools.ant.Task.perform(Task.java:348)
	at org.apache.tools.ant.Target.execute(Target.java:392)
	at org.apache.tools.ant.Target.performTasks(Target.java:413)
	at org.apache.tools.ant.Project.executeSortedTargets(Project.java:1399)
	at org.apache.tools.ant.Project.executeTarget(Project.java:1368)
	at org.apache.tools.ant.helper.DefaultExecutor.executeTargets(DefaultExecutor.java:41)
	at org.apache.tools.ant.Project.executeTargets(Project.java:1251)
	at org.apache.tools.ant.Main.runBuild(Main.java:811)
	at org.apache.tools.ant.Main.startAnt(Main.java:217)
	at org.apache.tools.ant.launch.Launcher.run(Launcher.java:280)
	at org.apache.tools.ant.launch.Launcher.main(Launcher.java:109)
Caused by: java.lang.UnsupportedOperationException: THIS 1 [sourcename: testcode] is not a string node
	... 63 more
--- com.google.javascript.jscomp.InlineVariablesTest::testNoInlineAliases2
java.lang.RuntimeException: INTERNAL COMPILER ERROR.
Please report this problem.
THIS 1 [sourcename: testcode] is not a string node
  Node(BLOCK): testcode:-1:-1
[source unknown]
  Parent(BLOCK): testcode:-1:-1
[source unknown]

	at com.google.javascript.rhino.Node.getString(Node.java:974)
	at com.google.javascript.jscomp.NodeUtil.functionCallHasSideEffects(NodeUtil.java:959)
	at com.google.javascript.jscomp.NodeUtil.checkForStateChangeHelper(NodeUtil.java:799)
	at com.google.javascript.jscomp.NodeUtil.mayHaveSideEffects(NodeUtil.java:714)
	at com.google.javascript.jscomp.NodeUtil.mayHaveSideEffects(NodeUtil.java:710)
	at com.google.javascript.jscomp.NodeIterators$LocalVarMotion.<init>(NodeIterators.java:197)
	at com.google.javascript.jscomp.NodeIterators$LocalVarMotion.forVar(NodeIterators.java:171)
	at com.google.javascript.jscomp.InlineVariables$InliningBehavior.canMoveModerately(InlineVariables.java:602)
	at com.google.javascript.jscomp.InlineVariables$InliningBehavior.canInline(InlineVariables.java:576)
	at com.google.javascript.jscomp.InlineVariables$InliningBehavior.inlineNonConstants(InlineVariables.java:284)
	at com.google.javascript.jscomp.InlineVariables$InliningBehavior.doInlinesForScope(InlineVariables.java:221)
	at com.google.javascript.jscomp.InlineVariables$InliningBehavior.afterExitScope(InlineVariables.java:162)
	at com.google.javascript.jscomp.ReferenceCollectingCallback.exitScope(ReferenceCollectingCallback.java:171)
	at com.google.javascript.jscomp.NodeTraversal.popScope(NodeTraversal.java:544)
	at com.google.javascript.jscomp.NodeTraversal.traverseRoots(NodeTraversal.java:278)
	at com.google.javascript.jscomp.NodeTraversal.traverseRoots(NodeTraversal.java:431)
	at com.google.javascript.jscomp.ReferenceCollectingCallback.process(ReferenceCollectingCallback.java:106)
	at com.google.javascript.jscomp.InlineVariables.process(InlineVariables.java:88)
	at com.google.javascript.jscomp.CompilerTestCase.test(CompilerTestCase.java:765)
	at com.google.javascript.jscomp.CompilerTestCase.test(CompilerTestCase.java:423)
	at com.google.javascript.jscomp.CompilerTestCase.test(CompilerTestCase.java:348)
	at com.google.javascript.jscomp.CompilerTestCase.test(CompilerTestCase.java:317)
	at com.google.javascript.jscomp.CompilerTestCase.test(CompilerTestCase.java:305)
	at com.google.javascript.jscomp.CompilerTestCase.testSame(CompilerTestCase.java:537)
	at com.google.javascript.jscomp.InlineVariablesTest.testNoInlineAliases2(InlineVariablesTest.java:644)
	at sun.reflect.NativeMethodAccessorImpl.invoke0(Native Method)
	at sun.reflect.NativeMethodAccessorImpl.invoke(NativeMethodAccessorImpl.java:57)
	at sun.reflect.DelegatingMethodAccessorImpl.invoke(DelegatingMethodAccessorImpl.java:43)
	at java.lang.reflect.Method.invoke(Method.java:606)
	at junit.framework.TestCase.runTest(TestCase.java:176)
	at junit.framework.TestCase.runBare(TestCase.java:141)
	at junit.framework.TestResult$1.protect(TestResult.java:122)
	at junit.framework.TestResult.runProtected(TestResult.java:142)
	at junit.framework.TestResult.run(TestResult.java:125)
	at junit.framework.TestCase.run(TestCase.java:129)
	at junit.framework.TestSuite.runTest(TestSuite.java:255)
	at junit.framework.TestSuite.run(TestSuite.java:250)
	at org.apache.tools.ant.taskdefs.optional.junit.JUnitTestRunner.run(JUnitTestRunner.java:520)
	at org.apache.tools.ant.taskdefs.optional.junit.JUnitTask.executeInVM(JUnitTask.java:1478)
	at org.apache.tools.ant.taskdefs.optional.junit.JUnitTask.execute(JUnitTask.java:860)
	at org.apache.tools.ant.taskdefs.optional.junit.JUnitTask.executeOrQueue(JUnitTask.java:1968)
	at org.apache.tools.ant.taskdefs.optional.junit.JUnitTask.execute1(JUnitTask.java:812)
	at org.apache.tools.ant.taskdefs.optional.junit.JUnitTask.execute(JUnitTask.java:2271)
	at org.apache.tools.ant.UnknownElement.execute(UnknownElement.java:291)
	at sun.reflect.GeneratedMethodAccessor4.invoke(Unknown Source)
	at sun.reflect.DelegatingMethodAccessorImpl.invoke(DelegatingMethodAccessorImpl.java:43)
	at java.lang.reflect.Method.invoke(Method.java:606)
	at org.apache.tools.ant.dispatch.DispatchUtils.execute(DispatchUtils.java:106)
	at org.apache.tools.ant.Task.perform(Task.java:348)
	at org.apache.tools.ant.Target.execute(Target.java:392)
	at org.apache.tools.ant.Target.performTasks(Target.java:413)
	at org.apache.tools.ant.Project.executeSortedTargets(Project.java:1399)
	at org.apache.tools.ant.Project.executeTarget(Project.java:1368)
	at org.apache.tools.ant.helper.DefaultExecutor.executeTargets(DefaultExecutor.java:41)
	at org.apache.tools.ant.Project.executeTargets(Project.java:1251)
	at org.apache.tools.ant.Main.runBuild(Main.java:811)
	at org.apache.tools.ant.Main.startAnt(Main.java:217)
	at org.apache.tools.ant.launch.Launcher.run(Launcher.java:280)
	at org.apache.tools.ant.launch.Launcher.main(Launcher.java:109)
Caused by: java.lang.UnsupportedOperationException: THIS 1 [sourcename: testcode] is not a string node
	... 59 more
--- com.google.javascript.jscomp.InlineVariablesTest::testNoInlineAliases5
java.lang.RuntimeException: INTERNAL COMPILER ERROR.
Please report this problem.
THIS 1 [sourcename: testcode] is not a string node
  Node(BLOCK): testcode:-1:-1
[source unknown]
  Parent(BLOCK): testcode:-1:-1
[source unknown]

	at com.google.javascript.rhino.Node.getString(Node.java:974)
	at com.google.javascript.jscomp.NodeUtil.functionCallHasSideEffects(NodeUtil.java:959)
	at com.google.javascript.jscomp.NodeUtil.nodeTypeMayHaveSideEffects(NodeUtil.java:1023)
	at com.google.javascript.jscomp.NodeUtil.nodeTypeMayHaveSideEffects(NodeUtil.java:1008)
	at com.google.javascript.jscomp.NodeIterators$LocalVarMotion.advanceLookAhead(NodeIterators.java:276)
	at com.google.javascript.jscomp.NodeIterators$LocalVarMotion.next(NodeIterators.java:211)
	at com.google.javascript.jscomp.NodeIterators$LocalVarMotion.next(NodeIterators.java:153)
	at com.google.javascript.jscomp.InlineVariables$InliningBehavior.canMoveModerately(InlineVariables.java:620)
	at com.google.javascript.jscomp.InlineVariables$InliningBehavior.canInline(InlineVariables.java:576)
	at com.google.javascript.jscomp.InlineVariables$InliningBehavior.inlineNonConstants(InlineVariables.java:284)
	at com.google.javascript.jscomp.InlineVariables$InliningBehavior.doInlinesForScope(InlineVariables.java:221)
	at com.google.javascript.jscomp.InlineVariables$InliningBehavior.afterExitScope(InlineVariables.java:162)
	at com.google.javascript.jscomp.ReferenceCollectingCallback.exitScope(ReferenceCollectingCallback.java:171)
	at com.google.javascript.jscomp.NodeTraversal.popScope(NodeTraversal.java:544)
	at com.google.javascript.jscomp.NodeTraversal.traverseRoots(NodeTraversal.java:278)
	at com.google.javascript.jscomp.NodeTraversal.traverseRoots(NodeTraversal.java:431)
	at com.google.javascript.jscomp.ReferenceCollectingCallback.process(ReferenceCollectingCallback.java:106)
	at com.google.javascript.jscomp.InlineVariables.process(InlineVariables.java:88)
	at com.google.javascript.jscomp.CompilerTestCase.test(CompilerTestCase.java:765)
	at com.google.javascript.jscomp.CompilerTestCase.test(CompilerTestCase.java:423)
	at com.google.javascript.jscomp.CompilerTestCase.test(CompilerTestCase.java:348)
	at com.google.javascript.jscomp.CompilerTestCase.test(CompilerTestCase.java:317)
	at com.google.javascript.jscomp.CompilerTestCase.test(CompilerTestCase.java:305)
	at com.google.javascript.jscomp.CompilerTestCase.testSame(CompilerTestCase.java:537)
	at com.google.javascript.jscomp.InlineVariablesTest.testNoInlineAliases5(InlineVariablesTest.java:680)
	at sun.reflect.NativeMethodAccessorImpl.invoke0(Native Method)
	at sun.reflect.NativeMethodAccessorImpl.invoke(NativeMethodAccessorImpl.java:57)
	at sun.reflect.DelegatingMethodAccessorImpl.invoke(DelegatingMethodAccessorImpl.java:43)
	at java.lang.reflect.Method.invoke(Method.java:606)
	at junit.framework.TestCase.runTest(TestCase.java:176)
	at junit.framework.TestCase.runBare(TestCase.java:141)
	at junit.framework.TestResult$1.protect(TestResult.java:122)
	at junit.framework.TestResult.runProtected(TestResult.java:142)
	at junit.framework.TestResult.run(TestResult.java:125)
	at junit.framework.TestCase.run(TestCase.java:129)
	at junit.framework.TestSuite.runTest(TestSuite.java:255)
	at junit.framework.TestSuite.run(TestSuite.java:250)
	at org.apache.tools.ant.taskdefs.optional.junit.JUnitTestRunner.run(JUnitTestRunner.java:520)
	at org.apache.tools.ant.taskdefs.optional.junit.JUnitTask.executeInVM(JUnitTask.java:1478)
	at org.apache.tools.ant.taskdefs.optional.junit.JUnitTask.execute(JUnitTask.java:860)
	at org.apache.tools.ant.taskdefs.optional.junit.JUnitTask.executeOrQueue(JUnitTask.java:1968)
	at org.apache.tools.ant.taskdefs.optional.junit.JUnitTask.execute1(JUnitTask.java:812)
	at org.apache.tools.ant.taskdefs.optional.junit.JUnitTask.execute(JUnitTask.java:2271)
	at org.apache.tools.ant.UnknownElement.execute(UnknownElement.java:291)
	at sun.reflect.GeneratedMethodAccessor4.invoke(Unknown Source)
	at sun.reflect.DelegatingMethodAccessorImpl.invoke(DelegatingMethodAccessorImpl.java:43)
	at java.lang.reflect.Method.invoke(Method.java:606)
	at org.apache.tools.ant.dispatch.DispatchUtils.execute(DispatchUtils.java:106)
	at org.apache.tools.ant.Task.perform(Task.java:348)
	at org.apache.tools.ant.Target.execute(Target.java:392)
	at org.apache.tools.ant.Target.performTasks(Target.java:413)
	at org.apache.tools.ant.Project.executeSortedTargets(Project.java:1399)
	at org.apache.tools.ant.Project.executeTarget(Project.java:1368)
	at org.apache.tools.ant.helper.DefaultExecutor.executeTargets(DefaultExecutor.java:41)
	at org.apache.tools.ant.Project.executeTargets(Project.java:1251)
	at org.apache.tools.ant.Main.runBuild(Main.java:811)
	at org.apache.tools.ant.Main.startAnt(Main.java:217)
	at org.apache.tools.ant.launch.Launcher.run(Launcher.java:280)
	at org.apache.tools.ant.launch.Launcher.main(Launcher.java:109)
Caused by: java.lang.UnsupportedOperationException: THIS 1 [sourcename: testcode] is not a string node
	... 59 more
--- com.google.javascript.jscomp.InlineVariablesTest::testNoInlineAliases6
java.lang.RuntimeException: INTERNAL COMPILER ERROR.
Please report this problem.
THIS 1 [sourcename: testcode] is not a string node
  Node(BLOCK): testcode:-1:-1
[source unknown]
  Parent(BLOCK): testcode:-1:-1
[source unknown]

	at com.google.javascript.rhino.Node.getString(Node.java:974)
	at com.google.javascript.jscomp.NodeUtil.functionCallHasSideEffects(NodeUtil.java:959)
	at com.google.javascript.jscomp.NodeUtil.checkForStateChangeHelper(NodeUtil.java:799)
	at com.google.javascript.jscomp.NodeUtil.mayHaveSideEffects(NodeUtil.java:714)
	at com.google.javascript.jscomp.NodeUtil.mayHaveSideEffects(NodeUtil.java:710)
	at com.google.javascript.jscomp.NodeIterators$LocalVarMotion.<init>(NodeIterators.java:197)
	at com.google.javascript.jscomp.NodeIterators$LocalVarMotion.forVar(NodeIterators.java:171)
	at com.google.javascript.jscomp.InlineVariables$InliningBehavior.canMoveModerately(InlineVariables.java:602)
	at com.google.javascript.jscomp.InlineVariables$InliningBehavior.canInline(InlineVariables.java:576)
	at com.google.javascript.jscomp.InlineVariables$InliningBehavior.inlineNonConstants(InlineVariables.java:284)
	at com.google.javascript.jscomp.InlineVariables$InliningBehavior.doInlinesForScope(InlineVariables.java:221)
	at com.google.javascript.jscomp.InlineVariables$InliningBehavior.afterExitScope(InlineVariables.java:162)
	at com.google.javascript.jscomp.ReferenceCollectingCallback.exitScope(ReferenceCollectingCallback.java:171)
	at com.google.javascript.jscomp.NodeTraversal.popScope(NodeTraversal.java:544)
	at com.google.javascript.jscomp.NodeTraversal.traverseRoots(NodeTraversal.java:278)
	at com.google.javascript.jscomp.NodeTraversal.traverseRoots(NodeTraversal.java:431)
	at com.google.javascript.jscomp.ReferenceCollectingCallback.process(ReferenceCollectingCallback.java:106)
	at com.google.javascript.jscomp.InlineVariables.process(InlineVariables.java:88)
	at com.google.javascript.jscomp.CompilerTestCase.test(CompilerTestCase.java:765)
	at com.google.javascript.jscomp.CompilerTestCase.test(CompilerTestCase.java:423)
	at com.google.javascript.jscomp.CompilerTestCase.test(CompilerTestCase.java:348)
	at com.google.javascript.jscomp.CompilerTestCase.test(CompilerTestCase.java:317)
	at com.google.javascript.jscomp.CompilerTestCase.test(CompilerTestCase.java:305)
	at com.google.javascript.jscomp.CompilerTestCase.testSame(CompilerTestCase.java:537)
	at com.google.javascript.jscomp.InlineVariablesTest.testNoInlineAliases6(InlineVariablesTest.java:692)
	at sun.reflect.NativeMethodAccessorImpl.invoke0(Native Method)
	at sun.reflect.NativeMethodAccessorImpl.invoke(NativeMethodAccessorImpl.java:57)
	at sun.reflect.DelegatingMethodAccessorImpl.invoke(DelegatingMethodAccessorImpl.java:43)
	at java.lang.reflect.Method.invoke(Method.java:606)
	at junit.framework.TestCase.runTest(TestCase.java:176)
	at junit.framework.TestCase.runBare(TestCase.java:141)
	at junit.framework.TestResult$1.protect(TestResult.java:122)
	at junit.framework.TestResult.runProtected(TestResult.java:142)
	at junit.framework.TestResult.run(TestResult.java:125)
	at junit.framework.TestCase.run(TestCase.java:129)
	at junit.framework.TestSuite.runTest(TestSuite.java:255)
	at junit.framework.TestSuite.run(TestSuite.java:250)
	at org.apache.tools.ant.taskdefs.optional.junit.JUnitTestRunner.run(JUnitTestRunner.java:520)
	at org.apache.tools.ant.taskdefs.optional.junit.JUnitTask.executeInVM(JUnitTask.java:1478)
	at org.apache.tools.ant.taskdefs.optional.junit.JUnitTask.execute(JUnitTask.java:860)
	at org.apache.tools.ant.taskdefs.optional.junit.JUnitTask.executeOrQueue(JUnitTask.java:1968)
	at org.apache.tools.ant.taskdefs.optional.junit.JUnitTask.execute1(JUnitTask.java:812)
	at org.apache.tools.ant.taskdefs.optional.junit.JUnitTask.execute(JUnitTask.java:2271)
	at org.apache.tools.ant.UnknownElement.execute(UnknownElement.java:291)
	at sun.reflect.GeneratedMethodAccessor4.invoke(Unknown Source)
	at sun.reflect.DelegatingMethodAccessorImpl.invoke(DelegatingMethodAccessorImpl.java:43)
	at java.lang.reflect.Method.invoke(Method.java:606)
	at org.apache.tools.ant.dispatch.DispatchUtils.execute(DispatchUtils.java:106)
	at org.apache.tools.ant.Task.perform(Task.java:348)
	at org.apache.tools.ant.Target.execute(Target.java:392)
	at org.apache.tools.ant.Target.performTasks(Target.java:413)
	at org.apache.tools.ant.Project.executeSortedTargets(Project.java:1399)
	at org.apache.tools.ant.Project.executeTarget(Project.java:1368)
	at org.apache.tools.ant.helper.DefaultExecutor.executeTargets(DefaultExecutor.java:41)
	at org.apache.tools.ant.Project.executeTargets(Project.java:1251)
	at org.apache.tools.ant.Main.runBuild(Main.java:811)
	at org.apache.tools.ant.Main.startAnt(Main.java:217)
	at org.apache.tools.ant.launch.Launcher.run(Launcher.java:280)
	at org.apache.tools.ant.launch.Launcher.main(Launcher.java:109)
Caused by: java.lang.UnsupportedOperationException: THIS 1 [sourcename: testcode] is not a string node
	... 59 more
--- com.google.javascript.jscomp.InlineVariablesTest::testNoInlineAliases7
java.lang.RuntimeException: INTERNAL COMPILER ERROR.
Please report this problem.
THIS 1 [sourcename: testcode] is not a string node
  Node(BLOCK): testcode:1:45
[source unknown]
  Parent(FUNCTION f): testcode:1:41
[source unknown]

	at com.google.javascript.rhino.Node.getString(Node.java:974)
	at com.google.javascript.jscomp.NodeUtil.functionCallHasSideEffects(NodeUtil.java:959)
	at com.google.javascript.jscomp.NodeUtil.nodeTypeMayHaveSideEffects(NodeUtil.java:1023)
	at com.google.javascript.jscomp.NodeUtil.nodeTypeMayHaveSideEffects(NodeUtil.java:1008)
	at com.google.javascript.jscomp.NodeIterators$LocalVarMotion.advanceLookAhead(NodeIterators.java:276)
	at com.google.javascript.jscomp.NodeIterators$LocalVarMotion.next(NodeIterators.java:211)
	at com.google.javascript.jscomp.NodeIterators$LocalVarMotion.next(NodeIterators.java:153)
	at com.google.javascript.jscomp.InlineVariables$InliningBehavior.canMoveModerately(InlineVariables.java:620)
	at com.google.javascript.jscomp.InlineVariables$InliningBehavior.canInline(InlineVariables.java:576)
	at com.google.javascript.jscomp.InlineVariables$InliningBehavior.inlineNonConstants(InlineVariables.java:284)
	at com.google.javascript.jscomp.InlineVariables$InliningBehavior.doInlinesForScope(InlineVariables.java:221)
	at com.google.javascript.jscomp.InlineVariables$InliningBehavior.afterExitScope(InlineVariables.java:162)
	at com.google.javascript.jscomp.ReferenceCollectingCallback.exitScope(ReferenceCollectingCallback.java:173)
	at com.google.javascript.jscomp.NodeTraversal.popScope(NodeTraversal.java:544)
	at com.google.javascript.jscomp.NodeTraversal.traverseFunction(NodeTraversal.java:504)
	at com.google.javascript.jscomp.NodeTraversal.traverseBranch(NodeTraversal.java:449)
	at com.google.javascript.jscomp.NodeTraversal.traverseBranch(NodeTraversal.java:457)
	at com.google.javascript.jscomp.NodeTraversal.traverseBranch(NodeTraversal.java:457)
	at com.google.javascript.jscomp.NodeTraversal.traverseRoots(NodeTraversal.java:275)
	at com.google.javascript.jscomp.NodeTraversal.traverseRoots(NodeTraversal.java:431)
	at com.google.javascript.jscomp.ReferenceCollectingCallback.process(ReferenceCollectingCallback.java:106)
	at com.google.javascript.jscomp.InlineVariables.process(InlineVariables.java:88)
	at com.google.javascript.jscomp.CompilerTestCase.test(CompilerTestCase.java:765)
	at com.google.javascript.jscomp.CompilerTestCase.test(CompilerTestCase.java:423)
	at com.google.javascript.jscomp.CompilerTestCase.test(CompilerTestCase.java:348)
	at com.google.javascript.jscomp.CompilerTestCase.test(CompilerTestCase.java:317)
	at com.google.javascript.jscomp.CompilerTestCase.test(CompilerTestCase.java:305)
	at com.google.javascript.jscomp.CompilerTestCase.testSame(CompilerTestCase.java:537)
	at com.google.javascript.jscomp.InlineVariablesTest.testNoInlineAliases7(InlineVariablesTest.java:704)
	at sun.reflect.NativeMethodAccessorImpl.invoke0(Native Method)
	at sun.reflect.NativeMethodAccessorImpl.invoke(NativeMethodAccessorImpl.java:57)
	at sun.reflect.DelegatingMethodAccessorImpl.invoke(DelegatingMethodAccessorImpl.java:43)
	at java.lang.reflect.Method.invoke(Method.java:606)
	at junit.framework.TestCase.runTest(TestCase.java:176)
	at junit.framework.TestCase.runBare(TestCase.java:141)
	at junit.framework.TestResult$1.protect(TestResult.java:122)
	at junit.framework.TestResult.runProtected(TestResult.java:142)
	at junit.framework.TestResult.run(TestResult.java:125)
	at junit.framework.TestCase.run(TestCase.java:129)
	at junit.framework.TestSuite.runTest(TestSuite.java:255)
	at junit.framework.TestSuite.run(TestSuite.java:250)
	at org.apache.tools.ant.taskdefs.optional.junit.JUnitTestRunner.run(JUnitTestRunner.java:520)
	at org.apache.tools.ant.taskdefs.optional.junit.JUnitTask.executeInVM(JUnitTask.java:1478)
	at org.apache.tools.ant.taskdefs.optional.junit.JUnitTask.execute(JUnitTask.java:860)
	at org.apache.tools.ant.taskdefs.optional.junit.JUnitTask.executeOrQueue(JUnitTask.java:1968)
	at org.apache.tools.ant.taskdefs.optional.junit.JUnitTask.execute1(JUnitTask.java:812)
	at org.apache.tools.ant.taskdefs.optional.junit.JUnitTask.execute(JUnitTask.java:2271)
	at org.apache.tools.ant.UnknownElement.execute(UnknownElement.java:291)
	at sun.reflect.GeneratedMethodAccessor4.invoke(Unknown Source)
	at sun.reflect.DelegatingMethodAccessorImpl.invoke(DelegatingMethodAccessorImpl.java:43)
	at java.lang.reflect.Method.invoke(Method.java:606)
	at org.apache.tools.ant.dispatch.DispatchUtils.execute(DispatchUtils.java:106)
	at org.apache.tools.ant.Task.perform(Task.java:348)
	at org.apache.tools.ant.Target.execute(Target.java:392)
	at org.apache.tools.ant.Target.performTasks(Target.java:413)
	at org.apache.tools.ant.Project.executeSortedTargets(Project.java:1399)
	at org.apache.tools.ant.Project.executeTarget(Project.java:1368)
	at org.apache.tools.ant.helper.DefaultExecutor.executeTargets(DefaultExecutor.java:41)
	at org.apache.tools.ant.Project.executeTargets(Project.java:1251)
	at org.apache.tools.ant.Main.runBuild(Main.java:811)
	at org.apache.tools.ant.Main.startAnt(Main.java:217)
	at org.apache.tools.ant.launch.Launcher.run(Launcher.java:280)
	at org.apache.tools.ant.launch.Launcher.main(Launcher.java:109)
Caused by: java.lang.UnsupportedOperationException: THIS 1 [sourcename: testcode] is not a string node
	... 63 more
--- com.google.javascript.jscomp.InlineVariablesTest::testInlineAliases1b
java.lang.RuntimeException: INTERNAL COMPILER ERROR.
Please report this problem.
THIS 1 [sourcename: testcode] is not a string node
  Node(BLOCK): testcode:-1:-1
[source unknown]
  Parent(BLOCK): testcode:-1:-1
[source unknown]

	at com.google.javascript.rhino.Node.getString(Node.java:974)
	at com.google.javascript.jscomp.NodeUtil.functionCallHasSideEffects(NodeUtil.java:959)
	at com.google.javascript.jscomp.NodeUtil.checkForStateChangeHelper(NodeUtil.java:799)
	at com.google.javascript.jscomp.NodeUtil.mayHaveSideEffects(NodeUtil.java:714)
	at com.google.javascript.jscomp.NodeUtil.mayHaveSideEffects(NodeUtil.java:710)
	at com.google.javascript.jscomp.NodeIterators$LocalVarMotion.<init>(NodeIterators.java:197)
	at com.google.javascript.jscomp.NodeIterators$LocalVarMotion.forVar(NodeIterators.java:171)
	at com.google.javascript.jscomp.InlineVariables$InliningBehavior.canMoveModerately(InlineVariables.java:602)
	at com.google.javascript.jscomp.InlineVariables$InliningBehavior.canInline(InlineVariables.java:576)
	at com.google.javascript.jscomp.InlineVariables$InliningBehavior.inlineNonConstants(InlineVariables.java:284)
	at com.google.javascript.jscomp.InlineVariables$InliningBehavior.doInlinesForScope(InlineVariables.java:221)
	at com.google.javascript.jscomp.InlineVariables$InliningBehavior.afterExitScope(InlineVariables.java:162)
	at com.google.javascript.jscomp.ReferenceCollectingCallback.exitScope(ReferenceCollectingCallback.java:171)
	at com.google.javascript.jscomp.NodeTraversal.popScope(NodeTraversal.java:544)
	at com.google.javascript.jscomp.NodeTraversal.traverseRoots(NodeTraversal.java:278)
	at com.google.javascript.jscomp.NodeTraversal.traverseRoots(NodeTraversal.java:431)
	at com.google.javascript.jscomp.ReferenceCollectingCallback.process(ReferenceCollectingCallback.java:106)
	at com.google.javascript.jscomp.InlineVariables.process(InlineVariables.java:88)
	at com.google.javascript.jscomp.CompilerTestCase.test(CompilerTestCase.java:765)
	at com.google.javascript.jscomp.CompilerTestCase.test(CompilerTestCase.java:423)
	at com.google.javascript.jscomp.CompilerTestCase.test(CompilerTestCase.java:348)
	at com.google.javascript.jscomp.CompilerTestCase.test(CompilerTestCase.java:317)
	at com.google.javascript.jscomp.CompilerTestCase.test(CompilerTestCase.java:305)
	at com.google.javascript.jscomp.InlineVariablesTest.testInlineAliases1b(InlineVariablesTest.java:563)
	at sun.reflect.NativeMethodAccessorImpl.invoke0(Native Method)
	at sun.reflect.NativeMethodAccessorImpl.invoke(NativeMethodAccessorImpl.java:57)
	at sun.reflect.DelegatingMethodAccessorImpl.invoke(DelegatingMethodAccessorImpl.java:43)
	at java.lang.reflect.Method.invoke(Method.java:606)
	at junit.framework.TestCase.runTest(TestCase.java:176)
	at junit.framework.TestCase.runBare(TestCase.java:141)
	at junit.framework.TestResult$1.protect(TestResult.java:122)
	at junit.framework.TestResult.runProtected(TestResult.java:142)
	at junit.framework.TestResult.run(TestResult.java:125)
	at junit.framework.TestCase.run(TestCase.java:129)
	at junit.framework.TestSuite.runTest(TestSuite.java:255)
	at junit.framework.TestSuite.run(TestSuite.java:250)
	at org.apache.tools.ant.taskdefs.optional.junit.JUnitTestRunner.run(JUnitTestRunner.java:520)
	at org.apache.tools.ant.taskdefs.optional.junit.JUnitTask.executeInVM(JUnitTask.java:1478)
	at org.apache.tools.ant.taskdefs.optional.junit.JUnitTask.execute(JUnitTask.java:860)
	at org.apache.tools.ant.taskdefs.optional.junit.JUnitTask.executeOrQueue(JUnitTask.java:1968)
	at org.apache.tools.ant.taskdefs.optional.junit.JUnitTask.execute1(JUnitTask.java:812)
	at org.apache.tools.ant.taskdefs.optional.junit.JUnitTask.execute(JUnitTask.java:2271)
	at org.apache.tools.ant.UnknownElement.execute(UnknownElement.java:291)
	at sun.reflect.GeneratedMethodAccessor4.invoke(Unknown Source)
	at sun.reflect.DelegatingMethodAccessorImpl.invoke(DelegatingMethodAccessorImpl.java:43)
	at java.lang.reflect.Method.invoke(Method.java:606)
	at org.apache.tools.ant.dispatch.DispatchUtils.execute(DispatchUtils.java:106)
	at org.apache.tools.ant.Task.perform(Task.java:348)
	at org.apache.tools.ant.Target.execute(Target.java:392)
	at org.apache.tools.ant.Target.performTasks(Target.java:413)
	at org.apache.tools.ant.Project.executeSortedTargets(Project.java:1399)
	at org.apache.tools.ant.Project.executeTarget(Project.java:1368)
	at org.apache.tools.ant.helper.DefaultExecutor.executeTargets(DefaultExecutor.java:41)
	at org.apache.tools.ant.Project.executeTargets(Project.java:1251)
	at org.apache.tools.ant.Main.runBuild(Main.java:811)
	at org.apache.tools.ant.Main.startAnt(Main.java:217)
	at org.apache.tools.ant.launch.Launcher.run(Launcher.java:280)
	at org.apache.tools.ant.launch.Launcher.main(Launcher.java:109)
Caused by: java.lang.UnsupportedOperationException: THIS 1 [sourcename: testcode] is not a string node
	... 58 more
--- com.google.javascript.jscomp.InlineVariablesTest::testInlineAliases1c
java.lang.RuntimeException: INTERNAL COMPILER ERROR.
Please report this problem.
THIS 1 [sourcename: testcode] is not a string node
  Node(BLOCK): testcode:-1:-1
[source unknown]
  Parent(BLOCK): testcode:-1:-1
[source unknown]

	at com.google.javascript.rhino.Node.getString(Node.java:974)
	at com.google.javascript.jscomp.NodeUtil.functionCallHasSideEffects(NodeUtil.java:959)
	at com.google.javascript.jscomp.NodeUtil.checkForStateChangeHelper(NodeUtil.java:799)
	at com.google.javascript.jscomp.NodeUtil.mayHaveSideEffects(NodeUtil.java:714)
	at com.google.javascript.jscomp.NodeUtil.mayHaveSideEffects(NodeUtil.java:710)
	at com.google.javascript.jscomp.NodeIterators$LocalVarMotion.<init>(NodeIterators.java:197)
	at com.google.javascript.jscomp.NodeIterators$LocalVarMotion.forAssign(NodeIterators.java:185)
	at com.google.javascript.jscomp.InlineVariables$InliningBehavior.canMoveModerately(InlineVariables.java:609)
	at com.google.javascript.jscomp.InlineVariables$InliningBehavior.canInline(InlineVariables.java:576)
	at com.google.javascript.jscomp.InlineVariables$InliningBehavior.inlineNonConstants(InlineVariables.java:284)
	at com.google.javascript.jscomp.InlineVariables$InliningBehavior.doInlinesForScope(InlineVariables.java:221)
	at com.google.javascript.jscomp.InlineVariables$InliningBehavior.afterExitScope(InlineVariables.java:162)
	at com.google.javascript.jscomp.ReferenceCollectingCallback.exitScope(ReferenceCollectingCallback.java:171)
	at com.google.javascript.jscomp.NodeTraversal.popScope(NodeTraversal.java:544)
	at com.google.javascript.jscomp.NodeTraversal.traverseRoots(NodeTraversal.java:278)
	at com.google.javascript.jscomp.NodeTraversal.traverseRoots(NodeTraversal.java:431)
	at com.google.javascript.jscomp.ReferenceCollectingCallback.process(ReferenceCollectingCallback.java:106)
	at com.google.javascript.jscomp.InlineVariables.process(InlineVariables.java:88)
	at com.google.javascript.jscomp.CompilerTestCase.test(CompilerTestCase.java:765)
	at com.google.javascript.jscomp.CompilerTestCase.test(CompilerTestCase.java:423)
	at com.google.javascript.jscomp.CompilerTestCase.test(CompilerTestCase.java:348)
	at com.google.javascript.jscomp.CompilerTestCase.test(CompilerTestCase.java:317)
	at com.google.javascript.jscomp.CompilerTestCase.test(CompilerTestCase.java:305)
	at com.google.javascript.jscomp.InlineVariablesTest.testInlineAliases1c(InlineVariablesTest.java:568)
	at sun.reflect.NativeMethodAccessorImpl.invoke0(Native Method)
	at sun.reflect.NativeMethodAccessorImpl.invoke(NativeMethodAccessorImpl.java:57)
	at sun.reflect.DelegatingMethodAccessorImpl.invoke(DelegatingMethodAccessorImpl.java:43)
	at java.lang.reflect.Method.invoke(Method.java:606)
	at junit.framework.TestCase.runTest(TestCase.java:176)
	at junit.framework.TestCase.runBare(TestCase.java:141)
	at junit.framework.TestResult$1.protect(TestResult.java:122)
	at junit.framework.TestResult.runProtected(TestResult.java:142)
	at junit.framework.TestResult.run(TestResult.java:125)
	at junit.framework.TestCase.run(TestCase.java:129)
	at junit.framework.TestSuite.runTest(TestSuite.java:255)
	at junit.framework.TestSuite.run(TestSuite.java:250)
	at org.apache.tools.ant.taskdefs.optional.junit.JUnitTestRunner.run(JUnitTestRunner.java:520)
	at org.apache.tools.ant.taskdefs.optional.junit.JUnitTask.executeInVM(JUnitTask.java:1478)
	at org.apache.tools.ant.taskdefs.optional.junit.JUnitTask.execute(JUnitTask.java:860)
	at org.apache.tools.ant.taskdefs.optional.junit.JUnitTask.executeOrQueue(JUnitTask.java:1968)
	at org.apache.tools.ant.taskdefs.optional.junit.JUnitTask.execute1(JUnitTask.java:812)
	at org.apache.tools.ant.taskdefs.optional.junit.JUnitTask.execute(JUnitTask.java:2271)
	at org.apache.tools.ant.UnknownElement.execute(UnknownElement.java:291)
	at sun.reflect.GeneratedMethodAccessor4.invoke(Unknown Source)
	at sun.reflect.DelegatingMethodAccessorImpl.invoke(DelegatingMethodAccessorImpl.java:43)
	at java.lang.reflect.Method.invoke(Method.java:606)
	at org.apache.tools.ant.dispatch.DispatchUtils.execute(DispatchUtils.java:106)
	at org.apache.tools.ant.Task.perform(Task.java:348)
	at org.apache.tools.ant.Target.execute(Target.java:392)
	at org.apache.tools.ant.Target.performTasks(Target.java:413)
	at org.apache.tools.ant.Project.executeSortedTargets(Project.java:1399)
	at org.apache.tools.ant.Project.executeTarget(Project.java:1368)
	at org.apache.tools.ant.helper.DefaultExecutor.executeTargets(DefaultExecutor.java:41)
	at org.apache.tools.ant.Project.executeTargets(Project.java:1251)
	at org.apache.tools.ant.Main.runBuild(Main.java:811)
	at org.apache.tools.ant.Main.startAnt(Main.java:217)
	at org.apache.tools.ant.launch.Launcher.run(Launcher.java:280)
	at org.apache.tools.ant.launch.Launcher.main(Launcher.java:109)
Caused by: java.lang.UnsupportedOperationException: THIS 1 [sourcename: testcode] is not a string node
	... 58 more
--- com.google.javascript.jscomp.InlineVariablesTest::testInlineAliases1d
java.lang.RuntimeException: INTERNAL COMPILER ERROR.
Please report this problem.
THIS 1 [sourcename: testcode] is not a string node
  Node(BLOCK): testcode:-1:-1
[source unknown]
  Parent(BLOCK): testcode:-1:-1
[source unknown]

	at com.google.javascript.rhino.Node.getString(Node.java:974)
	at com.google.javascript.jscomp.NodeUtil.functionCallHasSideEffects(NodeUtil.java:959)
	at com.google.javascript.jscomp.NodeUtil.checkForStateChangeHelper(NodeUtil.java:799)
	at com.google.javascript.jscomp.NodeUtil.mayHaveSideEffects(NodeUtil.java:714)
	at com.google.javascript.jscomp.NodeUtil.mayHaveSideEffects(NodeUtil.java:710)
	at com.google.javascript.jscomp.NodeIterators$LocalVarMotion.<init>(NodeIterators.java:197)
	at com.google.javascript.jscomp.NodeIterators$LocalVarMotion.forAssign(NodeIterators.java:185)
	at com.google.javascript.jscomp.InlineVariables$InliningBehavior.canMoveModerately(InlineVariables.java:609)
	at com.google.javascript.jscomp.InlineVariables$InliningBehavior.canInline(InlineVariables.java:576)
	at com.google.javascript.jscomp.InlineVariables$InliningBehavior.inlineNonConstants(InlineVariables.java:284)
	at com.google.javascript.jscomp.InlineVariables$InliningBehavior.doInlinesForScope(InlineVariables.java:221)
	at com.google.javascript.jscomp.InlineVariables$InliningBehavior.afterExitScope(InlineVariables.java:162)
	at com.google.javascript.jscomp.ReferenceCollectingCallback.exitScope(ReferenceCollectingCallback.java:171)
	at com.google.javascript.jscomp.NodeTraversal.popScope(NodeTraversal.java:544)
	at com.google.javascript.jscomp.NodeTraversal.traverseRoots(NodeTraversal.java:278)
	at com.google.javascript.jscomp.NodeTraversal.traverseRoots(NodeTraversal.java:431)
	at com.google.javascript.jscomp.ReferenceCollectingCallback.process(ReferenceCollectingCallback.java:106)
	at com.google.javascript.jscomp.InlineVariables.process(InlineVariables.java:88)
	at com.google.javascript.jscomp.CompilerTestCase.test(CompilerTestCase.java:765)
	at com.google.javascript.jscomp.CompilerTestCase.test(CompilerTestCase.java:423)
	at com.google.javascript.jscomp.CompilerTestCase.test(CompilerTestCase.java:348)
	at com.google.javascript.jscomp.CompilerTestCase.test(CompilerTestCase.java:317)
	at com.google.javascript.jscomp.CompilerTestCase.test(CompilerTestCase.java:305)
	at com.google.javascript.jscomp.InlineVariablesTest.testInlineAliases1d(InlineVariablesTest.java:573)
	at sun.reflect.NativeMethodAccessorImpl.invoke0(Native Method)
	at sun.reflect.NativeMethodAccessorImpl.invoke(NativeMethodAccessorImpl.java:57)
	at sun.reflect.DelegatingMethodAccessorImpl.invoke(DelegatingMethodAccessorImpl.java:43)
	at java.lang.reflect.Method.invoke(Method.java:606)
	at junit.framework.TestCase.runTest(TestCase.java:176)
	at junit.framework.TestCase.runBare(TestCase.java:141)
	at junit.framework.TestResult$1.protect(TestResult.java:122)
	at junit.framework.TestResult.runProtected(TestResult.java:142)
	at junit.framework.TestResult.run(TestResult.java:125)
	at junit.framework.TestCase.run(TestCase.java:129)
	at junit.framework.TestSuite.runTest(TestSuite.java:255)
	at junit.framework.TestSuite.run(TestSuite.java:250)
	at org.apache.tools.ant.taskdefs.optional.junit.JUnitTestRunner.run(JUnitTestRunner.java:520)
	at org.apache.tools.ant.taskdefs.optional.junit.JUnitTask.executeInVM(JUnitTask.java:1478)
	at org.apache.tools.ant.taskdefs.optional.junit.JUnitTask.execute(JUnitTask.java:860)
	at org.apache.tools.ant.taskdefs.optional.junit.JUnitTask.executeOrQueue(JUnitTask.java:1968)
	at org.apache.tools.ant.taskdefs.optional.junit.JUnitTask.execute1(JUnitTask.java:812)
	at org.apache.tools.ant.taskdefs.optional.junit.JUnitTask.execute(JUnitTask.java:2271)
	at org.apache.tools.ant.UnknownElement.execute(UnknownElement.java:291)
	at sun.reflect.GeneratedMethodAccessor4.invoke(Unknown Source)
	at sun.reflect.DelegatingMethodAccessorImpl.invoke(DelegatingMethodAccessorImpl.java:43)
	at java.lang.reflect.Method.invoke(Method.java:606)
	at org.apache.tools.ant.dispatch.DispatchUtils.execute(DispatchUtils.java:106)
	at org.apache.tools.ant.Task.perform(Task.java:348)
	at org.apache.tools.ant.Target.execute(Target.java:392)
	at org.apache.tools.ant.Target.performTasks(Target.java:413)
	at org.apache.tools.ant.Project.executeSortedTargets(Project.java:1399)
	at org.apache.tools.ant.Project.executeTarget(Project.java:1368)
	at org.apache.tools.ant.helper.DefaultExecutor.executeTargets(DefaultExecutor.java:41)
	at org.apache.tools.ant.Project.executeTargets(Project.java:1251)
	at org.apache.tools.ant.Main.runBuild(Main.java:811)
	at org.apache.tools.ant.Main.startAnt(Main.java:217)
	at org.apache.tools.ant.launch.Launcher.run(Launcher.java:280)
	at org.apache.tools.ant.launch.Launcher.main(Launcher.java:109)
Caused by: java.lang.UnsupportedOperationException: THIS 1 [sourcename: testcode] is not a string node
	... 58 more
--- com.google.javascript.jscomp.InlineVariablesTest::testInlineAliases1
java.lang.RuntimeException: INTERNAL COMPILER ERROR.
Please report this problem.
THIS 1 [sourcename: testcode] is not a string node
  Node(BLOCK): testcode:-1:-1
[source unknown]
  Parent(BLOCK): testcode:-1:-1
[source unknown]

	at com.google.javascript.rhino.Node.getString(Node.java:974)
	at com.google.javascript.jscomp.NodeUtil.functionCallHasSideEffects(NodeUtil.java:959)
	at com.google.javascript.jscomp.NodeUtil.checkForStateChangeHelper(NodeUtil.java:799)
	at com.google.javascript.jscomp.NodeUtil.mayHaveSideEffects(NodeUtil.java:714)
	at com.google.javascript.jscomp.NodeUtil.mayHaveSideEffects(NodeUtil.java:710)
	at com.google.javascript.jscomp.NodeIterators$LocalVarMotion.<init>(NodeIterators.java:197)
	at com.google.javascript.jscomp.NodeIterators$LocalVarMotion.forVar(NodeIterators.java:171)
	at com.google.javascript.jscomp.InlineVariables$InliningBehavior.canMoveModerately(InlineVariables.java:602)
	at com.google.javascript.jscomp.InlineVariables$InliningBehavior.canInline(InlineVariables.java:576)
	at com.google.javascript.jscomp.InlineVariables$InliningBehavior.inlineNonConstants(InlineVariables.java:284)
	at com.google.javascript.jscomp.InlineVariables$InliningBehavior.doInlinesForScope(InlineVariables.java:221)
	at com.google.javascript.jscomp.InlineVariables$InliningBehavior.afterExitScope(InlineVariables.java:162)
	at com.google.javascript.jscomp.ReferenceCollectingCallback.exitScope(ReferenceCollectingCallback.java:171)
	at com.google.javascript.jscomp.NodeTraversal.popScope(NodeTraversal.java:544)
	at com.google.javascript.jscomp.NodeTraversal.traverseRoots(NodeTraversal.java:278)
	at com.google.javascript.jscomp.NodeTraversal.traverseRoots(NodeTraversal.java:431)
	at com.google.javascript.jscomp.ReferenceCollectingCallback.process(ReferenceCollectingCallback.java:106)
	at com.google.javascript.jscomp.InlineVariables.process(InlineVariables.java:88)
	at com.google.javascript.jscomp.CompilerTestCase.test(CompilerTestCase.java:765)
	at com.google.javascript.jscomp.CompilerTestCase.test(CompilerTestCase.java:423)
	at com.google.javascript.jscomp.CompilerTestCase.test(CompilerTestCase.java:348)
	at com.google.javascript.jscomp.CompilerTestCase.test(CompilerTestCase.java:317)
	at com.google.javascript.jscomp.CompilerTestCase.test(CompilerTestCase.java:305)
	at com.google.javascript.jscomp.InlineVariablesTest.testInlineAliases1(InlineVariablesTest.java:558)
	at sun.reflect.NativeMethodAccessorImpl.invoke0(Native Method)
	at sun.reflect.NativeMethodAccessorImpl.invoke(NativeMethodAccessorImpl.java:57)
	at sun.reflect.DelegatingMethodAccessorImpl.invoke(DelegatingMethodAccessorImpl.java:43)
	at java.lang.reflect.Method.invoke(Method.java:606)
	at junit.framework.TestCase.runTest(TestCase.java:176)
	at junit.framework.TestCase.runBare(TestCase.java:141)
	at junit.framework.TestResult$1.protect(TestResult.java:122)
	at junit.framework.TestResult.runProtected(TestResult.java:142)
	at junit.framework.TestResult.run(TestResult.java:125)
	at junit.framework.TestCase.run(TestCase.java:129)
	at junit.framework.TestSuite.runTest(TestSuite.java:255)
	at junit.framework.TestSuite.run(TestSuite.java:250)
	at org.apache.tools.ant.taskdefs.optional.junit.JUnitTestRunner.run(JUnitTestRunner.java:520)
	at org.apache.tools.ant.taskdefs.optional.junit.JUnitTask.executeInVM(JUnitTask.java:1478)
	at org.apache.tools.ant.taskdefs.optional.junit.JUnitTask.execute(JUnitTask.java:860)
	at org.apache.tools.ant.taskdefs.optional.junit.JUnitTask.executeOrQueue(JUnitTask.java:1968)
	at org.apache.tools.ant.taskdefs.optional.junit.JUnitTask.execute1(JUnitTask.java:812)
	at org.apache.tools.ant.taskdefs.optional.junit.JUnitTask.execute(JUnitTask.java:2271)
	at org.apache.tools.ant.UnknownElement.execute(UnknownElement.java:291)
	at sun.reflect.GeneratedMethodAccessor4.invoke(Unknown Source)
	at sun.reflect.DelegatingMethodAccessorImpl.invoke(DelegatingMethodAccessorImpl.java:43)
	at java.lang.reflect.Method.invoke(Method.java:606)
	at org.apache.tools.ant.dispatch.DispatchUtils.execute(DispatchUtils.java:106)
	at org.apache.tools.ant.Task.perform(Task.java:348)
	at org.apache.tools.ant.Target.execute(Target.java:392)
	at org.apache.tools.ant.Target.performTasks(Target.java:413)
	at org.apache.tools.ant.Project.executeSortedTargets(Project.java:1399)
	at org.apache.tools.ant.Project.executeTarget(Project.java:1368)
	at org.apache.tools.ant.helper.DefaultExecutor.executeTargets(DefaultExecutor.java:41)
	at org.apache.tools.ant.Project.executeTargets(Project.java:1251)
	at org.apache.tools.ant.Main.runBuild(Main.java:811)
	at org.apache.tools.ant.Main.startAnt(Main.java:217)
	at org.apache.tools.ant.launch.Launcher.run(Launcher.java:280)
	at org.apache.tools.ant.launch.Launcher.main(Launcher.java:109)
Caused by: java.lang.UnsupportedOperationException: THIS 1 [sourcename: testcode] is not a string node
	... 58 more
--- com.google.javascript.jscomp.NodeUtilTest::testRegExpSideEffect
java.lang.UnsupportedOperationException: REGEXP 1 [sourcename:  [testcode] ] [parenthesized: true] is not a string node
	at com.google.javascript.rhino.Node.getString(Node.java:974)
	at com.google.javascript.jscomp.NodeUtil.functionCallHasSideEffects(NodeUtil.java:959)
	at com.google.javascript.jscomp.NodeUtil.checkForStateChangeHelper(NodeUtil.java:799)
	at com.google.javascript.jscomp.NodeUtil.checkForStateChangeHelper(NodeUtil.java:860)
	at com.google.javascript.jscomp.NodeUtil.mayHaveSideEffects(NodeUtil.java:714)
	at com.google.javascript.jscomp.NodeUtilTest.assertSideEffect(NodeUtilTest.java:336)
	at com.google.javascript.jscomp.NodeUtilTest.testRegExpSideEffect(NodeUtilTest.java:430)
	at sun.reflect.NativeMethodAccessorImpl.invoke0(Native Method)
	at sun.reflect.NativeMethodAccessorImpl.invoke(NativeMethodAccessorImpl.java:57)
	at sun.reflect.DelegatingMethodAccessorImpl.invoke(DelegatingMethodAccessorImpl.java:43)
	at java.lang.reflect.Method.invoke(Method.java:606)
	at junit.framework.TestCase.runTest(TestCase.java:176)
	at junit.framework.TestCase.runBare(TestCase.java:141)
	at junit.framework.TestResult$1.protect(TestResult.java:122)
	at junit.framework.TestResult.runProtected(TestResult.java:142)
	at junit.framework.TestResult.run(TestResult.java:125)
	at junit.framework.TestCase.run(TestCase.java:129)
	at junit.framework.TestSuite.runTest(TestSuite.java:255)
	at junit.framework.TestSuite.run(TestSuite.java:250)
	at org.apache.tools.ant.taskdefs.optional.junit.JUnitTestRunner.run(JUnitTestRunner.java:520)
	at org.apache.tools.ant.taskdefs.optional.junit.JUnitTask.executeInVM(JUnitTask.java:1478)
	at org.apache.tools.ant.taskdefs.optional.junit.JUnitTask.execute(JUnitTask.java:860)
	at org.apache.tools.ant.taskdefs.optional.junit.JUnitTask.executeOrQueue(JUnitTask.java:1968)
	at org.apache.tools.ant.taskdefs.optional.junit.JUnitTask.execute1(JUnitTask.java:812)
	at org.apache.tools.ant.taskdefs.optional.junit.JUnitTask.execute(JUnitTask.java:2271)
	at org.apache.tools.ant.UnknownElement.execute(UnknownElement.java:291)
	at sun.reflect.GeneratedMethodAccessor4.invoke(Unknown Source)
	at sun.reflect.DelegatingMethodAccessorImpl.invoke(DelegatingMethodAccessorImpl.java:43)
	at java.lang.reflect.Method.invoke(Method.java:606)
	at org.apache.tools.ant.dispatch.DispatchUtils.execute(DispatchUtils.java:106)
	at org.apache.tools.ant.Task.perform(Task.java:348)
	at org.apache.tools.ant.Target.execute(Target.java:392)
	at org.apache.tools.ant.Target.performTasks(Target.java:413)
	at org.apache.tools.ant.Project.executeSortedTargets(Project.java:1399)
	at org.apache.tools.ant.Project.executeTarget(Project.java:1368)
	at org.apache.tools.ant.helper.DefaultExecutor.executeTargets(DefaultExecutor.java:41)
	at org.apache.tools.ant.Project.executeTargets(Project.java:1251)
	at org.apache.tools.ant.Main.runBuild(Main.java:811)
	at org.apache.tools.ant.Main.startAnt(Main.java:217)
	at org.apache.tools.ant.launch.Launcher.run(Launcher.java:280)
	at org.apache.tools.ant.launch.Launcher.main(Launcher.java:109)
--- com.google.javascript.jscomp.PureFunctionIdentifierTest::testConstructorThatModifiesThis2
java.lang.RuntimeException: INTERNAL COMPILER ERROR.
Please report this problem.
THIS 1 [sourcename: testcode] : A is not a string node
  Node(CALL): testcode:1:38
/**@constructor*/function A(){this.foo()}
  Parent(EXPR_RESULT): testcode:1:30
/**@constructor*/function A(){this.foo()}

	at com.google.javascript.rhino.Node.getString(Node.java:974)
	at com.google.javascript.jscomp.NodeUtil.functionCallHasSideEffects(NodeUtil.java:959)
	at com.google.javascript.jscomp.NodeUtil.nodeTypeMayHaveSideEffects(NodeUtil.java:1023)
	at com.google.javascript.jscomp.NodeUtil.nodeTypeMayHaveSideEffects(NodeUtil.java:1008)
	at com.google.javascript.jscomp.PureFunctionIdentifier$FunctionAnalyzer.visit(PureFunctionIdentifier.java:403)
	at com.google.javascript.jscomp.NodeTraversal.traverseBranch(NodeTraversal.java:464)
	at com.google.javascript.jscomp.NodeTraversal.traverseBranch(NodeTraversal.java:457)
	at com.google.javascript.jscomp.NodeTraversal.traverseBranch(NodeTraversal.java:457)
	at com.google.javascript.jscomp.NodeTraversal.traverseFunction(NodeTraversal.java:502)
	at com.google.javascript.jscomp.NodeTraversal.traverseBranch(NodeTraversal.java:449)
	at com.google.javascript.jscomp.NodeTraversal.traverseBranch(NodeTraversal.java:457)
	at com.google.javascript.jscomp.NodeTraversal.traverseBranch(NodeTraversal.java:457)
	at com.google.javascript.jscomp.NodeTraversal.traverse(NodeTraversal.java:249)
	at com.google.javascript.jscomp.NodeTraversal.traverse(NodeTraversal.java:422)
	at com.google.javascript.jscomp.PureFunctionIdentifier.process(PureFunctionIdentifier.java:112)
	at com.google.javascript.jscomp.PureFunctionIdentifierTest$NoSideEffectCallEnumerator.process(PureFunctionIdentifierTest.java:1232)
	at com.google.javascript.jscomp.CompilerTestCase.test(CompilerTestCase.java:765)
	at com.google.javascript.jscomp.CompilerTestCase.test(CompilerTestCase.java:423)
	at com.google.javascript.jscomp.CompilerTestCase.test(CompilerTestCase.java:348)
	at com.google.javascript.jscomp.CompilerTestCase.test(CompilerTestCase.java:317)
	at com.google.javascript.jscomp.CompilerTestCase.test(CompilerTestCase.java:305)
	at com.google.javascript.jscomp.CompilerTestCase.testSame(CompilerTestCase.java:537)
	at com.google.javascript.jscomp.PureFunctionIdentifierTest.checkMarkedCalls(PureFunctionIdentifierTest.java:1197)
	at com.google.javascript.jscomp.PureFunctionIdentifierTest.testConstructorThatModifiesThis2(PureFunctionIdentifierTest.java:1018)
	at sun.reflect.NativeMethodAccessorImpl.invoke0(Native Method)
	at sun.reflect.NativeMethodAccessorImpl.invoke(NativeMethodAccessorImpl.java:57)
	at sun.reflect.DelegatingMethodAccessorImpl.invoke(DelegatingMethodAccessorImpl.java:43)
	at java.lang.reflect.Method.invoke(Method.java:606)
	at junit.framework.TestCase.runTest(TestCase.java:176)
	at junit.framework.TestCase.runBare(TestCase.java:141)
	at junit.framework.TestResult$1.protect(TestResult.java:122)
	at junit.framework.TestResult.runProtected(TestResult.java:142)
	at junit.framework.TestResult.run(TestResult.java:125)
	at junit.framework.TestCase.run(TestCase.java:129)
	at junit.framework.TestSuite.runTest(TestSuite.java:255)
	at junit.framework.TestSuite.run(TestSuite.java:250)
	at org.apache.tools.ant.taskdefs.optional.junit.JUnitTestRunner.run(JUnitTestRunner.java:520)
	at org.apache.tools.ant.taskdefs.optional.junit.JUnitTask.executeInVM(JUnitTask.java:1478)
	at org.apache.tools.ant.taskdefs.optional.junit.JUnitTask.execute(JUnitTask.java:860)
	at org.apache.tools.ant.taskdefs.optional.junit.JUnitTask.executeOrQueue(JUnitTask.java:1968)
	at org.apache.tools.ant.taskdefs.optional.junit.JUnitTask.execute1(JUnitTask.java:812)
	at org.apache.tools.ant.taskdefs.optional.junit.JUnitTask.execute(JUnitTask.java:2271)
	at org.apache.tools.ant.UnknownElement.execute(UnknownElement.java:291)
	at sun.reflect.GeneratedMethodAccessor4.invoke(Unknown Source)
	at sun.reflect.DelegatingMethodAccessorImpl.invoke(DelegatingMethodAccessorImpl.java:43)
	at java.lang.reflect.Method.invoke(Method.java:606)
	at org.apache.tools.ant.dispatch.DispatchUtils.execute(DispatchUtils.java:106)
	at org.apache.tools.ant.Task.perform(Task.java:348)
	at org.apache.tools.ant.Target.execute(Target.java:392)
	at org.apache.tools.ant.Target.performTasks(Target.java:413)
	at org.apache.tools.ant.Project.executeSortedTargets(Project.java:1399)
	at org.apache.tools.ant.Project.executeTarget(Project.java:1368)
	at org.apache.tools.ant.helper.DefaultExecutor.executeTargets(DefaultExecutor.java:41)
	at org.apache.tools.ant.Project.executeTargets(Project.java:1251)
	at org.apache.tools.ant.Main.runBuild(Main.java:811)
	at org.apache.tools.ant.Main.startAnt(Main.java:217)
	at org.apache.tools.ant.launch.Launcher.run(Launcher.java:280)
	at org.apache.tools.ant.launch.Launcher.main(Launcher.java:109)
Caused by: java.lang.UnsupportedOperationException: THIS 1 [sourcename: testcode] : A is not a string node
	... 58 more
--- com.google.javascript.jscomp.PureFunctionIdentifierTest::testConstructorThatModifiesThis3
java.lang.RuntimeException: INTERNAL COMPILER ERROR.
Please report this problem.
THIS 1 [sourcename: testcode] : A is not a string node
  Node(CALL): testcode:1:38
/**@constructor*/function A(){this.foo()}
  Parent(EXPR_RESULT): testcode:1:30
/**@constructor*/function A(){this.foo()}

	at com.google.javascript.rhino.Node.getString(Node.java:974)
	at com.google.javascript.jscomp.NodeUtil.functionCallHasSideEffects(NodeUtil.java:959)
	at com.google.javascript.jscomp.NodeUtil.nodeTypeMayHaveSideEffects(NodeUtil.java:1023)
	at com.google.javascript.jscomp.NodeUtil.nodeTypeMayHaveSideEffects(NodeUtil.java:1008)
	at com.google.javascript.jscomp.PureFunctionIdentifier$FunctionAnalyzer.visit(PureFunctionIdentifier.java:403)
	at com.google.javascript.jscomp.NodeTraversal.traverseBranch(NodeTraversal.java:464)
	at com.google.javascript.jscomp.NodeTraversal.traverseBranch(NodeTraversal.java:457)
	at com.google.javascript.jscomp.NodeTraversal.traverseBranch(NodeTraversal.java:457)
	at com.google.javascript.jscomp.NodeTraversal.traverseFunction(NodeTraversal.java:502)
	at com.google.javascript.jscomp.NodeTraversal.traverseBranch(NodeTraversal.java:449)
	at com.google.javascript.jscomp.NodeTraversal.traverseBranch(NodeTraversal.java:457)
	at com.google.javascript.jscomp.NodeTraversal.traverseBranch(NodeTraversal.java:457)
	at com.google.javascript.jscomp.NodeTraversal.traverse(NodeTraversal.java:249)
	at com.google.javascript.jscomp.NodeTraversal.traverse(NodeTraversal.java:422)
	at com.google.javascript.jscomp.PureFunctionIdentifier.process(PureFunctionIdentifier.java:112)
	at com.google.javascript.jscomp.PureFunctionIdentifierTest$NoSideEffectCallEnumerator.process(PureFunctionIdentifierTest.java:1232)
	at com.google.javascript.jscomp.CompilerTestCase.test(CompilerTestCase.java:765)
	at com.google.javascript.jscomp.CompilerTestCase.test(CompilerTestCase.java:423)
	at com.google.javascript.jscomp.CompilerTestCase.test(CompilerTestCase.java:348)
	at com.google.javascript.jscomp.CompilerTestCase.test(CompilerTestCase.java:317)
	at com.google.javascript.jscomp.CompilerTestCase.test(CompilerTestCase.java:305)
	at com.google.javascript.jscomp.CompilerTestCase.testSame(CompilerTestCase.java:537)
	at com.google.javascript.jscomp.PureFunctionIdentifierTest.checkMarkedCalls(PureFunctionIdentifierTest.java:1197)
	at com.google.javascript.jscomp.PureFunctionIdentifierTest.testConstructorThatModifiesThis3(PureFunctionIdentifierTest.java:1030)
	at sun.reflect.NativeMethodAccessorImpl.invoke0(Native Method)
	at sun.reflect.NativeMethodAccessorImpl.invoke(NativeMethodAccessorImpl.java:57)
	at sun.reflect.DelegatingMethodAccessorImpl.invoke(DelegatingMethodAccessorImpl.java:43)
	at java.lang.reflect.Method.invoke(Method.java:606)
	at junit.framework.TestCase.runTest(TestCase.java:176)
	at junit.framework.TestCase.runBare(TestCase.java:141)
	at junit.framework.TestResult$1.protect(TestResult.java:122)
	at junit.framework.TestResult.runProtected(TestResult.java:142)
	at junit.framework.TestResult.run(TestResult.java:125)
	at junit.framework.TestCase.run(TestCase.java:129)
	at junit.framework.TestSuite.runTest(TestSuite.java:255)
	at junit.framework.TestSuite.run(TestSuite.java:250)
	at org.apache.tools.ant.taskdefs.optional.junit.JUnitTestRunner.run(JUnitTestRunner.java:520)
	at org.apache.tools.ant.taskdefs.optional.junit.JUnitTask.executeInVM(JUnitTask.java:1478)
	at org.apache.tools.ant.taskdefs.optional.junit.JUnitTask.execute(JUnitTask.java:860)
	at org.apache.tools.ant.taskdefs.optional.junit.JUnitTask.executeOrQueue(JUnitTask.java:1968)
	at org.apache.tools.ant.taskdefs.optional.junit.JUnitTask.execute1(JUnitTask.java:812)
	at org.apache.tools.ant.taskdefs.optional.junit.JUnitTask.execute(JUnitTask.java:2271)
	at org.apache.tools.ant.UnknownElement.execute(UnknownElement.java:291)
	at sun.reflect.GeneratedMethodAccessor4.invoke(Unknown Source)
	at sun.reflect.DelegatingMethodAccessorImpl.invoke(DelegatingMethodAccessorImpl.java:43)
	at java.lang.reflect.Method.invoke(Method.java:606)
	at org.apache.tools.ant.dispatch.DispatchUtils.execute(DispatchUtils.java:106)
	at org.apache.tools.ant.Task.perform(Task.java:348)
	at org.apache.tools.ant.Target.execute(Target.java:392)
	at org.apache.tools.ant.Target.performTasks(Target.java:413)
	at org.apache.tools.ant.Project.executeSortedTargets(Project.java:1399)
	at org.apache.tools.ant.Project.executeTarget(Project.java:1368)
	at org.apache.tools.ant.helper.DefaultExecutor.executeTargets(DefaultExecutor.java:41)
	at org.apache.tools.ant.Project.executeTargets(Project.java:1251)
	at org.apache.tools.ant.Main.runBuild(Main.java:811)
	at org.apache.tools.ant.Main.startAnt(Main.java:217)
	at org.apache.tools.ant.launch.Launcher.run(Launcher.java:280)
	at org.apache.tools.ant.launch.Launcher.main(Launcher.java:109)
Caused by: java.lang.UnsupportedOperationException: THIS 1 [sourcename: testcode] : A is not a string node
	... 58 more
--- com.google.javascript.jscomp.PureFunctionIdentifierTest::testCallRegExpWithSideEffects
java.lang.RuntimeException: INTERNAL COMPILER ERROR.
Please report this problem.
REGEXP 2 [sourcename: testcode] [parenthesized: true] : RegExp is not a string node
  Node(CALL): testcode:2:23
function k(){(/a/).exec('')}
  Parent(EXPR_RESULT): testcode:2:14
function k(){(/a/).exec('')}

	at com.google.javascript.rhino.Node.getString(Node.java:974)
	at com.google.javascript.jscomp.NodeUtil.functionCallHasSideEffects(NodeUtil.java:959)
	at com.google.javascript.jscomp.NodeUtil.nodeTypeMayHaveSideEffects(NodeUtil.java:1023)
	at com.google.javascript.jscomp.NodeUtil.nodeTypeMayHaveSideEffects(NodeUtil.java:1008)
	at com.google.javascript.jscomp.PureFunctionIdentifier$FunctionAnalyzer.visit(PureFunctionIdentifier.java:403)
	at com.google.javascript.jscomp.NodeTraversal.traverseBranch(NodeTraversal.java:464)
	at com.google.javascript.jscomp.NodeTraversal.traverseBranch(NodeTraversal.java:457)
	at com.google.javascript.jscomp.NodeTraversal.traverseBranch(NodeTraversal.java:457)
	at com.google.javascript.jscomp.NodeTraversal.traverseFunction(NodeTraversal.java:502)
	at com.google.javascript.jscomp.NodeTraversal.traverseBranch(NodeTraversal.java:449)
	at com.google.javascript.jscomp.NodeTraversal.traverseBranch(NodeTraversal.java:457)
	at com.google.javascript.jscomp.NodeTraversal.traverseBranch(NodeTraversal.java:457)
	at com.google.javascript.jscomp.NodeTraversal.traverse(NodeTraversal.java:249)
	at com.google.javascript.jscomp.NodeTraversal.traverse(NodeTraversal.java:422)
	at com.google.javascript.jscomp.PureFunctionIdentifier.process(PureFunctionIdentifier.java:112)
	at com.google.javascript.jscomp.PureFunctionIdentifierTest$NoSideEffectCallEnumerator.process(PureFunctionIdentifierTest.java:1232)
	at com.google.javascript.jscomp.CompilerTestCase.test(CompilerTestCase.java:765)
	at com.google.javascript.jscomp.CompilerTestCase.test(CompilerTestCase.java:423)
	at com.google.javascript.jscomp.CompilerTestCase.test(CompilerTestCase.java:348)
	at com.google.javascript.jscomp.CompilerTestCase.test(CompilerTestCase.java:317)
	at com.google.javascript.jscomp.CompilerTestCase.test(CompilerTestCase.java:305)
	at com.google.javascript.jscomp.CompilerTestCase.testSame(CompilerTestCase.java:537)
	at com.google.javascript.jscomp.PureFunctionIdentifierTest.checkMarkedCalls(PureFunctionIdentifierTest.java:1197)
	at com.google.javascript.jscomp.PureFunctionIdentifierTest.testCallRegExpWithSideEffects(PureFunctionIdentifierTest.java:1133)
	at sun.reflect.NativeMethodAccessorImpl.invoke0(Native Method)
	at sun.reflect.NativeMethodAccessorImpl.invoke(NativeMethodAccessorImpl.java:57)
	at sun.reflect.DelegatingMethodAccessorImpl.invoke(DelegatingMethodAccessorImpl.java:43)
	at java.lang.reflect.Method.invoke(Method.java:606)
	at junit.framework.TestCase.runTest(TestCase.java:176)
	at junit.framework.TestCase.runBare(TestCase.java:141)
	at junit.framework.TestResult$1.protect(TestResult.java:122)
	at junit.framework.TestResult.runProtected(TestResult.java:142)
	at junit.framework.TestResult.run(TestResult.java:125)
	at junit.framework.TestCase.run(TestCase.java:129)
	at junit.framework.TestSuite.runTest(TestSuite.java:255)
	at junit.framework.TestSuite.run(TestSuite.java:250)
	at org.apache.tools.ant.taskdefs.optional.junit.JUnitTestRunner.run(JUnitTestRunner.java:520)
	at org.apache.tools.ant.taskdefs.optional.junit.JUnitTask.executeInVM(JUnitTask.java:1478)
	at org.apache.tools.ant.taskdefs.optional.junit.JUnitTask.execute(JUnitTask.java:860)
	at org.apache.tools.ant.taskdefs.optional.junit.JUnitTask.executeOrQueue(JUnitTask.java:1968)
	at org.apache.tools.ant.taskdefs.optional.junit.JUnitTask.execute1(JUnitTask.java:812)
	at org.apache.tools.ant.taskdefs.optional.junit.JUnitTask.execute(JUnitTask.java:2271)
	at org.apache.tools.ant.UnknownElement.execute(UnknownElement.java:291)
	at sun.reflect.GeneratedMethodAccessor4.invoke(Unknown Source)
	at sun.reflect.DelegatingMethodAccessorImpl.invoke(DelegatingMethodAccessorImpl.java:43)
	at java.lang.reflect.Method.invoke(Method.java:606)
	at org.apache.tools.ant.dispatch.DispatchUtils.execute(DispatchUtils.java:106)
	at org.apache.tools.ant.Task.perform(Task.java:348)
	at org.apache.tools.ant.Target.execute(Target.java:392)
	at org.apache.tools.ant.Target.performTasks(Target.java:413)
	at org.apache.tools.ant.Project.executeSortedTargets(Project.java:1399)
	at org.apache.tools.ant.Project.executeTarget(Project.java:1368)
	at org.apache.tools.ant.helper.DefaultExecutor.executeTargets(DefaultExecutor.java:41)
	at org.apache.tools.ant.Project.executeTargets(Project.java:1251)
	at org.apache.tools.ant.Main.runBuild(Main.java:811)
	at org.apache.tools.ant.Main.startAnt(Main.java:217)
	at org.apache.tools.ant.launch.Launcher.run(Launcher.java:280)
	at org.apache.tools.ant.launch.Launcher.main(Launcher.java:109)
Caused by: java.lang.UnsupportedOperationException: REGEXP 2 [sourcename: testcode] [parenthesized: true] : RegExp is not a string node
	... 58 more
--- com.google.javascript.jscomp.PureFunctionIdentifierTest::testInheritance1
java.lang.RuntimeException: INTERNAL COMPILER ERROR.
Please report this problem.
THIS 3 [sourcename: testcode] : I is not a string node
  Node(CALL): testcode:3:37
I.prototype.bar = function(){this.foo()};
  Parent(EXPR_RESULT): testcode:3:29
I.prototype.bar = function(){this.foo()};

	at com.google.javascript.rhino.Node.getString(Node.java:974)
	at com.google.javascript.jscomp.NodeUtil.functionCallHasSideEffects(NodeUtil.java:959)
	at com.google.javascript.jscomp.NodeUtil.nodeTypeMayHaveSideEffects(NodeUtil.java:1023)
	at com.google.javascript.jscomp.NodeUtil.nodeTypeMayHaveSideEffects(NodeUtil.java:1008)
	at com.google.javascript.jscomp.PureFunctionIdentifier$FunctionAnalyzer.visit(PureFunctionIdentifier.java:403)
	at com.google.javascript.jscomp.NodeTraversal.traverseBranch(NodeTraversal.java:464)
	at com.google.javascript.jscomp.NodeTraversal.traverseBranch(NodeTraversal.java:457)
	at com.google.javascript.jscomp.NodeTraversal.traverseBranch(NodeTraversal.java:457)
	at com.google.javascript.jscomp.NodeTraversal.traverseFunction(NodeTraversal.java:502)
	at com.google.javascript.jscomp.NodeTraversal.traverseBranch(NodeTraversal.java:449)
	at com.google.javascript.jscomp.NodeTraversal.traverseBranch(NodeTraversal.java:457)
	at com.google.javascript.jscomp.NodeTraversal.traverseBranch(NodeTraversal.java:457)
	at com.google.javascript.jscomp.NodeTraversal.traverseBranch(NodeTraversal.java:457)
	at com.google.javascript.jscomp.NodeTraversal.traverseBranch(NodeTraversal.java:457)
	at com.google.javascript.jscomp.NodeTraversal.traverse(NodeTraversal.java:249)
	at com.google.javascript.jscomp.NodeTraversal.traverse(NodeTraversal.java:422)
	at com.google.javascript.jscomp.PureFunctionIdentifier.process(PureFunctionIdentifier.java:112)
	at com.google.javascript.jscomp.PureFunctionIdentifierTest$NoSideEffectCallEnumerator.process(PureFunctionIdentifierTest.java:1232)
	at com.google.javascript.jscomp.CompilerTestCase.test(CompilerTestCase.java:765)
	at com.google.javascript.jscomp.CompilerTestCase.test(CompilerTestCase.java:423)
	at com.google.javascript.jscomp.CompilerTestCase.test(CompilerTestCase.java:348)
	at com.google.javascript.jscomp.CompilerTestCase.test(CompilerTestCase.java:317)
	at com.google.javascript.jscomp.CompilerTestCase.test(CompilerTestCase.java:305)
	at com.google.javascript.jscomp.CompilerTestCase.testSame(CompilerTestCase.java:537)
	at com.google.javascript.jscomp.PureFunctionIdentifierTest.checkMarkedCalls(PureFunctionIdentifierTest.java:1197)
	at com.google.javascript.jscomp.PureFunctionIdentifierTest.testInheritance1(PureFunctionIdentifierTest.java:975)
	at sun.reflect.NativeMethodAccessorImpl.invoke0(Native Method)
	at sun.reflect.NativeMethodAccessorImpl.invoke(NativeMethodAccessorImpl.java:57)
	at sun.reflect.DelegatingMethodAccessorImpl.invoke(DelegatingMethodAccessorImpl.java:43)
	at java.lang.reflect.Method.invoke(Method.java:606)
	at junit.framework.TestCase.runTest(TestCase.java:176)
	at junit.framework.TestCase.runBare(TestCase.java:141)
	at junit.framework.TestResult$1.protect(TestResult.java:122)
	at junit.framework.TestResult.runProtected(TestResult.java:142)
	at junit.framework.TestResult.run(TestResult.java:125)
	at junit.framework.TestCase.run(TestCase.java:129)
	at junit.framework.TestSuite.runTest(TestSuite.java:255)
	at junit.framework.TestSuite.run(TestSuite.java:250)
	at org.apache.tools.ant.taskdefs.optional.junit.JUnitTestRunner.run(JUnitTestRunner.java:520)
	at org.apache.tools.ant.taskdefs.optional.junit.JUnitTask.executeInVM(JUnitTask.java:1478)
	at org.apache.tools.ant.taskdefs.optional.junit.JUnitTask.execute(JUnitTask.java:860)
	at org.apache.tools.ant.taskdefs.optional.junit.JUnitTask.executeOrQueue(JUnitTask.java:1968)
	at org.apache.tools.ant.taskdefs.optional.junit.JUnitTask.execute1(JUnitTask.java:812)
	at org.apache.tools.ant.taskdefs.optional.junit.JUnitTask.execute(JUnitTask.java:2271)
	at org.apache.tools.ant.UnknownElement.execute(UnknownElement.java:291)
	at sun.reflect.GeneratedMethodAccessor4.invoke(Unknown Source)
	at sun.reflect.DelegatingMethodAccessorImpl.invoke(DelegatingMethodAccessorImpl.java:43)
	at java.lang.reflect.Method.invoke(Method.java:606)
	at org.apache.tools.ant.dispatch.DispatchUtils.execute(DispatchUtils.java:106)
	at org.apache.tools.ant.Task.perform(Task.java:348)
	at org.apache.tools.ant.Target.execute(Target.java:392)
	at org.apache.tools.ant.Target.performTasks(Target.java:413)
	at org.apache.tools.ant.Project.executeSortedTargets(Project.java:1399)
	at org.apache.tools.ant.Project.executeTarget(Project.java:1368)
	at org.apache.tools.ant.helper.DefaultExecutor.executeTargets(DefaultExecutor.java:41)
	at org.apache.tools.ant.Project.executeTargets(Project.java:1251)
	at org.apache.tools.ant.Main.runBuild(Main.java:811)
	at org.apache.tools.ant.Main.startAnt(Main.java:217)
	at org.apache.tools.ant.launch.Launcher.run(Launcher.java:280)
	at org.apache.tools.ant.launch.Launcher.main(Launcher.java:109)
Caused by: java.lang.UnsupportedOperationException: THIS 3 [sourcename: testcode] : I is not a string node
	... 60 more
--- com.google.javascript.jscomp.PureFunctionIdentifierTest::testInheritance2
java.lang.RuntimeException: INTERNAL COMPILER ERROR.
Please report this problem.
THIS 3 [sourcename: testcode] : I is not a string node
  Node(CALL): testcode:3:37
I.prototype.bar = function(){this.foo()};
  Parent(EXPR_RESULT): testcode:3:29
I.prototype.bar = function(){this.foo()};

	at com.google.javascript.rhino.Node.getString(Node.java:974)
	at com.google.javascript.jscomp.NodeUtil.functionCallHasSideEffects(NodeUtil.java:959)
	at com.google.javascript.jscomp.NodeUtil.nodeTypeMayHaveSideEffects(NodeUtil.java:1023)
	at com.google.javascript.jscomp.NodeUtil.nodeTypeMayHaveSideEffects(NodeUtil.java:1008)
	at com.google.javascript.jscomp.PureFunctionIdentifier$FunctionAnalyzer.visit(PureFunctionIdentifier.java:403)
	at com.google.javascript.jscomp.NodeTraversal.traverseBranch(NodeTraversal.java:464)
	at com.google.javascript.jscomp.NodeTraversal.traverseBranch(NodeTraversal.java:457)
	at com.google.javascript.jscomp.NodeTraversal.traverseBranch(NodeTraversal.java:457)
	at com.google.javascript.jscomp.NodeTraversal.traverseFunction(NodeTraversal.java:502)
	at com.google.javascript.jscomp.NodeTraversal.traverseBranch(NodeTraversal.java:449)
	at com.google.javascript.jscomp.NodeTraversal.traverseBranch(NodeTraversal.java:457)
	at com.google.javascript.jscomp.NodeTraversal.traverseBranch(NodeTraversal.java:457)
	at com.google.javascript.jscomp.NodeTraversal.traverseBranch(NodeTraversal.java:457)
	at com.google.javascript.jscomp.NodeTraversal.traverseBranch(NodeTraversal.java:457)
	at com.google.javascript.jscomp.NodeTraversal.traverse(NodeTraversal.java:249)
	at com.google.javascript.jscomp.NodeTraversal.traverse(NodeTraversal.java:422)
	at com.google.javascript.jscomp.PureFunctionIdentifier.process(PureFunctionIdentifier.java:112)
	at com.google.javascript.jscomp.PureFunctionIdentifierTest$NoSideEffectCallEnumerator.process(PureFunctionIdentifierTest.java:1232)
	at com.google.javascript.jscomp.CompilerTestCase.test(CompilerTestCase.java:765)
	at com.google.javascript.jscomp.CompilerTestCase.test(CompilerTestCase.java:423)
	at com.google.javascript.jscomp.CompilerTestCase.test(CompilerTestCase.java:348)
	at com.google.javascript.jscomp.CompilerTestCase.test(CompilerTestCase.java:317)
	at com.google.javascript.jscomp.CompilerTestCase.test(CompilerTestCase.java:305)
	at com.google.javascript.jscomp.CompilerTestCase.testSame(CompilerTestCase.java:537)
	at com.google.javascript.jscomp.PureFunctionIdentifierTest.checkMarkedCalls(PureFunctionIdentifierTest.java:1197)
	at com.google.javascript.jscomp.PureFunctionIdentifierTest.testInheritance2(PureFunctionIdentifierTest.java:993)
	at sun.reflect.NativeMethodAccessorImpl.invoke0(Native Method)
	at sun.reflect.NativeMethodAccessorImpl.invoke(NativeMethodAccessorImpl.java:57)
	at sun.reflect.DelegatingMethodAccessorImpl.invoke(DelegatingMethodAccessorImpl.java:43)
	at java.lang.reflect.Method.invoke(Method.java:606)
	at junit.framework.TestCase.runTest(TestCase.java:176)
	at junit.framework.TestCase.runBare(TestCase.java:141)
	at junit.framework.TestResult$1.protect(TestResult.java:122)
	at junit.framework.TestResult.runProtected(TestResult.java:142)
	at junit.framework.TestResult.run(TestResult.java:125)
	at junit.framework.TestCase.run(TestCase.java:129)
	at junit.framework.TestSuite.runTest(TestSuite.java:255)
	at junit.framework.TestSuite.run(TestSuite.java:250)
	at org.apache.tools.ant.taskdefs.optional.junit.JUnitTestRunner.run(JUnitTestRunner.java:520)
	at org.apache.tools.ant.taskdefs.optional.junit.JUnitTask.executeInVM(JUnitTask.java:1478)
	at org.apache.tools.ant.taskdefs.optional.junit.JUnitTask.execute(JUnitTask.java:860)
	at org.apache.tools.ant.taskdefs.optional.junit.JUnitTask.executeOrQueue(JUnitTask.java:1968)
	at org.apache.tools.ant.taskdefs.optional.junit.JUnitTask.execute1(JUnitTask.java:812)
	at org.apache.tools.ant.taskdefs.optional.junit.JUnitTask.execute(JUnitTask.java:2271)
	at org.apache.tools.ant.UnknownElement.execute(UnknownElement.java:291)
	at sun.reflect.GeneratedMethodAccessor4.invoke(Unknown Source)
	at sun.reflect.DelegatingMethodAccessorImpl.invoke(DelegatingMethodAccessorImpl.java:43)
	at java.lang.reflect.Method.invoke(Method.java:606)
	at org.apache.tools.ant.dispatch.DispatchUtils.execute(DispatchUtils.java:106)
	at org.apache.tools.ant.Task.perform(Task.java:348)
	at org.apache.tools.ant.Target.execute(Target.java:392)
	at org.apache.tools.ant.Target.performTasks(Target.java:413)
	at org.apache.tools.ant.Project.executeSortedTargets(Project.java:1399)
	at org.apache.tools.ant.Project.executeTarget(Project.java:1368)
	at org.apache.tools.ant.helper.DefaultExecutor.executeTargets(DefaultExecutor.java:41)
	at org.apache.tools.ant.Project.executeTargets(Project.java:1251)
	at org.apache.tools.ant.Main.runBuild(Main.java:811)
	at org.apache.tools.ant.Main.startAnt(Main.java:217)
	at org.apache.tools.ant.launch.Launcher.run(Launcher.java:280)
	at org.apache.tools.ant.launch.Launcher.main(Launcher.java:109)
Caused by: java.lang.UnsupportedOperationException: THIS 3 [sourcename: testcode] : I is not a string node
	... 60 more
--- com.google.javascript.jscomp.PureFunctionIdentifierTest::testConstructorThatModifiesGlobal2
java.lang.RuntimeException: INTERNAL COMPILER ERROR.
Please report this problem.
THIS 1 [sourcename: testcode] : A is not a string node
  Node(CALL): testcode:1:48
var b = 0;/**@constructor*/function A(){this.foo()}
  Parent(EXPR_RESULT): testcode:1:40
var b = 0;/**@constructor*/function A(){this.foo()}

	at com.google.javascript.rhino.Node.getString(Node.java:974)
	at com.google.javascript.jscomp.NodeUtil.functionCallHasSideEffects(NodeUtil.java:959)
	at com.google.javascript.jscomp.NodeUtil.nodeTypeMayHaveSideEffects(NodeUtil.java:1023)
	at com.google.javascript.jscomp.NodeUtil.nodeTypeMayHaveSideEffects(NodeUtil.java:1008)
	at com.google.javascript.jscomp.PureFunctionIdentifier$FunctionAnalyzer.visit(PureFunctionIdentifier.java:403)
	at com.google.javascript.jscomp.NodeTraversal.traverseBranch(NodeTraversal.java:464)
	at com.google.javascript.jscomp.NodeTraversal.traverseBranch(NodeTraversal.java:457)
	at com.google.javascript.jscomp.NodeTraversal.traverseBranch(NodeTraversal.java:457)
	at com.google.javascript.jscomp.NodeTraversal.traverseFunction(NodeTraversal.java:502)
	at com.google.javascript.jscomp.NodeTraversal.traverseBranch(NodeTraversal.java:449)
	at com.google.javascript.jscomp.NodeTraversal.traverseBranch(NodeTraversal.java:457)
	at com.google.javascript.jscomp.NodeTraversal.traverseBranch(NodeTraversal.java:457)
	at com.google.javascript.jscomp.NodeTraversal.traverse(NodeTraversal.java:249)
	at com.google.javascript.jscomp.NodeTraversal.traverse(NodeTraversal.java:422)
	at com.google.javascript.jscomp.PureFunctionIdentifier.process(PureFunctionIdentifier.java:112)
	at com.google.javascript.jscomp.PureFunctionIdentifierTest$NoSideEffectCallEnumerator.process(PureFunctionIdentifierTest.java:1232)
	at com.google.javascript.jscomp.CompilerTestCase.test(CompilerTestCase.java:765)
	at com.google.javascript.jscomp.CompilerTestCase.test(CompilerTestCase.java:423)
	at com.google.javascript.jscomp.CompilerTestCase.test(CompilerTestCase.java:348)
	at com.google.javascript.jscomp.CompilerTestCase.test(CompilerTestCase.java:317)
	at com.google.javascript.jscomp.CompilerTestCase.test(CompilerTestCase.java:305)
	at com.google.javascript.jscomp.CompilerTestCase.testSame(CompilerTestCase.java:537)
	at com.google.javascript.jscomp.PureFunctionIdentifierTest.checkMarkedCalls(PureFunctionIdentifierTest.java:1197)
	at com.google.javascript.jscomp.PureFunctionIdentifierTest.testConstructorThatModifiesGlobal2(PureFunctionIdentifierTest.java:1060)
	at sun.reflect.NativeMethodAccessorImpl.invoke0(Native Method)
	at sun.reflect.NativeMethodAccessorImpl.invoke(NativeMethodAccessorImpl.java:57)
	at sun.reflect.DelegatingMethodAccessorImpl.invoke(DelegatingMethodAccessorImpl.java:43)
	at java.lang.reflect.Method.invoke(Method.java:606)
	at junit.framework.TestCase.runTest(TestCase.java:176)
	at junit.framework.TestCase.runBare(TestCase.java:141)
	at junit.framework.TestResult$1.protect(TestResult.java:122)
	at junit.framework.TestResult.runProtected(TestResult.java:142)
	at junit.framework.TestResult.run(TestResult.java:125)
	at junit.framework.TestCase.run(TestCase.java:129)
	at junit.framework.TestSuite.runTest(TestSuite.java:255)
	at junit.framework.TestSuite.run(TestSuite.java:250)
	at org.apache.tools.ant.taskdefs.optional.junit.JUnitTestRunner.run(JUnitTestRunner.java:520)
	at org.apache.tools.ant.taskdefs.optional.junit.JUnitTask.executeInVM(JUnitTask.java:1478)
	at org.apache.tools.ant.taskdefs.optional.junit.JUnitTask.execute(JUnitTask.java:860)
	at org.apache.tools.ant.taskdefs.optional.junit.JUnitTask.executeOrQueue(JUnitTask.java:1968)
	at org.apache.tools.ant.taskdefs.optional.junit.JUnitTask.execute1(JUnitTask.java:812)
	at org.apache.tools.ant.taskdefs.optional.junit.JUnitTask.execute(JUnitTask.java:2271)
	at org.apache.tools.ant.UnknownElement.execute(UnknownElement.java:291)
	at sun.reflect.GeneratedMethodAccessor4.invoke(Unknown Source)
	at sun.reflect.DelegatingMethodAccessorImpl.invoke(DelegatingMethodAccessorImpl.java:43)
	at java.lang.reflect.Method.invoke(Method.java:606)
	at org.apache.tools.ant.dispatch.DispatchUtils.execute(DispatchUtils.java:106)
	at org.apache.tools.ant.Task.perform(Task.java:348)
	at org.apache.tools.ant.Target.execute(Target.java:392)
	at org.apache.tools.ant.Target.performTasks(Target.java:413)
	at org.apache.tools.ant.Project.executeSortedTargets(Project.java:1399)
	at org.apache.tools.ant.Project.executeTarget(Project.java:1368)
	at org.apache.tools.ant.helper.DefaultExecutor.executeTargets(DefaultExecutor.java:41)
	at org.apache.tools.ant.Project.executeTargets(Project.java:1251)
	at org.apache.tools.ant.Main.runBuild(Main.java:811)
	at org.apache.tools.ant.Main.startAnt(Main.java:217)
	at org.apache.tools.ant.launch.Launcher.run(Launcher.java:280)
	at org.apache.tools.ant.launch.Launcher.main(Launcher.java:109)
Caused by: java.lang.UnsupportedOperationException: THIS 1 [sourcename: testcode] : A is not a string node
	... 58 more
