--- com.google.javascript.jscomp.PeepholeFoldConstantsTest::testFoldComparison3
java.lang.RuntimeException: INTERNAL COMPILER ERROR.
Please report this problem.
null
  Node(EQ): testcode:1:7
[source unknown]
  Parent(ASSIGN): testcode:1:2
[source unknown]

	at com.google.javascript.jscomp.PeepholeFoldConstants.getNormalizedNodeType(PeepholeFoldConstants.java:1078)
	at com.google.javascript.jscomp.PeepholeFoldConstants.tryFoldComparison(PeepholeFoldConstants.java:907)
	at com.google.javascript.jscomp.PeepholeFoldConstants.tryFoldBinaryOperator(PeepholeFoldConstants.java:158)
	at com.google.javascript.jscomp.PeepholeFoldConstants.optimizeSubtree(PeepholeFoldConstants.java:92)
	at com.google.javascript.jscomp.PeepholeOptimizationsPass.visit(PeepholeOptimizationsPass.java:69)
	at com.google.javascript.jscomp.NodeTraversal.traverseBranch(NodeTraversal.java:464)
	at com.google.javascript.jscomp.NodeTraversal.traverseBranch(NodeTraversal.java:457)
	at com.google.javascript.jscomp.NodeTraversal.traverseBranch(NodeTraversal.java:457)
	at com.google.javascript.jscomp.NodeTraversal.traverseBranch(NodeTraversal.java:457)
	at com.google.javascript.jscomp.NodeTraversal.traverseBranch(NodeTraversal.java:457)
	at com.google.javascript.jscomp.NodeTraversal.traverse(NodeTraversal.java:249)
	at com.google.javascript.jscomp.PeepholeOptimizationsPass.process(PeepholeOptimizationsPass.java:57)
	at com.google.javascript.jscomp.CompilerTestCase.test(CompilerTestCase.java:750)
	at com.google.javascript.jscomp.CompilerTestCase.test(CompilerTestCase.java:411)
	at com.google.javascript.jscomp.CompilerTestCase.test(CompilerTestCase.java:336)
	at com.google.javascript.jscomp.CompilerTestCase.test(CompilerTestCase.java:305)
	at com.google.javascript.jscomp.CompilerTestCase.test(CompilerTestCase.java:293)
	at com.google.javascript.jscomp.PeepholeFoldConstantsTest.fold(PeepholeFoldConstantsTest.java:69)
	at com.google.javascript.jscomp.PeepholeFoldConstantsTest.testFoldComparison3(PeepholeFoldConstantsTest.java:700)
	at sun.reflect.NativeMethodAccessorImpl.invoke0(Native Method)
	at sun.reflect.NativeMethodAccessorImpl.invoke(NativeMethodAccessorImpl.java:57)
	at sun.reflect.DelegatingMethodAccessorImpl.invoke(DelegatingMethodAccessorImpl.java:43)
	at java.lang.reflect.Method.invoke(Method.java:606)
	at junit.framework.TestCase.runTest(TestCase.java:176)
	at junit.framework.TestCase.runBare(TestCase.java:141)
	at junit.framework.TestResult$1.protect(TestResult.java:122)
	at junit.framework.TestResult.runProtected(TestResult.java:142)
	at junit.framework.TestResult.run(TestResult.java:125)
	at junit.framework.TestCase.run(TestCase.java:129)
	at junit.framework.TestSuite.runTest(TestSuite.java:255)
	at junit.framework.TestSuite.run(TestSuite.java:250)
	at org.apache.tools.ant.taskdefs.optional.junit.JUnitTestRunner.run(JUnitTestRunner.java:520)
	at org.apache.tools.ant.taskdefs.optional.junit.JUnitTask.executeInVM(JUnitTask.java:1478)
	at org.apache.tools.ant.taskdefs.optional.junit.JUnitTask.execute(JUnitTask.java:860)
	at org.apache.tools.ant.taskdefs.optional.junit.JUnitTask.executeOrQueue(JUnitTask.java:1968)
	at org.apache.tools.ant.taskdefs.optional.junit.JUnitTask.execute1(JUnitTask.java:812)
	at org.apache.tools.ant.taskdefs.optional.junit.JUnitTask.execute(JUnitTask.java:2271)
	at org.apache.tools.ant.UnknownElement.execute(UnknownElement.java:291)
	at sun.reflect.GeneratedMethodAccessor4.invoke(Unknown Source)
	at sun.reflect.DelegatingMethodAccessorImpl.invoke(DelegatingMethodAccessorImpl.java:43)
	at java.lang.reflect.Method.invoke(Method.java:606)
	at org.apache.tools.ant.dispatch.DispatchUtils.execute(DispatchUtils.java:106)
	at org.apache.tools.ant.Task.perform(Task.java:348)
	at org.apache.tools.ant.Target.execute(Target.java:392)
	at org.apache.tools.ant.Target.performTasks(Target.java:413)
	at org.apache.tools.ant.Project.executeSortedTargets(Project.java:1399)
	at org.apache.tools.ant.Project.executeTarget(Project.java:1368)
	at org.apache.tools.ant.helper.DefaultExecutor.executeTargets(DefaultExecutor.java:41)
	at org.apache.tools.ant.Project.executeTargets(Project.java:1251)
	at org.apache.tools.ant.Main.runBuild(Main.java:811)
	at org.apache.tools.ant.Main.startAnt(Main.java:217)
	at org.apache.tools.ant.launch.Launcher.run(Launcher.java:280)
	at org.apache.tools.ant.launch.Launcher.main(Launcher.java:109)
Caused by: java.lang.NullPointerException
	... 53 more
--- com.google.javascript.jscomp.PeepholeFoldConstantsTest::testInvertibleOperators
java.lang.RuntimeException: INTERNAL COMPILER ERROR.
Please report this problem.
null
  Node(NE): testcode:1:5
[source unknown]
  Parent(EXPR_RESULT): testcode:1:0
[source unknown]

	at com.google.javascript.jscomp.PeepholeFoldConstants.getNormalizedNodeType(PeepholeFoldConstants.java:1078)
	at com.google.javascript.jscomp.PeepholeFoldConstants.tryFoldComparison(PeepholeFoldConstants.java:908)
	at com.google.javascript.jscomp.PeepholeFoldConstants.tryFoldBinaryOperator(PeepholeFoldConstants.java:158)
	at com.google.javascript.jscomp.PeepholeFoldConstants.optimizeSubtree(PeepholeFoldConstants.java:92)
	at com.google.javascript.jscomp.PeepholeOptimizationsPass.visit(PeepholeOptimizationsPass.java:69)
	at com.google.javascript.jscomp.NodeTraversal.traverseBranch(NodeTraversal.java:464)
	at com.google.javascript.jscomp.NodeTraversal.traverseBranch(NodeTraversal.java:457)
	at com.google.javascript.jscomp.NodeTraversal.traverseBranch(NodeTraversal.java:457)
	at com.google.javascript.jscomp.NodeTraversal.traverseBranch(NodeTraversal.java:457)
	at com.google.javascript.jscomp.NodeTraversal.traverse(NodeTraversal.java:249)
	at com.google.javascript.jscomp.PeepholeOptimizationsPass.process(PeepholeOptimizationsPass.java:57)
	at com.google.javascript.jscomp.PeepholeFoldConstantsTest.printHelper(PeepholeFoldConstantsTest.java:1220)
	at com.google.javascript.jscomp.PeepholeFoldConstantsTest.process(PeepholeFoldConstantsTest.java:1198)
	at com.google.javascript.jscomp.PeepholeFoldConstantsTest.assertNotSameResults(PeepholeFoldConstantsTest.java:1191)
	at com.google.javascript.jscomp.PeepholeFoldConstantsTest.testInvertibleOperators(PeepholeFoldConstantsTest.java:1133)
	at sun.reflect.NativeMethodAccessorImpl.invoke0(Native Method)
	at sun.reflect.NativeMethodAccessorImpl.invoke(NativeMethodAccessorImpl.java:57)
	at sun.reflect.DelegatingMethodAccessorImpl.invoke(DelegatingMethodAccessorImpl.java:43)
	at java.lang.reflect.Method.invoke(Method.java:606)
	at junit.framework.TestCase.runTest(TestCase.java:176)
	at junit.framework.TestCase.runBare(TestCase.java:141)
	at junit.framework.TestResult$1.protect(TestResult.java:122)
	at junit.framework.TestResult.runProtected(TestResult.java:142)
	at junit.framework.TestResult.run(TestResult.java:125)
	at junit.framework.TestCase.run(TestCase.java:129)
	at junit.framework.TestSuite.runTest(TestSuite.java:255)
	at junit.framework.TestSuite.run(TestSuite.java:250)
	at org.apache.tools.ant.taskdefs.optional.junit.JUnitTestRunner.run(JUnitTestRunner.java:520)
	at org.apache.tools.ant.taskdefs.optional.junit.JUnitTask.executeInVM(JUnitTask.java:1478)
	at org.apache.tools.ant.taskdefs.optional.junit.JUnitTask.execute(JUnitTask.java:860)
	at org.apache.tools.ant.taskdefs.optional.junit.JUnitTask.executeOrQueue(JUnitTask.java:1968)
	at org.apache.tools.ant.taskdefs.optional.junit.JUnitTask.execute1(JUnitTask.java:812)
	at org.apache.tools.ant.taskdefs.optional.junit.JUnitTask.execute(JUnitTask.java:2271)
	at org.apache.tools.ant.UnknownElement.execute(UnknownElement.java:291)
	at sun.reflect.GeneratedMethodAccessor4.invoke(Unknown Source)
	at sun.reflect.DelegatingMethodAccessorImpl.invoke(DelegatingMethodAccessorImpl.java:43)
	at java.lang.reflect.Method.invoke(Method.java:606)
	at org.apache.tools.ant.dispatch.DispatchUtils.execute(DispatchUtils.java:106)
	at org.apache.tools.ant.Task.perform(Task.java:348)
	at org.apache.tools.ant.Target.execute(Target.java:392)
	at org.apache.tools.ant.Target.performTasks(Target.java:413)
	at org.apache.tools.ant.Project.executeSortedTargets(Project.java:1399)
	at org.apache.tools.ant.Project.executeTarget(Project.java:1368)
	at org.apache.tools.ant.helper.DefaultExecutor.executeTargets(DefaultExecutor.java:41)
	at org.apache.tools.ant.Project.executeTargets(Project.java:1251)
	at org.apache.tools.ant.Main.runBuild(Main.java:811)
	at org.apache.tools.ant.Main.startAnt(Main.java:217)
	at org.apache.tools.ant.launch.Launcher.run(Launcher.java:280)
	at org.apache.tools.ant.launch.Launcher.main(Launcher.java:109)
Caused by: java.lang.NullPointerException
	... 49 more
--- com.google.javascript.jscomp.PeepholeFoldConstantsTest::testCommutativeOperators
java.lang.RuntimeException: INTERNAL COMPILER ERROR.
Please report this problem.
null
  Node(EQ): testcode:1:5
[source unknown]
  Parent(EXPR_RESULT): testcode:1:0
[source unknown]

	at com.google.javascript.jscomp.PeepholeFoldConstants.getNormalizedNodeType(PeepholeFoldConstants.java:1078)
	at com.google.javascript.jscomp.PeepholeFoldConstants.tryFoldComparison(PeepholeFoldConstants.java:908)
	at com.google.javascript.jscomp.PeepholeFoldConstants.tryFoldBinaryOperator(PeepholeFoldConstants.java:158)
	at com.google.javascript.jscomp.PeepholeFoldConstants.optimizeSubtree(PeepholeFoldConstants.java:92)
	at com.google.javascript.jscomp.PeepholeOptimizationsPass.visit(PeepholeOptimizationsPass.java:69)
	at com.google.javascript.jscomp.NodeTraversal.traverseBranch(NodeTraversal.java:464)
	at com.google.javascript.jscomp.NodeTraversal.traverseBranch(NodeTraversal.java:457)
	at com.google.javascript.jscomp.NodeTraversal.traverseBranch(NodeTraversal.java:457)
	at com.google.javascript.jscomp.NodeTraversal.traverseBranch(NodeTraversal.java:457)
	at com.google.javascript.jscomp.NodeTraversal.traverse(NodeTraversal.java:249)
	at com.google.javascript.jscomp.PeepholeOptimizationsPass.process(PeepholeOptimizationsPass.java:57)
	at com.google.javascript.jscomp.PeepholeFoldConstantsTest.printHelper(PeepholeFoldConstantsTest.java:1220)
	at com.google.javascript.jscomp.PeepholeFoldConstantsTest.process(PeepholeFoldConstantsTest.java:1198)
	at com.google.javascript.jscomp.PeepholeFoldConstantsTest.assertSameResultsOrUncollapsed(PeepholeFoldConstantsTest.java:1173)
	at com.google.javascript.jscomp.PeepholeFoldConstantsTest.testCommutativeOperators(PeepholeFoldConstantsTest.java:1162)
	at sun.reflect.NativeMethodAccessorImpl.invoke0(Native Method)
	at sun.reflect.NativeMethodAccessorImpl.invoke(NativeMethodAccessorImpl.java:57)
	at sun.reflect.DelegatingMethodAccessorImpl.invoke(DelegatingMethodAccessorImpl.java:43)
	at java.lang.reflect.Method.invoke(Method.java:606)
	at junit.framework.TestCase.runTest(TestCase.java:176)
	at junit.framework.TestCase.runBare(TestCase.java:141)
	at junit.framework.TestResult$1.protect(TestResult.java:122)
	at junit.framework.TestResult.runProtected(TestResult.java:142)
	at junit.framework.TestResult.run(TestResult.java:125)
	at junit.framework.TestCase.run(TestCase.java:129)
	at junit.framework.TestSuite.runTest(TestSuite.java:255)
	at junit.framework.TestSuite.run(TestSuite.java:250)
	at org.apache.tools.ant.taskdefs.optional.junit.JUnitTestRunner.run(JUnitTestRunner.java:520)
	at org.apache.tools.ant.taskdefs.optional.junit.JUnitTask.executeInVM(JUnitTask.java:1478)
	at org.apache.tools.ant.taskdefs.optional.junit.JUnitTask.execute(JUnitTask.java:860)
	at org.apache.tools.ant.taskdefs.optional.junit.JUnitTask.executeOrQueue(JUnitTask.java:1968)
	at org.apache.tools.ant.taskdefs.optional.junit.JUnitTask.execute1(JUnitTask.java:812)
	at org.apache.tools.ant.taskdefs.optional.junit.JUnitTask.execute(JUnitTask.java:2271)
	at org.apache.tools.ant.UnknownElement.execute(UnknownElement.java:291)
	at sun.reflect.GeneratedMethodAccessor4.invoke(Unknown Source)
	at sun.reflect.DelegatingMethodAccessorImpl.invoke(DelegatingMethodAccessorImpl.java:43)
	at java.lang.reflect.Method.invoke(Method.java:606)
	at org.apache.tools.ant.dispatch.DispatchUtils.execute(DispatchUtils.java:106)
	at org.apache.tools.ant.Task.perform(Task.java:348)
	at org.apache.tools.ant.Target.execute(Target.java:392)
	at org.apache.tools.ant.Target.performTasks(Target.java:413)
	at org.apache.tools.ant.Project.executeSortedTargets(Project.java:1399)
	at org.apache.tools.ant.Project.executeTarget(Project.java:1368)
	at org.apache.tools.ant.helper.DefaultExecutor.executeTargets(DefaultExecutor.java:41)
	at org.apache.tools.ant.Project.executeTargets(Project.java:1251)
	at org.apache.tools.ant.Main.runBuild(Main.java:811)
	at org.apache.tools.ant.Main.startAnt(Main.java:217)
	at org.apache.tools.ant.launch.Launcher.run(Launcher.java:280)
	at org.apache.tools.ant.launch.Launcher.main(Launcher.java:109)
Caused by: java.lang.NullPointerException
	... 49 more
