--- com.google.javascript.jscomp.DeadAssignmentsEliminationTest::testAssignAndReadInCondition
java.lang.RuntimeException: INTERNAL COMPILER ERROR.
Please report this problem.
null
  Node(FUNCTION ): testcode:1:9
[source unknown]
  Parent(SCRIPT): testcode:1:0
[source unknown]

	at com.google.javascript.jscomp.ControlFlowGraph.isEnteringNewCfgNode(ControlFlowGraph.java:151)
	at com.google.javascript.jscomp.DeadAssignmentsElimination.isVariableReadBeforeKill(DeadAssignmentsElimination.java:354)
	at com.google.javascript.jscomp.DeadAssignmentsElimination.isVariableStillLiveWithinExpression(DeadAssignmentsElimination.java:301)
	at com.google.javascript.jscomp.DeadAssignmentsElimination.tryRemoveAssignment(DeadAssignmentsElimination.java:218)
	at com.google.javascript.jscomp.DeadAssignmentsElimination.tryRemoveAssignment(DeadAssignmentsElimination.java:267)
	at com.google.javascript.jscomp.DeadAssignmentsElimination.tryRemoveAssignment(DeadAssignmentsElimination.java:156)
	at com.google.javascript.jscomp.DeadAssignmentsElimination.tryRemoveDeadAssignments(DeadAssignmentsElimination.java:132)
	at com.google.javascript.jscomp.DeadAssignmentsElimination.enterScope(DeadAssignmentsElimination.java:98)
	at com.google.javascript.jscomp.NodeTraversal.pushScope(NodeTraversal.java:527)
	at com.google.javascript.jscomp.NodeTraversal.traverseFunction(NodeTraversal.java:485)
	at com.google.javascript.jscomp.NodeTraversal.traverseBranch(NodeTraversal.java:449)
	at com.google.javascript.jscomp.NodeTraversal.traverseBranch(NodeTraversal.java:457)
	at com.google.javascript.jscomp.NodeTraversal.traverseBranch(NodeTraversal.java:457)
	at com.google.javascript.jscomp.NodeTraversal.traverse(NodeTraversal.java:249)
	at com.google.javascript.jscomp.NodeTraversal.traverse(NodeTraversal.java:422)
	at com.google.javascript.jscomp.DeadAssignmentsEliminationTest$1.process(DeadAssignmentsEliminationTest.java:40)
	at com.google.javascript.jscomp.CompilerTestCase.test(CompilerTestCase.java:749)
	at com.google.javascript.jscomp.CompilerTestCase.test(CompilerTestCase.java:410)
	at com.google.javascript.jscomp.CompilerTestCase.test(CompilerTestCase.java:335)
	at com.google.javascript.jscomp.CompilerTestCase.test(CompilerTestCase.java:304)
	at com.google.javascript.jscomp.CompilerTestCase.test(CompilerTestCase.java:292)
	at com.google.javascript.jscomp.DeadAssignmentsEliminationTest.inFunction(DeadAssignmentsEliminationTest.java:345)
	at com.google.javascript.jscomp.DeadAssignmentsEliminationTest.testAssignAndReadInCondition(DeadAssignmentsEliminationTest.java:136)
	at sun.reflect.NativeMethodAccessorImpl.invoke0(Native Method)
	at sun.reflect.NativeMethodAccessorImpl.invoke(NativeMethodAccessorImpl.java:57)
	at sun.reflect.DelegatingMethodAccessorImpl.invoke(DelegatingMethodAccessorImpl.java:43)
	at java.lang.reflect.Method.invoke(Method.java:606)
	at junit.framework.TestCase.runTest(TestCase.java:176)
	at junit.framework.TestCase.runBare(TestCase.java:141)
	at junit.framework.TestResult$1.protect(TestResult.java:122)
	at junit.framework.TestResult.runProtected(TestResult.java:142)
	at junit.framework.TestResult.run(TestResult.java:125)
	at junit.framework.TestCase.run(TestCase.java:129)
	at junit.framework.TestSuite.runTest(TestSuite.java:255)
	at junit.framework.TestSuite.run(TestSuite.java:250)
	at org.apache.tools.ant.taskdefs.optional.junit.JUnitTestRunner.run(JUnitTestRunner.java:520)
	at org.apache.tools.ant.taskdefs.optional.junit.JUnitTask.executeInVM(JUnitTask.java:1478)
	at org.apache.tools.ant.taskdefs.optional.junit.JUnitTask.execute(JUnitTask.java:860)
	at org.apache.tools.ant.taskdefs.optional.junit.JUnitTask.executeOrQueue(JUnitTask.java:1968)
	at org.apache.tools.ant.taskdefs.optional.junit.JUnitTask.execute1(JUnitTask.java:812)
	at org.apache.tools.ant.taskdefs.optional.junit.JUnitTask.execute(JUnitTask.java:2271)
	at org.apache.tools.ant.UnknownElement.execute(UnknownElement.java:291)
	at sun.reflect.GeneratedMethodAccessor4.invoke(Unknown Source)
	at sun.reflect.DelegatingMethodAccessorImpl.invoke(DelegatingMethodAccessorImpl.java:43)
	at java.lang.reflect.Method.invoke(Method.java:606)
	at org.apache.tools.ant.dispatch.DispatchUtils.execute(DispatchUtils.java:106)
	at org.apache.tools.ant.Task.perform(Task.java:348)
	at org.apache.tools.ant.Target.execute(Target.java:392)
	at org.apache.tools.ant.Target.performTasks(Target.java:413)
	at org.apache.tools.ant.Project.executeSortedTargets(Project.java:1399)
	at org.apache.tools.ant.Project.executeTarget(Project.java:1368)
	at org.apache.tools.ant.helper.DefaultExecutor.executeTargets(DefaultExecutor.java:41)
	at org.apache.tools.ant.Project.executeTargets(Project.java:1251)
	at org.apache.tools.ant.Main.runBuild(Main.java:811)
	at org.apache.tools.ant.Main.startAnt(Main.java:217)
	at org.apache.tools.ant.launch.Launcher.run(Launcher.java:280)
	at org.apache.tools.ant.launch.Launcher.main(Launcher.java:109)
Caused by: java.lang.NullPointerException
	... 57 more
--- com.google.javascript.jscomp.DeadAssignmentsEliminationTest::testIssue297b
java.lang.RuntimeException: INTERNAL COMPILER ERROR.
Please report this problem.
null
  Node(FUNCTION ): testcode:1:9
[source unknown]
  Parent(SCRIPT): testcode:1:0
[source unknown]

	at com.google.javascript.jscomp.ControlFlowGraph.isEnteringNewCfgNode(ControlFlowGraph.java:151)
	at com.google.javascript.jscomp.DeadAssignmentsElimination.isVariableReadBeforeKill(DeadAssignmentsElimination.java:354)
	at com.google.javascript.jscomp.DeadAssignmentsElimination.isVariableStillLiveWithinExpression(DeadAssignmentsElimination.java:301)
	at com.google.javascript.jscomp.DeadAssignmentsElimination.tryRemoveAssignment(DeadAssignmentsElimination.java:218)
	at com.google.javascript.jscomp.DeadAssignmentsElimination.tryRemoveAssignment(DeadAssignmentsElimination.java:267)
	at com.google.javascript.jscomp.DeadAssignmentsElimination.tryRemoveAssignment(DeadAssignmentsElimination.java:156)
	at com.google.javascript.jscomp.DeadAssignmentsElimination.tryRemoveDeadAssignments(DeadAssignmentsElimination.java:144)
	at com.google.javascript.jscomp.DeadAssignmentsElimination.enterScope(DeadAssignmentsElimination.java:98)
	at com.google.javascript.jscomp.NodeTraversal.pushScope(NodeTraversal.java:527)
	at com.google.javascript.jscomp.NodeTraversal.traverseFunction(NodeTraversal.java:485)
	at com.google.javascript.jscomp.NodeTraversal.traverseBranch(NodeTraversal.java:449)
	at com.google.javascript.jscomp.NodeTraversal.traverseBranch(NodeTraversal.java:457)
	at com.google.javascript.jscomp.NodeTraversal.traverseBranch(NodeTraversal.java:457)
	at com.google.javascript.jscomp.NodeTraversal.traverse(NodeTraversal.java:249)
	at com.google.javascript.jscomp.NodeTraversal.traverse(NodeTraversal.java:422)
	at com.google.javascript.jscomp.DeadAssignmentsEliminationTest$1.process(DeadAssignmentsEliminationTest.java:40)
	at com.google.javascript.jscomp.CompilerTestCase.test(CompilerTestCase.java:749)
	at com.google.javascript.jscomp.CompilerTestCase.test(CompilerTestCase.java:410)
	at com.google.javascript.jscomp.CompilerTestCase.test(CompilerTestCase.java:335)
	at com.google.javascript.jscomp.CompilerTestCase.test(CompilerTestCase.java:304)
	at com.google.javascript.jscomp.CompilerTestCase.test(CompilerTestCase.java:292)
	at com.google.javascript.jscomp.DeadAssignmentsEliminationTest.testIssue297b(DeadAssignmentsEliminationTest.java:375)
	at sun.reflect.NativeMethodAccessorImpl.invoke0(Native Method)
	at sun.reflect.NativeMethodAccessorImpl.invoke(NativeMethodAccessorImpl.java:57)
	at sun.reflect.DelegatingMethodAccessorImpl.invoke(DelegatingMethodAccessorImpl.java:43)
	at java.lang.reflect.Method.invoke(Method.java:606)
	at junit.framework.TestCase.runTest(TestCase.java:176)
	at junit.framework.TestCase.runBare(TestCase.java:141)
	at junit.framework.TestResult$1.protect(TestResult.java:122)
	at junit.framework.TestResult.runProtected(TestResult.java:142)
	at junit.framework.TestResult.run(TestResult.java:125)
	at junit.framework.TestCase.run(TestCase.java:129)
	at junit.framework.TestSuite.runTest(TestSuite.java:255)
	at junit.framework.TestSuite.run(TestSuite.java:250)
	at org.apache.tools.ant.taskdefs.optional.junit.JUnitTestRunner.run(JUnitTestRunner.java:520)
	at org.apache.tools.ant.taskdefs.optional.junit.JUnitTask.executeInVM(JUnitTask.java:1478)
	at org.apache.tools.ant.taskdefs.optional.junit.JUnitTask.execute(JUnitTask.java:860)
	at org.apache.tools.ant.taskdefs.optional.junit.JUnitTask.executeOrQueue(JUnitTask.java:1968)
	at org.apache.tools.ant.taskdefs.optional.junit.JUnitTask.execute1(JUnitTask.java:812)
	at org.apache.tools.ant.taskdefs.optional.junit.JUnitTask.execute(JUnitTask.java:2271)
	at org.apache.tools.ant.UnknownElement.execute(UnknownElement.java:291)
	at sun.reflect.GeneratedMethodAccessor4.invoke(Unknown Source)
	at sun.reflect.DelegatingMethodAccessorImpl.invoke(DelegatingMethodAccessorImpl.java:43)
	at java.lang.reflect.Method.invoke(Method.java:606)
	at org.apache.tools.ant.dispatch.DispatchUtils.execute(DispatchUtils.java:106)
	at org.apache.tools.ant.Task.perform(Task.java:348)
	at org.apache.tools.ant.Target.execute(Target.java:392)
	at org.apache.tools.ant.Target.performTasks(Target.java:413)
	at org.apache.tools.ant.Project.executeSortedTargets(Project.java:1399)
	at org.apache.tools.ant.Project.executeTarget(Project.java:1368)
	at org.apache.tools.ant.helper.DefaultExecutor.executeTargets(DefaultExecutor.java:41)
	at org.apache.tools.ant.Project.executeTargets(Project.java:1251)
	at org.apache.tools.ant.Main.runBuild(Main.java:811)
	at org.apache.tools.ant.Main.startAnt(Main.java:217)
	at org.apache.tools.ant.launch.Launcher.run(Launcher.java:280)
	at org.apache.tools.ant.launch.Launcher.main(Launcher.java:109)
Caused by: java.lang.NullPointerException
	... 56 more
--- com.google.javascript.jscomp.DeadAssignmentsEliminationTest::testIssue297c
java.lang.RuntimeException: INTERNAL COMPILER ERROR.
Please report this problem.
null
  Node(FUNCTION ): testcode:1:9
[source unknown]
  Parent(SCRIPT): testcode:1:0
[source unknown]

	at com.google.javascript.jscomp.ControlFlowGraph.isEnteringNewCfgNode(ControlFlowGraph.java:151)
	at com.google.javascript.jscomp.DeadAssignmentsElimination.isVariableReadBeforeKill(DeadAssignmentsElimination.java:354)
	at com.google.javascript.jscomp.DeadAssignmentsElimination.isVariableStillLiveWithinExpression(DeadAssignmentsElimination.java:301)
	at com.google.javascript.jscomp.DeadAssignmentsElimination.tryRemoveAssignment(DeadAssignmentsElimination.java:218)
	at com.google.javascript.jscomp.DeadAssignmentsElimination.tryRemoveAssignment(DeadAssignmentsElimination.java:267)
	at com.google.javascript.jscomp.DeadAssignmentsElimination.tryRemoveAssignment(DeadAssignmentsElimination.java:156)
	at com.google.javascript.jscomp.DeadAssignmentsElimination.tryRemoveDeadAssignments(DeadAssignmentsElimination.java:144)
	at com.google.javascript.jscomp.DeadAssignmentsElimination.enterScope(DeadAssignmentsElimination.java:98)
	at com.google.javascript.jscomp.NodeTraversal.pushScope(NodeTraversal.java:527)
	at com.google.javascript.jscomp.NodeTraversal.traverseFunction(NodeTraversal.java:485)
	at com.google.javascript.jscomp.NodeTraversal.traverseBranch(NodeTraversal.java:449)
	at com.google.javascript.jscomp.NodeTraversal.traverseBranch(NodeTraversal.java:457)
	at com.google.javascript.jscomp.NodeTraversal.traverseBranch(NodeTraversal.java:457)
	at com.google.javascript.jscomp.NodeTraversal.traverse(NodeTraversal.java:249)
	at com.google.javascript.jscomp.NodeTraversal.traverse(NodeTraversal.java:422)
	at com.google.javascript.jscomp.DeadAssignmentsEliminationTest$1.process(DeadAssignmentsEliminationTest.java:40)
	at com.google.javascript.jscomp.CompilerTestCase.test(CompilerTestCase.java:749)
	at com.google.javascript.jscomp.CompilerTestCase.test(CompilerTestCase.java:410)
	at com.google.javascript.jscomp.CompilerTestCase.test(CompilerTestCase.java:335)
	at com.google.javascript.jscomp.CompilerTestCase.test(CompilerTestCase.java:304)
	at com.google.javascript.jscomp.CompilerTestCase.test(CompilerTestCase.java:292)
	at com.google.javascript.jscomp.DeadAssignmentsEliminationTest.testIssue297c(DeadAssignmentsEliminationTest.java:386)
	at sun.reflect.NativeMethodAccessorImpl.invoke0(Native Method)
	at sun.reflect.NativeMethodAccessorImpl.invoke(NativeMethodAccessorImpl.java:57)
	at sun.reflect.DelegatingMethodAccessorImpl.invoke(DelegatingMethodAccessorImpl.java:43)
	at java.lang.reflect.Method.invoke(Method.java:606)
	at junit.framework.TestCase.runTest(TestCase.java:176)
	at junit.framework.TestCase.runBare(TestCase.java:141)
	at junit.framework.TestResult$1.protect(TestResult.java:122)
	at junit.framework.TestResult.runProtected(TestResult.java:142)
	at junit.framework.TestResult.run(TestResult.java:125)
	at junit.framework.TestCase.run(TestCase.java:129)
	at junit.framework.TestSuite.runTest(TestSuite.java:255)
	at junit.framework.TestSuite.run(TestSuite.java:250)
	at org.apache.tools.ant.taskdefs.optional.junit.JUnitTestRunner.run(JUnitTestRunner.java:520)
	at org.apache.tools.ant.taskdefs.optional.junit.JUnitTask.executeInVM(JUnitTask.java:1478)
	at org.apache.tools.ant.taskdefs.optional.junit.JUnitTask.execute(JUnitTask.java:860)
	at org.apache.tools.ant.taskdefs.optional.junit.JUnitTask.executeOrQueue(JUnitTask.java:1968)
	at org.apache.tools.ant.taskdefs.optional.junit.JUnitTask.execute1(JUnitTask.java:812)
	at org.apache.tools.ant.taskdefs.optional.junit.JUnitTask.execute(JUnitTask.java:2271)
	at org.apache.tools.ant.UnknownElement.execute(UnknownElement.java:291)
	at sun.reflect.GeneratedMethodAccessor4.invoke(Unknown Source)
	at sun.reflect.DelegatingMethodAccessorImpl.invoke(DelegatingMethodAccessorImpl.java:43)
	at java.lang.reflect.Method.invoke(Method.java:606)
	at org.apache.tools.ant.dispatch.DispatchUtils.execute(DispatchUtils.java:106)
	at org.apache.tools.ant.Task.perform(Task.java:348)
	at org.apache.tools.ant.Target.execute(Target.java:392)
	at org.apache.tools.ant.Target.performTasks(Target.java:413)
	at org.apache.tools.ant.Project.executeSortedTargets(Project.java:1399)
	at org.apache.tools.ant.Project.executeTarget(Project.java:1368)
	at org.apache.tools.ant.helper.DefaultExecutor.executeTargets(DefaultExecutor.java:41)
	at org.apache.tools.ant.Project.executeTargets(Project.java:1251)
	at org.apache.tools.ant.Main.runBuild(Main.java:811)
	at org.apache.tools.ant.Main.startAnt(Main.java:217)
	at org.apache.tools.ant.launch.Launcher.run(Launcher.java:280)
	at org.apache.tools.ant.launch.Launcher.main(Launcher.java:109)
Caused by: java.lang.NullPointerException
	... 56 more
--- com.google.javascript.jscomp.DeadAssignmentsEliminationTest::testIssue297d
java.lang.RuntimeException: INTERNAL COMPILER ERROR.
Please report this problem.
null
  Node(FUNCTION ): testcode:1:9
[source unknown]
  Parent(SCRIPT): testcode:1:0
[source unknown]

	at com.google.javascript.jscomp.ControlFlowGraph.isEnteringNewCfgNode(ControlFlowGraph.java:151)
	at com.google.javascript.jscomp.DeadAssignmentsElimination.isVariableReadBeforeKill(DeadAssignmentsElimination.java:354)
	at com.google.javascript.jscomp.DeadAssignmentsElimination.isVariableStillLiveWithinExpression(DeadAssignmentsElimination.java:301)
	at com.google.javascript.jscomp.DeadAssignmentsElimination.tryRemoveAssignment(DeadAssignmentsElimination.java:218)
	at com.google.javascript.jscomp.DeadAssignmentsElimination.tryRemoveAssignment(DeadAssignmentsElimination.java:267)
	at com.google.javascript.jscomp.DeadAssignmentsElimination.tryRemoveAssignment(DeadAssignmentsElimination.java:156)
	at com.google.javascript.jscomp.DeadAssignmentsElimination.tryRemoveDeadAssignments(DeadAssignmentsElimination.java:144)
	at com.google.javascript.jscomp.DeadAssignmentsElimination.enterScope(DeadAssignmentsElimination.java:98)
	at com.google.javascript.jscomp.NodeTraversal.pushScope(NodeTraversal.java:527)
	at com.google.javascript.jscomp.NodeTraversal.traverseFunction(NodeTraversal.java:485)
	at com.google.javascript.jscomp.NodeTraversal.traverseBranch(NodeTraversal.java:449)
	at com.google.javascript.jscomp.NodeTraversal.traverseBranch(NodeTraversal.java:457)
	at com.google.javascript.jscomp.NodeTraversal.traverseBranch(NodeTraversal.java:457)
	at com.google.javascript.jscomp.NodeTraversal.traverse(NodeTraversal.java:249)
	at com.google.javascript.jscomp.NodeTraversal.traverse(NodeTraversal.java:422)
	at com.google.javascript.jscomp.DeadAssignmentsEliminationTest$1.process(DeadAssignmentsEliminationTest.java:40)
	at com.google.javascript.jscomp.CompilerTestCase.test(CompilerTestCase.java:749)
	at com.google.javascript.jscomp.CompilerTestCase.test(CompilerTestCase.java:410)
	at com.google.javascript.jscomp.CompilerTestCase.test(CompilerTestCase.java:335)
	at com.google.javascript.jscomp.CompilerTestCase.test(CompilerTestCase.java:304)
	at com.google.javascript.jscomp.CompilerTestCase.test(CompilerTestCase.java:292)
	at com.google.javascript.jscomp.DeadAssignmentsEliminationTest.testIssue297d(DeadAssignmentsEliminationTest.java:397)
	at sun.reflect.NativeMethodAccessorImpl.invoke0(Native Method)
	at sun.reflect.NativeMethodAccessorImpl.invoke(NativeMethodAccessorImpl.java:57)
	at sun.reflect.DelegatingMethodAccessorImpl.invoke(DelegatingMethodAccessorImpl.java:43)
	at java.lang.reflect.Method.invoke(Method.java:606)
	at junit.framework.TestCase.runTest(TestCase.java:176)
	at junit.framework.TestCase.runBare(TestCase.java:141)
	at junit.framework.TestResult$1.protect(TestResult.java:122)
	at junit.framework.TestResult.runProtected(TestResult.java:142)
	at junit.framework.TestResult.run(TestResult.java:125)
	at junit.framework.TestCase.run(TestCase.java:129)
	at junit.framework.TestSuite.runTest(TestSuite.java:255)
	at junit.framework.TestSuite.run(TestSuite.java:250)
	at org.apache.tools.ant.taskdefs.optional.junit.JUnitTestRunner.run(JUnitTestRunner.java:520)
	at org.apache.tools.ant.taskdefs.optional.junit.JUnitTask.executeInVM(JUnitTask.java:1478)
	at org.apache.tools.ant.taskdefs.optional.junit.JUnitTask.execute(JUnitTask.java:860)
	at org.apache.tools.ant.taskdefs.optional.junit.JUnitTask.executeOrQueue(JUnitTask.java:1968)
	at org.apache.tools.ant.taskdefs.optional.junit.JUnitTask.execute1(JUnitTask.java:812)
	at org.apache.tools.ant.taskdefs.optional.junit.JUnitTask.execute(JUnitTask.java:2271)
	at org.apache.tools.ant.UnknownElement.execute(UnknownElement.java:291)
	at sun.reflect.GeneratedMethodAccessor4.invoke(Unknown Source)
	at sun.reflect.DelegatingMethodAccessorImpl.invoke(DelegatingMethodAccessorImpl.java:43)
	at java.lang.reflect.Method.invoke(Method.java:606)
	at org.apache.tools.ant.dispatch.DispatchUtils.execute(DispatchUtils.java:106)
	at org.apache.tools.ant.Task.perform(Task.java:348)
	at org.apache.tools.ant.Target.execute(Target.java:392)
	at org.apache.tools.ant.Target.performTasks(Target.java:413)
	at org.apache.tools.ant.Project.executeSortedTargets(Project.java:1399)
	at org.apache.tools.ant.Project.executeTarget(Project.java:1368)
	at org.apache.tools.ant.helper.DefaultExecutor.executeTargets(DefaultExecutor.java:41)
	at org.apache.tools.ant.Project.executeTargets(Project.java:1251)
	at org.apache.tools.ant.Main.runBuild(Main.java:811)
	at org.apache.tools.ant.Main.startAnt(Main.java:217)
	at org.apache.tools.ant.launch.Launcher.run(Launcher.java:280)
	at org.apache.tools.ant.launch.Launcher.main(Launcher.java:109)
Caused by: java.lang.NullPointerException
	... 56 more
--- com.google.javascript.jscomp.DeadAssignmentsEliminationTest::testIssue384b
java.lang.RuntimeException: INTERNAL COMPILER ERROR.
Please report this problem.
null
  Node(FUNCTION ): testcode:1:9
function FUNC(param1, param2){ var a, b;
  Parent(SCRIPT): testcode:1:0
function FUNC(param1, param2){ var a, b;

	at com.google.javascript.jscomp.ControlFlowGraph.isEnteringNewCfgNode(ControlFlowGraph.java:151)
	at com.google.javascript.jscomp.DeadAssignmentsElimination.isVariableReadBeforeKill(DeadAssignmentsElimination.java:354)
	at com.google.javascript.jscomp.DeadAssignmentsElimination.isVariableStillLiveWithinExpression(DeadAssignmentsElimination.java:301)
	at com.google.javascript.jscomp.DeadAssignmentsElimination.tryRemoveAssignment(DeadAssignmentsElimination.java:218)
	at com.google.javascript.jscomp.DeadAssignmentsElimination.tryRemoveAssignment(DeadAssignmentsElimination.java:267)
	at com.google.javascript.jscomp.DeadAssignmentsElimination.tryRemoveAssignment(DeadAssignmentsElimination.java:267)
	at com.google.javascript.jscomp.DeadAssignmentsElimination.tryRemoveAssignment(DeadAssignmentsElimination.java:267)
	at com.google.javascript.jscomp.DeadAssignmentsElimination.tryRemoveAssignment(DeadAssignmentsElimination.java:267)
	at com.google.javascript.jscomp.DeadAssignmentsElimination.tryRemoveAssignment(DeadAssignmentsElimination.java:156)
	at com.google.javascript.jscomp.DeadAssignmentsElimination.tryRemoveDeadAssignments(DeadAssignmentsElimination.java:150)
	at com.google.javascript.jscomp.DeadAssignmentsElimination.enterScope(DeadAssignmentsElimination.java:98)
	at com.google.javascript.jscomp.NodeTraversal.pushScope(NodeTraversal.java:527)
	at com.google.javascript.jscomp.NodeTraversal.traverseFunction(NodeTraversal.java:485)
	at com.google.javascript.jscomp.NodeTraversal.traverseBranch(NodeTraversal.java:449)
	at com.google.javascript.jscomp.NodeTraversal.traverseBranch(NodeTraversal.java:457)
	at com.google.javascript.jscomp.NodeTraversal.traverseBranch(NodeTraversal.java:457)
	at com.google.javascript.jscomp.NodeTraversal.traverse(NodeTraversal.java:249)
	at com.google.javascript.jscomp.NodeTraversal.traverse(NodeTraversal.java:422)
	at com.google.javascript.jscomp.DeadAssignmentsEliminationTest$1.process(DeadAssignmentsEliminationTest.java:40)
	at com.google.javascript.jscomp.CompilerTestCase.test(CompilerTestCase.java:749)
	at com.google.javascript.jscomp.CompilerTestCase.test(CompilerTestCase.java:410)
	at com.google.javascript.jscomp.CompilerTestCase.test(CompilerTestCase.java:335)
	at com.google.javascript.jscomp.CompilerTestCase.test(CompilerTestCase.java:304)
	at com.google.javascript.jscomp.CompilerTestCase.test(CompilerTestCase.java:292)
	at com.google.javascript.jscomp.DeadAssignmentsEliminationTest.inFunction(DeadAssignmentsEliminationTest.java:345)
	at com.google.javascript.jscomp.DeadAssignmentsEliminationTest.inFunction(DeadAssignmentsEliminationTest.java:341)
	at com.google.javascript.jscomp.DeadAssignmentsEliminationTest.testIssue384b(DeadAssignmentsEliminationTest.java:501)
	at sun.reflect.NativeMethodAccessorImpl.invoke0(Native Method)
	at sun.reflect.NativeMethodAccessorImpl.invoke(NativeMethodAccessorImpl.java:57)
	at sun.reflect.DelegatingMethodAccessorImpl.invoke(DelegatingMethodAccessorImpl.java:43)
	at java.lang.reflect.Method.invoke(Method.java:606)
	at junit.framework.TestCase.runTest(TestCase.java:176)
	at junit.framework.TestCase.runBare(TestCase.java:141)
	at junit.framework.TestResult$1.protect(TestResult.java:122)
	at junit.framework.TestResult.runProtected(TestResult.java:142)
	at junit.framework.TestResult.run(TestResult.java:125)
	at junit.framework.TestCase.run(TestCase.java:129)
	at junit.framework.TestSuite.runTest(TestSuite.java:255)
	at junit.framework.TestSuite.run(TestSuite.java:250)
	at org.apache.tools.ant.taskdefs.optional.junit.JUnitTestRunner.run(JUnitTestRunner.java:520)
	at org.apache.tools.ant.taskdefs.optional.junit.JUnitTask.executeInVM(JUnitTask.java:1478)
	at org.apache.tools.ant.taskdefs.optional.junit.JUnitTask.execute(JUnitTask.java:860)
	at org.apache.tools.ant.taskdefs.optional.junit.JUnitTask.executeOrQueue(JUnitTask.java:1968)
	at org.apache.tools.ant.taskdefs.optional.junit.JUnitTask.execute1(JUnitTask.java:812)
	at org.apache.tools.ant.taskdefs.optional.junit.JUnitTask.execute(JUnitTask.java:2271)
	at org.apache.tools.ant.UnknownElement.execute(UnknownElement.java:291)
	at sun.reflect.GeneratedMethodAccessor4.invoke(Unknown Source)
	at sun.reflect.DelegatingMethodAccessorImpl.invoke(DelegatingMethodAccessorImpl.java:43)
	at java.lang.reflect.Method.invoke(Method.java:606)
	at org.apache.tools.ant.dispatch.DispatchUtils.execute(DispatchUtils.java:106)
	at org.apache.tools.ant.Task.perform(Task.java:348)
	at org.apache.tools.ant.Target.execute(Target.java:392)
	at org.apache.tools.ant.Target.performTasks(Target.java:413)
	at org.apache.tools.ant.Project.executeSortedTargets(Project.java:1399)
	at org.apache.tools.ant.Project.executeTarget(Project.java:1368)
	at org.apache.tools.ant.helper.DefaultExecutor.executeTargets(DefaultExecutor.java:41)
	at org.apache.tools.ant.Project.executeTargets(Project.java:1251)
	at org.apache.tools.ant.Main.runBuild(Main.java:811)
	at org.apache.tools.ant.Main.startAnt(Main.java:217)
	at org.apache.tools.ant.launch.Launcher.run(Launcher.java:280)
	at org.apache.tools.ant.launch.Launcher.main(Launcher.java:109)
Caused by: java.lang.NullPointerException
	... 61 more
--- com.google.javascript.jscomp.DeadAssignmentsEliminationTest::testIssue384d
java.lang.RuntimeException: INTERNAL COMPILER ERROR.
Please report this problem.
null
  Node(FUNCTION ): testcode:1:9
function FUNC(param1, param2){ var a, b;
  Parent(SCRIPT): testcode:1:0
function FUNC(param1, param2){ var a, b;

	at com.google.javascript.jscomp.ControlFlowGraph.isEnteringNewCfgNode(ControlFlowGraph.java:151)
	at com.google.javascript.jscomp.DeadAssignmentsElimination.isVariableReadBeforeKill(DeadAssignmentsElimination.java:354)
	at com.google.javascript.jscomp.DeadAssignmentsElimination.isVariableStillLiveWithinExpression(DeadAssignmentsElimination.java:301)
	at com.google.javascript.jscomp.DeadAssignmentsElimination.tryRemoveAssignment(DeadAssignmentsElimination.java:218)
	at com.google.javascript.jscomp.DeadAssignmentsElimination.tryRemoveAssignment(DeadAssignmentsElimination.java:267)
	at com.google.javascript.jscomp.DeadAssignmentsElimination.tryRemoveAssignment(DeadAssignmentsElimination.java:267)
	at com.google.javascript.jscomp.DeadAssignmentsElimination.tryRemoveAssignment(DeadAssignmentsElimination.java:267)
	at com.google.javascript.jscomp.DeadAssignmentsElimination.tryRemoveAssignment(DeadAssignmentsElimination.java:267)
	at com.google.javascript.jscomp.DeadAssignmentsElimination.tryRemoveAssignment(DeadAssignmentsElimination.java:156)
	at com.google.javascript.jscomp.DeadAssignmentsElimination.tryRemoveDeadAssignments(DeadAssignmentsElimination.java:150)
	at com.google.javascript.jscomp.DeadAssignmentsElimination.enterScope(DeadAssignmentsElimination.java:98)
	at com.google.javascript.jscomp.NodeTraversal.pushScope(NodeTraversal.java:527)
	at com.google.javascript.jscomp.NodeTraversal.traverseFunction(NodeTraversal.java:485)
	at com.google.javascript.jscomp.NodeTraversal.traverseBranch(NodeTraversal.java:449)
	at com.google.javascript.jscomp.NodeTraversal.traverseBranch(NodeTraversal.java:457)
	at com.google.javascript.jscomp.NodeTraversal.traverseBranch(NodeTraversal.java:457)
	at com.google.javascript.jscomp.NodeTraversal.traverse(NodeTraversal.java:249)
	at com.google.javascript.jscomp.NodeTraversal.traverse(NodeTraversal.java:422)
	at com.google.javascript.jscomp.DeadAssignmentsEliminationTest$1.process(DeadAssignmentsEliminationTest.java:40)
	at com.google.javascript.jscomp.CompilerTestCase.test(CompilerTestCase.java:749)
	at com.google.javascript.jscomp.CompilerTestCase.test(CompilerTestCase.java:410)
	at com.google.javascript.jscomp.CompilerTestCase.test(CompilerTestCase.java:335)
	at com.google.javascript.jscomp.CompilerTestCase.test(CompilerTestCase.java:304)
	at com.google.javascript.jscomp.CompilerTestCase.test(CompilerTestCase.java:292)
	at com.google.javascript.jscomp.DeadAssignmentsEliminationTest.inFunction(DeadAssignmentsEliminationTest.java:345)
	at com.google.javascript.jscomp.DeadAssignmentsEliminationTest.inFunction(DeadAssignmentsEliminationTest.java:341)
	at com.google.javascript.jscomp.DeadAssignmentsEliminationTest.testIssue384d(DeadAssignmentsEliminationTest.java:515)
	at sun.reflect.NativeMethodAccessorImpl.invoke0(Native Method)
	at sun.reflect.NativeMethodAccessorImpl.invoke(NativeMethodAccessorImpl.java:57)
	at sun.reflect.DelegatingMethodAccessorImpl.invoke(DelegatingMethodAccessorImpl.java:43)
	at java.lang.reflect.Method.invoke(Method.java:606)
	at junit.framework.TestCase.runTest(TestCase.java:176)
	at junit.framework.TestCase.runBare(TestCase.java:141)
	at junit.framework.TestResult$1.protect(TestResult.java:122)
	at junit.framework.TestResult.runProtected(TestResult.java:142)
	at junit.framework.TestResult.run(TestResult.java:125)
	at junit.framework.TestCase.run(TestCase.java:129)
	at junit.framework.TestSuite.runTest(TestSuite.java:255)
	at junit.framework.TestSuite.run(TestSuite.java:250)
	at org.apache.tools.ant.taskdefs.optional.junit.JUnitTestRunner.run(JUnitTestRunner.java:520)
	at org.apache.tools.ant.taskdefs.optional.junit.JUnitTask.executeInVM(JUnitTask.java:1478)
	at org.apache.tools.ant.taskdefs.optional.junit.JUnitTask.execute(JUnitTask.java:860)
	at org.apache.tools.ant.taskdefs.optional.junit.JUnitTask.executeOrQueue(JUnitTask.java:1968)
	at org.apache.tools.ant.taskdefs.optional.junit.JUnitTask.execute1(JUnitTask.java:812)
	at org.apache.tools.ant.taskdefs.optional.junit.JUnitTask.execute(JUnitTask.java:2271)
	at org.apache.tools.ant.UnknownElement.execute(UnknownElement.java:291)
	at sun.reflect.GeneratedMethodAccessor4.invoke(Unknown Source)
	at sun.reflect.DelegatingMethodAccessorImpl.invoke(DelegatingMethodAccessorImpl.java:43)
	at java.lang.reflect.Method.invoke(Method.java:606)
	at org.apache.tools.ant.dispatch.DispatchUtils.execute(DispatchUtils.java:106)
	at org.apache.tools.ant.Task.perform(Task.java:348)
	at org.apache.tools.ant.Target.execute(Target.java:392)
	at org.apache.tools.ant.Target.performTasks(Target.java:413)
	at org.apache.tools.ant.Project.executeSortedTargets(Project.java:1399)
	at org.apache.tools.ant.Project.executeTarget(Project.java:1368)
	at org.apache.tools.ant.helper.DefaultExecutor.executeTargets(DefaultExecutor.java:41)
	at org.apache.tools.ant.Project.executeTargets(Project.java:1251)
	at org.apache.tools.ant.Main.runBuild(Main.java:811)
	at org.apache.tools.ant.Main.startAnt(Main.java:217)
	at org.apache.tools.ant.launch.Launcher.run(Launcher.java:280)
	at org.apache.tools.ant.launch.Launcher.main(Launcher.java:109)
Caused by: java.lang.NullPointerException
	... 61 more
