--- com.google.javascript.jscomp.CreateSyntheticBlocksTest::testFoldWithMarkers1a
java.lang.RuntimeException: INTERNAL COMPILER ERROR.
Please report this problem.
null
  Node(IF): testcode:1:25
[source unknown]
  Parent(BLOCK): testcode:-1:-1
[source unknown]

	at com.google.javascript.jscomp.PeepholeSubstituteAlternateSyntax$2.apply(PeepholeSubstituteAlternateSyntax.java:645)
	at com.google.javascript.jscomp.PeepholeSubstituteAlternateSyntax$2.apply(PeepholeSubstituteAlternateSyntax.java:642)
	at com.google.javascript.jscomp.NodeUtil.has(NodeUtil.java:2181)
	at com.google.javascript.jscomp.PeepholeSubstituteAlternateSyntax.isLowerPrecedenceInExpression(PeepholeSubstituteAlternateSyntax.java:649)
	at com.google.javascript.jscomp.PeepholeSubstituteAlternateSyntax.tryMinimizeIf(PeepholeSubstituteAlternateSyntax.java:302)
	at com.google.javascript.jscomp.PeepholeSubstituteAlternateSyntax.optimizeSubtree(PeepholeSubstituteAlternateSyntax.java:69)
	at com.google.javascript.jscomp.PeepholeOptimizationsPass.visit(PeepholeOptimizationsPass.java:71)
	at com.google.javascript.jscomp.NodeTraversal.traverseBranch(NodeTraversal.java:464)
	at com.google.javascript.jscomp.NodeTraversal.traverseBranch(NodeTraversal.java:457)
	at com.google.javascript.jscomp.NodeTraversal.traverseBranch(NodeTraversal.java:457)
	at com.google.javascript.jscomp.NodeTraversal.traverseBranch(NodeTraversal.java:457)
	at com.google.javascript.jscomp.NodeTraversal.traverseFunction(NodeTraversal.java:502)
	at com.google.javascript.jscomp.NodeTraversal.traverseBranch(NodeTraversal.java:449)
	at com.google.javascript.jscomp.NodeTraversal.traverseBranch(NodeTraversal.java:457)
	at com.google.javascript.jscomp.NodeTraversal.traverseBranch(NodeTraversal.java:457)
	at com.google.javascript.jscomp.NodeTraversal.traverse(NodeTraversal.java:249)
	at com.google.javascript.jscomp.PeepholeOptimizationsPass.process(PeepholeOptimizationsPass.java:59)
	at com.google.javascript.jscomp.CreateSyntheticBlocksTest$1.process(CreateSyntheticBlocksTest.java:46)
	at com.google.javascript.jscomp.CompilerTestCase.test(CompilerTestCase.java:736)
	at com.google.javascript.jscomp.CompilerTestCase.test(CompilerTestCase.java:398)
	at com.google.javascript.jscomp.CompilerTestCase.test(CompilerTestCase.java:323)
	at com.google.javascript.jscomp.CompilerTestCase.test(CompilerTestCase.java:292)
	at com.google.javascript.jscomp.CompilerTestCase.test(CompilerTestCase.java:280)
	at com.google.javascript.jscomp.CompilerTestCase.testSame(CompilerTestCase.java:512)
	at com.google.javascript.jscomp.CreateSyntheticBlocksTest.testFoldWithMarkers1a(CreateSyntheticBlocksTest.java:75)
	at sun.reflect.NativeMethodAccessorImpl.invoke0(Native Method)
	at sun.reflect.NativeMethodAccessorImpl.invoke(NativeMethodAccessorImpl.java:57)
	at sun.reflect.DelegatingMethodAccessorImpl.invoke(DelegatingMethodAccessorImpl.java:43)
	at java.lang.reflect.Method.invoke(Method.java:606)
	at junit.framework.TestCase.runTest(TestCase.java:176)
	at junit.framework.TestCase.runBare(TestCase.java:141)
	at junit.framework.TestResult$1.protect(TestResult.java:122)
	at junit.framework.TestResult.runProtected(TestResult.java:142)
	at junit.framework.TestResult.run(TestResult.java:125)
	at junit.framework.TestCase.run(TestCase.java:129)
	at junit.framework.TestSuite.runTest(TestSuite.java:255)
	at junit.framework.TestSuite.run(TestSuite.java:250)
	at org.apache.tools.ant.taskdefs.optional.junit.JUnitTestRunner.run(JUnitTestRunner.java:520)
	at org.apache.tools.ant.taskdefs.optional.junit.JUnitTask.executeInVM(JUnitTask.java:1478)
	at org.apache.tools.ant.taskdefs.optional.junit.JUnitTask.execute(JUnitTask.java:860)
	at org.apache.tools.ant.taskdefs.optional.junit.JUnitTask.executeOrQueue(JUnitTask.java:1968)
	at org.apache.tools.ant.taskdefs.optional.junit.JUnitTask.execute1(JUnitTask.java:812)
	at org.apache.tools.ant.taskdefs.optional.junit.JUnitTask.execute(JUnitTask.java:2271)
	at org.apache.tools.ant.UnknownElement.execute(UnknownElement.java:291)
	at sun.reflect.GeneratedMethodAccessor4.invoke(Unknown Source)
	at sun.reflect.DelegatingMethodAccessorImpl.invoke(DelegatingMethodAccessorImpl.java:43)
	at java.lang.reflect.Method.invoke(Method.java:606)
	at org.apache.tools.ant.dispatch.DispatchUtils.execute(DispatchUtils.java:106)
	at org.apache.tools.ant.Task.perform(Task.java:348)
	at org.apache.tools.ant.Target.execute(Target.java:392)
	at org.apache.tools.ant.Target.performTasks(Target.java:413)
	at org.apache.tools.ant.Project.executeSortedTargets(Project.java:1399)
	at org.apache.tools.ant.Project.executeTarget(Project.java:1368)
	at org.apache.tools.ant.helper.DefaultExecutor.executeTargets(DefaultExecutor.java:41)
	at org.apache.tools.ant.Project.executeTargets(Project.java:1251)
	at org.apache.tools.ant.Main.runBuild(Main.java:811)
	at org.apache.tools.ant.Main.startAnt(Main.java:217)
	at org.apache.tools.ant.launch.Launcher.run(Launcher.java:280)
	at org.apache.tools.ant.launch.Launcher.main(Launcher.java:109)
Caused by: java.lang.NullPointerException
	... 59 more
--- com.google.javascript.jscomp.CreateSyntheticBlocksTest::testFoldWithMarkers1
java.lang.RuntimeException: INTERNAL COMPILER ERROR.
Please report this problem.
null
  Node(IF): testcode:1:25
[source unknown]
  Parent(BLOCK): testcode:-1:-1
[source unknown]

	at com.google.javascript.jscomp.PeepholeSubstituteAlternateSyntax$2.apply(PeepholeSubstituteAlternateSyntax.java:645)
	at com.google.javascript.jscomp.PeepholeSubstituteAlternateSyntax$2.apply(PeepholeSubstituteAlternateSyntax.java:642)
	at com.google.javascript.jscomp.NodeUtil.has(NodeUtil.java:2181)
	at com.google.javascript.jscomp.PeepholeSubstituteAlternateSyntax.isLowerPrecedenceInExpression(PeepholeSubstituteAlternateSyntax.java:649)
	at com.google.javascript.jscomp.PeepholeSubstituteAlternateSyntax.tryMinimizeIf(PeepholeSubstituteAlternateSyntax.java:302)
	at com.google.javascript.jscomp.PeepholeSubstituteAlternateSyntax.optimizeSubtree(PeepholeSubstituteAlternateSyntax.java:69)
	at com.google.javascript.jscomp.PeepholeOptimizationsPass.visit(PeepholeOptimizationsPass.java:71)
	at com.google.javascript.jscomp.NodeTraversal.traverseBranch(NodeTraversal.java:464)
	at com.google.javascript.jscomp.NodeTraversal.traverseBranch(NodeTraversal.java:457)
	at com.google.javascript.jscomp.NodeTraversal.traverseBranch(NodeTraversal.java:457)
	at com.google.javascript.jscomp.NodeTraversal.traverseBranch(NodeTraversal.java:457)
	at com.google.javascript.jscomp.NodeTraversal.traverseFunction(NodeTraversal.java:502)
	at com.google.javascript.jscomp.NodeTraversal.traverseBranch(NodeTraversal.java:449)
	at com.google.javascript.jscomp.NodeTraversal.traverseBranch(NodeTraversal.java:457)
	at com.google.javascript.jscomp.NodeTraversal.traverseBranch(NodeTraversal.java:457)
	at com.google.javascript.jscomp.NodeTraversal.traverse(NodeTraversal.java:249)
	at com.google.javascript.jscomp.PeepholeOptimizationsPass.process(PeepholeOptimizationsPass.java:59)
	at com.google.javascript.jscomp.CreateSyntheticBlocksTest$1.process(CreateSyntheticBlocksTest.java:46)
	at com.google.javascript.jscomp.CompilerTestCase.test(CompilerTestCase.java:736)
	at com.google.javascript.jscomp.CompilerTestCase.test(CompilerTestCase.java:398)
	at com.google.javascript.jscomp.CompilerTestCase.test(CompilerTestCase.java:323)
	at com.google.javascript.jscomp.CompilerTestCase.test(CompilerTestCase.java:292)
	at com.google.javascript.jscomp.CompilerTestCase.test(CompilerTestCase.java:280)
	at com.google.javascript.jscomp.CompilerTestCase.testSame(CompilerTestCase.java:512)
	at com.google.javascript.jscomp.CreateSyntheticBlocksTest.testFoldWithMarkers1(CreateSyntheticBlocksTest.java:71)
	at sun.reflect.NativeMethodAccessorImpl.invoke0(Native Method)
	at sun.reflect.NativeMethodAccessorImpl.invoke(NativeMethodAccessorImpl.java:57)
	at sun.reflect.DelegatingMethodAccessorImpl.invoke(DelegatingMethodAccessorImpl.java:43)
	at java.lang.reflect.Method.invoke(Method.java:606)
	at junit.framework.TestCase.runTest(TestCase.java:176)
	at junit.framework.TestCase.runBare(TestCase.java:141)
	at junit.framework.TestResult$1.protect(TestResult.java:122)
	at junit.framework.TestResult.runProtected(TestResult.java:142)
	at junit.framework.TestResult.run(TestResult.java:125)
	at junit.framework.TestCase.run(TestCase.java:129)
	at junit.framework.TestSuite.runTest(TestSuite.java:255)
	at junit.framework.TestSuite.run(TestSuite.java:250)
	at org.apache.tools.ant.taskdefs.optional.junit.JUnitTestRunner.run(JUnitTestRunner.java:520)
	at org.apache.tools.ant.taskdefs.optional.junit.JUnitTask.executeInVM(JUnitTask.java:1478)
	at org.apache.tools.ant.taskdefs.optional.junit.JUnitTask.execute(JUnitTask.java:860)
	at org.apache.tools.ant.taskdefs.optional.junit.JUnitTask.executeOrQueue(JUnitTask.java:1968)
	at org.apache.tools.ant.taskdefs.optional.junit.JUnitTask.execute1(JUnitTask.java:812)
	at org.apache.tools.ant.taskdefs.optional.junit.JUnitTask.execute(JUnitTask.java:2271)
	at org.apache.tools.ant.UnknownElement.execute(UnknownElement.java:291)
	at sun.reflect.GeneratedMethodAccessor4.invoke(Unknown Source)
	at sun.reflect.DelegatingMethodAccessorImpl.invoke(DelegatingMethodAccessorImpl.java:43)
	at java.lang.reflect.Method.invoke(Method.java:606)
	at org.apache.tools.ant.dispatch.DispatchUtils.execute(DispatchUtils.java:106)
	at org.apache.tools.ant.Task.perform(Task.java:348)
	at org.apache.tools.ant.Target.execute(Target.java:392)
	at org.apache.tools.ant.Target.performTasks(Target.java:413)
	at org.apache.tools.ant.Project.executeSortedTargets(Project.java:1399)
	at org.apache.tools.ant.Project.executeTarget(Project.java:1368)
	at org.apache.tools.ant.helper.DefaultExecutor.executeTargets(DefaultExecutor.java:41)
	at org.apache.tools.ant.Project.executeTargets(Project.java:1251)
	at org.apache.tools.ant.Main.runBuild(Main.java:811)
	at org.apache.tools.ant.Main.startAnt(Main.java:217)
	at org.apache.tools.ant.launch.Launcher.run(Launcher.java:280)
	at org.apache.tools.ant.launch.Launcher.main(Launcher.java:109)
Caused by: java.lang.NullPointerException
	... 59 more
--- com.google.javascript.jscomp.CreateSyntheticBlocksTest::testFoldWithMarkers2
java.lang.RuntimeException: INTERNAL COMPILER ERROR.
Please report this problem.
null
  Node(IF): testcode:1:49
[source unknown]
  Parent(BLOCK): testcode:-1:-1
[source unknown]

	at com.google.javascript.jscomp.PeepholeSubstituteAlternateSyntax$2.apply(PeepholeSubstituteAlternateSyntax.java:645)
	at com.google.javascript.jscomp.PeepholeSubstituteAlternateSyntax$2.apply(PeepholeSubstituteAlternateSyntax.java:642)
	at com.google.javascript.jscomp.NodeUtil.has(NodeUtil.java:2181)
	at com.google.javascript.jscomp.PeepholeSubstituteAlternateSyntax.isLowerPrecedenceInExpression(PeepholeSubstituteAlternateSyntax.java:649)
	at com.google.javascript.jscomp.PeepholeSubstituteAlternateSyntax.tryMinimizeIf(PeepholeSubstituteAlternateSyntax.java:302)
	at com.google.javascript.jscomp.PeepholeSubstituteAlternateSyntax.optimizeSubtree(PeepholeSubstituteAlternateSyntax.java:69)
	at com.google.javascript.jscomp.PeepholeOptimizationsPass.visit(PeepholeOptimizationsPass.java:71)
	at com.google.javascript.jscomp.NodeTraversal.traverseBranch(NodeTraversal.java:464)
	at com.google.javascript.jscomp.NodeTraversal.traverseBranch(NodeTraversal.java:457)
	at com.google.javascript.jscomp.NodeTraversal.traverseBranch(NodeTraversal.java:457)
	at com.google.javascript.jscomp.NodeTraversal.traverseBranch(NodeTraversal.java:457)
	at com.google.javascript.jscomp.NodeTraversal.traverseBranch(NodeTraversal.java:457)
	at com.google.javascript.jscomp.NodeTraversal.traverseBranch(NodeTraversal.java:457)
	at com.google.javascript.jscomp.NodeTraversal.traverseFunction(NodeTraversal.java:502)
	at com.google.javascript.jscomp.NodeTraversal.traverseBranch(NodeTraversal.java:449)
	at com.google.javascript.jscomp.NodeTraversal.traverseBranch(NodeTraversal.java:457)
	at com.google.javascript.jscomp.NodeTraversal.traverseBranch(NodeTraversal.java:457)
	at com.google.javascript.jscomp.NodeTraversal.traverse(NodeTraversal.java:249)
	at com.google.javascript.jscomp.PeepholeOptimizationsPass.process(PeepholeOptimizationsPass.java:59)
	at com.google.javascript.jscomp.CreateSyntheticBlocksTest$1.process(CreateSyntheticBlocksTest.java:46)
	at com.google.javascript.jscomp.CompilerTestCase.test(CompilerTestCase.java:736)
	at com.google.javascript.jscomp.CompilerTestCase.test(CompilerTestCase.java:398)
	at com.google.javascript.jscomp.CompilerTestCase.test(CompilerTestCase.java:323)
	at com.google.javascript.jscomp.CompilerTestCase.test(CompilerTestCase.java:292)
	at com.google.javascript.jscomp.CompilerTestCase.test(CompilerTestCase.java:280)
	at com.google.javascript.jscomp.CompilerTestCase.testSame(CompilerTestCase.java:512)
	at com.google.javascript.jscomp.CreateSyntheticBlocksTest.testFoldWithMarkers2(CreateSyntheticBlocksTest.java:84)
	at sun.reflect.NativeMethodAccessorImpl.invoke0(Native Method)
	at sun.reflect.NativeMethodAccessorImpl.invoke(NativeMethodAccessorImpl.java:57)
	at sun.reflect.DelegatingMethodAccessorImpl.invoke(DelegatingMethodAccessorImpl.java:43)
	at java.lang.reflect.Method.invoke(Method.java:606)
	at junit.framework.TestCase.runTest(TestCase.java:176)
	at junit.framework.TestCase.runBare(TestCase.java:141)
	at junit.framework.TestResult$1.protect(TestResult.java:122)
	at junit.framework.TestResult.runProtected(TestResult.java:142)
	at junit.framework.TestResult.run(TestResult.java:125)
	at junit.framework.TestCase.run(TestCase.java:129)
	at junit.framework.TestSuite.runTest(TestSuite.java:255)
	at junit.framework.TestSuite.run(TestSuite.java:250)
	at org.apache.tools.ant.taskdefs.optional.junit.JUnitTestRunner.run(JUnitTestRunner.java:520)
	at org.apache.tools.ant.taskdefs.optional.junit.JUnitTask.executeInVM(JUnitTask.java:1478)
	at org.apache.tools.ant.taskdefs.optional.junit.JUnitTask.execute(JUnitTask.java:860)
	at org.apache.tools.ant.taskdefs.optional.junit.JUnitTask.executeOrQueue(JUnitTask.java:1968)
	at org.apache.tools.ant.taskdefs.optional.junit.JUnitTask.execute1(JUnitTask.java:812)
	at org.apache.tools.ant.taskdefs.optional.junit.JUnitTask.execute(JUnitTask.java:2271)
	at org.apache.tools.ant.UnknownElement.execute(UnknownElement.java:291)
	at sun.reflect.GeneratedMethodAccessor4.invoke(Unknown Source)
	at sun.reflect.DelegatingMethodAccessorImpl.invoke(DelegatingMethodAccessorImpl.java:43)
	at java.lang.reflect.Method.invoke(Method.java:606)
	at org.apache.tools.ant.dispatch.DispatchUtils.execute(DispatchUtils.java:106)
	at org.apache.tools.ant.Task.perform(Task.java:348)
	at org.apache.tools.ant.Target.execute(Target.java:392)
	at org.apache.tools.ant.Target.performTasks(Target.java:413)
	at org.apache.tools.ant.Project.executeSortedTargets(Project.java:1399)
	at org.apache.tools.ant.Project.executeTarget(Project.java:1368)
	at org.apache.tools.ant.helper.DefaultExecutor.executeTargets(DefaultExecutor.java:41)
	at org.apache.tools.ant.Project.executeTargets(Project.java:1251)
	at org.apache.tools.ant.Main.runBuild(Main.java:811)
	at org.apache.tools.ant.Main.startAnt(Main.java:217)
	at org.apache.tools.ant.launch.Launcher.run(Launcher.java:280)
	at org.apache.tools.ant.launch.Launcher.main(Launcher.java:109)
Caused by: java.lang.NullPointerException
	... 61 more
--- com.google.javascript.jscomp.CreateSyntheticBlocksTest::testContainingBlockPreservation
java.lang.Error: Unknown precedence for expr_result (type 130)
	at com.google.javascript.jscomp.NodeUtil.precedence(NodeUtil.java:971)
	at com.google.javascript.jscomp.PeepholeSubstituteAlternateSyntax$2.apply(PeepholeSubstituteAlternateSyntax.java:645)
	at com.google.javascript.jscomp.PeepholeSubstituteAlternateSyntax$2.apply(PeepholeSubstituteAlternateSyntax.java:642)
	at com.google.javascript.jscomp.NodeUtil.has(NodeUtil.java:2181)
	at com.google.javascript.jscomp.PeepholeSubstituteAlternateSyntax.isLowerPrecedenceInExpression(PeepholeSubstituteAlternateSyntax.java:649)
	at com.google.javascript.jscomp.PeepholeSubstituteAlternateSyntax.tryMinimizeIf(PeepholeSubstituteAlternateSyntax.java:302)
	at com.google.javascript.jscomp.PeepholeSubstituteAlternateSyntax.optimizeSubtree(PeepholeSubstituteAlternateSyntax.java:69)
	at com.google.javascript.jscomp.PeepholeOptimizationsPass.visit(PeepholeOptimizationsPass.java:71)
	at com.google.javascript.jscomp.NodeTraversal.traverseBranch(NodeTraversal.java:464)
	at com.google.javascript.jscomp.NodeTraversal.traverseBranch(NodeTraversal.java:457)
	at com.google.javascript.jscomp.NodeTraversal.traverseBranch(NodeTraversal.java:457)
	at com.google.javascript.jscomp.NodeTraversal.traverse(NodeTraversal.java:249)
	at com.google.javascript.jscomp.PeepholeOptimizationsPass.process(PeepholeOptimizationsPass.java:59)
	at com.google.javascript.jscomp.CreateSyntheticBlocksTest$1.process(CreateSyntheticBlocksTest.java:46)
	at com.google.javascript.jscomp.CompilerTestCase.test(CompilerTestCase.java:736)
	at com.google.javascript.jscomp.CompilerTestCase.test(CompilerTestCase.java:398)
	at com.google.javascript.jscomp.CompilerTestCase.test(CompilerTestCase.java:323)
	at com.google.javascript.jscomp.CompilerTestCase.test(CompilerTestCase.java:292)
	at com.google.javascript.jscomp.CompilerTestCase.test(CompilerTestCase.java:280)
	at com.google.javascript.jscomp.CompilerTestCase.testSame(CompilerTestCase.java:512)
	at com.google.javascript.jscomp.CreateSyntheticBlocksTest.testContainingBlockPreservation(CreateSyntheticBlocksTest.java:126)
	at sun.reflect.NativeMethodAccessorImpl.invoke0(Native Method)
	at sun.reflect.NativeMethodAccessorImpl.invoke(NativeMethodAccessorImpl.java:57)
	at sun.reflect.DelegatingMethodAccessorImpl.invoke(DelegatingMethodAccessorImpl.java:43)
	at java.lang.reflect.Method.invoke(Method.java:606)
	at junit.framework.TestCase.runTest(TestCase.java:176)
	at junit.framework.TestCase.runBare(TestCase.java:141)
	at junit.framework.TestResult$1.protect(TestResult.java:122)
	at junit.framework.TestResult.runProtected(TestResult.java:142)
	at junit.framework.TestResult.run(TestResult.java:125)
	at junit.framework.TestCase.run(TestCase.java:129)
	at junit.framework.TestSuite.runTest(TestSuite.java:255)
	at junit.framework.TestSuite.run(TestSuite.java:250)
	at org.apache.tools.ant.taskdefs.optional.junit.JUnitTestRunner.run(JUnitTestRunner.java:520)
	at org.apache.tools.ant.taskdefs.optional.junit.JUnitTask.executeInVM(JUnitTask.java:1478)
	at org.apache.tools.ant.taskdefs.optional.junit.JUnitTask.execute(JUnitTask.java:860)
	at org.apache.tools.ant.taskdefs.optional.junit.JUnitTask.executeOrQueue(JUnitTask.java:1968)
	at org.apache.tools.ant.taskdefs.optional.junit.JUnitTask.execute1(JUnitTask.java:812)
	at org.apache.tools.ant.taskdefs.optional.junit.JUnitTask.execute(JUnitTask.java:2271)
	at org.apache.tools.ant.UnknownElement.execute(UnknownElement.java:291)
	at sun.reflect.GeneratedMethodAccessor4.invoke(Unknown Source)
	at sun.reflect.DelegatingMethodAccessorImpl.invoke(DelegatingMethodAccessorImpl.java:43)
	at java.lang.reflect.Method.invoke(Method.java:606)
	at org.apache.tools.ant.dispatch.DispatchUtils.execute(DispatchUtils.java:106)
	at org.apache.tools.ant.Task.perform(Task.java:348)
	at org.apache.tools.ant.Target.execute(Target.java:392)
	at org.apache.tools.ant.Target.performTasks(Target.java:413)
	at org.apache.tools.ant.Project.executeSortedTargets(Project.java:1399)
	at org.apache.tools.ant.Project.executeTarget(Project.java:1368)
	at org.apache.tools.ant.helper.DefaultExecutor.executeTargets(DefaultExecutor.java:41)
	at org.apache.tools.ant.Project.executeTargets(Project.java:1251)
	at org.apache.tools.ant.Main.runBuild(Main.java:811)
	at org.apache.tools.ant.Main.startAnt(Main.java:217)
	at org.apache.tools.ant.launch.Launcher.run(Launcher.java:280)
	at org.apache.tools.ant.launch.Launcher.main(Launcher.java:109)
--- com.google.javascript.jscomp.PeepholeIntegrationTest::testFoldOneChildBlocksStringCompare
junit.framework.ComparisonFailure: expected:<[if(x){if(y)var x}else var z]> but was:<[]>
	at junit.framework.Assert.assertEquals(Assert.java:100)
	at junit.framework.Assert.assertEquals(Assert.java:107)
	at junit.framework.TestCase.assertEquals(TestCase.java:269)
	at com.google.javascript.jscomp.CompilerTestCase.test(CompilerTestCase.java:822)
	at com.google.javascript.jscomp.CompilerTestCase.test(CompilerTestCase.java:398)
	at com.google.javascript.jscomp.CompilerTestCase.test(CompilerTestCase.java:323)
	at com.google.javascript.jscomp.CompilerTestCase.test(CompilerTestCase.java:292)
	at com.google.javascript.jscomp.CompilerTestCase.test(CompilerTestCase.java:280)
	at com.google.javascript.jscomp.PeepholeIntegrationTest.assertResultString(PeepholeIntegrationTest.java:77)
	at com.google.javascript.jscomp.PeepholeIntegrationTest.testFoldOneChildBlocksStringCompare(PeepholeIntegrationTest.java:122)
	at sun.reflect.NativeMethodAccessorImpl.invoke0(Native Method)
	at sun.reflect.NativeMethodAccessorImpl.invoke(NativeMethodAccessorImpl.java:57)
	at sun.reflect.DelegatingMethodAccessorImpl.invoke(DelegatingMethodAccessorImpl.java:43)
	at java.lang.reflect.Method.invoke(Method.java:606)
	at junit.framework.TestCase.runTest(TestCase.java:176)
	at junit.framework.TestCase.runBare(TestCase.java:141)
	at junit.framework.TestResult$1.protect(TestResult.java:122)
	at junit.framework.TestResult.runProtected(TestResult.java:142)
	at junit.framework.TestResult.run(TestResult.java:125)
	at junit.framework.TestCase.run(TestCase.java:129)
	at junit.framework.TestSuite.runTest(TestSuite.java:255)
	at junit.framework.TestSuite.run(TestSuite.java:250)
	at org.apache.tools.ant.taskdefs.optional.junit.JUnitTestRunner.run(JUnitTestRunner.java:520)
	at org.apache.tools.ant.taskdefs.optional.junit.JUnitTask.executeInVM(JUnitTask.java:1478)
	at org.apache.tools.ant.taskdefs.optional.junit.JUnitTask.execute(JUnitTask.java:860)
	at org.apache.tools.ant.taskdefs.optional.junit.JUnitTask.executeOrQueue(JUnitTask.java:1968)
	at org.apache.tools.ant.taskdefs.optional.junit.JUnitTask.execute1(JUnitTask.java:812)
	at org.apache.tools.ant.taskdefs.optional.junit.JUnitTask.execute(JUnitTask.java:2271)
	at org.apache.tools.ant.UnknownElement.execute(UnknownElement.java:291)
	at sun.reflect.GeneratedMethodAccessor4.invoke(Unknown Source)
	at sun.reflect.DelegatingMethodAccessorImpl.invoke(DelegatingMethodAccessorImpl.java:43)
	at java.lang.reflect.Method.invoke(Method.java:606)
	at org.apache.tools.ant.dispatch.DispatchUtils.execute(DispatchUtils.java:106)
	at org.apache.tools.ant.Task.perform(Task.java:348)
	at org.apache.tools.ant.Target.execute(Target.java:392)
	at org.apache.tools.ant.Target.performTasks(Target.java:413)
	at org.apache.tools.ant.Project.executeSortedTargets(Project.java:1399)
	at org.apache.tools.ant.Project.executeTarget(Project.java:1368)
	at org.apache.tools.ant.helper.DefaultExecutor.executeTargets(DefaultExecutor.java:41)
	at org.apache.tools.ant.Project.executeTargets(Project.java:1251)
	at org.apache.tools.ant.Main.runBuild(Main.java:811)
	at org.apache.tools.ant.Main.startAnt(Main.java:217)
	at org.apache.tools.ant.launch.Launcher.run(Launcher.java:280)
	at org.apache.tools.ant.launch.Launcher.main(Launcher.java:109)
--- com.google.javascript.jscomp.PeepholeIntegrationTest::testVarLiftingIntegration
junit.framework.AssertionFailedError: 
Expected: var a;if(a)var b
Result: var a
Node tree inequality:
Tree1:
BLOCK [synthetic: 1]
    SCRIPT 1 [sourcename: expected0] [synthetic: 1]
        VAR 1 [sourcename: expected0]
            NAME a 1 [sourcename: expected0]
        IF 1 [sourcename: expected0]
            NAME a 1 [sourcename: expected0]
            BLOCK 1 [sourcename: expected0]
                VAR 1 [sourcename: expected0]
                    NAME b 1 [sourcename: expected0]


Tree2:
BLOCK [synthetic: 1]
    SCRIPT 1 [sourcename: testcode] [synthetic: 1]
        VAR 1 [sourcename: testcode]
            NAME a 1 [sourcename: testcode]


Subtree1: SCRIPT 1 [sourcename: expected0] [synthetic: 1]
    VAR 1 [sourcename: expected0]
        NAME a 1 [sourcename: expected0]
    IF 1 [sourcename: expected0]
        NAME a 1 [sourcename: expected0]
        BLOCK 1 [sourcename: expected0]
            VAR 1 [sourcename: expected0]
                NAME b 1 [sourcename: expected0]


Subtree2: SCRIPT 1 [sourcename: testcode] [synthetic: 1]
    VAR 1 [sourcename: testcode]
        NAME a 1 [sourcename: testcode]

	at junit.framework.Assert.fail(Assert.java:57)
	at junit.framework.Assert.assertTrue(Assert.java:22)
	at junit.framework.Assert.assertNull(Assert.java:277)
	at junit.framework.TestCase.assertNull(TestCase.java:447)
	at com.google.javascript.jscomp.CompilerTestCase.test(CompilerTestCase.java:818)
	at com.google.javascript.jscomp.CompilerTestCase.test(CompilerTestCase.java:398)
	at com.google.javascript.jscomp.CompilerTestCase.test(CompilerTestCase.java:323)
	at com.google.javascript.jscomp.CompilerTestCase.test(CompilerTestCase.java:292)
	at com.google.javascript.jscomp.CompilerTestCase.test(CompilerTestCase.java:280)
	at com.google.javascript.jscomp.PeepholeIntegrationTest.fold(PeepholeIntegrationTest.java:67)
	at com.google.javascript.jscomp.PeepholeIntegrationTest.testVarLiftingIntegration(PeepholeIntegrationTest.java:198)
	at sun.reflect.NativeMethodAccessorImpl.invoke0(Native Method)
	at sun.reflect.NativeMethodAccessorImpl.invoke(NativeMethodAccessorImpl.java:57)
	at sun.reflect.DelegatingMethodAccessorImpl.invoke(DelegatingMethodAccessorImpl.java:43)
	at java.lang.reflect.Method.invoke(Method.java:606)
	at junit.framework.TestCase.runTest(TestCase.java:176)
	at junit.framework.TestCase.runBare(TestCase.java:141)
	at junit.framework.TestResult$1.protect(TestResult.java:122)
	at junit.framework.TestResult.runProtected(TestResult.java:142)
	at junit.framework.TestResult.run(TestResult.java:125)
	at junit.framework.TestCase.run(TestCase.java:129)
	at junit.framework.TestSuite.runTest(TestSuite.java:255)
	at junit.framework.TestSuite.run(TestSuite.java:250)
	at org.apache.tools.ant.taskdefs.optional.junit.JUnitTestRunner.run(JUnitTestRunner.java:520)
	at org.apache.tools.ant.taskdefs.optional.junit.JUnitTask.executeInVM(JUnitTask.java:1478)
	at org.apache.tools.ant.taskdefs.optional.junit.JUnitTask.execute(JUnitTask.java:860)
	at org.apache.tools.ant.taskdefs.optional.junit.JUnitTask.executeOrQueue(JUnitTask.java:1968)
	at org.apache.tools.ant.taskdefs.optional.junit.JUnitTask.execute1(JUnitTask.java:812)
	at org.apache.tools.ant.taskdefs.optional.junit.JUnitTask.execute(JUnitTask.java:2271)
	at org.apache.tools.ant.UnknownElement.execute(UnknownElement.java:291)
	at sun.reflect.GeneratedMethodAccessor4.invoke(Unknown Source)
	at sun.reflect.DelegatingMethodAccessorImpl.invoke(DelegatingMethodAccessorImpl.java:43)
	at java.lang.reflect.Method.invoke(Method.java:606)
	at org.apache.tools.ant.dispatch.DispatchUtils.execute(DispatchUtils.java:106)
	at org.apache.tools.ant.Task.perform(Task.java:348)
	at org.apache.tools.ant.Target.execute(Target.java:392)
	at org.apache.tools.ant.Target.performTasks(Target.java:413)
	at org.apache.tools.ant.Project.executeSortedTargets(Project.java:1399)
	at org.apache.tools.ant.Project.executeTarget(Project.java:1368)
	at org.apache.tools.ant.helper.DefaultExecutor.executeTargets(DefaultExecutor.java:41)
	at org.apache.tools.ant.Project.executeTargets(Project.java:1251)
	at org.apache.tools.ant.Main.runBuild(Main.java:811)
	at org.apache.tools.ant.Main.startAnt(Main.java:217)
	at org.apache.tools.ant.launch.Launcher.run(Launcher.java:280)
	at org.apache.tools.ant.launch.Launcher.main(Launcher.java:109)
--- com.google.javascript.jscomp.PeepholeIntegrationTest::testBug1059649
junit.framework.AssertionFailedError: 
Expected: if(x)var y=3;var z=5
Result: x&&y=3;var z=5
Node tree inequality:
Tree1:
BLOCK [synthetic: 1]
    SCRIPT 1 [sourcename: expected0] [synthetic: 1]
        IF 1 [sourcename: expected0]
            NAME x 1 [sourcename: expected0]
            BLOCK 1 [sourcename: expected0]
                VAR 1 [sourcename: expected0]
                    NAME y 1 [sourcename: expected0]
                        NUMBER 3.0 1 [sourcename: expected0]
        VAR 1 [sourcename: expected0]
            NAME z 1 [sourcename: expected0]
                NUMBER 5.0 1 [sourcename: expected0]


Tree2:
BLOCK [synthetic: 1]
    SCRIPT 1 [sourcename: testcode] [synthetic: 1]
        EXPR_RESULT 1 [sourcename: testcode]
            AND 1 [sourcename: testcode]
                NAME x 1 [sourcename: testcode]
                NAME y 1 [sourcename: testcode]
                    NUMBER 3.0 1 [sourcename: testcode]
        VAR 1 [sourcename: testcode]
            NAME z 1 [sourcename: testcode]
                NUMBER 5.0 1 [sourcename: testcode]


Subtree1: IF 1 [sourcename: expected0]
    NAME x 1 [sourcename: expected0]
    BLOCK 1 [sourcename: expected0]
        VAR 1 [sourcename: expected0]
            NAME y 1 [sourcename: expected0]
                NUMBER 3.0 1 [sourcename: expected0]


Subtree2: EXPR_RESULT 1 [sourcename: testcode]
    AND 1 [sourcename: testcode]
        NAME x 1 [sourcename: testcode]
        NAME y 1 [sourcename: testcode]
            NUMBER 3.0 1 [sourcename: testcode]

	at junit.framework.Assert.fail(Assert.java:57)
	at junit.framework.Assert.assertTrue(Assert.java:22)
	at junit.framework.Assert.assertNull(Assert.java:277)
	at junit.framework.TestCase.assertNull(TestCase.java:447)
	at com.google.javascript.jscomp.CompilerTestCase.test(CompilerTestCase.java:818)
	at com.google.javascript.jscomp.CompilerTestCase.test(CompilerTestCase.java:398)
	at com.google.javascript.jscomp.CompilerTestCase.test(CompilerTestCase.java:323)
	at com.google.javascript.jscomp.CompilerTestCase.test(CompilerTestCase.java:292)
	at com.google.javascript.jscomp.CompilerTestCase.test(CompilerTestCase.java:280)
	at com.google.javascript.jscomp.PeepholeIntegrationTest.fold(PeepholeIntegrationTest.java:67)
	at com.google.javascript.jscomp.PeepholeIntegrationTest.testBug1059649(PeepholeIntegrationTest.java:144)
	at sun.reflect.NativeMethodAccessorImpl.invoke0(Native Method)
	at sun.reflect.NativeMethodAccessorImpl.invoke(NativeMethodAccessorImpl.java:57)
	at sun.reflect.DelegatingMethodAccessorImpl.invoke(DelegatingMethodAccessorImpl.java:43)
	at java.lang.reflect.Method.invoke(Method.java:606)
	at junit.framework.TestCase.runTest(TestCase.java:176)
	at junit.framework.TestCase.runBare(TestCase.java:141)
	at junit.framework.TestResult$1.protect(TestResult.java:122)
	at junit.framework.TestResult.runProtected(TestResult.java:142)
	at junit.framework.TestResult.run(TestResult.java:125)
	at junit.framework.TestCase.run(TestCase.java:129)
	at junit.framework.TestSuite.runTest(TestSuite.java:255)
	at junit.framework.TestSuite.run(TestSuite.java:250)
	at org.apache.tools.ant.taskdefs.optional.junit.JUnitTestRunner.run(JUnitTestRunner.java:520)
	at org.apache.tools.ant.taskdefs.optional.junit.JUnitTask.executeInVM(JUnitTask.java:1478)
	at org.apache.tools.ant.taskdefs.optional.junit.JUnitTask.execute(JUnitTask.java:860)
	at org.apache.tools.ant.taskdefs.optional.junit.JUnitTask.executeOrQueue(JUnitTask.java:1968)
	at org.apache.tools.ant.taskdefs.optional.junit.JUnitTask.execute1(JUnitTask.java:812)
	at org.apache.tools.ant.taskdefs.optional.junit.JUnitTask.execute(JUnitTask.java:2271)
	at org.apache.tools.ant.UnknownElement.execute(UnknownElement.java:291)
	at sun.reflect.GeneratedMethodAccessor4.invoke(Unknown Source)
	at sun.reflect.DelegatingMethodAccessorImpl.invoke(DelegatingMethodAccessorImpl.java:43)
	at java.lang.reflect.Method.invoke(Method.java:606)
	at org.apache.tools.ant.dispatch.DispatchUtils.execute(DispatchUtils.java:106)
	at org.apache.tools.ant.Task.perform(Task.java:348)
	at org.apache.tools.ant.Target.execute(Target.java:392)
	at org.apache.tools.ant.Target.performTasks(Target.java:413)
	at org.apache.tools.ant.Project.executeSortedTargets(Project.java:1399)
	at org.apache.tools.ant.Project.executeTarget(Project.java:1368)
	at org.apache.tools.ant.helper.DefaultExecutor.executeTargets(DefaultExecutor.java:41)
	at org.apache.tools.ant.Project.executeTargets(Project.java:1251)
	at org.apache.tools.ant.Main.runBuild(Main.java:811)
	at org.apache.tools.ant.Main.startAnt(Main.java:217)
	at org.apache.tools.ant.launch.Launcher.run(Launcher.java:280)
	at org.apache.tools.ant.launch.Launcher.main(Launcher.java:109)
--- com.google.javascript.jscomp.PeepholeSubstituteAlternateSyntaxTest::testFoldConditionalVarDeclaration
junit.framework.AssertionFailedError: 
Expected: var y=x?1:2
Result: if(x)var y=1;else y=2
Node tree inequality:
Tree1:
BLOCK [synthetic: 1]
    SCRIPT 1 [sourcename: expected0] [synthetic: 1]
        VAR 1 [sourcename: expected0]
            NAME y 1 [sourcename: expected0]
                HOOK 1 [sourcename: expected0]
                    NAME x 1 [sourcename: expected0]
                    NUMBER 1.0 1 [sourcename: expected0]
                    NUMBER 2.0 1 [sourcename: expected0]


Tree2:
BLOCK [synthetic: 1]
    SCRIPT 1 [sourcename: testcode] [synthetic: 1]
        IF 1 [sourcename: testcode]
            NAME x 1 [sourcename: testcode]
            BLOCK 1 [sourcename: testcode]
                VAR 1 [sourcename: testcode]
                    NAME y 1 [sourcename: testcode]
                        NUMBER 1.0 1 [sourcename: testcode]
            BLOCK 1 [sourcename: testcode]
                EXPR_RESULT 1 [sourcename: testcode]
                    ASSIGN 1 [sourcename: testcode]
                        NAME y 1 [sourcename: testcode]
                        NUMBER 2.0 1 [sourcename: testcode]


Subtree1: VAR 1 [sourcename: expected0]
    NAME y 1 [sourcename: expected0]
        HOOK 1 [sourcename: expected0]
            NAME x 1 [sourcename: expected0]
            NUMBER 1.0 1 [sourcename: expected0]
            NUMBER 2.0 1 [sourcename: expected0]


Subtree2: IF 1 [sourcename: testcode]
    NAME x 1 [sourcename: testcode]
    BLOCK 1 [sourcename: testcode]
        VAR 1 [sourcename: testcode]
            NAME y 1 [sourcename: testcode]
                NUMBER 1.0 1 [sourcename: testcode]
    BLOCK 1 [sourcename: testcode]
        EXPR_RESULT 1 [sourcename: testcode]
            ASSIGN 1 [sourcename: testcode]
                NAME y 1 [sourcename: testcode]
                NUMBER 2.0 1 [sourcename: testcode]

	at junit.framework.Assert.fail(Assert.java:57)
	at junit.framework.Assert.assertTrue(Assert.java:22)
	at junit.framework.Assert.assertNull(Assert.java:277)
	at junit.framework.TestCase.assertNull(TestCase.java:447)
	at com.google.javascript.jscomp.CompilerTestCase.test(CompilerTestCase.java:818)
	at com.google.javascript.jscomp.CompilerTestCase.test(CompilerTestCase.java:398)
	at com.google.javascript.jscomp.CompilerTestCase.test(CompilerTestCase.java:323)
	at com.google.javascript.jscomp.CompilerTestCase.test(CompilerTestCase.java:292)
	at com.google.javascript.jscomp.CompilerTestCase.test(CompilerTestCase.java:280)
	at com.google.javascript.jscomp.PeepholeSubstituteAlternateSyntaxTest.fold(PeepholeSubstituteAlternateSyntaxTest.java:70)
	at com.google.javascript.jscomp.PeepholeSubstituteAlternateSyntaxTest.testFoldConditionalVarDeclaration(PeepholeSubstituteAlternateSyntaxTest.java:462)
	at sun.reflect.NativeMethodAccessorImpl.invoke0(Native Method)
	at sun.reflect.NativeMethodAccessorImpl.invoke(NativeMethodAccessorImpl.java:57)
	at sun.reflect.DelegatingMethodAccessorImpl.invoke(DelegatingMethodAccessorImpl.java:43)
	at java.lang.reflect.Method.invoke(Method.java:606)
	at junit.framework.TestCase.runTest(TestCase.java:176)
	at junit.framework.TestCase.runBare(TestCase.java:141)
	at junit.framework.TestResult$1.protect(TestResult.java:122)
	at junit.framework.TestResult.runProtected(TestResult.java:142)
	at junit.framework.TestResult.run(TestResult.java:125)
	at junit.framework.TestCase.run(TestCase.java:129)
	at junit.framework.TestSuite.runTest(TestSuite.java:255)
	at junit.framework.TestSuite.run(TestSuite.java:250)
	at org.apache.tools.ant.taskdefs.optional.junit.JUnitTestRunner.run(JUnitTestRunner.java:520)
	at org.apache.tools.ant.taskdefs.optional.junit.JUnitTask.executeInVM(JUnitTask.java:1478)
	at org.apache.tools.ant.taskdefs.optional.junit.JUnitTask.execute(JUnitTask.java:860)
	at org.apache.tools.ant.taskdefs.optional.junit.JUnitTask.executeOrQueue(JUnitTask.java:1968)
	at org.apache.tools.ant.taskdefs.optional.junit.JUnitTask.execute1(JUnitTask.java:812)
	at org.apache.tools.ant.taskdefs.optional.junit.JUnitTask.execute(JUnitTask.java:2271)
	at org.apache.tools.ant.UnknownElement.execute(UnknownElement.java:291)
	at sun.reflect.GeneratedMethodAccessor4.invoke(Unknown Source)
	at sun.reflect.DelegatingMethodAccessorImpl.invoke(DelegatingMethodAccessorImpl.java:43)
	at java.lang.reflect.Method.invoke(Method.java:606)
	at org.apache.tools.ant.dispatch.DispatchUtils.execute(DispatchUtils.java:106)
	at org.apache.tools.ant.Task.perform(Task.java:348)
	at org.apache.tools.ant.Target.execute(Target.java:392)
	at org.apache.tools.ant.Target.performTasks(Target.java:413)
	at org.apache.tools.ant.Project.executeSortedTargets(Project.java:1399)
	at org.apache.tools.ant.Project.executeTarget(Project.java:1368)
	at org.apache.tools.ant.helper.DefaultExecutor.executeTargets(DefaultExecutor.java:41)
	at org.apache.tools.ant.Project.executeTargets(Project.java:1251)
	at org.apache.tools.ant.Main.runBuild(Main.java:811)
	at org.apache.tools.ant.Main.startAnt(Main.java:217)
	at org.apache.tools.ant.launch.Launcher.run(Launcher.java:280)
	at org.apache.tools.ant.launch.Launcher.main(Launcher.java:109)
--- com.google.javascript.jscomp.PeepholeSubstituteAlternateSyntaxTest::testFoldReturns
java.lang.RuntimeException: INTERNAL COMPILER ERROR.
Please report this problem.
null
  Node(IF): testcode:1:11
[source unknown]
  Parent(BLOCK): testcode:1:10
[source unknown]

	at com.google.javascript.jscomp.PeepholeSubstituteAlternateSyntax.tryMinimizeIf(PeepholeSubstituteAlternateSyntax.java:362)
	at com.google.javascript.jscomp.PeepholeSubstituteAlternateSyntax.optimizeSubtree(PeepholeSubstituteAlternateSyntax.java:69)
	at com.google.javascript.jscomp.PeepholeOptimizationsPass.visit(PeepholeOptimizationsPass.java:71)
	at com.google.javascript.jscomp.NodeTraversal.traverseBranch(NodeTraversal.java:464)
	at com.google.javascript.jscomp.NodeTraversal.traverseBranch(NodeTraversal.java:457)
	at com.google.javascript.jscomp.NodeTraversal.traverseFunction(NodeTraversal.java:502)
	at com.google.javascript.jscomp.NodeTraversal.traverseBranch(NodeTraversal.java:449)
	at com.google.javascript.jscomp.NodeTraversal.traverseBranch(NodeTraversal.java:457)
	at com.google.javascript.jscomp.NodeTraversal.traverseBranch(NodeTraversal.java:457)
	at com.google.javascript.jscomp.NodeTraversal.traverse(NodeTraversal.java:249)
	at com.google.javascript.jscomp.PeepholeOptimizationsPass.process(PeepholeOptimizationsPass.java:59)
	at com.google.javascript.jscomp.CompilerTestCase.test(CompilerTestCase.java:736)
	at com.google.javascript.jscomp.CompilerTestCase.test(CompilerTestCase.java:398)
	at com.google.javascript.jscomp.CompilerTestCase.test(CompilerTestCase.java:323)
	at com.google.javascript.jscomp.CompilerTestCase.test(CompilerTestCase.java:292)
	at com.google.javascript.jscomp.CompilerTestCase.test(CompilerTestCase.java:280)
	at com.google.javascript.jscomp.CompilerTestCase.testSame(CompilerTestCase.java:512)
	at com.google.javascript.jscomp.PeepholeSubstituteAlternateSyntaxTest.foldSame(PeepholeSubstituteAlternateSyntaxTest.java:66)
	at com.google.javascript.jscomp.PeepholeSubstituteAlternateSyntaxTest.testFoldReturns(PeepholeSubstituteAlternateSyntaxTest.java:183)
	at sun.reflect.NativeMethodAccessorImpl.invoke0(Native Method)
	at sun.reflect.NativeMethodAccessorImpl.invoke(NativeMethodAccessorImpl.java:57)
	at sun.reflect.DelegatingMethodAccessorImpl.invoke(DelegatingMethodAccessorImpl.java:43)
	at java.lang.reflect.Method.invoke(Method.java:606)
	at junit.framework.TestCase.runTest(TestCase.java:176)
	at junit.framework.TestCase.runBare(TestCase.java:141)
	at junit.framework.TestResult$1.protect(TestResult.java:122)
	at junit.framework.TestResult.runProtected(TestResult.java:142)
	at junit.framework.TestResult.run(TestResult.java:125)
	at junit.framework.TestCase.run(TestCase.java:129)
	at junit.framework.TestSuite.runTest(TestSuite.java:255)
	at junit.framework.TestSuite.run(TestSuite.java:250)
	at org.apache.tools.ant.taskdefs.optional.junit.JUnitTestRunner.run(JUnitTestRunner.java:520)
	at org.apache.tools.ant.taskdefs.optional.junit.JUnitTask.executeInVM(JUnitTask.java:1478)
	at org.apache.tools.ant.taskdefs.optional.junit.JUnitTask.execute(JUnitTask.java:860)
	at org.apache.tools.ant.taskdefs.optional.junit.JUnitTask.executeOrQueue(JUnitTask.java:1968)
	at org.apache.tools.ant.taskdefs.optional.junit.JUnitTask.execute1(JUnitTask.java:812)
	at org.apache.tools.ant.taskdefs.optional.junit.JUnitTask.execute(JUnitTask.java:2271)
	at org.apache.tools.ant.UnknownElement.execute(UnknownElement.java:291)
	at sun.reflect.GeneratedMethodAccessor4.invoke(Unknown Source)
	at sun.reflect.DelegatingMethodAccessorImpl.invoke(DelegatingMethodAccessorImpl.java:43)
	at java.lang.reflect.Method.invoke(Method.java:606)
	at org.apache.tools.ant.dispatch.DispatchUtils.execute(DispatchUtils.java:106)
	at org.apache.tools.ant.Task.perform(Task.java:348)
	at org.apache.tools.ant.Target.execute(Target.java:392)
	at org.apache.tools.ant.Target.performTasks(Target.java:413)
	at org.apache.tools.ant.Project.executeSortedTargets(Project.java:1399)
	at org.apache.tools.ant.Project.executeTarget(Project.java:1368)
	at org.apache.tools.ant.helper.DefaultExecutor.executeTargets(DefaultExecutor.java:41)
	at org.apache.tools.ant.Project.executeTargets(Project.java:1251)
	at org.apache.tools.ant.Main.runBuild(Main.java:811)
	at org.apache.tools.ant.Main.startAnt(Main.java:217)
	at org.apache.tools.ant.launch.Launcher.run(Launcher.java:280)
	at org.apache.tools.ant.launch.Launcher.main(Launcher.java:109)
Caused by: java.lang.NullPointerException
	... 53 more
--- com.google.javascript.jscomp.PeepholeSubstituteAlternateSyntaxTest::testFoldReturnResult
java.lang.RuntimeException: INTERNAL COMPILER ERROR.
Please report this problem.
null
  Node(IF): testcode:1:11
[source unknown]
  Parent(BLOCK): testcode:1:10
[source unknown]

	at com.google.javascript.jscomp.PeepholeSubstituteAlternateSyntax$2.apply(PeepholeSubstituteAlternateSyntax.java:645)
	at com.google.javascript.jscomp.PeepholeSubstituteAlternateSyntax$2.apply(PeepholeSubstituteAlternateSyntax.java:642)
	at com.google.javascript.jscomp.NodeUtil.has(NodeUtil.java:2181)
	at com.google.javascript.jscomp.PeepholeSubstituteAlternateSyntax.isLowerPrecedenceInExpression(PeepholeSubstituteAlternateSyntax.java:649)
	at com.google.javascript.jscomp.PeepholeSubstituteAlternateSyntax.tryMinimizeIf(PeepholeSubstituteAlternateSyntax.java:302)
	at com.google.javascript.jscomp.PeepholeSubstituteAlternateSyntax.optimizeSubtree(PeepholeSubstituteAlternateSyntax.java:69)
	at com.google.javascript.jscomp.PeepholeOptimizationsPass.visit(PeepholeOptimizationsPass.java:71)
	at com.google.javascript.jscomp.NodeTraversal.traverseBranch(NodeTraversal.java:464)
	at com.google.javascript.jscomp.NodeTraversal.traverseBranch(NodeTraversal.java:457)
	at com.google.javascript.jscomp.NodeTraversal.traverseFunction(NodeTraversal.java:502)
	at com.google.javascript.jscomp.NodeTraversal.traverseBranch(NodeTraversal.java:449)
	at com.google.javascript.jscomp.NodeTraversal.traverseBranch(NodeTraversal.java:457)
	at com.google.javascript.jscomp.NodeTraversal.traverseBranch(NodeTraversal.java:457)
	at com.google.javascript.jscomp.NodeTraversal.traverse(NodeTraversal.java:249)
	at com.google.javascript.jscomp.PeepholeOptimizationsPass.process(PeepholeOptimizationsPass.java:59)
	at com.google.javascript.jscomp.CompilerTestCase.test(CompilerTestCase.java:736)
	at com.google.javascript.jscomp.CompilerTestCase.test(CompilerTestCase.java:398)
	at com.google.javascript.jscomp.CompilerTestCase.test(CompilerTestCase.java:323)
	at com.google.javascript.jscomp.CompilerTestCase.test(CompilerTestCase.java:292)
	at com.google.javascript.jscomp.CompilerTestCase.test(CompilerTestCase.java:280)
	at com.google.javascript.jscomp.PeepholeSubstituteAlternateSyntaxTest.fold(PeepholeSubstituteAlternateSyntaxTest.java:70)
	at com.google.javascript.jscomp.PeepholeSubstituteAlternateSyntaxTest.testFoldReturnResult(PeepholeSubstituteAlternateSyntaxTest.java:480)
	at sun.reflect.NativeMethodAccessorImpl.invoke0(Native Method)
	at sun.reflect.NativeMethodAccessorImpl.invoke(NativeMethodAccessorImpl.java:57)
	at sun.reflect.DelegatingMethodAccessorImpl.invoke(DelegatingMethodAccessorImpl.java:43)
	at java.lang.reflect.Method.invoke(Method.java:606)
	at junit.framework.TestCase.runTest(TestCase.java:176)
	at junit.framework.TestCase.runBare(TestCase.java:141)
	at junit.framework.TestResult$1.protect(TestResult.java:122)
	at junit.framework.TestResult.runProtected(TestResult.java:142)
	at junit.framework.TestResult.run(TestResult.java:125)
	at junit.framework.TestCase.run(TestCase.java:129)
	at junit.framework.TestSuite.runTest(TestSuite.java:255)
	at junit.framework.TestSuite.run(TestSuite.java:250)
	at org.apache.tools.ant.taskdefs.optional.junit.JUnitTestRunner.run(JUnitTestRunner.java:520)
	at org.apache.tools.ant.taskdefs.optional.junit.JUnitTask.executeInVM(JUnitTask.java:1478)
	at org.apache.tools.ant.taskdefs.optional.junit.JUnitTask.execute(JUnitTask.java:860)
	at org.apache.tools.ant.taskdefs.optional.junit.JUnitTask.executeOrQueue(JUnitTask.java:1968)
	at org.apache.tools.ant.taskdefs.optional.junit.JUnitTask.execute1(JUnitTask.java:812)
	at org.apache.tools.ant.taskdefs.optional.junit.JUnitTask.execute(JUnitTask.java:2271)
	at org.apache.tools.ant.UnknownElement.execute(UnknownElement.java:291)
	at sun.reflect.GeneratedMethodAccessor4.invoke(Unknown Source)
	at sun.reflect.DelegatingMethodAccessorImpl.invoke(DelegatingMethodAccessorImpl.java:43)
	at java.lang.reflect.Method.invoke(Method.java:606)
	at org.apache.tools.ant.dispatch.DispatchUtils.execute(DispatchUtils.java:106)
	at org.apache.tools.ant.Task.perform(Task.java:348)
	at org.apache.tools.ant.Target.execute(Target.java:392)
	at org.apache.tools.ant.Target.performTasks(Target.java:413)
	at org.apache.tools.ant.Project.executeSortedTargets(Project.java:1399)
	at org.apache.tools.ant.Project.executeTarget(Project.java:1368)
	at org.apache.tools.ant.helper.DefaultExecutor.executeTargets(DefaultExecutor.java:41)
	at org.apache.tools.ant.Project.executeTargets(Project.java:1251)
	at org.apache.tools.ant.Main.runBuild(Main.java:811)
	at org.apache.tools.ant.Main.startAnt(Main.java:217)
	at org.apache.tools.ant.launch.Launcher.run(Launcher.java:280)
	at org.apache.tools.ant.launch.Launcher.main(Launcher.java:109)
Caused by: java.lang.NullPointerException
	... 56 more
--- com.google.javascript.jscomp.PeepholeSubstituteAlternateSyntaxTest::testSubsituteReturn
java.lang.RuntimeException: INTERNAL COMPILER ERROR.
Please report this problem.
null
  Node(IF): testcode:1:26
[source unknown]
  Parent(BLOCK): testcode:1:24
[source unknown]

	at com.google.javascript.jscomp.PeepholeSubstituteAlternateSyntax$2.apply(PeepholeSubstituteAlternateSyntax.java:645)
	at com.google.javascript.jscomp.PeepholeSubstituteAlternateSyntax$2.apply(PeepholeSubstituteAlternateSyntax.java:642)
	at com.google.javascript.jscomp.NodeUtil.has(NodeUtil.java:2181)
	at com.google.javascript.jscomp.PeepholeSubstituteAlternateSyntax.isLowerPrecedenceInExpression(PeepholeSubstituteAlternateSyntax.java:649)
	at com.google.javascript.jscomp.PeepholeSubstituteAlternateSyntax.tryMinimizeIf(PeepholeSubstituteAlternateSyntax.java:302)
	at com.google.javascript.jscomp.PeepholeSubstituteAlternateSyntax.optimizeSubtree(PeepholeSubstituteAlternateSyntax.java:69)
	at com.google.javascript.jscomp.PeepholeOptimizationsPass.visit(PeepholeOptimizationsPass.java:71)
	at com.google.javascript.jscomp.NodeTraversal.traverseBranch(NodeTraversal.java:464)
	at com.google.javascript.jscomp.NodeTraversal.traverseBranch(NodeTraversal.java:457)
	at com.google.javascript.jscomp.NodeTraversal.traverseBranch(NodeTraversal.java:457)
	at com.google.javascript.jscomp.NodeTraversal.traverseBranch(NodeTraversal.java:457)
	at com.google.javascript.jscomp.NodeTraversal.traverseFunction(NodeTraversal.java:502)
	at com.google.javascript.jscomp.NodeTraversal.traverseBranch(NodeTraversal.java:449)
	at com.google.javascript.jscomp.NodeTraversal.traverseBranch(NodeTraversal.java:457)
	at com.google.javascript.jscomp.NodeTraversal.traverseBranch(NodeTraversal.java:457)
	at com.google.javascript.jscomp.NodeTraversal.traverse(NodeTraversal.java:249)
	at com.google.javascript.jscomp.PeepholeOptimizationsPass.process(PeepholeOptimizationsPass.java:59)
	at com.google.javascript.jscomp.CompilerTestCase.test(CompilerTestCase.java:736)
	at com.google.javascript.jscomp.CompilerTestCase.test(CompilerTestCase.java:398)
	at com.google.javascript.jscomp.CompilerTestCase.test(CompilerTestCase.java:323)
	at com.google.javascript.jscomp.CompilerTestCase.test(CompilerTestCase.java:292)
	at com.google.javascript.jscomp.CompilerTestCase.test(CompilerTestCase.java:280)
	at com.google.javascript.jscomp.PeepholeSubstituteAlternateSyntaxTest.fold(PeepholeSubstituteAlternateSyntaxTest.java:70)
	at com.google.javascript.jscomp.PeepholeSubstituteAlternateSyntaxTest.testSubsituteReturn(PeepholeSubstituteAlternateSyntaxTest.java:514)
	at sun.reflect.NativeMethodAccessorImpl.invoke0(Native Method)
	at sun.reflect.NativeMethodAccessorImpl.invoke(NativeMethodAccessorImpl.java:57)
	at sun.reflect.DelegatingMethodAccessorImpl.invoke(DelegatingMethodAccessorImpl.java:43)
	at java.lang.reflect.Method.invoke(Method.java:606)
	at junit.framework.TestCase.runTest(TestCase.java:176)
	at junit.framework.TestCase.runBare(TestCase.java:141)
	at junit.framework.TestResult$1.protect(TestResult.java:122)
	at junit.framework.TestResult.runProtected(TestResult.java:142)
	at junit.framework.TestResult.run(TestResult.java:125)
	at junit.framework.TestCase.run(TestCase.java:129)
	at junit.framework.TestSuite.runTest(TestSuite.java:255)
	at junit.framework.TestSuite.run(TestSuite.java:250)
	at org.apache.tools.ant.taskdefs.optional.junit.JUnitTestRunner.run(JUnitTestRunner.java:520)
	at org.apache.tools.ant.taskdefs.optional.junit.JUnitTask.executeInVM(JUnitTask.java:1478)
	at org.apache.tools.ant.taskdefs.optional.junit.JUnitTask.execute(JUnitTask.java:860)
	at org.apache.tools.ant.taskdefs.optional.junit.JUnitTask.executeOrQueue(JUnitTask.java:1968)
	at org.apache.tools.ant.taskdefs.optional.junit.JUnitTask.execute1(JUnitTask.java:812)
	at org.apache.tools.ant.taskdefs.optional.junit.JUnitTask.execute(JUnitTask.java:2271)
	at org.apache.tools.ant.UnknownElement.execute(UnknownElement.java:291)
	at sun.reflect.GeneratedMethodAccessor4.invoke(Unknown Source)
	at sun.reflect.DelegatingMethodAccessorImpl.invoke(DelegatingMethodAccessorImpl.java:43)
	at java.lang.reflect.Method.invoke(Method.java:606)
	at org.apache.tools.ant.dispatch.DispatchUtils.execute(DispatchUtils.java:106)
	at org.apache.tools.ant.Task.perform(Task.java:348)
	at org.apache.tools.ant.Target.execute(Target.java:392)
	at org.apache.tools.ant.Target.performTasks(Target.java:413)
	at org.apache.tools.ant.Project.executeSortedTargets(Project.java:1399)
	at org.apache.tools.ant.Project.executeTarget(Project.java:1368)
	at org.apache.tools.ant.helper.DefaultExecutor.executeTargets(DefaultExecutor.java:41)
	at org.apache.tools.ant.Project.executeTargets(Project.java:1251)
	at org.apache.tools.ant.Main.runBuild(Main.java:811)
	at org.apache.tools.ant.Main.startAnt(Main.java:217)
	at org.apache.tools.ant.launch.Launcher.run(Launcher.java:280)
	at org.apache.tools.ant.launch.Launcher.main(Launcher.java:109)
Caused by: java.lang.NullPointerException
	... 58 more
--- com.google.javascript.jscomp.PeepholeSubstituteAlternateSyntaxTest::testFoldOneChildBlocks
junit.framework.AssertionFailedError: 
Expected: function(){if(x)return 3}
Result: function(){x}
Node tree inequality:
Tree1:
BLOCK [synthetic: 1]
    SCRIPT 1 [sourcename: expected0] [synthetic: 1]
        FUNCTION  1 [sourcename: expected0]
            NAME  1 [sourcename: expected0]
            LP 1 [sourcename: expected0]
            BLOCK 1 [sourcename: expected0]
                IF 1 [sourcename: expected0]
                    NAME x 1 [sourcename: expected0]
                    BLOCK 1 [sourcename: expected0]
                        RETURN 1 [sourcename: expected0]
                            NUMBER 3.0 1 [sourcename: expected0]


Tree2:
BLOCK [synthetic: 1]
    SCRIPT 1 [sourcename: testcode] [synthetic: 1]
        FUNCTION  1 [sourcename: testcode]
            NAME  1 [sourcename: testcode]
            LP 1 [sourcename: testcode]
            BLOCK 1 [sourcename: testcode]
                EXPR_RESULT 1 [sourcename: testcode]
                    NAME x 1 [sourcename: testcode]


Subtree1: IF 1 [sourcename: expected0]
    NAME x 1 [sourcename: expected0]
    BLOCK 1 [sourcename: expected0]
        RETURN 1 [sourcename: expected0]
            NUMBER 3.0 1 [sourcename: expected0]


Subtree2: EXPR_RESULT 1 [sourcename: testcode]
    NAME x 1 [sourcename: testcode]

	at junit.framework.Assert.fail(Assert.java:57)
	at junit.framework.Assert.assertTrue(Assert.java:22)
	at junit.framework.Assert.assertNull(Assert.java:277)
	at junit.framework.TestCase.assertNull(TestCase.java:447)
	at com.google.javascript.jscomp.CompilerTestCase.test(CompilerTestCase.java:818)
	at com.google.javascript.jscomp.CompilerTestCase.test(CompilerTestCase.java:398)
	at com.google.javascript.jscomp.CompilerTestCase.test(CompilerTestCase.java:323)
	at com.google.javascript.jscomp.CompilerTestCase.test(CompilerTestCase.java:292)
	at com.google.javascript.jscomp.CompilerTestCase.test(CompilerTestCase.java:280)
	at com.google.javascript.jscomp.PeepholeSubstituteAlternateSyntaxTest.fold(PeepholeSubstituteAlternateSyntaxTest.java:70)
	at com.google.javascript.jscomp.PeepholeSubstituteAlternateSyntaxTest.testFoldOneChildBlocks(PeepholeSubstituteAlternateSyntaxTest.java:102)
	at sun.reflect.NativeMethodAccessorImpl.invoke0(Native Method)
	at sun.reflect.NativeMethodAccessorImpl.invoke(NativeMethodAccessorImpl.java:57)
	at sun.reflect.DelegatingMethodAccessorImpl.invoke(DelegatingMethodAccessorImpl.java:43)
	at java.lang.reflect.Method.invoke(Method.java:606)
	at junit.framework.TestCase.runTest(TestCase.java:176)
	at junit.framework.TestCase.runBare(TestCase.java:141)
	at junit.framework.TestResult$1.protect(TestResult.java:122)
	at junit.framework.TestResult.runProtected(TestResult.java:142)
	at junit.framework.TestResult.run(TestResult.java:125)
	at junit.framework.TestCase.run(TestCase.java:129)
	at junit.framework.TestSuite.runTest(TestSuite.java:255)
	at junit.framework.TestSuite.run(TestSuite.java:250)
	at org.apache.tools.ant.taskdefs.optional.junit.JUnitTestRunner.run(JUnitTestRunner.java:520)
	at org.apache.tools.ant.taskdefs.optional.junit.JUnitTask.executeInVM(JUnitTask.java:1478)
	at org.apache.tools.ant.taskdefs.optional.junit.JUnitTask.execute(JUnitTask.java:860)
	at org.apache.tools.ant.taskdefs.optional.junit.JUnitTask.executeOrQueue(JUnitTask.java:1968)
	at org.apache.tools.ant.taskdefs.optional.junit.JUnitTask.execute1(JUnitTask.java:812)
	at org.apache.tools.ant.taskdefs.optional.junit.JUnitTask.execute(JUnitTask.java:2271)
	at org.apache.tools.ant.UnknownElement.execute(UnknownElement.java:291)
	at sun.reflect.GeneratedMethodAccessor4.invoke(Unknown Source)
	at sun.reflect.DelegatingMethodAccessorImpl.invoke(DelegatingMethodAccessorImpl.java:43)
	at java.lang.reflect.Method.invoke(Method.java:606)
	at org.apache.tools.ant.dispatch.DispatchUtils.execute(DispatchUtils.java:106)
	at org.apache.tools.ant.Task.perform(Task.java:348)
	at org.apache.tools.ant.Target.execute(Target.java:392)
	at org.apache.tools.ant.Target.performTasks(Target.java:413)
	at org.apache.tools.ant.Project.executeSortedTargets(Project.java:1399)
	at org.apache.tools.ant.Project.executeTarget(Project.java:1368)
	at org.apache.tools.ant.helper.DefaultExecutor.executeTargets(DefaultExecutor.java:41)
	at org.apache.tools.ant.Project.executeTargets(Project.java:1251)
	at org.apache.tools.ant.Main.runBuild(Main.java:811)
	at org.apache.tools.ant.Main.startAnt(Main.java:217)
	at org.apache.tools.ant.launch.Launcher.run(Launcher.java:280)
	at org.apache.tools.ant.launch.Launcher.main(Launcher.java:109)
