--- com.google.javascript.jscomp.CommandLineRunnerTest::testIssue297
junit.framework.AssertionFailedError: 
Expected: function f(b){var a;return(a=b.id)&&(a=parseInt(a.substr(1)))&&a>0}
Result: function f(p){var x;return(x=p.id)&&(x=parseInt(x.substr(1)))&&x>0}
Node tree inequality:
Tree1:
BLOCK [synthetic: 1]
    SCRIPT 1 [sourcename: input0] [synthetic: 1]
        FUNCTION  1 [sourcename: input0]
            NAME f 1 [sourcename: input0]
            LP 1 [sourcename: input0]
                NAME b 1 [sourcename: input0]
            BLOCK 1 [sourcename: input0]
                VAR 1 [sourcename: input0]
                    NAME a 1 [sourcename: input0]
                RETURN 1 [sourcename: input0]
                    AND 1 [sourcename: input0] [parenthesized: true]
                        ASSIGN 1 [sourcename: input0] [parenthesized: true]
                            NAME a 1 [sourcename: input0]
                            GETPROP 1 [sourcename: input0]
                                NAME b 1 [sourcename: input0]
                                STRING id 1 [sourcename: input0]
                        AND 1 [sourcename: input0]
                            ASSIGN 1 [sourcename: input0] [parenthesized: true]
                                NAME a 1 [sourcename: input0]
                                CALL 1 [sourcename: input0] [free_call: 1]
                                    NAME parseInt 1 [sourcename: input0]
                                    CALL 1 [sourcename: input0]
                                        GETPROP 1 [sourcename: input0]
                                            NAME a 1 [sourcename: input0]
                                            STRING substr 1 [sourcename: input0]
                                        NUMBER 1.0 1 [sourcename: input0]
                            GT 1 [sourcename: input0]
                                NAME a 1 [sourcename: input0]
                                NUMBER 0.0 1 [sourcename: input0]


Tree2:
BLOCK [synthetic: 1]
    SCRIPT 1 [sourcename: input0] [synthetic: 1]
        FUNCTION  1 [sourcename: input0]
            NAME f 1 [sourcename: input0]
            LP 1 [sourcename: input0]
                NAME p 1 [sourcename: input0]
            BLOCK 1 [sourcename: input0]
                VAR 1 [sourcename: input0]
                    NAME x 1 [sourcename: input0]
                RETURN 1 [sourcename: input0]
                    AND 1 [sourcename: input0] [parenthesized: true]
                        ASSIGN 1 [sourcename: input0] [parenthesized: true]
                            NAME x 1 [sourcename: input0]
                            GETPROP 1 [sourcename: input0]
                                NAME p 1 [sourcename: input0]
                                STRING id 1 [sourcename: input0]
                        AND 1 [sourcename: input0]
                            ASSIGN 1 [sourcename: input0] [parenthesized: true]
                                NAME x 1 [sourcename: input0]
                                CALL 1 [sourcename: input0] [free_call: 1]
                                    NAME parseInt 1 [sourcename: input0]
                                    CALL 1 [sourcename: input0]
                                        GETPROP 1 [sourcename: input0]
                                            NAME x 1 [sourcename: input0]
                                            STRING substr 1 [sourcename: input0]
                                        NUMBER 1.0 1 [sourcename: input0]
                            GT 1 [sourcename: input0]
                                NAME x 1 [sourcename: input0]
                                NUMBER 0.0 1 [sourcename: input0]


Subtree1: NAME b 1 [sourcename: input0]


Subtree2: NAME p 1 [sourcename: input0]

	at junit.framework.Assert.fail(Assert.java:57)
	at junit.framework.Assert.assertTrue(Assert.java:22)
	at junit.framework.Assert.assertNull(Assert.java:277)
	at junit.framework.TestCase.assertNull(TestCase.java:447)
	at com.google.javascript.jscomp.CommandLineRunnerTest.test(CommandLineRunnerTest.java:655)
	at com.google.javascript.jscomp.CommandLineRunnerTest.test(CommandLineRunnerTest.java:626)
	at com.google.javascript.jscomp.CommandLineRunnerTest.test(CommandLineRunnerTest.java:618)
	at com.google.javascript.jscomp.CommandLineRunnerTest.testIssue297(CommandLineRunnerTest.java:252)
	at sun.reflect.NativeMethodAccessorImpl.invoke0(Native Method)
	at sun.reflect.NativeMethodAccessorImpl.invoke(NativeMethodAccessorImpl.java:57)
	at sun.reflect.DelegatingMethodAccessorImpl.invoke(DelegatingMethodAccessorImpl.java:43)
	at java.lang.reflect.Method.invoke(Method.java:606)
	at junit.framework.TestCase.runTest(TestCase.java:176)
	at junit.framework.TestCase.runBare(TestCase.java:141)
	at junit.framework.TestResult$1.protect(TestResult.java:122)
	at junit.framework.TestResult.runProtected(TestResult.java:142)
	at junit.framework.TestResult.run(TestResult.java:125)
	at junit.framework.TestCase.run(TestCase.java:129)
	at junit.framework.TestSuite.runTest(TestSuite.java:255)
	at junit.framework.TestSuite.run(TestSuite.java:250)
	at org.apache.tools.ant.taskdefs.optional.junit.JUnitTestRunner.run(JUnitTestRunner.java:520)
	at org.apache.tools.ant.taskdefs.optional.junit.JUnitTask.executeInVM(JUnitTask.java:1478)
	at org.apache.tools.ant.taskdefs.optional.junit.JUnitTask.execute(JUnitTask.java:860)
	at org.apache.tools.ant.taskdefs.optional.junit.JUnitTask.executeOrQueue(JUnitTask.java:1968)
	at org.apache.tools.ant.taskdefs.optional.junit.JUnitTask.execute1(JUnitTask.java:812)
	at org.apache.tools.ant.taskdefs.optional.junit.JUnitTask.execute(JUnitTask.java:2271)
	at org.apache.tools.ant.UnknownElement.execute(UnknownElement.java:291)
	at sun.reflect.GeneratedMethodAccessor4.invoke(Unknown Source)
	at sun.reflect.DelegatingMethodAccessorImpl.invoke(DelegatingMethodAccessorImpl.java:43)
	at java.lang.reflect.Method.invoke(Method.java:606)
	at org.apache.tools.ant.dispatch.DispatchUtils.execute(DispatchUtils.java:106)
	at org.apache.tools.ant.Task.perform(Task.java:348)
	at org.apache.tools.ant.Target.execute(Target.java:392)
	at org.apache.tools.ant.Target.performTasks(Target.java:413)
	at org.apache.tools.ant.Project.executeSortedTargets(Project.java:1399)
	at org.apache.tools.ant.Project.executeTarget(Project.java:1368)
	at org.apache.tools.ant.helper.DefaultExecutor.executeTargets(DefaultExecutor.java:41)
	at org.apache.tools.ant.Project.executeTargets(Project.java:1251)
	at org.apache.tools.ant.Main.runBuild(Main.java:811)
	at org.apache.tools.ant.Main.startAnt(Main.java:217)
	at org.apache.tools.ant.launch.Launcher.run(Launcher.java:280)
	at org.apache.tools.ant.launch.Launcher.main(Launcher.java:109)
--- com.google.javascript.jscomp.DeadAssignmentsEliminationTest::testMutipleDeadAssignmentsButAlivePartiallyWithinTheExpression
java.lang.RuntimeException: INTERNAL COMPILER ERROR.
Please report this problem.
null
  Node(FUNCTION ): testcode:1:9
[source unknown]
  Parent(SCRIPT): testcode:1:0
[source unknown]

	at com.google.javascript.jscomp.NodeUtil.isName(NodeUtil.java:1099)
	at com.google.javascript.jscomp.DeadAssignmentsElimination.isVariableReadBeforeKill(DeadAssignmentsElimination.java:325)
	at com.google.javascript.jscomp.DeadAssignmentsElimination.isVariableReadBeforeKill(DeadAssignmentsElimination.java:332)
	at com.google.javascript.jscomp.DeadAssignmentsElimination.isVariableReadBeforeKill(DeadAssignmentsElimination.java:346)
	at com.google.javascript.jscomp.DeadAssignmentsElimination.isVariableStillLiveWithinExpression(DeadAssignmentsElimination.java:296)
	at com.google.javascript.jscomp.DeadAssignmentsElimination.tryRemoveAssignment(DeadAssignmentsElimination.java:218)
	at com.google.javascript.jscomp.DeadAssignmentsElimination.tryRemoveAssignment(DeadAssignmentsElimination.java:267)
	at com.google.javascript.jscomp.DeadAssignmentsElimination.tryRemoveAssignment(DeadAssignmentsElimination.java:267)
	at com.google.javascript.jscomp.DeadAssignmentsElimination.tryRemoveAssignment(DeadAssignmentsElimination.java:267)
	at com.google.javascript.jscomp.DeadAssignmentsElimination.tryRemoveAssignment(DeadAssignmentsElimination.java:267)
	at com.google.javascript.jscomp.DeadAssignmentsElimination.tryRemoveAssignment(DeadAssignmentsElimination.java:267)
	at com.google.javascript.jscomp.DeadAssignmentsElimination.tryRemoveAssignment(DeadAssignmentsElimination.java:267)
	at com.google.javascript.jscomp.DeadAssignmentsElimination.tryRemoveAssignment(DeadAssignmentsElimination.java:267)
	at com.google.javascript.jscomp.DeadAssignmentsElimination.tryRemoveAssignment(DeadAssignmentsElimination.java:267)
	at com.google.javascript.jscomp.DeadAssignmentsElimination.tryRemoveAssignment(DeadAssignmentsElimination.java:267)
	at com.google.javascript.jscomp.DeadAssignmentsElimination.tryRemoveAssignment(DeadAssignmentsElimination.java:156)
	at com.google.javascript.jscomp.DeadAssignmentsElimination.tryRemoveDeadAssignments(DeadAssignmentsElimination.java:150)
	at com.google.javascript.jscomp.DeadAssignmentsElimination.enterScope(DeadAssignmentsElimination.java:98)
	at com.google.javascript.jscomp.NodeTraversal.pushScope(NodeTraversal.java:527)
	at com.google.javascript.jscomp.NodeTraversal.traverseFunction(NodeTraversal.java:485)
	at com.google.javascript.jscomp.NodeTraversal.traverseBranch(NodeTraversal.java:449)
	at com.google.javascript.jscomp.NodeTraversal.traverseBranch(NodeTraversal.java:457)
	at com.google.javascript.jscomp.NodeTraversal.traverseBranch(NodeTraversal.java:457)
	at com.google.javascript.jscomp.NodeTraversal.traverse(NodeTraversal.java:249)
	at com.google.javascript.jscomp.NodeTraversal.traverse(NodeTraversal.java:422)
	at com.google.javascript.jscomp.DeadAssignmentsEliminationTest$1.process(DeadAssignmentsEliminationTest.java:40)
	at com.google.javascript.jscomp.CompilerTestCase.test(CompilerTestCase.java:736)
	at com.google.javascript.jscomp.CompilerTestCase.test(CompilerTestCase.java:398)
	at com.google.javascript.jscomp.CompilerTestCase.test(CompilerTestCase.java:323)
	at com.google.javascript.jscomp.CompilerTestCase.test(CompilerTestCase.java:292)
	at com.google.javascript.jscomp.CompilerTestCase.test(CompilerTestCase.java:280)
	at com.google.javascript.jscomp.DeadAssignmentsEliminationTest.inFunction(DeadAssignmentsEliminationTest.java:345)
	at com.google.javascript.jscomp.DeadAssignmentsEliminationTest.testMutipleDeadAssignmentsButAlivePartiallyWithinTheExpression(DeadAssignmentsEliminationTest.java:239)
	at sun.reflect.NativeMethodAccessorImpl.invoke0(Native Method)
	at sun.reflect.NativeMethodAccessorImpl.invoke(NativeMethodAccessorImpl.java:57)
	at sun.reflect.DelegatingMethodAccessorImpl.invoke(DelegatingMethodAccessorImpl.java:43)
	at java.lang.reflect.Method.invoke(Method.java:606)
	at junit.framework.TestCase.runTest(TestCase.java:176)
	at junit.framework.TestCase.runBare(TestCase.java:141)
	at junit.framework.TestResult$1.protect(TestResult.java:122)
	at junit.framework.TestResult.runProtected(TestResult.java:142)
	at junit.framework.TestResult.run(TestResult.java:125)
	at junit.framework.TestCase.run(TestCase.java:129)
	at junit.framework.TestSuite.runTest(TestSuite.java:255)
	at junit.framework.TestSuite.run(TestSuite.java:250)
	at org.apache.tools.ant.taskdefs.optional.junit.JUnitTestRunner.run(JUnitTestRunner.java:520)
	at org.apache.tools.ant.taskdefs.optional.junit.JUnitTask.executeInVM(JUnitTask.java:1478)
	at org.apache.tools.ant.taskdefs.optional.junit.JUnitTask.execute(JUnitTask.java:860)
	at org.apache.tools.ant.taskdefs.optional.junit.JUnitTask.executeOrQueue(JUnitTask.java:1968)
	at org.apache.tools.ant.taskdefs.optional.junit.JUnitTask.execute1(JUnitTask.java:812)
	at org.apache.tools.ant.taskdefs.optional.junit.JUnitTask.execute(JUnitTask.java:2271)
	at org.apache.tools.ant.UnknownElement.execute(UnknownElement.java:291)
	at sun.reflect.GeneratedMethodAccessor4.invoke(Unknown Source)
	at sun.reflect.DelegatingMethodAccessorImpl.invoke(DelegatingMethodAccessorImpl.java:43)
	at java.lang.reflect.Method.invoke(Method.java:606)
	at org.apache.tools.ant.dispatch.DispatchUtils.execute(DispatchUtils.java:106)
	at org.apache.tools.ant.Task.perform(Task.java:348)
	at org.apache.tools.ant.Target.execute(Target.java:392)
	at org.apache.tools.ant.Target.performTasks(Target.java:413)
	at org.apache.tools.ant.Project.executeSortedTargets(Project.java:1399)
	at org.apache.tools.ant.Project.executeTarget(Project.java:1368)
	at org.apache.tools.ant.helper.DefaultExecutor.executeTargets(DefaultExecutor.java:41)
	at org.apache.tools.ant.Project.executeTargets(Project.java:1251)
	at org.apache.tools.ant.Main.runBuild(Main.java:811)
	at org.apache.tools.ant.Main.startAnt(Main.java:217)
	at org.apache.tools.ant.launch.Launcher.run(Launcher.java:280)
	at org.apache.tools.ant.launch.Launcher.main(Launcher.java:109)
Caused by: java.lang.NullPointerException
	... 67 more
--- com.google.javascript.jscomp.DeadAssignmentsEliminationTest::testIssue297a
java.lang.RuntimeException: INTERNAL COMPILER ERROR.
Please report this problem.
null
  Node(FUNCTION ): testcode:1:9
[source unknown]
  Parent(SCRIPT): testcode:1:0
[source unknown]

	at com.google.javascript.jscomp.NodeUtil.isName(NodeUtil.java:1099)
	at com.google.javascript.jscomp.DeadAssignmentsElimination.isVariableReadBeforeKill(DeadAssignmentsElimination.java:325)
	at com.google.javascript.jscomp.DeadAssignmentsElimination.isVariableReadBeforeKill(DeadAssignmentsElimination.java:332)
	at com.google.javascript.jscomp.DeadAssignmentsElimination.isVariableReadBeforeKill(DeadAssignmentsElimination.java:346)
	at com.google.javascript.jscomp.DeadAssignmentsElimination.isVariableReadBeforeKill(DeadAssignmentsElimination.java:346)
	at com.google.javascript.jscomp.DeadAssignmentsElimination.isVariableStillLiveWithinExpression(DeadAssignmentsElimination.java:296)
	at com.google.javascript.jscomp.DeadAssignmentsElimination.tryRemoveAssignment(DeadAssignmentsElimination.java:218)
	at com.google.javascript.jscomp.DeadAssignmentsElimination.tryRemoveAssignment(DeadAssignmentsElimination.java:267)
	at com.google.javascript.jscomp.DeadAssignmentsElimination.tryRemoveAssignment(DeadAssignmentsElimination.java:156)
	at com.google.javascript.jscomp.DeadAssignmentsElimination.tryRemoveDeadAssignments(DeadAssignmentsElimination.java:144)
	at com.google.javascript.jscomp.DeadAssignmentsElimination.enterScope(DeadAssignmentsElimination.java:98)
	at com.google.javascript.jscomp.NodeTraversal.pushScope(NodeTraversal.java:527)
	at com.google.javascript.jscomp.NodeTraversal.traverseFunction(NodeTraversal.java:485)
	at com.google.javascript.jscomp.NodeTraversal.traverseBranch(NodeTraversal.java:449)
	at com.google.javascript.jscomp.NodeTraversal.traverseBranch(NodeTraversal.java:457)
	at com.google.javascript.jscomp.NodeTraversal.traverseBranch(NodeTraversal.java:457)
	at com.google.javascript.jscomp.NodeTraversal.traverse(NodeTraversal.java:249)
	at com.google.javascript.jscomp.NodeTraversal.traverse(NodeTraversal.java:422)
	at com.google.javascript.jscomp.DeadAssignmentsEliminationTest$1.process(DeadAssignmentsEliminationTest.java:40)
	at com.google.javascript.jscomp.CompilerTestCase.test(CompilerTestCase.java:736)
	at com.google.javascript.jscomp.CompilerTestCase.test(CompilerTestCase.java:398)
	at com.google.javascript.jscomp.CompilerTestCase.test(CompilerTestCase.java:323)
	at com.google.javascript.jscomp.CompilerTestCase.test(CompilerTestCase.java:292)
	at com.google.javascript.jscomp.CompilerTestCase.test(CompilerTestCase.java:280)
	at com.google.javascript.jscomp.CompilerTestCase.testSame(CompilerTestCase.java:512)
	at com.google.javascript.jscomp.DeadAssignmentsEliminationTest.testIssue297a(DeadAssignmentsEliminationTest.java:368)
	at sun.reflect.NativeMethodAccessorImpl.invoke0(Native Method)
	at sun.reflect.NativeMethodAccessorImpl.invoke(NativeMethodAccessorImpl.java:57)
	at sun.reflect.DelegatingMethodAccessorImpl.invoke(DelegatingMethodAccessorImpl.java:43)
	at java.lang.reflect.Method.invoke(Method.java:606)
	at junit.framework.TestCase.runTest(TestCase.java:176)
	at junit.framework.TestCase.runBare(TestCase.java:141)
	at junit.framework.TestResult$1.protect(TestResult.java:122)
	at junit.framework.TestResult.runProtected(TestResult.java:142)
	at junit.framework.TestResult.run(TestResult.java:125)
	at junit.framework.TestCase.run(TestCase.java:129)
	at junit.framework.TestSuite.runTest(TestSuite.java:255)
	at junit.framework.TestSuite.run(TestSuite.java:250)
	at org.apache.tools.ant.taskdefs.optional.junit.JUnitTestRunner.run(JUnitTestRunner.java:520)
	at org.apache.tools.ant.taskdefs.optional.junit.JUnitTask.executeInVM(JUnitTask.java:1478)
	at org.apache.tools.ant.taskdefs.optional.junit.JUnitTask.execute(JUnitTask.java:860)
	at org.apache.tools.ant.taskdefs.optional.junit.JUnitTask.executeOrQueue(JUnitTask.java:1968)
	at org.apache.tools.ant.taskdefs.optional.junit.JUnitTask.execute1(JUnitTask.java:812)
	at org.apache.tools.ant.taskdefs.optional.junit.JUnitTask.execute(JUnitTask.java:2271)
	at org.apache.tools.ant.UnknownElement.execute(UnknownElement.java:291)
	at sun.reflect.GeneratedMethodAccessor4.invoke(Unknown Source)
	at sun.reflect.DelegatingMethodAccessorImpl.invoke(DelegatingMethodAccessorImpl.java:43)
	at java.lang.reflect.Method.invoke(Method.java:606)
	at org.apache.tools.ant.dispatch.DispatchUtils.execute(DispatchUtils.java:106)
	at org.apache.tools.ant.Task.perform(Task.java:348)
	at org.apache.tools.ant.Target.execute(Target.java:392)
	at org.apache.tools.ant.Target.performTasks(Target.java:413)
	at org.apache.tools.ant.Project.executeSortedTargets(Project.java:1399)
	at org.apache.tools.ant.Project.executeTarget(Project.java:1368)
	at org.apache.tools.ant.helper.DefaultExecutor.executeTargets(DefaultExecutor.java:41)
	at org.apache.tools.ant.Project.executeTargets(Project.java:1251)
	at org.apache.tools.ant.Main.runBuild(Main.java:811)
	at org.apache.tools.ant.Main.startAnt(Main.java:217)
	at org.apache.tools.ant.launch.Launcher.run(Launcher.java:280)
	at org.apache.tools.ant.launch.Launcher.main(Launcher.java:109)
Caused by: java.lang.NullPointerException
	... 60 more
--- com.google.javascript.jscomp.DeadAssignmentsEliminationTest::testIssue297b
java.lang.RuntimeException: INTERNAL COMPILER ERROR.
Please report this problem.
null
  Node(FUNCTION ): testcode:1:9
[source unknown]
  Parent(SCRIPT): testcode:1:0
[source unknown]

	at com.google.javascript.jscomp.NodeUtil.isName(NodeUtil.java:1099)
	at com.google.javascript.jscomp.DeadAssignmentsElimination.isVariableReadBeforeKill(DeadAssignmentsElimination.java:325)
	at com.google.javascript.jscomp.DeadAssignmentsElimination.isVariableReadBeforeKill(DeadAssignmentsElimination.java:332)
	at com.google.javascript.jscomp.DeadAssignmentsElimination.isVariableReadBeforeKill(DeadAssignmentsElimination.java:346)
	at com.google.javascript.jscomp.DeadAssignmentsElimination.isVariableStillLiveWithinExpression(DeadAssignmentsElimination.java:296)
	at com.google.javascript.jscomp.DeadAssignmentsElimination.tryRemoveAssignment(DeadAssignmentsElimination.java:218)
	at com.google.javascript.jscomp.DeadAssignmentsElimination.tryRemoveAssignment(DeadAssignmentsElimination.java:267)
	at com.google.javascript.jscomp.DeadAssignmentsElimination.tryRemoveAssignment(DeadAssignmentsElimination.java:156)
	at com.google.javascript.jscomp.DeadAssignmentsElimination.tryRemoveDeadAssignments(DeadAssignmentsElimination.java:144)
	at com.google.javascript.jscomp.DeadAssignmentsElimination.enterScope(DeadAssignmentsElimination.java:98)
	at com.google.javascript.jscomp.NodeTraversal.pushScope(NodeTraversal.java:527)
	at com.google.javascript.jscomp.NodeTraversal.traverseFunction(NodeTraversal.java:485)
	at com.google.javascript.jscomp.NodeTraversal.traverseBranch(NodeTraversal.java:449)
	at com.google.javascript.jscomp.NodeTraversal.traverseBranch(NodeTraversal.java:457)
	at com.google.javascript.jscomp.NodeTraversal.traverseBranch(NodeTraversal.java:457)
	at com.google.javascript.jscomp.NodeTraversal.traverse(NodeTraversal.java:249)
	at com.google.javascript.jscomp.NodeTraversal.traverse(NodeTraversal.java:422)
	at com.google.javascript.jscomp.DeadAssignmentsEliminationTest$1.process(DeadAssignmentsEliminationTest.java:40)
	at com.google.javascript.jscomp.CompilerTestCase.test(CompilerTestCase.java:736)
	at com.google.javascript.jscomp.CompilerTestCase.test(CompilerTestCase.java:398)
	at com.google.javascript.jscomp.CompilerTestCase.test(CompilerTestCase.java:323)
	at com.google.javascript.jscomp.CompilerTestCase.test(CompilerTestCase.java:292)
	at com.google.javascript.jscomp.CompilerTestCase.test(CompilerTestCase.java:280)
	at com.google.javascript.jscomp.DeadAssignmentsEliminationTest.testIssue297b(DeadAssignmentsEliminationTest.java:375)
	at sun.reflect.NativeMethodAccessorImpl.invoke0(Native Method)
	at sun.reflect.NativeMethodAccessorImpl.invoke(NativeMethodAccessorImpl.java:57)
	at sun.reflect.DelegatingMethodAccessorImpl.invoke(DelegatingMethodAccessorImpl.java:43)
	at java.lang.reflect.Method.invoke(Method.java:606)
	at junit.framework.TestCase.runTest(TestCase.java:176)
	at junit.framework.TestCase.runBare(TestCase.java:141)
	at junit.framework.TestResult$1.protect(TestResult.java:122)
	at junit.framework.TestResult.runProtected(TestResult.java:142)
	at junit.framework.TestResult.run(TestResult.java:125)
	at junit.framework.TestCase.run(TestCase.java:129)
	at junit.framework.TestSuite.runTest(TestSuite.java:255)
	at junit.framework.TestSuite.run(TestSuite.java:250)
	at org.apache.tools.ant.taskdefs.optional.junit.JUnitTestRunner.run(JUnitTestRunner.java:520)
	at org.apache.tools.ant.taskdefs.optional.junit.JUnitTask.executeInVM(JUnitTask.java:1478)
	at org.apache.tools.ant.taskdefs.optional.junit.JUnitTask.execute(JUnitTask.java:860)
	at org.apache.tools.ant.taskdefs.optional.junit.JUnitTask.executeOrQueue(JUnitTask.java:1968)
	at org.apache.tools.ant.taskdefs.optional.junit.JUnitTask.execute1(JUnitTask.java:812)
	at org.apache.tools.ant.taskdefs.optional.junit.JUnitTask.execute(JUnitTask.java:2271)
	at org.apache.tools.ant.UnknownElement.execute(UnknownElement.java:291)
	at sun.reflect.GeneratedMethodAccessor4.invoke(Unknown Source)
	at sun.reflect.DelegatingMethodAccessorImpl.invoke(DelegatingMethodAccessorImpl.java:43)
	at java.lang.reflect.Method.invoke(Method.java:606)
	at org.apache.tools.ant.dispatch.DispatchUtils.execute(DispatchUtils.java:106)
	at org.apache.tools.ant.Task.perform(Task.java:348)
	at org.apache.tools.ant.Target.execute(Target.java:392)
	at org.apache.tools.ant.Target.performTasks(Target.java:413)
	at org.apache.tools.ant.Project.executeSortedTargets(Project.java:1399)
	at org.apache.tools.ant.Project.executeTarget(Project.java:1368)
	at org.apache.tools.ant.helper.DefaultExecutor.executeTargets(DefaultExecutor.java:41)
	at org.apache.tools.ant.Project.executeTargets(Project.java:1251)
	at org.apache.tools.ant.Main.runBuild(Main.java:811)
	at org.apache.tools.ant.Main.startAnt(Main.java:217)
	at org.apache.tools.ant.launch.Launcher.run(Launcher.java:280)
	at org.apache.tools.ant.launch.Launcher.main(Launcher.java:109)
Caused by: java.lang.NullPointerException
	... 58 more
--- com.google.javascript.jscomp.DeadAssignmentsEliminationTest::testIssue297c
java.lang.RuntimeException: INTERNAL COMPILER ERROR.
Please report this problem.
null
  Node(FUNCTION ): testcode:1:9
[source unknown]
  Parent(SCRIPT): testcode:1:0
[source unknown]

	at com.google.javascript.jscomp.NodeUtil.isName(NodeUtil.java:1099)
	at com.google.javascript.jscomp.DeadAssignmentsElimination.isVariableReadBeforeKill(DeadAssignmentsElimination.java:325)
	at com.google.javascript.jscomp.DeadAssignmentsElimination.isVariableReadBeforeKill(DeadAssignmentsElimination.java:332)
	at com.google.javascript.jscomp.DeadAssignmentsElimination.isVariableReadBeforeKill(DeadAssignmentsElimination.java:346)
	at com.google.javascript.jscomp.DeadAssignmentsElimination.isVariableStillLiveWithinExpression(DeadAssignmentsElimination.java:296)
	at com.google.javascript.jscomp.DeadAssignmentsElimination.tryRemoveAssignment(DeadAssignmentsElimination.java:218)
	at com.google.javascript.jscomp.DeadAssignmentsElimination.tryRemoveAssignment(DeadAssignmentsElimination.java:267)
	at com.google.javascript.jscomp.DeadAssignmentsElimination.tryRemoveAssignment(DeadAssignmentsElimination.java:156)
	at com.google.javascript.jscomp.DeadAssignmentsElimination.tryRemoveDeadAssignments(DeadAssignmentsElimination.java:144)
	at com.google.javascript.jscomp.DeadAssignmentsElimination.enterScope(DeadAssignmentsElimination.java:98)
	at com.google.javascript.jscomp.NodeTraversal.pushScope(NodeTraversal.java:527)
	at com.google.javascript.jscomp.NodeTraversal.traverseFunction(NodeTraversal.java:485)
	at com.google.javascript.jscomp.NodeTraversal.traverseBranch(NodeTraversal.java:449)
	at com.google.javascript.jscomp.NodeTraversal.traverseBranch(NodeTraversal.java:457)
	at com.google.javascript.jscomp.NodeTraversal.traverseBranch(NodeTraversal.java:457)
	at com.google.javascript.jscomp.NodeTraversal.traverse(NodeTraversal.java:249)
	at com.google.javascript.jscomp.NodeTraversal.traverse(NodeTraversal.java:422)
	at com.google.javascript.jscomp.DeadAssignmentsEliminationTest$1.process(DeadAssignmentsEliminationTest.java:40)
	at com.google.javascript.jscomp.CompilerTestCase.test(CompilerTestCase.java:736)
	at com.google.javascript.jscomp.CompilerTestCase.test(CompilerTestCase.java:398)
	at com.google.javascript.jscomp.CompilerTestCase.test(CompilerTestCase.java:323)
	at com.google.javascript.jscomp.CompilerTestCase.test(CompilerTestCase.java:292)
	at com.google.javascript.jscomp.CompilerTestCase.test(CompilerTestCase.java:280)
	at com.google.javascript.jscomp.DeadAssignmentsEliminationTest.testIssue297c(DeadAssignmentsEliminationTest.java:386)
	at sun.reflect.NativeMethodAccessorImpl.invoke0(Native Method)
	at sun.reflect.NativeMethodAccessorImpl.invoke(NativeMethodAccessorImpl.java:57)
	at sun.reflect.DelegatingMethodAccessorImpl.invoke(DelegatingMethodAccessorImpl.java:43)
	at java.lang.reflect.Method.invoke(Method.java:606)
	at junit.framework.TestCase.runTest(TestCase.java:176)
	at junit.framework.TestCase.runBare(TestCase.java:141)
	at junit.framework.TestResult$1.protect(TestResult.java:122)
	at junit.framework.TestResult.runProtected(TestResult.java:142)
	at junit.framework.TestResult.run(TestResult.java:125)
	at junit.framework.TestCase.run(TestCase.java:129)
	at junit.framework.TestSuite.runTest(TestSuite.java:255)
	at junit.framework.TestSuite.run(TestSuite.java:250)
	at org.apache.tools.ant.taskdefs.optional.junit.JUnitTestRunner.run(JUnitTestRunner.java:520)
	at org.apache.tools.ant.taskdefs.optional.junit.JUnitTask.executeInVM(JUnitTask.java:1478)
	at org.apache.tools.ant.taskdefs.optional.junit.JUnitTask.execute(JUnitTask.java:860)
	at org.apache.tools.ant.taskdefs.optional.junit.JUnitTask.executeOrQueue(JUnitTask.java:1968)
	at org.apache.tools.ant.taskdefs.optional.junit.JUnitTask.execute1(JUnitTask.java:812)
	at org.apache.tools.ant.taskdefs.optional.junit.JUnitTask.execute(JUnitTask.java:2271)
	at org.apache.tools.ant.UnknownElement.execute(UnknownElement.java:291)
	at sun.reflect.GeneratedMethodAccessor4.invoke(Unknown Source)
	at sun.reflect.DelegatingMethodAccessorImpl.invoke(DelegatingMethodAccessorImpl.java:43)
	at java.lang.reflect.Method.invoke(Method.java:606)
	at org.apache.tools.ant.dispatch.DispatchUtils.execute(DispatchUtils.java:106)
	at org.apache.tools.ant.Task.perform(Task.java:348)
	at org.apache.tools.ant.Target.execute(Target.java:392)
	at org.apache.tools.ant.Target.performTasks(Target.java:413)
	at org.apache.tools.ant.Project.executeSortedTargets(Project.java:1399)
	at org.apache.tools.ant.Project.executeTarget(Project.java:1368)
	at org.apache.tools.ant.helper.DefaultExecutor.executeTargets(DefaultExecutor.java:41)
	at org.apache.tools.ant.Project.executeTargets(Project.java:1251)
	at org.apache.tools.ant.Main.runBuild(Main.java:811)
	at org.apache.tools.ant.Main.startAnt(Main.java:217)
	at org.apache.tools.ant.launch.Launcher.run(Launcher.java:280)
	at org.apache.tools.ant.launch.Launcher.main(Launcher.java:109)
Caused by: java.lang.NullPointerException
	... 58 more
--- com.google.javascript.jscomp.DeadAssignmentsEliminationTest::testIssue297d
java.lang.RuntimeException: INTERNAL COMPILER ERROR.
Please report this problem.
null
  Node(FUNCTION ): testcode:1:9
[source unknown]
  Parent(SCRIPT): testcode:1:0
[source unknown]

	at com.google.javascript.jscomp.NodeUtil.isName(NodeUtil.java:1099)
	at com.google.javascript.jscomp.DeadAssignmentsElimination.isVariableReadBeforeKill(DeadAssignmentsElimination.java:325)
	at com.google.javascript.jscomp.DeadAssignmentsElimination.isVariableReadBeforeKill(DeadAssignmentsElimination.java:332)
	at com.google.javascript.jscomp.DeadAssignmentsElimination.isVariableReadBeforeKill(DeadAssignmentsElimination.java:346)
	at com.google.javascript.jscomp.DeadAssignmentsElimination.isVariableStillLiveWithinExpression(DeadAssignmentsElimination.java:296)
	at com.google.javascript.jscomp.DeadAssignmentsElimination.tryRemoveAssignment(DeadAssignmentsElimination.java:218)
	at com.google.javascript.jscomp.DeadAssignmentsElimination.tryRemoveAssignment(DeadAssignmentsElimination.java:267)
	at com.google.javascript.jscomp.DeadAssignmentsElimination.tryRemoveAssignment(DeadAssignmentsElimination.java:156)
	at com.google.javascript.jscomp.DeadAssignmentsElimination.tryRemoveDeadAssignments(DeadAssignmentsElimination.java:144)
	at com.google.javascript.jscomp.DeadAssignmentsElimination.enterScope(DeadAssignmentsElimination.java:98)
	at com.google.javascript.jscomp.NodeTraversal.pushScope(NodeTraversal.java:527)
	at com.google.javascript.jscomp.NodeTraversal.traverseFunction(NodeTraversal.java:485)
	at com.google.javascript.jscomp.NodeTraversal.traverseBranch(NodeTraversal.java:449)
	at com.google.javascript.jscomp.NodeTraversal.traverseBranch(NodeTraversal.java:457)
	at com.google.javascript.jscomp.NodeTraversal.traverseBranch(NodeTraversal.java:457)
	at com.google.javascript.jscomp.NodeTraversal.traverse(NodeTraversal.java:249)
	at com.google.javascript.jscomp.NodeTraversal.traverse(NodeTraversal.java:422)
	at com.google.javascript.jscomp.DeadAssignmentsEliminationTest$1.process(DeadAssignmentsEliminationTest.java:40)
	at com.google.javascript.jscomp.CompilerTestCase.test(CompilerTestCase.java:736)
	at com.google.javascript.jscomp.CompilerTestCase.test(CompilerTestCase.java:398)
	at com.google.javascript.jscomp.CompilerTestCase.test(CompilerTestCase.java:323)
	at com.google.javascript.jscomp.CompilerTestCase.test(CompilerTestCase.java:292)
	at com.google.javascript.jscomp.CompilerTestCase.test(CompilerTestCase.java:280)
	at com.google.javascript.jscomp.DeadAssignmentsEliminationTest.testIssue297d(DeadAssignmentsEliminationTest.java:397)
	at sun.reflect.NativeMethodAccessorImpl.invoke0(Native Method)
	at sun.reflect.NativeMethodAccessorImpl.invoke(NativeMethodAccessorImpl.java:57)
	at sun.reflect.DelegatingMethodAccessorImpl.invoke(DelegatingMethodAccessorImpl.java:43)
	at java.lang.reflect.Method.invoke(Method.java:606)
	at junit.framework.TestCase.runTest(TestCase.java:176)
	at junit.framework.TestCase.runBare(TestCase.java:141)
	at junit.framework.TestResult$1.protect(TestResult.java:122)
	at junit.framework.TestResult.runProtected(TestResult.java:142)
	at junit.framework.TestResult.run(TestResult.java:125)
	at junit.framework.TestCase.run(TestCase.java:129)
	at junit.framework.TestSuite.runTest(TestSuite.java:255)
	at junit.framework.TestSuite.run(TestSuite.java:250)
	at org.apache.tools.ant.taskdefs.optional.junit.JUnitTestRunner.run(JUnitTestRunner.java:520)
	at org.apache.tools.ant.taskdefs.optional.junit.JUnitTask.executeInVM(JUnitTask.java:1478)
	at org.apache.tools.ant.taskdefs.optional.junit.JUnitTask.execute(JUnitTask.java:860)
	at org.apache.tools.ant.taskdefs.optional.junit.JUnitTask.executeOrQueue(JUnitTask.java:1968)
	at org.apache.tools.ant.taskdefs.optional.junit.JUnitTask.execute1(JUnitTask.java:812)
	at org.apache.tools.ant.taskdefs.optional.junit.JUnitTask.execute(JUnitTask.java:2271)
	at org.apache.tools.ant.UnknownElement.execute(UnknownElement.java:291)
	at sun.reflect.GeneratedMethodAccessor4.invoke(Unknown Source)
	at sun.reflect.DelegatingMethodAccessorImpl.invoke(DelegatingMethodAccessorImpl.java:43)
	at java.lang.reflect.Method.invoke(Method.java:606)
	at org.apache.tools.ant.dispatch.DispatchUtils.execute(DispatchUtils.java:106)
	at org.apache.tools.ant.Task.perform(Task.java:348)
	at org.apache.tools.ant.Target.execute(Target.java:392)
	at org.apache.tools.ant.Target.performTasks(Target.java:413)
	at org.apache.tools.ant.Project.executeSortedTargets(Project.java:1399)
	at org.apache.tools.ant.Project.executeTarget(Project.java:1368)
	at org.apache.tools.ant.helper.DefaultExecutor.executeTargets(DefaultExecutor.java:41)
	at org.apache.tools.ant.Project.executeTargets(Project.java:1251)
	at org.apache.tools.ant.Main.runBuild(Main.java:811)
	at org.apache.tools.ant.Main.startAnt(Main.java:217)
	at org.apache.tools.ant.launch.Launcher.run(Launcher.java:280)
	at org.apache.tools.ant.launch.Launcher.main(Launcher.java:109)
Caused by: java.lang.NullPointerException
	... 58 more
--- com.google.javascript.jscomp.DeadAssignmentsEliminationTest::testIssue297e
java.lang.RuntimeException: INTERNAL COMPILER ERROR.
Please report this problem.
null
  Node(FUNCTION ): testcode:1:9
[source unknown]
  Parent(SCRIPT): testcode:1:0
[source unknown]

	at com.google.javascript.jscomp.NodeUtil.isName(NodeUtil.java:1099)
	at com.google.javascript.jscomp.DeadAssignmentsElimination.isVariableReadBeforeKill(DeadAssignmentsElimination.java:325)
	at com.google.javascript.jscomp.DeadAssignmentsElimination.isVariableReadBeforeKill(DeadAssignmentsElimination.java:332)
	at com.google.javascript.jscomp.DeadAssignmentsElimination.isVariableReadBeforeKill(DeadAssignmentsElimination.java:346)
	at com.google.javascript.jscomp.DeadAssignmentsElimination.isVariableStillLiveWithinExpression(DeadAssignmentsElimination.java:296)
	at com.google.javascript.jscomp.DeadAssignmentsElimination.tryRemoveAssignment(DeadAssignmentsElimination.java:218)
	at com.google.javascript.jscomp.DeadAssignmentsElimination.tryRemoveAssignment(DeadAssignmentsElimination.java:267)
	at com.google.javascript.jscomp.DeadAssignmentsElimination.tryRemoveAssignment(DeadAssignmentsElimination.java:156)
	at com.google.javascript.jscomp.DeadAssignmentsElimination.tryRemoveDeadAssignments(DeadAssignmentsElimination.java:144)
	at com.google.javascript.jscomp.DeadAssignmentsElimination.enterScope(DeadAssignmentsElimination.java:98)
	at com.google.javascript.jscomp.NodeTraversal.pushScope(NodeTraversal.java:527)
	at com.google.javascript.jscomp.NodeTraversal.traverseFunction(NodeTraversal.java:485)
	at com.google.javascript.jscomp.NodeTraversal.traverseBranch(NodeTraversal.java:449)
	at com.google.javascript.jscomp.NodeTraversal.traverseBranch(NodeTraversal.java:457)
	at com.google.javascript.jscomp.NodeTraversal.traverseBranch(NodeTraversal.java:457)
	at com.google.javascript.jscomp.NodeTraversal.traverse(NodeTraversal.java:249)
	at com.google.javascript.jscomp.NodeTraversal.traverse(NodeTraversal.java:422)
	at com.google.javascript.jscomp.DeadAssignmentsEliminationTest$1.process(DeadAssignmentsEliminationTest.java:40)
	at com.google.javascript.jscomp.CompilerTestCase.test(CompilerTestCase.java:736)
	at com.google.javascript.jscomp.CompilerTestCase.test(CompilerTestCase.java:398)
	at com.google.javascript.jscomp.CompilerTestCase.test(CompilerTestCase.java:323)
	at com.google.javascript.jscomp.CompilerTestCase.test(CompilerTestCase.java:292)
	at com.google.javascript.jscomp.CompilerTestCase.test(CompilerTestCase.java:280)
	at com.google.javascript.jscomp.DeadAssignmentsEliminationTest.testIssue297e(DeadAssignmentsEliminationTest.java:406)
	at sun.reflect.NativeMethodAccessorImpl.invoke0(Native Method)
	at sun.reflect.NativeMethodAccessorImpl.invoke(NativeMethodAccessorImpl.java:57)
	at sun.reflect.DelegatingMethodAccessorImpl.invoke(DelegatingMethodAccessorImpl.java:43)
	at java.lang.reflect.Method.invoke(Method.java:606)
	at junit.framework.TestCase.runTest(TestCase.java:176)
	at junit.framework.TestCase.runBare(TestCase.java:141)
	at junit.framework.TestResult$1.protect(TestResult.java:122)
	at junit.framework.TestResult.runProtected(TestResult.java:142)
	at junit.framework.TestResult.run(TestResult.java:125)
	at junit.framework.TestCase.run(TestCase.java:129)
	at junit.framework.TestSuite.runTest(TestSuite.java:255)
	at junit.framework.TestSuite.run(TestSuite.java:250)
	at org.apache.tools.ant.taskdefs.optional.junit.JUnitTestRunner.run(JUnitTestRunner.java:520)
	at org.apache.tools.ant.taskdefs.optional.junit.JUnitTask.executeInVM(JUnitTask.java:1478)
	at org.apache.tools.ant.taskdefs.optional.junit.JUnitTask.execute(JUnitTask.java:860)
	at org.apache.tools.ant.taskdefs.optional.junit.JUnitTask.executeOrQueue(JUnitTask.java:1968)
	at org.apache.tools.ant.taskdefs.optional.junit.JUnitTask.execute1(JUnitTask.java:812)
	at org.apache.tools.ant.taskdefs.optional.junit.JUnitTask.execute(JUnitTask.java:2271)
	at org.apache.tools.ant.UnknownElement.execute(UnknownElement.java:291)
	at sun.reflect.GeneratedMethodAccessor4.invoke(Unknown Source)
	at sun.reflect.DelegatingMethodAccessorImpl.invoke(DelegatingMethodAccessorImpl.java:43)
	at java.lang.reflect.Method.invoke(Method.java:606)
	at org.apache.tools.ant.dispatch.DispatchUtils.execute(DispatchUtils.java:106)
	at org.apache.tools.ant.Task.perform(Task.java:348)
	at org.apache.tools.ant.Target.execute(Target.java:392)
	at org.apache.tools.ant.Target.performTasks(Target.java:413)
	at org.apache.tools.ant.Project.executeSortedTargets(Project.java:1399)
	at org.apache.tools.ant.Project.executeTarget(Project.java:1368)
	at org.apache.tools.ant.helper.DefaultExecutor.executeTargets(DefaultExecutor.java:41)
	at org.apache.tools.ant.Project.executeTargets(Project.java:1251)
	at org.apache.tools.ant.Main.runBuild(Main.java:811)
	at org.apache.tools.ant.Main.startAnt(Main.java:217)
	at org.apache.tools.ant.launch.Launcher.run(Launcher.java:280)
	at org.apache.tools.ant.launch.Launcher.main(Launcher.java:109)
Caused by: java.lang.NullPointerException
	... 58 more
--- com.google.javascript.jscomp.DeadAssignmentsEliminationTest::testIssue297f
java.lang.RuntimeException: INTERNAL COMPILER ERROR.
Please report this problem.
null
  Node(FUNCTION ): testcode:1:9
[source unknown]
  Parent(SCRIPT): testcode:1:0
[source unknown]

	at com.google.javascript.jscomp.NodeUtil.isName(NodeUtil.java:1099)
	at com.google.javascript.jscomp.DeadAssignmentsElimination.isVariableReadBeforeKill(DeadAssignmentsElimination.java:325)
	at com.google.javascript.jscomp.DeadAssignmentsElimination.isVariableReadBeforeKill(DeadAssignmentsElimination.java:332)
	at com.google.javascript.jscomp.DeadAssignmentsElimination.isVariableReadBeforeKill(DeadAssignmentsElimination.java:346)
	at com.google.javascript.jscomp.DeadAssignmentsElimination.isVariableStillLiveWithinExpression(DeadAssignmentsElimination.java:296)
	at com.google.javascript.jscomp.DeadAssignmentsElimination.tryRemoveAssignment(DeadAssignmentsElimination.java:218)
	at com.google.javascript.jscomp.DeadAssignmentsElimination.tryRemoveAssignment(DeadAssignmentsElimination.java:267)
	at com.google.javascript.jscomp.DeadAssignmentsElimination.tryRemoveAssignment(DeadAssignmentsElimination.java:267)
	at com.google.javascript.jscomp.DeadAssignmentsElimination.tryRemoveAssignment(DeadAssignmentsElimination.java:267)
	at com.google.javascript.jscomp.DeadAssignmentsElimination.tryRemoveAssignment(DeadAssignmentsElimination.java:156)
	at com.google.javascript.jscomp.DeadAssignmentsElimination.tryRemoveDeadAssignments(DeadAssignmentsElimination.java:150)
	at com.google.javascript.jscomp.DeadAssignmentsElimination.enterScope(DeadAssignmentsElimination.java:98)
	at com.google.javascript.jscomp.NodeTraversal.pushScope(NodeTraversal.java:527)
	at com.google.javascript.jscomp.NodeTraversal.traverseFunction(NodeTraversal.java:485)
	at com.google.javascript.jscomp.NodeTraversal.traverseBranch(NodeTraversal.java:449)
	at com.google.javascript.jscomp.NodeTraversal.traverseBranch(NodeTraversal.java:457)
	at com.google.javascript.jscomp.NodeTraversal.traverseBranch(NodeTraversal.java:457)
	at com.google.javascript.jscomp.NodeTraversal.traverse(NodeTraversal.java:249)
	at com.google.javascript.jscomp.NodeTraversal.traverse(NodeTraversal.java:422)
	at com.google.javascript.jscomp.DeadAssignmentsEliminationTest$1.process(DeadAssignmentsEliminationTest.java:40)
	at com.google.javascript.jscomp.CompilerTestCase.test(CompilerTestCase.java:736)
	at com.google.javascript.jscomp.CompilerTestCase.test(CompilerTestCase.java:398)
	at com.google.javascript.jscomp.CompilerTestCase.test(CompilerTestCase.java:323)
	at com.google.javascript.jscomp.CompilerTestCase.test(CompilerTestCase.java:292)
	at com.google.javascript.jscomp.CompilerTestCase.test(CompilerTestCase.java:280)
	at com.google.javascript.jscomp.DeadAssignmentsEliminationTest.testIssue297f(DeadAssignmentsEliminationTest.java:415)
	at sun.reflect.NativeMethodAccessorImpl.invoke0(Native Method)
	at sun.reflect.NativeMethodAccessorImpl.invoke(NativeMethodAccessorImpl.java:57)
	at sun.reflect.DelegatingMethodAccessorImpl.invoke(DelegatingMethodAccessorImpl.java:43)
	at java.lang.reflect.Method.invoke(Method.java:606)
	at junit.framework.TestCase.runTest(TestCase.java:176)
	at junit.framework.TestCase.runBare(TestCase.java:141)
	at junit.framework.TestResult$1.protect(TestResult.java:122)
	at junit.framework.TestResult.runProtected(TestResult.java:142)
	at junit.framework.TestResult.run(TestResult.java:125)
	at junit.framework.TestCase.run(TestCase.java:129)
	at junit.framework.TestSuite.runTest(TestSuite.java:255)
	at junit.framework.TestSuite.run(TestSuite.java:250)
	at org.apache.tools.ant.taskdefs.optional.junit.JUnitTestRunner.run(JUnitTestRunner.java:520)
	at org.apache.tools.ant.taskdefs.optional.junit.JUnitTask.executeInVM(JUnitTask.java:1478)
	at org.apache.tools.ant.taskdefs.optional.junit.JUnitTask.execute(JUnitTask.java:860)
	at org.apache.tools.ant.taskdefs.optional.junit.JUnitTask.executeOrQueue(JUnitTask.java:1968)
	at org.apache.tools.ant.taskdefs.optional.junit.JUnitTask.execute1(JUnitTask.java:812)
	at org.apache.tools.ant.taskdefs.optional.junit.JUnitTask.execute(JUnitTask.java:2271)
	at org.apache.tools.ant.UnknownElement.execute(UnknownElement.java:291)
	at sun.reflect.GeneratedMethodAccessor4.invoke(Unknown Source)
	at sun.reflect.DelegatingMethodAccessorImpl.invoke(DelegatingMethodAccessorImpl.java:43)
	at java.lang.reflect.Method.invoke(Method.java:606)
	at org.apache.tools.ant.dispatch.DispatchUtils.execute(DispatchUtils.java:106)
	at org.apache.tools.ant.Task.perform(Task.java:348)
	at org.apache.tools.ant.Target.execute(Target.java:392)
	at org.apache.tools.ant.Target.performTasks(Target.java:413)
	at org.apache.tools.ant.Project.executeSortedTargets(Project.java:1399)
	at org.apache.tools.ant.Project.executeTarget(Project.java:1368)
	at org.apache.tools.ant.helper.DefaultExecutor.executeTargets(DefaultExecutor.java:41)
	at org.apache.tools.ant.Project.executeTargets(Project.java:1251)
	at org.apache.tools.ant.Main.runBuild(Main.java:811)
	at org.apache.tools.ant.Main.startAnt(Main.java:217)
	at org.apache.tools.ant.launch.Launcher.run(Launcher.java:280)
	at org.apache.tools.ant.launch.Launcher.main(Launcher.java:109)
Caused by: java.lang.NullPointerException
	... 60 more
