--- com.google.javascript.jscomp.CollapsePropertiesTest::testResetObjectPropertyInLocalScope
java.lang.RuntimeException: INTERNAL COMPILER ERROR.
Please report this problem.
null
	at com.google.common.base.Preconditions.checkState(Preconditions.java:129)
	at com.google.javascript.jscomp.NodeTraversal.pushScope(NodeTraversal.java:523)
	at com.google.javascript.jscomp.NodeTraversal.traverse(NodeTraversal.java:248)
	at com.google.javascript.jscomp.NodeTraversal.traverse(NodeTraversal.java:422)
	at com.google.javascript.jscomp.CollapseProperties.checkForHosedThisReferences(CollapseProperties.java:643)
	at com.google.javascript.jscomp.CollapseProperties.updateSimpleDeclaration(CollapseProperties.java:485)
	at com.google.javascript.jscomp.CollapseProperties.collapseDeclarationOfNameAndDescendants(CollapseProperties.java:459)
	at com.google.javascript.jscomp.CollapseProperties.process(CollapseProperties.java:139)
	at com.google.javascript.jscomp.CompilerTestCase.test(CompilerTestCase.java:715)
	at com.google.javascript.jscomp.CompilerTestCase.test(CompilerTestCase.java:377)
	at com.google.javascript.jscomp.CompilerTestCase.test(CompilerTestCase.java:306)
	at com.google.javascript.jscomp.CompilerTestCase.test(CompilerTestCase.java:275)
	at com.google.javascript.jscomp.CompilerTestCase.test(CompilerTestCase.java:263)
	at com.google.javascript.jscomp.CollapsePropertiesTest.testResetObjectPropertyInLocalScope(CollapsePropertiesTest.java:623)
	at sun.reflect.NativeMethodAccessorImpl.invoke0(Native Method)
	at sun.reflect.NativeMethodAccessorImpl.invoke(NativeMethodAccessorImpl.java:57)
	at sun.reflect.DelegatingMethodAccessorImpl.invoke(DelegatingMethodAccessorImpl.java:43)
	at java.lang.reflect.Method.invoke(Method.java:606)
	at junit.framework.TestCase.runTest(TestCase.java:176)
	at junit.framework.TestCase.runBare(TestCase.java:141)
	at junit.framework.TestResult$1.protect(TestResult.java:122)
	at junit.framework.TestResult.runProtected(TestResult.java:142)
	at junit.framework.TestResult.run(TestResult.java:125)
	at junit.framework.TestCase.run(TestCase.java:129)
	at junit.framework.TestSuite.runTest(TestSuite.java:255)
	at junit.framework.TestSuite.run(TestSuite.java:250)
	at org.apache.tools.ant.taskdefs.optional.junit.JUnitTestRunner.run(JUnitTestRunner.java:520)
	at org.apache.tools.ant.taskdefs.optional.junit.JUnitTask.executeInVM(JUnitTask.java:1478)
	at org.apache.tools.ant.taskdefs.optional.junit.JUnitTask.execute(JUnitTask.java:860)
	at org.apache.tools.ant.taskdefs.optional.junit.JUnitTask.executeOrQueue(JUnitTask.java:1968)
	at org.apache.tools.ant.taskdefs.optional.junit.JUnitTask.execute1(JUnitTask.java:812)
	at org.apache.tools.ant.taskdefs.optional.junit.JUnitTask.execute(JUnitTask.java:2271)
	at org.apache.tools.ant.UnknownElement.execute(UnknownElement.java:291)
	at sun.reflect.GeneratedMethodAccessor4.invoke(Unknown Source)
	at sun.reflect.DelegatingMethodAccessorImpl.invoke(DelegatingMethodAccessorImpl.java:43)
	at java.lang.reflect.Method.invoke(Method.java:606)
	at org.apache.tools.ant.dispatch.DispatchUtils.execute(DispatchUtils.java:106)
	at org.apache.tools.ant.Task.perform(Task.java:348)
	at org.apache.tools.ant.Target.execute(Target.java:392)
	at org.apache.tools.ant.Target.performTasks(Target.java:413)
	at org.apache.tools.ant.Project.executeSortedTargets(Project.java:1399)
	at org.apache.tools.ant.Project.executeTarget(Project.java:1368)
	at org.apache.tools.ant.helper.DefaultExecutor.executeTargets(DefaultExecutor.java:41)
	at org.apache.tools.ant.Project.executeTargets(Project.java:1251)
	at org.apache.tools.ant.Main.runBuild(Main.java:811)
	at org.apache.tools.ant.Main.startAnt(Main.java:217)
	at org.apache.tools.ant.launch.Launcher.run(Launcher.java:280)
	at org.apache.tools.ant.launch.Launcher.main(Launcher.java:109)
Caused by: java.lang.IllegalStateException
	... 48 more
--- com.google.javascript.jscomp.CollapsePropertiesTest::testAliasCreatedForCtorDepth2
java.lang.RuntimeException: INTERNAL COMPILER ERROR.
Please report this problem.
null
	at com.google.common.base.Preconditions.checkState(Preconditions.java:129)
	at com.google.javascript.jscomp.NodeTraversal.pushScope(NodeTraversal.java:523)
	at com.google.javascript.jscomp.NodeTraversal.traverse(NodeTraversal.java:248)
	at com.google.javascript.jscomp.NodeTraversal.traverse(NodeTraversal.java:422)
	at com.google.javascript.jscomp.CollapseProperties.checkForHosedThisReferences(CollapseProperties.java:643)
	at com.google.javascript.jscomp.CollapseProperties.updateSimpleDeclaration(CollapseProperties.java:485)
	at com.google.javascript.jscomp.CollapseProperties.collapseDeclarationOfNameAndDescendants(CollapseProperties.java:459)
	at com.google.javascript.jscomp.CollapseProperties.collapseDeclarationOfNameAndDescendants(CollapseProperties.java:452)
	at com.google.javascript.jscomp.CollapseProperties.process(CollapseProperties.java:139)
	at com.google.javascript.jscomp.CompilerTestCase.test(CompilerTestCase.java:715)
	at com.google.javascript.jscomp.CompilerTestCase.test(CompilerTestCase.java:377)
	at com.google.javascript.jscomp.CompilerTestCase.test(CompilerTestCase.java:306)
	at com.google.javascript.jscomp.CompilerTestCase.test(CompilerTestCase.java:275)
	at com.google.javascript.jscomp.CompilerTestCase.test(CompilerTestCase.java:263)
	at com.google.javascript.jscomp.CollapsePropertiesTest.testAliasCreatedForCtorDepth2(CollapsePropertiesTest.java:321)
	at sun.reflect.NativeMethodAccessorImpl.invoke0(Native Method)
	at sun.reflect.NativeMethodAccessorImpl.invoke(NativeMethodAccessorImpl.java:57)
	at sun.reflect.DelegatingMethodAccessorImpl.invoke(DelegatingMethodAccessorImpl.java:43)
	at java.lang.reflect.Method.invoke(Method.java:606)
	at junit.framework.TestCase.runTest(TestCase.java:176)
	at junit.framework.TestCase.runBare(TestCase.java:141)
	at junit.framework.TestResult$1.protect(TestResult.java:122)
	at junit.framework.TestResult.runProtected(TestResult.java:142)
	at junit.framework.TestResult.run(TestResult.java:125)
	at junit.framework.TestCase.run(TestCase.java:129)
	at junit.framework.TestSuite.runTest(TestSuite.java:255)
	at junit.framework.TestSuite.run(TestSuite.java:250)
	at org.apache.tools.ant.taskdefs.optional.junit.JUnitTestRunner.run(JUnitTestRunner.java:520)
	at org.apache.tools.ant.taskdefs.optional.junit.JUnitTask.executeInVM(JUnitTask.java:1478)
	at org.apache.tools.ant.taskdefs.optional.junit.JUnitTask.execute(JUnitTask.java:860)
	at org.apache.tools.ant.taskdefs.optional.junit.JUnitTask.executeOrQueue(JUnitTask.java:1968)
	at org.apache.tools.ant.taskdefs.optional.junit.JUnitTask.execute1(JUnitTask.java:812)
	at org.apache.tools.ant.taskdefs.optional.junit.JUnitTask.execute(JUnitTask.java:2271)
	at org.apache.tools.ant.UnknownElement.execute(UnknownElement.java:291)
	at sun.reflect.GeneratedMethodAccessor4.invoke(Unknown Source)
	at sun.reflect.DelegatingMethodAccessorImpl.invoke(DelegatingMethodAccessorImpl.java:43)
	at java.lang.reflect.Method.invoke(Method.java:606)
	at org.apache.tools.ant.dispatch.DispatchUtils.execute(DispatchUtils.java:106)
	at org.apache.tools.ant.Task.perform(Task.java:348)
	at org.apache.tools.ant.Target.execute(Target.java:392)
	at org.apache.tools.ant.Target.performTasks(Target.java:413)
	at org.apache.tools.ant.Project.executeSortedTargets(Project.java:1399)
	at org.apache.tools.ant.Project.executeTarget(Project.java:1368)
	at org.apache.tools.ant.helper.DefaultExecutor.executeTargets(DefaultExecutor.java:41)
	at org.apache.tools.ant.Project.executeTargets(Project.java:1251)
	at org.apache.tools.ant.Main.runBuild(Main.java:811)
	at org.apache.tools.ant.Main.startAnt(Main.java:217)
	at org.apache.tools.ant.launch.Launcher.run(Launcher.java:280)
	at org.apache.tools.ant.launch.Launcher.main(Launcher.java:109)
Caused by: java.lang.IllegalStateException
	... 49 more
--- com.google.javascript.jscomp.CollapsePropertiesTest::testGlobalFunctionNameInBooleanExpressionDepth1
java.lang.RuntimeException: INTERNAL COMPILER ERROR.
Please report this problem.
null
	at com.google.common.base.Preconditions.checkState(Preconditions.java:129)
	at com.google.javascript.jscomp.NodeTraversal.pushScope(NodeTraversal.java:523)
	at com.google.javascript.jscomp.NodeTraversal.traverse(NodeTraversal.java:248)
	at com.google.javascript.jscomp.NodeTraversal.traverse(NodeTraversal.java:422)
	at com.google.javascript.jscomp.CollapseProperties.checkForHosedThisReferences(CollapseProperties.java:643)
	at com.google.javascript.jscomp.CollapseProperties.updateSimpleDeclaration(CollapseProperties.java:485)
	at com.google.javascript.jscomp.CollapseProperties.collapseDeclarationOfNameAndDescendants(CollapseProperties.java:459)
	at com.google.javascript.jscomp.CollapseProperties.process(CollapseProperties.java:139)
	at com.google.javascript.jscomp.CompilerTestCase.test(CompilerTestCase.java:715)
	at com.google.javascript.jscomp.CompilerTestCase.test(CompilerTestCase.java:377)
	at com.google.javascript.jscomp.CompilerTestCase.test(CompilerTestCase.java:306)
	at com.google.javascript.jscomp.CompilerTestCase.test(CompilerTestCase.java:275)
	at com.google.javascript.jscomp.CompilerTestCase.test(CompilerTestCase.java:263)
	at com.google.javascript.jscomp.CollapsePropertiesTest.testGlobalFunctionNameInBooleanExpressionDepth1(CollapsePropertiesTest.java:161)
	at sun.reflect.NativeMethodAccessorImpl.invoke0(Native Method)
	at sun.reflect.NativeMethodAccessorImpl.invoke(NativeMethodAccessorImpl.java:57)
	at sun.reflect.DelegatingMethodAccessorImpl.invoke(DelegatingMethodAccessorImpl.java:43)
	at java.lang.reflect.Method.invoke(Method.java:606)
	at junit.framework.TestCase.runTest(TestCase.java:176)
	at junit.framework.TestCase.runBare(TestCase.java:141)
	at junit.framework.TestResult$1.protect(TestResult.java:122)
	at junit.framework.TestResult.runProtected(TestResult.java:142)
	at junit.framework.TestResult.run(TestResult.java:125)
	at junit.framework.TestCase.run(TestCase.java:129)
	at junit.framework.TestSuite.runTest(TestSuite.java:255)
	at junit.framework.TestSuite.run(TestSuite.java:250)
	at org.apache.tools.ant.taskdefs.optional.junit.JUnitTestRunner.run(JUnitTestRunner.java:520)
	at org.apache.tools.ant.taskdefs.optional.junit.JUnitTask.executeInVM(JUnitTask.java:1478)
	at org.apache.tools.ant.taskdefs.optional.junit.JUnitTask.execute(JUnitTask.java:860)
	at org.apache.tools.ant.taskdefs.optional.junit.JUnitTask.executeOrQueue(JUnitTask.java:1968)
	at org.apache.tools.ant.taskdefs.optional.junit.JUnitTask.execute1(JUnitTask.java:812)
	at org.apache.tools.ant.taskdefs.optional.junit.JUnitTask.execute(JUnitTask.java:2271)
	at org.apache.tools.ant.UnknownElement.execute(UnknownElement.java:291)
	at sun.reflect.GeneratedMethodAccessor4.invoke(Unknown Source)
	at sun.reflect.DelegatingMethodAccessorImpl.invoke(DelegatingMethodAccessorImpl.java:43)
	at java.lang.reflect.Method.invoke(Method.java:606)
	at org.apache.tools.ant.dispatch.DispatchUtils.execute(DispatchUtils.java:106)
	at org.apache.tools.ant.Task.perform(Task.java:348)
	at org.apache.tools.ant.Target.execute(Target.java:392)
	at org.apache.tools.ant.Target.performTasks(Target.java:413)
	at org.apache.tools.ant.Project.executeSortedTargets(Project.java:1399)
	at org.apache.tools.ant.Project.executeTarget(Project.java:1368)
	at org.apache.tools.ant.helper.DefaultExecutor.executeTargets(DefaultExecutor.java:41)
	at org.apache.tools.ant.Project.executeTargets(Project.java:1251)
	at org.apache.tools.ant.Main.runBuild(Main.java:811)
	at org.apache.tools.ant.Main.startAnt(Main.java:217)
	at org.apache.tools.ant.launch.Launcher.run(Launcher.java:280)
	at org.apache.tools.ant.launch.Launcher.main(Launcher.java:109)
Caused by: java.lang.IllegalStateException
	... 48 more
--- com.google.javascript.jscomp.CollapsePropertiesTest::testGlobalFunctionNameInBooleanExpressionDepth2
java.lang.RuntimeException: INTERNAL COMPILER ERROR.
Please report this problem.
null
	at com.google.common.base.Preconditions.checkState(Preconditions.java:129)
	at com.google.javascript.jscomp.NodeTraversal.pushScope(NodeTraversal.java:523)
	at com.google.javascript.jscomp.NodeTraversal.traverse(NodeTraversal.java:248)
	at com.google.javascript.jscomp.NodeTraversal.traverse(NodeTraversal.java:422)
	at com.google.javascript.jscomp.CollapseProperties.checkForHosedThisReferences(CollapseProperties.java:643)
	at com.google.javascript.jscomp.CollapseProperties.updateSimpleDeclaration(CollapseProperties.java:485)
	at com.google.javascript.jscomp.CollapseProperties.collapseDeclarationOfNameAndDescendants(CollapseProperties.java:459)
	at com.google.javascript.jscomp.CollapseProperties.collapseDeclarationOfNameAndDescendants(CollapseProperties.java:452)
	at com.google.javascript.jscomp.CollapseProperties.process(CollapseProperties.java:139)
	at com.google.javascript.jscomp.CompilerTestCase.test(CompilerTestCase.java:715)
	at com.google.javascript.jscomp.CompilerTestCase.test(CompilerTestCase.java:377)
	at com.google.javascript.jscomp.CompilerTestCase.test(CompilerTestCase.java:306)
	at com.google.javascript.jscomp.CompilerTestCase.test(CompilerTestCase.java:275)
	at com.google.javascript.jscomp.CompilerTestCase.test(CompilerTestCase.java:263)
	at com.google.javascript.jscomp.CollapsePropertiesTest.testGlobalFunctionNameInBooleanExpressionDepth2(CollapsePropertiesTest.java:166)
	at sun.reflect.NativeMethodAccessorImpl.invoke0(Native Method)
	at sun.reflect.NativeMethodAccessorImpl.invoke(NativeMethodAccessorImpl.java:57)
	at sun.reflect.DelegatingMethodAccessorImpl.invoke(DelegatingMethodAccessorImpl.java:43)
	at java.lang.reflect.Method.invoke(Method.java:606)
	at junit.framework.TestCase.runTest(TestCase.java:176)
	at junit.framework.TestCase.runBare(TestCase.java:141)
	at junit.framework.TestResult$1.protect(TestResult.java:122)
	at junit.framework.TestResult.runProtected(TestResult.java:142)
	at junit.framework.TestResult.run(TestResult.java:125)
	at junit.framework.TestCase.run(TestCase.java:129)
	at junit.framework.TestSuite.runTest(TestSuite.java:255)
	at junit.framework.TestSuite.run(TestSuite.java:250)
	at org.apache.tools.ant.taskdefs.optional.junit.JUnitTestRunner.run(JUnitTestRunner.java:520)
	at org.apache.tools.ant.taskdefs.optional.junit.JUnitTask.executeInVM(JUnitTask.java:1478)
	at org.apache.tools.ant.taskdefs.optional.junit.JUnitTask.execute(JUnitTask.java:860)
	at org.apache.tools.ant.taskdefs.optional.junit.JUnitTask.executeOrQueue(JUnitTask.java:1968)
	at org.apache.tools.ant.taskdefs.optional.junit.JUnitTask.execute1(JUnitTask.java:812)
	at org.apache.tools.ant.taskdefs.optional.junit.JUnitTask.execute(JUnitTask.java:2271)
	at org.apache.tools.ant.UnknownElement.execute(UnknownElement.java:291)
	at sun.reflect.GeneratedMethodAccessor4.invoke(Unknown Source)
	at sun.reflect.DelegatingMethodAccessorImpl.invoke(DelegatingMethodAccessorImpl.java:43)
	at java.lang.reflect.Method.invoke(Method.java:606)
	at org.apache.tools.ant.dispatch.DispatchUtils.execute(DispatchUtils.java:106)
	at org.apache.tools.ant.Task.perform(Task.java:348)
	at org.apache.tools.ant.Target.execute(Target.java:392)
	at org.apache.tools.ant.Target.performTasks(Target.java:413)
	at org.apache.tools.ant.Project.executeSortedTargets(Project.java:1399)
	at org.apache.tools.ant.Project.executeTarget(Project.java:1368)
	at org.apache.tools.ant.helper.DefaultExecutor.executeTargets(DefaultExecutor.java:41)
	at org.apache.tools.ant.Project.executeTargets(Project.java:1251)
	at org.apache.tools.ant.Main.runBuild(Main.java:811)
	at org.apache.tools.ant.Main.startAnt(Main.java:217)
	at org.apache.tools.ant.launch.Launcher.run(Launcher.java:280)
	at org.apache.tools.ant.launch.Launcher.main(Launcher.java:109)
Caused by: java.lang.IllegalStateException
	... 49 more
--- com.google.javascript.jscomp.CollapsePropertiesTest::testAliasCreatedForClassDepth2_1
java.lang.RuntimeException: INTERNAL COMPILER ERROR.
Please report this problem.
null
	at com.google.common.base.Preconditions.checkState(Preconditions.java:129)
	at com.google.javascript.jscomp.NodeTraversal.pushScope(NodeTraversal.java:523)
	at com.google.javascript.jscomp.NodeTraversal.traverse(NodeTraversal.java:248)
	at com.google.javascript.jscomp.NodeTraversal.traverse(NodeTraversal.java:422)
	at com.google.javascript.jscomp.CollapseProperties.checkForHosedThisReferences(CollapseProperties.java:643)
	at com.google.javascript.jscomp.CollapseProperties.updateSimpleDeclaration(CollapseProperties.java:485)
	at com.google.javascript.jscomp.CollapseProperties.collapseDeclarationOfNameAndDescendants(CollapseProperties.java:459)
	at com.google.javascript.jscomp.CollapseProperties.process(CollapseProperties.java:139)
	at com.google.javascript.jscomp.CompilerTestCase.test(CompilerTestCase.java:715)
	at com.google.javascript.jscomp.CompilerTestCase.test(CompilerTestCase.java:377)
	at com.google.javascript.jscomp.CompilerTestCase.test(CompilerTestCase.java:306)
	at com.google.javascript.jscomp.CollapsePropertiesTest.testAliasCreatedForClassDepth2_1(CollapsePropertiesTest.java:351)
	at sun.reflect.NativeMethodAccessorImpl.invoke0(Native Method)
	at sun.reflect.NativeMethodAccessorImpl.invoke(NativeMethodAccessorImpl.java:57)
	at sun.reflect.DelegatingMethodAccessorImpl.invoke(DelegatingMethodAccessorImpl.java:43)
	at java.lang.reflect.Method.invoke(Method.java:606)
	at junit.framework.TestCase.runTest(TestCase.java:176)
	at junit.framework.TestCase.runBare(TestCase.java:141)
	at junit.framework.TestResult$1.protect(TestResult.java:122)
	at junit.framework.TestResult.runProtected(TestResult.java:142)
	at junit.framework.TestResult.run(TestResult.java:125)
	at junit.framework.TestCase.run(TestCase.java:129)
	at junit.framework.TestSuite.runTest(TestSuite.java:255)
	at junit.framework.TestSuite.run(TestSuite.java:250)
	at org.apache.tools.ant.taskdefs.optional.junit.JUnitTestRunner.run(JUnitTestRunner.java:520)
	at org.apache.tools.ant.taskdefs.optional.junit.JUnitTask.executeInVM(JUnitTask.java:1478)
	at org.apache.tools.ant.taskdefs.optional.junit.JUnitTask.execute(JUnitTask.java:860)
	at org.apache.tools.ant.taskdefs.optional.junit.JUnitTask.executeOrQueue(JUnitTask.java:1968)
	at org.apache.tools.ant.taskdefs.optional.junit.JUnitTask.execute1(JUnitTask.java:812)
	at org.apache.tools.ant.taskdefs.optional.junit.JUnitTask.execute(JUnitTask.java:2271)
	at org.apache.tools.ant.UnknownElement.execute(UnknownElement.java:291)
	at sun.reflect.GeneratedMethodAccessor4.invoke(Unknown Source)
	at sun.reflect.DelegatingMethodAccessorImpl.invoke(DelegatingMethodAccessorImpl.java:43)
	at java.lang.reflect.Method.invoke(Method.java:606)
	at org.apache.tools.ant.dispatch.DispatchUtils.execute(DispatchUtils.java:106)
	at org.apache.tools.ant.Task.perform(Task.java:348)
	at org.apache.tools.ant.Target.execute(Target.java:392)
	at org.apache.tools.ant.Target.performTasks(Target.java:413)
	at org.apache.tools.ant.Project.executeSortedTargets(Project.java:1399)
	at org.apache.tools.ant.Project.executeTarget(Project.java:1368)
	at org.apache.tools.ant.helper.DefaultExecutor.executeTargets(DefaultExecutor.java:41)
	at org.apache.tools.ant.Project.executeTargets(Project.java:1251)
	at org.apache.tools.ant.Main.runBuild(Main.java:811)
	at org.apache.tools.ant.Main.startAnt(Main.java:217)
	at org.apache.tools.ant.launch.Launcher.run(Launcher.java:280)
	at org.apache.tools.ant.launch.Launcher.main(Launcher.java:109)
Caused by: java.lang.IllegalStateException
	... 46 more
--- com.google.javascript.jscomp.CollapsePropertiesTest::testAliasCreatedForClassDepth2_2
java.lang.RuntimeException: INTERNAL COMPILER ERROR.
Please report this problem.
null
	at com.google.common.base.Preconditions.checkState(Preconditions.java:129)
	at com.google.javascript.jscomp.NodeTraversal.pushScope(NodeTraversal.java:523)
	at com.google.javascript.jscomp.NodeTraversal.traverse(NodeTraversal.java:248)
	at com.google.javascript.jscomp.NodeTraversal.traverse(NodeTraversal.java:422)
	at com.google.javascript.jscomp.CollapseProperties.checkForHosedThisReferences(CollapseProperties.java:643)
	at com.google.javascript.jscomp.CollapseProperties.updateSimpleDeclaration(CollapseProperties.java:485)
	at com.google.javascript.jscomp.CollapseProperties.collapseDeclarationOfNameAndDescendants(CollapseProperties.java:459)
	at com.google.javascript.jscomp.CollapseProperties.process(CollapseProperties.java:139)
	at com.google.javascript.jscomp.CompilerTestCase.test(CompilerTestCase.java:715)
	at com.google.javascript.jscomp.CompilerTestCase.test(CompilerTestCase.java:377)
	at com.google.javascript.jscomp.CompilerTestCase.test(CompilerTestCase.java:306)
	at com.google.javascript.jscomp.CollapsePropertiesTest.testAliasCreatedForClassDepth2_2(CollapsePropertiesTest.java:359)
	at sun.reflect.NativeMethodAccessorImpl.invoke0(Native Method)
	at sun.reflect.NativeMethodAccessorImpl.invoke(NativeMethodAccessorImpl.java:57)
	at sun.reflect.DelegatingMethodAccessorImpl.invoke(DelegatingMethodAccessorImpl.java:43)
	at java.lang.reflect.Method.invoke(Method.java:606)
	at junit.framework.TestCase.runTest(TestCase.java:176)
	at junit.framework.TestCase.runBare(TestCase.java:141)
	at junit.framework.TestResult$1.protect(TestResult.java:122)
	at junit.framework.TestResult.runProtected(TestResult.java:142)
	at junit.framework.TestResult.run(TestResult.java:125)
	at junit.framework.TestCase.run(TestCase.java:129)
	at junit.framework.TestSuite.runTest(TestSuite.java:255)
	at junit.framework.TestSuite.run(TestSuite.java:250)
	at org.apache.tools.ant.taskdefs.optional.junit.JUnitTestRunner.run(JUnitTestRunner.java:520)
	at org.apache.tools.ant.taskdefs.optional.junit.JUnitTask.executeInVM(JUnitTask.java:1478)
	at org.apache.tools.ant.taskdefs.optional.junit.JUnitTask.execute(JUnitTask.java:860)
	at org.apache.tools.ant.taskdefs.optional.junit.JUnitTask.executeOrQueue(JUnitTask.java:1968)
	at org.apache.tools.ant.taskdefs.optional.junit.JUnitTask.execute1(JUnitTask.java:812)
	at org.apache.tools.ant.taskdefs.optional.junit.JUnitTask.execute(JUnitTask.java:2271)
	at org.apache.tools.ant.UnknownElement.execute(UnknownElement.java:291)
	at sun.reflect.GeneratedMethodAccessor4.invoke(Unknown Source)
	at sun.reflect.DelegatingMethodAccessorImpl.invoke(DelegatingMethodAccessorImpl.java:43)
	at java.lang.reflect.Method.invoke(Method.java:606)
	at org.apache.tools.ant.dispatch.DispatchUtils.execute(DispatchUtils.java:106)
	at org.apache.tools.ant.Task.perform(Task.java:348)
	at org.apache.tools.ant.Target.execute(Target.java:392)
	at org.apache.tools.ant.Target.performTasks(Target.java:413)
	at org.apache.tools.ant.Project.executeSortedTargets(Project.java:1399)
	at org.apache.tools.ant.Project.executeTarget(Project.java:1368)
	at org.apache.tools.ant.helper.DefaultExecutor.executeTargets(DefaultExecutor.java:41)
	at org.apache.tools.ant.Project.executeTargets(Project.java:1251)
	at org.apache.tools.ant.Main.runBuild(Main.java:811)
	at org.apache.tools.ant.Main.startAnt(Main.java:217)
	at org.apache.tools.ant.launch.Launcher.run(Launcher.java:280)
	at org.apache.tools.ant.launch.Launcher.main(Launcher.java:109)
Caused by: java.lang.IllegalStateException
	... 46 more
--- com.google.javascript.jscomp.CollapsePropertiesTest::testAliasCreatedForClassDepth2_3
java.lang.RuntimeException: INTERNAL COMPILER ERROR.
Please report this problem.
null
	at com.google.common.base.Preconditions.checkState(Preconditions.java:129)
	at com.google.javascript.jscomp.NodeTraversal.pushScope(NodeTraversal.java:523)
	at com.google.javascript.jscomp.NodeTraversal.traverse(NodeTraversal.java:248)
	at com.google.javascript.jscomp.NodeTraversal.traverse(NodeTraversal.java:422)
	at com.google.javascript.jscomp.CollapseProperties.checkForHosedThisReferences(CollapseProperties.java:643)
	at com.google.javascript.jscomp.CollapseProperties.updateSimpleDeclaration(CollapseProperties.java:485)
	at com.google.javascript.jscomp.CollapseProperties.collapseDeclarationOfNameAndDescendants(CollapseProperties.java:459)
	at com.google.javascript.jscomp.CollapseProperties.process(CollapseProperties.java:139)
	at com.google.javascript.jscomp.CompilerTestCase.test(CompilerTestCase.java:715)
	at com.google.javascript.jscomp.CompilerTestCase.test(CompilerTestCase.java:377)
	at com.google.javascript.jscomp.CompilerTestCase.test(CompilerTestCase.java:306)
	at com.google.javascript.jscomp.CollapsePropertiesTest.testAliasCreatedForClassDepth2_3(CollapsePropertiesTest.java:366)
	at sun.reflect.NativeMethodAccessorImpl.invoke0(Native Method)
	at sun.reflect.NativeMethodAccessorImpl.invoke(NativeMethodAccessorImpl.java:57)
	at sun.reflect.DelegatingMethodAccessorImpl.invoke(DelegatingMethodAccessorImpl.java:43)
	at java.lang.reflect.Method.invoke(Method.java:606)
	at junit.framework.TestCase.runTest(TestCase.java:176)
	at junit.framework.TestCase.runBare(TestCase.java:141)
	at junit.framework.TestResult$1.protect(TestResult.java:122)
	at junit.framework.TestResult.runProtected(TestResult.java:142)
	at junit.framework.TestResult.run(TestResult.java:125)
	at junit.framework.TestCase.run(TestCase.java:129)
	at junit.framework.TestSuite.runTest(TestSuite.java:255)
	at junit.framework.TestSuite.run(TestSuite.java:250)
	at org.apache.tools.ant.taskdefs.optional.junit.JUnitTestRunner.run(JUnitTestRunner.java:520)
	at org.apache.tools.ant.taskdefs.optional.junit.JUnitTask.executeInVM(JUnitTask.java:1478)
	at org.apache.tools.ant.taskdefs.optional.junit.JUnitTask.execute(JUnitTask.java:860)
	at org.apache.tools.ant.taskdefs.optional.junit.JUnitTask.executeOrQueue(JUnitTask.java:1968)
	at org.apache.tools.ant.taskdefs.optional.junit.JUnitTask.execute1(JUnitTask.java:812)
	at org.apache.tools.ant.taskdefs.optional.junit.JUnitTask.execute(JUnitTask.java:2271)
	at org.apache.tools.ant.UnknownElement.execute(UnknownElement.java:291)
	at sun.reflect.GeneratedMethodAccessor4.invoke(Unknown Source)
	at sun.reflect.DelegatingMethodAccessorImpl.invoke(DelegatingMethodAccessorImpl.java:43)
	at java.lang.reflect.Method.invoke(Method.java:606)
	at org.apache.tools.ant.dispatch.DispatchUtils.execute(DispatchUtils.java:106)
	at org.apache.tools.ant.Task.perform(Task.java:348)
	at org.apache.tools.ant.Target.execute(Target.java:392)
	at org.apache.tools.ant.Target.performTasks(Target.java:413)
	at org.apache.tools.ant.Project.executeSortedTargets(Project.java:1399)
	at org.apache.tools.ant.Project.executeTarget(Project.java:1368)
	at org.apache.tools.ant.helper.DefaultExecutor.executeTargets(DefaultExecutor.java:41)
	at org.apache.tools.ant.Project.executeTargets(Project.java:1251)
	at org.apache.tools.ant.Main.runBuild(Main.java:811)
	at org.apache.tools.ant.Main.startAnt(Main.java:217)
	at org.apache.tools.ant.launch.Launcher.run(Launcher.java:280)
	at org.apache.tools.ant.launch.Launcher.main(Launcher.java:109)
Caused by: java.lang.IllegalStateException
	... 46 more
--- com.google.javascript.jscomp.CollapsePropertiesTest::testChainedAssignments5
java.lang.RuntimeException: INTERNAL COMPILER ERROR.
Please report this problem.
null
	at com.google.common.base.Preconditions.checkState(Preconditions.java:129)
	at com.google.javascript.jscomp.NodeTraversal.pushScope(NodeTraversal.java:523)
	at com.google.javascript.jscomp.NodeTraversal.traverse(NodeTraversal.java:248)
	at com.google.javascript.jscomp.NodeTraversal.traverse(NodeTraversal.java:422)
	at com.google.javascript.jscomp.CollapseProperties.checkForHosedThisReferences(CollapseProperties.java:643)
	at com.google.javascript.jscomp.CollapseProperties.updateSimpleDeclaration(CollapseProperties.java:485)
	at com.google.javascript.jscomp.CollapseProperties.collapseDeclarationOfNameAndDescendants(CollapseProperties.java:459)
	at com.google.javascript.jscomp.CollapseProperties.process(CollapseProperties.java:139)
	at com.google.javascript.jscomp.CompilerTestCase.test(CompilerTestCase.java:715)
	at com.google.javascript.jscomp.CompilerTestCase.test(CompilerTestCase.java:377)
	at com.google.javascript.jscomp.CompilerTestCase.test(CompilerTestCase.java:306)
	at com.google.javascript.jscomp.CompilerTestCase.test(CompilerTestCase.java:275)
	at com.google.javascript.jscomp.CompilerTestCase.test(CompilerTestCase.java:263)
	at com.google.javascript.jscomp.CollapsePropertiesTest.testChainedAssignments5(CollapsePropertiesTest.java:816)
	at sun.reflect.NativeMethodAccessorImpl.invoke0(Native Method)
	at sun.reflect.NativeMethodAccessorImpl.invoke(NativeMethodAccessorImpl.java:57)
	at sun.reflect.DelegatingMethodAccessorImpl.invoke(DelegatingMethodAccessorImpl.java:43)
	at java.lang.reflect.Method.invoke(Method.java:606)
	at junit.framework.TestCase.runTest(TestCase.java:176)
	at junit.framework.TestCase.runBare(TestCase.java:141)
	at junit.framework.TestResult$1.protect(TestResult.java:122)
	at junit.framework.TestResult.runProtected(TestResult.java:142)
	at junit.framework.TestResult.run(TestResult.java:125)
	at junit.framework.TestCase.run(TestCase.java:129)
	at junit.framework.TestSuite.runTest(TestSuite.java:255)
	at junit.framework.TestSuite.run(TestSuite.java:250)
	at org.apache.tools.ant.taskdefs.optional.junit.JUnitTestRunner.run(JUnitTestRunner.java:520)
	at org.apache.tools.ant.taskdefs.optional.junit.JUnitTask.executeInVM(JUnitTask.java:1478)
	at org.apache.tools.ant.taskdefs.optional.junit.JUnitTask.execute(JUnitTask.java:860)
	at org.apache.tools.ant.taskdefs.optional.junit.JUnitTask.executeOrQueue(JUnitTask.java:1968)
	at org.apache.tools.ant.taskdefs.optional.junit.JUnitTask.execute1(JUnitTask.java:812)
	at org.apache.tools.ant.taskdefs.optional.junit.JUnitTask.execute(JUnitTask.java:2271)
	at org.apache.tools.ant.UnknownElement.execute(UnknownElement.java:291)
	at sun.reflect.GeneratedMethodAccessor4.invoke(Unknown Source)
	at sun.reflect.DelegatingMethodAccessorImpl.invoke(DelegatingMethodAccessorImpl.java:43)
	at java.lang.reflect.Method.invoke(Method.java:606)
	at org.apache.tools.ant.dispatch.DispatchUtils.execute(DispatchUtils.java:106)
	at org.apache.tools.ant.Task.perform(Task.java:348)
	at org.apache.tools.ant.Target.execute(Target.java:392)
	at org.apache.tools.ant.Target.performTasks(Target.java:413)
	at org.apache.tools.ant.Project.executeSortedTargets(Project.java:1399)
	at org.apache.tools.ant.Project.executeTarget(Project.java:1368)
	at org.apache.tools.ant.helper.DefaultExecutor.executeTargets(DefaultExecutor.java:41)
	at org.apache.tools.ant.Project.executeTargets(Project.java:1251)
	at org.apache.tools.ant.Main.runBuild(Main.java:811)
	at org.apache.tools.ant.Main.startAnt(Main.java:217)
	at org.apache.tools.ant.launch.Launcher.run(Launcher.java:280)
	at org.apache.tools.ant.launch.Launcher.main(Launcher.java:109)
Caused by: java.lang.IllegalStateException
	... 48 more
--- com.google.javascript.jscomp.CollapsePropertiesTest::testChainedAssignments7
java.lang.RuntimeException: INTERNAL COMPILER ERROR.
Please report this problem.
null
	at com.google.common.base.Preconditions.checkState(Preconditions.java:129)
	at com.google.javascript.jscomp.NodeTraversal.pushScope(NodeTraversal.java:523)
	at com.google.javascript.jscomp.NodeTraversal.traverse(NodeTraversal.java:248)
	at com.google.javascript.jscomp.NodeTraversal.traverse(NodeTraversal.java:422)
	at com.google.javascript.jscomp.CollapseProperties.checkForHosedThisReferences(CollapseProperties.java:643)
	at com.google.javascript.jscomp.CollapseProperties.updateSimpleDeclaration(CollapseProperties.java:485)
	at com.google.javascript.jscomp.CollapseProperties.collapseDeclarationOfNameAndDescendants(CollapseProperties.java:459)
	at com.google.javascript.jscomp.CollapseProperties.process(CollapseProperties.java:139)
	at com.google.javascript.jscomp.CompilerTestCase.test(CompilerTestCase.java:715)
	at com.google.javascript.jscomp.CompilerTestCase.test(CompilerTestCase.java:377)
	at com.google.javascript.jscomp.CompilerTestCase.test(CompilerTestCase.java:306)
	at com.google.javascript.jscomp.CollapsePropertiesTest.testChainedAssignments7(CollapsePropertiesTest.java:825)
	at sun.reflect.NativeMethodAccessorImpl.invoke0(Native Method)
	at sun.reflect.NativeMethodAccessorImpl.invoke(NativeMethodAccessorImpl.java:57)
	at sun.reflect.DelegatingMethodAccessorImpl.invoke(DelegatingMethodAccessorImpl.java:43)
	at java.lang.reflect.Method.invoke(Method.java:606)
	at junit.framework.TestCase.runTest(TestCase.java:176)
	at junit.framework.TestCase.runBare(TestCase.java:141)
	at junit.framework.TestResult$1.protect(TestResult.java:122)
	at junit.framework.TestResult.runProtected(TestResult.java:142)
	at junit.framework.TestResult.run(TestResult.java:125)
	at junit.framework.TestCase.run(TestCase.java:129)
	at junit.framework.TestSuite.runTest(TestSuite.java:255)
	at junit.framework.TestSuite.run(TestSuite.java:250)
	at org.apache.tools.ant.taskdefs.optional.junit.JUnitTestRunner.run(JUnitTestRunner.java:520)
	at org.apache.tools.ant.taskdefs.optional.junit.JUnitTask.executeInVM(JUnitTask.java:1478)
	at org.apache.tools.ant.taskdefs.optional.junit.JUnitTask.execute(JUnitTask.java:860)
	at org.apache.tools.ant.taskdefs.optional.junit.JUnitTask.executeOrQueue(JUnitTask.java:1968)
	at org.apache.tools.ant.taskdefs.optional.junit.JUnitTask.execute1(JUnitTask.java:812)
	at org.apache.tools.ant.taskdefs.optional.junit.JUnitTask.execute(JUnitTask.java:2271)
	at org.apache.tools.ant.UnknownElement.execute(UnknownElement.java:291)
	at sun.reflect.GeneratedMethodAccessor4.invoke(Unknown Source)
	at sun.reflect.DelegatingMethodAccessorImpl.invoke(DelegatingMethodAccessorImpl.java:43)
	at java.lang.reflect.Method.invoke(Method.java:606)
	at org.apache.tools.ant.dispatch.DispatchUtils.execute(DispatchUtils.java:106)
	at org.apache.tools.ant.Task.perform(Task.java:348)
	at org.apache.tools.ant.Target.execute(Target.java:392)
	at org.apache.tools.ant.Target.performTasks(Target.java:413)
	at org.apache.tools.ant.Project.executeSortedTargets(Project.java:1399)
	at org.apache.tools.ant.Project.executeTarget(Project.java:1368)
	at org.apache.tools.ant.helper.DefaultExecutor.executeTargets(DefaultExecutor.java:41)
	at org.apache.tools.ant.Project.executeTargets(Project.java:1251)
	at org.apache.tools.ant.Main.runBuild(Main.java:811)
	at org.apache.tools.ant.Main.startAnt(Main.java:217)
	at org.apache.tools.ant.launch.Launcher.run(Launcher.java:280)
	at org.apache.tools.ant.launch.Launcher.main(Launcher.java:109)
Caused by: java.lang.IllegalStateException
	... 46 more
--- com.google.javascript.jscomp.CollapsePropertiesTest::testPeerAndSubpropertyOfUncollapsibleProperty
java.lang.RuntimeException: INTERNAL COMPILER ERROR.
Please report this problem.
null
	at com.google.common.base.Preconditions.checkState(Preconditions.java:129)
	at com.google.javascript.jscomp.NodeTraversal.pushScope(NodeTraversal.java:523)
	at com.google.javascript.jscomp.NodeTraversal.traverse(NodeTraversal.java:248)
	at com.google.javascript.jscomp.NodeTraversal.traverse(NodeTraversal.java:422)
	at com.google.javascript.jscomp.CollapseProperties.checkForHosedThisReferences(CollapseProperties.java:643)
	at com.google.javascript.jscomp.CollapseProperties.updateSimpleDeclaration(CollapseProperties.java:485)
	at com.google.javascript.jscomp.CollapseProperties.collapseDeclarationOfNameAndDescendants(CollapseProperties.java:459)
	at com.google.javascript.jscomp.CollapseProperties.process(CollapseProperties.java:139)
	at com.google.javascript.jscomp.CompilerTestCase.test(CompilerTestCase.java:715)
	at com.google.javascript.jscomp.CompilerTestCase.test(CompilerTestCase.java:377)
	at com.google.javascript.jscomp.CompilerTestCase.test(CompilerTestCase.java:306)
	at com.google.javascript.jscomp.CompilerTestCase.test(CompilerTestCase.java:275)
	at com.google.javascript.jscomp.CompilerTestCase.test(CompilerTestCase.java:263)
	at com.google.javascript.jscomp.CollapsePropertiesTest.testPeerAndSubpropertyOfUncollapsibleProperty(CollapsePropertiesTest.java:856)
	at sun.reflect.NativeMethodAccessorImpl.invoke0(Native Method)
	at sun.reflect.NativeMethodAccessorImpl.invoke(NativeMethodAccessorImpl.java:57)
	at sun.reflect.DelegatingMethodAccessorImpl.invoke(DelegatingMethodAccessorImpl.java:43)
	at java.lang.reflect.Method.invoke(Method.java:606)
	at junit.framework.TestCase.runTest(TestCase.java:176)
	at junit.framework.TestCase.runBare(TestCase.java:141)
	at junit.framework.TestResult$1.protect(TestResult.java:122)
	at junit.framework.TestResult.runProtected(TestResult.java:142)
	at junit.framework.TestResult.run(TestResult.java:125)
	at junit.framework.TestCase.run(TestCase.java:129)
	at junit.framework.TestSuite.runTest(TestSuite.java:255)
	at junit.framework.TestSuite.run(TestSuite.java:250)
	at org.apache.tools.ant.taskdefs.optional.junit.JUnitTestRunner.run(JUnitTestRunner.java:520)
	at org.apache.tools.ant.taskdefs.optional.junit.JUnitTask.executeInVM(JUnitTask.java:1478)
	at org.apache.tools.ant.taskdefs.optional.junit.JUnitTask.execute(JUnitTask.java:860)
	at org.apache.tools.ant.taskdefs.optional.junit.JUnitTask.executeOrQueue(JUnitTask.java:1968)
	at org.apache.tools.ant.taskdefs.optional.junit.JUnitTask.execute1(JUnitTask.java:812)
	at org.apache.tools.ant.taskdefs.optional.junit.JUnitTask.execute(JUnitTask.java:2271)
	at org.apache.tools.ant.UnknownElement.execute(UnknownElement.java:291)
	at sun.reflect.GeneratedMethodAccessor4.invoke(Unknown Source)
	at sun.reflect.DelegatingMethodAccessorImpl.invoke(DelegatingMethodAccessorImpl.java:43)
	at java.lang.reflect.Method.invoke(Method.java:606)
	at org.apache.tools.ant.dispatch.DispatchUtils.execute(DispatchUtils.java:106)
	at org.apache.tools.ant.Task.perform(Task.java:348)
	at org.apache.tools.ant.Target.execute(Target.java:392)
	at org.apache.tools.ant.Target.performTasks(Target.java:413)
	at org.apache.tools.ant.Project.executeSortedTargets(Project.java:1399)
	at org.apache.tools.ant.Project.executeTarget(Project.java:1368)
	at org.apache.tools.ant.helper.DefaultExecutor.executeTargets(DefaultExecutor.java:41)
	at org.apache.tools.ant.Project.executeTargets(Project.java:1251)
	at org.apache.tools.ant.Main.runBuild(Main.java:811)
	at org.apache.tools.ant.Main.startAnt(Main.java:217)
	at org.apache.tools.ant.launch.Launcher.run(Launcher.java:280)
	at org.apache.tools.ant.launch.Launcher.main(Launcher.java:109)
Caused by: java.lang.IllegalStateException
	... 48 more
--- com.google.javascript.jscomp.CollapsePropertiesTest::testAddPropertyToUncollapsibleObjectInLocalScopeDepth2
java.lang.RuntimeException: INTERNAL COMPILER ERROR.
Please report this problem.
null
	at com.google.common.base.Preconditions.checkState(Preconditions.java:129)
	at com.google.javascript.jscomp.NodeTraversal.pushScope(NodeTraversal.java:523)
	at com.google.javascript.jscomp.NodeTraversal.traverse(NodeTraversal.java:248)
	at com.google.javascript.jscomp.NodeTraversal.traverse(NodeTraversal.java:422)
	at com.google.javascript.jscomp.CollapseProperties.checkForHosedThisReferences(CollapseProperties.java:643)
	at com.google.javascript.jscomp.CollapseProperties.updateSimpleDeclaration(CollapseProperties.java:485)
	at com.google.javascript.jscomp.CollapseProperties.collapseDeclarationOfNameAndDescendants(CollapseProperties.java:459)
	at com.google.javascript.jscomp.CollapseProperties.process(CollapseProperties.java:139)
	at com.google.javascript.jscomp.CompilerTestCase.test(CompilerTestCase.java:715)
	at com.google.javascript.jscomp.CompilerTestCase.test(CompilerTestCase.java:377)
	at com.google.javascript.jscomp.CompilerTestCase.test(CompilerTestCase.java:306)
	at com.google.javascript.jscomp.CompilerTestCase.test(CompilerTestCase.java:275)
	at com.google.javascript.jscomp.CompilerTestCase.test(CompilerTestCase.java:263)
	at com.google.javascript.jscomp.CollapsePropertiesTest.testAddPropertyToUncollapsibleObjectInLocalScopeDepth2(CollapsePropertiesTest.java:565)
	at sun.reflect.NativeMethodAccessorImpl.invoke0(Native Method)
	at sun.reflect.NativeMethodAccessorImpl.invoke(NativeMethodAccessorImpl.java:57)
	at sun.reflect.DelegatingMethodAccessorImpl.invoke(DelegatingMethodAccessorImpl.java:43)
	at java.lang.reflect.Method.invoke(Method.java:606)
	at junit.framework.TestCase.runTest(TestCase.java:176)
	at junit.framework.TestCase.runBare(TestCase.java:141)
	at junit.framework.TestResult$1.protect(TestResult.java:122)
	at junit.framework.TestResult.runProtected(TestResult.java:142)
	at junit.framework.TestResult.run(TestResult.java:125)
	at junit.framework.TestCase.run(TestCase.java:129)
	at junit.framework.TestSuite.runTest(TestSuite.java:255)
	at junit.framework.TestSuite.run(TestSuite.java:250)
	at org.apache.tools.ant.taskdefs.optional.junit.JUnitTestRunner.run(JUnitTestRunner.java:520)
	at org.apache.tools.ant.taskdefs.optional.junit.JUnitTask.executeInVM(JUnitTask.java:1478)
	at org.apache.tools.ant.taskdefs.optional.junit.JUnitTask.execute(JUnitTask.java:860)
	at org.apache.tools.ant.taskdefs.optional.junit.JUnitTask.executeOrQueue(JUnitTask.java:1968)
	at org.apache.tools.ant.taskdefs.optional.junit.JUnitTask.execute1(JUnitTask.java:812)
	at org.apache.tools.ant.taskdefs.optional.junit.JUnitTask.execute(JUnitTask.java:2271)
	at org.apache.tools.ant.UnknownElement.execute(UnknownElement.java:291)
	at sun.reflect.GeneratedMethodAccessor4.invoke(Unknown Source)
	at sun.reflect.DelegatingMethodAccessorImpl.invoke(DelegatingMethodAccessorImpl.java:43)
	at java.lang.reflect.Method.invoke(Method.java:606)
	at org.apache.tools.ant.dispatch.DispatchUtils.execute(DispatchUtils.java:106)
	at org.apache.tools.ant.Task.perform(Task.java:348)
	at org.apache.tools.ant.Target.execute(Target.java:392)
	at org.apache.tools.ant.Target.performTasks(Target.java:413)
	at org.apache.tools.ant.Project.executeSortedTargets(Project.java:1399)
	at org.apache.tools.ant.Project.executeTarget(Project.java:1368)
	at org.apache.tools.ant.helper.DefaultExecutor.executeTargets(DefaultExecutor.java:41)
	at org.apache.tools.ant.Project.executeTargets(Project.java:1251)
	at org.apache.tools.ant.Main.runBuild(Main.java:811)
	at org.apache.tools.ant.Main.startAnt(Main.java:217)
	at org.apache.tools.ant.launch.Launcher.run(Launcher.java:280)
	at org.apache.tools.ant.launch.Launcher.main(Launcher.java:109)
Caused by: java.lang.IllegalStateException
	... 48 more
--- com.google.javascript.jscomp.CollapsePropertiesTest::testComplexAssignmentAfterInitialAssignment
java.lang.RuntimeException: INTERNAL COMPILER ERROR.
Please report this problem.
null
	at com.google.common.base.Preconditions.checkState(Preconditions.java:129)
	at com.google.javascript.jscomp.NodeTraversal.pushScope(NodeTraversal.java:523)
	at com.google.javascript.jscomp.NodeTraversal.traverse(NodeTraversal.java:248)
	at com.google.javascript.jscomp.NodeTraversal.traverse(NodeTraversal.java:422)
	at com.google.javascript.jscomp.CollapseProperties.checkForHosedThisReferences(CollapseProperties.java:643)
	at com.google.javascript.jscomp.CollapseProperties.updateSimpleDeclaration(CollapseProperties.java:485)
	at com.google.javascript.jscomp.CollapseProperties.collapseDeclarationOfNameAndDescendants(CollapseProperties.java:459)
	at com.google.javascript.jscomp.CollapseProperties.collapseDeclarationOfNameAndDescendants(CollapseProperties.java:452)
	at com.google.javascript.jscomp.CollapseProperties.process(CollapseProperties.java:139)
	at com.google.javascript.jscomp.CompilerTestCase.test(CompilerTestCase.java:715)
	at com.google.javascript.jscomp.CompilerTestCase.test(CompilerTestCase.java:377)
	at com.google.javascript.jscomp.CompilerTestCase.test(CompilerTestCase.java:306)
	at com.google.javascript.jscomp.CompilerTestCase.test(CompilerTestCase.java:275)
	at com.google.javascript.jscomp.CompilerTestCase.test(CompilerTestCase.java:263)
	at com.google.javascript.jscomp.CollapsePropertiesTest.testComplexAssignmentAfterInitialAssignment(CollapsePropertiesTest.java:863)
	at sun.reflect.NativeMethodAccessorImpl.invoke0(Native Method)
	at sun.reflect.NativeMethodAccessorImpl.invoke(NativeMethodAccessorImpl.java:57)
	at sun.reflect.DelegatingMethodAccessorImpl.invoke(DelegatingMethodAccessorImpl.java:43)
	at java.lang.reflect.Method.invoke(Method.java:606)
	at junit.framework.TestCase.runTest(TestCase.java:176)
	at junit.framework.TestCase.runBare(TestCase.java:141)
	at junit.framework.TestResult$1.protect(TestResult.java:122)
	at junit.framework.TestResult.runProtected(TestResult.java:142)
	at junit.framework.TestResult.run(TestResult.java:125)
	at junit.framework.TestCase.run(TestCase.java:129)
	at junit.framework.TestSuite.runTest(TestSuite.java:255)
	at junit.framework.TestSuite.run(TestSuite.java:250)
	at org.apache.tools.ant.taskdefs.optional.junit.JUnitTestRunner.run(JUnitTestRunner.java:520)
	at org.apache.tools.ant.taskdefs.optional.junit.JUnitTask.executeInVM(JUnitTask.java:1478)
	at org.apache.tools.ant.taskdefs.optional.junit.JUnitTask.execute(JUnitTask.java:860)
	at org.apache.tools.ant.taskdefs.optional.junit.JUnitTask.executeOrQueue(JUnitTask.java:1968)
	at org.apache.tools.ant.taskdefs.optional.junit.JUnitTask.execute1(JUnitTask.java:812)
	at org.apache.tools.ant.taskdefs.optional.junit.JUnitTask.execute(JUnitTask.java:2271)
	at org.apache.tools.ant.UnknownElement.execute(UnknownElement.java:291)
	at sun.reflect.GeneratedMethodAccessor4.invoke(Unknown Source)
	at sun.reflect.DelegatingMethodAccessorImpl.invoke(DelegatingMethodAccessorImpl.java:43)
	at java.lang.reflect.Method.invoke(Method.java:606)
	at org.apache.tools.ant.dispatch.DispatchUtils.execute(DispatchUtils.java:106)
	at org.apache.tools.ant.Task.perform(Task.java:348)
	at org.apache.tools.ant.Target.execute(Target.java:392)
	at org.apache.tools.ant.Target.performTasks(Target.java:413)
	at org.apache.tools.ant.Project.executeSortedTargets(Project.java:1399)
	at org.apache.tools.ant.Project.executeTarget(Project.java:1368)
	at org.apache.tools.ant.helper.DefaultExecutor.executeTargets(DefaultExecutor.java:41)
	at org.apache.tools.ant.Project.executeTargets(Project.java:1251)
	at org.apache.tools.ant.Main.runBuild(Main.java:811)
	at org.apache.tools.ant.Main.startAnt(Main.java:217)
	at org.apache.tools.ant.launch.Launcher.run(Launcher.java:280)
	at org.apache.tools.ant.launch.Launcher.main(Launcher.java:109)
Caused by: java.lang.IllegalStateException
	... 49 more
--- com.google.javascript.jscomp.CollapsePropertiesTest::testFunctionPropertyResetInLocalScope
java.lang.RuntimeException: INTERNAL COMPILER ERROR.
Please report this problem.
null
	at com.google.common.base.Preconditions.checkState(Preconditions.java:129)
	at com.google.javascript.jscomp.NodeTraversal.pushScope(NodeTraversal.java:523)
	at com.google.javascript.jscomp.NodeTraversal.traverse(NodeTraversal.java:248)
	at com.google.javascript.jscomp.NodeTraversal.traverse(NodeTraversal.java:422)
	at com.google.javascript.jscomp.CollapseProperties.checkForHosedThisReferences(CollapseProperties.java:643)
	at com.google.javascript.jscomp.CollapseProperties.updateSimpleDeclaration(CollapseProperties.java:485)
	at com.google.javascript.jscomp.CollapseProperties.collapseDeclarationOfNameAndDescendants(CollapseProperties.java:459)
	at com.google.javascript.jscomp.CollapseProperties.process(CollapseProperties.java:139)
	at com.google.javascript.jscomp.CompilerTestCase.test(CompilerTestCase.java:715)
	at com.google.javascript.jscomp.CompilerTestCase.test(CompilerTestCase.java:377)
	at com.google.javascript.jscomp.CompilerTestCase.test(CompilerTestCase.java:306)
	at com.google.javascript.jscomp.CompilerTestCase.test(CompilerTestCase.java:275)
	at com.google.javascript.jscomp.CompilerTestCase.test(CompilerTestCase.java:263)
	at com.google.javascript.jscomp.CollapsePropertiesTest.testFunctionPropertyResetInLocalScope(CollapsePropertiesTest.java:481)
	at sun.reflect.NativeMethodAccessorImpl.invoke0(Native Method)
	at sun.reflect.NativeMethodAccessorImpl.invoke(NativeMethodAccessorImpl.java:57)
	at sun.reflect.DelegatingMethodAccessorImpl.invoke(DelegatingMethodAccessorImpl.java:43)
	at java.lang.reflect.Method.invoke(Method.java:606)
	at junit.framework.TestCase.runTest(TestCase.java:176)
	at junit.framework.TestCase.runBare(TestCase.java:141)
	at junit.framework.TestResult$1.protect(TestResult.java:122)
	at junit.framework.TestResult.runProtected(TestResult.java:142)
	at junit.framework.TestResult.run(TestResult.java:125)
	at junit.framework.TestCase.run(TestCase.java:129)
	at junit.framework.TestSuite.runTest(TestSuite.java:255)
	at junit.framework.TestSuite.run(TestSuite.java:250)
	at org.apache.tools.ant.taskdefs.optional.junit.JUnitTestRunner.run(JUnitTestRunner.java:520)
	at org.apache.tools.ant.taskdefs.optional.junit.JUnitTask.executeInVM(JUnitTask.java:1478)
	at org.apache.tools.ant.taskdefs.optional.junit.JUnitTask.execute(JUnitTask.java:860)
	at org.apache.tools.ant.taskdefs.optional.junit.JUnitTask.executeOrQueue(JUnitTask.java:1968)
	at org.apache.tools.ant.taskdefs.optional.junit.JUnitTask.execute1(JUnitTask.java:812)
	at org.apache.tools.ant.taskdefs.optional.junit.JUnitTask.execute(JUnitTask.java:2271)
	at org.apache.tools.ant.UnknownElement.execute(UnknownElement.java:291)
	at sun.reflect.GeneratedMethodAccessor4.invoke(Unknown Source)
	at sun.reflect.DelegatingMethodAccessorImpl.invoke(DelegatingMethodAccessorImpl.java:43)
	at java.lang.reflect.Method.invoke(Method.java:606)
	at org.apache.tools.ant.dispatch.DispatchUtils.execute(DispatchUtils.java:106)
	at org.apache.tools.ant.Task.perform(Task.java:348)
	at org.apache.tools.ant.Target.execute(Target.java:392)
	at org.apache.tools.ant.Target.performTasks(Target.java:413)
	at org.apache.tools.ant.Project.executeSortedTargets(Project.java:1399)
	at org.apache.tools.ant.Project.executeTarget(Project.java:1368)
	at org.apache.tools.ant.helper.DefaultExecutor.executeTargets(DefaultExecutor.java:41)
	at org.apache.tools.ant.Project.executeTargets(Project.java:1251)
	at org.apache.tools.ant.Main.runBuild(Main.java:811)
	at org.apache.tools.ant.Main.startAnt(Main.java:217)
	at org.apache.tools.ant.launch.Launcher.run(Launcher.java:280)
	at org.apache.tools.ant.launch.Launcher.main(Launcher.java:109)
Caused by: java.lang.IllegalStateException
	... 48 more
--- com.google.javascript.jscomp.CollapsePropertiesTest::testTwiceDefinedGlobalNameDepth2
java.lang.RuntimeException: INTERNAL COMPILER ERROR.
Please report this problem.
null
	at com.google.common.base.Preconditions.checkState(Preconditions.java:129)
	at com.google.javascript.jscomp.NodeTraversal.pushScope(NodeTraversal.java:523)
	at com.google.javascript.jscomp.NodeTraversal.traverse(NodeTraversal.java:248)
	at com.google.javascript.jscomp.NodeTraversal.traverse(NodeTraversal.java:422)
	at com.google.javascript.jscomp.CollapseProperties.checkForHosedThisReferences(CollapseProperties.java:643)
	at com.google.javascript.jscomp.CollapseProperties.updateSimpleDeclaration(CollapseProperties.java:485)
	at com.google.javascript.jscomp.CollapseProperties.collapseDeclarationOfNameAndDescendants(CollapseProperties.java:459)
	at com.google.javascript.jscomp.CollapseProperties.process(CollapseProperties.java:139)
	at com.google.javascript.jscomp.CompilerTestCase.test(CompilerTestCase.java:715)
	at com.google.javascript.jscomp.CompilerTestCase.test(CompilerTestCase.java:377)
	at com.google.javascript.jscomp.CompilerTestCase.test(CompilerTestCase.java:306)
	at com.google.javascript.jscomp.CompilerTestCase.test(CompilerTestCase.java:275)
	at com.google.javascript.jscomp.CompilerTestCase.test(CompilerTestCase.java:263)
	at com.google.javascript.jscomp.CollapsePropertiesTest.testTwiceDefinedGlobalNameDepth2(CollapsePropertiesTest.java:657)
	at sun.reflect.NativeMethodAccessorImpl.invoke0(Native Method)
	at sun.reflect.NativeMethodAccessorImpl.invoke(NativeMethodAccessorImpl.java:57)
	at sun.reflect.DelegatingMethodAccessorImpl.invoke(DelegatingMethodAccessorImpl.java:43)
	at java.lang.reflect.Method.invoke(Method.java:606)
	at junit.framework.TestCase.runTest(TestCase.java:176)
	at junit.framework.TestCase.runBare(TestCase.java:141)
	at junit.framework.TestResult$1.protect(TestResult.java:122)
	at junit.framework.TestResult.runProtected(TestResult.java:142)
	at junit.framework.TestResult.run(TestResult.java:125)
	at junit.framework.TestCase.run(TestCase.java:129)
	at junit.framework.TestSuite.runTest(TestSuite.java:255)
	at junit.framework.TestSuite.run(TestSuite.java:250)
	at org.apache.tools.ant.taskdefs.optional.junit.JUnitTestRunner.run(JUnitTestRunner.java:520)
	at org.apache.tools.ant.taskdefs.optional.junit.JUnitTask.executeInVM(JUnitTask.java:1478)
	at org.apache.tools.ant.taskdefs.optional.junit.JUnitTask.execute(JUnitTask.java:860)
	at org.apache.tools.ant.taskdefs.optional.junit.JUnitTask.executeOrQueue(JUnitTask.java:1968)
	at org.apache.tools.ant.taskdefs.optional.junit.JUnitTask.execute1(JUnitTask.java:812)
	at org.apache.tools.ant.taskdefs.optional.junit.JUnitTask.execute(JUnitTask.java:2271)
	at org.apache.tools.ant.UnknownElement.execute(UnknownElement.java:291)
	at sun.reflect.GeneratedMethodAccessor4.invoke(Unknown Source)
	at sun.reflect.DelegatingMethodAccessorImpl.invoke(DelegatingMethodAccessorImpl.java:43)
	at java.lang.reflect.Method.invoke(Method.java:606)
	at org.apache.tools.ant.dispatch.DispatchUtils.execute(DispatchUtils.java:106)
	at org.apache.tools.ant.Task.perform(Task.java:348)
	at org.apache.tools.ant.Target.execute(Target.java:392)
	at org.apache.tools.ant.Target.performTasks(Target.java:413)
	at org.apache.tools.ant.Project.executeSortedTargets(Project.java:1399)
	at org.apache.tools.ant.Project.executeTarget(Project.java:1368)
	at org.apache.tools.ant.helper.DefaultExecutor.executeTargets(DefaultExecutor.java:41)
	at org.apache.tools.ant.Project.executeTargets(Project.java:1251)
	at org.apache.tools.ant.Main.runBuild(Main.java:811)
	at org.apache.tools.ant.Main.startAnt(Main.java:217)
	at org.apache.tools.ant.launch.Launcher.run(Launcher.java:280)
	at org.apache.tools.ant.launch.Launcher.main(Launcher.java:109)
Caused by: java.lang.IllegalStateException
	... 48 more
--- com.google.javascript.jscomp.CollapsePropertiesTest::testLocalAliasOfFunction
java.lang.RuntimeException: INTERNAL COMPILER ERROR.
Please report this problem.
null
	at com.google.common.base.Preconditions.checkState(Preconditions.java:129)
	at com.google.javascript.jscomp.NodeTraversal.pushScope(NodeTraversal.java:523)
	at com.google.javascript.jscomp.NodeTraversal.traverse(NodeTraversal.java:248)
	at com.google.javascript.jscomp.NodeTraversal.traverse(NodeTraversal.java:422)
	at com.google.javascript.jscomp.CollapseProperties.checkForHosedThisReferences(CollapseProperties.java:643)
	at com.google.javascript.jscomp.CollapseProperties.updateSimpleDeclaration(CollapseProperties.java:485)
	at com.google.javascript.jscomp.CollapseProperties.collapseDeclarationOfNameAndDescendants(CollapseProperties.java:459)
	at com.google.javascript.jscomp.CollapseProperties.process(CollapseProperties.java:139)
	at com.google.javascript.jscomp.CompilerTestCase.test(CompilerTestCase.java:715)
	at com.google.javascript.jscomp.CompilerTestCase.test(CompilerTestCase.java:377)
	at com.google.javascript.jscomp.CompilerTestCase.test(CompilerTestCase.java:306)
	at com.google.javascript.jscomp.CompilerTestCase.test(CompilerTestCase.java:275)
	at com.google.javascript.jscomp.CompilerTestCase.test(CompilerTestCase.java:263)
	at com.google.javascript.jscomp.CollapsePropertiesTest.testLocalAliasOfFunction(CollapsePropertiesTest.java:1009)
	at sun.reflect.NativeMethodAccessorImpl.invoke0(Native Method)
	at sun.reflect.NativeMethodAccessorImpl.invoke(NativeMethodAccessorImpl.java:57)
	at sun.reflect.DelegatingMethodAccessorImpl.invoke(DelegatingMethodAccessorImpl.java:43)
	at java.lang.reflect.Method.invoke(Method.java:606)
	at junit.framework.TestCase.runTest(TestCase.java:176)
	at junit.framework.TestCase.runBare(TestCase.java:141)
	at junit.framework.TestResult$1.protect(TestResult.java:122)
	at junit.framework.TestResult.runProtected(TestResult.java:142)
	at junit.framework.TestResult.run(TestResult.java:125)
	at junit.framework.TestCase.run(TestCase.java:129)
	at junit.framework.TestSuite.runTest(TestSuite.java:255)
	at junit.framework.TestSuite.run(TestSuite.java:250)
	at org.apache.tools.ant.taskdefs.optional.junit.JUnitTestRunner.run(JUnitTestRunner.java:520)
	at org.apache.tools.ant.taskdefs.optional.junit.JUnitTask.executeInVM(JUnitTask.java:1478)
	at org.apache.tools.ant.taskdefs.optional.junit.JUnitTask.execute(JUnitTask.java:860)
	at org.apache.tools.ant.taskdefs.optional.junit.JUnitTask.executeOrQueue(JUnitTask.java:1968)
	at org.apache.tools.ant.taskdefs.optional.junit.JUnitTask.execute1(JUnitTask.java:812)
	at org.apache.tools.ant.taskdefs.optional.junit.JUnitTask.execute(JUnitTask.java:2271)
	at org.apache.tools.ant.UnknownElement.execute(UnknownElement.java:291)
	at sun.reflect.GeneratedMethodAccessor4.invoke(Unknown Source)
	at sun.reflect.DelegatingMethodAccessorImpl.invoke(DelegatingMethodAccessorImpl.java:43)
	at java.lang.reflect.Method.invoke(Method.java:606)
	at org.apache.tools.ant.dispatch.DispatchUtils.execute(DispatchUtils.java:106)
	at org.apache.tools.ant.Task.perform(Task.java:348)
	at org.apache.tools.ant.Target.execute(Target.java:392)
	at org.apache.tools.ant.Target.performTasks(Target.java:413)
	at org.apache.tools.ant.Project.executeSortedTargets(Project.java:1399)
	at org.apache.tools.ant.Project.executeTarget(Project.java:1368)
	at org.apache.tools.ant.helper.DefaultExecutor.executeTargets(DefaultExecutor.java:41)
	at org.apache.tools.ant.Project.executeTargets(Project.java:1251)
	at org.apache.tools.ant.Main.runBuild(Main.java:811)
	at org.apache.tools.ant.Main.startAnt(Main.java:217)
	at org.apache.tools.ant.launch.Launcher.run(Launcher.java:280)
	at org.apache.tools.ant.launch.Launcher.main(Launcher.java:109)
Caused by: java.lang.IllegalStateException
	... 48 more
--- com.google.javascript.jscomp.CollapsePropertiesTest::testFunctionGivenTwoNames
java.lang.RuntimeException: INTERNAL COMPILER ERROR.
Please report this problem.
null
	at com.google.common.base.Preconditions.checkState(Preconditions.java:129)
	at com.google.javascript.jscomp.NodeTraversal.pushScope(NodeTraversal.java:523)
	at com.google.javascript.jscomp.NodeTraversal.traverse(NodeTraversal.java:248)
	at com.google.javascript.jscomp.NodeTraversal.traverse(NodeTraversal.java:422)
	at com.google.javascript.jscomp.CollapseProperties.checkForHosedThisReferences(CollapseProperties.java:643)
	at com.google.javascript.jscomp.CollapseProperties.updateSimpleDeclaration(CollapseProperties.java:485)
	at com.google.javascript.jscomp.CollapseProperties.collapseDeclarationOfNameAndDescendants(CollapseProperties.java:459)
	at com.google.javascript.jscomp.CollapseProperties.process(CollapseProperties.java:139)
	at com.google.javascript.jscomp.CompilerTestCase.test(CompilerTestCase.java:715)
	at com.google.javascript.jscomp.CompilerTestCase.test(CompilerTestCase.java:377)
	at com.google.javascript.jscomp.CompilerTestCase.test(CompilerTestCase.java:306)
	at com.google.javascript.jscomp.CompilerTestCase.test(CompilerTestCase.java:275)
	at com.google.javascript.jscomp.CompilerTestCase.test(CompilerTestCase.java:263)
	at com.google.javascript.jscomp.CollapsePropertiesTest.testFunctionGivenTwoNames(CollapsePropertiesTest.java:778)
	at sun.reflect.NativeMethodAccessorImpl.invoke0(Native Method)
	at sun.reflect.NativeMethodAccessorImpl.invoke(NativeMethodAccessorImpl.java:57)
	at sun.reflect.DelegatingMethodAccessorImpl.invoke(DelegatingMethodAccessorImpl.java:43)
	at java.lang.reflect.Method.invoke(Method.java:606)
	at junit.framework.TestCase.runTest(TestCase.java:176)
	at junit.framework.TestCase.runBare(TestCase.java:141)
	at junit.framework.TestResult$1.protect(TestResult.java:122)
	at junit.framework.TestResult.runProtected(TestResult.java:142)
	at junit.framework.TestResult.run(TestResult.java:125)
	at junit.framework.TestCase.run(TestCase.java:129)
	at junit.framework.TestSuite.runTest(TestSuite.java:255)
	at junit.framework.TestSuite.run(TestSuite.java:250)
	at org.apache.tools.ant.taskdefs.optional.junit.JUnitTestRunner.run(JUnitTestRunner.java:520)
	at org.apache.tools.ant.taskdefs.optional.junit.JUnitTask.executeInVM(JUnitTask.java:1478)
	at org.apache.tools.ant.taskdefs.optional.junit.JUnitTask.execute(JUnitTask.java:860)
	at org.apache.tools.ant.taskdefs.optional.junit.JUnitTask.executeOrQueue(JUnitTask.java:1968)
	at org.apache.tools.ant.taskdefs.optional.junit.JUnitTask.execute1(JUnitTask.java:812)
	at org.apache.tools.ant.taskdefs.optional.junit.JUnitTask.execute(JUnitTask.java:2271)
	at org.apache.tools.ant.UnknownElement.execute(UnknownElement.java:291)
	at sun.reflect.GeneratedMethodAccessor4.invoke(Unknown Source)
	at sun.reflect.DelegatingMethodAccessorImpl.invoke(DelegatingMethodAccessorImpl.java:43)
	at java.lang.reflect.Method.invoke(Method.java:606)
	at org.apache.tools.ant.dispatch.DispatchUtils.execute(DispatchUtils.java:106)
	at org.apache.tools.ant.Task.perform(Task.java:348)
	at org.apache.tools.ant.Target.execute(Target.java:392)
	at org.apache.tools.ant.Target.performTasks(Target.java:413)
	at org.apache.tools.ant.Project.executeSortedTargets(Project.java:1399)
	at org.apache.tools.ant.Project.executeTarget(Project.java:1368)
	at org.apache.tools.ant.helper.DefaultExecutor.executeTargets(DefaultExecutor.java:41)
	at org.apache.tools.ant.Project.executeTargets(Project.java:1251)
	at org.apache.tools.ant.Main.runBuild(Main.java:811)
	at org.apache.tools.ant.Main.startAnt(Main.java:217)
	at org.apache.tools.ant.launch.Launcher.run(Launcher.java:280)
	at org.apache.tools.ant.launch.Launcher.main(Launcher.java:109)
Caused by: java.lang.IllegalStateException
	... 48 more
--- com.google.javascript.jscomp.CollapsePropertiesTest::testIncrement
java.lang.RuntimeException: INTERNAL COMPILER ERROR.
Please report this problem.
null
	at com.google.common.base.Preconditions.checkState(Preconditions.java:129)
	at com.google.javascript.jscomp.NodeTraversal.pushScope(NodeTraversal.java:523)
	at com.google.javascript.jscomp.NodeTraversal.traverse(NodeTraversal.java:248)
	at com.google.javascript.jscomp.NodeTraversal.traverse(NodeTraversal.java:422)
	at com.google.javascript.jscomp.CollapseProperties.checkForHosedThisReferences(CollapseProperties.java:643)
	at com.google.javascript.jscomp.CollapseProperties.updateSimpleDeclaration(CollapseProperties.java:485)
	at com.google.javascript.jscomp.CollapseProperties.collapseDeclarationOfNameAndDescendants(CollapseProperties.java:459)
	at com.google.javascript.jscomp.CollapseProperties.process(CollapseProperties.java:139)
	at com.google.javascript.jscomp.CompilerTestCase.test(CompilerTestCase.java:715)
	at com.google.javascript.jscomp.CompilerTestCase.test(CompilerTestCase.java:377)
	at com.google.javascript.jscomp.CompilerTestCase.test(CompilerTestCase.java:306)
	at com.google.javascript.jscomp.CompilerTestCase.test(CompilerTestCase.java:275)
	at com.google.javascript.jscomp.CompilerTestCase.test(CompilerTestCase.java:263)
	at com.google.javascript.jscomp.CollapsePropertiesTest.testIncrement(CollapsePropertiesTest.java:68)
	at sun.reflect.NativeMethodAccessorImpl.invoke0(Native Method)
	at sun.reflect.NativeMethodAccessorImpl.invoke(NativeMethodAccessorImpl.java:57)
	at sun.reflect.DelegatingMethodAccessorImpl.invoke(DelegatingMethodAccessorImpl.java:43)
	at java.lang.reflect.Method.invoke(Method.java:606)
	at junit.framework.TestCase.runTest(TestCase.java:176)
	at junit.framework.TestCase.runBare(TestCase.java:141)
	at junit.framework.TestResult$1.protect(TestResult.java:122)
	at junit.framework.TestResult.runProtected(TestResult.java:142)
	at junit.framework.TestResult.run(TestResult.java:125)
	at junit.framework.TestCase.run(TestCase.java:129)
	at junit.framework.TestSuite.runTest(TestSuite.java:255)
	at junit.framework.TestSuite.run(TestSuite.java:250)
	at org.apache.tools.ant.taskdefs.optional.junit.JUnitTestRunner.run(JUnitTestRunner.java:520)
	at org.apache.tools.ant.taskdefs.optional.junit.JUnitTask.executeInVM(JUnitTask.java:1478)
	at org.apache.tools.ant.taskdefs.optional.junit.JUnitTask.execute(JUnitTask.java:860)
	at org.apache.tools.ant.taskdefs.optional.junit.JUnitTask.executeOrQueue(JUnitTask.java:1968)
	at org.apache.tools.ant.taskdefs.optional.junit.JUnitTask.execute1(JUnitTask.java:812)
	at org.apache.tools.ant.taskdefs.optional.junit.JUnitTask.execute(JUnitTask.java:2271)
	at org.apache.tools.ant.UnknownElement.execute(UnknownElement.java:291)
	at sun.reflect.GeneratedMethodAccessor4.invoke(Unknown Source)
	at sun.reflect.DelegatingMethodAccessorImpl.invoke(DelegatingMethodAccessorImpl.java:43)
	at java.lang.reflect.Method.invoke(Method.java:606)
	at org.apache.tools.ant.dispatch.DispatchUtils.execute(DispatchUtils.java:106)
	at org.apache.tools.ant.Task.perform(Task.java:348)
	at org.apache.tools.ant.Target.execute(Target.java:392)
	at org.apache.tools.ant.Target.performTasks(Target.java:413)
	at org.apache.tools.ant.Project.executeSortedTargets(Project.java:1399)
	at org.apache.tools.ant.Project.executeTarget(Project.java:1368)
	at org.apache.tools.ant.helper.DefaultExecutor.executeTargets(DefaultExecutor.java:41)
	at org.apache.tools.ant.Project.executeTargets(Project.java:1251)
	at org.apache.tools.ant.Main.runBuild(Main.java:811)
	at org.apache.tools.ant.Main.startAnt(Main.java:217)
	at org.apache.tools.ant.launch.Launcher.run(Launcher.java:280)
	at org.apache.tools.ant.launch.Launcher.main(Launcher.java:109)
Caused by: java.lang.IllegalStateException
	... 48 more
--- com.google.javascript.jscomp.CollapsePropertiesTest::testGlobalObjectNameInBooleanExpressionDepth2
java.lang.RuntimeException: INTERNAL COMPILER ERROR.
Please report this problem.
null
	at com.google.common.base.Preconditions.checkState(Preconditions.java:129)
	at com.google.javascript.jscomp.NodeTraversal.pushScope(NodeTraversal.java:523)
	at com.google.javascript.jscomp.NodeTraversal.traverse(NodeTraversal.java:248)
	at com.google.javascript.jscomp.NodeTraversal.traverse(NodeTraversal.java:422)
	at com.google.javascript.jscomp.CollapseProperties.checkForHosedThisReferences(CollapseProperties.java:643)
	at com.google.javascript.jscomp.CollapseProperties.updateSimpleDeclaration(CollapseProperties.java:485)
	at com.google.javascript.jscomp.CollapseProperties.collapseDeclarationOfNameAndDescendants(CollapseProperties.java:459)
	at com.google.javascript.jscomp.CollapseProperties.collapseDeclarationOfNameAndDescendants(CollapseProperties.java:452)
	at com.google.javascript.jscomp.CollapseProperties.process(CollapseProperties.java:139)
	at com.google.javascript.jscomp.CompilerTestCase.test(CompilerTestCase.java:715)
	at com.google.javascript.jscomp.CompilerTestCase.test(CompilerTestCase.java:377)
	at com.google.javascript.jscomp.CompilerTestCase.test(CompilerTestCase.java:306)
	at com.google.javascript.jscomp.CompilerTestCase.test(CompilerTestCase.java:275)
	at com.google.javascript.jscomp.CompilerTestCase.test(CompilerTestCase.java:263)
	at com.google.javascript.jscomp.CollapsePropertiesTest.testGlobalObjectNameInBooleanExpressionDepth2(CollapsePropertiesTest.java:143)
	at sun.reflect.NativeMethodAccessorImpl.invoke0(Native Method)
	at sun.reflect.NativeMethodAccessorImpl.invoke(NativeMethodAccessorImpl.java:57)
	at sun.reflect.DelegatingMethodAccessorImpl.invoke(DelegatingMethodAccessorImpl.java:43)
	at java.lang.reflect.Method.invoke(Method.java:606)
	at junit.framework.TestCase.runTest(TestCase.java:176)
	at junit.framework.TestCase.runBare(TestCase.java:141)
	at junit.framework.TestResult$1.protect(TestResult.java:122)
	at junit.framework.TestResult.runProtected(TestResult.java:142)
	at junit.framework.TestResult.run(TestResult.java:125)
	at junit.framework.TestCase.run(TestCase.java:129)
	at junit.framework.TestSuite.runTest(TestSuite.java:255)
	at junit.framework.TestSuite.run(TestSuite.java:250)
	at org.apache.tools.ant.taskdefs.optional.junit.JUnitTestRunner.run(JUnitTestRunner.java:520)
	at org.apache.tools.ant.taskdefs.optional.junit.JUnitTask.executeInVM(JUnitTask.java:1478)
	at org.apache.tools.ant.taskdefs.optional.junit.JUnitTask.execute(JUnitTask.java:860)
	at org.apache.tools.ant.taskdefs.optional.junit.JUnitTask.executeOrQueue(JUnitTask.java:1968)
	at org.apache.tools.ant.taskdefs.optional.junit.JUnitTask.execute1(JUnitTask.java:812)
	at org.apache.tools.ant.taskdefs.optional.junit.JUnitTask.execute(JUnitTask.java:2271)
	at org.apache.tools.ant.UnknownElement.execute(UnknownElement.java:291)
	at sun.reflect.GeneratedMethodAccessor4.invoke(Unknown Source)
	at sun.reflect.DelegatingMethodAccessorImpl.invoke(DelegatingMethodAccessorImpl.java:43)
	at java.lang.reflect.Method.invoke(Method.java:606)
	at org.apache.tools.ant.dispatch.DispatchUtils.execute(DispatchUtils.java:106)
	at org.apache.tools.ant.Task.perform(Task.java:348)
	at org.apache.tools.ant.Target.execute(Target.java:392)
	at org.apache.tools.ant.Target.performTasks(Target.java:413)
	at org.apache.tools.ant.Project.executeSortedTargets(Project.java:1399)
	at org.apache.tools.ant.Project.executeTarget(Project.java:1368)
	at org.apache.tools.ant.helper.DefaultExecutor.executeTargets(DefaultExecutor.java:41)
	at org.apache.tools.ant.Project.executeTargets(Project.java:1251)
	at org.apache.tools.ant.Main.runBuild(Main.java:811)
	at org.apache.tools.ant.Main.startAnt(Main.java:217)
	at org.apache.tools.ant.launch.Launcher.run(Launcher.java:280)
	at org.apache.tools.ant.launch.Launcher.main(Launcher.java:109)
Caused by: java.lang.IllegalStateException
	... 49 more
--- com.google.javascript.jscomp.CollapsePropertiesTest::testGlobalObjectNameInBooleanExpressionDepth3
java.lang.RuntimeException: INTERNAL COMPILER ERROR.
Please report this problem.
null
	at com.google.common.base.Preconditions.checkState(Preconditions.java:129)
	at com.google.javascript.jscomp.NodeTraversal.pushScope(NodeTraversal.java:523)
	at com.google.javascript.jscomp.NodeTraversal.traverse(NodeTraversal.java:248)
	at com.google.javascript.jscomp.NodeTraversal.traverse(NodeTraversal.java:422)
	at com.google.javascript.jscomp.CollapseProperties.checkForHosedThisReferences(CollapseProperties.java:643)
	at com.google.javascript.jscomp.CollapseProperties.updateSimpleDeclaration(CollapseProperties.java:485)
	at com.google.javascript.jscomp.CollapseProperties.collapseDeclarationOfNameAndDescendants(CollapseProperties.java:459)
	at com.google.javascript.jscomp.CollapseProperties.process(CollapseProperties.java:139)
	at com.google.javascript.jscomp.CompilerTestCase.test(CompilerTestCase.java:715)
	at com.google.javascript.jscomp.CompilerTestCase.test(CompilerTestCase.java:377)
	at com.google.javascript.jscomp.CompilerTestCase.test(CompilerTestCase.java:306)
	at com.google.javascript.jscomp.CollapsePropertiesTest.testGlobalObjectNameInBooleanExpressionDepth3(CollapsePropertiesTest.java:153)
	at sun.reflect.NativeMethodAccessorImpl.invoke0(Native Method)
	at sun.reflect.NativeMethodAccessorImpl.invoke(NativeMethodAccessorImpl.java:57)
	at sun.reflect.DelegatingMethodAccessorImpl.invoke(DelegatingMethodAccessorImpl.java:43)
	at java.lang.reflect.Method.invoke(Method.java:606)
	at junit.framework.TestCase.runTest(TestCase.java:176)
	at junit.framework.TestCase.runBare(TestCase.java:141)
	at junit.framework.TestResult$1.protect(TestResult.java:122)
	at junit.framework.TestResult.runProtected(TestResult.java:142)
	at junit.framework.TestResult.run(TestResult.java:125)
	at junit.framework.TestCase.run(TestCase.java:129)
	at junit.framework.TestSuite.runTest(TestSuite.java:255)
	at junit.framework.TestSuite.run(TestSuite.java:250)
	at org.apache.tools.ant.taskdefs.optional.junit.JUnitTestRunner.run(JUnitTestRunner.java:520)
	at org.apache.tools.ant.taskdefs.optional.junit.JUnitTask.executeInVM(JUnitTask.java:1478)
	at org.apache.tools.ant.taskdefs.optional.junit.JUnitTask.execute(JUnitTask.java:860)
	at org.apache.tools.ant.taskdefs.optional.junit.JUnitTask.executeOrQueue(JUnitTask.java:1968)
	at org.apache.tools.ant.taskdefs.optional.junit.JUnitTask.execute1(JUnitTask.java:812)
	at org.apache.tools.ant.taskdefs.optional.junit.JUnitTask.execute(JUnitTask.java:2271)
	at org.apache.tools.ant.UnknownElement.execute(UnknownElement.java:291)
	at sun.reflect.GeneratedMethodAccessor4.invoke(Unknown Source)
	at sun.reflect.DelegatingMethodAccessorImpl.invoke(DelegatingMethodAccessorImpl.java:43)
	at java.lang.reflect.Method.invoke(Method.java:606)
	at org.apache.tools.ant.dispatch.DispatchUtils.execute(DispatchUtils.java:106)
	at org.apache.tools.ant.Task.perform(Task.java:348)
	at org.apache.tools.ant.Target.execute(Target.java:392)
	at org.apache.tools.ant.Target.performTasks(Target.java:413)
	at org.apache.tools.ant.Project.executeSortedTargets(Project.java:1399)
	at org.apache.tools.ant.Project.executeTarget(Project.java:1368)
	at org.apache.tools.ant.helper.DefaultExecutor.executeTargets(DefaultExecutor.java:41)
	at org.apache.tools.ant.Project.executeTargets(Project.java:1251)
	at org.apache.tools.ant.Main.runBuild(Main.java:811)
	at org.apache.tools.ant.Main.startAnt(Main.java:217)
	at org.apache.tools.ant.launch.Launcher.run(Launcher.java:280)
	at org.apache.tools.ant.launch.Launcher.main(Launcher.java:109)
Caused by: java.lang.IllegalStateException
	... 46 more
--- com.google.javascript.jscomp.CollapsePropertiesTest::testGlobalObjectDeclaredToPreserveItsPreviousValue1
java.lang.RuntimeException: INTERNAL COMPILER ERROR.
Please report this problem.
null
	at com.google.common.base.Preconditions.checkState(Preconditions.java:129)
	at com.google.javascript.jscomp.NodeTraversal.pushScope(NodeTraversal.java:523)
	at com.google.javascript.jscomp.NodeTraversal.traverse(NodeTraversal.java:248)
	at com.google.javascript.jscomp.NodeTraversal.traverse(NodeTraversal.java:422)
	at com.google.javascript.jscomp.CollapseProperties.checkForHosedThisReferences(CollapseProperties.java:643)
	at com.google.javascript.jscomp.CollapseProperties.updateSimpleDeclaration(CollapseProperties.java:485)
	at com.google.javascript.jscomp.CollapseProperties.collapseDeclarationOfNameAndDescendants(CollapseProperties.java:459)
	at com.google.javascript.jscomp.CollapseProperties.process(CollapseProperties.java:139)
	at com.google.javascript.jscomp.CompilerTestCase.test(CompilerTestCase.java:715)
	at com.google.javascript.jscomp.CompilerTestCase.test(CompilerTestCase.java:377)
	at com.google.javascript.jscomp.CompilerTestCase.test(CompilerTestCase.java:306)
	at com.google.javascript.jscomp.CompilerTestCase.test(CompilerTestCase.java:275)
	at com.google.javascript.jscomp.CompilerTestCase.test(CompilerTestCase.java:263)
	at com.google.javascript.jscomp.CollapsePropertiesTest.testGlobalObjectDeclaredToPreserveItsPreviousValue1(CollapsePropertiesTest.java:105)
	at sun.reflect.NativeMethodAccessorImpl.invoke0(Native Method)
	at sun.reflect.NativeMethodAccessorImpl.invoke(NativeMethodAccessorImpl.java:57)
	at sun.reflect.DelegatingMethodAccessorImpl.invoke(DelegatingMethodAccessorImpl.java:43)
	at java.lang.reflect.Method.invoke(Method.java:606)
	at junit.framework.TestCase.runTest(TestCase.java:176)
	at junit.framework.TestCase.runBare(TestCase.java:141)
	at junit.framework.TestResult$1.protect(TestResult.java:122)
	at junit.framework.TestResult.runProtected(TestResult.java:142)
	at junit.framework.TestResult.run(TestResult.java:125)
	at junit.framework.TestCase.run(TestCase.java:129)
	at junit.framework.TestSuite.runTest(TestSuite.java:255)
	at junit.framework.TestSuite.run(TestSuite.java:250)
	at org.apache.tools.ant.taskdefs.optional.junit.JUnitTestRunner.run(JUnitTestRunner.java:520)
	at org.apache.tools.ant.taskdefs.optional.junit.JUnitTask.executeInVM(JUnitTask.java:1478)
	at org.apache.tools.ant.taskdefs.optional.junit.JUnitTask.execute(JUnitTask.java:860)
	at org.apache.tools.ant.taskdefs.optional.junit.JUnitTask.executeOrQueue(JUnitTask.java:1968)
	at org.apache.tools.ant.taskdefs.optional.junit.JUnitTask.execute1(JUnitTask.java:812)
	at org.apache.tools.ant.taskdefs.optional.junit.JUnitTask.execute(JUnitTask.java:2271)
	at org.apache.tools.ant.UnknownElement.execute(UnknownElement.java:291)
	at sun.reflect.GeneratedMethodAccessor4.invoke(Unknown Source)
	at sun.reflect.DelegatingMethodAccessorImpl.invoke(DelegatingMethodAccessorImpl.java:43)
	at java.lang.reflect.Method.invoke(Method.java:606)
	at org.apache.tools.ant.dispatch.DispatchUtils.execute(DispatchUtils.java:106)
	at org.apache.tools.ant.Task.perform(Task.java:348)
	at org.apache.tools.ant.Target.execute(Target.java:392)
	at org.apache.tools.ant.Target.performTasks(Target.java:413)
	at org.apache.tools.ant.Project.executeSortedTargets(Project.java:1399)
	at org.apache.tools.ant.Project.executeTarget(Project.java:1368)
	at org.apache.tools.ant.helper.DefaultExecutor.executeTargets(DefaultExecutor.java:41)
	at org.apache.tools.ant.Project.executeTargets(Project.java:1251)
	at org.apache.tools.ant.Main.runBuild(Main.java:811)
	at org.apache.tools.ant.Main.startAnt(Main.java:217)
	at org.apache.tools.ant.launch.Launcher.run(Launcher.java:280)
	at org.apache.tools.ant.launch.Launcher.main(Launcher.java:109)
Caused by: java.lang.IllegalStateException
	... 48 more
--- com.google.javascript.jscomp.CollapsePropertiesTest::testGlobalObjectDeclaredToPreserveItsPreviousValue2
java.lang.RuntimeException: INTERNAL COMPILER ERROR.
Please report this problem.
null
	at com.google.common.base.Preconditions.checkState(Preconditions.java:129)
	at com.google.javascript.jscomp.NodeTraversal.pushScope(NodeTraversal.java:523)
	at com.google.javascript.jscomp.NodeTraversal.traverse(NodeTraversal.java:248)
	at com.google.javascript.jscomp.NodeTraversal.traverse(NodeTraversal.java:422)
	at com.google.javascript.jscomp.CollapseProperties.checkForHosedThisReferences(CollapseProperties.java:643)
	at com.google.javascript.jscomp.CollapseProperties.updateSimpleDeclaration(CollapseProperties.java:485)
	at com.google.javascript.jscomp.CollapseProperties.collapseDeclarationOfNameAndDescendants(CollapseProperties.java:459)
	at com.google.javascript.jscomp.CollapseProperties.process(CollapseProperties.java:139)
	at com.google.javascript.jscomp.CompilerTestCase.test(CompilerTestCase.java:715)
	at com.google.javascript.jscomp.CompilerTestCase.test(CompilerTestCase.java:377)
	at com.google.javascript.jscomp.CompilerTestCase.test(CompilerTestCase.java:306)
	at com.google.javascript.jscomp.CompilerTestCase.test(CompilerTestCase.java:275)
	at com.google.javascript.jscomp.CompilerTestCase.test(CompilerTestCase.java:263)
	at com.google.javascript.jscomp.CollapsePropertiesTest.testGlobalObjectDeclaredToPreserveItsPreviousValue2(CollapsePropertiesTest.java:110)
	at sun.reflect.NativeMethodAccessorImpl.invoke0(Native Method)
	at sun.reflect.NativeMethodAccessorImpl.invoke(NativeMethodAccessorImpl.java:57)
	at sun.reflect.DelegatingMethodAccessorImpl.invoke(DelegatingMethodAccessorImpl.java:43)
	at java.lang.reflect.Method.invoke(Method.java:606)
	at junit.framework.TestCase.runTest(TestCase.java:176)
	at junit.framework.TestCase.runBare(TestCase.java:141)
	at junit.framework.TestResult$1.protect(TestResult.java:122)
	at junit.framework.TestResult.runProtected(TestResult.java:142)
	at junit.framework.TestResult.run(TestResult.java:125)
	at junit.framework.TestCase.run(TestCase.java:129)
	at junit.framework.TestSuite.runTest(TestSuite.java:255)
	at junit.framework.TestSuite.run(TestSuite.java:250)
	at org.apache.tools.ant.taskdefs.optional.junit.JUnitTestRunner.run(JUnitTestRunner.java:520)
	at org.apache.tools.ant.taskdefs.optional.junit.JUnitTask.executeInVM(JUnitTask.java:1478)
	at org.apache.tools.ant.taskdefs.optional.junit.JUnitTask.execute(JUnitTask.java:860)
	at org.apache.tools.ant.taskdefs.optional.junit.JUnitTask.executeOrQueue(JUnitTask.java:1968)
	at org.apache.tools.ant.taskdefs.optional.junit.JUnitTask.execute1(JUnitTask.java:812)
	at org.apache.tools.ant.taskdefs.optional.junit.JUnitTask.execute(JUnitTask.java:2271)
	at org.apache.tools.ant.UnknownElement.execute(UnknownElement.java:291)
	at sun.reflect.GeneratedMethodAccessor4.invoke(Unknown Source)
	at sun.reflect.DelegatingMethodAccessorImpl.invoke(DelegatingMethodAccessorImpl.java:43)
	at java.lang.reflect.Method.invoke(Method.java:606)
	at org.apache.tools.ant.dispatch.DispatchUtils.execute(DispatchUtils.java:106)
	at org.apache.tools.ant.Task.perform(Task.java:348)
	at org.apache.tools.ant.Target.execute(Target.java:392)
	at org.apache.tools.ant.Target.performTasks(Target.java:413)
	at org.apache.tools.ant.Project.executeSortedTargets(Project.java:1399)
	at org.apache.tools.ant.Project.executeTarget(Project.java:1368)
	at org.apache.tools.ant.helper.DefaultExecutor.executeTargets(DefaultExecutor.java:41)
	at org.apache.tools.ant.Project.executeTargets(Project.java:1251)
	at org.apache.tools.ant.Main.runBuild(Main.java:811)
	at org.apache.tools.ant.Main.startAnt(Main.java:217)
	at org.apache.tools.ant.launch.Launcher.run(Launcher.java:280)
	at org.apache.tools.ant.launch.Launcher.main(Launcher.java:109)
Caused by: java.lang.IllegalStateException
	... 48 more
--- com.google.javascript.jscomp.CollapsePropertiesTest::testObjectPropertyResetInLocalScope
java.lang.RuntimeException: INTERNAL COMPILER ERROR.
Please report this problem.
null
	at com.google.common.base.Preconditions.checkState(Preconditions.java:129)
	at com.google.javascript.jscomp.NodeTraversal.pushScope(NodeTraversal.java:523)
	at com.google.javascript.jscomp.NodeTraversal.traverse(NodeTraversal.java:248)
	at com.google.javascript.jscomp.NodeTraversal.traverse(NodeTraversal.java:422)
	at com.google.javascript.jscomp.CollapseProperties.checkForHosedThisReferences(CollapseProperties.java:643)
	at com.google.javascript.jscomp.CollapseProperties.updateSimpleDeclaration(CollapseProperties.java:485)
	at com.google.javascript.jscomp.CollapseProperties.collapseDeclarationOfNameAndDescendants(CollapseProperties.java:459)
	at com.google.javascript.jscomp.CollapseProperties.process(CollapseProperties.java:139)
	at com.google.javascript.jscomp.CompilerTestCase.test(CompilerTestCase.java:715)
	at com.google.javascript.jscomp.CompilerTestCase.test(CompilerTestCase.java:377)
	at com.google.javascript.jscomp.CompilerTestCase.test(CompilerTestCase.java:306)
	at com.google.javascript.jscomp.CompilerTestCase.test(CompilerTestCase.java:275)
	at com.google.javascript.jscomp.CompilerTestCase.test(CompilerTestCase.java:263)
	at com.google.javascript.jscomp.CollapsePropertiesTest.testObjectPropertyResetInLocalScope(CollapsePropertiesTest.java:476)
	at sun.reflect.NativeMethodAccessorImpl.invoke0(Native Method)
	at sun.reflect.NativeMethodAccessorImpl.invoke(NativeMethodAccessorImpl.java:57)
	at sun.reflect.DelegatingMethodAccessorImpl.invoke(DelegatingMethodAccessorImpl.java:43)
	at java.lang.reflect.Method.invoke(Method.java:606)
	at junit.framework.TestCase.runTest(TestCase.java:176)
	at junit.framework.TestCase.runBare(TestCase.java:141)
	at junit.framework.TestResult$1.protect(TestResult.java:122)
	at junit.framework.TestResult.runProtected(TestResult.java:142)
	at junit.framework.TestResult.run(TestResult.java:125)
	at junit.framework.TestCase.run(TestCase.java:129)
	at junit.framework.TestSuite.runTest(TestSuite.java:255)
	at junit.framework.TestSuite.run(TestSuite.java:250)
	at org.apache.tools.ant.taskdefs.optional.junit.JUnitTestRunner.run(JUnitTestRunner.java:520)
	at org.apache.tools.ant.taskdefs.optional.junit.JUnitTask.executeInVM(JUnitTask.java:1478)
	at org.apache.tools.ant.taskdefs.optional.junit.JUnitTask.execute(JUnitTask.java:860)
	at org.apache.tools.ant.taskdefs.optional.junit.JUnitTask.executeOrQueue(JUnitTask.java:1968)
	at org.apache.tools.ant.taskdefs.optional.junit.JUnitTask.execute1(JUnitTask.java:812)
	at org.apache.tools.ant.taskdefs.optional.junit.JUnitTask.execute(JUnitTask.java:2271)
	at org.apache.tools.ant.UnknownElement.execute(UnknownElement.java:291)
	at sun.reflect.GeneratedMethodAccessor4.invoke(Unknown Source)
	at sun.reflect.DelegatingMethodAccessorImpl.invoke(DelegatingMethodAccessorImpl.java:43)
	at java.lang.reflect.Method.invoke(Method.java:606)
	at org.apache.tools.ant.dispatch.DispatchUtils.execute(DispatchUtils.java:106)
	at org.apache.tools.ant.Task.perform(Task.java:348)
	at org.apache.tools.ant.Target.execute(Target.java:392)
	at org.apache.tools.ant.Target.performTasks(Target.java:413)
	at org.apache.tools.ant.Project.executeSortedTargets(Project.java:1399)
	at org.apache.tools.ant.Project.executeTarget(Project.java:1368)
	at org.apache.tools.ant.helper.DefaultExecutor.executeTargets(DefaultExecutor.java:41)
	at org.apache.tools.ant.Project.executeTargets(Project.java:1251)
	at org.apache.tools.ant.Main.runBuild(Main.java:811)
	at org.apache.tools.ant.Main.startAnt(Main.java:217)
	at org.apache.tools.ant.launch.Launcher.run(Launcher.java:280)
	at org.apache.tools.ant.launch.Launcher.main(Launcher.java:109)
Caused by: java.lang.IllegalStateException
	... 48 more
--- com.google.javascript.jscomp.CollapsePropertiesTest::testGlobalNameReferencedInLocalScopeBeforeDefined1
java.lang.RuntimeException: INTERNAL COMPILER ERROR.
Please report this problem.
null
	at com.google.common.base.Preconditions.checkState(Preconditions.java:129)
	at com.google.javascript.jscomp.NodeTraversal.pushScope(NodeTraversal.java:523)
	at com.google.javascript.jscomp.NodeTraversal.traverse(NodeTraversal.java:248)
	at com.google.javascript.jscomp.NodeTraversal.traverse(NodeTraversal.java:422)
	at com.google.javascript.jscomp.CollapseProperties.checkForHosedThisReferences(CollapseProperties.java:643)
	at com.google.javascript.jscomp.CollapseProperties.updateSimpleDeclaration(CollapseProperties.java:485)
	at com.google.javascript.jscomp.CollapseProperties.collapseDeclarationOfNameAndDescendants(CollapseProperties.java:459)
	at com.google.javascript.jscomp.CollapseProperties.process(CollapseProperties.java:139)
	at com.google.javascript.jscomp.CompilerTestCase.test(CompilerTestCase.java:715)
	at com.google.javascript.jscomp.CompilerTestCase.test(CompilerTestCase.java:377)
	at com.google.javascript.jscomp.CompilerTestCase.test(CompilerTestCase.java:306)
	at com.google.javascript.jscomp.CompilerTestCase.test(CompilerTestCase.java:275)
	at com.google.javascript.jscomp.CompilerTestCase.test(CompilerTestCase.java:263)
	at com.google.javascript.jscomp.CollapsePropertiesTest.testGlobalNameReferencedInLocalScopeBeforeDefined1(CollapsePropertiesTest.java:637)
	at sun.reflect.NativeMethodAccessorImpl.invoke0(Native Method)
	at sun.reflect.NativeMethodAccessorImpl.invoke(NativeMethodAccessorImpl.java:57)
	at sun.reflect.DelegatingMethodAccessorImpl.invoke(DelegatingMethodAccessorImpl.java:43)
	at java.lang.reflect.Method.invoke(Method.java:606)
	at junit.framework.TestCase.runTest(TestCase.java:176)
	at junit.framework.TestCase.runBare(TestCase.java:141)
	at junit.framework.TestResult$1.protect(TestResult.java:122)
	at junit.framework.TestResult.runProtected(TestResult.java:142)
	at junit.framework.TestResult.run(TestResult.java:125)
	at junit.framework.TestCase.run(TestCase.java:129)
	at junit.framework.TestSuite.runTest(TestSuite.java:255)
	at junit.framework.TestSuite.run(TestSuite.java:250)
	at org.apache.tools.ant.taskdefs.optional.junit.JUnitTestRunner.run(JUnitTestRunner.java:520)
	at org.apache.tools.ant.taskdefs.optional.junit.JUnitTask.executeInVM(JUnitTask.java:1478)
	at org.apache.tools.ant.taskdefs.optional.junit.JUnitTask.execute(JUnitTask.java:860)
	at org.apache.tools.ant.taskdefs.optional.junit.JUnitTask.executeOrQueue(JUnitTask.java:1968)
	at org.apache.tools.ant.taskdefs.optional.junit.JUnitTask.execute1(JUnitTask.java:812)
	at org.apache.tools.ant.taskdefs.optional.junit.JUnitTask.execute(JUnitTask.java:2271)
	at org.apache.tools.ant.UnknownElement.execute(UnknownElement.java:291)
	at sun.reflect.GeneratedMethodAccessor4.invoke(Unknown Source)
	at sun.reflect.DelegatingMethodAccessorImpl.invoke(DelegatingMethodAccessorImpl.java:43)
	at java.lang.reflect.Method.invoke(Method.java:606)
	at org.apache.tools.ant.dispatch.DispatchUtils.execute(DispatchUtils.java:106)
	at org.apache.tools.ant.Task.perform(Task.java:348)
	at org.apache.tools.ant.Target.execute(Target.java:392)
	at org.apache.tools.ant.Target.performTasks(Target.java:413)
	at org.apache.tools.ant.Project.executeSortedTargets(Project.java:1399)
	at org.apache.tools.ant.Project.executeTarget(Project.java:1368)
	at org.apache.tools.ant.helper.DefaultExecutor.executeTargets(DefaultExecutor.java:41)
	at org.apache.tools.ant.Project.executeTargets(Project.java:1251)
	at org.apache.tools.ant.Main.runBuild(Main.java:811)
	at org.apache.tools.ant.Main.startAnt(Main.java:217)
	at org.apache.tools.ant.launch.Launcher.run(Launcher.java:280)
	at org.apache.tools.ant.launch.Launcher.main(Launcher.java:109)
Caused by: java.lang.IllegalStateException
	... 48 more
--- com.google.javascript.jscomp.CollapsePropertiesTest::testGlobalNameReferencedInLocalScopeBeforeDefined2
java.lang.RuntimeException: INTERNAL COMPILER ERROR.
Please report this problem.
null
	at com.google.common.base.Preconditions.checkState(Preconditions.java:129)
	at com.google.javascript.jscomp.NodeTraversal.pushScope(NodeTraversal.java:523)
	at com.google.javascript.jscomp.NodeTraversal.traverse(NodeTraversal.java:248)
	at com.google.javascript.jscomp.NodeTraversal.traverse(NodeTraversal.java:422)
	at com.google.javascript.jscomp.CollapseProperties.checkForHosedThisReferences(CollapseProperties.java:643)
	at com.google.javascript.jscomp.CollapseProperties.updateSimpleDeclaration(CollapseProperties.java:485)
	at com.google.javascript.jscomp.CollapseProperties.collapseDeclarationOfNameAndDescendants(CollapseProperties.java:459)
	at com.google.javascript.jscomp.CollapseProperties.process(CollapseProperties.java:139)
	at com.google.javascript.jscomp.CompilerTestCase.test(CompilerTestCase.java:715)
	at com.google.javascript.jscomp.CompilerTestCase.test(CompilerTestCase.java:377)
	at com.google.javascript.jscomp.CompilerTestCase.test(CompilerTestCase.java:306)
	at com.google.javascript.jscomp.CompilerTestCase.test(CompilerTestCase.java:275)
	at com.google.javascript.jscomp.CompilerTestCase.test(CompilerTestCase.java:263)
	at com.google.javascript.jscomp.CollapsePropertiesTest.testGlobalNameReferencedInLocalScopeBeforeDefined2(CollapsePropertiesTest.java:642)
	at sun.reflect.NativeMethodAccessorImpl.invoke0(Native Method)
	at sun.reflect.NativeMethodAccessorImpl.invoke(NativeMethodAccessorImpl.java:57)
	at sun.reflect.DelegatingMethodAccessorImpl.invoke(DelegatingMethodAccessorImpl.java:43)
	at java.lang.reflect.Method.invoke(Method.java:606)
	at junit.framework.TestCase.runTest(TestCase.java:176)
	at junit.framework.TestCase.runBare(TestCase.java:141)
	at junit.framework.TestResult$1.protect(TestResult.java:122)
	at junit.framework.TestResult.runProtected(TestResult.java:142)
	at junit.framework.TestResult.run(TestResult.java:125)
	at junit.framework.TestCase.run(TestCase.java:129)
	at junit.framework.TestSuite.runTest(TestSuite.java:255)
	at junit.framework.TestSuite.run(TestSuite.java:250)
	at org.apache.tools.ant.taskdefs.optional.junit.JUnitTestRunner.run(JUnitTestRunner.java:520)
	at org.apache.tools.ant.taskdefs.optional.junit.JUnitTask.executeInVM(JUnitTask.java:1478)
	at org.apache.tools.ant.taskdefs.optional.junit.JUnitTask.execute(JUnitTask.java:860)
	at org.apache.tools.ant.taskdefs.optional.junit.JUnitTask.executeOrQueue(JUnitTask.java:1968)
	at org.apache.tools.ant.taskdefs.optional.junit.JUnitTask.execute1(JUnitTask.java:812)
	at org.apache.tools.ant.taskdefs.optional.junit.JUnitTask.execute(JUnitTask.java:2271)
	at org.apache.tools.ant.UnknownElement.execute(UnknownElement.java:291)
	at sun.reflect.GeneratedMethodAccessor4.invoke(Unknown Source)
	at sun.reflect.DelegatingMethodAccessorImpl.invoke(DelegatingMethodAccessorImpl.java:43)
	at java.lang.reflect.Method.invoke(Method.java:606)
	at org.apache.tools.ant.dispatch.DispatchUtils.execute(DispatchUtils.java:106)
	at org.apache.tools.ant.Task.perform(Task.java:348)
	at org.apache.tools.ant.Target.execute(Target.java:392)
	at org.apache.tools.ant.Target.performTasks(Target.java:413)
	at org.apache.tools.ant.Project.executeSortedTargets(Project.java:1399)
	at org.apache.tools.ant.Project.executeTarget(Project.java:1368)
	at org.apache.tools.ant.helper.DefaultExecutor.executeTargets(DefaultExecutor.java:41)
	at org.apache.tools.ant.Project.executeTargets(Project.java:1251)
	at org.apache.tools.ant.Main.runBuild(Main.java:811)
	at org.apache.tools.ant.Main.startAnt(Main.java:217)
	at org.apache.tools.ant.launch.Launcher.run(Launcher.java:280)
	at org.apache.tools.ant.launch.Launcher.main(Launcher.java:109)
Caused by: java.lang.IllegalStateException
	... 48 more
--- com.google.javascript.jscomp.CollapsePropertiesTest::testFunctionAlias
java.lang.RuntimeException: INTERNAL COMPILER ERROR.
Please report this problem.
null
	at com.google.common.base.Preconditions.checkState(Preconditions.java:129)
	at com.google.javascript.jscomp.NodeTraversal.pushScope(NodeTraversal.java:523)
	at com.google.javascript.jscomp.NodeTraversal.traverse(NodeTraversal.java:248)
	at com.google.javascript.jscomp.NodeTraversal.traverse(NodeTraversal.java:422)
	at com.google.javascript.jscomp.CollapseProperties.checkForHosedThisReferences(CollapseProperties.java:643)
	at com.google.javascript.jscomp.CollapseProperties.updateSimpleDeclaration(CollapseProperties.java:485)
	at com.google.javascript.jscomp.CollapseProperties.collapseDeclarationOfNameAndDescendants(CollapseProperties.java:459)
	at com.google.javascript.jscomp.CollapseProperties.collapseDeclarationOfNameAndDescendants(CollapseProperties.java:452)
	at com.google.javascript.jscomp.CollapseProperties.process(CollapseProperties.java:139)
	at com.google.javascript.jscomp.CompilerTestCase.test(CompilerTestCase.java:715)
	at com.google.javascript.jscomp.CompilerTestCase.test(CompilerTestCase.java:377)
	at com.google.javascript.jscomp.CompilerTestCase.test(CompilerTestCase.java:306)
	at com.google.javascript.jscomp.CompilerTestCase.test(CompilerTestCase.java:275)
	at com.google.javascript.jscomp.CompilerTestCase.test(CompilerTestCase.java:263)
	at com.google.javascript.jscomp.CollapsePropertiesTest.testFunctionAlias(CollapsePropertiesTest.java:674)
	at sun.reflect.NativeMethodAccessorImpl.invoke0(Native Method)
	at sun.reflect.NativeMethodAccessorImpl.invoke(NativeMethodAccessorImpl.java:57)
	at sun.reflect.DelegatingMethodAccessorImpl.invoke(DelegatingMethodAccessorImpl.java:43)
	at java.lang.reflect.Method.invoke(Method.java:606)
	at junit.framework.TestCase.runTest(TestCase.java:176)
	at junit.framework.TestCase.runBare(TestCase.java:141)
	at junit.framework.TestResult$1.protect(TestResult.java:122)
	at junit.framework.TestResult.runProtected(TestResult.java:142)
	at junit.framework.TestResult.run(TestResult.java:125)
	at junit.framework.TestCase.run(TestCase.java:129)
	at junit.framework.TestSuite.runTest(TestSuite.java:255)
	at junit.framework.TestSuite.run(TestSuite.java:250)
	at org.apache.tools.ant.taskdefs.optional.junit.JUnitTestRunner.run(JUnitTestRunner.java:520)
	at org.apache.tools.ant.taskdefs.optional.junit.JUnitTask.executeInVM(JUnitTask.java:1478)
	at org.apache.tools.ant.taskdefs.optional.junit.JUnitTask.execute(JUnitTask.java:860)
	at org.apache.tools.ant.taskdefs.optional.junit.JUnitTask.executeOrQueue(JUnitTask.java:1968)
	at org.apache.tools.ant.taskdefs.optional.junit.JUnitTask.execute1(JUnitTask.java:812)
	at org.apache.tools.ant.taskdefs.optional.junit.JUnitTask.execute(JUnitTask.java:2271)
	at org.apache.tools.ant.UnknownElement.execute(UnknownElement.java:291)
	at sun.reflect.GeneratedMethodAccessor4.invoke(Unknown Source)
	at sun.reflect.DelegatingMethodAccessorImpl.invoke(DelegatingMethodAccessorImpl.java:43)
	at java.lang.reflect.Method.invoke(Method.java:606)
	at org.apache.tools.ant.dispatch.DispatchUtils.execute(DispatchUtils.java:106)
	at org.apache.tools.ant.Task.perform(Task.java:348)
	at org.apache.tools.ant.Target.execute(Target.java:392)
	at org.apache.tools.ant.Target.performTasks(Target.java:413)
	at org.apache.tools.ant.Project.executeSortedTargets(Project.java:1399)
	at org.apache.tools.ant.Project.executeTarget(Project.java:1368)
	at org.apache.tools.ant.helper.DefaultExecutor.executeTargets(DefaultExecutor.java:41)
	at org.apache.tools.ant.Project.executeTargets(Project.java:1251)
	at org.apache.tools.ant.Main.runBuild(Main.java:811)
	at org.apache.tools.ant.Main.startAnt(Main.java:217)
	at org.apache.tools.ant.launch.Launcher.run(Launcher.java:280)
	at org.apache.tools.ant.launch.Launcher.main(Launcher.java:109)
Caused by: java.lang.IllegalStateException
	... 49 more
--- com.google.javascript.jscomp.CollapsePropertiesTest::testResetFunctionPropertyInLocalScope
java.lang.RuntimeException: INTERNAL COMPILER ERROR.
Please report this problem.
null
	at com.google.common.base.Preconditions.checkState(Preconditions.java:129)
	at com.google.javascript.jscomp.NodeTraversal.pushScope(NodeTraversal.java:523)
	at com.google.javascript.jscomp.NodeTraversal.traverse(NodeTraversal.java:248)
	at com.google.javascript.jscomp.NodeTraversal.traverse(NodeTraversal.java:422)
	at com.google.javascript.jscomp.CollapseProperties.checkForHosedThisReferences(CollapseProperties.java:643)
	at com.google.javascript.jscomp.CollapseProperties.updateSimpleDeclaration(CollapseProperties.java:485)
	at com.google.javascript.jscomp.CollapseProperties.collapseDeclarationOfNameAndDescendants(CollapseProperties.java:459)
	at com.google.javascript.jscomp.CollapseProperties.process(CollapseProperties.java:139)
	at com.google.javascript.jscomp.CompilerTestCase.test(CompilerTestCase.java:715)
	at com.google.javascript.jscomp.CompilerTestCase.test(CompilerTestCase.java:377)
	at com.google.javascript.jscomp.CompilerTestCase.test(CompilerTestCase.java:306)
	at com.google.javascript.jscomp.CompilerTestCase.test(CompilerTestCase.java:275)
	at com.google.javascript.jscomp.CompilerTestCase.test(CompilerTestCase.java:263)
	at com.google.javascript.jscomp.CollapsePropertiesTest.testResetFunctionPropertyInLocalScope(CollapsePropertiesTest.java:628)
	at sun.reflect.NativeMethodAccessorImpl.invoke0(Native Method)
	at sun.reflect.NativeMethodAccessorImpl.invoke(NativeMethodAccessorImpl.java:57)
	at sun.reflect.DelegatingMethodAccessorImpl.invoke(DelegatingMethodAccessorImpl.java:43)
	at java.lang.reflect.Method.invoke(Method.java:606)
	at junit.framework.TestCase.runTest(TestCase.java:176)
	at junit.framework.TestCase.runBare(TestCase.java:141)
	at junit.framework.TestResult$1.protect(TestResult.java:122)
	at junit.framework.TestResult.runProtected(TestResult.java:142)
	at junit.framework.TestResult.run(TestResult.java:125)
	at junit.framework.TestCase.run(TestCase.java:129)
	at junit.framework.TestSuite.runTest(TestSuite.java:255)
	at junit.framework.TestSuite.run(TestSuite.java:250)
	at org.apache.tools.ant.taskdefs.optional.junit.JUnitTestRunner.run(JUnitTestRunner.java:520)
	at org.apache.tools.ant.taskdefs.optional.junit.JUnitTask.executeInVM(JUnitTask.java:1478)
	at org.apache.tools.ant.taskdefs.optional.junit.JUnitTask.execute(JUnitTask.java:860)
	at org.apache.tools.ant.taskdefs.optional.junit.JUnitTask.executeOrQueue(JUnitTask.java:1968)
	at org.apache.tools.ant.taskdefs.optional.junit.JUnitTask.execute1(JUnitTask.java:812)
	at org.apache.tools.ant.taskdefs.optional.junit.JUnitTask.execute(JUnitTask.java:2271)
	at org.apache.tools.ant.UnknownElement.execute(UnknownElement.java:291)
	at sun.reflect.GeneratedMethodAccessor4.invoke(Unknown Source)
	at sun.reflect.DelegatingMethodAccessorImpl.invoke(DelegatingMethodAccessorImpl.java:43)
	at java.lang.reflect.Method.invoke(Method.java:606)
	at org.apache.tools.ant.dispatch.DispatchUtils.execute(DispatchUtils.java:106)
	at org.apache.tools.ant.Task.perform(Task.java:348)
	at org.apache.tools.ant.Target.execute(Target.java:392)
	at org.apache.tools.ant.Target.performTasks(Target.java:413)
	at org.apache.tools.ant.Project.executeSortedTargets(Project.java:1399)
	at org.apache.tools.ant.Project.executeTarget(Project.java:1368)
	at org.apache.tools.ant.helper.DefaultExecutor.executeTargets(DefaultExecutor.java:41)
	at org.apache.tools.ant.Project.executeTargets(Project.java:1251)
	at org.apache.tools.ant.Main.runBuild(Main.java:811)
	at org.apache.tools.ant.Main.startAnt(Main.java:217)
	at org.apache.tools.ant.launch.Launcher.run(Launcher.java:280)
	at org.apache.tools.ant.launch.Launcher.main(Launcher.java:109)
Caused by: java.lang.IllegalStateException
	... 48 more
--- com.google.javascript.jscomp.CollapsePropertiesTest::testPropGetInsideAnObjLit
java.lang.RuntimeException: INTERNAL COMPILER ERROR.
Please report this problem.
null
	at com.google.common.base.Preconditions.checkState(Preconditions.java:129)
	at com.google.javascript.jscomp.NodeTraversal.pushScope(NodeTraversal.java:523)
	at com.google.javascript.jscomp.NodeTraversal.traverse(NodeTraversal.java:248)
	at com.google.javascript.jscomp.NodeTraversal.traverse(NodeTraversal.java:422)
	at com.google.javascript.jscomp.CollapseProperties.checkForHosedThisReferences(CollapseProperties.java:643)
	at com.google.javascript.jscomp.CollapseProperties.updateSimpleDeclaration(CollapseProperties.java:485)
	at com.google.javascript.jscomp.CollapseProperties.collapseDeclarationOfNameAndDescendants(CollapseProperties.java:459)
	at com.google.javascript.jscomp.CollapseProperties.process(CollapseProperties.java:139)
	at com.google.javascript.jscomp.CompilerTestCase.test(CompilerTestCase.java:715)
	at com.google.javascript.jscomp.CompilerTestCase.test(CompilerTestCase.java:377)
	at com.google.javascript.jscomp.CompilerTestCase.test(CompilerTestCase.java:306)
	at com.google.javascript.jscomp.CompilerTestCase.test(CompilerTestCase.java:275)
	at com.google.javascript.jscomp.CompilerTestCase.test(CompilerTestCase.java:263)
	at com.google.javascript.jscomp.CollapsePropertiesTest.testPropGetInsideAnObjLit(CollapsePropertiesTest.java:391)
	at sun.reflect.NativeMethodAccessorImpl.invoke0(Native Method)
	at sun.reflect.NativeMethodAccessorImpl.invoke(NativeMethodAccessorImpl.java:57)
	at sun.reflect.DelegatingMethodAccessorImpl.invoke(DelegatingMethodAccessorImpl.java:43)
	at java.lang.reflect.Method.invoke(Method.java:606)
	at junit.framework.TestCase.runTest(TestCase.java:176)
	at junit.framework.TestCase.runBare(TestCase.java:141)
	at junit.framework.TestResult$1.protect(TestResult.java:122)
	at junit.framework.TestResult.runProtected(TestResult.java:142)
	at junit.framework.TestResult.run(TestResult.java:125)
	at junit.framework.TestCase.run(TestCase.java:129)
	at junit.framework.TestSuite.runTest(TestSuite.java:255)
	at junit.framework.TestSuite.run(TestSuite.java:250)
	at org.apache.tools.ant.taskdefs.optional.junit.JUnitTestRunner.run(JUnitTestRunner.java:520)
	at org.apache.tools.ant.taskdefs.optional.junit.JUnitTask.executeInVM(JUnitTask.java:1478)
	at org.apache.tools.ant.taskdefs.optional.junit.JUnitTask.execute(JUnitTask.java:860)
	at org.apache.tools.ant.taskdefs.optional.junit.JUnitTask.executeOrQueue(JUnitTask.java:1968)
	at org.apache.tools.ant.taskdefs.optional.junit.JUnitTask.execute1(JUnitTask.java:812)
	at org.apache.tools.ant.taskdefs.optional.junit.JUnitTask.execute(JUnitTask.java:2271)
	at org.apache.tools.ant.UnknownElement.execute(UnknownElement.java:291)
	at sun.reflect.GeneratedMethodAccessor4.invoke(Unknown Source)
	at sun.reflect.DelegatingMethodAccessorImpl.invoke(DelegatingMethodAccessorImpl.java:43)
	at java.lang.reflect.Method.invoke(Method.java:606)
	at org.apache.tools.ant.dispatch.DispatchUtils.execute(DispatchUtils.java:106)
	at org.apache.tools.ant.Task.perform(Task.java:348)
	at org.apache.tools.ant.Target.execute(Target.java:392)
	at org.apache.tools.ant.Target.performTasks(Target.java:413)
	at org.apache.tools.ant.Project.executeSortedTargets(Project.java:1399)
	at org.apache.tools.ant.Project.executeTarget(Project.java:1368)
	at org.apache.tools.ant.helper.DefaultExecutor.executeTargets(DefaultExecutor.java:41)
	at org.apache.tools.ant.Project.executeTargets(Project.java:1251)
	at org.apache.tools.ant.Main.runBuild(Main.java:811)
	at org.apache.tools.ant.Main.startAnt(Main.java:217)
	at org.apache.tools.ant.launch.Launcher.run(Launcher.java:280)
	at org.apache.tools.ant.launch.Launcher.main(Launcher.java:109)
Caused by: java.lang.IllegalStateException
	... 48 more
--- com.google.javascript.jscomp.CollapsePropertiesTest::testMultiLevelCollapse
java.lang.RuntimeException: INTERNAL COMPILER ERROR.
Please report this problem.
null
	at com.google.common.base.Preconditions.checkState(Preconditions.java:129)
	at com.google.javascript.jscomp.NodeTraversal.pushScope(NodeTraversal.java:523)
	at com.google.javascript.jscomp.NodeTraversal.traverse(NodeTraversal.java:248)
	at com.google.javascript.jscomp.NodeTraversal.traverse(NodeTraversal.java:422)
	at com.google.javascript.jscomp.CollapseProperties.checkForHosedThisReferences(CollapseProperties.java:643)
	at com.google.javascript.jscomp.CollapseProperties.updateSimpleDeclaration(CollapseProperties.java:485)
	at com.google.javascript.jscomp.CollapseProperties.collapseDeclarationOfNameAndDescendants(CollapseProperties.java:459)
	at com.google.javascript.jscomp.CollapseProperties.collapseDeclarationOfNameAndDescendants(CollapseProperties.java:452)
	at com.google.javascript.jscomp.CollapseProperties.process(CollapseProperties.java:139)
	at com.google.javascript.jscomp.CompilerTestCase.test(CompilerTestCase.java:715)
	at com.google.javascript.jscomp.CompilerTestCase.test(CompilerTestCase.java:377)
	at com.google.javascript.jscomp.CompilerTestCase.test(CompilerTestCase.java:306)
	at com.google.javascript.jscomp.CompilerTestCase.test(CompilerTestCase.java:275)
	at com.google.javascript.jscomp.CompilerTestCase.test(CompilerTestCase.java:263)
	at com.google.javascript.jscomp.CollapsePropertiesTest.testMultiLevelCollapse(CollapsePropertiesTest.java:58)
	at sun.reflect.NativeMethodAccessorImpl.invoke0(Native Method)
	at sun.reflect.NativeMethodAccessorImpl.invoke(NativeMethodAccessorImpl.java:57)
	at sun.reflect.DelegatingMethodAccessorImpl.invoke(DelegatingMethodAccessorImpl.java:43)
	at java.lang.reflect.Method.invoke(Method.java:606)
	at junit.framework.TestCase.runTest(TestCase.java:176)
	at junit.framework.TestCase.runBare(TestCase.java:141)
	at junit.framework.TestResult$1.protect(TestResult.java:122)
	at junit.framework.TestResult.runProtected(TestResult.java:142)
	at junit.framework.TestResult.run(TestResult.java:125)
	at junit.framework.TestCase.run(TestCase.java:129)
	at junit.framework.TestSuite.runTest(TestSuite.java:255)
	at junit.framework.TestSuite.run(TestSuite.java:250)
	at org.apache.tools.ant.taskdefs.optional.junit.JUnitTestRunner.run(JUnitTestRunner.java:520)
	at org.apache.tools.ant.taskdefs.optional.junit.JUnitTask.executeInVM(JUnitTask.java:1478)
	at org.apache.tools.ant.taskdefs.optional.junit.JUnitTask.execute(JUnitTask.java:860)
	at org.apache.tools.ant.taskdefs.optional.junit.JUnitTask.executeOrQueue(JUnitTask.java:1968)
	at org.apache.tools.ant.taskdefs.optional.junit.JUnitTask.execute1(JUnitTask.java:812)
	at org.apache.tools.ant.taskdefs.optional.junit.JUnitTask.execute(JUnitTask.java:2271)
	at org.apache.tools.ant.UnknownElement.execute(UnknownElement.java:291)
	at sun.reflect.GeneratedMethodAccessor4.invoke(Unknown Source)
	at sun.reflect.DelegatingMethodAccessorImpl.invoke(DelegatingMethodAccessorImpl.java:43)
	at java.lang.reflect.Method.invoke(Method.java:606)
	at org.apache.tools.ant.dispatch.DispatchUtils.execute(DispatchUtils.java:106)
	at org.apache.tools.ant.Task.perform(Task.java:348)
	at org.apache.tools.ant.Target.execute(Target.java:392)
	at org.apache.tools.ant.Target.performTasks(Target.java:413)
	at org.apache.tools.ant.Project.executeSortedTargets(Project.java:1399)
	at org.apache.tools.ant.Project.executeTarget(Project.java:1368)
	at org.apache.tools.ant.helper.DefaultExecutor.executeTargets(DefaultExecutor.java:41)
	at org.apache.tools.ant.Project.executeTargets(Project.java:1251)
	at org.apache.tools.ant.Main.runBuild(Main.java:811)
	at org.apache.tools.ant.Main.startAnt(Main.java:217)
	at org.apache.tools.ant.launch.Launcher.run(Launcher.java:280)
	at org.apache.tools.ant.launch.Launcher.main(Launcher.java:109)
Caused by: java.lang.IllegalStateException
	... 49 more
--- com.google.javascript.jscomp.CollapsePropertiesTest::testGlobalObjectNameInBooleanExpressionDepth1_1
java.lang.RuntimeException: INTERNAL COMPILER ERROR.
Please report this problem.
null
	at com.google.common.base.Preconditions.checkState(Preconditions.java:129)
	at com.google.javascript.jscomp.NodeTraversal.pushScope(NodeTraversal.java:523)
	at com.google.javascript.jscomp.NodeTraversal.traverse(NodeTraversal.java:248)
	at com.google.javascript.jscomp.NodeTraversal.traverse(NodeTraversal.java:422)
	at com.google.javascript.jscomp.CollapseProperties.checkForHosedThisReferences(CollapseProperties.java:643)
	at com.google.javascript.jscomp.CollapseProperties.updateSimpleDeclaration(CollapseProperties.java:485)
	at com.google.javascript.jscomp.CollapseProperties.collapseDeclarationOfNameAndDescendants(CollapseProperties.java:459)
	at com.google.javascript.jscomp.CollapseProperties.process(CollapseProperties.java:139)
	at com.google.javascript.jscomp.CompilerTestCase.test(CompilerTestCase.java:715)
	at com.google.javascript.jscomp.CompilerTestCase.test(CompilerTestCase.java:377)
	at com.google.javascript.jscomp.CompilerTestCase.test(CompilerTestCase.java:306)
	at com.google.javascript.jscomp.CompilerTestCase.test(CompilerTestCase.java:275)
	at com.google.javascript.jscomp.CompilerTestCase.test(CompilerTestCase.java:263)
	at com.google.javascript.jscomp.CollapsePropertiesTest.testGlobalObjectNameInBooleanExpressionDepth1_1(CollapsePropertiesTest.java:115)
	at sun.reflect.NativeMethodAccessorImpl.invoke0(Native Method)
	at sun.reflect.NativeMethodAccessorImpl.invoke(NativeMethodAccessorImpl.java:57)
	at sun.reflect.DelegatingMethodAccessorImpl.invoke(DelegatingMethodAccessorImpl.java:43)
	at java.lang.reflect.Method.invoke(Method.java:606)
	at junit.framework.TestCase.runTest(TestCase.java:176)
	at junit.framework.TestCase.runBare(TestCase.java:141)
	at junit.framework.TestResult$1.protect(TestResult.java:122)
	at junit.framework.TestResult.runProtected(TestResult.java:142)
	at junit.framework.TestResult.run(TestResult.java:125)
	at junit.framework.TestCase.run(TestCase.java:129)
	at junit.framework.TestSuite.runTest(TestSuite.java:255)
	at junit.framework.TestSuite.run(TestSuite.java:250)
	at org.apache.tools.ant.taskdefs.optional.junit.JUnitTestRunner.run(JUnitTestRunner.java:520)
	at org.apache.tools.ant.taskdefs.optional.junit.JUnitTask.executeInVM(JUnitTask.java:1478)
	at org.apache.tools.ant.taskdefs.optional.junit.JUnitTask.execute(JUnitTask.java:860)
	at org.apache.tools.ant.taskdefs.optional.junit.JUnitTask.executeOrQueue(JUnitTask.java:1968)
	at org.apache.tools.ant.taskdefs.optional.junit.JUnitTask.execute1(JUnitTask.java:812)
	at org.apache.tools.ant.taskdefs.optional.junit.JUnitTask.execute(JUnitTask.java:2271)
	at org.apache.tools.ant.UnknownElement.execute(UnknownElement.java:291)
	at sun.reflect.GeneratedMethodAccessor4.invoke(Unknown Source)
	at sun.reflect.DelegatingMethodAccessorImpl.invoke(DelegatingMethodAccessorImpl.java:43)
	at java.lang.reflect.Method.invoke(Method.java:606)
	at org.apache.tools.ant.dispatch.DispatchUtils.execute(DispatchUtils.java:106)
	at org.apache.tools.ant.Task.perform(Task.java:348)
	at org.apache.tools.ant.Target.execute(Target.java:392)
	at org.apache.tools.ant.Target.performTasks(Target.java:413)
	at org.apache.tools.ant.Project.executeSortedTargets(Project.java:1399)
	at org.apache.tools.ant.Project.executeTarget(Project.java:1368)
	at org.apache.tools.ant.helper.DefaultExecutor.executeTargets(DefaultExecutor.java:41)
	at org.apache.tools.ant.Project.executeTargets(Project.java:1251)
	at org.apache.tools.ant.Main.runBuild(Main.java:811)
	at org.apache.tools.ant.Main.startAnt(Main.java:217)
	at org.apache.tools.ant.launch.Launcher.run(Launcher.java:280)
	at org.apache.tools.ant.launch.Launcher.main(Launcher.java:109)
Caused by: java.lang.IllegalStateException
	... 48 more
--- com.google.javascript.jscomp.CollapsePropertiesTest::testGlobalObjectNameInBooleanExpressionDepth1_2
java.lang.RuntimeException: INTERNAL COMPILER ERROR.
Please report this problem.
null
	at com.google.common.base.Preconditions.checkState(Preconditions.java:129)
	at com.google.javascript.jscomp.NodeTraversal.pushScope(NodeTraversal.java:523)
	at com.google.javascript.jscomp.NodeTraversal.traverse(NodeTraversal.java:248)
	at com.google.javascript.jscomp.NodeTraversal.traverse(NodeTraversal.java:422)
	at com.google.javascript.jscomp.CollapseProperties.checkForHosedThisReferences(CollapseProperties.java:643)
	at com.google.javascript.jscomp.CollapseProperties.updateSimpleDeclaration(CollapseProperties.java:485)
	at com.google.javascript.jscomp.CollapseProperties.collapseDeclarationOfNameAndDescendants(CollapseProperties.java:459)
	at com.google.javascript.jscomp.CollapseProperties.process(CollapseProperties.java:139)
	at com.google.javascript.jscomp.CompilerTestCase.test(CompilerTestCase.java:715)
	at com.google.javascript.jscomp.CompilerTestCase.test(CompilerTestCase.java:377)
	at com.google.javascript.jscomp.CompilerTestCase.test(CompilerTestCase.java:306)
	at com.google.javascript.jscomp.CompilerTestCase.test(CompilerTestCase.java:275)
	at com.google.javascript.jscomp.CompilerTestCase.test(CompilerTestCase.java:263)
	at com.google.javascript.jscomp.CollapsePropertiesTest.testGlobalObjectNameInBooleanExpressionDepth1_2(CollapsePropertiesTest.java:120)
	at sun.reflect.NativeMethodAccessorImpl.invoke0(Native Method)
	at sun.reflect.NativeMethodAccessorImpl.invoke(NativeMethodAccessorImpl.java:57)
	at sun.reflect.DelegatingMethodAccessorImpl.invoke(DelegatingMethodAccessorImpl.java:43)
	at java.lang.reflect.Method.invoke(Method.java:606)
	at junit.framework.TestCase.runTest(TestCase.java:176)
	at junit.framework.TestCase.runBare(TestCase.java:141)
	at junit.framework.TestResult$1.protect(TestResult.java:122)
	at junit.framework.TestResult.runProtected(TestResult.java:142)
	at junit.framework.TestResult.run(TestResult.java:125)
	at junit.framework.TestCase.run(TestCase.java:129)
	at junit.framework.TestSuite.runTest(TestSuite.java:255)
	at junit.framework.TestSuite.run(TestSuite.java:250)
	at org.apache.tools.ant.taskdefs.optional.junit.JUnitTestRunner.run(JUnitTestRunner.java:520)
	at org.apache.tools.ant.taskdefs.optional.junit.JUnitTask.executeInVM(JUnitTask.java:1478)
	at org.apache.tools.ant.taskdefs.optional.junit.JUnitTask.execute(JUnitTask.java:860)
	at org.apache.tools.ant.taskdefs.optional.junit.JUnitTask.executeOrQueue(JUnitTask.java:1968)
	at org.apache.tools.ant.taskdefs.optional.junit.JUnitTask.execute1(JUnitTask.java:812)
	at org.apache.tools.ant.taskdefs.optional.junit.JUnitTask.execute(JUnitTask.java:2271)
	at org.apache.tools.ant.UnknownElement.execute(UnknownElement.java:291)
	at sun.reflect.GeneratedMethodAccessor4.invoke(Unknown Source)
	at sun.reflect.DelegatingMethodAccessorImpl.invoke(DelegatingMethodAccessorImpl.java:43)
	at java.lang.reflect.Method.invoke(Method.java:606)
	at org.apache.tools.ant.dispatch.DispatchUtils.execute(DispatchUtils.java:106)
	at org.apache.tools.ant.Task.perform(Task.java:348)
	at org.apache.tools.ant.Target.execute(Target.java:392)
	at org.apache.tools.ant.Target.performTasks(Target.java:413)
	at org.apache.tools.ant.Project.executeSortedTargets(Project.java:1399)
	at org.apache.tools.ant.Project.executeTarget(Project.java:1368)
	at org.apache.tools.ant.helper.DefaultExecutor.executeTargets(DefaultExecutor.java:41)
	at org.apache.tools.ant.Project.executeTargets(Project.java:1251)
	at org.apache.tools.ant.Main.runBuild(Main.java:811)
	at org.apache.tools.ant.Main.startAnt(Main.java:217)
	at org.apache.tools.ant.launch.Launcher.run(Launcher.java:280)
	at org.apache.tools.ant.launch.Launcher.main(Launcher.java:109)
Caused by: java.lang.IllegalStateException
	... 48 more
--- com.google.javascript.jscomp.CollapsePropertiesTest::testGlobalObjectNameInBooleanExpressionDepth1_3
java.lang.RuntimeException: INTERNAL COMPILER ERROR.
Please report this problem.
null
	at com.google.common.base.Preconditions.checkState(Preconditions.java:129)
	at com.google.javascript.jscomp.NodeTraversal.pushScope(NodeTraversal.java:523)
	at com.google.javascript.jscomp.NodeTraversal.traverse(NodeTraversal.java:248)
	at com.google.javascript.jscomp.NodeTraversal.traverse(NodeTraversal.java:422)
	at com.google.javascript.jscomp.CollapseProperties.checkForHosedThisReferences(CollapseProperties.java:643)
	at com.google.javascript.jscomp.CollapseProperties.updateSimpleDeclaration(CollapseProperties.java:485)
	at com.google.javascript.jscomp.CollapseProperties.collapseDeclarationOfNameAndDescendants(CollapseProperties.java:459)
	at com.google.javascript.jscomp.CollapseProperties.process(CollapseProperties.java:139)
	at com.google.javascript.jscomp.CompilerTestCase.test(CompilerTestCase.java:715)
	at com.google.javascript.jscomp.CompilerTestCase.test(CompilerTestCase.java:377)
	at com.google.javascript.jscomp.CompilerTestCase.test(CompilerTestCase.java:306)
	at com.google.javascript.jscomp.CompilerTestCase.test(CompilerTestCase.java:275)
	at com.google.javascript.jscomp.CompilerTestCase.test(CompilerTestCase.java:263)
	at com.google.javascript.jscomp.CollapsePropertiesTest.testGlobalObjectNameInBooleanExpressionDepth1_3(CollapsePropertiesTest.java:125)
	at sun.reflect.NativeMethodAccessorImpl.invoke0(Native Method)
	at sun.reflect.NativeMethodAccessorImpl.invoke(NativeMethodAccessorImpl.java:57)
	at sun.reflect.DelegatingMethodAccessorImpl.invoke(DelegatingMethodAccessorImpl.java:43)
	at java.lang.reflect.Method.invoke(Method.java:606)
	at junit.framework.TestCase.runTest(TestCase.java:176)
	at junit.framework.TestCase.runBare(TestCase.java:141)
	at junit.framework.TestResult$1.protect(TestResult.java:122)
	at junit.framework.TestResult.runProtected(TestResult.java:142)
	at junit.framework.TestResult.run(TestResult.java:125)
	at junit.framework.TestCase.run(TestCase.java:129)
	at junit.framework.TestSuite.runTest(TestSuite.java:255)
	at junit.framework.TestSuite.run(TestSuite.java:250)
	at org.apache.tools.ant.taskdefs.optional.junit.JUnitTestRunner.run(JUnitTestRunner.java:520)
	at org.apache.tools.ant.taskdefs.optional.junit.JUnitTask.executeInVM(JUnitTask.java:1478)
	at org.apache.tools.ant.taskdefs.optional.junit.JUnitTask.execute(JUnitTask.java:860)
	at org.apache.tools.ant.taskdefs.optional.junit.JUnitTask.executeOrQueue(JUnitTask.java:1968)
	at org.apache.tools.ant.taskdefs.optional.junit.JUnitTask.execute1(JUnitTask.java:812)
	at org.apache.tools.ant.taskdefs.optional.junit.JUnitTask.execute(JUnitTask.java:2271)
	at org.apache.tools.ant.UnknownElement.execute(UnknownElement.java:291)
	at sun.reflect.GeneratedMethodAccessor4.invoke(Unknown Source)
	at sun.reflect.DelegatingMethodAccessorImpl.invoke(DelegatingMethodAccessorImpl.java:43)
	at java.lang.reflect.Method.invoke(Method.java:606)
	at org.apache.tools.ant.dispatch.DispatchUtils.execute(DispatchUtils.java:106)
	at org.apache.tools.ant.Task.perform(Task.java:348)
	at org.apache.tools.ant.Target.execute(Target.java:392)
	at org.apache.tools.ant.Target.performTasks(Target.java:413)
	at org.apache.tools.ant.Project.executeSortedTargets(Project.java:1399)
	at org.apache.tools.ant.Project.executeTarget(Project.java:1368)
	at org.apache.tools.ant.helper.DefaultExecutor.executeTargets(DefaultExecutor.java:41)
	at org.apache.tools.ant.Project.executeTargets(Project.java:1251)
	at org.apache.tools.ant.Main.runBuild(Main.java:811)
	at org.apache.tools.ant.Main.startAnt(Main.java:217)
	at org.apache.tools.ant.launch.Launcher.run(Launcher.java:280)
	at org.apache.tools.ant.launch.Launcher.main(Launcher.java:109)
Caused by: java.lang.IllegalStateException
	... 48 more
--- com.google.javascript.jscomp.CollapsePropertiesTest::testGlobalObjectNameInBooleanExpressionDepth1_6
java.lang.RuntimeException: INTERNAL COMPILER ERROR.
Please report this problem.
null
	at com.google.common.base.Preconditions.checkState(Preconditions.java:129)
	at com.google.javascript.jscomp.NodeTraversal.pushScope(NodeTraversal.java:523)
	at com.google.javascript.jscomp.NodeTraversal.traverse(NodeTraversal.java:248)
	at com.google.javascript.jscomp.NodeTraversal.traverse(NodeTraversal.java:422)
	at com.google.javascript.jscomp.CollapseProperties.checkForHosedThisReferences(CollapseProperties.java:643)
	at com.google.javascript.jscomp.CollapseProperties.updateSimpleDeclaration(CollapseProperties.java:485)
	at com.google.javascript.jscomp.CollapseProperties.collapseDeclarationOfNameAndDescendants(CollapseProperties.java:459)
	at com.google.javascript.jscomp.CollapseProperties.process(CollapseProperties.java:139)
	at com.google.javascript.jscomp.CompilerTestCase.test(CompilerTestCase.java:715)
	at com.google.javascript.jscomp.CompilerTestCase.test(CompilerTestCase.java:377)
	at com.google.javascript.jscomp.CompilerTestCase.test(CompilerTestCase.java:306)
	at com.google.javascript.jscomp.CompilerTestCase.test(CompilerTestCase.java:275)
	at com.google.javascript.jscomp.CompilerTestCase.test(CompilerTestCase.java:263)
	at com.google.javascript.jscomp.CollapsePropertiesTest.testGlobalObjectNameInBooleanExpressionDepth1_6(CollapsePropertiesTest.java:138)
	at sun.reflect.NativeMethodAccessorImpl.invoke0(Native Method)
	at sun.reflect.NativeMethodAccessorImpl.invoke(NativeMethodAccessorImpl.java:57)
	at sun.reflect.DelegatingMethodAccessorImpl.invoke(DelegatingMethodAccessorImpl.java:43)
	at java.lang.reflect.Method.invoke(Method.java:606)
	at junit.framework.TestCase.runTest(TestCase.java:176)
	at junit.framework.TestCase.runBare(TestCase.java:141)
	at junit.framework.TestResult$1.protect(TestResult.java:122)
	at junit.framework.TestResult.runProtected(TestResult.java:142)
	at junit.framework.TestResult.run(TestResult.java:125)
	at junit.framework.TestCase.run(TestCase.java:129)
	at junit.framework.TestSuite.runTest(TestSuite.java:255)
	at junit.framework.TestSuite.run(TestSuite.java:250)
	at org.apache.tools.ant.taskdefs.optional.junit.JUnitTestRunner.run(JUnitTestRunner.java:520)
	at org.apache.tools.ant.taskdefs.optional.junit.JUnitTask.executeInVM(JUnitTask.java:1478)
	at org.apache.tools.ant.taskdefs.optional.junit.JUnitTask.execute(JUnitTask.java:860)
	at org.apache.tools.ant.taskdefs.optional.junit.JUnitTask.executeOrQueue(JUnitTask.java:1968)
	at org.apache.tools.ant.taskdefs.optional.junit.JUnitTask.execute1(JUnitTask.java:812)
	at org.apache.tools.ant.taskdefs.optional.junit.JUnitTask.execute(JUnitTask.java:2271)
	at org.apache.tools.ant.UnknownElement.execute(UnknownElement.java:291)
	at sun.reflect.GeneratedMethodAccessor4.invoke(Unknown Source)
	at sun.reflect.DelegatingMethodAccessorImpl.invoke(DelegatingMethodAccessorImpl.java:43)
	at java.lang.reflect.Method.invoke(Method.java:606)
	at org.apache.tools.ant.dispatch.DispatchUtils.execute(DispatchUtils.java:106)
	at org.apache.tools.ant.Task.perform(Task.java:348)
	at org.apache.tools.ant.Target.execute(Target.java:392)
	at org.apache.tools.ant.Target.performTasks(Target.java:413)
	at org.apache.tools.ant.Project.executeSortedTargets(Project.java:1399)
	at org.apache.tools.ant.Project.executeTarget(Project.java:1368)
	at org.apache.tools.ant.helper.DefaultExecutor.executeTargets(DefaultExecutor.java:41)
	at org.apache.tools.ant.Project.executeTargets(Project.java:1251)
	at org.apache.tools.ant.Main.runBuild(Main.java:811)
	at org.apache.tools.ant.Main.startAnt(Main.java:217)
	at org.apache.tools.ant.launch.Launcher.run(Launcher.java:280)
	at org.apache.tools.ant.launch.Launcher.main(Launcher.java:109)
Caused by: java.lang.IllegalStateException
	... 48 more
--- com.google.javascript.jscomp.CollapsePropertiesTest::testCollapse
java.lang.RuntimeException: INTERNAL COMPILER ERROR.
Please report this problem.
null
	at com.google.common.base.Preconditions.checkState(Preconditions.java:129)
	at com.google.javascript.jscomp.NodeTraversal.pushScope(NodeTraversal.java:523)
	at com.google.javascript.jscomp.NodeTraversal.traverse(NodeTraversal.java:248)
	at com.google.javascript.jscomp.NodeTraversal.traverse(NodeTraversal.java:422)
	at com.google.javascript.jscomp.CollapseProperties.checkForHosedThisReferences(CollapseProperties.java:643)
	at com.google.javascript.jscomp.CollapseProperties.updateSimpleDeclaration(CollapseProperties.java:485)
	at com.google.javascript.jscomp.CollapseProperties.collapseDeclarationOfNameAndDescendants(CollapseProperties.java:459)
	at com.google.javascript.jscomp.CollapseProperties.process(CollapseProperties.java:139)
	at com.google.javascript.jscomp.CompilerTestCase.test(CompilerTestCase.java:715)
	at com.google.javascript.jscomp.CompilerTestCase.test(CompilerTestCase.java:377)
	at com.google.javascript.jscomp.CompilerTestCase.test(CompilerTestCase.java:306)
	at com.google.javascript.jscomp.CompilerTestCase.test(CompilerTestCase.java:275)
	at com.google.javascript.jscomp.CompilerTestCase.test(CompilerTestCase.java:263)
	at com.google.javascript.jscomp.CollapsePropertiesTest.testCollapse(CollapsePropertiesTest.java:53)
	at sun.reflect.NativeMethodAccessorImpl.invoke0(Native Method)
	at sun.reflect.NativeMethodAccessorImpl.invoke(NativeMethodAccessorImpl.java:57)
	at sun.reflect.DelegatingMethodAccessorImpl.invoke(DelegatingMethodAccessorImpl.java:43)
	at java.lang.reflect.Method.invoke(Method.java:606)
	at junit.framework.TestCase.runTest(TestCase.java:176)
	at junit.framework.TestCase.runBare(TestCase.java:141)
	at junit.framework.TestResult$1.protect(TestResult.java:122)
	at junit.framework.TestResult.runProtected(TestResult.java:142)
	at junit.framework.TestResult.run(TestResult.java:125)
	at junit.framework.TestCase.run(TestCase.java:129)
	at junit.framework.TestSuite.runTest(TestSuite.java:255)
	at junit.framework.TestSuite.run(TestSuite.java:250)
	at org.apache.tools.ant.taskdefs.optional.junit.JUnitTestRunner.run(JUnitTestRunner.java:520)
	at org.apache.tools.ant.taskdefs.optional.junit.JUnitTask.executeInVM(JUnitTask.java:1478)
	at org.apache.tools.ant.taskdefs.optional.junit.JUnitTask.execute(JUnitTask.java:860)
	at org.apache.tools.ant.taskdefs.optional.junit.JUnitTask.executeOrQueue(JUnitTask.java:1968)
	at org.apache.tools.ant.taskdefs.optional.junit.JUnitTask.execute1(JUnitTask.java:812)
	at org.apache.tools.ant.taskdefs.optional.junit.JUnitTask.execute(JUnitTask.java:2271)
	at org.apache.tools.ant.UnknownElement.execute(UnknownElement.java:291)
	at sun.reflect.GeneratedMethodAccessor4.invoke(Unknown Source)
	at sun.reflect.DelegatingMethodAccessorImpl.invoke(DelegatingMethodAccessorImpl.java:43)
	at java.lang.reflect.Method.invoke(Method.java:606)
	at org.apache.tools.ant.dispatch.DispatchUtils.execute(DispatchUtils.java:106)
	at org.apache.tools.ant.Task.perform(Task.java:348)
	at org.apache.tools.ant.Target.execute(Target.java:392)
	at org.apache.tools.ant.Target.performTasks(Target.java:413)
	at org.apache.tools.ant.Project.executeSortedTargets(Project.java:1399)
	at org.apache.tools.ant.Project.executeTarget(Project.java:1368)
	at org.apache.tools.ant.helper.DefaultExecutor.executeTargets(DefaultExecutor.java:41)
	at org.apache.tools.ant.Project.executeTargets(Project.java:1251)
	at org.apache.tools.ant.Main.runBuild(Main.java:811)
	at org.apache.tools.ant.Main.startAnt(Main.java:217)
	at org.apache.tools.ant.launch.Launcher.run(Launcher.java:280)
	at org.apache.tools.ant.launch.Launcher.main(Launcher.java:109)
Caused by: java.lang.IllegalStateException
	... 48 more
--- com.google.javascript.jscomp.CollapsePropertiesTest::testNewOperator
java.lang.RuntimeException: INTERNAL COMPILER ERROR.
Please report this problem.
null
	at com.google.common.base.Preconditions.checkState(Preconditions.java:129)
	at com.google.javascript.jscomp.NodeTraversal.pushScope(NodeTraversal.java:523)
	at com.google.javascript.jscomp.NodeTraversal.traverse(NodeTraversal.java:248)
	at com.google.javascript.jscomp.NodeTraversal.traverse(NodeTraversal.java:422)
	at com.google.javascript.jscomp.CollapseProperties.checkForHosedThisReferences(CollapseProperties.java:643)
	at com.google.javascript.jscomp.CollapseProperties.updateSimpleDeclaration(CollapseProperties.java:485)
	at com.google.javascript.jscomp.CollapseProperties.collapseDeclarationOfNameAndDescendants(CollapseProperties.java:459)
	at com.google.javascript.jscomp.CollapseProperties.collapseDeclarationOfNameAndDescendants(CollapseProperties.java:452)
	at com.google.javascript.jscomp.CollapseProperties.process(CollapseProperties.java:139)
	at com.google.javascript.jscomp.CompilerTestCase.test(CompilerTestCase.java:715)
	at com.google.javascript.jscomp.CompilerTestCase.test(CompilerTestCase.java:377)
	at com.google.javascript.jscomp.CompilerTestCase.test(CompilerTestCase.java:306)
	at com.google.javascript.jscomp.CompilerTestCase.test(CompilerTestCase.java:275)
	at com.google.javascript.jscomp.CompilerTestCase.test(CompilerTestCase.java:263)
	at com.google.javascript.jscomp.CollapsePropertiesTest.testNewOperator(CollapsePropertiesTest.java:875)
	at sun.reflect.NativeMethodAccessorImpl.invoke0(Native Method)
	at sun.reflect.NativeMethodAccessorImpl.invoke(NativeMethodAccessorImpl.java:57)
	at sun.reflect.DelegatingMethodAccessorImpl.invoke(DelegatingMethodAccessorImpl.java:43)
	at java.lang.reflect.Method.invoke(Method.java:606)
	at junit.framework.TestCase.runTest(TestCase.java:176)
	at junit.framework.TestCase.runBare(TestCase.java:141)
	at junit.framework.TestResult$1.protect(TestResult.java:122)
	at junit.framework.TestResult.runProtected(TestResult.java:142)
	at junit.framework.TestResult.run(TestResult.java:125)
	at junit.framework.TestCase.run(TestCase.java:129)
	at junit.framework.TestSuite.runTest(TestSuite.java:255)
	at junit.framework.TestSuite.run(TestSuite.java:250)
	at org.apache.tools.ant.taskdefs.optional.junit.JUnitTestRunner.run(JUnitTestRunner.java:520)
	at org.apache.tools.ant.taskdefs.optional.junit.JUnitTask.executeInVM(JUnitTask.java:1478)
	at org.apache.tools.ant.taskdefs.optional.junit.JUnitTask.execute(JUnitTask.java:860)
	at org.apache.tools.ant.taskdefs.optional.junit.JUnitTask.executeOrQueue(JUnitTask.java:1968)
	at org.apache.tools.ant.taskdefs.optional.junit.JUnitTask.execute1(JUnitTask.java:812)
	at org.apache.tools.ant.taskdefs.optional.junit.JUnitTask.execute(JUnitTask.java:2271)
	at org.apache.tools.ant.UnknownElement.execute(UnknownElement.java:291)
	at sun.reflect.GeneratedMethodAccessor4.invoke(Unknown Source)
	at sun.reflect.DelegatingMethodAccessorImpl.invoke(DelegatingMethodAccessorImpl.java:43)
	at java.lang.reflect.Method.invoke(Method.java:606)
	at org.apache.tools.ant.dispatch.DispatchUtils.execute(DispatchUtils.java:106)
	at org.apache.tools.ant.Task.perform(Task.java:348)
	at org.apache.tools.ant.Target.execute(Target.java:392)
	at org.apache.tools.ant.Target.performTasks(Target.java:413)
	at org.apache.tools.ant.Project.executeSortedTargets(Project.java:1399)
	at org.apache.tools.ant.Project.executeTarget(Project.java:1368)
	at org.apache.tools.ant.helper.DefaultExecutor.executeTargets(DefaultExecutor.java:41)
	at org.apache.tools.ant.Project.executeTargets(Project.java:1251)
	at org.apache.tools.ant.Main.runBuild(Main.java:811)
	at org.apache.tools.ant.Main.startAnt(Main.java:217)
	at org.apache.tools.ant.launch.Launcher.run(Launcher.java:280)
	at org.apache.tools.ant.launch.Launcher.main(Launcher.java:109)
Caused by: java.lang.IllegalStateException
	... 49 more
--- com.google.javascript.jscomp.CollapsePropertiesTest::testNoInlineGetpropIntoCall
java.lang.RuntimeException: INTERNAL COMPILER ERROR.
Please report this problem.
null
	at com.google.common.base.Preconditions.checkState(Preconditions.java:129)
	at com.google.javascript.jscomp.NodeTraversal.pushScope(NodeTraversal.java:523)
	at com.google.javascript.jscomp.NodeTraversal.traverse(NodeTraversal.java:248)
	at com.google.javascript.jscomp.NodeTraversal.traverse(NodeTraversal.java:422)
	at com.google.javascript.jscomp.CollapseProperties.checkForHosedThisReferences(CollapseProperties.java:643)
	at com.google.javascript.jscomp.CollapseProperties.updateSimpleDeclaration(CollapseProperties.java:485)
	at com.google.javascript.jscomp.CollapseProperties.collapseDeclarationOfNameAndDescendants(CollapseProperties.java:459)
	at com.google.javascript.jscomp.CollapseProperties.process(CollapseProperties.java:139)
	at com.google.javascript.jscomp.CompilerTestCase.test(CompilerTestCase.java:715)
	at com.google.javascript.jscomp.CompilerTestCase.test(CompilerTestCase.java:377)
	at com.google.javascript.jscomp.CompilerTestCase.test(CompilerTestCase.java:306)
	at com.google.javascript.jscomp.CompilerTestCase.test(CompilerTestCase.java:275)
	at com.google.javascript.jscomp.CompilerTestCase.test(CompilerTestCase.java:263)
	at com.google.javascript.jscomp.CollapsePropertiesTest.testNoInlineGetpropIntoCall(CollapsePropertiesTest.java:1018)
	at sun.reflect.NativeMethodAccessorImpl.invoke0(Native Method)
	at sun.reflect.NativeMethodAccessorImpl.invoke(NativeMethodAccessorImpl.java:57)
	at sun.reflect.DelegatingMethodAccessorImpl.invoke(DelegatingMethodAccessorImpl.java:43)
	at java.lang.reflect.Method.invoke(Method.java:606)
	at junit.framework.TestCase.runTest(TestCase.java:176)
	at junit.framework.TestCase.runBare(TestCase.java:141)
	at junit.framework.TestResult$1.protect(TestResult.java:122)
	at junit.framework.TestResult.runProtected(TestResult.java:142)
	at junit.framework.TestResult.run(TestResult.java:125)
	at junit.framework.TestCase.run(TestCase.java:129)
	at junit.framework.TestSuite.runTest(TestSuite.java:255)
	at junit.framework.TestSuite.run(TestSuite.java:250)
	at org.apache.tools.ant.taskdefs.optional.junit.JUnitTestRunner.run(JUnitTestRunner.java:520)
	at org.apache.tools.ant.taskdefs.optional.junit.JUnitTask.executeInVM(JUnitTask.java:1478)
	at org.apache.tools.ant.taskdefs.optional.junit.JUnitTask.execute(JUnitTask.java:860)
	at org.apache.tools.ant.taskdefs.optional.junit.JUnitTask.executeOrQueue(JUnitTask.java:1968)
	at org.apache.tools.ant.taskdefs.optional.junit.JUnitTask.execute1(JUnitTask.java:812)
	at org.apache.tools.ant.taskdefs.optional.junit.JUnitTask.execute(JUnitTask.java:2271)
	at org.apache.tools.ant.UnknownElement.execute(UnknownElement.java:291)
	at sun.reflect.GeneratedMethodAccessor4.invoke(Unknown Source)
	at sun.reflect.DelegatingMethodAccessorImpl.invoke(DelegatingMethodAccessorImpl.java:43)
	at java.lang.reflect.Method.invoke(Method.java:606)
	at org.apache.tools.ant.dispatch.DispatchUtils.execute(DispatchUtils.java:106)
	at org.apache.tools.ant.Task.perform(Task.java:348)
	at org.apache.tools.ant.Target.execute(Target.java:392)
	at org.apache.tools.ant.Target.performTasks(Target.java:413)
	at org.apache.tools.ant.Project.executeSortedTargets(Project.java:1399)
	at org.apache.tools.ant.Project.executeTarget(Project.java:1368)
	at org.apache.tools.ant.helper.DefaultExecutor.executeTargets(DefaultExecutor.java:41)
	at org.apache.tools.ant.Project.executeTargets(Project.java:1251)
	at org.apache.tools.ant.Main.runBuild(Main.java:811)
	at org.apache.tools.ant.Main.startAnt(Main.java:217)
	at org.apache.tools.ant.launch.Launcher.run(Launcher.java:280)
	at org.apache.tools.ant.launch.Launcher.main(Launcher.java:109)
Caused by: java.lang.IllegalStateException
	... 48 more
--- com.google.javascript.jscomp.CollapsePropertiesTest::testAddPropertyToChildTypeOfUncollapsibleObjectInLocalScope
java.lang.RuntimeException: INTERNAL COMPILER ERROR.
Please report this problem.
null
	at com.google.common.base.Preconditions.checkState(Preconditions.java:129)
	at com.google.javascript.jscomp.NodeTraversal.pushScope(NodeTraversal.java:523)
	at com.google.javascript.jscomp.NodeTraversal.traverse(NodeTraversal.java:248)
	at com.google.javascript.jscomp.NodeTraversal.traverse(NodeTraversal.java:422)
	at com.google.javascript.jscomp.CollapseProperties.checkForHosedThisReferences(CollapseProperties.java:643)
	at com.google.javascript.jscomp.CollapseProperties.updateSimpleDeclaration(CollapseProperties.java:485)
	at com.google.javascript.jscomp.CollapseProperties.collapseDeclarationOfNameAndDescendants(CollapseProperties.java:459)
	at com.google.javascript.jscomp.CollapseProperties.collapseDeclarationOfNameAndDescendants(CollapseProperties.java:452)
	at com.google.javascript.jscomp.CollapseProperties.process(CollapseProperties.java:139)
	at com.google.javascript.jscomp.CompilerTestCase.test(CompilerTestCase.java:715)
	at com.google.javascript.jscomp.CompilerTestCase.test(CompilerTestCase.java:377)
	at com.google.javascript.jscomp.CompilerTestCase.test(CompilerTestCase.java:306)
	at com.google.javascript.jscomp.CollapsePropertiesTest.testAddPropertyToChildTypeOfUncollapsibleObjectInLocalScope(CollapsePropertiesTest.java:602)
	at sun.reflect.NativeMethodAccessorImpl.invoke0(Native Method)
	at sun.reflect.NativeMethodAccessorImpl.invoke(NativeMethodAccessorImpl.java:57)
	at sun.reflect.DelegatingMethodAccessorImpl.invoke(DelegatingMethodAccessorImpl.java:43)
	at java.lang.reflect.Method.invoke(Method.java:606)
	at junit.framework.TestCase.runTest(TestCase.java:176)
	at junit.framework.TestCase.runBare(TestCase.java:141)
	at junit.framework.TestResult$1.protect(TestResult.java:122)
	at junit.framework.TestResult.runProtected(TestResult.java:142)
	at junit.framework.TestResult.run(TestResult.java:125)
	at junit.framework.TestCase.run(TestCase.java:129)
	at junit.framework.TestSuite.runTest(TestSuite.java:255)
	at junit.framework.TestSuite.run(TestSuite.java:250)
	at org.apache.tools.ant.taskdefs.optional.junit.JUnitTestRunner.run(JUnitTestRunner.java:520)
	at org.apache.tools.ant.taskdefs.optional.junit.JUnitTask.executeInVM(JUnitTask.java:1478)
	at org.apache.tools.ant.taskdefs.optional.junit.JUnitTask.execute(JUnitTask.java:860)
	at org.apache.tools.ant.taskdefs.optional.junit.JUnitTask.executeOrQueue(JUnitTask.java:1968)
	at org.apache.tools.ant.taskdefs.optional.junit.JUnitTask.execute1(JUnitTask.java:812)
	at org.apache.tools.ant.taskdefs.optional.junit.JUnitTask.execute(JUnitTask.java:2271)
	at org.apache.tools.ant.UnknownElement.execute(UnknownElement.java:291)
	at sun.reflect.GeneratedMethodAccessor4.invoke(Unknown Source)
	at sun.reflect.DelegatingMethodAccessorImpl.invoke(DelegatingMethodAccessorImpl.java:43)
	at java.lang.reflect.Method.invoke(Method.java:606)
	at org.apache.tools.ant.dispatch.DispatchUtils.execute(DispatchUtils.java:106)
	at org.apache.tools.ant.Task.perform(Task.java:348)
	at org.apache.tools.ant.Target.execute(Target.java:392)
	at org.apache.tools.ant.Target.performTasks(Target.java:413)
	at org.apache.tools.ant.Project.executeSortedTargets(Project.java:1399)
	at org.apache.tools.ant.Project.executeTarget(Project.java:1368)
	at org.apache.tools.ant.helper.DefaultExecutor.executeTargets(DefaultExecutor.java:41)
	at org.apache.tools.ant.Project.executeTargets(Project.java:1251)
	at org.apache.tools.ant.Main.runBuild(Main.java:811)
	at org.apache.tools.ant.Main.startAnt(Main.java:217)
	at org.apache.tools.ant.launch.Launcher.run(Launcher.java:280)
	at org.apache.tools.ant.launch.Launcher.main(Launcher.java:109)
Caused by: java.lang.IllegalStateException
	... 47 more
--- com.google.javascript.jscomp.CollapsePropertiesTest::testPropertyOfChildFuncOfUncollapsibleObjectDepth2
java.lang.RuntimeException: INTERNAL COMPILER ERROR.
Please report this problem.
null
	at com.google.common.base.Preconditions.checkState(Preconditions.java:129)
	at com.google.javascript.jscomp.NodeTraversal.pushScope(NodeTraversal.java:523)
	at com.google.javascript.jscomp.NodeTraversal.traverse(NodeTraversal.java:248)
	at com.google.javascript.jscomp.NodeTraversal.traverse(NodeTraversal.java:422)
	at com.google.javascript.jscomp.CollapseProperties.checkForHosedThisReferences(CollapseProperties.java:643)
	at com.google.javascript.jscomp.CollapseProperties.updateSimpleDeclaration(CollapseProperties.java:485)
	at com.google.javascript.jscomp.CollapseProperties.collapseDeclarationOfNameAndDescendants(CollapseProperties.java:459)
	at com.google.javascript.jscomp.CollapseProperties.process(CollapseProperties.java:139)
	at com.google.javascript.jscomp.CompilerTestCase.test(CompilerTestCase.java:715)
	at com.google.javascript.jscomp.CompilerTestCase.test(CompilerTestCase.java:377)
	at com.google.javascript.jscomp.CompilerTestCase.test(CompilerTestCase.java:306)
	at com.google.javascript.jscomp.CompilerTestCase.test(CompilerTestCase.java:275)
	at com.google.javascript.jscomp.CompilerTestCase.test(CompilerTestCase.java:263)
	at com.google.javascript.jscomp.CollapsePropertiesTest.testPropertyOfChildFuncOfUncollapsibleObjectDepth2(CollapsePropertiesTest.java:590)
	at sun.reflect.NativeMethodAccessorImpl.invoke0(Native Method)
	at sun.reflect.NativeMethodAccessorImpl.invoke(NativeMethodAccessorImpl.java:57)
	at sun.reflect.DelegatingMethodAccessorImpl.invoke(DelegatingMethodAccessorImpl.java:43)
	at java.lang.reflect.Method.invoke(Method.java:606)
	at junit.framework.TestCase.runTest(TestCase.java:176)
	at junit.framework.TestCase.runBare(TestCase.java:141)
	at junit.framework.TestResult$1.protect(TestResult.java:122)
	at junit.framework.TestResult.runProtected(TestResult.java:142)
	at junit.framework.TestResult.run(TestResult.java:125)
	at junit.framework.TestCase.run(TestCase.java:129)
	at junit.framework.TestSuite.runTest(TestSuite.java:255)
	at junit.framework.TestSuite.run(TestSuite.java:250)
	at org.apache.tools.ant.taskdefs.optional.junit.JUnitTestRunner.run(JUnitTestRunner.java:520)
	at org.apache.tools.ant.taskdefs.optional.junit.JUnitTask.executeInVM(JUnitTask.java:1478)
	at org.apache.tools.ant.taskdefs.optional.junit.JUnitTask.execute(JUnitTask.java:860)
	at org.apache.tools.ant.taskdefs.optional.junit.JUnitTask.executeOrQueue(JUnitTask.java:1968)
	at org.apache.tools.ant.taskdefs.optional.junit.JUnitTask.execute1(JUnitTask.java:812)
	at org.apache.tools.ant.taskdefs.optional.junit.JUnitTask.execute(JUnitTask.java:2271)
	at org.apache.tools.ant.UnknownElement.execute(UnknownElement.java:291)
	at sun.reflect.GeneratedMethodAccessor4.invoke(Unknown Source)
	at sun.reflect.DelegatingMethodAccessorImpl.invoke(DelegatingMethodAccessorImpl.java:43)
	at java.lang.reflect.Method.invoke(Method.java:606)
	at org.apache.tools.ant.dispatch.DispatchUtils.execute(DispatchUtils.java:106)
	at org.apache.tools.ant.Task.perform(Task.java:348)
	at org.apache.tools.ant.Target.execute(Target.java:392)
	at org.apache.tools.ant.Target.performTasks(Target.java:413)
	at org.apache.tools.ant.Project.executeSortedTargets(Project.java:1399)
	at org.apache.tools.ant.Project.executeTarget(Project.java:1368)
	at org.apache.tools.ant.helper.DefaultExecutor.executeTargets(DefaultExecutor.java:41)
	at org.apache.tools.ant.Project.executeTargets(Project.java:1251)
	at org.apache.tools.ant.Main.runBuild(Main.java:811)
	at org.apache.tools.ant.Main.startAnt(Main.java:217)
	at org.apache.tools.ant.launch.Launcher.run(Launcher.java:280)
	at org.apache.tools.ant.launch.Launcher.main(Launcher.java:109)
Caused by: java.lang.IllegalStateException
	... 48 more
--- com.google.javascript.jscomp.CollapsePropertiesTest::testSetStaticAndPrototypePropertiesOnFunction
java.lang.RuntimeException: INTERNAL COMPILER ERROR.
Please report this problem.
null
	at com.google.common.base.Preconditions.checkState(Preconditions.java:129)
	at com.google.javascript.jscomp.NodeTraversal.pushScope(NodeTraversal.java:523)
	at com.google.javascript.jscomp.NodeTraversal.traverse(NodeTraversal.java:248)
	at com.google.javascript.jscomp.NodeTraversal.traverse(NodeTraversal.java:422)
	at com.google.javascript.jscomp.CollapseProperties.checkForHosedThisReferences(CollapseProperties.java:643)
	at com.google.javascript.jscomp.CollapseProperties.updateSimpleDeclaration(CollapseProperties.java:485)
	at com.google.javascript.jscomp.CollapseProperties.collapseDeclarationOfNameAndDescendants(CollapseProperties.java:459)
	at com.google.javascript.jscomp.CollapseProperties.collapseDeclarationOfNameAndDescendants(CollapseProperties.java:452)
	at com.google.javascript.jscomp.CollapseProperties.process(CollapseProperties.java:139)
	at com.google.javascript.jscomp.CompilerTestCase.test(CompilerTestCase.java:715)
	at com.google.javascript.jscomp.CompilerTestCase.test(CompilerTestCase.java:377)
	at com.google.javascript.jscomp.CompilerTestCase.test(CompilerTestCase.java:306)
	at com.google.javascript.jscomp.CompilerTestCase.test(CompilerTestCase.java:275)
	at com.google.javascript.jscomp.CompilerTestCase.test(CompilerTestCase.java:263)
	at com.google.javascript.jscomp.CollapsePropertiesTest.testSetStaticAndPrototypePropertiesOnFunction(CollapsePropertiesTest.java:698)
	at sun.reflect.NativeMethodAccessorImpl.invoke0(Native Method)
	at sun.reflect.NativeMethodAccessorImpl.invoke(NativeMethodAccessorImpl.java:57)
	at sun.reflect.DelegatingMethodAccessorImpl.invoke(DelegatingMethodAccessorImpl.java:43)
	at java.lang.reflect.Method.invoke(Method.java:606)
	at junit.framework.TestCase.runTest(TestCase.java:176)
	at junit.framework.TestCase.runBare(TestCase.java:141)
	at junit.framework.TestResult$1.protect(TestResult.java:122)
	at junit.framework.TestResult.runProtected(TestResult.java:142)
	at junit.framework.TestResult.run(TestResult.java:125)
	at junit.framework.TestCase.run(TestCase.java:129)
	at junit.framework.TestSuite.runTest(TestSuite.java:255)
	at junit.framework.TestSuite.run(TestSuite.java:250)
	at org.apache.tools.ant.taskdefs.optional.junit.JUnitTestRunner.run(JUnitTestRunner.java:520)
	at org.apache.tools.ant.taskdefs.optional.junit.JUnitTask.executeInVM(JUnitTask.java:1478)
	at org.apache.tools.ant.taskdefs.optional.junit.JUnitTask.execute(JUnitTask.java:860)
	at org.apache.tools.ant.taskdefs.optional.junit.JUnitTask.executeOrQueue(JUnitTask.java:1968)
	at org.apache.tools.ant.taskdefs.optional.junit.JUnitTask.execute1(JUnitTask.java:812)
	at org.apache.tools.ant.taskdefs.optional.junit.JUnitTask.execute(JUnitTask.java:2271)
	at org.apache.tools.ant.UnknownElement.execute(UnknownElement.java:291)
	at sun.reflect.GeneratedMethodAccessor4.invoke(Unknown Source)
	at sun.reflect.DelegatingMethodAccessorImpl.invoke(DelegatingMethodAccessorImpl.java:43)
	at java.lang.reflect.Method.invoke(Method.java:606)
	at org.apache.tools.ant.dispatch.DispatchUtils.execute(DispatchUtils.java:106)
	at org.apache.tools.ant.Task.perform(Task.java:348)
	at org.apache.tools.ant.Target.execute(Target.java:392)
	at org.apache.tools.ant.Target.performTasks(Target.java:413)
	at org.apache.tools.ant.Project.executeSortedTargets(Project.java:1399)
	at org.apache.tools.ant.Project.executeTarget(Project.java:1368)
	at org.apache.tools.ant.helper.DefaultExecutor.executeTargets(DefaultExecutor.java:41)
	at org.apache.tools.ant.Project.executeTargets(Project.java:1251)
	at org.apache.tools.ant.Main.runBuild(Main.java:811)
	at org.apache.tools.ant.Main.startAnt(Main.java:217)
	at org.apache.tools.ant.launch.Launcher.run(Launcher.java:280)
	at org.apache.tools.ant.launch.Launcher.main(Launcher.java:109)
Caused by: java.lang.IllegalStateException
	... 49 more
--- com.google.javascript.jscomp.CollapsePropertiesTest::testDecrement
java.lang.RuntimeException: INTERNAL COMPILER ERROR.
Please report this problem.
null
	at com.google.common.base.Preconditions.checkState(Preconditions.java:129)
	at com.google.javascript.jscomp.NodeTraversal.pushScope(NodeTraversal.java:523)
	at com.google.javascript.jscomp.NodeTraversal.traverse(NodeTraversal.java:248)
	at com.google.javascript.jscomp.NodeTraversal.traverse(NodeTraversal.java:422)
	at com.google.javascript.jscomp.CollapseProperties.checkForHosedThisReferences(CollapseProperties.java:643)
	at com.google.javascript.jscomp.CollapseProperties.updateSimpleDeclaration(CollapseProperties.java:485)
	at com.google.javascript.jscomp.CollapseProperties.collapseDeclarationOfNameAndDescendants(CollapseProperties.java:459)
	at com.google.javascript.jscomp.CollapseProperties.process(CollapseProperties.java:139)
	at com.google.javascript.jscomp.CompilerTestCase.test(CompilerTestCase.java:715)
	at com.google.javascript.jscomp.CompilerTestCase.test(CompilerTestCase.java:377)
	at com.google.javascript.jscomp.CompilerTestCase.test(CompilerTestCase.java:306)
	at com.google.javascript.jscomp.CompilerTestCase.test(CompilerTestCase.java:275)
	at com.google.javascript.jscomp.CompilerTestCase.test(CompilerTestCase.java:263)
	at com.google.javascript.jscomp.CollapsePropertiesTest.testDecrement(CollapsePropertiesTest.java:63)
	at sun.reflect.NativeMethodAccessorImpl.invoke0(Native Method)
	at sun.reflect.NativeMethodAccessorImpl.invoke(NativeMethodAccessorImpl.java:57)
	at sun.reflect.DelegatingMethodAccessorImpl.invoke(DelegatingMethodAccessorImpl.java:43)
	at java.lang.reflect.Method.invoke(Method.java:606)
	at junit.framework.TestCase.runTest(TestCase.java:176)
	at junit.framework.TestCase.runBare(TestCase.java:141)
	at junit.framework.TestResult$1.protect(TestResult.java:122)
	at junit.framework.TestResult.runProtected(TestResult.java:142)
	at junit.framework.TestResult.run(TestResult.java:125)
	at junit.framework.TestCase.run(TestCase.java:129)
	at junit.framework.TestSuite.runTest(TestSuite.java:255)
	at junit.framework.TestSuite.run(TestSuite.java:250)
	at org.apache.tools.ant.taskdefs.optional.junit.JUnitTestRunner.run(JUnitTestRunner.java:520)
	at org.apache.tools.ant.taskdefs.optional.junit.JUnitTask.executeInVM(JUnitTask.java:1478)
	at org.apache.tools.ant.taskdefs.optional.junit.JUnitTask.execute(JUnitTask.java:860)
	at org.apache.tools.ant.taskdefs.optional.junit.JUnitTask.executeOrQueue(JUnitTask.java:1968)
	at org.apache.tools.ant.taskdefs.optional.junit.JUnitTask.execute1(JUnitTask.java:812)
	at org.apache.tools.ant.taskdefs.optional.junit.JUnitTask.execute(JUnitTask.java:2271)
	at org.apache.tools.ant.UnknownElement.execute(UnknownElement.java:291)
	at sun.reflect.GeneratedMethodAccessor4.invoke(Unknown Source)
	at sun.reflect.DelegatingMethodAccessorImpl.invoke(DelegatingMethodAccessorImpl.java:43)
	at java.lang.reflect.Method.invoke(Method.java:606)
	at org.apache.tools.ant.dispatch.DispatchUtils.execute(DispatchUtils.java:106)
	at org.apache.tools.ant.Task.perform(Task.java:348)
	at org.apache.tools.ant.Target.execute(Target.java:392)
	at org.apache.tools.ant.Target.performTasks(Target.java:413)
	at org.apache.tools.ant.Project.executeSortedTargets(Project.java:1399)
	at org.apache.tools.ant.Project.executeTarget(Project.java:1368)
	at org.apache.tools.ant.helper.DefaultExecutor.executeTargets(DefaultExecutor.java:41)
	at org.apache.tools.ant.Project.executeTargets(Project.java:1251)
	at org.apache.tools.ant.Main.runBuild(Main.java:811)
	at org.apache.tools.ant.Main.startAnt(Main.java:217)
	at org.apache.tools.ant.launch.Launcher.run(Launcher.java:280)
	at org.apache.tools.ant.launch.Launcher.main(Launcher.java:109)
Caused by: java.lang.IllegalStateException
	... 48 more
--- com.google.javascript.jscomp.CollapsePropertiesTest::testAliasCreatedForCtorDepth1_1
java.lang.RuntimeException: INTERNAL COMPILER ERROR.
Please report this problem.
null
	at com.google.common.base.Preconditions.checkState(Preconditions.java:129)
	at com.google.javascript.jscomp.NodeTraversal.pushScope(NodeTraversal.java:523)
	at com.google.javascript.jscomp.NodeTraversal.traverse(NodeTraversal.java:248)
	at com.google.javascript.jscomp.NodeTraversal.traverse(NodeTraversal.java:422)
	at com.google.javascript.jscomp.CollapseProperties.checkForHosedThisReferences(CollapseProperties.java:643)
	at com.google.javascript.jscomp.CollapseProperties.updateSimpleDeclaration(CollapseProperties.java:485)
	at com.google.javascript.jscomp.CollapseProperties.collapseDeclarationOfNameAndDescendants(CollapseProperties.java:459)
	at com.google.javascript.jscomp.CollapseProperties.process(CollapseProperties.java:139)
	at com.google.javascript.jscomp.CompilerTestCase.test(CompilerTestCase.java:715)
	at com.google.javascript.jscomp.CompilerTestCase.test(CompilerTestCase.java:377)
	at com.google.javascript.jscomp.CompilerTestCase.test(CompilerTestCase.java:306)
	at com.google.javascript.jscomp.CompilerTestCase.test(CompilerTestCase.java:275)
	at com.google.javascript.jscomp.CompilerTestCase.test(CompilerTestCase.java:263)
	at com.google.javascript.jscomp.CollapsePropertiesTest.testAliasCreatedForCtorDepth1_1(CollapsePropertiesTest.java:289)
	at sun.reflect.NativeMethodAccessorImpl.invoke0(Native Method)
	at sun.reflect.NativeMethodAccessorImpl.invoke(NativeMethodAccessorImpl.java:57)
	at sun.reflect.DelegatingMethodAccessorImpl.invoke(DelegatingMethodAccessorImpl.java:43)
	at java.lang.reflect.Method.invoke(Method.java:606)
	at junit.framework.TestCase.runTest(TestCase.java:176)
	at junit.framework.TestCase.runBare(TestCase.java:141)
	at junit.framework.TestResult$1.protect(TestResult.java:122)
	at junit.framework.TestResult.runProtected(TestResult.java:142)
	at junit.framework.TestResult.run(TestResult.java:125)
	at junit.framework.TestCase.run(TestCase.java:129)
	at junit.framework.TestSuite.runTest(TestSuite.java:255)
	at junit.framework.TestSuite.run(TestSuite.java:250)
	at org.apache.tools.ant.taskdefs.optional.junit.JUnitTestRunner.run(JUnitTestRunner.java:520)
	at org.apache.tools.ant.taskdefs.optional.junit.JUnitTask.executeInVM(JUnitTask.java:1478)
	at org.apache.tools.ant.taskdefs.optional.junit.JUnitTask.execute(JUnitTask.java:860)
	at org.apache.tools.ant.taskdefs.optional.junit.JUnitTask.executeOrQueue(JUnitTask.java:1968)
	at org.apache.tools.ant.taskdefs.optional.junit.JUnitTask.execute1(JUnitTask.java:812)
	at org.apache.tools.ant.taskdefs.optional.junit.JUnitTask.execute(JUnitTask.java:2271)
	at org.apache.tools.ant.UnknownElement.execute(UnknownElement.java:291)
	at sun.reflect.GeneratedMethodAccessor4.invoke(Unknown Source)
	at sun.reflect.DelegatingMethodAccessorImpl.invoke(DelegatingMethodAccessorImpl.java:43)
	at java.lang.reflect.Method.invoke(Method.java:606)
	at org.apache.tools.ant.dispatch.DispatchUtils.execute(DispatchUtils.java:106)
	at org.apache.tools.ant.Task.perform(Task.java:348)
	at org.apache.tools.ant.Target.execute(Target.java:392)
	at org.apache.tools.ant.Target.performTasks(Target.java:413)
	at org.apache.tools.ant.Project.executeSortedTargets(Project.java:1399)
	at org.apache.tools.ant.Project.executeTarget(Project.java:1368)
	at org.apache.tools.ant.helper.DefaultExecutor.executeTargets(DefaultExecutor.java:41)
	at org.apache.tools.ant.Project.executeTargets(Project.java:1251)
	at org.apache.tools.ant.Main.runBuild(Main.java:811)
	at org.apache.tools.ant.Main.startAnt(Main.java:217)
	at org.apache.tools.ant.launch.Launcher.run(Launcher.java:280)
	at org.apache.tools.ant.launch.Launcher.main(Launcher.java:109)
Caused by: java.lang.IllegalStateException
	... 48 more
--- com.google.javascript.jscomp.CollapsePropertiesTest::testAliasCreatedForCtorDepth1_2
java.lang.RuntimeException: INTERNAL COMPILER ERROR.
Please report this problem.
null
	at com.google.common.base.Preconditions.checkState(Preconditions.java:129)
	at com.google.javascript.jscomp.NodeTraversal.pushScope(NodeTraversal.java:523)
	at com.google.javascript.jscomp.NodeTraversal.traverse(NodeTraversal.java:248)
	at com.google.javascript.jscomp.NodeTraversal.traverse(NodeTraversal.java:422)
	at com.google.javascript.jscomp.CollapseProperties.checkForHosedThisReferences(CollapseProperties.java:643)
	at com.google.javascript.jscomp.CollapseProperties.updateSimpleDeclaration(CollapseProperties.java:485)
	at com.google.javascript.jscomp.CollapseProperties.collapseDeclarationOfNameAndDescendants(CollapseProperties.java:459)
	at com.google.javascript.jscomp.CollapseProperties.process(CollapseProperties.java:139)
	at com.google.javascript.jscomp.CompilerTestCase.test(CompilerTestCase.java:715)
	at com.google.javascript.jscomp.CompilerTestCase.test(CompilerTestCase.java:377)
	at com.google.javascript.jscomp.CompilerTestCase.test(CompilerTestCase.java:306)
	at com.google.javascript.jscomp.CompilerTestCase.test(CompilerTestCase.java:275)
	at com.google.javascript.jscomp.CompilerTestCase.test(CompilerTestCase.java:263)
	at com.google.javascript.jscomp.CollapsePropertiesTest.testAliasCreatedForCtorDepth1_2(CollapsePropertiesTest.java:299)
	at sun.reflect.NativeMethodAccessorImpl.invoke0(Native Method)
	at sun.reflect.NativeMethodAccessorImpl.invoke(NativeMethodAccessorImpl.java:57)
	at sun.reflect.DelegatingMethodAccessorImpl.invoke(DelegatingMethodAccessorImpl.java:43)
	at java.lang.reflect.Method.invoke(Method.java:606)
	at junit.framework.TestCase.runTest(TestCase.java:176)
	at junit.framework.TestCase.runBare(TestCase.java:141)
	at junit.framework.TestResult$1.protect(TestResult.java:122)
	at junit.framework.TestResult.runProtected(TestResult.java:142)
	at junit.framework.TestResult.run(TestResult.java:125)
	at junit.framework.TestCase.run(TestCase.java:129)
	at junit.framework.TestSuite.runTest(TestSuite.java:255)
	at junit.framework.TestSuite.run(TestSuite.java:250)
	at org.apache.tools.ant.taskdefs.optional.junit.JUnitTestRunner.run(JUnitTestRunner.java:520)
	at org.apache.tools.ant.taskdefs.optional.junit.JUnitTask.executeInVM(JUnitTask.java:1478)
	at org.apache.tools.ant.taskdefs.optional.junit.JUnitTask.execute(JUnitTask.java:860)
	at org.apache.tools.ant.taskdefs.optional.junit.JUnitTask.executeOrQueue(JUnitTask.java:1968)
	at org.apache.tools.ant.taskdefs.optional.junit.JUnitTask.execute1(JUnitTask.java:812)
	at org.apache.tools.ant.taskdefs.optional.junit.JUnitTask.execute(JUnitTask.java:2271)
	at org.apache.tools.ant.UnknownElement.execute(UnknownElement.java:291)
	at sun.reflect.GeneratedMethodAccessor4.invoke(Unknown Source)
	at sun.reflect.DelegatingMethodAccessorImpl.invoke(DelegatingMethodAccessorImpl.java:43)
	at java.lang.reflect.Method.invoke(Method.java:606)
	at org.apache.tools.ant.dispatch.DispatchUtils.execute(DispatchUtils.java:106)
	at org.apache.tools.ant.Task.perform(Task.java:348)
	at org.apache.tools.ant.Target.execute(Target.java:392)
	at org.apache.tools.ant.Target.performTasks(Target.java:413)
	at org.apache.tools.ant.Project.executeSortedTargets(Project.java:1399)
	at org.apache.tools.ant.Project.executeTarget(Project.java:1368)
	at org.apache.tools.ant.helper.DefaultExecutor.executeTargets(DefaultExecutor.java:41)
	at org.apache.tools.ant.Project.executeTargets(Project.java:1251)
	at org.apache.tools.ant.Main.runBuild(Main.java:811)
	at org.apache.tools.ant.Main.startAnt(Main.java:217)
	at org.apache.tools.ant.launch.Launcher.run(Launcher.java:280)
	at org.apache.tools.ant.launch.Launcher.main(Launcher.java:109)
Caused by: java.lang.IllegalStateException
	... 48 more
--- com.google.javascript.jscomp.CollapsePropertiesTest::testAliasCreatedForCtorDepth1_3
java.lang.RuntimeException: INTERNAL COMPILER ERROR.
Please report this problem.
null
	at com.google.common.base.Preconditions.checkState(Preconditions.java:129)
	at com.google.javascript.jscomp.NodeTraversal.pushScope(NodeTraversal.java:523)
	at com.google.javascript.jscomp.NodeTraversal.traverse(NodeTraversal.java:248)
	at com.google.javascript.jscomp.NodeTraversal.traverse(NodeTraversal.java:422)
	at com.google.javascript.jscomp.CollapseProperties.checkForHosedThisReferences(CollapseProperties.java:643)
	at com.google.javascript.jscomp.CollapseProperties.updateSimpleDeclaration(CollapseProperties.java:485)
	at com.google.javascript.jscomp.CollapseProperties.collapseDeclarationOfNameAndDescendants(CollapseProperties.java:459)
	at com.google.javascript.jscomp.CollapseProperties.process(CollapseProperties.java:139)
	at com.google.javascript.jscomp.CompilerTestCase.test(CompilerTestCase.java:715)
	at com.google.javascript.jscomp.CompilerTestCase.test(CompilerTestCase.java:377)
	at com.google.javascript.jscomp.CompilerTestCase.test(CompilerTestCase.java:306)
	at com.google.javascript.jscomp.CompilerTestCase.test(CompilerTestCase.java:275)
	at com.google.javascript.jscomp.CompilerTestCase.test(CompilerTestCase.java:263)
	at com.google.javascript.jscomp.CollapsePropertiesTest.testAliasCreatedForCtorDepth1_3(CollapsePropertiesTest.java:308)
	at sun.reflect.NativeMethodAccessorImpl.invoke0(Native Method)
	at sun.reflect.NativeMethodAccessorImpl.invoke(NativeMethodAccessorImpl.java:57)
	at sun.reflect.DelegatingMethodAccessorImpl.invoke(DelegatingMethodAccessorImpl.java:43)
	at java.lang.reflect.Method.invoke(Method.java:606)
	at junit.framework.TestCase.runTest(TestCase.java:176)
	at junit.framework.TestCase.runBare(TestCase.java:141)
	at junit.framework.TestResult$1.protect(TestResult.java:122)
	at junit.framework.TestResult.runProtected(TestResult.java:142)
	at junit.framework.TestResult.run(TestResult.java:125)
	at junit.framework.TestCase.run(TestCase.java:129)
	at junit.framework.TestSuite.runTest(TestSuite.java:255)
	at junit.framework.TestSuite.run(TestSuite.java:250)
	at org.apache.tools.ant.taskdefs.optional.junit.JUnitTestRunner.run(JUnitTestRunner.java:520)
	at org.apache.tools.ant.taskdefs.optional.junit.JUnitTask.executeInVM(JUnitTask.java:1478)
	at org.apache.tools.ant.taskdefs.optional.junit.JUnitTask.execute(JUnitTask.java:860)
	at org.apache.tools.ant.taskdefs.optional.junit.JUnitTask.executeOrQueue(JUnitTask.java:1968)
	at org.apache.tools.ant.taskdefs.optional.junit.JUnitTask.execute1(JUnitTask.java:812)
	at org.apache.tools.ant.taskdefs.optional.junit.JUnitTask.execute(JUnitTask.java:2271)
	at org.apache.tools.ant.UnknownElement.execute(UnknownElement.java:291)
	at sun.reflect.GeneratedMethodAccessor4.invoke(Unknown Source)
	at sun.reflect.DelegatingMethodAccessorImpl.invoke(DelegatingMethodAccessorImpl.java:43)
	at java.lang.reflect.Method.invoke(Method.java:606)
	at org.apache.tools.ant.dispatch.DispatchUtils.execute(DispatchUtils.java:106)
	at org.apache.tools.ant.Task.perform(Task.java:348)
	at org.apache.tools.ant.Target.execute(Target.java:392)
	at org.apache.tools.ant.Target.performTasks(Target.java:413)
	at org.apache.tools.ant.Project.executeSortedTargets(Project.java:1399)
	at org.apache.tools.ant.Project.executeTarget(Project.java:1368)
	at org.apache.tools.ant.helper.DefaultExecutor.executeTargets(DefaultExecutor.java:41)
	at org.apache.tools.ant.Project.executeTargets(Project.java:1251)
	at org.apache.tools.ant.Main.runBuild(Main.java:811)
	at org.apache.tools.ant.Main.startAnt(Main.java:217)
	at org.apache.tools.ant.launch.Launcher.run(Launcher.java:280)
	at org.apache.tools.ant.launch.Launcher.main(Launcher.java:109)
Caused by: java.lang.IllegalStateException
	... 48 more
--- com.google.javascript.jscomp.CollapsePropertiesTest::testChainedVarAssignments4
java.lang.RuntimeException: INTERNAL COMPILER ERROR.
Please report this problem.
null
	at com.google.common.base.Preconditions.checkState(Preconditions.java:129)
	at com.google.javascript.jscomp.NodeTraversal.pushScope(NodeTraversal.java:523)
	at com.google.javascript.jscomp.NodeTraversal.traverse(NodeTraversal.java:248)
	at com.google.javascript.jscomp.NodeTraversal.traverse(NodeTraversal.java:422)
	at com.google.javascript.jscomp.CollapseProperties.checkForHosedThisReferences(CollapseProperties.java:643)
	at com.google.javascript.jscomp.CollapseProperties.updateSimpleDeclaration(CollapseProperties.java:485)
	at com.google.javascript.jscomp.CollapseProperties.collapseDeclarationOfNameAndDescendants(CollapseProperties.java:459)
	at com.google.javascript.jscomp.CollapseProperties.process(CollapseProperties.java:139)
	at com.google.javascript.jscomp.CompilerTestCase.test(CompilerTestCase.java:715)
	at com.google.javascript.jscomp.CompilerTestCase.test(CompilerTestCase.java:377)
	at com.google.javascript.jscomp.CompilerTestCase.test(CompilerTestCase.java:306)
	at com.google.javascript.jscomp.CompilerTestCase.test(CompilerTestCase.java:275)
	at com.google.javascript.jscomp.CompilerTestCase.test(CompilerTestCase.java:263)
	at com.google.javascript.jscomp.CollapsePropertiesTest.testChainedVarAssignments4(CollapsePropertiesTest.java:846)
	at sun.reflect.NativeMethodAccessorImpl.invoke0(Native Method)
	at sun.reflect.NativeMethodAccessorImpl.invoke(NativeMethodAccessorImpl.java:57)
	at sun.reflect.DelegatingMethodAccessorImpl.invoke(DelegatingMethodAccessorImpl.java:43)
	at java.lang.reflect.Method.invoke(Method.java:606)
	at junit.framework.TestCase.runTest(TestCase.java:176)
	at junit.framework.TestCase.runBare(TestCase.java:141)
	at junit.framework.TestResult$1.protect(TestResult.java:122)
	at junit.framework.TestResult.runProtected(TestResult.java:142)
	at junit.framework.TestResult.run(TestResult.java:125)
	at junit.framework.TestCase.run(TestCase.java:129)
	at junit.framework.TestSuite.runTest(TestSuite.java:255)
	at junit.framework.TestSuite.run(TestSuite.java:250)
	at org.apache.tools.ant.taskdefs.optional.junit.JUnitTestRunner.run(JUnitTestRunner.java:520)
	at org.apache.tools.ant.taskdefs.optional.junit.JUnitTask.executeInVM(JUnitTask.java:1478)
	at org.apache.tools.ant.taskdefs.optional.junit.JUnitTask.execute(JUnitTask.java:860)
	at org.apache.tools.ant.taskdefs.optional.junit.JUnitTask.executeOrQueue(JUnitTask.java:1968)
	at org.apache.tools.ant.taskdefs.optional.junit.JUnitTask.execute1(JUnitTask.java:812)
	at org.apache.tools.ant.taskdefs.optional.junit.JUnitTask.execute(JUnitTask.java:2271)
	at org.apache.tools.ant.UnknownElement.execute(UnknownElement.java:291)
	at sun.reflect.GeneratedMethodAccessor4.invoke(Unknown Source)
	at sun.reflect.DelegatingMethodAccessorImpl.invoke(DelegatingMethodAccessorImpl.java:43)
	at java.lang.reflect.Method.invoke(Method.java:606)
	at org.apache.tools.ant.dispatch.DispatchUtils.execute(DispatchUtils.java:106)
	at org.apache.tools.ant.Task.perform(Task.java:348)
	at org.apache.tools.ant.Target.execute(Target.java:392)
	at org.apache.tools.ant.Target.performTasks(Target.java:413)
	at org.apache.tools.ant.Project.executeSortedTargets(Project.java:1399)
	at org.apache.tools.ant.Project.executeTarget(Project.java:1368)
	at org.apache.tools.ant.helper.DefaultExecutor.executeTargets(DefaultExecutor.java:41)
	at org.apache.tools.ant.Project.executeTargets(Project.java:1251)
	at org.apache.tools.ant.Main.runBuild(Main.java:811)
	at org.apache.tools.ant.Main.startAnt(Main.java:217)
	at org.apache.tools.ant.launch.Launcher.run(Launcher.java:280)
	at org.apache.tools.ant.launch.Launcher.main(Launcher.java:109)
Caused by: java.lang.IllegalStateException
	... 48 more
--- com.google.javascript.jscomp.CollapsePropertiesTest::testChainedVarAssignments5
java.lang.RuntimeException: INTERNAL COMPILER ERROR.
Please report this problem.
null
	at com.google.common.base.Preconditions.checkState(Preconditions.java:129)
	at com.google.javascript.jscomp.NodeTraversal.pushScope(NodeTraversal.java:523)
	at com.google.javascript.jscomp.NodeTraversal.traverse(NodeTraversal.java:248)
	at com.google.javascript.jscomp.NodeTraversal.traverse(NodeTraversal.java:422)
	at com.google.javascript.jscomp.CollapseProperties.checkForHosedThisReferences(CollapseProperties.java:643)
	at com.google.javascript.jscomp.CollapseProperties.updateSimpleDeclaration(CollapseProperties.java:485)
	at com.google.javascript.jscomp.CollapseProperties.collapseDeclarationOfNameAndDescendants(CollapseProperties.java:459)
	at com.google.javascript.jscomp.CollapseProperties.collapseDeclarationOfNameAndDescendants(CollapseProperties.java:452)
	at com.google.javascript.jscomp.CollapseProperties.process(CollapseProperties.java:139)
	at com.google.javascript.jscomp.CompilerTestCase.test(CompilerTestCase.java:715)
	at com.google.javascript.jscomp.CompilerTestCase.test(CompilerTestCase.java:377)
	at com.google.javascript.jscomp.CompilerTestCase.test(CompilerTestCase.java:306)
	at com.google.javascript.jscomp.CompilerTestCase.test(CompilerTestCase.java:275)
	at com.google.javascript.jscomp.CompilerTestCase.test(CompilerTestCase.java:263)
	at com.google.javascript.jscomp.CollapsePropertiesTest.testChainedVarAssignments5(CollapsePropertiesTest.java:851)
	at sun.reflect.NativeMethodAccessorImpl.invoke0(Native Method)
	at sun.reflect.NativeMethodAccessorImpl.invoke(NativeMethodAccessorImpl.java:57)
	at sun.reflect.DelegatingMethodAccessorImpl.invoke(DelegatingMethodAccessorImpl.java:43)
	at java.lang.reflect.Method.invoke(Method.java:606)
	at junit.framework.TestCase.runTest(TestCase.java:176)
	at junit.framework.TestCase.runBare(TestCase.java:141)
	at junit.framework.TestResult$1.protect(TestResult.java:122)
	at junit.framework.TestResult.runProtected(TestResult.java:142)
	at junit.framework.TestResult.run(TestResult.java:125)
	at junit.framework.TestCase.run(TestCase.java:129)
	at junit.framework.TestSuite.runTest(TestSuite.java:255)
	at junit.framework.TestSuite.run(TestSuite.java:250)
	at org.apache.tools.ant.taskdefs.optional.junit.JUnitTestRunner.run(JUnitTestRunner.java:520)
	at org.apache.tools.ant.taskdefs.optional.junit.JUnitTask.executeInVM(JUnitTask.java:1478)
	at org.apache.tools.ant.taskdefs.optional.junit.JUnitTask.execute(JUnitTask.java:860)
	at org.apache.tools.ant.taskdefs.optional.junit.JUnitTask.executeOrQueue(JUnitTask.java:1968)
	at org.apache.tools.ant.taskdefs.optional.junit.JUnitTask.execute1(JUnitTask.java:812)
	at org.apache.tools.ant.taskdefs.optional.junit.JUnitTask.execute(JUnitTask.java:2271)
	at org.apache.tools.ant.UnknownElement.execute(UnknownElement.java:291)
	at sun.reflect.GeneratedMethodAccessor4.invoke(Unknown Source)
	at sun.reflect.DelegatingMethodAccessorImpl.invoke(DelegatingMethodAccessorImpl.java:43)
	at java.lang.reflect.Method.invoke(Method.java:606)
	at org.apache.tools.ant.dispatch.DispatchUtils.execute(DispatchUtils.java:106)
	at org.apache.tools.ant.Task.perform(Task.java:348)
	at org.apache.tools.ant.Target.execute(Target.java:392)
	at org.apache.tools.ant.Target.performTasks(Target.java:413)
	at org.apache.tools.ant.Project.executeSortedTargets(Project.java:1399)
	at org.apache.tools.ant.Project.executeTarget(Project.java:1368)
	at org.apache.tools.ant.helper.DefaultExecutor.executeTargets(DefaultExecutor.java:41)
	at org.apache.tools.ant.Project.executeTargets(Project.java:1251)
	at org.apache.tools.ant.Main.runBuild(Main.java:811)
	at org.apache.tools.ant.Main.startAnt(Main.java:217)
	at org.apache.tools.ant.launch.Launcher.run(Launcher.java:280)
	at org.apache.tools.ant.launch.Launcher.main(Launcher.java:109)
Caused by: java.lang.IllegalStateException
	... 49 more
--- com.google.javascript.jscomp.CollapsePropertiesTest::testRenamePrefixOfUncollapsibleProperty
java.lang.RuntimeException: INTERNAL COMPILER ERROR.
Please report this problem.
null
	at com.google.common.base.Preconditions.checkState(Preconditions.java:129)
	at com.google.javascript.jscomp.NodeTraversal.pushScope(NodeTraversal.java:523)
	at com.google.javascript.jscomp.NodeTraversal.traverse(NodeTraversal.java:248)
	at com.google.javascript.jscomp.NodeTraversal.traverse(NodeTraversal.java:422)
	at com.google.javascript.jscomp.CollapseProperties.checkForHosedThisReferences(CollapseProperties.java:643)
	at com.google.javascript.jscomp.CollapseProperties.updateSimpleDeclaration(CollapseProperties.java:485)
	at com.google.javascript.jscomp.CollapseProperties.collapseDeclarationOfNameAndDescendants(CollapseProperties.java:459)
	at com.google.javascript.jscomp.CollapseProperties.collapseDeclarationOfNameAndDescendants(CollapseProperties.java:452)
	at com.google.javascript.jscomp.CollapseProperties.process(CollapseProperties.java:139)
	at com.google.javascript.jscomp.CompilerTestCase.test(CompilerTestCase.java:715)
	at com.google.javascript.jscomp.CompilerTestCase.test(CompilerTestCase.java:377)
	at com.google.javascript.jscomp.CompilerTestCase.test(CompilerTestCase.java:306)
	at com.google.javascript.jscomp.CompilerTestCase.test(CompilerTestCase.java:275)
	at com.google.javascript.jscomp.CompilerTestCase.test(CompilerTestCase.java:263)
	at com.google.javascript.jscomp.CollapsePropertiesTest.testRenamePrefixOfUncollapsibleProperty(CollapsePropertiesTest.java:868)
	at sun.reflect.NativeMethodAccessorImpl.invoke0(Native Method)
	at sun.reflect.NativeMethodAccessorImpl.invoke(NativeMethodAccessorImpl.java:57)
	at sun.reflect.DelegatingMethodAccessorImpl.invoke(DelegatingMethodAccessorImpl.java:43)
	at java.lang.reflect.Method.invoke(Method.java:606)
	at junit.framework.TestCase.runTest(TestCase.java:176)
	at junit.framework.TestCase.runBare(TestCase.java:141)
	at junit.framework.TestResult$1.protect(TestResult.java:122)
	at junit.framework.TestResult.runProtected(TestResult.java:142)
	at junit.framework.TestResult.run(TestResult.java:125)
	at junit.framework.TestCase.run(TestCase.java:129)
	at junit.framework.TestSuite.runTest(TestSuite.java:255)
	at junit.framework.TestSuite.run(TestSuite.java:250)
	at org.apache.tools.ant.taskdefs.optional.junit.JUnitTestRunner.run(JUnitTestRunner.java:520)
	at org.apache.tools.ant.taskdefs.optional.junit.JUnitTask.executeInVM(JUnitTask.java:1478)
	at org.apache.tools.ant.taskdefs.optional.junit.JUnitTask.execute(JUnitTask.java:860)
	at org.apache.tools.ant.taskdefs.optional.junit.JUnitTask.executeOrQueue(JUnitTask.java:1968)
	at org.apache.tools.ant.taskdefs.optional.junit.JUnitTask.execute1(JUnitTask.java:812)
	at org.apache.tools.ant.taskdefs.optional.junit.JUnitTask.execute(JUnitTask.java:2271)
	at org.apache.tools.ant.UnknownElement.execute(UnknownElement.java:291)
	at sun.reflect.GeneratedMethodAccessor4.invoke(Unknown Source)
	at sun.reflect.DelegatingMethodAccessorImpl.invoke(DelegatingMethodAccessorImpl.java:43)
	at java.lang.reflect.Method.invoke(Method.java:606)
	at org.apache.tools.ant.dispatch.DispatchUtils.execute(DispatchUtils.java:106)
	at org.apache.tools.ant.Task.perform(Task.java:348)
	at org.apache.tools.ant.Target.execute(Target.java:392)
	at org.apache.tools.ant.Target.performTasks(Target.java:413)
	at org.apache.tools.ant.Project.executeSortedTargets(Project.java:1399)
	at org.apache.tools.ant.Project.executeTarget(Project.java:1368)
	at org.apache.tools.ant.helper.DefaultExecutor.executeTargets(DefaultExecutor.java:41)
	at org.apache.tools.ant.Project.executeTargets(Project.java:1251)
	at org.apache.tools.ant.Main.runBuild(Main.java:811)
	at org.apache.tools.ant.Main.startAnt(Main.java:217)
	at org.apache.tools.ant.launch.Launcher.run(Launcher.java:280)
	at org.apache.tools.ant.launch.Launcher.main(Launcher.java:109)
Caused by: java.lang.IllegalStateException
	... 49 more
--- com.google.javascript.jscomp.CollapsePropertiesTest::testBug1956277
java.lang.RuntimeException: INTERNAL COMPILER ERROR.
Please report this problem.
null
	at com.google.common.base.Preconditions.checkState(Preconditions.java:129)
	at com.google.javascript.jscomp.NodeTraversal.pushScope(NodeTraversal.java:523)
	at com.google.javascript.jscomp.NodeTraversal.traverse(NodeTraversal.java:248)
	at com.google.javascript.jscomp.NodeTraversal.traverse(NodeTraversal.java:422)
	at com.google.javascript.jscomp.CollapseProperties.checkForHosedThisReferences(CollapseProperties.java:643)
	at com.google.javascript.jscomp.CollapseProperties.updateSimpleDeclaration(CollapseProperties.java:485)
	at com.google.javascript.jscomp.CollapseProperties.collapseDeclarationOfNameAndDescendants(CollapseProperties.java:459)
	at com.google.javascript.jscomp.CollapseProperties.process(CollapseProperties.java:139)
	at com.google.javascript.jscomp.CompilerTestCase.test(CompilerTestCase.java:715)
	at com.google.javascript.jscomp.CompilerTestCase.test(CompilerTestCase.java:377)
	at com.google.javascript.jscomp.CompilerTestCase.test(CompilerTestCase.java:306)
	at com.google.javascript.jscomp.CompilerTestCase.test(CompilerTestCase.java:275)
	at com.google.javascript.jscomp.CompilerTestCase.test(CompilerTestCase.java:263)
	at com.google.javascript.jscomp.CollapsePropertiesTest.testBug1956277(CollapsePropertiesTest.java:1070)
	at sun.reflect.NativeMethodAccessorImpl.invoke0(Native Method)
	at sun.reflect.NativeMethodAccessorImpl.invoke(NativeMethodAccessorImpl.java:57)
	at sun.reflect.DelegatingMethodAccessorImpl.invoke(DelegatingMethodAccessorImpl.java:43)
	at java.lang.reflect.Method.invoke(Method.java:606)
	at junit.framework.TestCase.runTest(TestCase.java:176)
	at junit.framework.TestCase.runBare(TestCase.java:141)
	at junit.framework.TestResult$1.protect(TestResult.java:122)
	at junit.framework.TestResult.runProtected(TestResult.java:142)
	at junit.framework.TestResult.run(TestResult.java:125)
	at junit.framework.TestCase.run(TestCase.java:129)
	at junit.framework.TestSuite.runTest(TestSuite.java:255)
	at junit.framework.TestSuite.run(TestSuite.java:250)
	at org.apache.tools.ant.taskdefs.optional.junit.JUnitTestRunner.run(JUnitTestRunner.java:520)
	at org.apache.tools.ant.taskdefs.optional.junit.JUnitTask.executeInVM(JUnitTask.java:1478)
	at org.apache.tools.ant.taskdefs.optional.junit.JUnitTask.execute(JUnitTask.java:860)
	at org.apache.tools.ant.taskdefs.optional.junit.JUnitTask.executeOrQueue(JUnitTask.java:1968)
	at org.apache.tools.ant.taskdefs.optional.junit.JUnitTask.execute1(JUnitTask.java:812)
	at org.apache.tools.ant.taskdefs.optional.junit.JUnitTask.execute(JUnitTask.java:2271)
	at org.apache.tools.ant.UnknownElement.execute(UnknownElement.java:291)
	at sun.reflect.GeneratedMethodAccessor4.invoke(Unknown Source)
	at sun.reflect.DelegatingMethodAccessorImpl.invoke(DelegatingMethodAccessorImpl.java:43)
	at java.lang.reflect.Method.invoke(Method.java:606)
	at org.apache.tools.ant.dispatch.DispatchUtils.execute(DispatchUtils.java:106)
	at org.apache.tools.ant.Task.perform(Task.java:348)
	at org.apache.tools.ant.Target.execute(Target.java:392)
	at org.apache.tools.ant.Target.performTasks(Target.java:413)
	at org.apache.tools.ant.Project.executeSortedTargets(Project.java:1399)
	at org.apache.tools.ant.Project.executeTarget(Project.java:1368)
	at org.apache.tools.ant.helper.DefaultExecutor.executeTargets(DefaultExecutor.java:41)
	at org.apache.tools.ant.Project.executeTargets(Project.java:1251)
	at org.apache.tools.ant.Main.runBuild(Main.java:811)
	at org.apache.tools.ant.Main.startAnt(Main.java:217)
	at org.apache.tools.ant.launch.Launcher.run(Launcher.java:280)
	at org.apache.tools.ant.launch.Launcher.main(Launcher.java:109)
Caused by: java.lang.IllegalStateException
	... 48 more
--- com.google.javascript.jscomp.CollapsePropertiesTest::testPropertiesOnBothSidesOfAssignment
java.lang.RuntimeException: INTERNAL COMPILER ERROR.
Please report this problem.
null
	at com.google.common.base.Preconditions.checkState(Preconditions.java:129)
	at com.google.javascript.jscomp.NodeTraversal.pushScope(NodeTraversal.java:523)
	at com.google.javascript.jscomp.NodeTraversal.traverse(NodeTraversal.java:248)
	at com.google.javascript.jscomp.NodeTraversal.traverse(NodeTraversal.java:422)
	at com.google.javascript.jscomp.CollapseProperties.checkForHosedThisReferences(CollapseProperties.java:643)
	at com.google.javascript.jscomp.CollapseProperties.updateSimpleDeclaration(CollapseProperties.java:485)
	at com.google.javascript.jscomp.CollapseProperties.collapseDeclarationOfNameAndDescendants(CollapseProperties.java:459)
	at com.google.javascript.jscomp.CollapseProperties.process(CollapseProperties.java:139)
	at com.google.javascript.jscomp.CompilerTestCase.test(CompilerTestCase.java:715)
	at com.google.javascript.jscomp.CompilerTestCase.test(CompilerTestCase.java:377)
	at com.google.javascript.jscomp.CompilerTestCase.test(CompilerTestCase.java:306)
	at com.google.javascript.jscomp.CompilerTestCase.test(CompilerTestCase.java:275)
	at com.google.javascript.jscomp.CompilerTestCase.test(CompilerTestCase.java:263)
	at com.google.javascript.jscomp.CollapsePropertiesTest.testPropertiesOnBothSidesOfAssignment(CollapsePropertiesTest.java:899)
	at sun.reflect.NativeMethodAccessorImpl.invoke0(Native Method)
	at sun.reflect.NativeMethodAccessorImpl.invoke(NativeMethodAccessorImpl.java:57)
	at sun.reflect.DelegatingMethodAccessorImpl.invoke(DelegatingMethodAccessorImpl.java:43)
	at java.lang.reflect.Method.invoke(Method.java:606)
	at junit.framework.TestCase.runTest(TestCase.java:176)
	at junit.framework.TestCase.runBare(TestCase.java:141)
	at junit.framework.TestResult$1.protect(TestResult.java:122)
	at junit.framework.TestResult.runProtected(TestResult.java:142)
	at junit.framework.TestResult.run(TestResult.java:125)
	at junit.framework.TestCase.run(TestCase.java:129)
	at junit.framework.TestSuite.runTest(TestSuite.java:255)
	at junit.framework.TestSuite.run(TestSuite.java:250)
	at org.apache.tools.ant.taskdefs.optional.junit.JUnitTestRunner.run(JUnitTestRunner.java:520)
	at org.apache.tools.ant.taskdefs.optional.junit.JUnitTask.executeInVM(JUnitTask.java:1478)
	at org.apache.tools.ant.taskdefs.optional.junit.JUnitTask.execute(JUnitTask.java:860)
	at org.apache.tools.ant.taskdefs.optional.junit.JUnitTask.executeOrQueue(JUnitTask.java:1968)
	at org.apache.tools.ant.taskdefs.optional.junit.JUnitTask.execute1(JUnitTask.java:812)
	at org.apache.tools.ant.taskdefs.optional.junit.JUnitTask.execute(JUnitTask.java:2271)
	at org.apache.tools.ant.UnknownElement.execute(UnknownElement.java:291)
	at sun.reflect.GeneratedMethodAccessor4.invoke(Unknown Source)
	at sun.reflect.DelegatingMethodAccessorImpl.invoke(DelegatingMethodAccessorImpl.java:43)
	at java.lang.reflect.Method.invoke(Method.java:606)
	at org.apache.tools.ant.dispatch.DispatchUtils.execute(DispatchUtils.java:106)
	at org.apache.tools.ant.Task.perform(Task.java:348)
	at org.apache.tools.ant.Target.execute(Target.java:392)
	at org.apache.tools.ant.Target.performTasks(Target.java:413)
	at org.apache.tools.ant.Project.executeSortedTargets(Project.java:1399)
	at org.apache.tools.ant.Project.executeTarget(Project.java:1368)
	at org.apache.tools.ant.helper.DefaultExecutor.executeTargets(DefaultExecutor.java:41)
	at org.apache.tools.ant.Project.executeTargets(Project.java:1251)
	at org.apache.tools.ant.Main.runBuild(Main.java:811)
	at org.apache.tools.ant.Main.startAnt(Main.java:217)
	at org.apache.tools.ant.launch.Launcher.run(Launcher.java:280)
	at org.apache.tools.ant.launch.Launcher.main(Launcher.java:109)
Caused by: java.lang.IllegalStateException
	... 48 more
--- com.google.javascript.jscomp.CommandLineRunnerTest::testDebugFlag3
junit.framework.AssertionFailedError: 
Expected: throw(new function(){}).a;
Result: function Foo(){}Foo.x=1;function f(){throw(new Foo).x;}f()
Node tree inequality:
Tree1:
BLOCK [synthetic: 1]
    SCRIPT 1 [sourcename: input0] [synthetic: 1]
        THROW 1 [sourcename: input0]
            GETPROP 1 [sourcename: input0]
                NEW 1 [sourcename: input0] [parenthesized: true]
                    FUNCTION  1 [sourcename: input0]
                        NAME  1 [sourcename: input0]
                        LP 1 [sourcename: input0]
                        BLOCK 1 [sourcename: input0]
                STRING a 1 [sourcename: input0]


Tree2:
BLOCK [synthetic: 1]
    SCRIPT 1 [sourcename: input0] [synthetic: 1]
        FUNCTION  1 [sourcename: input0]
            NAME Foo 1 [sourcename: input0]
            LP 1 [sourcename: input0]
            BLOCK 1 [sourcename: input0]
        EXPR_RESULT 1 [sourcename: input0]
            ASSIGN 1 [sourcename: input0]
                GETPROP 1 [sourcename: input0]
                    NAME Foo 1 [sourcename: input0]
                    STRING x 1 [sourcename: input0]
                NUMBER 1.0 1 [sourcename: input0]
        FUNCTION  1 [sourcename: input0]
            NAME f 1 [sourcename: input0]
            LP 1 [sourcename: input0]
            BLOCK 1 [sourcename: input0]
                THROW 1 [sourcename: input0]
                    GETPROP 1 [sourcename: input0]
                        NEW 1 [sourcename: input0]
                            NAME Foo 1 [sourcename: input0]
                        STRING x 1 [sourcename: input0]
        EXPR_RESULT 1 [sourcename: input0]
            CALL 1 [sourcename: input0] [free_call: 1]
                NAME f 1 [sourcename: input0]


Subtree1: SCRIPT 1 [sourcename: input0] [synthetic: 1]
    THROW 1 [sourcename: input0]
        GETPROP 1 [sourcename: input0]
            NEW 1 [sourcename: input0] [parenthesized: true]
                FUNCTION  1 [sourcename: input0]
                    NAME  1 [sourcename: input0]
                    LP 1 [sourcename: input0]
                    BLOCK 1 [sourcename: input0]
            STRING a 1 [sourcename: input0]


Subtree2: SCRIPT 1 [sourcename: input0] [synthetic: 1]
    FUNCTION  1 [sourcename: input0]
        NAME Foo 1 [sourcename: input0]
        LP 1 [sourcename: input0]
        BLOCK 1 [sourcename: input0]
    EXPR_RESULT 1 [sourcename: input0]
        ASSIGN 1 [sourcename: input0]
            GETPROP 1 [sourcename: input0]
                NAME Foo 1 [sourcename: input0]
                STRING x 1 [sourcename: input0]
            NUMBER 1.0 1 [sourcename: input0]
    FUNCTION  1 [sourcename: input0]
        NAME f 1 [sourcename: input0]
        LP 1 [sourcename: input0]
        BLOCK 1 [sourcename: input0]
            THROW 1 [sourcename: input0]
                GETPROP 1 [sourcename: input0]
                    NEW 1 [sourcename: input0]
                        NAME Foo 1 [sourcename: input0]
                    STRING x 1 [sourcename: input0]
    EXPR_RESULT 1 [sourcename: input0]
        CALL 1 [sourcename: input0] [free_call: 1]
            NAME f 1 [sourcename: input0]

	at junit.framework.Assert.fail(Assert.java:57)
	at junit.framework.Assert.assertTrue(Assert.java:22)
	at junit.framework.Assert.assertNull(Assert.java:277)
	at junit.framework.TestCase.assertNull(TestCase.java:447)
	at com.google.javascript.jscomp.CommandLineRunnerTest.test(CommandLineRunnerTest.java:643)
	at com.google.javascript.jscomp.CommandLineRunnerTest.test(CommandLineRunnerTest.java:614)
	at com.google.javascript.jscomp.CommandLineRunnerTest.test(CommandLineRunnerTest.java:606)
	at com.google.javascript.jscomp.CommandLineRunnerTest.testDebugFlag3(CommandLineRunnerTest.java:268)
	at sun.reflect.NativeMethodAccessorImpl.invoke0(Native Method)
	at sun.reflect.NativeMethodAccessorImpl.invoke(NativeMethodAccessorImpl.java:57)
	at sun.reflect.DelegatingMethodAccessorImpl.invoke(DelegatingMethodAccessorImpl.java:43)
	at java.lang.reflect.Method.invoke(Method.java:606)
	at junit.framework.TestCase.runTest(TestCase.java:176)
	at junit.framework.TestCase.runBare(TestCase.java:141)
	at junit.framework.TestResult$1.protect(TestResult.java:122)
	at junit.framework.TestResult.runProtected(TestResult.java:142)
	at junit.framework.TestResult.run(TestResult.java:125)
	at junit.framework.TestCase.run(TestCase.java:129)
	at junit.framework.TestSuite.runTest(TestSuite.java:255)
	at junit.framework.TestSuite.run(TestSuite.java:250)
	at org.apache.tools.ant.taskdefs.optional.junit.JUnitTestRunner.run(JUnitTestRunner.java:520)
	at org.apache.tools.ant.taskdefs.optional.junit.JUnitTask.executeInVM(JUnitTask.java:1478)
	at org.apache.tools.ant.taskdefs.optional.junit.JUnitTask.execute(JUnitTask.java:860)
	at org.apache.tools.ant.taskdefs.optional.junit.JUnitTask.executeOrQueue(JUnitTask.java:1968)
	at org.apache.tools.ant.taskdefs.optional.junit.JUnitTask.execute1(JUnitTask.java:812)
	at org.apache.tools.ant.taskdefs.optional.junit.JUnitTask.execute(JUnitTask.java:2271)
	at org.apache.tools.ant.UnknownElement.execute(UnknownElement.java:291)
	at sun.reflect.GeneratedMethodAccessor4.invoke(Unknown Source)
	at sun.reflect.DelegatingMethodAccessorImpl.invoke(DelegatingMethodAccessorImpl.java:43)
	at java.lang.reflect.Method.invoke(Method.java:606)
	at org.apache.tools.ant.dispatch.DispatchUtils.execute(DispatchUtils.java:106)
	at org.apache.tools.ant.Task.perform(Task.java:348)
	at org.apache.tools.ant.Target.execute(Target.java:392)
	at org.apache.tools.ant.Target.performTasks(Target.java:413)
	at org.apache.tools.ant.Project.executeSortedTargets(Project.java:1399)
	at org.apache.tools.ant.Project.executeTarget(Project.java:1368)
	at org.apache.tools.ant.helper.DefaultExecutor.executeTargets(DefaultExecutor.java:41)
	at org.apache.tools.ant.Project.executeTargets(Project.java:1251)
	at org.apache.tools.ant.Main.runBuild(Main.java:811)
	at org.apache.tools.ant.Main.startAnt(Main.java:217)
	at org.apache.tools.ant.launch.Launcher.run(Launcher.java:280)
	at org.apache.tools.ant.launch.Launcher.main(Launcher.java:109)
--- com.google.javascript.jscomp.CommandLineRunnerTest::testDebugFlag4
junit.framework.AssertionFailedError: 
Expected: throw(new function Foo(){}).$x$;
Result: function Foo(){}Foo.x=1;function f(){throw(new Foo).x;}f()
Node tree inequality:
Tree1:
BLOCK [synthetic: 1]
    SCRIPT 1 [sourcename: input0] [synthetic: 1]
        THROW 1 [sourcename: input0]
            GETPROP 1 [sourcename: input0]
                NEW 1 [sourcename: input0] [parenthesized: true]
                    FUNCTION  1 [sourcename: input0]
                        NAME Foo 1 [sourcename: input0]
                        LP 1 [sourcename: input0]
                        BLOCK 1 [sourcename: input0]
                STRING $x$ 1 [sourcename: input0]


Tree2:
BLOCK [synthetic: 1]
    SCRIPT 1 [sourcename: input0] [synthetic: 1]
        FUNCTION  1 [sourcename: input0]
            NAME Foo 1 [sourcename: input0]
            LP 1 [sourcename: input0]
            BLOCK 1 [sourcename: input0]
        EXPR_RESULT 1 [sourcename: input0]
            ASSIGN 1 [sourcename: input0]
                GETPROP 1 [sourcename: input0]
                    NAME Foo 1 [sourcename: input0]
                    STRING x 1 [sourcename: input0]
                NUMBER 1.0 1 [sourcename: input0]
        FUNCTION  1 [sourcename: input0]
            NAME f 1 [sourcename: input0]
            LP 1 [sourcename: input0]
            BLOCK 1 [sourcename: input0]
                THROW 1 [sourcename: input0]
                    GETPROP 1 [sourcename: input0]
                        NEW 1 [sourcename: input0]
                            NAME Foo 1 [sourcename: input0]
                        STRING x 1 [sourcename: input0]
        EXPR_RESULT 1 [sourcename: input0]
            CALL 1 [sourcename: input0] [free_call: 1]
                NAME f 1 [sourcename: input0]


Subtree1: SCRIPT 1 [sourcename: input0] [synthetic: 1]
    THROW 1 [sourcename: input0]
        GETPROP 1 [sourcename: input0]
            NEW 1 [sourcename: input0] [parenthesized: true]
                FUNCTION  1 [sourcename: input0]
                    NAME Foo 1 [sourcename: input0]
                    LP 1 [sourcename: input0]
                    BLOCK 1 [sourcename: input0]
            STRING $x$ 1 [sourcename: input0]


Subtree2: SCRIPT 1 [sourcename: input0] [synthetic: 1]
    FUNCTION  1 [sourcename: input0]
        NAME Foo 1 [sourcename: input0]
        LP 1 [sourcename: input0]
        BLOCK 1 [sourcename: input0]
    EXPR_RESULT 1 [sourcename: input0]
        ASSIGN 1 [sourcename: input0]
            GETPROP 1 [sourcename: input0]
                NAME Foo 1 [sourcename: input0]
                STRING x 1 [sourcename: input0]
            NUMBER 1.0 1 [sourcename: input0]
    FUNCTION  1 [sourcename: input0]
        NAME f 1 [sourcename: input0]
        LP 1 [sourcename: input0]
        BLOCK 1 [sourcename: input0]
            THROW 1 [sourcename: input0]
                GETPROP 1 [sourcename: input0]
                    NEW 1 [sourcename: input0]
                        NAME Foo 1 [sourcename: input0]
                    STRING x 1 [sourcename: input0]
    EXPR_RESULT 1 [sourcename: input0]
        CALL 1 [sourcename: input0] [free_call: 1]
            NAME f 1 [sourcename: input0]

	at junit.framework.Assert.fail(Assert.java:57)
	at junit.framework.Assert.assertTrue(Assert.java:22)
	at junit.framework.Assert.assertNull(Assert.java:277)
	at junit.framework.TestCase.assertNull(TestCase.java:447)
	at com.google.javascript.jscomp.CommandLineRunnerTest.test(CommandLineRunnerTest.java:643)
	at com.google.javascript.jscomp.CommandLineRunnerTest.test(CommandLineRunnerTest.java:614)
	at com.google.javascript.jscomp.CommandLineRunnerTest.test(CommandLineRunnerTest.java:606)
	at com.google.javascript.jscomp.CommandLineRunnerTest.testDebugFlag4(CommandLineRunnerTest.java:278)
	at sun.reflect.NativeMethodAccessorImpl.invoke0(Native Method)
	at sun.reflect.NativeMethodAccessorImpl.invoke(NativeMethodAccessorImpl.java:57)
	at sun.reflect.DelegatingMethodAccessorImpl.invoke(DelegatingMethodAccessorImpl.java:43)
	at java.lang.reflect.Method.invoke(Method.java:606)
	at junit.framework.TestCase.runTest(TestCase.java:176)
	at junit.framework.TestCase.runBare(TestCase.java:141)
	at junit.framework.TestResult$1.protect(TestResult.java:122)
	at junit.framework.TestResult.runProtected(TestResult.java:142)
	at junit.framework.TestResult.run(TestResult.java:125)
	at junit.framework.TestCase.run(TestCase.java:129)
	at junit.framework.TestSuite.runTest(TestSuite.java:255)
	at junit.framework.TestSuite.run(TestSuite.java:250)
	at org.apache.tools.ant.taskdefs.optional.junit.JUnitTestRunner.run(JUnitTestRunner.java:520)
	at org.apache.tools.ant.taskdefs.optional.junit.JUnitTask.executeInVM(JUnitTask.java:1478)
	at org.apache.tools.ant.taskdefs.optional.junit.JUnitTask.execute(JUnitTask.java:860)
	at org.apache.tools.ant.taskdefs.optional.junit.JUnitTask.executeOrQueue(JUnitTask.java:1968)
	at org.apache.tools.ant.taskdefs.optional.junit.JUnitTask.execute1(JUnitTask.java:812)
	at org.apache.tools.ant.taskdefs.optional.junit.JUnitTask.execute(JUnitTask.java:2271)
	at org.apache.tools.ant.UnknownElement.execute(UnknownElement.java:291)
	at sun.reflect.GeneratedMethodAccessor4.invoke(Unknown Source)
	at sun.reflect.DelegatingMethodAccessorImpl.invoke(DelegatingMethodAccessorImpl.java:43)
	at java.lang.reflect.Method.invoke(Method.java:606)
	at org.apache.tools.ant.dispatch.DispatchUtils.execute(DispatchUtils.java:106)
	at org.apache.tools.ant.Task.perform(Task.java:348)
	at org.apache.tools.ant.Target.execute(Target.java:392)
	at org.apache.tools.ant.Target.performTasks(Target.java:413)
	at org.apache.tools.ant.Project.executeSortedTargets(Project.java:1399)
	at org.apache.tools.ant.Project.executeTarget(Project.java:1368)
	at org.apache.tools.ant.helper.DefaultExecutor.executeTargets(DefaultExecutor.java:41)
	at org.apache.tools.ant.Project.executeTargets(Project.java:1251)
	at org.apache.tools.ant.Main.runBuild(Main.java:811)
	at org.apache.tools.ant.Main.startAnt(Main.java:217)
	at org.apache.tools.ant.launch.Launcher.run(Launcher.java:280)
	at org.apache.tools.ant.launch.Launcher.main(Launcher.java:109)
--- com.google.javascript.jscomp.NormalizeTest::testRenamingConstantProperties
java.lang.RuntimeException: INTERNAL COMPILER ERROR.
Please report this problem.
null
	at com.google.common.base.Preconditions.checkState(Preconditions.java:129)
	at com.google.javascript.jscomp.NodeTraversal.pushScope(NodeTraversal.java:523)
	at com.google.javascript.jscomp.NodeTraversal.traverse(NodeTraversal.java:248)
	at com.google.javascript.jscomp.NodeTraversal.traverse(NodeTraversal.java:422)
	at com.google.javascript.jscomp.CollapseProperties.checkForHosedThisReferences(CollapseProperties.java:643)
	at com.google.javascript.jscomp.CollapseProperties.updateSimpleDeclaration(CollapseProperties.java:485)
	at com.google.javascript.jscomp.CollapseProperties.collapseDeclarationOfNameAndDescendants(CollapseProperties.java:459)
	at com.google.javascript.jscomp.CollapseProperties.process(CollapseProperties.java:139)
	at com.google.javascript.jscomp.NormalizeTest$WithCollapse$1.process(NormalizeTest.java:474)
	at com.google.javascript.jscomp.CompilerTestCase.test(CompilerTestCase.java:715)
	at com.google.javascript.jscomp.CompilerTestCase.test(CompilerTestCase.java:377)
	at com.google.javascript.jscomp.CompilerTestCase.test(CompilerTestCase.java:306)
	at com.google.javascript.jscomp.CompilerTestCase.test(CompilerTestCase.java:275)
	at com.google.javascript.jscomp.CompilerTestCase.test(CompilerTestCase.java:263)
	at com.google.javascript.jscomp.NormalizeTest$WithCollapse.testConstantProperties(NormalizeTest.java:440)
	at com.google.javascript.jscomp.NormalizeTest$WithCollapse.access$000(NormalizeTest.java:434)
	at com.google.javascript.jscomp.NormalizeTest.testRenamingConstantProperties(NormalizeTest.java:431)
	at sun.reflect.NativeMethodAccessorImpl.invoke0(Native Method)
	at sun.reflect.NativeMethodAccessorImpl.invoke(NativeMethodAccessorImpl.java:57)
	at sun.reflect.DelegatingMethodAccessorImpl.invoke(DelegatingMethodAccessorImpl.java:43)
	at java.lang.reflect.Method.invoke(Method.java:606)
	at junit.framework.TestCase.runTest(TestCase.java:176)
	at junit.framework.TestCase.runBare(TestCase.java:141)
	at junit.framework.TestResult$1.protect(TestResult.java:122)
	at junit.framework.TestResult.runProtected(TestResult.java:142)
	at junit.framework.TestResult.run(TestResult.java:125)
	at junit.framework.TestCase.run(TestCase.java:129)
	at junit.framework.TestSuite.runTest(TestSuite.java:255)
	at junit.framework.TestSuite.run(TestSuite.java:250)
	at org.apache.tools.ant.taskdefs.optional.junit.JUnitTestRunner.run(JUnitTestRunner.java:520)
	at org.apache.tools.ant.taskdefs.optional.junit.JUnitTask.executeInVM(JUnitTask.java:1478)
	at org.apache.tools.ant.taskdefs.optional.junit.JUnitTask.execute(JUnitTask.java:860)
	at org.apache.tools.ant.taskdefs.optional.junit.JUnitTask.executeOrQueue(JUnitTask.java:1968)
	at org.apache.tools.ant.taskdefs.optional.junit.JUnitTask.execute1(JUnitTask.java:812)
	at org.apache.tools.ant.taskdefs.optional.junit.JUnitTask.execute(JUnitTask.java:2271)
	at org.apache.tools.ant.UnknownElement.execute(UnknownElement.java:291)
	at sun.reflect.GeneratedMethodAccessor4.invoke(Unknown Source)
	at sun.reflect.DelegatingMethodAccessorImpl.invoke(DelegatingMethodAccessorImpl.java:43)
	at java.lang.reflect.Method.invoke(Method.java:606)
	at org.apache.tools.ant.dispatch.DispatchUtils.execute(DispatchUtils.java:106)
	at org.apache.tools.ant.Task.perform(Task.java:348)
	at org.apache.tools.ant.Target.execute(Target.java:392)
	at org.apache.tools.ant.Target.performTasks(Target.java:413)
	at org.apache.tools.ant.Project.executeSortedTargets(Project.java:1399)
	at org.apache.tools.ant.Project.executeTarget(Project.java:1368)
	at org.apache.tools.ant.helper.DefaultExecutor.executeTargets(DefaultExecutor.java:41)
	at org.apache.tools.ant.Project.executeTargets(Project.java:1251)
	at org.apache.tools.ant.Main.runBuild(Main.java:811)
	at org.apache.tools.ant.Main.startAnt(Main.java:217)
	at org.apache.tools.ant.launch.Launcher.run(Launcher.java:280)
	at org.apache.tools.ant.launch.Launcher.main(Launcher.java:109)
Caused by: java.lang.IllegalStateException
	... 51 more
