--- com.google.javascript.jscomp.TypeCheckTest::testQualifiedNameInference5
java.lang.RuntimeException: INTERNAL COMPILER ERROR.
Please report this problem.
null
	at com.google.javascript.jscomp.TypedScopeCreator$AbstractScopeBuilder.defineSlot(TypedScopeCreator.java:905)
	at com.google.javascript.jscomp.TypedScopeCreator$AbstractScopeBuilder.maybeDeclareQualifiedName(TypedScopeCreator.java:1193)
	at com.google.javascript.jscomp.TypedScopeCreator$AbstractScopeBuilder.visit(TypedScopeCreator.java:457)
	at com.google.javascript.jscomp.TypedScopeCreator$LocalScopeBuilder.visit(TypedScopeCreator.java:1483)
	at com.google.javascript.jscomp.NodeTraversal.traverseBranch(NodeTraversal.java:464)
	at com.google.javascript.jscomp.NodeTraversal.traverseBranch(NodeTraversal.java:457)
	at com.google.javascript.jscomp.NodeTraversal.traverseBranch(NodeTraversal.java:457)
	at com.google.javascript.jscomp.NodeTraversal.traverseFunction(NodeTraversal.java:502)
	at com.google.javascript.jscomp.NodeTraversal.traverseBranch(NodeTraversal.java:449)
	at com.google.javascript.jscomp.NodeTraversal.traverse(NodeTraversal.java:249)
	at com.google.javascript.jscomp.NodeTraversal.traverse(NodeTraversal.java:422)
	at com.google.javascript.jscomp.TypedScopeCreator$LocalScopeBuilder.build(TypedScopeCreator.java:1464)
	at com.google.javascript.jscomp.TypedScopeCreator.createScope(TypedScopeCreator.java:173)
	at com.google.javascript.jscomp.MemoizedScopeCreator.createScope(MemoizedScopeCreator.java:53)
	at com.google.javascript.jscomp.NodeTraversal.getScope(NodeTraversal.java:563)
	at com.google.javascript.jscomp.TypeInferencePass$TypeInferringCallback.enterScope(TypeInferencePass.java:121)
	at com.google.javascript.jscomp.NodeTraversal.pushScope(NodeTraversal.java:527)
	at com.google.javascript.jscomp.NodeTraversal.traverseFunction(NodeTraversal.java:485)
	at com.google.javascript.jscomp.NodeTraversal.traverseBranch(NodeTraversal.java:449)
	at com.google.javascript.jscomp.NodeTraversal.traverseBranch(NodeTraversal.java:457)
	at com.google.javascript.jscomp.NodeTraversal.traverseBranch(NodeTraversal.java:457)
	at com.google.javascript.jscomp.NodeTraversal.traverseBranch(NodeTraversal.java:457)
	at com.google.javascript.jscomp.NodeTraversal.traverseBranch(NodeTraversal.java:457)
	at com.google.javascript.jscomp.NodeTraversal.traverseWithScope(NodeTraversal.java:312)
	at com.google.javascript.jscomp.TypeInferencePass.inferTypes(TypeInferencePass.java:90)
	at com.google.javascript.jscomp.TypeInferencePass.process(TypeInferencePass.java:83)
	at com.google.javascript.jscomp.TypeCheck.processForTesting(TypeCheck.java:356)
	at com.google.javascript.jscomp.TypeCheckTest.parseAndTypeCheckWithScope(TypeCheckTest.java:7410)
	at com.google.javascript.jscomp.TypeCheckTest.parseAndTypeCheck(TypeCheckTest.java:7383)
	at com.google.javascript.jscomp.TypeCheckTest.testTypes(TypeCheckTest.java:7350)
	at com.google.javascript.jscomp.TypeCheckTest.testTypes(TypeCheckTest.java:7345)
	at com.google.javascript.jscomp.TypeCheckTest.testTypes(TypeCheckTest.java:7298)
	at com.google.javascript.jscomp.TypeCheckTest.testQualifiedNameInference5(TypeCheckTest.java:4761)
	at sun.reflect.NativeMethodAccessorImpl.invoke0(Native Method)
	at sun.reflect.NativeMethodAccessorImpl.invoke(NativeMethodAccessorImpl.java:57)
	at sun.reflect.DelegatingMethodAccessorImpl.invoke(DelegatingMethodAccessorImpl.java:43)
	at java.lang.reflect.Method.invoke(Method.java:606)
	at junit.framework.TestCase.runTest(TestCase.java:176)
	at junit.framework.TestCase.runBare(TestCase.java:141)
	at junit.framework.TestResult$1.protect(TestResult.java:122)
	at junit.framework.TestResult.runProtected(TestResult.java:142)
	at junit.framework.TestResult.run(TestResult.java:125)
	at junit.framework.TestCase.run(TestCase.java:129)
	at junit.framework.TestSuite.runTest(TestSuite.java:255)
	at junit.framework.TestSuite.run(TestSuite.java:250)
	at org.apache.tools.ant.taskdefs.optional.junit.JUnitTestRunner.run(JUnitTestRunner.java:520)
	at org.apache.tools.ant.taskdefs.optional.junit.JUnitTask.executeInVM(JUnitTask.java:1478)
	at org.apache.tools.ant.taskdefs.optional.junit.JUnitTask.execute(JUnitTask.java:860)
	at org.apache.tools.ant.taskdefs.optional.junit.JUnitTask.executeOrQueue(JUnitTask.java:1968)
	at org.apache.tools.ant.taskdefs.optional.junit.JUnitTask.execute1(JUnitTask.java:812)
	at org.apache.tools.ant.taskdefs.optional.junit.JUnitTask.execute(JUnitTask.java:2271)
	at org.apache.tools.ant.UnknownElement.execute(UnknownElement.java:291)
	at sun.reflect.GeneratedMethodAccessor4.invoke(Unknown Source)
	at sun.reflect.DelegatingMethodAccessorImpl.invoke(DelegatingMethodAccessorImpl.java:43)
	at java.lang.reflect.Method.invoke(Method.java:606)
	at org.apache.tools.ant.dispatch.DispatchUtils.execute(DispatchUtils.java:106)
	at org.apache.tools.ant.Task.perform(Task.java:348)
	at org.apache.tools.ant.Target.execute(Target.java:392)
	at org.apache.tools.ant.Target.performTasks(Target.java:413)
	at org.apache.tools.ant.Project.executeSortedTargets(Project.java:1399)
	at org.apache.tools.ant.Project.executeTarget(Project.java:1368)
	at org.apache.tools.ant.helper.DefaultExecutor.executeTargets(DefaultExecutor.java:41)
	at org.apache.tools.ant.Project.executeTargets(Project.java:1251)
	at org.apache.tools.ant.Main.runBuild(Main.java:811)
	at org.apache.tools.ant.Main.startAnt(Main.java:217)
	at org.apache.tools.ant.launch.Launcher.run(Launcher.java:280)
	at org.apache.tools.ant.launch.Launcher.main(Launcher.java:109)
Caused by: java.lang.NullPointerException
	... 67 more
--- com.google.javascript.jscomp.TypeCheckTest::testQualifiedNameInference6
java.lang.RuntimeException: INTERNAL COMPILER ERROR.
Please report this problem.
null
	at com.google.javascript.jscomp.TypedScopeCreator$AbstractScopeBuilder.defineSlot(TypedScopeCreator.java:905)
	at com.google.javascript.jscomp.TypedScopeCreator$AbstractScopeBuilder.maybeDeclareQualifiedName(TypedScopeCreator.java:1193)
	at com.google.javascript.jscomp.TypedScopeCreator$AbstractScopeBuilder.visit(TypedScopeCreator.java:457)
	at com.google.javascript.jscomp.TypedScopeCreator$LocalScopeBuilder.visit(TypedScopeCreator.java:1483)
	at com.google.javascript.jscomp.NodeTraversal.traverseBranch(NodeTraversal.java:464)
	at com.google.javascript.jscomp.NodeTraversal.traverseBranch(NodeTraversal.java:457)
	at com.google.javascript.jscomp.NodeTraversal.traverseBranch(NodeTraversal.java:457)
	at com.google.javascript.jscomp.NodeTraversal.traverseFunction(NodeTraversal.java:502)
	at com.google.javascript.jscomp.NodeTraversal.traverseBranch(NodeTraversal.java:449)
	at com.google.javascript.jscomp.NodeTraversal.traverse(NodeTraversal.java:249)
	at com.google.javascript.jscomp.NodeTraversal.traverse(NodeTraversal.java:422)
	at com.google.javascript.jscomp.TypedScopeCreator$LocalScopeBuilder.build(TypedScopeCreator.java:1464)
	at com.google.javascript.jscomp.TypedScopeCreator.createScope(TypedScopeCreator.java:173)
	at com.google.javascript.jscomp.MemoizedScopeCreator.createScope(MemoizedScopeCreator.java:53)
	at com.google.javascript.jscomp.NodeTraversal.getScope(NodeTraversal.java:563)
	at com.google.javascript.jscomp.TypeInferencePass$TypeInferringCallback.enterScope(TypeInferencePass.java:121)
	at com.google.javascript.jscomp.NodeTraversal.pushScope(NodeTraversal.java:527)
	at com.google.javascript.jscomp.NodeTraversal.traverseFunction(NodeTraversal.java:485)
	at com.google.javascript.jscomp.NodeTraversal.traverseBranch(NodeTraversal.java:449)
	at com.google.javascript.jscomp.NodeTraversal.traverseBranch(NodeTraversal.java:457)
	at com.google.javascript.jscomp.NodeTraversal.traverseBranch(NodeTraversal.java:457)
	at com.google.javascript.jscomp.NodeTraversal.traverseBranch(NodeTraversal.java:457)
	at com.google.javascript.jscomp.NodeTraversal.traverseBranch(NodeTraversal.java:457)
	at com.google.javascript.jscomp.NodeTraversal.traverseWithScope(NodeTraversal.java:312)
	at com.google.javascript.jscomp.TypeInferencePass.inferTypes(TypeInferencePass.java:90)
	at com.google.javascript.jscomp.TypeInferencePass.process(TypeInferencePass.java:83)
	at com.google.javascript.jscomp.TypeCheck.processForTesting(TypeCheck.java:356)
	at com.google.javascript.jscomp.TypeCheckTest.parseAndTypeCheckWithScope(TypeCheckTest.java:7410)
	at com.google.javascript.jscomp.TypeCheckTest.parseAndTypeCheck(TypeCheckTest.java:7383)
	at com.google.javascript.jscomp.TypeCheckTest.testTypes(TypeCheckTest.java:7350)
	at com.google.javascript.jscomp.TypeCheckTest.testTypes(TypeCheckTest.java:7345)
	at com.google.javascript.jscomp.TypeCheckTest.testTypes(TypeCheckTest.java:7298)
	at com.google.javascript.jscomp.TypeCheckTest.testQualifiedNameInference6(TypeCheckTest.java:4772)
	at sun.reflect.NativeMethodAccessorImpl.invoke0(Native Method)
	at sun.reflect.NativeMethodAccessorImpl.invoke(NativeMethodAccessorImpl.java:57)
	at sun.reflect.DelegatingMethodAccessorImpl.invoke(DelegatingMethodAccessorImpl.java:43)
	at java.lang.reflect.Method.invoke(Method.java:606)
	at junit.framework.TestCase.runTest(TestCase.java:176)
	at junit.framework.TestCase.runBare(TestCase.java:141)
	at junit.framework.TestResult$1.protect(TestResult.java:122)
	at junit.framework.TestResult.runProtected(TestResult.java:142)
	at junit.framework.TestResult.run(TestResult.java:125)
	at junit.framework.TestCase.run(TestCase.java:129)
	at junit.framework.TestSuite.runTest(TestSuite.java:255)
	at junit.framework.TestSuite.run(TestSuite.java:250)
	at org.apache.tools.ant.taskdefs.optional.junit.JUnitTestRunner.run(JUnitTestRunner.java:520)
	at org.apache.tools.ant.taskdefs.optional.junit.JUnitTask.executeInVM(JUnitTask.java:1478)
	at org.apache.tools.ant.taskdefs.optional.junit.JUnitTask.execute(JUnitTask.java:860)
	at org.apache.tools.ant.taskdefs.optional.junit.JUnitTask.executeOrQueue(JUnitTask.java:1968)
	at org.apache.tools.ant.taskdefs.optional.junit.JUnitTask.execute1(JUnitTask.java:812)
	at org.apache.tools.ant.taskdefs.optional.junit.JUnitTask.execute(JUnitTask.java:2271)
	at org.apache.tools.ant.UnknownElement.execute(UnknownElement.java:291)
	at sun.reflect.GeneratedMethodAccessor4.invoke(Unknown Source)
	at sun.reflect.DelegatingMethodAccessorImpl.invoke(DelegatingMethodAccessorImpl.java:43)
	at java.lang.reflect.Method.invoke(Method.java:606)
	at org.apache.tools.ant.dispatch.DispatchUtils.execute(DispatchUtils.java:106)
	at org.apache.tools.ant.Task.perform(Task.java:348)
	at org.apache.tools.ant.Target.execute(Target.java:392)
	at org.apache.tools.ant.Target.performTasks(Target.java:413)
	at org.apache.tools.ant.Project.executeSortedTargets(Project.java:1399)
	at org.apache.tools.ant.Project.executeTarget(Project.java:1368)
	at org.apache.tools.ant.helper.DefaultExecutor.executeTargets(DefaultExecutor.java:41)
	at org.apache.tools.ant.Project.executeTargets(Project.java:1251)
	at org.apache.tools.ant.Main.runBuild(Main.java:811)
	at org.apache.tools.ant.Main.startAnt(Main.java:217)
	at org.apache.tools.ant.launch.Launcher.run(Launcher.java:280)
	at org.apache.tools.ant.launch.Launcher.main(Launcher.java:109)
Caused by: java.lang.NullPointerException
	... 67 more
--- com.google.javascript.jscomp.TypedScopeCreatorTest::testGlobalQualifiedNameInLocalScope
java.lang.RuntimeException: INTERNAL COMPILER ERROR.
Please report this problem.
null
	at com.google.javascript.jscomp.TypedScopeCreator$AbstractScopeBuilder.defineSlot(TypedScopeCreator.java:905)
	at com.google.javascript.jscomp.TypedScopeCreator$AbstractScopeBuilder.maybeDeclareQualifiedName(TypedScopeCreator.java:1193)
	at com.google.javascript.jscomp.TypedScopeCreator$AbstractScopeBuilder.visit(TypedScopeCreator.java:457)
	at com.google.javascript.jscomp.TypedScopeCreator$LocalScopeBuilder.visit(TypedScopeCreator.java:1483)
	at com.google.javascript.jscomp.NodeTraversal.traverseBranch(NodeTraversal.java:464)
	at com.google.javascript.jscomp.NodeTraversal.traverseBranch(NodeTraversal.java:457)
	at com.google.javascript.jscomp.NodeTraversal.traverseBranch(NodeTraversal.java:457)
	at com.google.javascript.jscomp.NodeTraversal.traverseFunction(NodeTraversal.java:502)
	at com.google.javascript.jscomp.NodeTraversal.traverseBranch(NodeTraversal.java:449)
	at com.google.javascript.jscomp.NodeTraversal.traverse(NodeTraversal.java:249)
	at com.google.javascript.jscomp.NodeTraversal.traverse(NodeTraversal.java:422)
	at com.google.javascript.jscomp.TypedScopeCreator$LocalScopeBuilder.build(TypedScopeCreator.java:1464)
	at com.google.javascript.jscomp.TypedScopeCreator.createScope(TypedScopeCreator.java:173)
	at com.google.javascript.jscomp.MemoizedScopeCreator.createScope(MemoizedScopeCreator.java:53)
	at com.google.javascript.jscomp.NodeTraversal.getScope(NodeTraversal.java:563)
	at com.google.javascript.jscomp.TypeInferencePass$TypeInferringCallback.enterScope(TypeInferencePass.java:121)
	at com.google.javascript.jscomp.NodeTraversal.pushScope(NodeTraversal.java:527)
	at com.google.javascript.jscomp.NodeTraversal.traverseFunction(NodeTraversal.java:485)
	at com.google.javascript.jscomp.NodeTraversal.traverseBranch(NodeTraversal.java:449)
	at com.google.javascript.jscomp.NodeTraversal.traverseBranch(NodeTraversal.java:457)
	at com.google.javascript.jscomp.NodeTraversal.traverseBranch(NodeTraversal.java:457)
	at com.google.javascript.jscomp.NodeTraversal.traverseBranch(NodeTraversal.java:457)
	at com.google.javascript.jscomp.NodeTraversal.traverseBranch(NodeTraversal.java:457)
	at com.google.javascript.jscomp.NodeTraversal.traverseBranch(NodeTraversal.java:457)
	at com.google.javascript.jscomp.NodeTraversal.traverseWithScope(NodeTraversal.java:312)
	at com.google.javascript.jscomp.TypeInferencePass.inferTypes(TypeInferencePass.java:90)
	at com.google.javascript.jscomp.TypeInferencePass.process(TypeInferencePass.java:83)
	at com.google.javascript.jscomp.TypedScopeCreatorTest$2.process(TypedScopeCreatorTest.java:78)
	at com.google.javascript.jscomp.CompilerTestCase.test(CompilerTestCase.java:715)
	at com.google.javascript.jscomp.CompilerTestCase.test(CompilerTestCase.java:377)
	at com.google.javascript.jscomp.CompilerTestCase.test(CompilerTestCase.java:306)
	at com.google.javascript.jscomp.CompilerTestCase.test(CompilerTestCase.java:275)
	at com.google.javascript.jscomp.CompilerTestCase.test(CompilerTestCase.java:263)
	at com.google.javascript.jscomp.CompilerTestCase.testSame(CompilerTestCase.java:491)
	at com.google.javascript.jscomp.TypedScopeCreatorTest.testGlobalQualifiedNameInLocalScope(TypedScopeCreatorTest.java:776)
	at sun.reflect.NativeMethodAccessorImpl.invoke0(Native Method)
	at sun.reflect.NativeMethodAccessorImpl.invoke(NativeMethodAccessorImpl.java:57)
	at sun.reflect.DelegatingMethodAccessorImpl.invoke(DelegatingMethodAccessorImpl.java:43)
	at java.lang.reflect.Method.invoke(Method.java:606)
	at junit.framework.TestCase.runTest(TestCase.java:176)
	at junit.framework.TestCase.runBare(TestCase.java:141)
	at junit.framework.TestResult$1.protect(TestResult.java:122)
	at junit.framework.TestResult.runProtected(TestResult.java:142)
	at junit.framework.TestResult.run(TestResult.java:125)
	at junit.framework.TestCase.run(TestCase.java:129)
	at junit.framework.TestSuite.runTest(TestSuite.java:255)
	at junit.framework.TestSuite.run(TestSuite.java:250)
	at org.apache.tools.ant.taskdefs.optional.junit.JUnitTestRunner.run(JUnitTestRunner.java:520)
	at org.apache.tools.ant.taskdefs.optional.junit.JUnitTask.executeInVM(JUnitTask.java:1478)
	at org.apache.tools.ant.taskdefs.optional.junit.JUnitTask.execute(JUnitTask.java:860)
	at org.apache.tools.ant.taskdefs.optional.junit.JUnitTask.executeOrQueue(JUnitTask.java:1968)
	at org.apache.tools.ant.taskdefs.optional.junit.JUnitTask.execute1(JUnitTask.java:812)
	at org.apache.tools.ant.taskdefs.optional.junit.JUnitTask.execute(JUnitTask.java:2271)
	at org.apache.tools.ant.UnknownElement.execute(UnknownElement.java:291)
	at sun.reflect.GeneratedMethodAccessor4.invoke(Unknown Source)
	at sun.reflect.DelegatingMethodAccessorImpl.invoke(DelegatingMethodAccessorImpl.java:43)
	at java.lang.reflect.Method.invoke(Method.java:606)
	at org.apache.tools.ant.dispatch.DispatchUtils.execute(DispatchUtils.java:106)
	at org.apache.tools.ant.Task.perform(Task.java:348)
	at org.apache.tools.ant.Target.execute(Target.java:392)
	at org.apache.tools.ant.Target.performTasks(Target.java:413)
	at org.apache.tools.ant.Project.executeSortedTargets(Project.java:1399)
	at org.apache.tools.ant.Project.executeTarget(Project.java:1368)
	at org.apache.tools.ant.helper.DefaultExecutor.executeTargets(DefaultExecutor.java:41)
	at org.apache.tools.ant.Project.executeTargets(Project.java:1251)
	at org.apache.tools.ant.Main.runBuild(Main.java:811)
	at org.apache.tools.ant.Main.startAnt(Main.java:217)
	at org.apache.tools.ant.launch.Launcher.run(Launcher.java:280)
	at org.apache.tools.ant.launch.Launcher.main(Launcher.java:109)
Caused by: java.lang.NullPointerException
	... 69 more
