--- com.google.javascript.jscomp.CheckGlobalThisTest::testGlobalThis5
java.lang.RuntimeException: INTERNAL COMPILER ERROR.
Please report this problem.
null
  Node(THIS): testcode:1:5
[source unknown]
  Parent(ASSIGN): testcode:1:3
[source unknown]

	at com.google.javascript.jscomp.CheckGlobalThis.shouldTraverse(CheckGlobalThis.java:132)
	at com.google.javascript.jscomp.CombinedCompilerPass$CallbackWrapper.shouldTraverseIfActive(CombinedCompilerPass.java:114)
	at com.google.javascript.jscomp.CombinedCompilerPass.shouldTraverse(CombinedCompilerPass.java:144)
	at com.google.javascript.jscomp.NodeTraversal.traverseBranch(NodeTraversal.java:449)
	at com.google.javascript.jscomp.NodeTraversal.traverseBranch(NodeTraversal.java:470)
	at com.google.javascript.jscomp.NodeTraversal.traverseBranch(NodeTraversal.java:470)
	at com.google.javascript.jscomp.NodeTraversal.traverseBranch(NodeTraversal.java:470)
	at com.google.javascript.jscomp.NodeTraversal.traverseBranch(NodeTraversal.java:470)
	at com.google.javascript.jscomp.NodeTraversal.traverseBranch(NodeTraversal.java:470)
	at com.google.javascript.jscomp.NodeTraversal.traverseBranch(NodeTraversal.java:470)
	at com.google.javascript.jscomp.NodeTraversal.traverse(NodeTraversal.java:253)
	at com.google.javascript.jscomp.NodeTraversal.traverse(NodeTraversal.java:426)
	at com.google.javascript.jscomp.CombinedCompilerPass.process(CombinedCompilerPass.java:138)
	at com.google.javascript.jscomp.CompilerTestCase.test(CompilerTestCase.java:694)
	at com.google.javascript.jscomp.CompilerTestCase.test(CompilerTestCase.java:372)
	at com.google.javascript.jscomp.CompilerTestCase.test(CompilerTestCase.java:301)
	at com.google.javascript.jscomp.CompilerTestCase.test(CompilerTestCase.java:270)
	at com.google.javascript.jscomp.CheckGlobalThisTest.testFailure(CheckGlobalThisTest.java:36)
	at com.google.javascript.jscomp.CheckGlobalThisTest.testGlobalThis5(CheckGlobalThisTest.java:56)
	at sun.reflect.NativeMethodAccessorImpl.invoke0(Native Method)
	at sun.reflect.NativeMethodAccessorImpl.invoke(NativeMethodAccessorImpl.java:57)
	at sun.reflect.DelegatingMethodAccessorImpl.invoke(DelegatingMethodAccessorImpl.java:43)
	at java.lang.reflect.Method.invoke(Method.java:606)
	at junit.framework.TestCase.runTest(TestCase.java:176)
	at junit.framework.TestCase.runBare(TestCase.java:141)
	at junit.framework.TestResult$1.protect(TestResult.java:122)
	at junit.framework.TestResult.runProtected(TestResult.java:142)
	at junit.framework.TestResult.run(TestResult.java:125)
	at junit.framework.TestCase.run(TestCase.java:129)
	at junit.framework.TestSuite.runTest(TestSuite.java:255)
	at junit.framework.TestSuite.run(TestSuite.java:250)
	at org.apache.tools.ant.taskdefs.optional.junit.JUnitTestRunner.run(JUnitTestRunner.java:520)
	at org.apache.tools.ant.taskdefs.optional.junit.JUnitTask.executeInVM(JUnitTask.java:1478)
	at org.apache.tools.ant.taskdefs.optional.junit.JUnitTask.execute(JUnitTask.java:860)
	at org.apache.tools.ant.taskdefs.optional.junit.JUnitTask.executeOrQueue(JUnitTask.java:1968)
	at org.apache.tools.ant.taskdefs.optional.junit.JUnitTask.execute1(JUnitTask.java:812)
	at org.apache.tools.ant.taskdefs.optional.junit.JUnitTask.execute(JUnitTask.java:2271)
	at org.apache.tools.ant.UnknownElement.execute(UnknownElement.java:291)
	at sun.reflect.GeneratedMethodAccessor4.invoke(Unknown Source)
	at sun.reflect.DelegatingMethodAccessorImpl.invoke(DelegatingMethodAccessorImpl.java:43)
	at java.lang.reflect.Method.invoke(Method.java:606)
	at org.apache.tools.ant.dispatch.DispatchUtils.execute(DispatchUtils.java:106)
	at org.apache.tools.ant.Task.perform(Task.java:348)
	at org.apache.tools.ant.Target.execute(Target.java:392)
	at org.apache.tools.ant.Target.performTasks(Target.java:413)
	at org.apache.tools.ant.Project.executeSortedTargets(Project.java:1399)
	at org.apache.tools.ant.Project.executeTarget(Project.java:1368)
	at org.apache.tools.ant.helper.DefaultExecutor.executeTargets(DefaultExecutor.java:41)
	at org.apache.tools.ant.Project.executeTargets(Project.java:1251)
	at org.apache.tools.ant.Main.runBuild(Main.java:811)
	at org.apache.tools.ant.Main.startAnt(Main.java:217)
	at org.apache.tools.ant.launch.Launcher.run(Launcher.java:280)
	at org.apache.tools.ant.launch.Launcher.main(Launcher.java:109)
Caused by: java.lang.NullPointerException
	... 53 more
--- com.google.javascript.jscomp.CheckGlobalThisTest::testGlobalThis6
java.lang.RuntimeException: INTERNAL COMPILER ERROR.
Please report this problem.
null
  Node(THIS): testcode:1:4
[source unknown]
  Parent(ASSIGN): testcode:1:2
[source unknown]

	at com.google.javascript.jscomp.CheckGlobalThis.shouldTraverse(CheckGlobalThis.java:132)
	at com.google.javascript.jscomp.CombinedCompilerPass$CallbackWrapper.shouldTraverseIfActive(CombinedCompilerPass.java:114)
	at com.google.javascript.jscomp.CombinedCompilerPass.shouldTraverse(CombinedCompilerPass.java:144)
	at com.google.javascript.jscomp.NodeTraversal.traverseBranch(NodeTraversal.java:449)
	at com.google.javascript.jscomp.NodeTraversal.traverseBranch(NodeTraversal.java:470)
	at com.google.javascript.jscomp.NodeTraversal.traverseBranch(NodeTraversal.java:470)
	at com.google.javascript.jscomp.NodeTraversal.traverseBranch(NodeTraversal.java:470)
	at com.google.javascript.jscomp.NodeTraversal.traverseBranch(NodeTraversal.java:470)
	at com.google.javascript.jscomp.NodeTraversal.traverse(NodeTraversal.java:253)
	at com.google.javascript.jscomp.NodeTraversal.traverse(NodeTraversal.java:426)
	at com.google.javascript.jscomp.CombinedCompilerPass.process(CombinedCompilerPass.java:138)
	at com.google.javascript.jscomp.CompilerTestCase.test(CompilerTestCase.java:694)
	at com.google.javascript.jscomp.CompilerTestCase.test(CompilerTestCase.java:372)
	at com.google.javascript.jscomp.CompilerTestCase.test(CompilerTestCase.java:301)
	at com.google.javascript.jscomp.CompilerTestCase.test(CompilerTestCase.java:270)
	at com.google.javascript.jscomp.CompilerTestCase.test(CompilerTestCase.java:258)
	at com.google.javascript.jscomp.CompilerTestCase.testSame(CompilerTestCase.java:486)
	at com.google.javascript.jscomp.CheckGlobalThisTest.testGlobalThis6(CheckGlobalThisTest.java:60)
	at sun.reflect.NativeMethodAccessorImpl.invoke0(Native Method)
	at sun.reflect.NativeMethodAccessorImpl.invoke(NativeMethodAccessorImpl.java:57)
	at sun.reflect.DelegatingMethodAccessorImpl.invoke(DelegatingMethodAccessorImpl.java:43)
	at java.lang.reflect.Method.invoke(Method.java:606)
	at junit.framework.TestCase.runTest(TestCase.java:176)
	at junit.framework.TestCase.runBare(TestCase.java:141)
	at junit.framework.TestResult$1.protect(TestResult.java:122)
	at junit.framework.TestResult.runProtected(TestResult.java:142)
	at junit.framework.TestResult.run(TestResult.java:125)
	at junit.framework.TestCase.run(TestCase.java:129)
	at junit.framework.TestSuite.runTest(TestSuite.java:255)
	at junit.framework.TestSuite.run(TestSuite.java:250)
	at org.apache.tools.ant.taskdefs.optional.junit.JUnitTestRunner.run(JUnitTestRunner.java:520)
	at org.apache.tools.ant.taskdefs.optional.junit.JUnitTask.executeInVM(JUnitTask.java:1478)
	at org.apache.tools.ant.taskdefs.optional.junit.JUnitTask.execute(JUnitTask.java:860)
	at org.apache.tools.ant.taskdefs.optional.junit.JUnitTask.executeOrQueue(JUnitTask.java:1968)
	at org.apache.tools.ant.taskdefs.optional.junit.JUnitTask.execute1(JUnitTask.java:812)
	at org.apache.tools.ant.taskdefs.optional.junit.JUnitTask.execute(JUnitTask.java:2271)
	at org.apache.tools.ant.UnknownElement.execute(UnknownElement.java:291)
	at sun.reflect.GeneratedMethodAccessor4.invoke(Unknown Source)
	at sun.reflect.DelegatingMethodAccessorImpl.invoke(DelegatingMethodAccessorImpl.java:43)
	at java.lang.reflect.Method.invoke(Method.java:606)
	at org.apache.tools.ant.dispatch.DispatchUtils.execute(DispatchUtils.java:106)
	at org.apache.tools.ant.Task.perform(Task.java:348)
	at org.apache.tools.ant.Target.execute(Target.java:392)
	at org.apache.tools.ant.Target.performTasks(Target.java:413)
	at org.apache.tools.ant.Project.executeSortedTargets(Project.java:1399)
	at org.apache.tools.ant.Project.executeTarget(Project.java:1368)
	at org.apache.tools.ant.helper.DefaultExecutor.executeTargets(DefaultExecutor.java:41)
	at org.apache.tools.ant.Project.executeTargets(Project.java:1251)
	at org.apache.tools.ant.Main.runBuild(Main.java:811)
	at org.apache.tools.ant.Main.startAnt(Main.java:217)
	at org.apache.tools.ant.launch.Launcher.run(Launcher.java:280)
	at org.apache.tools.ant.launch.Launcher.main(Launcher.java:109)
Caused by: java.lang.NullPointerException
	... 52 more
--- com.google.javascript.jscomp.CommandLineRunnerTest::testCheckSymbolsOnForVerbose
java.lang.RuntimeException: java.lang.RuntimeException: INTERNAL COMPILER ERROR.
Please report this problem.
null
  Node(NUMBER 3.0): input0:1:4
[source unknown]
  Parent(ASSIGN): input0:1:2
[source unknown]

	at com.google.javascript.jscomp.Compiler.runInCompilerThread(Compiler.java:558)
	at com.google.javascript.jscomp.Compiler.compile(Compiler.java:496)
	at com.google.javascript.jscomp.Compiler.compile(Compiler.java:455)
	at com.google.javascript.jscomp.Compiler.compile(Compiler.java:437)
	at com.google.javascript.jscomp.CommandLineRunnerTest.compile(CommandLineRunnerTest.java:492)
	at com.google.javascript.jscomp.CommandLineRunnerTest.test(CommandLineRunnerTest.java:442)
	at com.google.javascript.jscomp.CommandLineRunnerTest.test(CommandLineRunnerTest.java:435)
	at com.google.javascript.jscomp.CommandLineRunnerTest.testCheckSymbolsOnForVerbose(CommandLineRunnerTest.java:104)
	at sun.reflect.NativeMethodAccessorImpl.invoke0(Native Method)
	at sun.reflect.NativeMethodAccessorImpl.invoke(NativeMethodAccessorImpl.java:57)
	at sun.reflect.DelegatingMethodAccessorImpl.invoke(DelegatingMethodAccessorImpl.java:43)
	at java.lang.reflect.Method.invoke(Method.java:606)
	at junit.framework.TestCase.runTest(TestCase.java:176)
	at junit.framework.TestCase.runBare(TestCase.java:141)
	at junit.framework.TestResult$1.protect(TestResult.java:122)
	at junit.framework.TestResult.runProtected(TestResult.java:142)
	at junit.framework.TestResult.run(TestResult.java:125)
	at junit.framework.TestCase.run(TestCase.java:129)
	at junit.framework.TestSuite.runTest(TestSuite.java:255)
	at junit.framework.TestSuite.run(TestSuite.java:250)
	at org.apache.tools.ant.taskdefs.optional.junit.JUnitTestRunner.run(JUnitTestRunner.java:520)
	at org.apache.tools.ant.taskdefs.optional.junit.JUnitTask.executeInVM(JUnitTask.java:1478)
	at org.apache.tools.ant.taskdefs.optional.junit.JUnitTask.execute(JUnitTask.java:860)
	at org.apache.tools.ant.taskdefs.optional.junit.JUnitTask.executeOrQueue(JUnitTask.java:1968)
	at org.apache.tools.ant.taskdefs.optional.junit.JUnitTask.execute1(JUnitTask.java:812)
	at org.apache.tools.ant.taskdefs.optional.junit.JUnitTask.execute(JUnitTask.java:2271)
	at org.apache.tools.ant.UnknownElement.execute(UnknownElement.java:291)
	at sun.reflect.GeneratedMethodAccessor4.invoke(Unknown Source)
	at sun.reflect.DelegatingMethodAccessorImpl.invoke(DelegatingMethodAccessorImpl.java:43)
	at java.lang.reflect.Method.invoke(Method.java:606)
	at org.apache.tools.ant.dispatch.DispatchUtils.execute(DispatchUtils.java:106)
	at org.apache.tools.ant.Task.perform(Task.java:348)
	at org.apache.tools.ant.Target.execute(Target.java:392)
	at org.apache.tools.ant.Target.performTasks(Target.java:413)
	at org.apache.tools.ant.Project.executeSortedTargets(Project.java:1399)
	at org.apache.tools.ant.Project.executeTarget(Project.java:1368)
	at org.apache.tools.ant.helper.DefaultExecutor.executeTargets(DefaultExecutor.java:41)
	at org.apache.tools.ant.Project.executeTargets(Project.java:1251)
	at org.apache.tools.ant.Main.runBuild(Main.java:811)
	at org.apache.tools.ant.Main.startAnt(Main.java:217)
	at org.apache.tools.ant.launch.Launcher.run(Launcher.java:280)
	at org.apache.tools.ant.launch.Launcher.main(Launcher.java:109)
Caused by: java.lang.RuntimeException: INTERNAL COMPILER ERROR.
Please report this problem.
null
  Node(NUMBER 3.0): input0:1:4
[source unknown]
  Parent(ASSIGN): input0:1:2
[source unknown]

	at com.google.javascript.jscomp.CheckGlobalThis.shouldTraverse(CheckGlobalThis.java:132)
	at com.google.javascript.jscomp.CombinedCompilerPass$CallbackWrapper.shouldTraverseIfActive(CombinedCompilerPass.java:114)
	at com.google.javascript.jscomp.CombinedCompilerPass.shouldTraverse(CombinedCompilerPass.java:144)
	at com.google.javascript.jscomp.NodeTraversal.traverseBranch(NodeTraversal.java:449)
	at com.google.javascript.jscomp.NodeTraversal.traverseBranch(NodeTraversal.java:470)
	at com.google.javascript.jscomp.NodeTraversal.traverseBranch(NodeTraversal.java:470)
	at com.google.javascript.jscomp.NodeTraversal.traverseBranch(NodeTraversal.java:470)
	at com.google.javascript.jscomp.NodeTraversal.traverseBranch(NodeTraversal.java:470)
	at com.google.javascript.jscomp.NodeTraversal.traverse(NodeTraversal.java:253)
	at com.google.javascript.jscomp.NodeTraversal.traverse(NodeTraversal.java:426)
	at com.google.javascript.jscomp.CombinedCompilerPass.process(CombinedCompilerPass.java:138)
	at com.google.javascript.jscomp.PhaseOptimizer$PassFactoryDelegate.processInternal(PhaseOptimizer.java:270)
	at com.google.javascript.jscomp.PhaseOptimizer$NamedPass.process(PhaseOptimizer.java:247)
	at com.google.javascript.jscomp.PhaseOptimizer.process(PhaseOptimizer.java:167)
	at com.google.javascript.jscomp.Compiler.check(Compiler.java:661)
	at com.google.javascript.jscomp.Compiler.compileInternal(Compiler.java:581)
	at com.google.javascript.jscomp.Compiler.access$000(Compiler.java:63)
	at com.google.javascript.jscomp.Compiler$1.call(Compiler.java:498)
	at com.google.javascript.jscomp.Compiler$1.call(Compiler.java:496)
	at com.google.javascript.jscomp.Compiler$2.run(Compiler.java:530)
	at java.lang.Thread.run(Thread.java:745)
Caused by: java.lang.NullPointerException
	... 21 more
--- com.google.javascript.jscomp.CommandLineRunnerTest::testCheckSymbolsOverrideForVerbose
java.lang.RuntimeException: java.lang.RuntimeException: INTERNAL COMPILER ERROR.
Please report this problem.
null
  Node(NUMBER 3.0): input0:1:4
[source unknown]
  Parent(ASSIGN): input0:1:2
[source unknown]

	at com.google.javascript.jscomp.Compiler.runInCompilerThread(Compiler.java:558)
	at com.google.javascript.jscomp.Compiler.compile(Compiler.java:496)
	at com.google.javascript.jscomp.Compiler.compile(Compiler.java:455)
	at com.google.javascript.jscomp.Compiler.compile(Compiler.java:437)
	at com.google.javascript.jscomp.CommandLineRunnerTest.compile(CommandLineRunnerTest.java:492)
	at com.google.javascript.jscomp.CommandLineRunnerTest.test(CommandLineRunnerTest.java:407)
	at com.google.javascript.jscomp.CommandLineRunnerTest.test(CommandLineRunnerTest.java:396)
	at com.google.javascript.jscomp.CommandLineRunnerTest.testSame(CommandLineRunnerTest.java:384)
	at com.google.javascript.jscomp.CommandLineRunnerTest.testSame(CommandLineRunnerTest.java:380)
	at com.google.javascript.jscomp.CommandLineRunnerTest.testCheckSymbolsOverrideForVerbose(CommandLineRunnerTest.java:111)
	at sun.reflect.NativeMethodAccessorImpl.invoke0(Native Method)
	at sun.reflect.NativeMethodAccessorImpl.invoke(NativeMethodAccessorImpl.java:57)
	at sun.reflect.DelegatingMethodAccessorImpl.invoke(DelegatingMethodAccessorImpl.java:43)
	at java.lang.reflect.Method.invoke(Method.java:606)
	at junit.framework.TestCase.runTest(TestCase.java:176)
	at junit.framework.TestCase.runBare(TestCase.java:141)
	at junit.framework.TestResult$1.protect(TestResult.java:122)
	at junit.framework.TestResult.runProtected(TestResult.java:142)
	at junit.framework.TestResult.run(TestResult.java:125)
	at junit.framework.TestCase.run(TestCase.java:129)
	at junit.framework.TestSuite.runTest(TestSuite.java:255)
	at junit.framework.TestSuite.run(TestSuite.java:250)
	at org.apache.tools.ant.taskdefs.optional.junit.JUnitTestRunner.run(JUnitTestRunner.java:520)
	at org.apache.tools.ant.taskdefs.optional.junit.JUnitTask.executeInVM(JUnitTask.java:1478)
	at org.apache.tools.ant.taskdefs.optional.junit.JUnitTask.execute(JUnitTask.java:860)
	at org.apache.tools.ant.taskdefs.optional.junit.JUnitTask.executeOrQueue(JUnitTask.java:1968)
	at org.apache.tools.ant.taskdefs.optional.junit.JUnitTask.execute1(JUnitTask.java:812)
	at org.apache.tools.ant.taskdefs.optional.junit.JUnitTask.execute(JUnitTask.java:2271)
	at org.apache.tools.ant.UnknownElement.execute(UnknownElement.java:291)
	at sun.reflect.GeneratedMethodAccessor4.invoke(Unknown Source)
	at sun.reflect.DelegatingMethodAccessorImpl.invoke(DelegatingMethodAccessorImpl.java:43)
	at java.lang.reflect.Method.invoke(Method.java:606)
	at org.apache.tools.ant.dispatch.DispatchUtils.execute(DispatchUtils.java:106)
	at org.apache.tools.ant.Task.perform(Task.java:348)
	at org.apache.tools.ant.Target.execute(Target.java:392)
	at org.apache.tools.ant.Target.performTasks(Target.java:413)
	at org.apache.tools.ant.Project.executeSortedTargets(Project.java:1399)
	at org.apache.tools.ant.Project.executeTarget(Project.java:1368)
	at org.apache.tools.ant.helper.DefaultExecutor.executeTargets(DefaultExecutor.java:41)
	at org.apache.tools.ant.Project.executeTargets(Project.java:1251)
	at org.apache.tools.ant.Main.runBuild(Main.java:811)
	at org.apache.tools.ant.Main.startAnt(Main.java:217)
	at org.apache.tools.ant.launch.Launcher.run(Launcher.java:280)
	at org.apache.tools.ant.launch.Launcher.main(Launcher.java:109)
Caused by: java.lang.RuntimeException: INTERNAL COMPILER ERROR.
Please report this problem.
null
  Node(NUMBER 3.0): input0:1:4
[source unknown]
  Parent(ASSIGN): input0:1:2
[source unknown]

	at com.google.javascript.jscomp.CheckGlobalThis.shouldTraverse(CheckGlobalThis.java:132)
	at com.google.javascript.jscomp.CombinedCompilerPass$CallbackWrapper.shouldTraverseIfActive(CombinedCompilerPass.java:114)
	at com.google.javascript.jscomp.CombinedCompilerPass.shouldTraverse(CombinedCompilerPass.java:144)
	at com.google.javascript.jscomp.NodeTraversal.traverseBranch(NodeTraversal.java:449)
	at com.google.javascript.jscomp.NodeTraversal.traverseBranch(NodeTraversal.java:470)
	at com.google.javascript.jscomp.NodeTraversal.traverseBranch(NodeTraversal.java:470)
	at com.google.javascript.jscomp.NodeTraversal.traverseBranch(NodeTraversal.java:470)
	at com.google.javascript.jscomp.NodeTraversal.traverseBranch(NodeTraversal.java:470)
	at com.google.javascript.jscomp.NodeTraversal.traverse(NodeTraversal.java:253)
	at com.google.javascript.jscomp.NodeTraversal.traverse(NodeTraversal.java:426)
	at com.google.javascript.jscomp.CombinedCompilerPass.process(CombinedCompilerPass.java:138)
	at com.google.javascript.jscomp.PhaseOptimizer$PassFactoryDelegate.processInternal(PhaseOptimizer.java:270)
	at com.google.javascript.jscomp.PhaseOptimizer$NamedPass.process(PhaseOptimizer.java:247)
	at com.google.javascript.jscomp.PhaseOptimizer.process(PhaseOptimizer.java:167)
	at com.google.javascript.jscomp.Compiler.check(Compiler.java:661)
	at com.google.javascript.jscomp.Compiler.compileInternal(Compiler.java:581)
	at com.google.javascript.jscomp.Compiler.access$000(Compiler.java:63)
	at com.google.javascript.jscomp.Compiler$1.call(Compiler.java:498)
	at com.google.javascript.jscomp.Compiler$1.call(Compiler.java:496)
	at com.google.javascript.jscomp.Compiler$2.run(Compiler.java:530)
	at java.lang.Thread.run(Thread.java:745)
Caused by: java.lang.NullPointerException
	... 21 more
